[2024-09-05T12:26:58.174+0000] {processor.py:161} INFO - Started process (PID=55) to work on /home/airflow/.local/lib/python3.8/site-packages/airflow/example_dags/example_python_operator.py
[2024-09-05T12:26:58.176+0000] {processor.py:830} INFO - Processing file /home/airflow/.local/lib/python3.8/site-packages/airflow/example_dags/example_python_operator.py for tasks to queue
[2024-09-05T12:26:58.179+0000] {logging_mixin.py:188} INFO - [2024-09-05T12:26:58.179+0000] {dagbag.py:538} INFO - Filling up the DagBag from /home/airflow/.local/lib/python3.8/site-packages/airflow/example_dags/example_python_operator.py
[2024-09-05T12:26:58.206+0000] {processor.py:840} INFO - DAG(s) 'example_python_operator' retrieved from /home/airflow/.local/lib/python3.8/site-packages/airflow/example_dags/example_python_operator.py
[2024-09-05T12:26:58.389+0000] {logging_mixin.py:188} INFO - [2024-09-05T12:26:58.385+0000] {dag.py:3036} INFO - Sync 1 DAGs
[2024-09-05T12:26:58.405+0000] {logging_mixin.py:188} INFO - [2024-09-05T12:26:58.404+0000] {dag.py:3823} INFO - Setting next_dagrun for example_python_operator to None, run_after=None
[2024-09-05T12:26:58.436+0000] {processor.py:183} INFO - Processing /home/airflow/.local/lib/python3.8/site-packages/airflow/example_dags/example_python_operator.py took 0.270 seconds
[2024-09-05T12:27:29.348+0000] {processor.py:161} INFO - Started process (PID=112) to work on /home/airflow/.local/lib/python3.8/site-packages/airflow/example_dags/example_python_operator.py
[2024-09-05T12:27:29.350+0000] {processor.py:830} INFO - Processing file /home/airflow/.local/lib/python3.8/site-packages/airflow/example_dags/example_python_operator.py for tasks to queue
[2024-09-05T12:27:29.351+0000] {logging_mixin.py:188} INFO - [2024-09-05T12:27:29.351+0000] {dagbag.py:538} INFO - Filling up the DagBag from /home/airflow/.local/lib/python3.8/site-packages/airflow/example_dags/example_python_operator.py
[2024-09-05T12:27:29.362+0000] {processor.py:840} INFO - DAG(s) 'example_python_operator' retrieved from /home/airflow/.local/lib/python3.8/site-packages/airflow/example_dags/example_python_operator.py
[2024-09-05T12:27:29.376+0000] {logging_mixin.py:188} INFO - [2024-09-05T12:27:29.376+0000] {dag.py:3036} INFO - Sync 1 DAGs
[2024-09-05T12:27:29.397+0000] {logging_mixin.py:188} INFO - [2024-09-05T12:27:29.397+0000] {dag.py:3823} INFO - Setting next_dagrun for example_python_operator to None, run_after=None
[2024-09-05T12:27:29.421+0000] {processor.py:183} INFO - Processing /home/airflow/.local/lib/python3.8/site-packages/airflow/example_dags/example_python_operator.py took 0.076 seconds
[2024-09-05T12:27:59.797+0000] {processor.py:161} INFO - Started process (PID=169) to work on /home/airflow/.local/lib/python3.8/site-packages/airflow/example_dags/example_python_operator.py
[2024-09-05T12:27:59.798+0000] {processor.py:830} INFO - Processing file /home/airflow/.local/lib/python3.8/site-packages/airflow/example_dags/example_python_operator.py for tasks to queue
[2024-09-05T12:27:59.799+0000] {logging_mixin.py:188} INFO - [2024-09-05T12:27:59.799+0000] {dagbag.py:538} INFO - Filling up the DagBag from /home/airflow/.local/lib/python3.8/site-packages/airflow/example_dags/example_python_operator.py
[2024-09-05T12:27:59.811+0000] {processor.py:840} INFO - DAG(s) 'example_python_operator' retrieved from /home/airflow/.local/lib/python3.8/site-packages/airflow/example_dags/example_python_operator.py
[2024-09-05T12:27:59.925+0000] {logging_mixin.py:188} INFO - [2024-09-05T12:27:59.925+0000] {dag.py:3036} INFO - Sync 1 DAGs
[2024-09-05T12:27:59.936+0000] {logging_mixin.py:188} INFO - [2024-09-05T12:27:59.935+0000] {dag.py:3823} INFO - Setting next_dagrun for example_python_operator to None, run_after=None
[2024-09-05T12:27:59.958+0000] {processor.py:183} INFO - Processing /home/airflow/.local/lib/python3.8/site-packages/airflow/example_dags/example_python_operator.py took 0.165 seconds
[2024-09-05T12:28:30.912+0000] {processor.py:161} INFO - Started process (PID=226) to work on /home/airflow/.local/lib/python3.8/site-packages/airflow/example_dags/example_python_operator.py
[2024-09-05T12:28:30.913+0000] {processor.py:830} INFO - Processing file /home/airflow/.local/lib/python3.8/site-packages/airflow/example_dags/example_python_operator.py for tasks to queue
[2024-09-05T12:28:30.914+0000] {logging_mixin.py:188} INFO - [2024-09-05T12:28:30.914+0000] {dagbag.py:538} INFO - Filling up the DagBag from /home/airflow/.local/lib/python3.8/site-packages/airflow/example_dags/example_python_operator.py
[2024-09-05T12:28:30.926+0000] {processor.py:840} INFO - DAG(s) 'example_python_operator' retrieved from /home/airflow/.local/lib/python3.8/site-packages/airflow/example_dags/example_python_operator.py
[2024-09-05T12:28:30.951+0000] {logging_mixin.py:188} INFO - [2024-09-05T12:28:30.951+0000] {dag.py:3036} INFO - Sync 1 DAGs
[2024-09-05T12:28:30.966+0000] {logging_mixin.py:188} INFO - [2024-09-05T12:28:30.966+0000] {dag.py:3823} INFO - Setting next_dagrun for example_python_operator to None, run_after=None
[2024-09-05T12:28:31.258+0000] {processor.py:183} INFO - Processing /home/airflow/.local/lib/python3.8/site-packages/airflow/example_dags/example_python_operator.py took 0.351 seconds
[2024-09-05T12:29:01.765+0000] {processor.py:161} INFO - Started process (PID=283) to work on /home/airflow/.local/lib/python3.8/site-packages/airflow/example_dags/example_python_operator.py
[2024-09-05T12:29:01.766+0000] {processor.py:830} INFO - Processing file /home/airflow/.local/lib/python3.8/site-packages/airflow/example_dags/example_python_operator.py for tasks to queue
[2024-09-05T12:29:01.768+0000] {logging_mixin.py:188} INFO - [2024-09-05T12:29:01.767+0000] {dagbag.py:538} INFO - Filling up the DagBag from /home/airflow/.local/lib/python3.8/site-packages/airflow/example_dags/example_python_operator.py
[2024-09-05T12:29:01.782+0000] {processor.py:840} INFO - DAG(s) 'example_python_operator' retrieved from /home/airflow/.local/lib/python3.8/site-packages/airflow/example_dags/example_python_operator.py
[2024-09-05T12:29:01.806+0000] {logging_mixin.py:188} INFO - [2024-09-05T12:29:01.806+0000] {dag.py:3036} INFO - Sync 1 DAGs
[2024-09-05T12:29:01.820+0000] {logging_mixin.py:188} INFO - [2024-09-05T12:29:01.820+0000] {dag.py:3823} INFO - Setting next_dagrun for example_python_operator to None, run_after=None
[2024-09-05T12:29:01.840+0000] {processor.py:183} INFO - Processing /home/airflow/.local/lib/python3.8/site-packages/airflow/example_dags/example_python_operator.py took 0.079 seconds
[2024-09-05T12:29:32.103+0000] {processor.py:161} INFO - Started process (PID=339) to work on /home/airflow/.local/lib/python3.8/site-packages/airflow/example_dags/example_python_operator.py
[2024-09-05T12:29:32.104+0000] {processor.py:830} INFO - Processing file /home/airflow/.local/lib/python3.8/site-packages/airflow/example_dags/example_python_operator.py for tasks to queue
[2024-09-05T12:29:32.105+0000] {logging_mixin.py:188} INFO - [2024-09-05T12:29:32.105+0000] {dagbag.py:538} INFO - Filling up the DagBag from /home/airflow/.local/lib/python3.8/site-packages/airflow/example_dags/example_python_operator.py
[2024-09-05T12:29:32.117+0000] {processor.py:840} INFO - DAG(s) 'example_python_operator' retrieved from /home/airflow/.local/lib/python3.8/site-packages/airflow/example_dags/example_python_operator.py
[2024-09-05T12:29:32.187+0000] {logging_mixin.py:188} INFO - [2024-09-05T12:29:32.186+0000] {dag.py:3036} INFO - Sync 1 DAGs
[2024-09-05T12:29:32.200+0000] {logging_mixin.py:188} INFO - [2024-09-05T12:29:32.200+0000] {dag.py:3823} INFO - Setting next_dagrun for example_python_operator to None, run_after=None
[2024-09-05T12:29:32.223+0000] {processor.py:183} INFO - Processing /home/airflow/.local/lib/python3.8/site-packages/airflow/example_dags/example_python_operator.py took 0.122 seconds
[2024-09-05T12:30:02.555+0000] {processor.py:161} INFO - Started process (PID=396) to work on /home/airflow/.local/lib/python3.8/site-packages/airflow/example_dags/example_python_operator.py
[2024-09-05T12:30:02.555+0000] {processor.py:830} INFO - Processing file /home/airflow/.local/lib/python3.8/site-packages/airflow/example_dags/example_python_operator.py for tasks to queue
[2024-09-05T12:30:02.557+0000] {logging_mixin.py:188} INFO - [2024-09-05T12:30:02.556+0000] {dagbag.py:538} INFO - Filling up the DagBag from /home/airflow/.local/lib/python3.8/site-packages/airflow/example_dags/example_python_operator.py
[2024-09-05T12:30:02.571+0000] {processor.py:840} INFO - DAG(s) 'example_python_operator' retrieved from /home/airflow/.local/lib/python3.8/site-packages/airflow/example_dags/example_python_operator.py
[2024-09-05T12:30:02.601+0000] {logging_mixin.py:188} INFO - [2024-09-05T12:30:02.601+0000] {dag.py:3036} INFO - Sync 1 DAGs
[2024-09-05T12:30:02.618+0000] {logging_mixin.py:188} INFO - [2024-09-05T12:30:02.617+0000] {dag.py:3823} INFO - Setting next_dagrun for example_python_operator to None, run_after=None
[2024-09-05T12:30:02.643+0000] {processor.py:183} INFO - Processing /home/airflow/.local/lib/python3.8/site-packages/airflow/example_dags/example_python_operator.py took 0.092 seconds
[2024-09-05T12:30:32.739+0000] {processor.py:161} INFO - Started process (PID=453) to work on /home/airflow/.local/lib/python3.8/site-packages/airflow/example_dags/example_python_operator.py
[2024-09-05T12:30:32.740+0000] {processor.py:830} INFO - Processing file /home/airflow/.local/lib/python3.8/site-packages/airflow/example_dags/example_python_operator.py for tasks to queue
[2024-09-05T12:30:32.742+0000] {logging_mixin.py:188} INFO - [2024-09-05T12:30:32.741+0000] {dagbag.py:538} INFO - Filling up the DagBag from /home/airflow/.local/lib/python3.8/site-packages/airflow/example_dags/example_python_operator.py
[2024-09-05T12:30:32.753+0000] {processor.py:840} INFO - DAG(s) 'example_python_operator' retrieved from /home/airflow/.local/lib/python3.8/site-packages/airflow/example_dags/example_python_operator.py
[2024-09-05T12:30:32.779+0000] {logging_mixin.py:188} INFO - [2024-09-05T12:30:32.779+0000] {dag.py:3036} INFO - Sync 1 DAGs
[2024-09-05T12:30:32.793+0000] {logging_mixin.py:188} INFO - [2024-09-05T12:30:32.793+0000] {dag.py:3823} INFO - Setting next_dagrun for example_python_operator to None, run_after=None
[2024-09-05T12:30:32.816+0000] {processor.py:183} INFO - Processing /home/airflow/.local/lib/python3.8/site-packages/airflow/example_dags/example_python_operator.py took 0.081 seconds
[2024-09-05T12:31:02.909+0000] {processor.py:161} INFO - Started process (PID=510) to work on /home/airflow/.local/lib/python3.8/site-packages/airflow/example_dags/example_python_operator.py
[2024-09-05T12:31:02.910+0000] {processor.py:830} INFO - Processing file /home/airflow/.local/lib/python3.8/site-packages/airflow/example_dags/example_python_operator.py for tasks to queue
[2024-09-05T12:31:02.911+0000] {logging_mixin.py:188} INFO - [2024-09-05T12:31:02.911+0000] {dagbag.py:538} INFO - Filling up the DagBag from /home/airflow/.local/lib/python3.8/site-packages/airflow/example_dags/example_python_operator.py
[2024-09-05T12:31:02.923+0000] {processor.py:840} INFO - DAG(s) 'example_python_operator' retrieved from /home/airflow/.local/lib/python3.8/site-packages/airflow/example_dags/example_python_operator.py
[2024-09-05T12:31:02.951+0000] {logging_mixin.py:188} INFO - [2024-09-05T12:31:02.951+0000] {dag.py:3036} INFO - Sync 1 DAGs
[2024-09-05T12:31:02.966+0000] {logging_mixin.py:188} INFO - [2024-09-05T12:31:02.966+0000] {dag.py:3823} INFO - Setting next_dagrun for example_python_operator to None, run_after=None
[2024-09-05T12:31:02.990+0000] {processor.py:183} INFO - Processing /home/airflow/.local/lib/python3.8/site-packages/airflow/example_dags/example_python_operator.py took 0.085 seconds
[2024-09-05T12:45:17.798+0000] {processor.py:161} INFO - Started process (PID=55) to work on /home/airflow/.local/lib/python3.8/site-packages/airflow/example_dags/example_python_operator.py
[2024-09-05T12:45:17.800+0000] {processor.py:830} INFO - Processing file /home/airflow/.local/lib/python3.8/site-packages/airflow/example_dags/example_python_operator.py for tasks to queue
[2024-09-05T12:45:17.802+0000] {logging_mixin.py:188} INFO - [2024-09-05T12:45:17.802+0000] {dagbag.py:538} INFO - Filling up the DagBag from /home/airflow/.local/lib/python3.8/site-packages/airflow/example_dags/example_python_operator.py
[2024-09-05T12:45:17.835+0000] {processor.py:840} INFO - DAG(s) 'example_python_operator' retrieved from /home/airflow/.local/lib/python3.8/site-packages/airflow/example_dags/example_python_operator.py
[2024-09-05T12:45:17.882+0000] {logging_mixin.py:188} INFO - [2024-09-05T12:45:17.882+0000] {dag.py:3036} INFO - Sync 1 DAGs
[2024-09-05T12:45:17.913+0000] {logging_mixin.py:188} INFO - [2024-09-05T12:45:17.913+0000] {dag.py:3823} INFO - Setting next_dagrun for example_python_operator to None, run_after=None
[2024-09-05T12:45:17.945+0000] {processor.py:183} INFO - Processing /home/airflow/.local/lib/python3.8/site-packages/airflow/example_dags/example_python_operator.py took 0.153 seconds
[2024-09-05T12:45:48.347+0000] {processor.py:161} INFO - Started process (PID=112) to work on /home/airflow/.local/lib/python3.8/site-packages/airflow/example_dags/example_python_operator.py
[2024-09-05T12:45:48.348+0000] {processor.py:830} INFO - Processing file /home/airflow/.local/lib/python3.8/site-packages/airflow/example_dags/example_python_operator.py for tasks to queue
[2024-09-05T12:45:48.349+0000] {logging_mixin.py:188} INFO - [2024-09-05T12:45:48.349+0000] {dagbag.py:538} INFO - Filling up the DagBag from /home/airflow/.local/lib/python3.8/site-packages/airflow/example_dags/example_python_operator.py
[2024-09-05T12:45:48.369+0000] {processor.py:840} INFO - DAG(s) 'example_python_operator' retrieved from /home/airflow/.local/lib/python3.8/site-packages/airflow/example_dags/example_python_operator.py
[2024-09-05T12:45:48.496+0000] {logging_mixin.py:188} INFO - [2024-09-05T12:45:48.496+0000] {dag.py:3036} INFO - Sync 1 DAGs
[2024-09-05T12:45:48.509+0000] {logging_mixin.py:188} INFO - [2024-09-05T12:45:48.509+0000] {dag.py:3823} INFO - Setting next_dagrun for example_python_operator to None, run_after=None
[2024-09-05T12:45:48.529+0000] {processor.py:183} INFO - Processing /home/airflow/.local/lib/python3.8/site-packages/airflow/example_dags/example_python_operator.py took 0.188 seconds
[2024-09-05T12:46:19.372+0000] {processor.py:161} INFO - Started process (PID=169) to work on /home/airflow/.local/lib/python3.8/site-packages/airflow/example_dags/example_python_operator.py
[2024-09-05T12:46:19.373+0000] {processor.py:830} INFO - Processing file /home/airflow/.local/lib/python3.8/site-packages/airflow/example_dags/example_python_operator.py for tasks to queue
[2024-09-05T12:46:19.377+0000] {logging_mixin.py:188} INFO - [2024-09-05T12:46:19.375+0000] {dagbag.py:538} INFO - Filling up the DagBag from /home/airflow/.local/lib/python3.8/site-packages/airflow/example_dags/example_python_operator.py
[2024-09-05T12:46:19.394+0000] {processor.py:840} INFO - DAG(s) 'example_python_operator' retrieved from /home/airflow/.local/lib/python3.8/site-packages/airflow/example_dags/example_python_operator.py
[2024-09-05T12:46:19.435+0000] {logging_mixin.py:188} INFO - [2024-09-05T12:46:19.435+0000] {dag.py:3036} INFO - Sync 1 DAGs
[2024-09-05T12:46:19.456+0000] {logging_mixin.py:188} INFO - [2024-09-05T12:46:19.456+0000] {dag.py:3823} INFO - Setting next_dagrun for example_python_operator to None, run_after=None
[2024-09-05T12:46:19.496+0000] {processor.py:183} INFO - Processing /home/airflow/.local/lib/python3.8/site-packages/airflow/example_dags/example_python_operator.py took 0.127 seconds
[2024-09-05T12:46:49.583+0000] {processor.py:161} INFO - Started process (PID=225) to work on /home/airflow/.local/lib/python3.8/site-packages/airflow/example_dags/example_python_operator.py
[2024-09-05T12:46:49.585+0000] {processor.py:830} INFO - Processing file /home/airflow/.local/lib/python3.8/site-packages/airflow/example_dags/example_python_operator.py for tasks to queue
[2024-09-05T12:46:49.587+0000] {logging_mixin.py:188} INFO - [2024-09-05T12:46:49.586+0000] {dagbag.py:538} INFO - Filling up the DagBag from /home/airflow/.local/lib/python3.8/site-packages/airflow/example_dags/example_python_operator.py
[2024-09-05T12:46:49.604+0000] {processor.py:840} INFO - DAG(s) 'example_python_operator' retrieved from /home/airflow/.local/lib/python3.8/site-packages/airflow/example_dags/example_python_operator.py
[2024-09-05T12:46:49.642+0000] {logging_mixin.py:188} INFO - [2024-09-05T12:46:49.642+0000] {dag.py:3036} INFO - Sync 1 DAGs
[2024-09-05T12:46:49.661+0000] {logging_mixin.py:188} INFO - [2024-09-05T12:46:49.660+0000] {dag.py:3823} INFO - Setting next_dagrun for example_python_operator to None, run_after=None
[2024-09-05T12:46:49.679+0000] {processor.py:183} INFO - Processing /home/airflow/.local/lib/python3.8/site-packages/airflow/example_dags/example_python_operator.py took 0.101 seconds
[2024-09-05T12:47:20.272+0000] {processor.py:161} INFO - Started process (PID=282) to work on /home/airflow/.local/lib/python3.8/site-packages/airflow/example_dags/example_python_operator.py
[2024-09-05T12:47:20.273+0000] {processor.py:830} INFO - Processing file /home/airflow/.local/lib/python3.8/site-packages/airflow/example_dags/example_python_operator.py for tasks to queue
[2024-09-05T12:47:20.274+0000] {logging_mixin.py:188} INFO - [2024-09-05T12:47:20.274+0000] {dagbag.py:538} INFO - Filling up the DagBag from /home/airflow/.local/lib/python3.8/site-packages/airflow/example_dags/example_python_operator.py
[2024-09-05T12:47:20.285+0000] {processor.py:840} INFO - DAG(s) 'example_python_operator' retrieved from /home/airflow/.local/lib/python3.8/site-packages/airflow/example_dags/example_python_operator.py
[2024-09-05T12:47:20.308+0000] {logging_mixin.py:188} INFO - [2024-09-05T12:47:20.307+0000] {dag.py:3036} INFO - Sync 1 DAGs
[2024-09-05T12:47:20.325+0000] {logging_mixin.py:188} INFO - [2024-09-05T12:47:20.325+0000] {dag.py:3823} INFO - Setting next_dagrun for example_python_operator to None, run_after=None
[2024-09-05T12:47:20.356+0000] {processor.py:183} INFO - Processing /home/airflow/.local/lib/python3.8/site-packages/airflow/example_dags/example_python_operator.py took 0.087 seconds
[2024-09-05T12:47:50.433+0000] {processor.py:161} INFO - Started process (PID=340) to work on /home/airflow/.local/lib/python3.8/site-packages/airflow/example_dags/example_python_operator.py
[2024-09-05T12:47:50.433+0000] {processor.py:830} INFO - Processing file /home/airflow/.local/lib/python3.8/site-packages/airflow/example_dags/example_python_operator.py for tasks to queue
[2024-09-05T12:47:50.434+0000] {logging_mixin.py:188} INFO - [2024-09-05T12:47:50.434+0000] {dagbag.py:538} INFO - Filling up the DagBag from /home/airflow/.local/lib/python3.8/site-packages/airflow/example_dags/example_python_operator.py
[2024-09-05T12:47:50.444+0000] {processor.py:840} INFO - DAG(s) 'example_python_operator' retrieved from /home/airflow/.local/lib/python3.8/site-packages/airflow/example_dags/example_python_operator.py
[2024-09-05T12:47:50.467+0000] {logging_mixin.py:188} INFO - [2024-09-05T12:47:50.466+0000] {dag.py:3036} INFO - Sync 1 DAGs
[2024-09-05T12:47:50.479+0000] {logging_mixin.py:188} INFO - [2024-09-05T12:47:50.479+0000] {dag.py:3823} INFO - Setting next_dagrun for example_python_operator to None, run_after=None
[2024-09-05T12:47:50.499+0000] {processor.py:183} INFO - Processing /home/airflow/.local/lib/python3.8/site-packages/airflow/example_dags/example_python_operator.py took 0.069 seconds
[2024-09-05T12:48:20.560+0000] {processor.py:161} INFO - Started process (PID=396) to work on /home/airflow/.local/lib/python3.8/site-packages/airflow/example_dags/example_python_operator.py
[2024-09-05T12:48:20.561+0000] {processor.py:830} INFO - Processing file /home/airflow/.local/lib/python3.8/site-packages/airflow/example_dags/example_python_operator.py for tasks to queue
[2024-09-05T12:48:20.563+0000] {logging_mixin.py:188} INFO - [2024-09-05T12:48:20.562+0000] {dagbag.py:538} INFO - Filling up the DagBag from /home/airflow/.local/lib/python3.8/site-packages/airflow/example_dags/example_python_operator.py
[2024-09-05T12:48:20.573+0000] {processor.py:840} INFO - DAG(s) 'example_python_operator' retrieved from /home/airflow/.local/lib/python3.8/site-packages/airflow/example_dags/example_python_operator.py
[2024-09-05T12:48:20.597+0000] {logging_mixin.py:188} INFO - [2024-09-05T12:48:20.596+0000] {dag.py:3036} INFO - Sync 1 DAGs
[2024-09-05T12:48:20.610+0000] {logging_mixin.py:188} INFO - [2024-09-05T12:48:20.609+0000] {dag.py:3823} INFO - Setting next_dagrun for example_python_operator to None, run_after=None
[2024-09-05T12:48:20.636+0000] {processor.py:183} INFO - Processing /home/airflow/.local/lib/python3.8/site-packages/airflow/example_dags/example_python_operator.py took 0.079 seconds
[2024-09-05T12:48:50.811+0000] {processor.py:161} INFO - Started process (PID=453) to work on /home/airflow/.local/lib/python3.8/site-packages/airflow/example_dags/example_python_operator.py
[2024-09-05T12:48:50.812+0000] {processor.py:830} INFO - Processing file /home/airflow/.local/lib/python3.8/site-packages/airflow/example_dags/example_python_operator.py for tasks to queue
[2024-09-05T12:48:50.813+0000] {logging_mixin.py:188} INFO - [2024-09-05T12:48:50.812+0000] {dagbag.py:538} INFO - Filling up the DagBag from /home/airflow/.local/lib/python3.8/site-packages/airflow/example_dags/example_python_operator.py
[2024-09-05T12:48:50.823+0000] {processor.py:840} INFO - DAG(s) 'example_python_operator' retrieved from /home/airflow/.local/lib/python3.8/site-packages/airflow/example_dags/example_python_operator.py
[2024-09-05T12:48:50.844+0000] {logging_mixin.py:188} INFO - [2024-09-05T12:48:50.844+0000] {dag.py:3036} INFO - Sync 1 DAGs
[2024-09-05T12:48:50.856+0000] {logging_mixin.py:188} INFO - [2024-09-05T12:48:50.856+0000] {dag.py:3823} INFO - Setting next_dagrun for example_python_operator to None, run_after=None
[2024-09-05T12:48:50.877+0000] {processor.py:183} INFO - Processing /home/airflow/.local/lib/python3.8/site-packages/airflow/example_dags/example_python_operator.py took 0.069 seconds
[2024-09-05T12:49:21.036+0000] {processor.py:161} INFO - Started process (PID=510) to work on /home/airflow/.local/lib/python3.8/site-packages/airflow/example_dags/example_python_operator.py
[2024-09-05T12:49:21.037+0000] {processor.py:830} INFO - Processing file /home/airflow/.local/lib/python3.8/site-packages/airflow/example_dags/example_python_operator.py for tasks to queue
[2024-09-05T12:49:21.038+0000] {logging_mixin.py:188} INFO - [2024-09-05T12:49:21.037+0000] {dagbag.py:538} INFO - Filling up the DagBag from /home/airflow/.local/lib/python3.8/site-packages/airflow/example_dags/example_python_operator.py
[2024-09-05T12:49:21.049+0000] {processor.py:840} INFO - DAG(s) 'example_python_operator' retrieved from /home/airflow/.local/lib/python3.8/site-packages/airflow/example_dags/example_python_operator.py
[2024-09-05T12:49:21.074+0000] {logging_mixin.py:188} INFO - [2024-09-05T12:49:21.074+0000] {dag.py:3036} INFO - Sync 1 DAGs
[2024-09-05T12:49:21.087+0000] {logging_mixin.py:188} INFO - [2024-09-05T12:49:21.087+0000] {dag.py:3823} INFO - Setting next_dagrun for example_python_operator to None, run_after=None
[2024-09-05T12:49:21.112+0000] {processor.py:183} INFO - Processing /home/airflow/.local/lib/python3.8/site-packages/airflow/example_dags/example_python_operator.py took 0.079 seconds
[2024-09-05T12:49:51.417+0000] {processor.py:161} INFO - Started process (PID=568) to work on /home/airflow/.local/lib/python3.8/site-packages/airflow/example_dags/example_python_operator.py
[2024-09-05T12:49:51.418+0000] {processor.py:830} INFO - Processing file /home/airflow/.local/lib/python3.8/site-packages/airflow/example_dags/example_python_operator.py for tasks to queue
[2024-09-05T12:49:51.419+0000] {logging_mixin.py:188} INFO - [2024-09-05T12:49:51.419+0000] {dagbag.py:538} INFO - Filling up the DagBag from /home/airflow/.local/lib/python3.8/site-packages/airflow/example_dags/example_python_operator.py
[2024-09-05T12:49:51.430+0000] {processor.py:840} INFO - DAG(s) 'example_python_operator' retrieved from /home/airflow/.local/lib/python3.8/site-packages/airflow/example_dags/example_python_operator.py
[2024-09-05T12:49:51.455+0000] {logging_mixin.py:188} INFO - [2024-09-05T12:49:51.455+0000] {dag.py:3036} INFO - Sync 1 DAGs
[2024-09-05T12:49:51.473+0000] {logging_mixin.py:188} INFO - [2024-09-05T12:49:51.472+0000] {dag.py:3823} INFO - Setting next_dagrun for example_python_operator to None, run_after=None
[2024-09-05T12:49:51.500+0000] {processor.py:183} INFO - Processing /home/airflow/.local/lib/python3.8/site-packages/airflow/example_dags/example_python_operator.py took 0.086 seconds
[2024-09-05T12:50:21.801+0000] {processor.py:161} INFO - Started process (PID=625) to work on /home/airflow/.local/lib/python3.8/site-packages/airflow/example_dags/example_python_operator.py
[2024-09-05T12:50:21.802+0000] {processor.py:830} INFO - Processing file /home/airflow/.local/lib/python3.8/site-packages/airflow/example_dags/example_python_operator.py for tasks to queue
[2024-09-05T12:50:21.803+0000] {logging_mixin.py:188} INFO - [2024-09-05T12:50:21.803+0000] {dagbag.py:538} INFO - Filling up the DagBag from /home/airflow/.local/lib/python3.8/site-packages/airflow/example_dags/example_python_operator.py
[2024-09-05T12:50:21.813+0000] {processor.py:840} INFO - DAG(s) 'example_python_operator' retrieved from /home/airflow/.local/lib/python3.8/site-packages/airflow/example_dags/example_python_operator.py
[2024-09-05T12:50:21.839+0000] {logging_mixin.py:188} INFO - [2024-09-05T12:50:21.839+0000] {dag.py:3036} INFO - Sync 1 DAGs
[2024-09-05T12:50:21.854+0000] {logging_mixin.py:188} INFO - [2024-09-05T12:50:21.854+0000] {dag.py:3823} INFO - Setting next_dagrun for example_python_operator to None, run_after=None
[2024-09-05T12:50:21.876+0000] {processor.py:183} INFO - Processing /home/airflow/.local/lib/python3.8/site-packages/airflow/example_dags/example_python_operator.py took 0.078 seconds
[2024-09-05T12:50:52.020+0000] {processor.py:161} INFO - Started process (PID=683) to work on /home/airflow/.local/lib/python3.8/site-packages/airflow/example_dags/example_python_operator.py
[2024-09-05T12:50:52.021+0000] {processor.py:830} INFO - Processing file /home/airflow/.local/lib/python3.8/site-packages/airflow/example_dags/example_python_operator.py for tasks to queue
[2024-09-05T12:50:52.022+0000] {logging_mixin.py:188} INFO - [2024-09-05T12:50:52.022+0000] {dagbag.py:538} INFO - Filling up the DagBag from /home/airflow/.local/lib/python3.8/site-packages/airflow/example_dags/example_python_operator.py
[2024-09-05T12:50:52.033+0000] {processor.py:840} INFO - DAG(s) 'example_python_operator' retrieved from /home/airflow/.local/lib/python3.8/site-packages/airflow/example_dags/example_python_operator.py
[2024-09-05T12:50:52.060+0000] {logging_mixin.py:188} INFO - [2024-09-05T12:50:52.060+0000] {dag.py:3036} INFO - Sync 1 DAGs
[2024-09-05T12:50:52.072+0000] {logging_mixin.py:188} INFO - [2024-09-05T12:50:52.072+0000] {dag.py:3823} INFO - Setting next_dagrun for example_python_operator to None, run_after=None
[2024-09-05T12:50:52.094+0000] {processor.py:183} INFO - Processing /home/airflow/.local/lib/python3.8/site-packages/airflow/example_dags/example_python_operator.py took 0.078 seconds
[2024-09-05T12:51:22.499+0000] {processor.py:161} INFO - Started process (PID=740) to work on /home/airflow/.local/lib/python3.8/site-packages/airflow/example_dags/example_python_operator.py
[2024-09-05T12:51:22.500+0000] {processor.py:830} INFO - Processing file /home/airflow/.local/lib/python3.8/site-packages/airflow/example_dags/example_python_operator.py for tasks to queue
[2024-09-05T12:51:22.501+0000] {logging_mixin.py:188} INFO - [2024-09-05T12:51:22.500+0000] {dagbag.py:538} INFO - Filling up the DagBag from /home/airflow/.local/lib/python3.8/site-packages/airflow/example_dags/example_python_operator.py
[2024-09-05T12:51:22.511+0000] {processor.py:840} INFO - DAG(s) 'example_python_operator' retrieved from /home/airflow/.local/lib/python3.8/site-packages/airflow/example_dags/example_python_operator.py
[2024-09-05T12:51:22.533+0000] {logging_mixin.py:188} INFO - [2024-09-05T12:51:22.532+0000] {dag.py:3036} INFO - Sync 1 DAGs
[2024-09-05T12:51:22.548+0000] {logging_mixin.py:188} INFO - [2024-09-05T12:51:22.547+0000] {dag.py:3823} INFO - Setting next_dagrun for example_python_operator to None, run_after=None
[2024-09-05T12:51:22.571+0000] {processor.py:183} INFO - Processing /home/airflow/.local/lib/python3.8/site-packages/airflow/example_dags/example_python_operator.py took 0.075 seconds
[2024-09-05T12:51:52.804+0000] {processor.py:161} INFO - Started process (PID=797) to work on /home/airflow/.local/lib/python3.8/site-packages/airflow/example_dags/example_python_operator.py
[2024-09-05T12:51:52.805+0000] {processor.py:830} INFO - Processing file /home/airflow/.local/lib/python3.8/site-packages/airflow/example_dags/example_python_operator.py for tasks to queue
[2024-09-05T12:51:52.806+0000] {logging_mixin.py:188} INFO - [2024-09-05T12:51:52.806+0000] {dagbag.py:538} INFO - Filling up the DagBag from /home/airflow/.local/lib/python3.8/site-packages/airflow/example_dags/example_python_operator.py
[2024-09-05T12:51:52.816+0000] {processor.py:840} INFO - DAG(s) 'example_python_operator' retrieved from /home/airflow/.local/lib/python3.8/site-packages/airflow/example_dags/example_python_operator.py
[2024-09-05T12:51:52.841+0000] {logging_mixin.py:188} INFO - [2024-09-05T12:51:52.841+0000] {dag.py:3036} INFO - Sync 1 DAGs
[2024-09-05T12:51:52.855+0000] {logging_mixin.py:188} INFO - [2024-09-05T12:51:52.855+0000] {dag.py:3823} INFO - Setting next_dagrun for example_python_operator to None, run_after=None
[2024-09-05T12:51:52.876+0000] {processor.py:183} INFO - Processing /home/airflow/.local/lib/python3.8/site-packages/airflow/example_dags/example_python_operator.py took 0.076 seconds
[2024-09-05T12:52:23.341+0000] {processor.py:161} INFO - Started process (PID=854) to work on /home/airflow/.local/lib/python3.8/site-packages/airflow/example_dags/example_python_operator.py
[2024-09-05T12:52:23.342+0000] {processor.py:830} INFO - Processing file /home/airflow/.local/lib/python3.8/site-packages/airflow/example_dags/example_python_operator.py for tasks to queue
[2024-09-05T12:52:23.343+0000] {logging_mixin.py:188} INFO - [2024-09-05T12:52:23.343+0000] {dagbag.py:538} INFO - Filling up the DagBag from /home/airflow/.local/lib/python3.8/site-packages/airflow/example_dags/example_python_operator.py
[2024-09-05T12:52:23.356+0000] {processor.py:840} INFO - DAG(s) 'example_python_operator' retrieved from /home/airflow/.local/lib/python3.8/site-packages/airflow/example_dags/example_python_operator.py
[2024-09-05T12:52:23.381+0000] {logging_mixin.py:188} INFO - [2024-09-05T12:52:23.381+0000] {dag.py:3036} INFO - Sync 1 DAGs
[2024-09-05T12:52:23.395+0000] {logging_mixin.py:188} INFO - [2024-09-05T12:52:23.395+0000] {dag.py:3823} INFO - Setting next_dagrun for example_python_operator to None, run_after=None
[2024-09-05T12:52:23.415+0000] {processor.py:183} INFO - Processing /home/airflow/.local/lib/python3.8/site-packages/airflow/example_dags/example_python_operator.py took 0.077 seconds
[2024-09-05T12:52:54.216+0000] {processor.py:161} INFO - Started process (PID=910) to work on /home/airflow/.local/lib/python3.8/site-packages/airflow/example_dags/example_python_operator.py
[2024-09-05T12:52:54.217+0000] {processor.py:830} INFO - Processing file /home/airflow/.local/lib/python3.8/site-packages/airflow/example_dags/example_python_operator.py for tasks to queue
[2024-09-05T12:52:54.218+0000] {logging_mixin.py:188} INFO - [2024-09-05T12:52:54.217+0000] {dagbag.py:538} INFO - Filling up the DagBag from /home/airflow/.local/lib/python3.8/site-packages/airflow/example_dags/example_python_operator.py
[2024-09-05T12:52:54.229+0000] {processor.py:840} INFO - DAG(s) 'example_python_operator' retrieved from /home/airflow/.local/lib/python3.8/site-packages/airflow/example_dags/example_python_operator.py
[2024-09-05T12:52:54.257+0000] {logging_mixin.py:188} INFO - [2024-09-05T12:52:54.256+0000] {dag.py:3036} INFO - Sync 1 DAGs
[2024-09-05T12:52:54.271+0000] {logging_mixin.py:188} INFO - [2024-09-05T12:52:54.271+0000] {dag.py:3823} INFO - Setting next_dagrun for example_python_operator to None, run_after=None
[2024-09-05T12:52:54.293+0000] {processor.py:183} INFO - Processing /home/airflow/.local/lib/python3.8/site-packages/airflow/example_dags/example_python_operator.py took 0.081 seconds
[2024-09-05T12:53:24.564+0000] {processor.py:161} INFO - Started process (PID=967) to work on /home/airflow/.local/lib/python3.8/site-packages/airflow/example_dags/example_python_operator.py
[2024-09-05T12:53:24.565+0000] {processor.py:830} INFO - Processing file /home/airflow/.local/lib/python3.8/site-packages/airflow/example_dags/example_python_operator.py for tasks to queue
[2024-09-05T12:53:24.567+0000] {logging_mixin.py:188} INFO - [2024-09-05T12:53:24.567+0000] {dagbag.py:538} INFO - Filling up the DagBag from /home/airflow/.local/lib/python3.8/site-packages/airflow/example_dags/example_python_operator.py
[2024-09-05T12:53:24.578+0000] {processor.py:840} INFO - DAG(s) 'example_python_operator' retrieved from /home/airflow/.local/lib/python3.8/site-packages/airflow/example_dags/example_python_operator.py
[2024-09-05T12:53:24.605+0000] {logging_mixin.py:188} INFO - [2024-09-05T12:53:24.604+0000] {dag.py:3036} INFO - Sync 1 DAGs
[2024-09-05T12:53:24.620+0000] {logging_mixin.py:188} INFO - [2024-09-05T12:53:24.619+0000] {dag.py:3823} INFO - Setting next_dagrun for example_python_operator to None, run_after=None
[2024-09-05T12:53:24.640+0000] {processor.py:183} INFO - Processing /home/airflow/.local/lib/python3.8/site-packages/airflow/example_dags/example_python_operator.py took 0.080 seconds
[2024-09-05T12:53:54.773+0000] {processor.py:161} INFO - Started process (PID=1024) to work on /home/airflow/.local/lib/python3.8/site-packages/airflow/example_dags/example_python_operator.py
[2024-09-05T12:53:54.774+0000] {processor.py:830} INFO - Processing file /home/airflow/.local/lib/python3.8/site-packages/airflow/example_dags/example_python_operator.py for tasks to queue
[2024-09-05T12:53:54.775+0000] {logging_mixin.py:188} INFO - [2024-09-05T12:53:54.774+0000] {dagbag.py:538} INFO - Filling up the DagBag from /home/airflow/.local/lib/python3.8/site-packages/airflow/example_dags/example_python_operator.py
[2024-09-05T12:53:54.786+0000] {processor.py:840} INFO - DAG(s) 'example_python_operator' retrieved from /home/airflow/.local/lib/python3.8/site-packages/airflow/example_dags/example_python_operator.py
[2024-09-05T12:53:54.817+0000] {logging_mixin.py:188} INFO - [2024-09-05T12:53:54.817+0000] {dag.py:3036} INFO - Sync 1 DAGs
[2024-09-05T12:53:54.834+0000] {logging_mixin.py:188} INFO - [2024-09-05T12:53:54.834+0000] {dag.py:3823} INFO - Setting next_dagrun for example_python_operator to None, run_after=None
[2024-09-05T12:53:54.858+0000] {processor.py:183} INFO - Processing /home/airflow/.local/lib/python3.8/site-packages/airflow/example_dags/example_python_operator.py took 0.088 seconds
[2024-09-05T12:54:25.019+0000] {processor.py:161} INFO - Started process (PID=1081) to work on /home/airflow/.local/lib/python3.8/site-packages/airflow/example_dags/example_python_operator.py
[2024-09-05T12:54:25.019+0000] {processor.py:830} INFO - Processing file /home/airflow/.local/lib/python3.8/site-packages/airflow/example_dags/example_python_operator.py for tasks to queue
[2024-09-05T12:54:25.020+0000] {logging_mixin.py:188} INFO - [2024-09-05T12:54:25.020+0000] {dagbag.py:538} INFO - Filling up the DagBag from /home/airflow/.local/lib/python3.8/site-packages/airflow/example_dags/example_python_operator.py
[2024-09-05T12:54:25.034+0000] {processor.py:840} INFO - DAG(s) 'example_python_operator' retrieved from /home/airflow/.local/lib/python3.8/site-packages/airflow/example_dags/example_python_operator.py
[2024-09-05T12:54:25.057+0000] {logging_mixin.py:188} INFO - [2024-09-05T12:54:25.056+0000] {dag.py:3036} INFO - Sync 1 DAGs
[2024-09-05T12:54:25.070+0000] {logging_mixin.py:188} INFO - [2024-09-05T12:54:25.070+0000] {dag.py:3823} INFO - Setting next_dagrun for example_python_operator to None, run_after=None
[2024-09-05T12:54:25.092+0000] {processor.py:183} INFO - Processing /home/airflow/.local/lib/python3.8/site-packages/airflow/example_dags/example_python_operator.py took 0.077 seconds
[2024-09-05T12:54:55.426+0000] {processor.py:161} INFO - Started process (PID=1138) to work on /home/airflow/.local/lib/python3.8/site-packages/airflow/example_dags/example_python_operator.py
[2024-09-05T12:54:55.427+0000] {processor.py:830} INFO - Processing file /home/airflow/.local/lib/python3.8/site-packages/airflow/example_dags/example_python_operator.py for tasks to queue
[2024-09-05T12:54:55.428+0000] {logging_mixin.py:188} INFO - [2024-09-05T12:54:55.428+0000] {dagbag.py:538} INFO - Filling up the DagBag from /home/airflow/.local/lib/python3.8/site-packages/airflow/example_dags/example_python_operator.py
[2024-09-05T12:54:55.439+0000] {processor.py:840} INFO - DAG(s) 'example_python_operator' retrieved from /home/airflow/.local/lib/python3.8/site-packages/airflow/example_dags/example_python_operator.py
[2024-09-05T12:54:55.461+0000] {logging_mixin.py:188} INFO - [2024-09-05T12:54:55.461+0000] {dag.py:3036} INFO - Sync 1 DAGs
[2024-09-05T12:54:55.477+0000] {logging_mixin.py:188} INFO - [2024-09-05T12:54:55.476+0000] {dag.py:3823} INFO - Setting next_dagrun for example_python_operator to None, run_after=None
[2024-09-05T12:54:55.501+0000] {processor.py:183} INFO - Processing /home/airflow/.local/lib/python3.8/site-packages/airflow/example_dags/example_python_operator.py took 0.079 seconds
[2024-09-05T12:55:25.592+0000] {processor.py:161} INFO - Started process (PID=1195) to work on /home/airflow/.local/lib/python3.8/site-packages/airflow/example_dags/example_python_operator.py
[2024-09-05T12:55:25.593+0000] {processor.py:830} INFO - Processing file /home/airflow/.local/lib/python3.8/site-packages/airflow/example_dags/example_python_operator.py for tasks to queue
[2024-09-05T12:55:25.594+0000] {logging_mixin.py:188} INFO - [2024-09-05T12:55:25.594+0000] {dagbag.py:538} INFO - Filling up the DagBag from /home/airflow/.local/lib/python3.8/site-packages/airflow/example_dags/example_python_operator.py
[2024-09-05T12:55:25.606+0000] {processor.py:840} INFO - DAG(s) 'example_python_operator' retrieved from /home/airflow/.local/lib/python3.8/site-packages/airflow/example_dags/example_python_operator.py
[2024-09-05T12:55:25.629+0000] {logging_mixin.py:188} INFO - [2024-09-05T12:55:25.629+0000] {dag.py:3036} INFO - Sync 1 DAGs
[2024-09-05T12:55:25.644+0000] {logging_mixin.py:188} INFO - [2024-09-05T12:55:25.644+0000] {dag.py:3823} INFO - Setting next_dagrun for example_python_operator to None, run_after=None
[2024-09-05T12:55:25.665+0000] {processor.py:183} INFO - Processing /home/airflow/.local/lib/python3.8/site-packages/airflow/example_dags/example_python_operator.py took 0.076 seconds
[2024-09-05T12:55:55.824+0000] {processor.py:161} INFO - Started process (PID=1252) to work on /home/airflow/.local/lib/python3.8/site-packages/airflow/example_dags/example_python_operator.py
[2024-09-05T12:55:55.824+0000] {processor.py:830} INFO - Processing file /home/airflow/.local/lib/python3.8/site-packages/airflow/example_dags/example_python_operator.py for tasks to queue
[2024-09-05T12:55:55.826+0000] {logging_mixin.py:188} INFO - [2024-09-05T12:55:55.825+0000] {dagbag.py:538} INFO - Filling up the DagBag from /home/airflow/.local/lib/python3.8/site-packages/airflow/example_dags/example_python_operator.py
[2024-09-05T12:55:55.839+0000] {processor.py:840} INFO - DAG(s) 'example_python_operator' retrieved from /home/airflow/.local/lib/python3.8/site-packages/airflow/example_dags/example_python_operator.py
[2024-09-05T12:55:55.866+0000] {logging_mixin.py:188} INFO - [2024-09-05T12:55:55.866+0000] {dag.py:3036} INFO - Sync 1 DAGs
[2024-09-05T12:55:55.882+0000] {logging_mixin.py:188} INFO - [2024-09-05T12:55:55.882+0000] {dag.py:3823} INFO - Setting next_dagrun for example_python_operator to None, run_after=None
[2024-09-05T12:55:55.904+0000] {processor.py:183} INFO - Processing /home/airflow/.local/lib/python3.8/site-packages/airflow/example_dags/example_python_operator.py took 0.084 seconds
[2024-09-05T12:56:25.984+0000] {processor.py:161} INFO - Started process (PID=1309) to work on /home/airflow/.local/lib/python3.8/site-packages/airflow/example_dags/example_python_operator.py
[2024-09-05T12:56:25.985+0000] {processor.py:830} INFO - Processing file /home/airflow/.local/lib/python3.8/site-packages/airflow/example_dags/example_python_operator.py for tasks to queue
[2024-09-05T12:56:25.987+0000] {logging_mixin.py:188} INFO - [2024-09-05T12:56:25.986+0000] {dagbag.py:538} INFO - Filling up the DagBag from /home/airflow/.local/lib/python3.8/site-packages/airflow/example_dags/example_python_operator.py
[2024-09-05T12:56:26.003+0000] {processor.py:840} INFO - DAG(s) 'example_python_operator' retrieved from /home/airflow/.local/lib/python3.8/site-packages/airflow/example_dags/example_python_operator.py
[2024-09-05T12:56:26.038+0000] {logging_mixin.py:188} INFO - [2024-09-05T12:56:26.037+0000] {dag.py:3036} INFO - Sync 1 DAGs
[2024-09-05T12:56:26.056+0000] {logging_mixin.py:188} INFO - [2024-09-05T12:56:26.056+0000] {dag.py:3823} INFO - Setting next_dagrun for example_python_operator to None, run_after=None
[2024-09-05T12:56:26.084+0000] {processor.py:183} INFO - Processing /home/airflow/.local/lib/python3.8/site-packages/airflow/example_dags/example_python_operator.py took 0.105 seconds
[2024-09-05T12:56:56.219+0000] {processor.py:161} INFO - Started process (PID=1366) to work on /home/airflow/.local/lib/python3.8/site-packages/airflow/example_dags/example_python_operator.py
[2024-09-05T12:56:56.220+0000] {processor.py:830} INFO - Processing file /home/airflow/.local/lib/python3.8/site-packages/airflow/example_dags/example_python_operator.py for tasks to queue
[2024-09-05T12:56:56.221+0000] {logging_mixin.py:188} INFO - [2024-09-05T12:56:56.221+0000] {dagbag.py:538} INFO - Filling up the DagBag from /home/airflow/.local/lib/python3.8/site-packages/airflow/example_dags/example_python_operator.py
[2024-09-05T12:56:56.231+0000] {processor.py:840} INFO - DAG(s) 'example_python_operator' retrieved from /home/airflow/.local/lib/python3.8/site-packages/airflow/example_dags/example_python_operator.py
[2024-09-05T12:56:56.258+0000] {logging_mixin.py:188} INFO - [2024-09-05T12:56:56.258+0000] {dag.py:3036} INFO - Sync 1 DAGs
[2024-09-05T12:56:56.270+0000] {logging_mixin.py:188} INFO - [2024-09-05T12:56:56.270+0000] {dag.py:3823} INFO - Setting next_dagrun for example_python_operator to None, run_after=None
[2024-09-05T12:56:56.294+0000] {processor.py:183} INFO - Processing /home/airflow/.local/lib/python3.8/site-packages/airflow/example_dags/example_python_operator.py took 0.078 seconds
[2024-09-05T12:57:26.331+0000] {processor.py:161} INFO - Started process (PID=1422) to work on /home/airflow/.local/lib/python3.8/site-packages/airflow/example_dags/example_python_operator.py
[2024-09-05T12:57:26.332+0000] {processor.py:830} INFO - Processing file /home/airflow/.local/lib/python3.8/site-packages/airflow/example_dags/example_python_operator.py for tasks to queue
[2024-09-05T12:57:26.333+0000] {logging_mixin.py:188} INFO - [2024-09-05T12:57:26.333+0000] {dagbag.py:538} INFO - Filling up the DagBag from /home/airflow/.local/lib/python3.8/site-packages/airflow/example_dags/example_python_operator.py
[2024-09-05T12:57:26.344+0000] {processor.py:840} INFO - DAG(s) 'example_python_operator' retrieved from /home/airflow/.local/lib/python3.8/site-packages/airflow/example_dags/example_python_operator.py
[2024-09-05T12:57:26.366+0000] {logging_mixin.py:188} INFO - [2024-09-05T12:57:26.366+0000] {dag.py:3036} INFO - Sync 1 DAGs
[2024-09-05T12:57:26.383+0000] {logging_mixin.py:188} INFO - [2024-09-05T12:57:26.382+0000] {dag.py:3823} INFO - Setting next_dagrun for example_python_operator to None, run_after=None
[2024-09-05T12:57:26.408+0000] {processor.py:183} INFO - Processing /home/airflow/.local/lib/python3.8/site-packages/airflow/example_dags/example_python_operator.py took 0.080 seconds
[2024-09-05T12:57:57.019+0000] {processor.py:161} INFO - Started process (PID=1480) to work on /home/airflow/.local/lib/python3.8/site-packages/airflow/example_dags/example_python_operator.py
[2024-09-05T12:57:57.020+0000] {processor.py:830} INFO - Processing file /home/airflow/.local/lib/python3.8/site-packages/airflow/example_dags/example_python_operator.py for tasks to queue
[2024-09-05T12:57:57.021+0000] {logging_mixin.py:188} INFO - [2024-09-05T12:57:57.021+0000] {dagbag.py:538} INFO - Filling up the DagBag from /home/airflow/.local/lib/python3.8/site-packages/airflow/example_dags/example_python_operator.py
[2024-09-05T12:57:57.031+0000] {processor.py:840} INFO - DAG(s) 'example_python_operator' retrieved from /home/airflow/.local/lib/python3.8/site-packages/airflow/example_dags/example_python_operator.py
[2024-09-05T12:57:57.053+0000] {logging_mixin.py:188} INFO - [2024-09-05T12:57:57.053+0000] {dag.py:3036} INFO - Sync 1 DAGs
[2024-09-05T12:57:57.066+0000] {logging_mixin.py:188} INFO - [2024-09-05T12:57:57.066+0000] {dag.py:3823} INFO - Setting next_dagrun for example_python_operator to None, run_after=None
[2024-09-05T12:57:57.102+0000] {processor.py:183} INFO - Processing /home/airflow/.local/lib/python3.8/site-packages/airflow/example_dags/example_python_operator.py took 0.086 seconds
[2024-09-05T12:58:27.386+0000] {processor.py:161} INFO - Started process (PID=1537) to work on /home/airflow/.local/lib/python3.8/site-packages/airflow/example_dags/example_python_operator.py
[2024-09-05T12:58:27.388+0000] {processor.py:830} INFO - Processing file /home/airflow/.local/lib/python3.8/site-packages/airflow/example_dags/example_python_operator.py for tasks to queue
[2024-09-05T12:58:27.395+0000] {logging_mixin.py:188} INFO - [2024-09-05T12:58:27.393+0000] {dagbag.py:538} INFO - Filling up the DagBag from /home/airflow/.local/lib/python3.8/site-packages/airflow/example_dags/example_python_operator.py
[2024-09-05T12:58:27.426+0000] {processor.py:840} INFO - DAG(s) 'example_python_operator' retrieved from /home/airflow/.local/lib/python3.8/site-packages/airflow/example_dags/example_python_operator.py
[2024-09-05T12:58:27.477+0000] {logging_mixin.py:188} INFO - [2024-09-05T12:58:27.476+0000] {dag.py:3036} INFO - Sync 1 DAGs
[2024-09-05T12:58:27.494+0000] {logging_mixin.py:188} INFO - [2024-09-05T12:58:27.494+0000] {dag.py:3823} INFO - Setting next_dagrun for example_python_operator to None, run_after=None
[2024-09-05T12:58:27.516+0000] {processor.py:183} INFO - Processing /home/airflow/.local/lib/python3.8/site-packages/airflow/example_dags/example_python_operator.py took 0.135 seconds
[2024-09-05T12:58:57.884+0000] {processor.py:161} INFO - Started process (PID=1600) to work on /home/airflow/.local/lib/python3.8/site-packages/airflow/example_dags/example_python_operator.py
[2024-09-05T12:58:57.884+0000] {processor.py:830} INFO - Processing file /home/airflow/.local/lib/python3.8/site-packages/airflow/example_dags/example_python_operator.py for tasks to queue
[2024-09-05T12:58:57.886+0000] {logging_mixin.py:188} INFO - [2024-09-05T12:58:57.885+0000] {dagbag.py:538} INFO - Filling up the DagBag from /home/airflow/.local/lib/python3.8/site-packages/airflow/example_dags/example_python_operator.py
[2024-09-05T12:58:57.897+0000] {processor.py:840} INFO - DAG(s) 'example_python_operator' retrieved from /home/airflow/.local/lib/python3.8/site-packages/airflow/example_dags/example_python_operator.py
[2024-09-05T12:58:57.923+0000] {logging_mixin.py:188} INFO - [2024-09-05T12:58:57.923+0000] {dag.py:3036} INFO - Sync 1 DAGs
[2024-09-05T12:58:57.939+0000] {logging_mixin.py:188} INFO - [2024-09-05T12:58:57.939+0000] {dag.py:3823} INFO - Setting next_dagrun for example_python_operator to None, run_after=None
[2024-09-05T12:58:57.967+0000] {processor.py:183} INFO - Processing /home/airflow/.local/lib/python3.8/site-packages/airflow/example_dags/example_python_operator.py took 0.087 seconds
[2024-09-05T12:59:28.290+0000] {processor.py:161} INFO - Started process (PID=1657) to work on /home/airflow/.local/lib/python3.8/site-packages/airflow/example_dags/example_python_operator.py
[2024-09-05T12:59:28.291+0000] {processor.py:830} INFO - Processing file /home/airflow/.local/lib/python3.8/site-packages/airflow/example_dags/example_python_operator.py for tasks to queue
[2024-09-05T12:59:28.292+0000] {logging_mixin.py:188} INFO - [2024-09-05T12:59:28.292+0000] {dagbag.py:538} INFO - Filling up the DagBag from /home/airflow/.local/lib/python3.8/site-packages/airflow/example_dags/example_python_operator.py
[2024-09-05T12:59:28.304+0000] {processor.py:840} INFO - DAG(s) 'example_python_operator' retrieved from /home/airflow/.local/lib/python3.8/site-packages/airflow/example_dags/example_python_operator.py
[2024-09-05T12:59:28.329+0000] {logging_mixin.py:188} INFO - [2024-09-05T12:59:28.328+0000] {dag.py:3036} INFO - Sync 1 DAGs
[2024-09-05T12:59:28.342+0000] {logging_mixin.py:188} INFO - [2024-09-05T12:59:28.341+0000] {dag.py:3823} INFO - Setting next_dagrun for example_python_operator to None, run_after=None
[2024-09-05T12:59:28.363+0000] {processor.py:183} INFO - Processing /home/airflow/.local/lib/python3.8/site-packages/airflow/example_dags/example_python_operator.py took 0.077 seconds
[2024-09-05T12:59:58.579+0000] {processor.py:161} INFO - Started process (PID=1714) to work on /home/airflow/.local/lib/python3.8/site-packages/airflow/example_dags/example_python_operator.py
[2024-09-05T12:59:58.580+0000] {processor.py:830} INFO - Processing file /home/airflow/.local/lib/python3.8/site-packages/airflow/example_dags/example_python_operator.py for tasks to queue
[2024-09-05T12:59:58.581+0000] {logging_mixin.py:188} INFO - [2024-09-05T12:59:58.581+0000] {dagbag.py:538} INFO - Filling up the DagBag from /home/airflow/.local/lib/python3.8/site-packages/airflow/example_dags/example_python_operator.py
[2024-09-05T12:59:58.591+0000] {processor.py:840} INFO - DAG(s) 'example_python_operator' retrieved from /home/airflow/.local/lib/python3.8/site-packages/airflow/example_dags/example_python_operator.py
[2024-09-05T12:59:58.614+0000] {logging_mixin.py:188} INFO - [2024-09-05T12:59:58.614+0000] {dag.py:3036} INFO - Sync 1 DAGs
[2024-09-05T12:59:58.627+0000] {logging_mixin.py:188} INFO - [2024-09-05T12:59:58.627+0000] {dag.py:3823} INFO - Setting next_dagrun for example_python_operator to None, run_after=None
[2024-09-05T12:59:58.647+0000] {processor.py:183} INFO - Processing /home/airflow/.local/lib/python3.8/site-packages/airflow/example_dags/example_python_operator.py took 0.071 seconds
[2024-09-05T13:00:28.883+0000] {processor.py:161} INFO - Started process (PID=1771) to work on /home/airflow/.local/lib/python3.8/site-packages/airflow/example_dags/example_python_operator.py
[2024-09-05T13:00:28.884+0000] {processor.py:830} INFO - Processing file /home/airflow/.local/lib/python3.8/site-packages/airflow/example_dags/example_python_operator.py for tasks to queue
[2024-09-05T13:00:28.885+0000] {logging_mixin.py:188} INFO - [2024-09-05T13:00:28.884+0000] {dagbag.py:538} INFO - Filling up the DagBag from /home/airflow/.local/lib/python3.8/site-packages/airflow/example_dags/example_python_operator.py
[2024-09-05T13:00:28.897+0000] {processor.py:840} INFO - DAG(s) 'example_python_operator' retrieved from /home/airflow/.local/lib/python3.8/site-packages/airflow/example_dags/example_python_operator.py
[2024-09-05T13:00:28.924+0000] {logging_mixin.py:188} INFO - [2024-09-05T13:00:28.924+0000] {dag.py:3036} INFO - Sync 1 DAGs
[2024-09-05T13:00:28.942+0000] {logging_mixin.py:188} INFO - [2024-09-05T13:00:28.941+0000] {dag.py:3823} INFO - Setting next_dagrun for example_python_operator to None, run_after=None
[2024-09-05T13:00:28.965+0000] {processor.py:183} INFO - Processing /home/airflow/.local/lib/python3.8/site-packages/airflow/example_dags/example_python_operator.py took 0.085 seconds
[2024-09-05T13:00:58.995+0000] {processor.py:161} INFO - Started process (PID=1827) to work on /home/airflow/.local/lib/python3.8/site-packages/airflow/example_dags/example_python_operator.py
[2024-09-05T13:00:58.996+0000] {processor.py:830} INFO - Processing file /home/airflow/.local/lib/python3.8/site-packages/airflow/example_dags/example_python_operator.py for tasks to queue
[2024-09-05T13:00:58.997+0000] {logging_mixin.py:188} INFO - [2024-09-05T13:00:58.997+0000] {dagbag.py:538} INFO - Filling up the DagBag from /home/airflow/.local/lib/python3.8/site-packages/airflow/example_dags/example_python_operator.py
[2024-09-05T13:00:59.006+0000] {processor.py:840} INFO - DAG(s) 'example_python_operator' retrieved from /home/airflow/.local/lib/python3.8/site-packages/airflow/example_dags/example_python_operator.py
[2024-09-05T13:00:59.027+0000] {logging_mixin.py:188} INFO - [2024-09-05T13:00:59.027+0000] {dag.py:3036} INFO - Sync 1 DAGs
[2024-09-05T13:00:59.040+0000] {logging_mixin.py:188} INFO - [2024-09-05T13:00:59.039+0000] {dag.py:3823} INFO - Setting next_dagrun for example_python_operator to None, run_after=None
[2024-09-05T13:00:59.060+0000] {processor.py:183} INFO - Processing /home/airflow/.local/lib/python3.8/site-packages/airflow/example_dags/example_python_operator.py took 0.069 seconds
[2024-09-05T13:01:29.882+0000] {processor.py:161} INFO - Started process (PID=1882) to work on /home/airflow/.local/lib/python3.8/site-packages/airflow/example_dags/example_python_operator.py
[2024-09-05T13:01:29.882+0000] {processor.py:830} INFO - Processing file /home/airflow/.local/lib/python3.8/site-packages/airflow/example_dags/example_python_operator.py for tasks to queue
[2024-09-05T13:01:29.883+0000] {logging_mixin.py:188} INFO - [2024-09-05T13:01:29.883+0000] {dagbag.py:538} INFO - Filling up the DagBag from /home/airflow/.local/lib/python3.8/site-packages/airflow/example_dags/example_python_operator.py
[2024-09-05T13:01:29.893+0000] {processor.py:840} INFO - DAG(s) 'example_python_operator' retrieved from /home/airflow/.local/lib/python3.8/site-packages/airflow/example_dags/example_python_operator.py
[2024-09-05T13:01:29.918+0000] {logging_mixin.py:188} INFO - [2024-09-05T13:01:29.917+0000] {dag.py:3036} INFO - Sync 1 DAGs
[2024-09-05T13:01:29.932+0000] {logging_mixin.py:188} INFO - [2024-09-05T13:01:29.931+0000] {dag.py:3823} INFO - Setting next_dagrun for example_python_operator to None, run_after=None
[2024-09-05T13:01:29.956+0000] {processor.py:183} INFO - Processing /home/airflow/.local/lib/python3.8/site-packages/airflow/example_dags/example_python_operator.py took 0.078 seconds
[2024-09-05T13:02:00.190+0000] {processor.py:161} INFO - Started process (PID=1939) to work on /home/airflow/.local/lib/python3.8/site-packages/airflow/example_dags/example_python_operator.py
[2024-09-05T13:02:00.191+0000] {processor.py:830} INFO - Processing file /home/airflow/.local/lib/python3.8/site-packages/airflow/example_dags/example_python_operator.py for tasks to queue
[2024-09-05T13:02:00.192+0000] {logging_mixin.py:188} INFO - [2024-09-05T13:02:00.192+0000] {dagbag.py:538} INFO - Filling up the DagBag from /home/airflow/.local/lib/python3.8/site-packages/airflow/example_dags/example_python_operator.py
[2024-09-05T13:02:00.210+0000] {processor.py:840} INFO - DAG(s) 'example_python_operator' retrieved from /home/airflow/.local/lib/python3.8/site-packages/airflow/example_dags/example_python_operator.py
[2024-09-05T13:02:00.242+0000] {logging_mixin.py:188} INFO - [2024-09-05T13:02:00.242+0000] {dag.py:3036} INFO - Sync 1 DAGs
[2024-09-05T13:02:00.254+0000] {logging_mixin.py:188} INFO - [2024-09-05T13:02:00.254+0000] {dag.py:3823} INFO - Setting next_dagrun for example_python_operator to None, run_after=None
[2024-09-05T13:02:00.277+0000] {processor.py:183} INFO - Processing /home/airflow/.local/lib/python3.8/site-packages/airflow/example_dags/example_python_operator.py took 0.091 seconds
[2024-09-05T13:02:30.455+0000] {processor.py:161} INFO - Started process (PID=1996) to work on /home/airflow/.local/lib/python3.8/site-packages/airflow/example_dags/example_python_operator.py
[2024-09-05T13:02:30.455+0000] {processor.py:830} INFO - Processing file /home/airflow/.local/lib/python3.8/site-packages/airflow/example_dags/example_python_operator.py for tasks to queue
[2024-09-05T13:02:30.456+0000] {logging_mixin.py:188} INFO - [2024-09-05T13:02:30.456+0000] {dagbag.py:538} INFO - Filling up the DagBag from /home/airflow/.local/lib/python3.8/site-packages/airflow/example_dags/example_python_operator.py
[2024-09-05T13:02:30.468+0000] {processor.py:840} INFO - DAG(s) 'example_python_operator' retrieved from /home/airflow/.local/lib/python3.8/site-packages/airflow/example_dags/example_python_operator.py
[2024-09-05T13:02:30.490+0000] {logging_mixin.py:188} INFO - [2024-09-05T13:02:30.490+0000] {dag.py:3036} INFO - Sync 1 DAGs
[2024-09-05T13:02:30.504+0000] {logging_mixin.py:188} INFO - [2024-09-05T13:02:30.504+0000] {dag.py:3823} INFO - Setting next_dagrun for example_python_operator to None, run_after=None
[2024-09-05T13:02:30.525+0000] {processor.py:183} INFO - Processing /home/airflow/.local/lib/python3.8/site-packages/airflow/example_dags/example_python_operator.py took 0.073 seconds
[2024-09-05T13:03:00.900+0000] {processor.py:161} INFO - Started process (PID=2053) to work on /home/airflow/.local/lib/python3.8/site-packages/airflow/example_dags/example_python_operator.py
[2024-09-05T13:03:00.901+0000] {processor.py:830} INFO - Processing file /home/airflow/.local/lib/python3.8/site-packages/airflow/example_dags/example_python_operator.py for tasks to queue
[2024-09-05T13:03:00.902+0000] {logging_mixin.py:188} INFO - [2024-09-05T13:03:00.902+0000] {dagbag.py:538} INFO - Filling up the DagBag from /home/airflow/.local/lib/python3.8/site-packages/airflow/example_dags/example_python_operator.py
[2024-09-05T13:03:00.914+0000] {processor.py:840} INFO - DAG(s) 'example_python_operator' retrieved from /home/airflow/.local/lib/python3.8/site-packages/airflow/example_dags/example_python_operator.py
[2024-09-05T13:03:00.938+0000] {logging_mixin.py:188} INFO - [2024-09-05T13:03:00.937+0000] {dag.py:3036} INFO - Sync 1 DAGs
[2024-09-05T13:03:00.949+0000] {logging_mixin.py:188} INFO - [2024-09-05T13:03:00.949+0000] {dag.py:3823} INFO - Setting next_dagrun for example_python_operator to None, run_after=None
[2024-09-05T13:03:00.975+0000] {processor.py:183} INFO - Processing /home/airflow/.local/lib/python3.8/site-packages/airflow/example_dags/example_python_operator.py took 0.079 seconds
[2024-09-05T13:03:31.110+0000] {processor.py:161} INFO - Started process (PID=2110) to work on /home/airflow/.local/lib/python3.8/site-packages/airflow/example_dags/example_python_operator.py
[2024-09-05T13:03:31.111+0000] {processor.py:830} INFO - Processing file /home/airflow/.local/lib/python3.8/site-packages/airflow/example_dags/example_python_operator.py for tasks to queue
[2024-09-05T13:03:31.112+0000] {logging_mixin.py:188} INFO - [2024-09-05T13:03:31.111+0000] {dagbag.py:538} INFO - Filling up the DagBag from /home/airflow/.local/lib/python3.8/site-packages/airflow/example_dags/example_python_operator.py
[2024-09-05T13:03:31.126+0000] {processor.py:840} INFO - DAG(s) 'example_python_operator' retrieved from /home/airflow/.local/lib/python3.8/site-packages/airflow/example_dags/example_python_operator.py
[2024-09-05T13:03:31.158+0000] {logging_mixin.py:188} INFO - [2024-09-05T13:03:31.157+0000] {dag.py:3036} INFO - Sync 1 DAGs
[2024-09-05T13:03:31.171+0000] {logging_mixin.py:188} INFO - [2024-09-05T13:03:31.171+0000] {dag.py:3823} INFO - Setting next_dagrun for example_python_operator to None, run_after=None
[2024-09-05T13:03:31.195+0000] {processor.py:183} INFO - Processing /home/airflow/.local/lib/python3.8/site-packages/airflow/example_dags/example_python_operator.py took 0.089 seconds
[2024-09-05T13:04:01.327+0000] {processor.py:161} INFO - Started process (PID=2166) to work on /home/airflow/.local/lib/python3.8/site-packages/airflow/example_dags/example_python_operator.py
[2024-09-05T13:04:01.327+0000] {processor.py:830} INFO - Processing file /home/airflow/.local/lib/python3.8/site-packages/airflow/example_dags/example_python_operator.py for tasks to queue
[2024-09-05T13:04:01.328+0000] {logging_mixin.py:188} INFO - [2024-09-05T13:04:01.328+0000] {dagbag.py:538} INFO - Filling up the DagBag from /home/airflow/.local/lib/python3.8/site-packages/airflow/example_dags/example_python_operator.py
[2024-09-05T13:04:01.338+0000] {processor.py:840} INFO - DAG(s) 'example_python_operator' retrieved from /home/airflow/.local/lib/python3.8/site-packages/airflow/example_dags/example_python_operator.py
[2024-09-05T13:04:01.361+0000] {logging_mixin.py:188} INFO - [2024-09-05T13:04:01.360+0000] {dag.py:3036} INFO - Sync 1 DAGs
[2024-09-05T13:04:01.374+0000] {logging_mixin.py:188} INFO - [2024-09-05T13:04:01.374+0000] {dag.py:3823} INFO - Setting next_dagrun for example_python_operator to None, run_after=None
[2024-09-05T13:04:01.397+0000] {processor.py:183} INFO - Processing /home/airflow/.local/lib/python3.8/site-packages/airflow/example_dags/example_python_operator.py took 0.074 seconds
[2024-09-05T13:04:32.089+0000] {processor.py:161} INFO - Started process (PID=2225) to work on /home/airflow/.local/lib/python3.8/site-packages/airflow/example_dags/example_python_operator.py
[2024-09-05T13:04:32.091+0000] {processor.py:830} INFO - Processing file /home/airflow/.local/lib/python3.8/site-packages/airflow/example_dags/example_python_operator.py for tasks to queue
[2024-09-05T13:04:32.093+0000] {logging_mixin.py:188} INFO - [2024-09-05T13:04:32.092+0000] {dagbag.py:538} INFO - Filling up the DagBag from /home/airflow/.local/lib/python3.8/site-packages/airflow/example_dags/example_python_operator.py
[2024-09-05T13:04:32.102+0000] {processor.py:840} INFO - DAG(s) 'example_python_operator' retrieved from /home/airflow/.local/lib/python3.8/site-packages/airflow/example_dags/example_python_operator.py
[2024-09-05T13:04:32.130+0000] {logging_mixin.py:188} INFO - [2024-09-05T13:04:32.130+0000] {dag.py:3036} INFO - Sync 1 DAGs
[2024-09-05T13:04:32.144+0000] {logging_mixin.py:188} INFO - [2024-09-05T13:04:32.144+0000] {dag.py:3823} INFO - Setting next_dagrun for example_python_operator to None, run_after=None
[2024-09-05T13:04:32.169+0000] {processor.py:183} INFO - Processing /home/airflow/.local/lib/python3.8/site-packages/airflow/example_dags/example_python_operator.py took 0.084 seconds
[2024-09-05T13:06:21.507+0000] {processor.py:161} INFO - Started process (PID=55) to work on /home/airflow/.local/lib/python3.8/site-packages/airflow/example_dags/example_python_operator.py
[2024-09-05T13:06:21.510+0000] {processor.py:830} INFO - Processing file /home/airflow/.local/lib/python3.8/site-packages/airflow/example_dags/example_python_operator.py for tasks to queue
[2024-09-05T13:06:21.516+0000] {logging_mixin.py:188} INFO - [2024-09-05T13:06:21.516+0000] {dagbag.py:538} INFO - Filling up the DagBag from /home/airflow/.local/lib/python3.8/site-packages/airflow/example_dags/example_python_operator.py
[2024-09-05T13:06:21.555+0000] {processor.py:840} INFO - DAG(s) 'example_python_operator' retrieved from /home/airflow/.local/lib/python3.8/site-packages/airflow/example_dags/example_python_operator.py
[2024-09-05T13:06:21.585+0000] {logging_mixin.py:188} INFO - [2024-09-05T13:06:21.584+0000] {dag.py:3036} INFO - Sync 1 DAGs
[2024-09-05T13:06:21.615+0000] {logging_mixin.py:188} INFO - [2024-09-05T13:06:21.614+0000] {dag.py:3823} INFO - Setting next_dagrun for example_python_operator to None, run_after=None
[2024-09-05T13:06:21.662+0000] {processor.py:183} INFO - Processing /home/airflow/.local/lib/python3.8/site-packages/airflow/example_dags/example_python_operator.py took 0.162 seconds
[2024-09-05T13:06:51.851+0000] {processor.py:161} INFO - Started process (PID=111) to work on /home/airflow/.local/lib/python3.8/site-packages/airflow/example_dags/example_python_operator.py
[2024-09-05T13:06:51.852+0000] {processor.py:830} INFO - Processing file /home/airflow/.local/lib/python3.8/site-packages/airflow/example_dags/example_python_operator.py for tasks to queue
[2024-09-05T13:06:51.855+0000] {logging_mixin.py:188} INFO - [2024-09-05T13:06:51.854+0000] {dagbag.py:538} INFO - Filling up the DagBag from /home/airflow/.local/lib/python3.8/site-packages/airflow/example_dags/example_python_operator.py
[2024-09-05T13:06:51.868+0000] {processor.py:840} INFO - DAG(s) 'example_python_operator' retrieved from /home/airflow/.local/lib/python3.8/site-packages/airflow/example_dags/example_python_operator.py
[2024-09-05T13:06:51.988+0000] {logging_mixin.py:188} INFO - [2024-09-05T13:06:51.988+0000] {dag.py:3036} INFO - Sync 1 DAGs
[2024-09-05T13:06:51.999+0000] {logging_mixin.py:188} INFO - [2024-09-05T13:06:51.999+0000] {dag.py:3823} INFO - Setting next_dagrun for example_python_operator to None, run_after=None
[2024-09-05T13:06:52.018+0000] {processor.py:183} INFO - Processing /home/airflow/.local/lib/python3.8/site-packages/airflow/example_dags/example_python_operator.py took 0.170 seconds
[2024-09-05T13:07:22.504+0000] {processor.py:161} INFO - Started process (PID=169) to work on /home/airflow/.local/lib/python3.8/site-packages/airflow/example_dags/example_python_operator.py
[2024-09-05T13:07:22.505+0000] {processor.py:830} INFO - Processing file /home/airflow/.local/lib/python3.8/site-packages/airflow/example_dags/example_python_operator.py for tasks to queue
[2024-09-05T13:07:22.506+0000] {logging_mixin.py:188} INFO - [2024-09-05T13:07:22.505+0000] {dagbag.py:538} INFO - Filling up the DagBag from /home/airflow/.local/lib/python3.8/site-packages/airflow/example_dags/example_python_operator.py
[2024-09-05T13:07:22.518+0000] {processor.py:840} INFO - DAG(s) 'example_python_operator' retrieved from /home/airflow/.local/lib/python3.8/site-packages/airflow/example_dags/example_python_operator.py
[2024-09-05T13:07:22.544+0000] {logging_mixin.py:188} INFO - [2024-09-05T13:07:22.544+0000] {dag.py:3036} INFO - Sync 1 DAGs
[2024-09-05T13:07:22.559+0000] {logging_mixin.py:188} INFO - [2024-09-05T13:07:22.559+0000] {dag.py:3823} INFO - Setting next_dagrun for example_python_operator to None, run_after=None
[2024-09-05T13:07:22.580+0000] {processor.py:183} INFO - Processing /home/airflow/.local/lib/python3.8/site-packages/airflow/example_dags/example_python_operator.py took 0.080 seconds
[2024-09-05T13:07:53.040+0000] {processor.py:161} INFO - Started process (PID=225) to work on /home/airflow/.local/lib/python3.8/site-packages/airflow/example_dags/example_python_operator.py
[2024-09-05T13:07:53.041+0000] {processor.py:830} INFO - Processing file /home/airflow/.local/lib/python3.8/site-packages/airflow/example_dags/example_python_operator.py for tasks to queue
[2024-09-05T13:07:53.042+0000] {logging_mixin.py:188} INFO - [2024-09-05T13:07:53.041+0000] {dagbag.py:538} INFO - Filling up the DagBag from /home/airflow/.local/lib/python3.8/site-packages/airflow/example_dags/example_python_operator.py
[2024-09-05T13:07:53.055+0000] {processor.py:840} INFO - DAG(s) 'example_python_operator' retrieved from /home/airflow/.local/lib/python3.8/site-packages/airflow/example_dags/example_python_operator.py
[2024-09-05T13:07:53.078+0000] {logging_mixin.py:188} INFO - [2024-09-05T13:07:53.078+0000] {dag.py:3036} INFO - Sync 1 DAGs
[2024-09-05T13:07:53.092+0000] {logging_mixin.py:188} INFO - [2024-09-05T13:07:53.092+0000] {dag.py:3823} INFO - Setting next_dagrun for example_python_operator to None, run_after=None
[2024-09-05T13:07:53.116+0000] {processor.py:183} INFO - Processing /home/airflow/.local/lib/python3.8/site-packages/airflow/example_dags/example_python_operator.py took 0.080 seconds
[2024-09-05T13:08:23.309+0000] {processor.py:161} INFO - Started process (PID=282) to work on /home/airflow/.local/lib/python3.8/site-packages/airflow/example_dags/example_python_operator.py
[2024-09-05T13:08:23.319+0000] {processor.py:830} INFO - Processing file /home/airflow/.local/lib/python3.8/site-packages/airflow/example_dags/example_python_operator.py for tasks to queue
[2024-09-05T13:08:23.320+0000] {logging_mixin.py:188} INFO - [2024-09-05T13:08:23.320+0000] {dagbag.py:538} INFO - Filling up the DagBag from /home/airflow/.local/lib/python3.8/site-packages/airflow/example_dags/example_python_operator.py
[2024-09-05T13:08:23.343+0000] {processor.py:840} INFO - DAG(s) 'example_python_operator' retrieved from /home/airflow/.local/lib/python3.8/site-packages/airflow/example_dags/example_python_operator.py
[2024-09-05T13:08:23.371+0000] {logging_mixin.py:188} INFO - [2024-09-05T13:08:23.371+0000] {dag.py:3036} INFO - Sync 1 DAGs
[2024-09-05T13:08:23.382+0000] {logging_mixin.py:188} INFO - [2024-09-05T13:08:23.382+0000] {dag.py:3823} INFO - Setting next_dagrun for example_python_operator to None, run_after=None
[2024-09-05T13:08:23.402+0000] {processor.py:183} INFO - Processing /home/airflow/.local/lib/python3.8/site-packages/airflow/example_dags/example_python_operator.py took 0.098 seconds
[2024-09-05T13:08:53.855+0000] {processor.py:161} INFO - Started process (PID=339) to work on /home/airflow/.local/lib/python3.8/site-packages/airflow/example_dags/example_python_operator.py
[2024-09-05T13:08:53.856+0000] {processor.py:830} INFO - Processing file /home/airflow/.local/lib/python3.8/site-packages/airflow/example_dags/example_python_operator.py for tasks to queue
[2024-09-05T13:08:53.858+0000] {logging_mixin.py:188} INFO - [2024-09-05T13:08:53.857+0000] {dagbag.py:538} INFO - Filling up the DagBag from /home/airflow/.local/lib/python3.8/site-packages/airflow/example_dags/example_python_operator.py
[2024-09-05T13:08:53.869+0000] {processor.py:840} INFO - DAG(s) 'example_python_operator' retrieved from /home/airflow/.local/lib/python3.8/site-packages/airflow/example_dags/example_python_operator.py
[2024-09-05T13:08:53.893+0000] {logging_mixin.py:188} INFO - [2024-09-05T13:08:53.893+0000] {dag.py:3036} INFO - Sync 1 DAGs
[2024-09-05T13:08:53.906+0000] {logging_mixin.py:188} INFO - [2024-09-05T13:08:53.906+0000] {dag.py:3823} INFO - Setting next_dagrun for example_python_operator to None, run_after=None
[2024-09-05T13:08:53.929+0000] {processor.py:183} INFO - Processing /home/airflow/.local/lib/python3.8/site-packages/airflow/example_dags/example_python_operator.py took 0.077 seconds
[2024-09-05T13:09:24.025+0000] {processor.py:161} INFO - Started process (PID=399) to work on /home/airflow/.local/lib/python3.8/site-packages/airflow/example_dags/example_python_operator.py
[2024-09-05T13:09:24.027+0000] {processor.py:830} INFO - Processing file /home/airflow/.local/lib/python3.8/site-packages/airflow/example_dags/example_python_operator.py for tasks to queue
[2024-09-05T13:09:24.029+0000] {logging_mixin.py:188} INFO - [2024-09-05T13:09:24.028+0000] {dagbag.py:538} INFO - Filling up the DagBag from /home/airflow/.local/lib/python3.8/site-packages/airflow/example_dags/example_python_operator.py
[2024-09-05T13:09:24.048+0000] {processor.py:840} INFO - DAG(s) 'example_python_operator' retrieved from /home/airflow/.local/lib/python3.8/site-packages/airflow/example_dags/example_python_operator.py
[2024-09-05T13:09:24.092+0000] {logging_mixin.py:188} INFO - [2024-09-05T13:09:24.091+0000] {dag.py:3036} INFO - Sync 1 DAGs
[2024-09-05T13:09:24.136+0000] {logging_mixin.py:188} INFO - [2024-09-05T13:09:24.135+0000] {dag.py:3823} INFO - Setting next_dagrun for example_python_operator to None, run_after=None
[2024-09-05T13:09:24.166+0000] {processor.py:183} INFO - Processing /home/airflow/.local/lib/python3.8/site-packages/airflow/example_dags/example_python_operator.py took 0.146 seconds
[2024-09-05T13:09:54.868+0000] {processor.py:161} INFO - Started process (PID=458) to work on /home/airflow/.local/lib/python3.8/site-packages/airflow/example_dags/example_python_operator.py
[2024-09-05T13:09:54.869+0000] {processor.py:830} INFO - Processing file /home/airflow/.local/lib/python3.8/site-packages/airflow/example_dags/example_python_operator.py for tasks to queue
[2024-09-05T13:09:54.871+0000] {logging_mixin.py:188} INFO - [2024-09-05T13:09:54.870+0000] {dagbag.py:538} INFO - Filling up the DagBag from /home/airflow/.local/lib/python3.8/site-packages/airflow/example_dags/example_python_operator.py
[2024-09-05T13:09:54.882+0000] {processor.py:840} INFO - DAG(s) 'example_python_operator' retrieved from /home/airflow/.local/lib/python3.8/site-packages/airflow/example_dags/example_python_operator.py
[2024-09-05T13:09:54.905+0000] {logging_mixin.py:188} INFO - [2024-09-05T13:09:54.905+0000] {dag.py:3036} INFO - Sync 1 DAGs
[2024-09-05T13:09:54.919+0000] {logging_mixin.py:188} INFO - [2024-09-05T13:09:54.919+0000] {dag.py:3823} INFO - Setting next_dagrun for example_python_operator to None, run_after=None
[2024-09-05T13:09:54.939+0000] {processor.py:183} INFO - Processing /home/airflow/.local/lib/python3.8/site-packages/airflow/example_dags/example_python_operator.py took 0.076 seconds
[2024-09-05T13:10:25.060+0000] {processor.py:161} INFO - Started process (PID=515) to work on /home/airflow/.local/lib/python3.8/site-packages/airflow/example_dags/example_python_operator.py
[2024-09-05T13:10:25.061+0000] {processor.py:830} INFO - Processing file /home/airflow/.local/lib/python3.8/site-packages/airflow/example_dags/example_python_operator.py for tasks to queue
[2024-09-05T13:10:25.062+0000] {logging_mixin.py:188} INFO - [2024-09-05T13:10:25.062+0000] {dagbag.py:538} INFO - Filling up the DagBag from /home/airflow/.local/lib/python3.8/site-packages/airflow/example_dags/example_python_operator.py
[2024-09-05T13:10:25.077+0000] {processor.py:840} INFO - DAG(s) 'example_python_operator' retrieved from /home/airflow/.local/lib/python3.8/site-packages/airflow/example_dags/example_python_operator.py
[2024-09-05T13:10:25.101+0000] {logging_mixin.py:188} INFO - [2024-09-05T13:10:25.101+0000] {dag.py:3036} INFO - Sync 1 DAGs
[2024-09-05T13:10:25.116+0000] {logging_mixin.py:188} INFO - [2024-09-05T13:10:25.116+0000] {dag.py:3823} INFO - Setting next_dagrun for example_python_operator to None, run_after=None
[2024-09-05T13:10:25.135+0000] {processor.py:183} INFO - Processing /home/airflow/.local/lib/python3.8/site-packages/airflow/example_dags/example_python_operator.py took 0.080 seconds
[2024-09-05T13:10:56.086+0000] {processor.py:161} INFO - Started process (PID=572) to work on /home/airflow/.local/lib/python3.8/site-packages/airflow/example_dags/example_python_operator.py
[2024-09-05T13:10:56.087+0000] {processor.py:830} INFO - Processing file /home/airflow/.local/lib/python3.8/site-packages/airflow/example_dags/example_python_operator.py for tasks to queue
[2024-09-05T13:10:56.088+0000] {logging_mixin.py:188} INFO - [2024-09-05T13:10:56.087+0000] {dagbag.py:538} INFO - Filling up the DagBag from /home/airflow/.local/lib/python3.8/site-packages/airflow/example_dags/example_python_operator.py
[2024-09-05T13:10:56.098+0000] {processor.py:840} INFO - DAG(s) 'example_python_operator' retrieved from /home/airflow/.local/lib/python3.8/site-packages/airflow/example_dags/example_python_operator.py
[2024-09-05T13:10:56.122+0000] {logging_mixin.py:188} INFO - [2024-09-05T13:10:56.122+0000] {dag.py:3036} INFO - Sync 1 DAGs
[2024-09-05T13:10:56.137+0000] {logging_mixin.py:188} INFO - [2024-09-05T13:10:56.137+0000] {dag.py:3823} INFO - Setting next_dagrun for example_python_operator to None, run_after=None
[2024-09-05T13:10:56.163+0000] {processor.py:183} INFO - Processing /home/airflow/.local/lib/python3.8/site-packages/airflow/example_dags/example_python_operator.py took 0.080 seconds
[2024-09-05T13:11:26.467+0000] {processor.py:161} INFO - Started process (PID=629) to work on /home/airflow/.local/lib/python3.8/site-packages/airflow/example_dags/example_python_operator.py
[2024-09-05T13:11:26.468+0000] {processor.py:830} INFO - Processing file /home/airflow/.local/lib/python3.8/site-packages/airflow/example_dags/example_python_operator.py for tasks to queue
[2024-09-05T13:11:26.470+0000] {logging_mixin.py:188} INFO - [2024-09-05T13:11:26.469+0000] {dagbag.py:538} INFO - Filling up the DagBag from /home/airflow/.local/lib/python3.8/site-packages/airflow/example_dags/example_python_operator.py
[2024-09-05T13:11:26.482+0000] {processor.py:840} INFO - DAG(s) 'example_python_operator' retrieved from /home/airflow/.local/lib/python3.8/site-packages/airflow/example_dags/example_python_operator.py
[2024-09-05T13:11:26.505+0000] {logging_mixin.py:188} INFO - [2024-09-05T13:11:26.505+0000] {dag.py:3036} INFO - Sync 1 DAGs
[2024-09-05T13:11:26.517+0000] {logging_mixin.py:188} INFO - [2024-09-05T13:11:26.517+0000] {dag.py:3823} INFO - Setting next_dagrun for example_python_operator to None, run_after=None
[2024-09-05T13:11:26.540+0000] {processor.py:183} INFO - Processing /home/airflow/.local/lib/python3.8/site-packages/airflow/example_dags/example_python_operator.py took 0.077 seconds
[2024-09-05T13:11:56.911+0000] {processor.py:161} INFO - Started process (PID=687) to work on /home/airflow/.local/lib/python3.8/site-packages/airflow/example_dags/example_python_operator.py
[2024-09-05T13:11:56.912+0000] {processor.py:830} INFO - Processing file /home/airflow/.local/lib/python3.8/site-packages/airflow/example_dags/example_python_operator.py for tasks to queue
[2024-09-05T13:11:56.913+0000] {logging_mixin.py:188} INFO - [2024-09-05T13:11:56.913+0000] {dagbag.py:538} INFO - Filling up the DagBag from /home/airflow/.local/lib/python3.8/site-packages/airflow/example_dags/example_python_operator.py
[2024-09-05T13:11:56.924+0000] {processor.py:840} INFO - DAG(s) 'example_python_operator' retrieved from /home/airflow/.local/lib/python3.8/site-packages/airflow/example_dags/example_python_operator.py
[2024-09-05T13:11:56.948+0000] {logging_mixin.py:188} INFO - [2024-09-05T13:11:56.947+0000] {dag.py:3036} INFO - Sync 1 DAGs
[2024-09-05T13:11:56.961+0000] {logging_mixin.py:188} INFO - [2024-09-05T13:11:56.960+0000] {dag.py:3823} INFO - Setting next_dagrun for example_python_operator to None, run_after=None
[2024-09-05T13:11:56.982+0000] {processor.py:183} INFO - Processing /home/airflow/.local/lib/python3.8/site-packages/airflow/example_dags/example_python_operator.py took 0.074 seconds
[2024-09-05T13:12:27.299+0000] {processor.py:161} INFO - Started process (PID=744) to work on /home/airflow/.local/lib/python3.8/site-packages/airflow/example_dags/example_python_operator.py
[2024-09-05T13:12:27.300+0000] {processor.py:830} INFO - Processing file /home/airflow/.local/lib/python3.8/site-packages/airflow/example_dags/example_python_operator.py for tasks to queue
[2024-09-05T13:12:27.301+0000] {logging_mixin.py:188} INFO - [2024-09-05T13:12:27.301+0000] {dagbag.py:538} INFO - Filling up the DagBag from /home/airflow/.local/lib/python3.8/site-packages/airflow/example_dags/example_python_operator.py
[2024-09-05T13:12:27.313+0000] {processor.py:840} INFO - DAG(s) 'example_python_operator' retrieved from /home/airflow/.local/lib/python3.8/site-packages/airflow/example_dags/example_python_operator.py
[2024-09-05T13:12:27.339+0000] {logging_mixin.py:188} INFO - [2024-09-05T13:12:27.339+0000] {dag.py:3036} INFO - Sync 1 DAGs
[2024-09-05T13:12:27.353+0000] {logging_mixin.py:188} INFO - [2024-09-05T13:12:27.352+0000] {dag.py:3823} INFO - Setting next_dagrun for example_python_operator to None, run_after=None
[2024-09-05T13:12:27.377+0000] {processor.py:183} INFO - Processing /home/airflow/.local/lib/python3.8/site-packages/airflow/example_dags/example_python_operator.py took 0.082 seconds
[2024-09-05T13:12:57.734+0000] {processor.py:161} INFO - Started process (PID=801) to work on /home/airflow/.local/lib/python3.8/site-packages/airflow/example_dags/example_python_operator.py
[2024-09-05T13:12:57.735+0000] {processor.py:830} INFO - Processing file /home/airflow/.local/lib/python3.8/site-packages/airflow/example_dags/example_python_operator.py for tasks to queue
[2024-09-05T13:12:57.735+0000] {logging_mixin.py:188} INFO - [2024-09-05T13:12:57.735+0000] {dagbag.py:538} INFO - Filling up the DagBag from /home/airflow/.local/lib/python3.8/site-packages/airflow/example_dags/example_python_operator.py
[2024-09-05T13:12:57.745+0000] {processor.py:840} INFO - DAG(s) 'example_python_operator' retrieved from /home/airflow/.local/lib/python3.8/site-packages/airflow/example_dags/example_python_operator.py
[2024-09-05T13:12:57.768+0000] {logging_mixin.py:188} INFO - [2024-09-05T13:12:57.768+0000] {dag.py:3036} INFO - Sync 1 DAGs
[2024-09-05T13:12:57.781+0000] {logging_mixin.py:188} INFO - [2024-09-05T13:12:57.781+0000] {dag.py:3823} INFO - Setting next_dagrun for example_python_operator to None, run_after=None
[2024-09-05T13:12:57.804+0000] {processor.py:183} INFO - Processing /home/airflow/.local/lib/python3.8/site-packages/airflow/example_dags/example_python_operator.py took 0.074 seconds
[2024-09-05T13:13:28.223+0000] {processor.py:161} INFO - Started process (PID=859) to work on /home/airflow/.local/lib/python3.8/site-packages/airflow/example_dags/example_python_operator.py
[2024-09-05T13:13:28.224+0000] {processor.py:830} INFO - Processing file /home/airflow/.local/lib/python3.8/site-packages/airflow/example_dags/example_python_operator.py for tasks to queue
[2024-09-05T13:13:28.225+0000] {logging_mixin.py:188} INFO - [2024-09-05T13:13:28.224+0000] {dagbag.py:538} INFO - Filling up the DagBag from /home/airflow/.local/lib/python3.8/site-packages/airflow/example_dags/example_python_operator.py
[2024-09-05T13:13:28.235+0000] {processor.py:840} INFO - DAG(s) 'example_python_operator' retrieved from /home/airflow/.local/lib/python3.8/site-packages/airflow/example_dags/example_python_operator.py
[2024-09-05T13:13:28.260+0000] {logging_mixin.py:188} INFO - [2024-09-05T13:13:28.259+0000] {dag.py:3036} INFO - Sync 1 DAGs
[2024-09-05T13:13:28.273+0000] {logging_mixin.py:188} INFO - [2024-09-05T13:13:28.272+0000] {dag.py:3823} INFO - Setting next_dagrun for example_python_operator to None, run_after=None
[2024-09-05T13:13:28.295+0000] {processor.py:183} INFO - Processing /home/airflow/.local/lib/python3.8/site-packages/airflow/example_dags/example_python_operator.py took 0.077 seconds
[2024-09-05T13:13:58.786+0000] {processor.py:161} INFO - Started process (PID=916) to work on /home/airflow/.local/lib/python3.8/site-packages/airflow/example_dags/example_python_operator.py
[2024-09-05T13:13:58.786+0000] {processor.py:830} INFO - Processing file /home/airflow/.local/lib/python3.8/site-packages/airflow/example_dags/example_python_operator.py for tasks to queue
[2024-09-05T13:13:58.787+0000] {logging_mixin.py:188} INFO - [2024-09-05T13:13:58.787+0000] {dagbag.py:538} INFO - Filling up the DagBag from /home/airflow/.local/lib/python3.8/site-packages/airflow/example_dags/example_python_operator.py
[2024-09-05T13:13:58.799+0000] {processor.py:840} INFO - DAG(s) 'example_python_operator' retrieved from /home/airflow/.local/lib/python3.8/site-packages/airflow/example_dags/example_python_operator.py
[2024-09-05T13:13:58.821+0000] {logging_mixin.py:188} INFO - [2024-09-05T13:13:58.821+0000] {dag.py:3036} INFO - Sync 1 DAGs
[2024-09-05T13:13:58.835+0000] {logging_mixin.py:188} INFO - [2024-09-05T13:13:58.835+0000] {dag.py:3823} INFO - Setting next_dagrun for example_python_operator to None, run_after=None
[2024-09-05T13:13:58.856+0000] {processor.py:183} INFO - Processing /home/airflow/.local/lib/python3.8/site-packages/airflow/example_dags/example_python_operator.py took 0.074 seconds
[2024-09-05T13:14:29.422+0000] {processor.py:161} INFO - Started process (PID=973) to work on /home/airflow/.local/lib/python3.8/site-packages/airflow/example_dags/example_python_operator.py
[2024-09-05T13:14:29.423+0000] {processor.py:830} INFO - Processing file /home/airflow/.local/lib/python3.8/site-packages/airflow/example_dags/example_python_operator.py for tasks to queue
[2024-09-05T13:14:29.424+0000] {logging_mixin.py:188} INFO - [2024-09-05T13:14:29.423+0000] {dagbag.py:538} INFO - Filling up the DagBag from /home/airflow/.local/lib/python3.8/site-packages/airflow/example_dags/example_python_operator.py
[2024-09-05T13:14:29.438+0000] {processor.py:840} INFO - DAG(s) 'example_python_operator' retrieved from /home/airflow/.local/lib/python3.8/site-packages/airflow/example_dags/example_python_operator.py
[2024-09-05T13:14:29.464+0000] {logging_mixin.py:188} INFO - [2024-09-05T13:14:29.463+0000] {dag.py:3036} INFO - Sync 1 DAGs
[2024-09-05T13:14:29.477+0000] {logging_mixin.py:188} INFO - [2024-09-05T13:14:29.477+0000] {dag.py:3823} INFO - Setting next_dagrun for example_python_operator to None, run_after=None
[2024-09-05T13:14:29.501+0000] {processor.py:183} INFO - Processing /home/airflow/.local/lib/python3.8/site-packages/airflow/example_dags/example_python_operator.py took 0.082 seconds
[2024-09-05T13:14:59.957+0000] {processor.py:161} INFO - Started process (PID=1031) to work on /home/airflow/.local/lib/python3.8/site-packages/airflow/example_dags/example_python_operator.py
[2024-09-05T13:14:59.958+0000] {processor.py:830} INFO - Processing file /home/airflow/.local/lib/python3.8/site-packages/airflow/example_dags/example_python_operator.py for tasks to queue
[2024-09-05T13:14:59.960+0000] {logging_mixin.py:188} INFO - [2024-09-05T13:14:59.960+0000] {dagbag.py:538} INFO - Filling up the DagBag from /home/airflow/.local/lib/python3.8/site-packages/airflow/example_dags/example_python_operator.py
[2024-09-05T13:14:59.978+0000] {processor.py:840} INFO - DAG(s) 'example_python_operator' retrieved from /home/airflow/.local/lib/python3.8/site-packages/airflow/example_dags/example_python_operator.py
[2024-09-05T13:15:00.025+0000] {logging_mixin.py:188} INFO - [2024-09-05T13:15:00.024+0000] {dag.py:3036} INFO - Sync 1 DAGs
[2024-09-05T13:15:00.043+0000] {logging_mixin.py:188} INFO - [2024-09-05T13:15:00.043+0000] {dag.py:3823} INFO - Setting next_dagrun for example_python_operator to None, run_after=None
[2024-09-05T13:15:00.074+0000] {processor.py:183} INFO - Processing /home/airflow/.local/lib/python3.8/site-packages/airflow/example_dags/example_python_operator.py took 0.122 seconds
[2024-09-05T13:15:30.219+0000] {processor.py:161} INFO - Started process (PID=1087) to work on /home/airflow/.local/lib/python3.8/site-packages/airflow/example_dags/example_python_operator.py
[2024-09-05T13:15:30.221+0000] {processor.py:830} INFO - Processing file /home/airflow/.local/lib/python3.8/site-packages/airflow/example_dags/example_python_operator.py for tasks to queue
[2024-09-05T13:15:30.224+0000] {logging_mixin.py:188} INFO - [2024-09-05T13:15:30.223+0000] {dagbag.py:538} INFO - Filling up the DagBag from /home/airflow/.local/lib/python3.8/site-packages/airflow/example_dags/example_python_operator.py
[2024-09-05T13:15:30.236+0000] {processor.py:840} INFO - DAG(s) 'example_python_operator' retrieved from /home/airflow/.local/lib/python3.8/site-packages/airflow/example_dags/example_python_operator.py
[2024-09-05T13:15:30.261+0000] {logging_mixin.py:188} INFO - [2024-09-05T13:15:30.261+0000] {dag.py:3036} INFO - Sync 1 DAGs
[2024-09-05T13:15:30.276+0000] {logging_mixin.py:188} INFO - [2024-09-05T13:15:30.276+0000] {dag.py:3823} INFO - Setting next_dagrun for example_python_operator to None, run_after=None
[2024-09-05T13:15:30.297+0000] {processor.py:183} INFO - Processing /home/airflow/.local/lib/python3.8/site-packages/airflow/example_dags/example_python_operator.py took 0.082 seconds
[2024-09-05T13:16:00.452+0000] {processor.py:161} INFO - Started process (PID=1146) to work on /home/airflow/.local/lib/python3.8/site-packages/airflow/example_dags/example_python_operator.py
[2024-09-05T13:16:00.453+0000] {processor.py:830} INFO - Processing file /home/airflow/.local/lib/python3.8/site-packages/airflow/example_dags/example_python_operator.py for tasks to queue
[2024-09-05T13:16:00.454+0000] {logging_mixin.py:188} INFO - [2024-09-05T13:16:00.454+0000] {dagbag.py:538} INFO - Filling up the DagBag from /home/airflow/.local/lib/python3.8/site-packages/airflow/example_dags/example_python_operator.py
[2024-09-05T13:16:00.470+0000] {processor.py:840} INFO - DAG(s) 'example_python_operator' retrieved from /home/airflow/.local/lib/python3.8/site-packages/airflow/example_dags/example_python_operator.py
[2024-09-05T13:16:00.502+0000] {logging_mixin.py:188} INFO - [2024-09-05T13:16:00.502+0000] {dag.py:3036} INFO - Sync 1 DAGs
[2024-09-05T13:16:00.523+0000] {logging_mixin.py:188} INFO - [2024-09-05T13:16:00.523+0000] {dag.py:3823} INFO - Setting next_dagrun for example_python_operator to None, run_after=None
[2024-09-05T13:16:00.559+0000] {processor.py:183} INFO - Processing /home/airflow/.local/lib/python3.8/site-packages/airflow/example_dags/example_python_operator.py took 0.111 seconds
[2024-09-05T13:16:30.602+0000] {processor.py:161} INFO - Started process (PID=1204) to work on /home/airflow/.local/lib/python3.8/site-packages/airflow/example_dags/example_python_operator.py
[2024-09-05T13:16:30.603+0000] {processor.py:830} INFO - Processing file /home/airflow/.local/lib/python3.8/site-packages/airflow/example_dags/example_python_operator.py for tasks to queue
[2024-09-05T13:16:30.605+0000] {logging_mixin.py:188} INFO - [2024-09-05T13:16:30.605+0000] {dagbag.py:538} INFO - Filling up the DagBag from /home/airflow/.local/lib/python3.8/site-packages/airflow/example_dags/example_python_operator.py
[2024-09-05T13:16:30.622+0000] {processor.py:840} INFO - DAG(s) 'example_python_operator' retrieved from /home/airflow/.local/lib/python3.8/site-packages/airflow/example_dags/example_python_operator.py
[2024-09-05T13:16:30.667+0000] {logging_mixin.py:188} INFO - [2024-09-05T13:16:30.667+0000] {dag.py:3036} INFO - Sync 1 DAGs
[2024-09-05T13:16:30.702+0000] {logging_mixin.py:188} INFO - [2024-09-05T13:16:30.702+0000] {dag.py:3823} INFO - Setting next_dagrun for example_python_operator to None, run_after=None
[2024-09-05T13:16:30.745+0000] {processor.py:183} INFO - Processing /home/airflow/.local/lib/python3.8/site-packages/airflow/example_dags/example_python_operator.py took 0.148 seconds
[2024-09-05T13:17:01.520+0000] {processor.py:161} INFO - Started process (PID=1262) to work on /home/airflow/.local/lib/python3.8/site-packages/airflow/example_dags/example_python_operator.py
[2024-09-05T13:17:01.523+0000] {processor.py:830} INFO - Processing file /home/airflow/.local/lib/python3.8/site-packages/airflow/example_dags/example_python_operator.py for tasks to queue
[2024-09-05T13:17:01.525+0000] {logging_mixin.py:188} INFO - [2024-09-05T13:17:01.524+0000] {dagbag.py:538} INFO - Filling up the DagBag from /home/airflow/.local/lib/python3.8/site-packages/airflow/example_dags/example_python_operator.py
[2024-09-05T13:17:01.537+0000] {processor.py:840} INFO - DAG(s) 'example_python_operator' retrieved from /home/airflow/.local/lib/python3.8/site-packages/airflow/example_dags/example_python_operator.py
[2024-09-05T13:17:01.571+0000] {logging_mixin.py:188} INFO - [2024-09-05T13:17:01.571+0000] {dag.py:3036} INFO - Sync 1 DAGs
[2024-09-05T13:17:01.590+0000] {logging_mixin.py:188} INFO - [2024-09-05T13:17:01.590+0000] {dag.py:3823} INFO - Setting next_dagrun for example_python_operator to None, run_after=None
[2024-09-05T13:17:01.616+0000] {processor.py:183} INFO - Processing /home/airflow/.local/lib/python3.8/site-packages/airflow/example_dags/example_python_operator.py took 0.101 seconds
[2024-09-05T13:17:32.167+0000] {processor.py:161} INFO - Started process (PID=1319) to work on /home/airflow/.local/lib/python3.8/site-packages/airflow/example_dags/example_python_operator.py
[2024-09-05T13:17:32.168+0000] {processor.py:830} INFO - Processing file /home/airflow/.local/lib/python3.8/site-packages/airflow/example_dags/example_python_operator.py for tasks to queue
[2024-09-05T13:17:32.169+0000] {logging_mixin.py:188} INFO - [2024-09-05T13:17:32.169+0000] {dagbag.py:538} INFO - Filling up the DagBag from /home/airflow/.local/lib/python3.8/site-packages/airflow/example_dags/example_python_operator.py
[2024-09-05T13:17:32.181+0000] {processor.py:840} INFO - DAG(s) 'example_python_operator' retrieved from /home/airflow/.local/lib/python3.8/site-packages/airflow/example_dags/example_python_operator.py
[2024-09-05T13:17:32.213+0000] {logging_mixin.py:188} INFO - [2024-09-05T13:17:32.213+0000] {dag.py:3036} INFO - Sync 1 DAGs
[2024-09-05T13:17:32.229+0000] {logging_mixin.py:188} INFO - [2024-09-05T13:17:32.228+0000] {dag.py:3823} INFO - Setting next_dagrun for example_python_operator to None, run_after=None
[2024-09-05T13:17:32.252+0000] {processor.py:183} INFO - Processing /home/airflow/.local/lib/python3.8/site-packages/airflow/example_dags/example_python_operator.py took 0.088 seconds
[2024-09-05T13:18:02.675+0000] {processor.py:161} INFO - Started process (PID=1376) to work on /home/airflow/.local/lib/python3.8/site-packages/airflow/example_dags/example_python_operator.py
[2024-09-05T13:18:02.676+0000] {processor.py:830} INFO - Processing file /home/airflow/.local/lib/python3.8/site-packages/airflow/example_dags/example_python_operator.py for tasks to queue
[2024-09-05T13:18:02.677+0000] {logging_mixin.py:188} INFO - [2024-09-05T13:18:02.676+0000] {dagbag.py:538} INFO - Filling up the DagBag from /home/airflow/.local/lib/python3.8/site-packages/airflow/example_dags/example_python_operator.py
[2024-09-05T13:18:02.687+0000] {processor.py:840} INFO - DAG(s) 'example_python_operator' retrieved from /home/airflow/.local/lib/python3.8/site-packages/airflow/example_dags/example_python_operator.py
[2024-09-05T13:18:02.728+0000] {logging_mixin.py:188} INFO - [2024-09-05T13:18:02.727+0000] {dag.py:3036} INFO - Sync 1 DAGs
[2024-09-05T13:18:02.742+0000] {logging_mixin.py:188} INFO - [2024-09-05T13:18:02.742+0000] {dag.py:3823} INFO - Setting next_dagrun for example_python_operator to None, run_after=None
[2024-09-05T13:18:02.768+0000] {processor.py:183} INFO - Processing /home/airflow/.local/lib/python3.8/site-packages/airflow/example_dags/example_python_operator.py took 0.096 seconds
[2024-09-05T13:18:33.132+0000] {processor.py:161} INFO - Started process (PID=1433) to work on /home/airflow/.local/lib/python3.8/site-packages/airflow/example_dags/example_python_operator.py
[2024-09-05T13:18:33.133+0000] {processor.py:830} INFO - Processing file /home/airflow/.local/lib/python3.8/site-packages/airflow/example_dags/example_python_operator.py for tasks to queue
[2024-09-05T13:18:33.135+0000] {logging_mixin.py:188} INFO - [2024-09-05T13:18:33.134+0000] {dagbag.py:538} INFO - Filling up the DagBag from /home/airflow/.local/lib/python3.8/site-packages/airflow/example_dags/example_python_operator.py
[2024-09-05T13:18:33.147+0000] {processor.py:840} INFO - DAG(s) 'example_python_operator' retrieved from /home/airflow/.local/lib/python3.8/site-packages/airflow/example_dags/example_python_operator.py
[2024-09-05T13:18:33.171+0000] {logging_mixin.py:188} INFO - [2024-09-05T13:18:33.171+0000] {dag.py:3036} INFO - Sync 1 DAGs
[2024-09-05T13:18:33.185+0000] {logging_mixin.py:188} INFO - [2024-09-05T13:18:33.185+0000] {dag.py:3823} INFO - Setting next_dagrun for example_python_operator to None, run_after=None
[2024-09-05T13:18:33.205+0000] {processor.py:183} INFO - Processing /home/airflow/.local/lib/python3.8/site-packages/airflow/example_dags/example_python_operator.py took 0.080 seconds
[2024-09-05T13:19:03.523+0000] {processor.py:161} INFO - Started process (PID=1490) to work on /home/airflow/.local/lib/python3.8/site-packages/airflow/example_dags/example_python_operator.py
[2024-09-05T13:19:03.524+0000] {processor.py:830} INFO - Processing file /home/airflow/.local/lib/python3.8/site-packages/airflow/example_dags/example_python_operator.py for tasks to queue
[2024-09-05T13:19:03.526+0000] {logging_mixin.py:188} INFO - [2024-09-05T13:19:03.525+0000] {dagbag.py:538} INFO - Filling up the DagBag from /home/airflow/.local/lib/python3.8/site-packages/airflow/example_dags/example_python_operator.py
[2024-09-05T13:19:03.547+0000] {processor.py:840} INFO - DAG(s) 'example_python_operator' retrieved from /home/airflow/.local/lib/python3.8/site-packages/airflow/example_dags/example_python_operator.py
[2024-09-05T13:19:03.617+0000] {logging_mixin.py:188} INFO - [2024-09-05T13:19:03.616+0000] {dag.py:3036} INFO - Sync 1 DAGs
[2024-09-05T13:19:03.639+0000] {logging_mixin.py:188} INFO - [2024-09-05T13:19:03.639+0000] {dag.py:3823} INFO - Setting next_dagrun for example_python_operator to None, run_after=None
[2024-09-05T13:19:03.686+0000] {processor.py:183} INFO - Processing /home/airflow/.local/lib/python3.8/site-packages/airflow/example_dags/example_python_operator.py took 0.168 seconds
[2024-09-05T13:19:34.663+0000] {processor.py:161} INFO - Started process (PID=1547) to work on /home/airflow/.local/lib/python3.8/site-packages/airflow/example_dags/example_python_operator.py
[2024-09-05T13:19:34.664+0000] {processor.py:830} INFO - Processing file /home/airflow/.local/lib/python3.8/site-packages/airflow/example_dags/example_python_operator.py for tasks to queue
[2024-09-05T13:19:34.665+0000] {logging_mixin.py:188} INFO - [2024-09-05T13:19:34.665+0000] {dagbag.py:538} INFO - Filling up the DagBag from /home/airflow/.local/lib/python3.8/site-packages/airflow/example_dags/example_python_operator.py
[2024-09-05T13:19:34.674+0000] {processor.py:840} INFO - DAG(s) 'example_python_operator' retrieved from /home/airflow/.local/lib/python3.8/site-packages/airflow/example_dags/example_python_operator.py
[2024-09-05T13:19:34.695+0000] {logging_mixin.py:188} INFO - [2024-09-05T13:19:34.695+0000] {dag.py:3036} INFO - Sync 1 DAGs
[2024-09-05T13:19:34.707+0000] {logging_mixin.py:188} INFO - [2024-09-05T13:19:34.707+0000] {dag.py:3823} INFO - Setting next_dagrun for example_python_operator to None, run_after=None
[2024-09-05T13:19:34.736+0000] {processor.py:183} INFO - Processing /home/airflow/.local/lib/python3.8/site-packages/airflow/example_dags/example_python_operator.py took 0.076 seconds
[2024-09-05T13:20:05.060+0000] {processor.py:161} INFO - Started process (PID=1604) to work on /home/airflow/.local/lib/python3.8/site-packages/airflow/example_dags/example_python_operator.py
[2024-09-05T13:20:05.061+0000] {processor.py:830} INFO - Processing file /home/airflow/.local/lib/python3.8/site-packages/airflow/example_dags/example_python_operator.py for tasks to queue
[2024-09-05T13:20:05.062+0000] {logging_mixin.py:188} INFO - [2024-09-05T13:20:05.062+0000] {dagbag.py:538} INFO - Filling up the DagBag from /home/airflow/.local/lib/python3.8/site-packages/airflow/example_dags/example_python_operator.py
[2024-09-05T13:20:05.077+0000] {processor.py:840} INFO - DAG(s) 'example_python_operator' retrieved from /home/airflow/.local/lib/python3.8/site-packages/airflow/example_dags/example_python_operator.py
[2024-09-05T13:20:05.103+0000] {logging_mixin.py:188} INFO - [2024-09-05T13:20:05.103+0000] {dag.py:3036} INFO - Sync 1 DAGs
[2024-09-05T13:20:05.122+0000] {logging_mixin.py:188} INFO - [2024-09-05T13:20:05.122+0000] {dag.py:3823} INFO - Setting next_dagrun for example_python_operator to None, run_after=None
[2024-09-05T13:20:05.142+0000] {processor.py:183} INFO - Processing /home/airflow/.local/lib/python3.8/site-packages/airflow/example_dags/example_python_operator.py took 0.086 seconds
