[2024-09-05T12:26:12.205+0000] {processor.py:161} INFO - Started process (PID=36) to work on /home/airflow/.local/lib/python3.8/site-packages/airflow/example_dags/example_complex.py
[2024-09-05T12:26:12.206+0000] {processor.py:830} INFO - Processing file /home/airflow/.local/lib/python3.8/site-packages/airflow/example_dags/example_complex.py for tasks to queue
[2024-09-05T12:26:12.207+0000] {logging_mixin.py:188} INFO - [2024-09-05T12:26:12.207+0000] {dagbag.py:538} INFO - Filling up the DagBag from /home/airflow/.local/lib/python3.8/site-packages/airflow/example_dags/example_complex.py
[2024-09-05T12:26:12.244+0000] {processor.py:840} INFO - DAG(s) 'example_complex' retrieved from /home/airflow/.local/lib/python3.8/site-packages/airflow/example_dags/example_complex.py
[2024-09-05T12:26:12.265+0000] {logging_mixin.py:188} INFO - [2024-09-05T12:26:12.265+0000] {dag.py:3036} INFO - Sync 1 DAGs
[2024-09-05T12:26:12.287+0000] {logging_mixin.py:188} INFO - [2024-09-05T12:26:12.287+0000] {dag.py:3823} INFO - Setting next_dagrun for example_complex to None, run_after=None
[2024-09-05T12:26:12.343+0000] {processor.py:183} INFO - Processing /home/airflow/.local/lib/python3.8/site-packages/airflow/example_dags/example_complex.py took 0.143 seconds
[2024-09-05T12:26:54.145+0000] {processor.py:161} INFO - Started process (PID=36) to work on /home/airflow/.local/lib/python3.8/site-packages/airflow/example_dags/example_complex.py
[2024-09-05T12:26:54.147+0000] {processor.py:830} INFO - Processing file /home/airflow/.local/lib/python3.8/site-packages/airflow/example_dags/example_complex.py for tasks to queue
[2024-09-05T12:26:54.149+0000] {logging_mixin.py:188} INFO - [2024-09-05T12:26:54.148+0000] {dagbag.py:538} INFO - Filling up the DagBag from /home/airflow/.local/lib/python3.8/site-packages/airflow/example_dags/example_complex.py
[2024-09-05T12:26:54.185+0000] {processor.py:840} INFO - DAG(s) 'example_complex' retrieved from /home/airflow/.local/lib/python3.8/site-packages/airflow/example_dags/example_complex.py
[2024-09-05T12:26:54.624+0000] {logging_mixin.py:188} INFO - [2024-09-05T12:26:54.624+0000] {dag.py:3036} INFO - Sync 1 DAGs
[2024-09-05T12:26:54.647+0000] {logging_mixin.py:188} INFO - [2024-09-05T12:26:54.646+0000] {dag.py:3823} INFO - Setting next_dagrun for example_complex to None, run_after=None
[2024-09-05T12:26:54.713+0000] {processor.py:183} INFO - Processing /home/airflow/.local/lib/python3.8/site-packages/airflow/example_dags/example_complex.py took 0.573 seconds
[2024-09-05T12:27:25.124+0000] {processor.py:161} INFO - Started process (PID=93) to work on /home/airflow/.local/lib/python3.8/site-packages/airflow/example_dags/example_complex.py
[2024-09-05T12:27:25.126+0000] {processor.py:830} INFO - Processing file /home/airflow/.local/lib/python3.8/site-packages/airflow/example_dags/example_complex.py for tasks to queue
[2024-09-05T12:27:25.127+0000] {logging_mixin.py:188} INFO - [2024-09-05T12:27:25.127+0000] {dagbag.py:538} INFO - Filling up the DagBag from /home/airflow/.local/lib/python3.8/site-packages/airflow/example_dags/example_complex.py
[2024-09-05T12:27:25.143+0000] {processor.py:840} INFO - DAG(s) 'example_complex' retrieved from /home/airflow/.local/lib/python3.8/site-packages/airflow/example_dags/example_complex.py
[2024-09-05T12:27:25.160+0000] {logging_mixin.py:188} INFO - [2024-09-05T12:27:25.160+0000] {dag.py:3036} INFO - Sync 1 DAGs
[2024-09-05T12:27:25.183+0000] {logging_mixin.py:188} INFO - [2024-09-05T12:27:25.183+0000] {dag.py:3823} INFO - Setting next_dagrun for example_complex to None, run_after=None
[2024-09-05T12:27:25.207+0000] {processor.py:183} INFO - Processing /home/airflow/.local/lib/python3.8/site-packages/airflow/example_dags/example_complex.py took 0.087 seconds
[2024-09-05T12:27:55.497+0000] {processor.py:161} INFO - Started process (PID=150) to work on /home/airflow/.local/lib/python3.8/site-packages/airflow/example_dags/example_complex.py
[2024-09-05T12:27:55.498+0000] {processor.py:830} INFO - Processing file /home/airflow/.local/lib/python3.8/site-packages/airflow/example_dags/example_complex.py for tasks to queue
[2024-09-05T12:27:55.499+0000] {logging_mixin.py:188} INFO - [2024-09-05T12:27:55.499+0000] {dagbag.py:538} INFO - Filling up the DagBag from /home/airflow/.local/lib/python3.8/site-packages/airflow/example_dags/example_complex.py
[2024-09-05T12:27:55.517+0000] {processor.py:840} INFO - DAG(s) 'example_complex' retrieved from /home/airflow/.local/lib/python3.8/site-packages/airflow/example_dags/example_complex.py
[2024-09-05T12:27:55.657+0000] {logging_mixin.py:188} INFO - [2024-09-05T12:27:55.657+0000] {dag.py:3036} INFO - Sync 1 DAGs
[2024-09-05T12:27:55.667+0000] {logging_mixin.py:188} INFO - [2024-09-05T12:27:55.667+0000] {dag.py:3823} INFO - Setting next_dagrun for example_complex to None, run_after=None
[2024-09-05T12:27:55.692+0000] {processor.py:183} INFO - Processing /home/airflow/.local/lib/python3.8/site-packages/airflow/example_dags/example_complex.py took 0.200 seconds
[2024-09-05T12:28:26.072+0000] {processor.py:161} INFO - Started process (PID=207) to work on /home/airflow/.local/lib/python3.8/site-packages/airflow/example_dags/example_complex.py
[2024-09-05T12:28:26.073+0000] {processor.py:830} INFO - Processing file /home/airflow/.local/lib/python3.8/site-packages/airflow/example_dags/example_complex.py for tasks to queue
[2024-09-05T12:28:26.075+0000] {logging_mixin.py:188} INFO - [2024-09-05T12:28:26.074+0000] {dagbag.py:538} INFO - Filling up the DagBag from /home/airflow/.local/lib/python3.8/site-packages/airflow/example_dags/example_complex.py
[2024-09-05T12:28:26.086+0000] {processor.py:840} INFO - DAG(s) 'example_complex' retrieved from /home/airflow/.local/lib/python3.8/site-packages/airflow/example_dags/example_complex.py
[2024-09-05T12:28:26.122+0000] {logging_mixin.py:188} INFO - [2024-09-05T12:28:26.122+0000] {dag.py:3036} INFO - Sync 1 DAGs
[2024-09-05T12:28:26.139+0000] {logging_mixin.py:188} INFO - [2024-09-05T12:28:26.139+0000] {dag.py:3823} INFO - Setting next_dagrun for example_complex to None, run_after=None
[2024-09-05T12:28:26.165+0000] {processor.py:183} INFO - Processing /home/airflow/.local/lib/python3.8/site-packages/airflow/example_dags/example_complex.py took 0.096 seconds
[2024-09-05T12:28:56.386+0000] {processor.py:161} INFO - Started process (PID=264) to work on /home/airflow/.local/lib/python3.8/site-packages/airflow/example_dags/example_complex.py
[2024-09-05T12:28:56.387+0000] {processor.py:830} INFO - Processing file /home/airflow/.local/lib/python3.8/site-packages/airflow/example_dags/example_complex.py for tasks to queue
[2024-09-05T12:28:56.389+0000] {logging_mixin.py:188} INFO - [2024-09-05T12:28:56.388+0000] {dagbag.py:538} INFO - Filling up the DagBag from /home/airflow/.local/lib/python3.8/site-packages/airflow/example_dags/example_complex.py
[2024-09-05T12:28:56.401+0000] {processor.py:840} INFO - DAG(s) 'example_complex' retrieved from /home/airflow/.local/lib/python3.8/site-packages/airflow/example_dags/example_complex.py
[2024-09-05T12:28:56.436+0000] {logging_mixin.py:188} INFO - [2024-09-05T12:28:56.435+0000] {dag.py:3036} INFO - Sync 1 DAGs
[2024-09-05T12:28:56.452+0000] {logging_mixin.py:188} INFO - [2024-09-05T12:28:56.451+0000] {dag.py:3823} INFO - Setting next_dagrun for example_complex to None, run_after=None
[2024-09-05T12:28:56.475+0000] {processor.py:183} INFO - Processing /home/airflow/.local/lib/python3.8/site-packages/airflow/example_dags/example_complex.py took 0.092 seconds
[2024-09-05T12:29:26.673+0000] {processor.py:161} INFO - Started process (PID=321) to work on /home/airflow/.local/lib/python3.8/site-packages/airflow/example_dags/example_complex.py
[2024-09-05T12:29:26.674+0000] {processor.py:830} INFO - Processing file /home/airflow/.local/lib/python3.8/site-packages/airflow/example_dags/example_complex.py for tasks to queue
[2024-09-05T12:29:26.675+0000] {logging_mixin.py:188} INFO - [2024-09-05T12:29:26.675+0000] {dagbag.py:538} INFO - Filling up the DagBag from /home/airflow/.local/lib/python3.8/site-packages/airflow/example_dags/example_complex.py
[2024-09-05T12:29:26.705+0000] {processor.py:840} INFO - DAG(s) 'example_complex' retrieved from /home/airflow/.local/lib/python3.8/site-packages/airflow/example_dags/example_complex.py
[2024-09-05T12:29:26.760+0000] {logging_mixin.py:188} INFO - [2024-09-05T12:29:26.760+0000] {dag.py:3036} INFO - Sync 1 DAGs
[2024-09-05T12:29:26.773+0000] {logging_mixin.py:188} INFO - [2024-09-05T12:29:26.772+0000] {dag.py:3823} INFO - Setting next_dagrun for example_complex to None, run_after=None
[2024-09-05T12:29:26.795+0000] {processor.py:183} INFO - Processing /home/airflow/.local/lib/python3.8/site-packages/airflow/example_dags/example_complex.py took 0.129 seconds
[2024-09-05T12:29:57.460+0000] {processor.py:161} INFO - Started process (PID=378) to work on /home/airflow/.local/lib/python3.8/site-packages/airflow/example_dags/example_complex.py
[2024-09-05T12:29:57.461+0000] {processor.py:830} INFO - Processing file /home/airflow/.local/lib/python3.8/site-packages/airflow/example_dags/example_complex.py for tasks to queue
[2024-09-05T12:29:57.463+0000] {logging_mixin.py:188} INFO - [2024-09-05T12:29:57.462+0000] {dagbag.py:538} INFO - Filling up the DagBag from /home/airflow/.local/lib/python3.8/site-packages/airflow/example_dags/example_complex.py
[2024-09-05T12:29:57.480+0000] {processor.py:840} INFO - DAG(s) 'example_complex' retrieved from /home/airflow/.local/lib/python3.8/site-packages/airflow/example_dags/example_complex.py
[2024-09-05T12:29:57.521+0000] {logging_mixin.py:188} INFO - [2024-09-05T12:29:57.521+0000] {dag.py:3036} INFO - Sync 1 DAGs
[2024-09-05T12:29:57.534+0000] {logging_mixin.py:188} INFO - [2024-09-05T12:29:57.534+0000] {dag.py:3823} INFO - Setting next_dagrun for example_complex to None, run_after=None
[2024-09-05T12:29:57.554+0000] {processor.py:183} INFO - Processing /home/airflow/.local/lib/python3.8/site-packages/airflow/example_dags/example_complex.py took 0.104 seconds
[2024-09-05T12:30:27.685+0000] {processor.py:161} INFO - Started process (PID=435) to work on /home/airflow/.local/lib/python3.8/site-packages/airflow/example_dags/example_complex.py
[2024-09-05T12:30:27.686+0000] {processor.py:830} INFO - Processing file /home/airflow/.local/lib/python3.8/site-packages/airflow/example_dags/example_complex.py for tasks to queue
[2024-09-05T12:30:27.687+0000] {logging_mixin.py:188} INFO - [2024-09-05T12:30:27.687+0000] {dagbag.py:538} INFO - Filling up the DagBag from /home/airflow/.local/lib/python3.8/site-packages/airflow/example_dags/example_complex.py
[2024-09-05T12:30:27.699+0000] {processor.py:840} INFO - DAG(s) 'example_complex' retrieved from /home/airflow/.local/lib/python3.8/site-packages/airflow/example_dags/example_complex.py
[2024-09-05T12:30:27.742+0000] {logging_mixin.py:188} INFO - [2024-09-05T12:30:27.742+0000] {dag.py:3036} INFO - Sync 1 DAGs
[2024-09-05T12:30:27.760+0000] {logging_mixin.py:188} INFO - [2024-09-05T12:30:27.759+0000] {dag.py:3823} INFO - Setting next_dagrun for example_complex to None, run_after=None
[2024-09-05T12:30:27.791+0000] {processor.py:183} INFO - Processing /home/airflow/.local/lib/python3.8/site-packages/airflow/example_dags/example_complex.py took 0.111 seconds
[2024-09-05T12:30:57.944+0000] {processor.py:161} INFO - Started process (PID=492) to work on /home/airflow/.local/lib/python3.8/site-packages/airflow/example_dags/example_complex.py
[2024-09-05T12:30:57.945+0000] {processor.py:830} INFO - Processing file /home/airflow/.local/lib/python3.8/site-packages/airflow/example_dags/example_complex.py for tasks to queue
[2024-09-05T12:30:57.946+0000] {logging_mixin.py:188} INFO - [2024-09-05T12:30:57.946+0000] {dagbag.py:538} INFO - Filling up the DagBag from /home/airflow/.local/lib/python3.8/site-packages/airflow/example_dags/example_complex.py
[2024-09-05T12:30:57.960+0000] {processor.py:840} INFO - DAG(s) 'example_complex' retrieved from /home/airflow/.local/lib/python3.8/site-packages/airflow/example_dags/example_complex.py
[2024-09-05T12:30:57.997+0000] {logging_mixin.py:188} INFO - [2024-09-05T12:30:57.997+0000] {dag.py:3036} INFO - Sync 1 DAGs
[2024-09-05T12:30:58.012+0000] {logging_mixin.py:188} INFO - [2024-09-05T12:30:58.012+0000] {dag.py:3823} INFO - Setting next_dagrun for example_complex to None, run_after=None
[2024-09-05T12:30:58.036+0000] {processor.py:183} INFO - Processing /home/airflow/.local/lib/python3.8/site-packages/airflow/example_dags/example_complex.py took 0.096 seconds
[2024-09-05T12:45:14.334+0000] {processor.py:161} INFO - Started process (PID=36) to work on /home/airflow/.local/lib/python3.8/site-packages/airflow/example_dags/example_complex.py
[2024-09-05T12:45:14.339+0000] {processor.py:830} INFO - Processing file /home/airflow/.local/lib/python3.8/site-packages/airflow/example_dags/example_complex.py for tasks to queue
[2024-09-05T12:45:14.342+0000] {logging_mixin.py:188} INFO - [2024-09-05T12:45:14.341+0000] {dagbag.py:538} INFO - Filling up the DagBag from /home/airflow/.local/lib/python3.8/site-packages/airflow/example_dags/example_complex.py
[2024-09-05T12:45:14.391+0000] {processor.py:840} INFO - DAG(s) 'example_complex' retrieved from /home/airflow/.local/lib/python3.8/site-packages/airflow/example_dags/example_complex.py
[2024-09-05T12:45:14.438+0000] {logging_mixin.py:188} INFO - [2024-09-05T12:45:14.437+0000] {dag.py:3036} INFO - Sync 1 DAGs
[2024-09-05T12:45:14.474+0000] {logging_mixin.py:188} INFO - [2024-09-05T12:45:14.474+0000] {dag.py:3823} INFO - Setting next_dagrun for example_complex to None, run_after=None
[2024-09-05T12:45:14.525+0000] {processor.py:183} INFO - Processing /home/airflow/.local/lib/python3.8/site-packages/airflow/example_dags/example_complex.py took 0.213 seconds
[2024-09-05T12:45:44.715+0000] {processor.py:161} INFO - Started process (PID=92) to work on /home/airflow/.local/lib/python3.8/site-packages/airflow/example_dags/example_complex.py
[2024-09-05T12:45:44.716+0000] {processor.py:830} INFO - Processing file /home/airflow/.local/lib/python3.8/site-packages/airflow/example_dags/example_complex.py for tasks to queue
[2024-09-05T12:45:44.717+0000] {logging_mixin.py:188} INFO - [2024-09-05T12:45:44.717+0000] {dagbag.py:538} INFO - Filling up the DagBag from /home/airflow/.local/lib/python3.8/site-packages/airflow/example_dags/example_complex.py
[2024-09-05T12:45:44.731+0000] {processor.py:840} INFO - DAG(s) 'example_complex' retrieved from /home/airflow/.local/lib/python3.8/site-packages/airflow/example_dags/example_complex.py
[2024-09-05T12:45:44.911+0000] {logging_mixin.py:188} INFO - [2024-09-05T12:45:44.911+0000] {dag.py:3036} INFO - Sync 1 DAGs
[2024-09-05T12:45:44.924+0000] {logging_mixin.py:188} INFO - [2024-09-05T12:45:44.924+0000] {dag.py:3823} INFO - Setting next_dagrun for example_complex to None, run_after=None
[2024-09-05T12:45:44.949+0000] {processor.py:183} INFO - Processing /home/airflow/.local/lib/python3.8/site-packages/airflow/example_dags/example_complex.py took 0.238 seconds
[2024-09-05T12:46:15.887+0000] {processor.py:161} INFO - Started process (PID=150) to work on /home/airflow/.local/lib/python3.8/site-packages/airflow/example_dags/example_complex.py
[2024-09-05T12:46:15.888+0000] {processor.py:830} INFO - Processing file /home/airflow/.local/lib/python3.8/site-packages/airflow/example_dags/example_complex.py for tasks to queue
[2024-09-05T12:46:15.889+0000] {logging_mixin.py:188} INFO - [2024-09-05T12:46:15.889+0000] {dagbag.py:538} INFO - Filling up the DagBag from /home/airflow/.local/lib/python3.8/site-packages/airflow/example_dags/example_complex.py
[2024-09-05T12:46:15.905+0000] {processor.py:840} INFO - DAG(s) 'example_complex' retrieved from /home/airflow/.local/lib/python3.8/site-packages/airflow/example_dags/example_complex.py
[2024-09-05T12:46:15.945+0000] {logging_mixin.py:188} INFO - [2024-09-05T12:46:15.944+0000] {dag.py:3036} INFO - Sync 1 DAGs
[2024-09-05T12:46:15.964+0000] {logging_mixin.py:188} INFO - [2024-09-05T12:46:15.964+0000] {dag.py:3823} INFO - Setting next_dagrun for example_complex to None, run_after=None
[2024-09-05T12:46:16.003+0000] {processor.py:183} INFO - Processing /home/airflow/.local/lib/python3.8/site-packages/airflow/example_dags/example_complex.py took 0.119 seconds
[2024-09-05T12:46:46.528+0000] {processor.py:161} INFO - Started process (PID=207) to work on /home/airflow/.local/lib/python3.8/site-packages/airflow/example_dags/example_complex.py
[2024-09-05T12:46:46.529+0000] {processor.py:830} INFO - Processing file /home/airflow/.local/lib/python3.8/site-packages/airflow/example_dags/example_complex.py for tasks to queue
[2024-09-05T12:46:46.530+0000] {logging_mixin.py:188} INFO - [2024-09-05T12:46:46.530+0000] {dagbag.py:538} INFO - Filling up the DagBag from /home/airflow/.local/lib/python3.8/site-packages/airflow/example_dags/example_complex.py
[2024-09-05T12:46:46.553+0000] {processor.py:840} INFO - DAG(s) 'example_complex' retrieved from /home/airflow/.local/lib/python3.8/site-packages/airflow/example_dags/example_complex.py
[2024-09-05T12:46:46.607+0000] {logging_mixin.py:188} INFO - [2024-09-05T12:46:46.607+0000] {dag.py:3036} INFO - Sync 1 DAGs
[2024-09-05T12:46:46.632+0000] {logging_mixin.py:188} INFO - [2024-09-05T12:46:46.631+0000] {dag.py:3823} INFO - Setting next_dagrun for example_complex to None, run_after=None
[2024-09-05T12:46:46.668+0000] {processor.py:183} INFO - Processing /home/airflow/.local/lib/python3.8/site-packages/airflow/example_dags/example_complex.py took 0.155 seconds
[2024-09-05T12:47:16.929+0000] {processor.py:161} INFO - Started process (PID=264) to work on /home/airflow/.local/lib/python3.8/site-packages/airflow/example_dags/example_complex.py
[2024-09-05T12:47:16.930+0000] {processor.py:830} INFO - Processing file /home/airflow/.local/lib/python3.8/site-packages/airflow/example_dags/example_complex.py for tasks to queue
[2024-09-05T12:47:16.931+0000] {logging_mixin.py:188} INFO - [2024-09-05T12:47:16.931+0000] {dagbag.py:538} INFO - Filling up the DagBag from /home/airflow/.local/lib/python3.8/site-packages/airflow/example_dags/example_complex.py
[2024-09-05T12:47:16.950+0000] {processor.py:840} INFO - DAG(s) 'example_complex' retrieved from /home/airflow/.local/lib/python3.8/site-packages/airflow/example_dags/example_complex.py
[2024-09-05T12:47:16.992+0000] {logging_mixin.py:188} INFO - [2024-09-05T12:47:16.992+0000] {dag.py:3036} INFO - Sync 1 DAGs
[2024-09-05T12:47:17.006+0000] {logging_mixin.py:188} INFO - [2024-09-05T12:47:17.006+0000] {dag.py:3823} INFO - Setting next_dagrun for example_complex to None, run_after=None
[2024-09-05T12:47:17.040+0000] {processor.py:183} INFO - Processing /home/airflow/.local/lib/python3.8/site-packages/airflow/example_dags/example_complex.py took 0.114 seconds
[2024-09-05T12:47:47.158+0000] {processor.py:161} INFO - Started process (PID=322) to work on /home/airflow/.local/lib/python3.8/site-packages/airflow/example_dags/example_complex.py
[2024-09-05T12:47:47.160+0000] {processor.py:830} INFO - Processing file /home/airflow/.local/lib/python3.8/site-packages/airflow/example_dags/example_complex.py for tasks to queue
[2024-09-05T12:47:47.162+0000] {logging_mixin.py:188} INFO - [2024-09-05T12:47:47.161+0000] {dagbag.py:538} INFO - Filling up the DagBag from /home/airflow/.local/lib/python3.8/site-packages/airflow/example_dags/example_complex.py
[2024-09-05T12:47:47.174+0000] {processor.py:840} INFO - DAG(s) 'example_complex' retrieved from /home/airflow/.local/lib/python3.8/site-packages/airflow/example_dags/example_complex.py
[2024-09-05T12:47:47.214+0000] {logging_mixin.py:188} INFO - [2024-09-05T12:47:47.213+0000] {dag.py:3036} INFO - Sync 1 DAGs
[2024-09-05T12:47:47.227+0000] {logging_mixin.py:188} INFO - [2024-09-05T12:47:47.226+0000] {dag.py:3823} INFO - Setting next_dagrun for example_complex to None, run_after=None
[2024-09-05T12:47:47.250+0000] {processor.py:183} INFO - Processing /home/airflow/.local/lib/python3.8/site-packages/airflow/example_dags/example_complex.py took 0.095 seconds
[2024-09-05T12:48:17.370+0000] {processor.py:161} INFO - Started process (PID=379) to work on /home/airflow/.local/lib/python3.8/site-packages/airflow/example_dags/example_complex.py
[2024-09-05T12:48:17.371+0000] {processor.py:830} INFO - Processing file /home/airflow/.local/lib/python3.8/site-packages/airflow/example_dags/example_complex.py for tasks to queue
[2024-09-05T12:48:17.373+0000] {logging_mixin.py:188} INFO - [2024-09-05T12:48:17.372+0000] {dagbag.py:538} INFO - Filling up the DagBag from /home/airflow/.local/lib/python3.8/site-packages/airflow/example_dags/example_complex.py
[2024-09-05T12:48:17.385+0000] {processor.py:840} INFO - DAG(s) 'example_complex' retrieved from /home/airflow/.local/lib/python3.8/site-packages/airflow/example_dags/example_complex.py
[2024-09-05T12:48:17.425+0000] {logging_mixin.py:188} INFO - [2024-09-05T12:48:17.425+0000] {dag.py:3036} INFO - Sync 1 DAGs
[2024-09-05T12:48:17.441+0000] {logging_mixin.py:188} INFO - [2024-09-05T12:48:17.440+0000] {dag.py:3823} INFO - Setting next_dagrun for example_complex to None, run_after=None
[2024-09-05T12:48:17.462+0000] {processor.py:183} INFO - Processing /home/airflow/.local/lib/python3.8/site-packages/airflow/example_dags/example_complex.py took 0.096 seconds
[2024-09-05T12:48:47.607+0000] {processor.py:161} INFO - Started process (PID=436) to work on /home/airflow/.local/lib/python3.8/site-packages/airflow/example_dags/example_complex.py
[2024-09-05T12:48:47.608+0000] {processor.py:830} INFO - Processing file /home/airflow/.local/lib/python3.8/site-packages/airflow/example_dags/example_complex.py for tasks to queue
[2024-09-05T12:48:47.610+0000] {logging_mixin.py:188} INFO - [2024-09-05T12:48:47.610+0000] {dagbag.py:538} INFO - Filling up the DagBag from /home/airflow/.local/lib/python3.8/site-packages/airflow/example_dags/example_complex.py
[2024-09-05T12:48:47.625+0000] {processor.py:840} INFO - DAG(s) 'example_complex' retrieved from /home/airflow/.local/lib/python3.8/site-packages/airflow/example_dags/example_complex.py
[2024-09-05T12:48:47.665+0000] {logging_mixin.py:188} INFO - [2024-09-05T12:48:47.664+0000] {dag.py:3036} INFO - Sync 1 DAGs
[2024-09-05T12:48:47.680+0000] {logging_mixin.py:188} INFO - [2024-09-05T12:48:47.679+0000] {dag.py:3823} INFO - Setting next_dagrun for example_complex to None, run_after=None
[2024-09-05T12:48:47.702+0000] {processor.py:183} INFO - Processing /home/airflow/.local/lib/python3.8/site-packages/airflow/example_dags/example_complex.py took 0.100 seconds
[2024-09-05T12:49:17.789+0000] {processor.py:161} INFO - Started process (PID=493) to work on /home/airflow/.local/lib/python3.8/site-packages/airflow/example_dags/example_complex.py
[2024-09-05T12:49:17.790+0000] {processor.py:830} INFO - Processing file /home/airflow/.local/lib/python3.8/site-packages/airflow/example_dags/example_complex.py for tasks to queue
[2024-09-05T12:49:17.791+0000] {logging_mixin.py:188} INFO - [2024-09-05T12:49:17.791+0000] {dagbag.py:538} INFO - Filling up the DagBag from /home/airflow/.local/lib/python3.8/site-packages/airflow/example_dags/example_complex.py
[2024-09-05T12:49:17.808+0000] {processor.py:840} INFO - DAG(s) 'example_complex' retrieved from /home/airflow/.local/lib/python3.8/site-packages/airflow/example_dags/example_complex.py
[2024-09-05T12:49:17.851+0000] {logging_mixin.py:188} INFO - [2024-09-05T12:49:17.851+0000] {dag.py:3036} INFO - Sync 1 DAGs
[2024-09-05T12:49:17.866+0000] {logging_mixin.py:188} INFO - [2024-09-05T12:49:17.866+0000] {dag.py:3823} INFO - Setting next_dagrun for example_complex to None, run_after=None
[2024-09-05T12:49:17.885+0000] {processor.py:183} INFO - Processing /home/airflow/.local/lib/python3.8/site-packages/airflow/example_dags/example_complex.py took 0.102 seconds
[2024-09-05T12:49:48.043+0000] {processor.py:161} INFO - Started process (PID=550) to work on /home/airflow/.local/lib/python3.8/site-packages/airflow/example_dags/example_complex.py
[2024-09-05T12:49:48.044+0000] {processor.py:830} INFO - Processing file /home/airflow/.local/lib/python3.8/site-packages/airflow/example_dags/example_complex.py for tasks to queue
[2024-09-05T12:49:48.045+0000] {logging_mixin.py:188} INFO - [2024-09-05T12:49:48.045+0000] {dagbag.py:538} INFO - Filling up the DagBag from /home/airflow/.local/lib/python3.8/site-packages/airflow/example_dags/example_complex.py
[2024-09-05T12:49:48.060+0000] {processor.py:840} INFO - DAG(s) 'example_complex' retrieved from /home/airflow/.local/lib/python3.8/site-packages/airflow/example_dags/example_complex.py
[2024-09-05T12:49:48.104+0000] {logging_mixin.py:188} INFO - [2024-09-05T12:49:48.104+0000] {dag.py:3036} INFO - Sync 1 DAGs
[2024-09-05T12:49:48.118+0000] {logging_mixin.py:188} INFO - [2024-09-05T12:49:48.118+0000] {dag.py:3823} INFO - Setting next_dagrun for example_complex to None, run_after=None
[2024-09-05T12:49:48.140+0000] {processor.py:183} INFO - Processing /home/airflow/.local/lib/python3.8/site-packages/airflow/example_dags/example_complex.py took 0.101 seconds
[2024-09-05T12:50:18.410+0000] {processor.py:161} INFO - Started process (PID=607) to work on /home/airflow/.local/lib/python3.8/site-packages/airflow/example_dags/example_complex.py
[2024-09-05T12:50:18.411+0000] {processor.py:830} INFO - Processing file /home/airflow/.local/lib/python3.8/site-packages/airflow/example_dags/example_complex.py for tasks to queue
[2024-09-05T12:50:18.412+0000] {logging_mixin.py:188} INFO - [2024-09-05T12:50:18.412+0000] {dagbag.py:538} INFO - Filling up the DagBag from /home/airflow/.local/lib/python3.8/site-packages/airflow/example_dags/example_complex.py
[2024-09-05T12:50:18.428+0000] {processor.py:840} INFO - DAG(s) 'example_complex' retrieved from /home/airflow/.local/lib/python3.8/site-packages/airflow/example_dags/example_complex.py
[2024-09-05T12:50:18.484+0000] {logging_mixin.py:188} INFO - [2024-09-05T12:50:18.484+0000] {dag.py:3036} INFO - Sync 1 DAGs
[2024-09-05T12:50:18.501+0000] {logging_mixin.py:188} INFO - [2024-09-05T12:50:18.501+0000] {dag.py:3823} INFO - Setting next_dagrun for example_complex to None, run_after=None
[2024-09-05T12:50:18.529+0000] {processor.py:183} INFO - Processing /home/airflow/.local/lib/python3.8/site-packages/airflow/example_dags/example_complex.py took 0.123 seconds
[2024-09-05T12:50:48.808+0000] {processor.py:161} INFO - Started process (PID=665) to work on /home/airflow/.local/lib/python3.8/site-packages/airflow/example_dags/example_complex.py
[2024-09-05T12:50:48.809+0000] {processor.py:830} INFO - Processing file /home/airflow/.local/lib/python3.8/site-packages/airflow/example_dags/example_complex.py for tasks to queue
[2024-09-05T12:50:48.811+0000] {logging_mixin.py:188} INFO - [2024-09-05T12:50:48.810+0000] {dagbag.py:538} INFO - Filling up the DagBag from /home/airflow/.local/lib/python3.8/site-packages/airflow/example_dags/example_complex.py
[2024-09-05T12:50:48.822+0000] {processor.py:840} INFO - DAG(s) 'example_complex' retrieved from /home/airflow/.local/lib/python3.8/site-packages/airflow/example_dags/example_complex.py
[2024-09-05T12:50:48.863+0000] {logging_mixin.py:188} INFO - [2024-09-05T12:50:48.863+0000] {dag.py:3036} INFO - Sync 1 DAGs
[2024-09-05T12:50:48.875+0000] {logging_mixin.py:188} INFO - [2024-09-05T12:50:48.874+0000] {dag.py:3823} INFO - Setting next_dagrun for example_complex to None, run_after=None
[2024-09-05T12:50:48.897+0000] {processor.py:183} INFO - Processing /home/airflow/.local/lib/python3.8/site-packages/airflow/example_dags/example_complex.py took 0.093 seconds
[2024-09-05T12:51:19.274+0000] {processor.py:161} INFO - Started process (PID=722) to work on /home/airflow/.local/lib/python3.8/site-packages/airflow/example_dags/example_complex.py
[2024-09-05T12:51:19.275+0000] {processor.py:830} INFO - Processing file /home/airflow/.local/lib/python3.8/site-packages/airflow/example_dags/example_complex.py for tasks to queue
[2024-09-05T12:51:19.276+0000] {logging_mixin.py:188} INFO - [2024-09-05T12:51:19.275+0000] {dagbag.py:538} INFO - Filling up the DagBag from /home/airflow/.local/lib/python3.8/site-packages/airflow/example_dags/example_complex.py
[2024-09-05T12:51:19.289+0000] {processor.py:840} INFO - DAG(s) 'example_complex' retrieved from /home/airflow/.local/lib/python3.8/site-packages/airflow/example_dags/example_complex.py
[2024-09-05T12:51:19.327+0000] {logging_mixin.py:188} INFO - [2024-09-05T12:51:19.327+0000] {dag.py:3036} INFO - Sync 1 DAGs
[2024-09-05T12:51:19.342+0000] {logging_mixin.py:188} INFO - [2024-09-05T12:51:19.342+0000] {dag.py:3823} INFO - Setting next_dagrun for example_complex to None, run_after=None
[2024-09-05T12:51:19.364+0000] {processor.py:183} INFO - Processing /home/airflow/.local/lib/python3.8/site-packages/airflow/example_dags/example_complex.py took 0.096 seconds
[2024-09-05T12:51:49.683+0000] {processor.py:161} INFO - Started process (PID=779) to work on /home/airflow/.local/lib/python3.8/site-packages/airflow/example_dags/example_complex.py
[2024-09-05T12:51:49.684+0000] {processor.py:830} INFO - Processing file /home/airflow/.local/lib/python3.8/site-packages/airflow/example_dags/example_complex.py for tasks to queue
[2024-09-05T12:51:49.685+0000] {logging_mixin.py:188} INFO - [2024-09-05T12:51:49.685+0000] {dagbag.py:538} INFO - Filling up the DagBag from /home/airflow/.local/lib/python3.8/site-packages/airflow/example_dags/example_complex.py
[2024-09-05T12:51:49.698+0000] {processor.py:840} INFO - DAG(s) 'example_complex' retrieved from /home/airflow/.local/lib/python3.8/site-packages/airflow/example_dags/example_complex.py
[2024-09-05T12:51:49.731+0000] {logging_mixin.py:188} INFO - [2024-09-05T12:51:49.731+0000] {dag.py:3036} INFO - Sync 1 DAGs
[2024-09-05T12:51:49.746+0000] {logging_mixin.py:188} INFO - [2024-09-05T12:51:49.746+0000] {dag.py:3823} INFO - Setting next_dagrun for example_complex to None, run_after=None
[2024-09-05T12:51:49.767+0000] {processor.py:183} INFO - Processing /home/airflow/.local/lib/python3.8/site-packages/airflow/example_dags/example_complex.py took 0.087 seconds
[2024-09-05T12:52:20.075+0000] {processor.py:161} INFO - Started process (PID=836) to work on /home/airflow/.local/lib/python3.8/site-packages/airflow/example_dags/example_complex.py
[2024-09-05T12:52:20.076+0000] {processor.py:830} INFO - Processing file /home/airflow/.local/lib/python3.8/site-packages/airflow/example_dags/example_complex.py for tasks to queue
[2024-09-05T12:52:20.077+0000] {logging_mixin.py:188} INFO - [2024-09-05T12:52:20.076+0000] {dagbag.py:538} INFO - Filling up the DagBag from /home/airflow/.local/lib/python3.8/site-packages/airflow/example_dags/example_complex.py
[2024-09-05T12:52:20.090+0000] {processor.py:840} INFO - DAG(s) 'example_complex' retrieved from /home/airflow/.local/lib/python3.8/site-packages/airflow/example_dags/example_complex.py
[2024-09-05T12:52:20.121+0000] {logging_mixin.py:188} INFO - [2024-09-05T12:52:20.120+0000] {dag.py:3036} INFO - Sync 1 DAGs
[2024-09-05T12:52:20.136+0000] {logging_mixin.py:188} INFO - [2024-09-05T12:52:20.136+0000] {dag.py:3823} INFO - Setting next_dagrun for example_complex to None, run_after=None
[2024-09-05T12:52:20.160+0000] {processor.py:183} INFO - Processing /home/airflow/.local/lib/python3.8/site-packages/airflow/example_dags/example_complex.py took 0.089 seconds
[2024-09-05T12:52:50.250+0000] {processor.py:161} INFO - Started process (PID=892) to work on /home/airflow/.local/lib/python3.8/site-packages/airflow/example_dags/example_complex.py
[2024-09-05T12:52:50.251+0000] {processor.py:830} INFO - Processing file /home/airflow/.local/lib/python3.8/site-packages/airflow/example_dags/example_complex.py for tasks to queue
[2024-09-05T12:52:50.252+0000] {logging_mixin.py:188} INFO - [2024-09-05T12:52:50.252+0000] {dagbag.py:538} INFO - Filling up the DagBag from /home/airflow/.local/lib/python3.8/site-packages/airflow/example_dags/example_complex.py
[2024-09-05T12:52:50.267+0000] {processor.py:840} INFO - DAG(s) 'example_complex' retrieved from /home/airflow/.local/lib/python3.8/site-packages/airflow/example_dags/example_complex.py
[2024-09-05T12:52:50.299+0000] {logging_mixin.py:188} INFO - [2024-09-05T12:52:50.298+0000] {dag.py:3036} INFO - Sync 1 DAGs
[2024-09-05T12:52:50.312+0000] {logging_mixin.py:188} INFO - [2024-09-05T12:52:50.311+0000] {dag.py:3823} INFO - Setting next_dagrun for example_complex to None, run_after=None
[2024-09-05T12:52:50.340+0000] {processor.py:183} INFO - Processing /home/airflow/.local/lib/python3.8/site-packages/airflow/example_dags/example_complex.py took 0.094 seconds
[2024-09-05T12:53:20.415+0000] {processor.py:161} INFO - Started process (PID=949) to work on /home/airflow/.local/lib/python3.8/site-packages/airflow/example_dags/example_complex.py
[2024-09-05T12:53:20.417+0000] {processor.py:830} INFO - Processing file /home/airflow/.local/lib/python3.8/site-packages/airflow/example_dags/example_complex.py for tasks to queue
[2024-09-05T12:53:20.418+0000] {logging_mixin.py:188} INFO - [2024-09-05T12:53:20.418+0000] {dagbag.py:538} INFO - Filling up the DagBag from /home/airflow/.local/lib/python3.8/site-packages/airflow/example_dags/example_complex.py
[2024-09-05T12:53:20.434+0000] {processor.py:840} INFO - DAG(s) 'example_complex' retrieved from /home/airflow/.local/lib/python3.8/site-packages/airflow/example_dags/example_complex.py
[2024-09-05T12:53:20.475+0000] {logging_mixin.py:188} INFO - [2024-09-05T12:53:20.475+0000] {dag.py:3036} INFO - Sync 1 DAGs
[2024-09-05T12:53:20.502+0000] {logging_mixin.py:188} INFO - [2024-09-05T12:53:20.501+0000] {dag.py:3823} INFO - Setting next_dagrun for example_complex to None, run_after=None
[2024-09-05T12:53:20.538+0000] {processor.py:183} INFO - Processing /home/airflow/.local/lib/python3.8/site-packages/airflow/example_dags/example_complex.py took 0.127 seconds
[2024-09-05T12:53:50.637+0000] {processor.py:161} INFO - Started process (PID=1006) to work on /home/airflow/.local/lib/python3.8/site-packages/airflow/example_dags/example_complex.py
[2024-09-05T12:53:50.637+0000] {processor.py:830} INFO - Processing file /home/airflow/.local/lib/python3.8/site-packages/airflow/example_dags/example_complex.py for tasks to queue
[2024-09-05T12:53:50.638+0000] {logging_mixin.py:188} INFO - [2024-09-05T12:53:50.638+0000] {dagbag.py:538} INFO - Filling up the DagBag from /home/airflow/.local/lib/python3.8/site-packages/airflow/example_dags/example_complex.py
[2024-09-05T12:53:50.651+0000] {processor.py:840} INFO - DAG(s) 'example_complex' retrieved from /home/airflow/.local/lib/python3.8/site-packages/airflow/example_dags/example_complex.py
[2024-09-05T12:53:50.694+0000] {logging_mixin.py:188} INFO - [2024-09-05T12:53:50.693+0000] {dag.py:3036} INFO - Sync 1 DAGs
[2024-09-05T12:53:50.712+0000] {logging_mixin.py:188} INFO - [2024-09-05T12:53:50.712+0000] {dag.py:3823} INFO - Setting next_dagrun for example_complex to None, run_after=None
[2024-09-05T12:53:50.734+0000] {processor.py:183} INFO - Processing /home/airflow/.local/lib/python3.8/site-packages/airflow/example_dags/example_complex.py took 0.101 seconds
[2024-09-05T12:54:20.859+0000] {processor.py:161} INFO - Started process (PID=1063) to work on /home/airflow/.local/lib/python3.8/site-packages/airflow/example_dags/example_complex.py
[2024-09-05T12:54:20.860+0000] {processor.py:830} INFO - Processing file /home/airflow/.local/lib/python3.8/site-packages/airflow/example_dags/example_complex.py for tasks to queue
[2024-09-05T12:54:20.861+0000] {logging_mixin.py:188} INFO - [2024-09-05T12:54:20.861+0000] {dagbag.py:538} INFO - Filling up the DagBag from /home/airflow/.local/lib/python3.8/site-packages/airflow/example_dags/example_complex.py
[2024-09-05T12:54:20.877+0000] {processor.py:840} INFO - DAG(s) 'example_complex' retrieved from /home/airflow/.local/lib/python3.8/site-packages/airflow/example_dags/example_complex.py
[2024-09-05T12:54:20.910+0000] {logging_mixin.py:188} INFO - [2024-09-05T12:54:20.910+0000] {dag.py:3036} INFO - Sync 1 DAGs
[2024-09-05T12:54:20.925+0000] {logging_mixin.py:188} INFO - [2024-09-05T12:54:20.925+0000] {dag.py:3823} INFO - Setting next_dagrun for example_complex to None, run_after=None
[2024-09-05T12:54:20.951+0000] {processor.py:183} INFO - Processing /home/airflow/.local/lib/python3.8/site-packages/airflow/example_dags/example_complex.py took 0.096 seconds
[2024-09-05T12:54:51.411+0000] {processor.py:161} INFO - Started process (PID=1120) to work on /home/airflow/.local/lib/python3.8/site-packages/airflow/example_dags/example_complex.py
[2024-09-05T12:54:51.412+0000] {processor.py:830} INFO - Processing file /home/airflow/.local/lib/python3.8/site-packages/airflow/example_dags/example_complex.py for tasks to queue
[2024-09-05T12:54:51.413+0000] {logging_mixin.py:188} INFO - [2024-09-05T12:54:51.413+0000] {dagbag.py:538} INFO - Filling up the DagBag from /home/airflow/.local/lib/python3.8/site-packages/airflow/example_dags/example_complex.py
[2024-09-05T12:54:51.424+0000] {processor.py:840} INFO - DAG(s) 'example_complex' retrieved from /home/airflow/.local/lib/python3.8/site-packages/airflow/example_dags/example_complex.py
[2024-09-05T12:54:51.457+0000] {logging_mixin.py:188} INFO - [2024-09-05T12:54:51.457+0000] {dag.py:3036} INFO - Sync 1 DAGs
[2024-09-05T12:54:51.471+0000] {logging_mixin.py:188} INFO - [2024-09-05T12:54:51.470+0000] {dag.py:3823} INFO - Setting next_dagrun for example_complex to None, run_after=None
[2024-09-05T12:54:51.496+0000] {processor.py:183} INFO - Processing /home/airflow/.local/lib/python3.8/site-packages/airflow/example_dags/example_complex.py took 0.088 seconds
[2024-09-05T12:55:21.564+0000] {processor.py:161} INFO - Started process (PID=1177) to work on /home/airflow/.local/lib/python3.8/site-packages/airflow/example_dags/example_complex.py
[2024-09-05T12:55:21.565+0000] {processor.py:830} INFO - Processing file /home/airflow/.local/lib/python3.8/site-packages/airflow/example_dags/example_complex.py for tasks to queue
[2024-09-05T12:55:21.566+0000] {logging_mixin.py:188} INFO - [2024-09-05T12:55:21.566+0000] {dagbag.py:538} INFO - Filling up the DagBag from /home/airflow/.local/lib/python3.8/site-packages/airflow/example_dags/example_complex.py
[2024-09-05T12:55:21.581+0000] {processor.py:840} INFO - DAG(s) 'example_complex' retrieved from /home/airflow/.local/lib/python3.8/site-packages/airflow/example_dags/example_complex.py
[2024-09-05T12:55:21.616+0000] {logging_mixin.py:188} INFO - [2024-09-05T12:55:21.616+0000] {dag.py:3036} INFO - Sync 1 DAGs
[2024-09-05T12:55:21.631+0000] {logging_mixin.py:188} INFO - [2024-09-05T12:55:21.631+0000] {dag.py:3823} INFO - Setting next_dagrun for example_complex to None, run_after=None
[2024-09-05T12:55:21.652+0000] {processor.py:183} INFO - Processing /home/airflow/.local/lib/python3.8/site-packages/airflow/example_dags/example_complex.py took 0.092 seconds
[2024-09-05T12:55:51.715+0000] {processor.py:161} INFO - Started process (PID=1234) to work on /home/airflow/.local/lib/python3.8/site-packages/airflow/example_dags/example_complex.py
[2024-09-05T12:55:51.715+0000] {processor.py:830} INFO - Processing file /home/airflow/.local/lib/python3.8/site-packages/airflow/example_dags/example_complex.py for tasks to queue
[2024-09-05T12:55:51.716+0000] {logging_mixin.py:188} INFO - [2024-09-05T12:55:51.716+0000] {dagbag.py:538} INFO - Filling up the DagBag from /home/airflow/.local/lib/python3.8/site-packages/airflow/example_dags/example_complex.py
[2024-09-05T12:55:51.727+0000] {processor.py:840} INFO - DAG(s) 'example_complex' retrieved from /home/airflow/.local/lib/python3.8/site-packages/airflow/example_dags/example_complex.py
[2024-09-05T12:55:51.761+0000] {logging_mixin.py:188} INFO - [2024-09-05T12:55:51.761+0000] {dag.py:3036} INFO - Sync 1 DAGs
[2024-09-05T12:55:51.776+0000] {logging_mixin.py:188} INFO - [2024-09-05T12:55:51.776+0000] {dag.py:3823} INFO - Setting next_dagrun for example_complex to None, run_after=None
[2024-09-05T12:55:51.810+0000] {processor.py:183} INFO - Processing /home/airflow/.local/lib/python3.8/site-packages/airflow/example_dags/example_complex.py took 0.099 seconds
[2024-09-05T12:56:21.886+0000] {processor.py:161} INFO - Started process (PID=1291) to work on /home/airflow/.local/lib/python3.8/site-packages/airflow/example_dags/example_complex.py
[2024-09-05T12:56:21.887+0000] {processor.py:830} INFO - Processing file /home/airflow/.local/lib/python3.8/site-packages/airflow/example_dags/example_complex.py for tasks to queue
[2024-09-05T12:56:21.888+0000] {logging_mixin.py:188} INFO - [2024-09-05T12:56:21.888+0000] {dagbag.py:538} INFO - Filling up the DagBag from /home/airflow/.local/lib/python3.8/site-packages/airflow/example_dags/example_complex.py
[2024-09-05T12:56:21.903+0000] {processor.py:840} INFO - DAG(s) 'example_complex' retrieved from /home/airflow/.local/lib/python3.8/site-packages/airflow/example_dags/example_complex.py
[2024-09-05T12:56:21.938+0000] {logging_mixin.py:188} INFO - [2024-09-05T12:56:21.938+0000] {dag.py:3036} INFO - Sync 1 DAGs
[2024-09-05T12:56:21.958+0000] {logging_mixin.py:188} INFO - [2024-09-05T12:56:21.958+0000] {dag.py:3823} INFO - Setting next_dagrun for example_complex to None, run_after=None
[2024-09-05T12:56:21.983+0000] {processor.py:183} INFO - Processing /home/airflow/.local/lib/python3.8/site-packages/airflow/example_dags/example_complex.py took 0.102 seconds
[2024-09-05T12:56:52.080+0000] {processor.py:161} INFO - Started process (PID=1348) to work on /home/airflow/.local/lib/python3.8/site-packages/airflow/example_dags/example_complex.py
[2024-09-05T12:56:52.081+0000] {processor.py:830} INFO - Processing file /home/airflow/.local/lib/python3.8/site-packages/airflow/example_dags/example_complex.py for tasks to queue
[2024-09-05T12:56:52.081+0000] {logging_mixin.py:188} INFO - [2024-09-05T12:56:52.081+0000] {dagbag.py:538} INFO - Filling up the DagBag from /home/airflow/.local/lib/python3.8/site-packages/airflow/example_dags/example_complex.py
[2024-09-05T12:56:52.093+0000] {processor.py:840} INFO - DAG(s) 'example_complex' retrieved from /home/airflow/.local/lib/python3.8/site-packages/airflow/example_dags/example_complex.py
[2024-09-05T12:56:52.128+0000] {logging_mixin.py:188} INFO - [2024-09-05T12:56:52.128+0000] {dag.py:3036} INFO - Sync 1 DAGs
[2024-09-05T12:56:52.140+0000] {logging_mixin.py:188} INFO - [2024-09-05T12:56:52.140+0000] {dag.py:3823} INFO - Setting next_dagrun for example_complex to None, run_after=None
[2024-09-05T12:56:52.165+0000] {processor.py:183} INFO - Processing /home/airflow/.local/lib/python3.8/site-packages/airflow/example_dags/example_complex.py took 0.089 seconds
[2024-09-05T12:57:22.295+0000] {processor.py:161} INFO - Started process (PID=1405) to work on /home/airflow/.local/lib/python3.8/site-packages/airflow/example_dags/example_complex.py
[2024-09-05T12:57:22.295+0000] {processor.py:830} INFO - Processing file /home/airflow/.local/lib/python3.8/site-packages/airflow/example_dags/example_complex.py for tasks to queue
[2024-09-05T12:57:22.297+0000] {logging_mixin.py:188} INFO - [2024-09-05T12:57:22.296+0000] {dagbag.py:538} INFO - Filling up the DagBag from /home/airflow/.local/lib/python3.8/site-packages/airflow/example_dags/example_complex.py
[2024-09-05T12:57:22.307+0000] {processor.py:840} INFO - DAG(s) 'example_complex' retrieved from /home/airflow/.local/lib/python3.8/site-packages/airflow/example_dags/example_complex.py
[2024-09-05T12:57:22.339+0000] {logging_mixin.py:188} INFO - [2024-09-05T12:57:22.339+0000] {dag.py:3036} INFO - Sync 1 DAGs
[2024-09-05T12:57:22.353+0000] {logging_mixin.py:188} INFO - [2024-09-05T12:57:22.353+0000] {dag.py:3823} INFO - Setting next_dagrun for example_complex to None, run_after=None
[2024-09-05T12:57:22.375+0000] {processor.py:183} INFO - Processing /home/airflow/.local/lib/python3.8/site-packages/airflow/example_dags/example_complex.py took 0.084 seconds
[2024-09-05T12:57:52.446+0000] {processor.py:161} INFO - Started process (PID=1460) to work on /home/airflow/.local/lib/python3.8/site-packages/airflow/example_dags/example_complex.py
[2024-09-05T12:57:52.447+0000] {processor.py:830} INFO - Processing file /home/airflow/.local/lib/python3.8/site-packages/airflow/example_dags/example_complex.py for tasks to queue
[2024-09-05T12:57:52.448+0000] {logging_mixin.py:188} INFO - [2024-09-05T12:57:52.448+0000] {dagbag.py:538} INFO - Filling up the DagBag from /home/airflow/.local/lib/python3.8/site-packages/airflow/example_dags/example_complex.py
[2024-09-05T12:57:52.461+0000] {processor.py:840} INFO - DAG(s) 'example_complex' retrieved from /home/airflow/.local/lib/python3.8/site-packages/airflow/example_dags/example_complex.py
[2024-09-05T12:57:52.499+0000] {logging_mixin.py:188} INFO - [2024-09-05T12:57:52.499+0000] {dag.py:3036} INFO - Sync 1 DAGs
[2024-09-05T12:57:52.517+0000] {logging_mixin.py:188} INFO - [2024-09-05T12:57:52.516+0000] {dag.py:3823} INFO - Setting next_dagrun for example_complex to None, run_after=None
[2024-09-05T12:57:52.545+0000] {processor.py:183} INFO - Processing /home/airflow/.local/lib/python3.8/site-packages/airflow/example_dags/example_complex.py took 0.103 seconds
[2024-09-05T12:58:23.018+0000] {processor.py:161} INFO - Started process (PID=1517) to work on /home/airflow/.local/lib/python3.8/site-packages/airflow/example_dags/example_complex.py
[2024-09-05T12:58:23.019+0000] {processor.py:830} INFO - Processing file /home/airflow/.local/lib/python3.8/site-packages/airflow/example_dags/example_complex.py for tasks to queue
[2024-09-05T12:58:23.020+0000] {logging_mixin.py:188} INFO - [2024-09-05T12:58:23.020+0000] {dagbag.py:538} INFO - Filling up the DagBag from /home/airflow/.local/lib/python3.8/site-packages/airflow/example_dags/example_complex.py
[2024-09-05T12:58:23.033+0000] {processor.py:840} INFO - DAG(s) 'example_complex' retrieved from /home/airflow/.local/lib/python3.8/site-packages/airflow/example_dags/example_complex.py
[2024-09-05T12:58:23.065+0000] {logging_mixin.py:188} INFO - [2024-09-05T12:58:23.065+0000] {dag.py:3036} INFO - Sync 1 DAGs
[2024-09-05T12:58:23.078+0000] {logging_mixin.py:188} INFO - [2024-09-05T12:58:23.077+0000] {dag.py:3823} INFO - Setting next_dagrun for example_complex to None, run_after=None
[2024-09-05T12:58:23.103+0000] {processor.py:183} INFO - Processing /home/airflow/.local/lib/python3.8/site-packages/airflow/example_dags/example_complex.py took 0.089 seconds
[2024-09-05T12:58:53.352+0000] {processor.py:161} INFO - Started process (PID=1574) to work on /home/airflow/.local/lib/python3.8/site-packages/airflow/example_dags/example_complex.py
[2024-09-05T12:58:53.353+0000] {processor.py:830} INFO - Processing file /home/airflow/.local/lib/python3.8/site-packages/airflow/example_dags/example_complex.py for tasks to queue
[2024-09-05T12:58:53.354+0000] {logging_mixin.py:188} INFO - [2024-09-05T12:58:53.354+0000] {dagbag.py:538} INFO - Filling up the DagBag from /home/airflow/.local/lib/python3.8/site-packages/airflow/example_dags/example_complex.py
[2024-09-05T12:58:53.371+0000] {processor.py:840} INFO - DAG(s) 'example_complex' retrieved from /home/airflow/.local/lib/python3.8/site-packages/airflow/example_dags/example_complex.py
[2024-09-05T12:58:53.405+0000] {logging_mixin.py:188} INFO - [2024-09-05T12:58:53.404+0000] {dag.py:3036} INFO - Sync 1 DAGs
[2024-09-05T12:58:53.420+0000] {logging_mixin.py:188} INFO - [2024-09-05T12:58:53.420+0000] {dag.py:3823} INFO - Setting next_dagrun for example_complex to None, run_after=None
[2024-09-05T12:58:53.444+0000] {processor.py:183} INFO - Processing /home/airflow/.local/lib/python3.8/site-packages/airflow/example_dags/example_complex.py took 0.096 seconds
[2024-09-05T12:59:23.814+0000] {processor.py:161} INFO - Started process (PID=1631) to work on /home/airflow/.local/lib/python3.8/site-packages/airflow/example_dags/example_complex.py
[2024-09-05T12:59:23.815+0000] {processor.py:830} INFO - Processing file /home/airflow/.local/lib/python3.8/site-packages/airflow/example_dags/example_complex.py for tasks to queue
[2024-09-05T12:59:23.816+0000] {logging_mixin.py:188} INFO - [2024-09-05T12:59:23.816+0000] {dagbag.py:538} INFO - Filling up the DagBag from /home/airflow/.local/lib/python3.8/site-packages/airflow/example_dags/example_complex.py
[2024-09-05T12:59:23.829+0000] {processor.py:840} INFO - DAG(s) 'example_complex' retrieved from /home/airflow/.local/lib/python3.8/site-packages/airflow/example_dags/example_complex.py
[2024-09-05T12:59:23.864+0000] {logging_mixin.py:188} INFO - [2024-09-05T12:59:23.863+0000] {dag.py:3036} INFO - Sync 1 DAGs
[2024-09-05T12:59:23.878+0000] {logging_mixin.py:188} INFO - [2024-09-05T12:59:23.878+0000] {dag.py:3823} INFO - Setting next_dagrun for example_complex to None, run_after=None
[2024-09-05T12:59:23.903+0000] {processor.py:183} INFO - Processing /home/airflow/.local/lib/python3.8/site-packages/airflow/example_dags/example_complex.py took 0.092 seconds
[2024-09-05T12:59:54.105+0000] {processor.py:161} INFO - Started process (PID=1688) to work on /home/airflow/.local/lib/python3.8/site-packages/airflow/example_dags/example_complex.py
[2024-09-05T12:59:54.106+0000] {processor.py:830} INFO - Processing file /home/airflow/.local/lib/python3.8/site-packages/airflow/example_dags/example_complex.py for tasks to queue
[2024-09-05T12:59:54.108+0000] {logging_mixin.py:188} INFO - [2024-09-05T12:59:54.107+0000] {dagbag.py:538} INFO - Filling up the DagBag from /home/airflow/.local/lib/python3.8/site-packages/airflow/example_dags/example_complex.py
[2024-09-05T12:59:54.119+0000] {processor.py:840} INFO - DAG(s) 'example_complex' retrieved from /home/airflow/.local/lib/python3.8/site-packages/airflow/example_dags/example_complex.py
[2024-09-05T12:59:54.154+0000] {logging_mixin.py:188} INFO - [2024-09-05T12:59:54.153+0000] {dag.py:3036} INFO - Sync 1 DAGs
[2024-09-05T12:59:54.171+0000] {logging_mixin.py:188} INFO - [2024-09-05T12:59:54.171+0000] {dag.py:3823} INFO - Setting next_dagrun for example_complex to None, run_after=None
[2024-09-05T12:59:54.197+0000] {processor.py:183} INFO - Processing /home/airflow/.local/lib/python3.8/site-packages/airflow/example_dags/example_complex.py took 0.095 seconds
[2024-09-05T13:00:24.518+0000] {processor.py:161} INFO - Started process (PID=1745) to work on /home/airflow/.local/lib/python3.8/site-packages/airflow/example_dags/example_complex.py
[2024-09-05T13:00:24.519+0000] {processor.py:830} INFO - Processing file /home/airflow/.local/lib/python3.8/site-packages/airflow/example_dags/example_complex.py for tasks to queue
[2024-09-05T13:00:24.520+0000] {logging_mixin.py:188} INFO - [2024-09-05T13:00:24.520+0000] {dagbag.py:538} INFO - Filling up the DagBag from /home/airflow/.local/lib/python3.8/site-packages/airflow/example_dags/example_complex.py
[2024-09-05T13:00:24.532+0000] {processor.py:840} INFO - DAG(s) 'example_complex' retrieved from /home/airflow/.local/lib/python3.8/site-packages/airflow/example_dags/example_complex.py
[2024-09-05T13:00:24.564+0000] {logging_mixin.py:188} INFO - [2024-09-05T13:00:24.563+0000] {dag.py:3036} INFO - Sync 1 DAGs
[2024-09-05T13:00:24.575+0000] {logging_mixin.py:188} INFO - [2024-09-05T13:00:24.575+0000] {dag.py:3823} INFO - Setting next_dagrun for example_complex to None, run_after=None
[2024-09-05T13:00:24.601+0000] {processor.py:183} INFO - Processing /home/airflow/.local/lib/python3.8/site-packages/airflow/example_dags/example_complex.py took 0.087 seconds
[2024-09-05T13:00:54.719+0000] {processor.py:161} INFO - Started process (PID=1802) to work on /home/airflow/.local/lib/python3.8/site-packages/airflow/example_dags/example_complex.py
[2024-09-05T13:00:54.720+0000] {processor.py:830} INFO - Processing file /home/airflow/.local/lib/python3.8/site-packages/airflow/example_dags/example_complex.py for tasks to queue
[2024-09-05T13:00:54.721+0000] {logging_mixin.py:188} INFO - [2024-09-05T13:00:54.721+0000] {dagbag.py:538} INFO - Filling up the DagBag from /home/airflow/.local/lib/python3.8/site-packages/airflow/example_dags/example_complex.py
[2024-09-05T13:00:54.739+0000] {processor.py:840} INFO - DAG(s) 'example_complex' retrieved from /home/airflow/.local/lib/python3.8/site-packages/airflow/example_dags/example_complex.py
[2024-09-05T13:00:54.773+0000] {logging_mixin.py:188} INFO - [2024-09-05T13:00:54.773+0000] {dag.py:3036} INFO - Sync 1 DAGs
[2024-09-05T13:00:54.787+0000] {logging_mixin.py:188} INFO - [2024-09-05T13:00:54.786+0000] {dag.py:3823} INFO - Setting next_dagrun for example_complex to None, run_after=None
[2024-09-05T13:00:54.810+0000] {processor.py:183} INFO - Processing /home/airflow/.local/lib/python3.8/site-packages/airflow/example_dags/example_complex.py took 0.096 seconds
[2024-09-05T13:01:24.941+0000] {processor.py:161} INFO - Started process (PID=1859) to work on /home/airflow/.local/lib/python3.8/site-packages/airflow/example_dags/example_complex.py
[2024-09-05T13:01:24.942+0000] {processor.py:830} INFO - Processing file /home/airflow/.local/lib/python3.8/site-packages/airflow/example_dags/example_complex.py for tasks to queue
[2024-09-05T13:01:24.943+0000] {logging_mixin.py:188} INFO - [2024-09-05T13:01:24.942+0000] {dagbag.py:538} INFO - Filling up the DagBag from /home/airflow/.local/lib/python3.8/site-packages/airflow/example_dags/example_complex.py
[2024-09-05T13:01:24.954+0000] {processor.py:840} INFO - DAG(s) 'example_complex' retrieved from /home/airflow/.local/lib/python3.8/site-packages/airflow/example_dags/example_complex.py
[2024-09-05T13:01:24.986+0000] {logging_mixin.py:188} INFO - [2024-09-05T13:01:24.986+0000] {dag.py:3036} INFO - Sync 1 DAGs
[2024-09-05T13:01:24.999+0000] {logging_mixin.py:188} INFO - [2024-09-05T13:01:24.999+0000] {dag.py:3823} INFO - Setting next_dagrun for example_complex to None, run_after=None
[2024-09-05T13:01:25.028+0000] {processor.py:183} INFO - Processing /home/airflow/.local/lib/python3.8/site-packages/airflow/example_dags/example_complex.py took 0.092 seconds
[2024-09-05T13:01:55.236+0000] {processor.py:161} INFO - Started process (PID=1915) to work on /home/airflow/.local/lib/python3.8/site-packages/airflow/example_dags/example_complex.py
[2024-09-05T13:01:55.237+0000] {processor.py:830} INFO - Processing file /home/airflow/.local/lib/python3.8/site-packages/airflow/example_dags/example_complex.py for tasks to queue
[2024-09-05T13:01:55.238+0000] {logging_mixin.py:188} INFO - [2024-09-05T13:01:55.238+0000] {dagbag.py:538} INFO - Filling up the DagBag from /home/airflow/.local/lib/python3.8/site-packages/airflow/example_dags/example_complex.py
[2024-09-05T13:01:55.249+0000] {processor.py:840} INFO - DAG(s) 'example_complex' retrieved from /home/airflow/.local/lib/python3.8/site-packages/airflow/example_dags/example_complex.py
[2024-09-05T13:01:55.281+0000] {logging_mixin.py:188} INFO - [2024-09-05T13:01:55.281+0000] {dag.py:3036} INFO - Sync 1 DAGs
[2024-09-05T13:01:55.293+0000] {logging_mixin.py:188} INFO - [2024-09-05T13:01:55.293+0000] {dag.py:3823} INFO - Setting next_dagrun for example_complex to None, run_after=None
[2024-09-05T13:01:55.320+0000] {processor.py:183} INFO - Processing /home/airflow/.local/lib/python3.8/site-packages/airflow/example_dags/example_complex.py took 0.087 seconds
[2024-09-05T13:02:25.644+0000] {processor.py:161} INFO - Started process (PID=1972) to work on /home/airflow/.local/lib/python3.8/site-packages/airflow/example_dags/example_complex.py
[2024-09-05T13:02:25.645+0000] {processor.py:830} INFO - Processing file /home/airflow/.local/lib/python3.8/site-packages/airflow/example_dags/example_complex.py for tasks to queue
[2024-09-05T13:02:25.646+0000] {logging_mixin.py:188} INFO - [2024-09-05T13:02:25.646+0000] {dagbag.py:538} INFO - Filling up the DagBag from /home/airflow/.local/lib/python3.8/site-packages/airflow/example_dags/example_complex.py
[2024-09-05T13:02:25.658+0000] {processor.py:840} INFO - DAG(s) 'example_complex' retrieved from /home/airflow/.local/lib/python3.8/site-packages/airflow/example_dags/example_complex.py
[2024-09-05T13:02:25.719+0000] {logging_mixin.py:188} INFO - [2024-09-05T13:02:25.719+0000] {dag.py:3036} INFO - Sync 1 DAGs
[2024-09-05T13:02:25.733+0000] {logging_mixin.py:188} INFO - [2024-09-05T13:02:25.733+0000] {dag.py:3823} INFO - Setting next_dagrun for example_complex to None, run_after=None
[2024-09-05T13:02:25.755+0000] {processor.py:183} INFO - Processing /home/airflow/.local/lib/python3.8/site-packages/airflow/example_dags/example_complex.py took 0.115 seconds
[2024-09-05T13:02:56.709+0000] {processor.py:161} INFO - Started process (PID=2029) to work on /home/airflow/.local/lib/python3.8/site-packages/airflow/example_dags/example_complex.py
[2024-09-05T13:02:56.710+0000] {processor.py:830} INFO - Processing file /home/airflow/.local/lib/python3.8/site-packages/airflow/example_dags/example_complex.py for tasks to queue
[2024-09-05T13:02:56.711+0000] {logging_mixin.py:188} INFO - [2024-09-05T13:02:56.710+0000] {dagbag.py:538} INFO - Filling up the DagBag from /home/airflow/.local/lib/python3.8/site-packages/airflow/example_dags/example_complex.py
[2024-09-05T13:02:56.722+0000] {processor.py:840} INFO - DAG(s) 'example_complex' retrieved from /home/airflow/.local/lib/python3.8/site-packages/airflow/example_dags/example_complex.py
[2024-09-05T13:02:56.757+0000] {logging_mixin.py:188} INFO - [2024-09-05T13:02:56.756+0000] {dag.py:3036} INFO - Sync 1 DAGs
[2024-09-05T13:02:56.769+0000] {logging_mixin.py:188} INFO - [2024-09-05T13:02:56.769+0000] {dag.py:3823} INFO - Setting next_dagrun for example_complex to None, run_after=None
[2024-09-05T13:02:56.799+0000] {processor.py:183} INFO - Processing /home/airflow/.local/lib/python3.8/site-packages/airflow/example_dags/example_complex.py took 0.093 seconds
[2024-09-05T13:03:27.075+0000] {processor.py:161} INFO - Started process (PID=2086) to work on /home/airflow/.local/lib/python3.8/site-packages/airflow/example_dags/example_complex.py
[2024-09-05T13:03:27.077+0000] {processor.py:830} INFO - Processing file /home/airflow/.local/lib/python3.8/site-packages/airflow/example_dags/example_complex.py for tasks to queue
[2024-09-05T13:03:27.079+0000] {logging_mixin.py:188} INFO - [2024-09-05T13:03:27.078+0000] {dagbag.py:538} INFO - Filling up the DagBag from /home/airflow/.local/lib/python3.8/site-packages/airflow/example_dags/example_complex.py
[2024-09-05T13:03:27.093+0000] {processor.py:840} INFO - DAG(s) 'example_complex' retrieved from /home/airflow/.local/lib/python3.8/site-packages/airflow/example_dags/example_complex.py
[2024-09-05T13:03:27.124+0000] {logging_mixin.py:188} INFO - [2024-09-05T13:03:27.124+0000] {dag.py:3036} INFO - Sync 1 DAGs
[2024-09-05T13:03:27.138+0000] {logging_mixin.py:188} INFO - [2024-09-05T13:03:27.138+0000] {dag.py:3823} INFO - Setting next_dagrun for example_complex to None, run_after=None
[2024-09-05T13:03:27.165+0000] {processor.py:183} INFO - Processing /home/airflow/.local/lib/python3.8/site-packages/airflow/example_dags/example_complex.py took 0.099 seconds
[2024-09-05T13:03:57.297+0000] {processor.py:161} INFO - Started process (PID=2143) to work on /home/airflow/.local/lib/python3.8/site-packages/airflow/example_dags/example_complex.py
[2024-09-05T13:03:57.298+0000] {processor.py:830} INFO - Processing file /home/airflow/.local/lib/python3.8/site-packages/airflow/example_dags/example_complex.py for tasks to queue
[2024-09-05T13:03:57.299+0000] {logging_mixin.py:188} INFO - [2024-09-05T13:03:57.299+0000] {dagbag.py:538} INFO - Filling up the DagBag from /home/airflow/.local/lib/python3.8/site-packages/airflow/example_dags/example_complex.py
[2024-09-05T13:03:57.310+0000] {processor.py:840} INFO - DAG(s) 'example_complex' retrieved from /home/airflow/.local/lib/python3.8/site-packages/airflow/example_dags/example_complex.py
[2024-09-05T13:03:57.341+0000] {logging_mixin.py:188} INFO - [2024-09-05T13:03:57.340+0000] {dag.py:3036} INFO - Sync 1 DAGs
[2024-09-05T13:03:57.355+0000] {logging_mixin.py:188} INFO - [2024-09-05T13:03:57.355+0000] {dag.py:3823} INFO - Setting next_dagrun for example_complex to None, run_after=None
[2024-09-05T13:03:57.378+0000] {processor.py:183} INFO - Processing /home/airflow/.local/lib/python3.8/site-packages/airflow/example_dags/example_complex.py took 0.084 seconds
[2024-09-05T13:04:27.449+0000] {processor.py:161} INFO - Started process (PID=2199) to work on /home/airflow/.local/lib/python3.8/site-packages/airflow/example_dags/example_complex.py
[2024-09-05T13:04:27.450+0000] {processor.py:830} INFO - Processing file /home/airflow/.local/lib/python3.8/site-packages/airflow/example_dags/example_complex.py for tasks to queue
[2024-09-05T13:04:27.460+0000] {logging_mixin.py:188} INFO - [2024-09-05T13:04:27.459+0000] {dagbag.py:538} INFO - Filling up the DagBag from /home/airflow/.local/lib/python3.8/site-packages/airflow/example_dags/example_complex.py
[2024-09-05T13:04:27.487+0000] {processor.py:840} INFO - DAG(s) 'example_complex' retrieved from /home/airflow/.local/lib/python3.8/site-packages/airflow/example_dags/example_complex.py
[2024-09-05T13:04:27.544+0000] {logging_mixin.py:188} INFO - [2024-09-05T13:04:27.544+0000] {dag.py:3036} INFO - Sync 1 DAGs
[2024-09-05T13:04:27.566+0000] {logging_mixin.py:188} INFO - [2024-09-05T13:04:27.565+0000] {dag.py:3823} INFO - Setting next_dagrun for example_complex to None, run_after=None
[2024-09-05T13:04:27.610+0000] {processor.py:183} INFO - Processing /home/airflow/.local/lib/python3.8/site-packages/airflow/example_dags/example_complex.py took 0.165 seconds
[2024-09-05T13:06:18.372+0000] {processor.py:161} INFO - Started process (PID=36) to work on /home/airflow/.local/lib/python3.8/site-packages/airflow/example_dags/example_complex.py
[2024-09-05T13:06:18.374+0000] {processor.py:830} INFO - Processing file /home/airflow/.local/lib/python3.8/site-packages/airflow/example_dags/example_complex.py for tasks to queue
[2024-09-05T13:06:18.377+0000] {logging_mixin.py:188} INFO - [2024-09-05T13:06:18.377+0000] {dagbag.py:538} INFO - Filling up the DagBag from /home/airflow/.local/lib/python3.8/site-packages/airflow/example_dags/example_complex.py
[2024-09-05T13:06:18.426+0000] {processor.py:840} INFO - DAG(s) 'example_complex' retrieved from /home/airflow/.local/lib/python3.8/site-packages/airflow/example_dags/example_complex.py
[2024-09-05T13:06:18.477+0000] {logging_mixin.py:188} INFO - [2024-09-05T13:06:18.477+0000] {dag.py:3036} INFO - Sync 1 DAGs
[2024-09-05T13:06:18.516+0000] {logging_mixin.py:188} INFO - [2024-09-05T13:06:18.516+0000] {dag.py:3823} INFO - Setting next_dagrun for example_complex to None, run_after=None
[2024-09-05T13:06:18.554+0000] {processor.py:183} INFO - Processing /home/airflow/.local/lib/python3.8/site-packages/airflow/example_dags/example_complex.py took 0.200 seconds
[2024-09-05T13:06:48.621+0000] {processor.py:161} INFO - Started process (PID=92) to work on /home/airflow/.local/lib/python3.8/site-packages/airflow/example_dags/example_complex.py
[2024-09-05T13:06:48.622+0000] {processor.py:830} INFO - Processing file /home/airflow/.local/lib/python3.8/site-packages/airflow/example_dags/example_complex.py for tasks to queue
[2024-09-05T13:06:48.624+0000] {logging_mixin.py:188} INFO - [2024-09-05T13:06:48.623+0000] {dagbag.py:538} INFO - Filling up the DagBag from /home/airflow/.local/lib/python3.8/site-packages/airflow/example_dags/example_complex.py
[2024-09-05T13:06:48.636+0000] {processor.py:840} INFO - DAG(s) 'example_complex' retrieved from /home/airflow/.local/lib/python3.8/site-packages/airflow/example_dags/example_complex.py
[2024-09-05T13:06:48.799+0000] {logging_mixin.py:188} INFO - [2024-09-05T13:06:48.799+0000] {dag.py:3036} INFO - Sync 1 DAGs
[2024-09-05T13:06:48.811+0000] {logging_mixin.py:188} INFO - [2024-09-05T13:06:48.811+0000] {dag.py:3823} INFO - Setting next_dagrun for example_complex to None, run_after=None
[2024-09-05T13:06:48.833+0000] {processor.py:183} INFO - Processing /home/airflow/.local/lib/python3.8/site-packages/airflow/example_dags/example_complex.py took 0.216 seconds
[2024-09-05T13:07:19.279+0000] {processor.py:161} INFO - Started process (PID=150) to work on /home/airflow/.local/lib/python3.8/site-packages/airflow/example_dags/example_complex.py
[2024-09-05T13:07:19.280+0000] {processor.py:830} INFO - Processing file /home/airflow/.local/lib/python3.8/site-packages/airflow/example_dags/example_complex.py for tasks to queue
[2024-09-05T13:07:19.282+0000] {logging_mixin.py:188} INFO - [2024-09-05T13:07:19.281+0000] {dagbag.py:538} INFO - Filling up the DagBag from /home/airflow/.local/lib/python3.8/site-packages/airflow/example_dags/example_complex.py
[2024-09-05T13:07:19.295+0000] {processor.py:840} INFO - DAG(s) 'example_complex' retrieved from /home/airflow/.local/lib/python3.8/site-packages/airflow/example_dags/example_complex.py
[2024-09-05T13:07:19.339+0000] {logging_mixin.py:188} INFO - [2024-09-05T13:07:19.339+0000] {dag.py:3036} INFO - Sync 1 DAGs
[2024-09-05T13:07:19.355+0000] {logging_mixin.py:188} INFO - [2024-09-05T13:07:19.354+0000] {dag.py:3823} INFO - Setting next_dagrun for example_complex to None, run_after=None
[2024-09-05T13:07:19.383+0000] {processor.py:183} INFO - Processing /home/airflow/.local/lib/python3.8/site-packages/airflow/example_dags/example_complex.py took 0.111 seconds
[2024-09-05T13:07:49.936+0000] {processor.py:161} INFO - Started process (PID=207) to work on /home/airflow/.local/lib/python3.8/site-packages/airflow/example_dags/example_complex.py
[2024-09-05T13:07:49.937+0000] {processor.py:830} INFO - Processing file /home/airflow/.local/lib/python3.8/site-packages/airflow/example_dags/example_complex.py for tasks to queue
[2024-09-05T13:07:49.938+0000] {logging_mixin.py:188} INFO - [2024-09-05T13:07:49.938+0000] {dagbag.py:538} INFO - Filling up the DagBag from /home/airflow/.local/lib/python3.8/site-packages/airflow/example_dags/example_complex.py
[2024-09-05T13:07:49.949+0000] {processor.py:840} INFO - DAG(s) 'example_complex' retrieved from /home/airflow/.local/lib/python3.8/site-packages/airflow/example_dags/example_complex.py
[2024-09-05T13:07:49.981+0000] {logging_mixin.py:188} INFO - [2024-09-05T13:07:49.981+0000] {dag.py:3036} INFO - Sync 1 DAGs
[2024-09-05T13:07:49.996+0000] {logging_mixin.py:188} INFO - [2024-09-05T13:07:49.996+0000] {dag.py:3823} INFO - Setting next_dagrun for example_complex to None, run_after=None
[2024-09-05T13:07:50.018+0000] {processor.py:183} INFO - Processing /home/airflow/.local/lib/python3.8/site-packages/airflow/example_dags/example_complex.py took 0.087 seconds
[2024-09-05T13:08:20.147+0000] {processor.py:161} INFO - Started process (PID=264) to work on /home/airflow/.local/lib/python3.8/site-packages/airflow/example_dags/example_complex.py
[2024-09-05T13:08:20.148+0000] {processor.py:830} INFO - Processing file /home/airflow/.local/lib/python3.8/site-packages/airflow/example_dags/example_complex.py for tasks to queue
[2024-09-05T13:08:20.150+0000] {logging_mixin.py:188} INFO - [2024-09-05T13:08:20.149+0000] {dagbag.py:538} INFO - Filling up the DagBag from /home/airflow/.local/lib/python3.8/site-packages/airflow/example_dags/example_complex.py
[2024-09-05T13:08:20.167+0000] {processor.py:840} INFO - DAG(s) 'example_complex' retrieved from /home/airflow/.local/lib/python3.8/site-packages/airflow/example_dags/example_complex.py
[2024-09-05T13:08:20.218+0000] {logging_mixin.py:188} INFO - [2024-09-05T13:08:20.218+0000] {dag.py:3036} INFO - Sync 1 DAGs
[2024-09-05T13:08:20.241+0000] {logging_mixin.py:188} INFO - [2024-09-05T13:08:20.240+0000] {dag.py:3823} INFO - Setting next_dagrun for example_complex to None, run_after=None
[2024-09-05T13:08:20.279+0000] {processor.py:183} INFO - Processing /home/airflow/.local/lib/python3.8/site-packages/airflow/example_dags/example_complex.py took 0.137 seconds
[2024-09-05T13:08:50.517+0000] {processor.py:161} INFO - Started process (PID=321) to work on /home/airflow/.local/lib/python3.8/site-packages/airflow/example_dags/example_complex.py
[2024-09-05T13:08:50.518+0000] {processor.py:830} INFO - Processing file /home/airflow/.local/lib/python3.8/site-packages/airflow/example_dags/example_complex.py for tasks to queue
[2024-09-05T13:08:50.519+0000] {logging_mixin.py:188} INFO - [2024-09-05T13:08:50.519+0000] {dagbag.py:538} INFO - Filling up the DagBag from /home/airflow/.local/lib/python3.8/site-packages/airflow/example_dags/example_complex.py
[2024-09-05T13:08:50.535+0000] {processor.py:840} INFO - DAG(s) 'example_complex' retrieved from /home/airflow/.local/lib/python3.8/site-packages/airflow/example_dags/example_complex.py
[2024-09-05T13:08:50.580+0000] {logging_mixin.py:188} INFO - [2024-09-05T13:08:50.579+0000] {dag.py:3036} INFO - Sync 1 DAGs
[2024-09-05T13:08:50.596+0000] {logging_mixin.py:188} INFO - [2024-09-05T13:08:50.595+0000] {dag.py:3823} INFO - Setting next_dagrun for example_complex to None, run_after=None
[2024-09-05T13:08:50.622+0000] {processor.py:183} INFO - Processing /home/airflow/.local/lib/python3.8/site-packages/airflow/example_dags/example_complex.py took 0.109 seconds
[2024-09-05T13:09:21.492+0000] {processor.py:161} INFO - Started process (PID=380) to work on /home/airflow/.local/lib/python3.8/site-packages/airflow/example_dags/example_complex.py
[2024-09-05T13:09:21.493+0000] {processor.py:830} INFO - Processing file /home/airflow/.local/lib/python3.8/site-packages/airflow/example_dags/example_complex.py for tasks to queue
[2024-09-05T13:09:21.495+0000] {logging_mixin.py:188} INFO - [2024-09-05T13:09:21.494+0000] {dagbag.py:538} INFO - Filling up the DagBag from /home/airflow/.local/lib/python3.8/site-packages/airflow/example_dags/example_complex.py
[2024-09-05T13:09:21.526+0000] {processor.py:840} INFO - DAG(s) 'example_complex' retrieved from /home/airflow/.local/lib/python3.8/site-packages/airflow/example_dags/example_complex.py
[2024-09-05T13:09:21.574+0000] {logging_mixin.py:188} INFO - [2024-09-05T13:09:21.573+0000] {dag.py:3036} INFO - Sync 1 DAGs
[2024-09-05T13:09:21.592+0000] {logging_mixin.py:188} INFO - [2024-09-05T13:09:21.592+0000] {dag.py:3823} INFO - Setting next_dagrun for example_complex to None, run_after=None
[2024-09-05T13:09:21.624+0000] {processor.py:183} INFO - Processing /home/airflow/.local/lib/python3.8/site-packages/airflow/example_dags/example_complex.py took 0.144 seconds
[2024-09-05T13:09:51.884+0000] {processor.py:161} INFO - Started process (PID=437) to work on /home/airflow/.local/lib/python3.8/site-packages/airflow/example_dags/example_complex.py
[2024-09-05T13:09:51.885+0000] {processor.py:830} INFO - Processing file /home/airflow/.local/lib/python3.8/site-packages/airflow/example_dags/example_complex.py for tasks to queue
[2024-09-05T13:09:51.886+0000] {logging_mixin.py:188} INFO - [2024-09-05T13:09:51.886+0000] {dagbag.py:538} INFO - Filling up the DagBag from /home/airflow/.local/lib/python3.8/site-packages/airflow/example_dags/example_complex.py
[2024-09-05T13:09:51.902+0000] {processor.py:840} INFO - DAG(s) 'example_complex' retrieved from /home/airflow/.local/lib/python3.8/site-packages/airflow/example_dags/example_complex.py
[2024-09-05T13:09:51.938+0000] {logging_mixin.py:188} INFO - [2024-09-05T13:09:51.938+0000] {dag.py:3036} INFO - Sync 1 DAGs
[2024-09-05T13:09:51.951+0000] {logging_mixin.py:188} INFO - [2024-09-05T13:09:51.951+0000] {dag.py:3823} INFO - Setting next_dagrun for example_complex to None, run_after=None
[2024-09-05T13:09:52.036+0000] {processor.py:183} INFO - Processing /home/airflow/.local/lib/python3.8/site-packages/airflow/example_dags/example_complex.py took 0.156 seconds
[2024-09-05T13:10:22.335+0000] {processor.py:161} INFO - Started process (PID=496) to work on /home/airflow/.local/lib/python3.8/site-packages/airflow/example_dags/example_complex.py
[2024-09-05T13:10:22.336+0000] {processor.py:830} INFO - Processing file /home/airflow/.local/lib/python3.8/site-packages/airflow/example_dags/example_complex.py for tasks to queue
[2024-09-05T13:10:22.337+0000] {logging_mixin.py:188} INFO - [2024-09-05T13:10:22.337+0000] {dagbag.py:538} INFO - Filling up the DagBag from /home/airflow/.local/lib/python3.8/site-packages/airflow/example_dags/example_complex.py
[2024-09-05T13:10:22.350+0000] {processor.py:840} INFO - DAG(s) 'example_complex' retrieved from /home/airflow/.local/lib/python3.8/site-packages/airflow/example_dags/example_complex.py
[2024-09-05T13:10:22.383+0000] {logging_mixin.py:188} INFO - [2024-09-05T13:10:22.383+0000] {dag.py:3036} INFO - Sync 1 DAGs
[2024-09-05T13:10:22.398+0000] {logging_mixin.py:188} INFO - [2024-09-05T13:10:22.398+0000] {dag.py:3823} INFO - Setting next_dagrun for example_complex to None, run_after=None
[2024-09-05T13:10:22.433+0000] {processor.py:183} INFO - Processing /home/airflow/.local/lib/python3.8/site-packages/airflow/example_dags/example_complex.py took 0.102 seconds
[2024-09-05T13:10:52.524+0000] {processor.py:161} INFO - Started process (PID=553) to work on /home/airflow/.local/lib/python3.8/site-packages/airflow/example_dags/example_complex.py
[2024-09-05T13:10:52.524+0000] {processor.py:830} INFO - Processing file /home/airflow/.local/lib/python3.8/site-packages/airflow/example_dags/example_complex.py for tasks to queue
[2024-09-05T13:10:52.525+0000] {logging_mixin.py:188} INFO - [2024-09-05T13:10:52.525+0000] {dagbag.py:538} INFO - Filling up the DagBag from /home/airflow/.local/lib/python3.8/site-packages/airflow/example_dags/example_complex.py
[2024-09-05T13:10:52.537+0000] {processor.py:840} INFO - DAG(s) 'example_complex' retrieved from /home/airflow/.local/lib/python3.8/site-packages/airflow/example_dags/example_complex.py
[2024-09-05T13:10:52.577+0000] {logging_mixin.py:188} INFO - [2024-09-05T13:10:52.576+0000] {dag.py:3036} INFO - Sync 1 DAGs
[2024-09-05T13:10:52.593+0000] {logging_mixin.py:188} INFO - [2024-09-05T13:10:52.593+0000] {dag.py:3823} INFO - Setting next_dagrun for example_complex to None, run_after=None
[2024-09-05T13:10:52.621+0000] {processor.py:183} INFO - Processing /home/airflow/.local/lib/python3.8/site-packages/airflow/example_dags/example_complex.py took 0.101 seconds
[2024-09-05T13:11:23.211+0000] {processor.py:161} INFO - Started process (PID=610) to work on /home/airflow/.local/lib/python3.8/site-packages/airflow/example_dags/example_complex.py
[2024-09-05T13:11:23.212+0000] {processor.py:830} INFO - Processing file /home/airflow/.local/lib/python3.8/site-packages/airflow/example_dags/example_complex.py for tasks to queue
[2024-09-05T13:11:23.213+0000] {logging_mixin.py:188} INFO - [2024-09-05T13:11:23.213+0000] {dagbag.py:538} INFO - Filling up the DagBag from /home/airflow/.local/lib/python3.8/site-packages/airflow/example_dags/example_complex.py
[2024-09-05T13:11:23.229+0000] {processor.py:840} INFO - DAG(s) 'example_complex' retrieved from /home/airflow/.local/lib/python3.8/site-packages/airflow/example_dags/example_complex.py
[2024-09-05T13:11:23.261+0000] {logging_mixin.py:188} INFO - [2024-09-05T13:11:23.261+0000] {dag.py:3036} INFO - Sync 1 DAGs
[2024-09-05T13:11:23.274+0000] {logging_mixin.py:188} INFO - [2024-09-05T13:11:23.274+0000] {dag.py:3823} INFO - Setting next_dagrun for example_complex to None, run_after=None
[2024-09-05T13:11:23.297+0000] {processor.py:183} INFO - Processing /home/airflow/.local/lib/python3.8/site-packages/airflow/example_dags/example_complex.py took 0.089 seconds
[2024-09-05T13:11:53.677+0000] {processor.py:161} INFO - Started process (PID=668) to work on /home/airflow/.local/lib/python3.8/site-packages/airflow/example_dags/example_complex.py
[2024-09-05T13:11:53.678+0000] {processor.py:830} INFO - Processing file /home/airflow/.local/lib/python3.8/site-packages/airflow/example_dags/example_complex.py for tasks to queue
[2024-09-05T13:11:53.679+0000] {logging_mixin.py:188} INFO - [2024-09-05T13:11:53.679+0000] {dagbag.py:538} INFO - Filling up the DagBag from /home/airflow/.local/lib/python3.8/site-packages/airflow/example_dags/example_complex.py
[2024-09-05T13:11:53.691+0000] {processor.py:840} INFO - DAG(s) 'example_complex' retrieved from /home/airflow/.local/lib/python3.8/site-packages/airflow/example_dags/example_complex.py
[2024-09-05T13:11:53.722+0000] {logging_mixin.py:188} INFO - [2024-09-05T13:11:53.722+0000] {dag.py:3036} INFO - Sync 1 DAGs
[2024-09-05T13:11:53.736+0000] {logging_mixin.py:188} INFO - [2024-09-05T13:11:53.736+0000] {dag.py:3823} INFO - Setting next_dagrun for example_complex to None, run_after=None
[2024-09-05T13:11:53.764+0000] {processor.py:183} INFO - Processing /home/airflow/.local/lib/python3.8/site-packages/airflow/example_dags/example_complex.py took 0.091 seconds
[2024-09-05T13:12:24.103+0000] {processor.py:161} INFO - Started process (PID=725) to work on /home/airflow/.local/lib/python3.8/site-packages/airflow/example_dags/example_complex.py
[2024-09-05T13:12:24.103+0000] {processor.py:830} INFO - Processing file /home/airflow/.local/lib/python3.8/site-packages/airflow/example_dags/example_complex.py for tasks to queue
[2024-09-05T13:12:24.104+0000] {logging_mixin.py:188} INFO - [2024-09-05T13:12:24.104+0000] {dagbag.py:538} INFO - Filling up the DagBag from /home/airflow/.local/lib/python3.8/site-packages/airflow/example_dags/example_complex.py
[2024-09-05T13:12:24.116+0000] {processor.py:840} INFO - DAG(s) 'example_complex' retrieved from /home/airflow/.local/lib/python3.8/site-packages/airflow/example_dags/example_complex.py
[2024-09-05T13:12:24.148+0000] {logging_mixin.py:188} INFO - [2024-09-05T13:12:24.148+0000] {dag.py:3036} INFO - Sync 1 DAGs
[2024-09-05T13:12:24.160+0000] {logging_mixin.py:188} INFO - [2024-09-05T13:12:24.160+0000] {dag.py:3823} INFO - Setting next_dagrun for example_complex to None, run_after=None
[2024-09-05T13:12:24.186+0000] {processor.py:183} INFO - Processing /home/airflow/.local/lib/python3.8/site-packages/airflow/example_dags/example_complex.py took 0.088 seconds
[2024-09-05T13:12:54.593+0000] {processor.py:161} INFO - Started process (PID=782) to work on /home/airflow/.local/lib/python3.8/site-packages/airflow/example_dags/example_complex.py
[2024-09-05T13:12:54.594+0000] {processor.py:830} INFO - Processing file /home/airflow/.local/lib/python3.8/site-packages/airflow/example_dags/example_complex.py for tasks to queue
[2024-09-05T13:12:54.595+0000] {logging_mixin.py:188} INFO - [2024-09-05T13:12:54.595+0000] {dagbag.py:538} INFO - Filling up the DagBag from /home/airflow/.local/lib/python3.8/site-packages/airflow/example_dags/example_complex.py
[2024-09-05T13:12:54.610+0000] {processor.py:840} INFO - DAG(s) 'example_complex' retrieved from /home/airflow/.local/lib/python3.8/site-packages/airflow/example_dags/example_complex.py
[2024-09-05T13:12:54.642+0000] {logging_mixin.py:188} INFO - [2024-09-05T13:12:54.642+0000] {dag.py:3036} INFO - Sync 1 DAGs
[2024-09-05T13:12:54.657+0000] {logging_mixin.py:188} INFO - [2024-09-05T13:12:54.657+0000] {dag.py:3823} INFO - Setting next_dagrun for example_complex to None, run_after=None
[2024-09-05T13:12:54.681+0000] {processor.py:183} INFO - Processing /home/airflow/.local/lib/python3.8/site-packages/airflow/example_dags/example_complex.py took 0.093 seconds
[2024-09-05T13:13:25.077+0000] {processor.py:161} INFO - Started process (PID=839) to work on /home/airflow/.local/lib/python3.8/site-packages/airflow/example_dags/example_complex.py
[2024-09-05T13:13:25.077+0000] {processor.py:830} INFO - Processing file /home/airflow/.local/lib/python3.8/site-packages/airflow/example_dags/example_complex.py for tasks to queue
[2024-09-05T13:13:25.078+0000] {logging_mixin.py:188} INFO - [2024-09-05T13:13:25.078+0000] {dagbag.py:538} INFO - Filling up the DagBag from /home/airflow/.local/lib/python3.8/site-packages/airflow/example_dags/example_complex.py
[2024-09-05T13:13:25.089+0000] {processor.py:840} INFO - DAG(s) 'example_complex' retrieved from /home/airflow/.local/lib/python3.8/site-packages/airflow/example_dags/example_complex.py
[2024-09-05T13:13:25.125+0000] {logging_mixin.py:188} INFO - [2024-09-05T13:13:25.125+0000] {dag.py:3036} INFO - Sync 1 DAGs
[2024-09-05T13:13:25.136+0000] {logging_mixin.py:188} INFO - [2024-09-05T13:13:25.136+0000] {dag.py:3823} INFO - Setting next_dagrun for example_complex to None, run_after=None
[2024-09-05T13:13:25.161+0000] {processor.py:183} INFO - Processing /home/airflow/.local/lib/python3.8/site-packages/airflow/example_dags/example_complex.py took 0.087 seconds
[2024-09-05T13:13:55.511+0000] {processor.py:161} INFO - Started process (PID=896) to work on /home/airflow/.local/lib/python3.8/site-packages/airflow/example_dags/example_complex.py
[2024-09-05T13:13:55.512+0000] {processor.py:830} INFO - Processing file /home/airflow/.local/lib/python3.8/site-packages/airflow/example_dags/example_complex.py for tasks to queue
[2024-09-05T13:13:55.513+0000] {logging_mixin.py:188} INFO - [2024-09-05T13:13:55.513+0000] {dagbag.py:538} INFO - Filling up the DagBag from /home/airflow/.local/lib/python3.8/site-packages/airflow/example_dags/example_complex.py
[2024-09-05T13:13:55.524+0000] {processor.py:840} INFO - DAG(s) 'example_complex' retrieved from /home/airflow/.local/lib/python3.8/site-packages/airflow/example_dags/example_complex.py
[2024-09-05T13:13:55.557+0000] {logging_mixin.py:188} INFO - [2024-09-05T13:13:55.557+0000] {dag.py:3036} INFO - Sync 1 DAGs
[2024-09-05T13:13:55.571+0000] {logging_mixin.py:188} INFO - [2024-09-05T13:13:55.571+0000] {dag.py:3823} INFO - Setting next_dagrun for example_complex to None, run_after=None
[2024-09-05T13:13:55.594+0000] {processor.py:183} INFO - Processing /home/airflow/.local/lib/python3.8/site-packages/airflow/example_dags/example_complex.py took 0.087 seconds
[2024-09-05T13:14:26.108+0000] {processor.py:161} INFO - Started process (PID=953) to work on /home/airflow/.local/lib/python3.8/site-packages/airflow/example_dags/example_complex.py
[2024-09-05T13:14:26.109+0000] {processor.py:830} INFO - Processing file /home/airflow/.local/lib/python3.8/site-packages/airflow/example_dags/example_complex.py for tasks to queue
[2024-09-05T13:14:26.110+0000] {logging_mixin.py:188} INFO - [2024-09-05T13:14:26.109+0000] {dagbag.py:538} INFO - Filling up the DagBag from /home/airflow/.local/lib/python3.8/site-packages/airflow/example_dags/example_complex.py
[2024-09-05T13:14:26.123+0000] {processor.py:840} INFO - DAG(s) 'example_complex' retrieved from /home/airflow/.local/lib/python3.8/site-packages/airflow/example_dags/example_complex.py
[2024-09-05T13:14:26.158+0000] {logging_mixin.py:188} INFO - [2024-09-05T13:14:26.158+0000] {dag.py:3036} INFO - Sync 1 DAGs
[2024-09-05T13:14:26.172+0000] {logging_mixin.py:188} INFO - [2024-09-05T13:14:26.172+0000] {dag.py:3823} INFO - Setting next_dagrun for example_complex to None, run_after=None
[2024-09-05T13:14:26.193+0000] {processor.py:183} INFO - Processing /home/airflow/.local/lib/python3.8/site-packages/airflow/example_dags/example_complex.py took 0.088 seconds
[2024-09-05T13:14:56.343+0000] {processor.py:161} INFO - Started process (PID=1011) to work on /home/airflow/.local/lib/python3.8/site-packages/airflow/example_dags/example_complex.py
[2024-09-05T13:14:56.344+0000] {processor.py:830} INFO - Processing file /home/airflow/.local/lib/python3.8/site-packages/airflow/example_dags/example_complex.py for tasks to queue
[2024-09-05T13:14:56.345+0000] {logging_mixin.py:188} INFO - [2024-09-05T13:14:56.344+0000] {dagbag.py:538} INFO - Filling up the DagBag from /home/airflow/.local/lib/python3.8/site-packages/airflow/example_dags/example_complex.py
[2024-09-05T13:14:56.365+0000] {processor.py:840} INFO - DAG(s) 'example_complex' retrieved from /home/airflow/.local/lib/python3.8/site-packages/airflow/example_dags/example_complex.py
[2024-09-05T13:14:56.430+0000] {logging_mixin.py:188} INFO - [2024-09-05T13:14:56.429+0000] {dag.py:3036} INFO - Sync 1 DAGs
[2024-09-05T13:14:56.449+0000] {logging_mixin.py:188} INFO - [2024-09-05T13:14:56.449+0000] {dag.py:3823} INFO - Setting next_dagrun for example_complex to None, run_after=None
[2024-09-05T13:14:56.479+0000] {processor.py:183} INFO - Processing /home/airflow/.local/lib/python3.8/site-packages/airflow/example_dags/example_complex.py took 0.144 seconds
[2024-09-05T13:15:27.035+0000] {processor.py:161} INFO - Started process (PID=1068) to work on /home/airflow/.local/lib/python3.8/site-packages/airflow/example_dags/example_complex.py
[2024-09-05T13:15:27.036+0000] {processor.py:830} INFO - Processing file /home/airflow/.local/lib/python3.8/site-packages/airflow/example_dags/example_complex.py for tasks to queue
[2024-09-05T13:15:27.037+0000] {logging_mixin.py:188} INFO - [2024-09-05T13:15:27.037+0000] {dagbag.py:538} INFO - Filling up the DagBag from /home/airflow/.local/lib/python3.8/site-packages/airflow/example_dags/example_complex.py
[2024-09-05T13:15:27.059+0000] {processor.py:840} INFO - DAG(s) 'example_complex' retrieved from /home/airflow/.local/lib/python3.8/site-packages/airflow/example_dags/example_complex.py
[2024-09-05T13:15:27.098+0000] {logging_mixin.py:188} INFO - [2024-09-05T13:15:27.098+0000] {dag.py:3036} INFO - Sync 1 DAGs
[2024-09-05T13:15:27.115+0000] {logging_mixin.py:188} INFO - [2024-09-05T13:15:27.114+0000] {dag.py:3823} INFO - Setting next_dagrun for example_complex to None, run_after=None
[2024-09-05T13:15:27.144+0000] {processor.py:183} INFO - Processing /home/airflow/.local/lib/python3.8/site-packages/airflow/example_dags/example_complex.py took 0.115 seconds
[2024-09-05T13:15:57.342+0000] {processor.py:161} INFO - Started process (PID=1128) to work on /home/airflow/.local/lib/python3.8/site-packages/airflow/example_dags/example_complex.py
[2024-09-05T13:15:57.342+0000] {processor.py:830} INFO - Processing file /home/airflow/.local/lib/python3.8/site-packages/airflow/example_dags/example_complex.py for tasks to queue
[2024-09-05T13:15:57.344+0000] {logging_mixin.py:188} INFO - [2024-09-05T13:15:57.343+0000] {dagbag.py:538} INFO - Filling up the DagBag from /home/airflow/.local/lib/python3.8/site-packages/airflow/example_dags/example_complex.py
[2024-09-05T13:15:57.358+0000] {processor.py:840} INFO - DAG(s) 'example_complex' retrieved from /home/airflow/.local/lib/python3.8/site-packages/airflow/example_dags/example_complex.py
[2024-09-05T13:15:57.397+0000] {logging_mixin.py:188} INFO - [2024-09-05T13:15:57.397+0000] {dag.py:3036} INFO - Sync 1 DAGs
[2024-09-05T13:15:57.416+0000] {logging_mixin.py:188} INFO - [2024-09-05T13:15:57.415+0000] {dag.py:3823} INFO - Setting next_dagrun for example_complex to None, run_after=None
[2024-09-05T13:15:57.444+0000] {processor.py:183} INFO - Processing /home/airflow/.local/lib/python3.8/site-packages/airflow/example_dags/example_complex.py took 0.106 seconds
[2024-09-05T13:16:27.521+0000] {processor.py:161} INFO - Started process (PID=1187) to work on /home/airflow/.local/lib/python3.8/site-packages/airflow/example_dags/example_complex.py
[2024-09-05T13:16:27.522+0000] {processor.py:830} INFO - Processing file /home/airflow/.local/lib/python3.8/site-packages/airflow/example_dags/example_complex.py for tasks to queue
[2024-09-05T13:16:27.523+0000] {logging_mixin.py:188} INFO - [2024-09-05T13:16:27.523+0000] {dagbag.py:538} INFO - Filling up the DagBag from /home/airflow/.local/lib/python3.8/site-packages/airflow/example_dags/example_complex.py
[2024-09-05T13:16:27.534+0000] {processor.py:840} INFO - DAG(s) 'example_complex' retrieved from /home/airflow/.local/lib/python3.8/site-packages/airflow/example_dags/example_complex.py
[2024-09-05T13:16:27.566+0000] {logging_mixin.py:188} INFO - [2024-09-05T13:16:27.566+0000] {dag.py:3036} INFO - Sync 1 DAGs
[2024-09-05T13:16:27.579+0000] {logging_mixin.py:188} INFO - [2024-09-05T13:16:27.579+0000] {dag.py:3823} INFO - Setting next_dagrun for example_complex to None, run_after=None
[2024-09-05T13:16:27.607+0000] {processor.py:183} INFO - Processing /home/airflow/.local/lib/python3.8/site-packages/airflow/example_dags/example_complex.py took 0.089 seconds
[2024-09-05T13:16:58.150+0000] {processor.py:161} INFO - Started process (PID=1244) to work on /home/airflow/.local/lib/python3.8/site-packages/airflow/example_dags/example_complex.py
[2024-09-05T13:16:58.151+0000] {processor.py:830} INFO - Processing file /home/airflow/.local/lib/python3.8/site-packages/airflow/example_dags/example_complex.py for tasks to queue
[2024-09-05T13:16:58.152+0000] {logging_mixin.py:188} INFO - [2024-09-05T13:16:58.152+0000] {dagbag.py:538} INFO - Filling up the DagBag from /home/airflow/.local/lib/python3.8/site-packages/airflow/example_dags/example_complex.py
[2024-09-05T13:16:58.171+0000] {processor.py:840} INFO - DAG(s) 'example_complex' retrieved from /home/airflow/.local/lib/python3.8/site-packages/airflow/example_dags/example_complex.py
[2024-09-05T13:16:58.214+0000] {logging_mixin.py:188} INFO - [2024-09-05T13:16:58.213+0000] {dag.py:3036} INFO - Sync 1 DAGs
[2024-09-05T13:16:58.231+0000] {logging_mixin.py:188} INFO - [2024-09-05T13:16:58.231+0000] {dag.py:3823} INFO - Setting next_dagrun for example_complex to None, run_after=None
[2024-09-05T13:16:58.263+0000] {processor.py:183} INFO - Processing /home/airflow/.local/lib/python3.8/site-packages/airflow/example_dags/example_complex.py took 0.118 seconds
[2024-09-05T13:17:28.804+0000] {processor.py:161} INFO - Started process (PID=1301) to work on /home/airflow/.local/lib/python3.8/site-packages/airflow/example_dags/example_complex.py
[2024-09-05T13:17:28.804+0000] {processor.py:830} INFO - Processing file /home/airflow/.local/lib/python3.8/site-packages/airflow/example_dags/example_complex.py for tasks to queue
[2024-09-05T13:17:28.805+0000] {logging_mixin.py:188} INFO - [2024-09-05T13:17:28.805+0000] {dagbag.py:538} INFO - Filling up the DagBag from /home/airflow/.local/lib/python3.8/site-packages/airflow/example_dags/example_complex.py
[2024-09-05T13:17:28.820+0000] {processor.py:840} INFO - DAG(s) 'example_complex' retrieved from /home/airflow/.local/lib/python3.8/site-packages/airflow/example_dags/example_complex.py
[2024-09-05T13:17:28.857+0000] {logging_mixin.py:188} INFO - [2024-09-05T13:17:28.857+0000] {dag.py:3036} INFO - Sync 1 DAGs
[2024-09-05T13:17:28.873+0000] {logging_mixin.py:188} INFO - [2024-09-05T13:17:28.872+0000] {dag.py:3823} INFO - Setting next_dagrun for example_complex to None, run_after=None
[2024-09-05T13:17:28.899+0000] {processor.py:183} INFO - Processing /home/airflow/.local/lib/python3.8/site-packages/airflow/example_dags/example_complex.py took 0.099 seconds
[2024-09-05T13:17:59.493+0000] {processor.py:161} INFO - Started process (PID=1358) to work on /home/airflow/.local/lib/python3.8/site-packages/airflow/example_dags/example_complex.py
[2024-09-05T13:17:59.494+0000] {processor.py:830} INFO - Processing file /home/airflow/.local/lib/python3.8/site-packages/airflow/example_dags/example_complex.py for tasks to queue
[2024-09-05T13:17:59.495+0000] {logging_mixin.py:188} INFO - [2024-09-05T13:17:59.495+0000] {dagbag.py:538} INFO - Filling up the DagBag from /home/airflow/.local/lib/python3.8/site-packages/airflow/example_dags/example_complex.py
[2024-09-05T13:17:59.512+0000] {processor.py:840} INFO - DAG(s) 'example_complex' retrieved from /home/airflow/.local/lib/python3.8/site-packages/airflow/example_dags/example_complex.py
[2024-09-05T13:17:59.552+0000] {logging_mixin.py:188} INFO - [2024-09-05T13:17:59.551+0000] {dag.py:3036} INFO - Sync 1 DAGs
[2024-09-05T13:17:59.570+0000] {logging_mixin.py:188} INFO - [2024-09-05T13:17:59.569+0000] {dag.py:3823} INFO - Setting next_dagrun for example_complex to None, run_after=None
[2024-09-05T13:17:59.596+0000] {processor.py:183} INFO - Processing /home/airflow/.local/lib/python3.8/site-packages/airflow/example_dags/example_complex.py took 0.108 seconds
[2024-09-05T13:18:30.102+0000] {processor.py:161} INFO - Started process (PID=1415) to work on /home/airflow/.local/lib/python3.8/site-packages/airflow/example_dags/example_complex.py
[2024-09-05T13:18:30.103+0000] {processor.py:830} INFO - Processing file /home/airflow/.local/lib/python3.8/site-packages/airflow/example_dags/example_complex.py for tasks to queue
[2024-09-05T13:18:30.104+0000] {logging_mixin.py:188} INFO - [2024-09-05T13:18:30.104+0000] {dagbag.py:538} INFO - Filling up the DagBag from /home/airflow/.local/lib/python3.8/site-packages/airflow/example_dags/example_complex.py
[2024-09-05T13:18:30.116+0000] {processor.py:840} INFO - DAG(s) 'example_complex' retrieved from /home/airflow/.local/lib/python3.8/site-packages/airflow/example_dags/example_complex.py
[2024-09-05T13:18:30.155+0000] {logging_mixin.py:188} INFO - [2024-09-05T13:18:30.155+0000] {dag.py:3036} INFO - Sync 1 DAGs
[2024-09-05T13:18:30.168+0000] {logging_mixin.py:188} INFO - [2024-09-05T13:18:30.168+0000] {dag.py:3823} INFO - Setting next_dagrun for example_complex to None, run_after=None
[2024-09-05T13:18:30.191+0000] {processor.py:183} INFO - Processing /home/airflow/.local/lib/python3.8/site-packages/airflow/example_dags/example_complex.py took 0.092 seconds
[2024-09-05T13:19:00.770+0000] {processor.py:161} INFO - Started process (PID=1472) to work on /home/airflow/.local/lib/python3.8/site-packages/airflow/example_dags/example_complex.py
[2024-09-05T13:19:00.771+0000] {processor.py:830} INFO - Processing file /home/airflow/.local/lib/python3.8/site-packages/airflow/example_dags/example_complex.py for tasks to queue
[2024-09-05T13:19:00.779+0000] {logging_mixin.py:188} INFO - [2024-09-05T13:19:00.773+0000] {dagbag.py:538} INFO - Filling up the DagBag from /home/airflow/.local/lib/python3.8/site-packages/airflow/example_dags/example_complex.py
[2024-09-05T13:19:00.823+0000] {processor.py:840} INFO - DAG(s) 'example_complex' retrieved from /home/airflow/.local/lib/python3.8/site-packages/airflow/example_dags/example_complex.py
[2024-09-05T13:19:00.937+0000] {logging_mixin.py:188} INFO - [2024-09-05T13:19:00.936+0000] {dag.py:3036} INFO - Sync 1 DAGs
[2024-09-05T13:19:00.985+0000] {logging_mixin.py:188} INFO - [2024-09-05T13:19:00.976+0000] {dag.py:3823} INFO - Setting next_dagrun for example_complex to None, run_after=None
[2024-09-05T13:19:01.068+0000] {processor.py:183} INFO - Processing /home/airflow/.local/lib/python3.8/site-packages/airflow/example_dags/example_complex.py took 0.305 seconds
[2024-09-05T13:19:31.450+0000] {processor.py:161} INFO - Started process (PID=1529) to work on /home/airflow/.local/lib/python3.8/site-packages/airflow/example_dags/example_complex.py
[2024-09-05T13:19:31.452+0000] {processor.py:830} INFO - Processing file /home/airflow/.local/lib/python3.8/site-packages/airflow/example_dags/example_complex.py for tasks to queue
[2024-09-05T13:19:31.453+0000] {logging_mixin.py:188} INFO - [2024-09-05T13:19:31.452+0000] {dagbag.py:538} INFO - Filling up the DagBag from /home/airflow/.local/lib/python3.8/site-packages/airflow/example_dags/example_complex.py
[2024-09-05T13:19:31.466+0000] {processor.py:840} INFO - DAG(s) 'example_complex' retrieved from /home/airflow/.local/lib/python3.8/site-packages/airflow/example_dags/example_complex.py
[2024-09-05T13:19:31.502+0000] {logging_mixin.py:188} INFO - [2024-09-05T13:19:31.501+0000] {dag.py:3036} INFO - Sync 1 DAGs
[2024-09-05T13:19:31.517+0000] {logging_mixin.py:188} INFO - [2024-09-05T13:19:31.516+0000] {dag.py:3823} INFO - Setting next_dagrun for example_complex to None, run_after=None
[2024-09-05T13:19:31.548+0000] {processor.py:183} INFO - Processing /home/airflow/.local/lib/python3.8/site-packages/airflow/example_dags/example_complex.py took 0.102 seconds
[2024-09-05T13:20:01.867+0000] {processor.py:161} INFO - Started process (PID=1586) to work on /home/airflow/.local/lib/python3.8/site-packages/airflow/example_dags/example_complex.py
[2024-09-05T13:20:01.868+0000] {processor.py:830} INFO - Processing file /home/airflow/.local/lib/python3.8/site-packages/airflow/example_dags/example_complex.py for tasks to queue
[2024-09-05T13:20:01.869+0000] {logging_mixin.py:188} INFO - [2024-09-05T13:20:01.868+0000] {dagbag.py:538} INFO - Filling up the DagBag from /home/airflow/.local/lib/python3.8/site-packages/airflow/example_dags/example_complex.py
[2024-09-05T13:20:01.880+0000] {processor.py:840} INFO - DAG(s) 'example_complex' retrieved from /home/airflow/.local/lib/python3.8/site-packages/airflow/example_dags/example_complex.py
[2024-09-05T13:20:01.911+0000] {logging_mixin.py:188} INFO - [2024-09-05T13:20:01.911+0000] {dag.py:3036} INFO - Sync 1 DAGs
[2024-09-05T13:20:01.923+0000] {logging_mixin.py:188} INFO - [2024-09-05T13:20:01.923+0000] {dag.py:3823} INFO - Setting next_dagrun for example_complex to None, run_after=None
[2024-09-05T13:20:01.948+0000] {processor.py:183} INFO - Processing /home/airflow/.local/lib/python3.8/site-packages/airflow/example_dags/example_complex.py took 0.085 seconds
