[2024-09-05T12:27:02.047+0000] {processor.py:161} INFO - Started process (PID=73) to work on /home/airflow/.local/lib/python3.8/site-packages/airflow/example_dags/example_sla_dag.py
[2024-09-05T12:27:02.050+0000] {processor.py:830} INFO - Processing file /home/airflow/.local/lib/python3.8/site-packages/airflow/example_dags/example_sla_dag.py for tasks to queue
[2024-09-05T12:27:02.052+0000] {logging_mixin.py:188} INFO - [2024-09-05T12:27:02.052+0000] {dagbag.py:538} INFO - Filling up the DagBag from /home/airflow/.local/lib/python3.8/site-packages/airflow/example_dags/example_sla_dag.py
[2024-09-05T12:27:02.065+0000] {processor.py:840} INFO - DAG(s) 'example_sla_dag' retrieved from /home/airflow/.local/lib/python3.8/site-packages/airflow/example_dags/example_sla_dag.py
[2024-09-05T12:27:02.240+0000] {logging_mixin.py:188} INFO - [2024-09-05T12:27:02.239+0000] {dag.py:3036} INFO - Sync 1 DAGs
[2024-09-05T12:27:02.280+0000] {logging_mixin.py:188} INFO - [2024-09-05T12:27:02.280+0000] {dag.py:3823} INFO - Setting next_dagrun for example_sla_dag to 2024-09-05 12:24:00+00:00, run_after=2024-09-05 12:26:00+00:00
[2024-09-05T12:27:02.315+0000] {processor.py:183} INFO - Processing /home/airflow/.local/lib/python3.8/site-packages/airflow/example_dags/example_sla_dag.py took 0.273 seconds
[2024-09-05T12:27:32.593+0000] {processor.py:161} INFO - Started process (PID=130) to work on /home/airflow/.local/lib/python3.8/site-packages/airflow/example_dags/example_sla_dag.py
[2024-09-05T12:27:32.594+0000] {processor.py:830} INFO - Processing file /home/airflow/.local/lib/python3.8/site-packages/airflow/example_dags/example_sla_dag.py for tasks to queue
[2024-09-05T12:27:32.595+0000] {logging_mixin.py:188} INFO - [2024-09-05T12:27:32.595+0000] {dagbag.py:538} INFO - Filling up the DagBag from /home/airflow/.local/lib/python3.8/site-packages/airflow/example_dags/example_sla_dag.py
[2024-09-05T12:27:32.604+0000] {processor.py:840} INFO - DAG(s) 'example_sla_dag' retrieved from /home/airflow/.local/lib/python3.8/site-packages/airflow/example_dags/example_sla_dag.py
[2024-09-05T12:27:32.616+0000] {logging_mixin.py:188} INFO - [2024-09-05T12:27:32.616+0000] {dag.py:3036} INFO - Sync 1 DAGs
[2024-09-05T12:27:32.649+0000] {logging_mixin.py:188} INFO - [2024-09-05T12:27:32.649+0000] {dag.py:3823} INFO - Setting next_dagrun for example_sla_dag to 2024-09-05 12:24:00+00:00, run_after=2024-09-05 12:26:00+00:00
[2024-09-05T12:27:32.671+0000] {processor.py:183} INFO - Processing /home/airflow/.local/lib/python3.8/site-packages/airflow/example_dags/example_sla_dag.py took 0.081 seconds
[2024-09-05T12:28:03.997+0000] {processor.py:161} INFO - Started process (PID=193) to work on /home/airflow/.local/lib/python3.8/site-packages/airflow/example_dags/example_sla_dag.py
[2024-09-05T12:28:03.998+0000] {processor.py:830} INFO - Processing file /home/airflow/.local/lib/python3.8/site-packages/airflow/example_dags/example_sla_dag.py for tasks to queue
[2024-09-05T12:28:03.999+0000] {logging_mixin.py:188} INFO - [2024-09-05T12:28:03.999+0000] {dagbag.py:538} INFO - Filling up the DagBag from /home/airflow/.local/lib/python3.8/site-packages/airflow/example_dags/example_sla_dag.py
[2024-09-05T12:28:04.010+0000] {processor.py:840} INFO - DAG(s) 'example_sla_dag' retrieved from /home/airflow/.local/lib/python3.8/site-packages/airflow/example_dags/example_sla_dag.py
[2024-09-05T12:28:04.143+0000] {logging_mixin.py:188} INFO - [2024-09-05T12:28:04.143+0000] {dag.py:3036} INFO - Sync 1 DAGs
[2024-09-05T12:28:04.169+0000] {logging_mixin.py:188} INFO - [2024-09-05T12:28:04.169+0000] {dag.py:3823} INFO - Setting next_dagrun for example_sla_dag to 2024-09-05 12:26:00+00:00, run_after=2024-09-05 12:28:00+00:00
[2024-09-05T12:28:04.195+0000] {processor.py:183} INFO - Processing /home/airflow/.local/lib/python3.8/site-packages/airflow/example_dags/example_sla_dag.py took 0.204 seconds
[2024-09-05T12:28:34.495+0000] {processor.py:161} INFO - Started process (PID=250) to work on /home/airflow/.local/lib/python3.8/site-packages/airflow/example_dags/example_sla_dag.py
[2024-09-05T12:28:34.496+0000] {processor.py:830} INFO - Processing file /home/airflow/.local/lib/python3.8/site-packages/airflow/example_dags/example_sla_dag.py for tasks to queue
[2024-09-05T12:28:34.497+0000] {logging_mixin.py:188} INFO - [2024-09-05T12:28:34.497+0000] {dagbag.py:538} INFO - Filling up the DagBag from /home/airflow/.local/lib/python3.8/site-packages/airflow/example_dags/example_sla_dag.py
[2024-09-05T12:28:34.506+0000] {processor.py:840} INFO - DAG(s) 'example_sla_dag' retrieved from /home/airflow/.local/lib/python3.8/site-packages/airflow/example_dags/example_sla_dag.py
[2024-09-05T12:28:34.528+0000] {logging_mixin.py:188} INFO - [2024-09-05T12:28:34.527+0000] {dag.py:3036} INFO - Sync 1 DAGs
[2024-09-05T12:28:34.556+0000] {logging_mixin.py:188} INFO - [2024-09-05T12:28:34.556+0000] {dag.py:3823} INFO - Setting next_dagrun for example_sla_dag to 2024-09-05 12:26:00+00:00, run_after=2024-09-05 12:28:00+00:00
[2024-09-05T12:28:34.577+0000] {processor.py:183} INFO - Processing /home/airflow/.local/lib/python3.8/site-packages/airflow/example_dags/example_sla_dag.py took 0.085 seconds
[2024-09-05T12:29:05.411+0000] {processor.py:161} INFO - Started process (PID=307) to work on /home/airflow/.local/lib/python3.8/site-packages/airflow/example_dags/example_sla_dag.py
[2024-09-05T12:29:05.412+0000] {processor.py:830} INFO - Processing file /home/airflow/.local/lib/python3.8/site-packages/airflow/example_dags/example_sla_dag.py for tasks to queue
[2024-09-05T12:29:05.413+0000] {logging_mixin.py:188} INFO - [2024-09-05T12:29:05.413+0000] {dagbag.py:538} INFO - Filling up the DagBag from /home/airflow/.local/lib/python3.8/site-packages/airflow/example_dags/example_sla_dag.py
[2024-09-05T12:29:05.424+0000] {processor.py:840} INFO - DAG(s) 'example_sla_dag' retrieved from /home/airflow/.local/lib/python3.8/site-packages/airflow/example_dags/example_sla_dag.py
[2024-09-05T12:29:05.448+0000] {logging_mixin.py:188} INFO - [2024-09-05T12:29:05.448+0000] {dag.py:3036} INFO - Sync 1 DAGs
[2024-09-05T12:29:05.473+0000] {logging_mixin.py:188} INFO - [2024-09-05T12:29:05.473+0000] {dag.py:3823} INFO - Setting next_dagrun for example_sla_dag to 2024-09-05 12:26:00+00:00, run_after=2024-09-05 12:28:00+00:00
[2024-09-05T12:29:05.492+0000] {processor.py:183} INFO - Processing /home/airflow/.local/lib/python3.8/site-packages/airflow/example_dags/example_sla_dag.py took 0.085 seconds
[2024-09-05T12:29:36.552+0000] {processor.py:161} INFO - Started process (PID=364) to work on /home/airflow/.local/lib/python3.8/site-packages/airflow/example_dags/example_sla_dag.py
[2024-09-05T12:29:36.553+0000] {processor.py:830} INFO - Processing file /home/airflow/.local/lib/python3.8/site-packages/airflow/example_dags/example_sla_dag.py for tasks to queue
[2024-09-05T12:29:36.555+0000] {logging_mixin.py:188} INFO - [2024-09-05T12:29:36.554+0000] {dagbag.py:538} INFO - Filling up the DagBag from /home/airflow/.local/lib/python3.8/site-packages/airflow/example_dags/example_sla_dag.py
[2024-09-05T12:29:36.566+0000] {processor.py:840} INFO - DAG(s) 'example_sla_dag' retrieved from /home/airflow/.local/lib/python3.8/site-packages/airflow/example_dags/example_sla_dag.py
[2024-09-05T12:29:36.591+0000] {logging_mixin.py:188} INFO - [2024-09-05T12:29:36.590+0000] {dag.py:3036} INFO - Sync 1 DAGs
[2024-09-05T12:29:36.652+0000] {logging_mixin.py:188} INFO - [2024-09-05T12:29:36.651+0000] {dag.py:3823} INFO - Setting next_dagrun for example_sla_dag to 2024-09-05 12:26:00+00:00, run_after=2024-09-05 12:28:00+00:00
[2024-09-05T12:29:36.685+0000] {processor.py:183} INFO - Processing /home/airflow/.local/lib/python3.8/site-packages/airflow/example_dags/example_sla_dag.py took 0.144 seconds
[2024-09-05T12:30:06.725+0000] {processor.py:161} INFO - Started process (PID=421) to work on /home/airflow/.local/lib/python3.8/site-packages/airflow/example_dags/example_sla_dag.py
[2024-09-05T12:30:06.726+0000] {processor.py:830} INFO - Processing file /home/airflow/.local/lib/python3.8/site-packages/airflow/example_dags/example_sla_dag.py for tasks to queue
[2024-09-05T12:30:06.727+0000] {logging_mixin.py:188} INFO - [2024-09-05T12:30:06.727+0000] {dagbag.py:538} INFO - Filling up the DagBag from /home/airflow/.local/lib/python3.8/site-packages/airflow/example_dags/example_sla_dag.py
[2024-09-05T12:30:06.736+0000] {processor.py:840} INFO - DAG(s) 'example_sla_dag' retrieved from /home/airflow/.local/lib/python3.8/site-packages/airflow/example_dags/example_sla_dag.py
[2024-09-05T12:30:06.754+0000] {logging_mixin.py:188} INFO - [2024-09-05T12:30:06.754+0000] {dag.py:3036} INFO - Sync 1 DAGs
[2024-09-05T12:30:06.783+0000] {logging_mixin.py:188} INFO - [2024-09-05T12:30:06.782+0000] {dag.py:3823} INFO - Setting next_dagrun for example_sla_dag to 2024-09-05 12:28:00+00:00, run_after=2024-09-05 12:30:00+00:00
[2024-09-05T12:30:06.808+0000] {processor.py:183} INFO - Processing /home/airflow/.local/lib/python3.8/site-packages/airflow/example_dags/example_sla_dag.py took 0.086 seconds
[2024-09-05T12:30:36.975+0000] {processor.py:161} INFO - Started process (PID=478) to work on /home/airflow/.local/lib/python3.8/site-packages/airflow/example_dags/example_sla_dag.py
[2024-09-05T12:30:36.976+0000] {processor.py:830} INFO - Processing file /home/airflow/.local/lib/python3.8/site-packages/airflow/example_dags/example_sla_dag.py for tasks to queue
[2024-09-05T12:30:36.977+0000] {logging_mixin.py:188} INFO - [2024-09-05T12:30:36.977+0000] {dagbag.py:538} INFO - Filling up the DagBag from /home/airflow/.local/lib/python3.8/site-packages/airflow/example_dags/example_sla_dag.py
[2024-09-05T12:30:36.987+0000] {processor.py:840} INFO - DAG(s) 'example_sla_dag' retrieved from /home/airflow/.local/lib/python3.8/site-packages/airflow/example_dags/example_sla_dag.py
[2024-09-05T12:30:37.026+0000] {logging_mixin.py:188} INFO - [2024-09-05T12:30:37.025+0000] {dag.py:3036} INFO - Sync 1 DAGs
[2024-09-05T12:30:37.064+0000] {logging_mixin.py:188} INFO - [2024-09-05T12:30:37.063+0000] {dag.py:3823} INFO - Setting next_dagrun for example_sla_dag to 2024-09-05 12:28:00+00:00, run_after=2024-09-05 12:30:00+00:00
[2024-09-05T12:30:37.085+0000] {processor.py:183} INFO - Processing /home/airflow/.local/lib/python3.8/site-packages/airflow/example_dags/example_sla_dag.py took 0.115 seconds
[2024-09-05T12:31:07.314+0000] {processor.py:161} INFO - Started process (PID=535) to work on /home/airflow/.local/lib/python3.8/site-packages/airflow/example_dags/example_sla_dag.py
[2024-09-05T12:31:07.319+0000] {processor.py:830} INFO - Processing file /home/airflow/.local/lib/python3.8/site-packages/airflow/example_dags/example_sla_dag.py for tasks to queue
[2024-09-05T12:31:07.322+0000] {logging_mixin.py:188} INFO - [2024-09-05T12:31:07.321+0000] {dagbag.py:538} INFO - Filling up the DagBag from /home/airflow/.local/lib/python3.8/site-packages/airflow/example_dags/example_sla_dag.py
[2024-09-05T12:31:07.348+0000] {processor.py:840} INFO - DAG(s) 'example_sla_dag' retrieved from /home/airflow/.local/lib/python3.8/site-packages/airflow/example_dags/example_sla_dag.py
[2024-09-05T12:31:07.383+0000] {logging_mixin.py:188} INFO - [2024-09-05T12:31:07.383+0000] {dag.py:3036} INFO - Sync 1 DAGs
[2024-09-05T12:31:07.419+0000] {logging_mixin.py:188} INFO - [2024-09-05T12:31:07.418+0000] {dag.py:3823} INFO - Setting next_dagrun for example_sla_dag to 2024-09-05 12:28:00+00:00, run_after=2024-09-05 12:30:00+00:00
[2024-09-05T12:31:07.441+0000] {processor.py:183} INFO - Processing /home/airflow/.local/lib/python3.8/site-packages/airflow/example_dags/example_sla_dag.py took 0.137 seconds
[2024-09-05T12:45:23.156+0000] {processor.py:161} INFO - Started process (PID=73) to work on /home/airflow/.local/lib/python3.8/site-packages/airflow/example_dags/example_sla_dag.py
[2024-09-05T12:45:23.157+0000] {processor.py:830} INFO - Processing file /home/airflow/.local/lib/python3.8/site-packages/airflow/example_dags/example_sla_dag.py for tasks to queue
[2024-09-05T12:45:23.160+0000] {logging_mixin.py:188} INFO - [2024-09-05T12:45:23.159+0000] {dagbag.py:538} INFO - Filling up the DagBag from /home/airflow/.local/lib/python3.8/site-packages/airflow/example_dags/example_sla_dag.py
[2024-09-05T12:45:23.251+0000] {processor.py:840} INFO - DAG(s) 'example_sla_dag' retrieved from /home/airflow/.local/lib/python3.8/site-packages/airflow/example_dags/example_sla_dag.py
[2024-09-05T12:45:23.453+0000] {logging_mixin.py:188} INFO - [2024-09-05T12:45:23.453+0000] {dag.py:3036} INFO - Sync 1 DAGs
[2024-09-05T12:45:23.493+0000] {logging_mixin.py:188} INFO - [2024-09-05T12:45:23.493+0000] {dag.py:3823} INFO - Setting next_dagrun for example_sla_dag to 2024-09-05 12:42:00+00:00, run_after=2024-09-05 12:44:00+00:00
[2024-09-05T12:45:23.535+0000] {processor.py:183} INFO - Processing /home/airflow/.local/lib/python3.8/site-packages/airflow/example_dags/example_sla_dag.py took 0.391 seconds
[2024-09-05T12:45:53.768+0000] {processor.py:161} INFO - Started process (PID=130) to work on /home/airflow/.local/lib/python3.8/site-packages/airflow/example_dags/example_sla_dag.py
[2024-09-05T12:45:53.769+0000] {processor.py:830} INFO - Processing file /home/airflow/.local/lib/python3.8/site-packages/airflow/example_dags/example_sla_dag.py for tasks to queue
[2024-09-05T12:45:53.770+0000] {logging_mixin.py:188} INFO - [2024-09-05T12:45:53.770+0000] {dagbag.py:538} INFO - Filling up the DagBag from /home/airflow/.local/lib/python3.8/site-packages/airflow/example_dags/example_sla_dag.py
[2024-09-05T12:45:53.779+0000] {processor.py:840} INFO - DAG(s) 'example_sla_dag' retrieved from /home/airflow/.local/lib/python3.8/site-packages/airflow/example_dags/example_sla_dag.py
[2024-09-05T12:45:53.806+0000] {logging_mixin.py:188} INFO - [2024-09-05T12:45:53.805+0000] {dag.py:3036} INFO - Sync 1 DAGs
[2024-09-05T12:45:53.835+0000] {logging_mixin.py:188} INFO - [2024-09-05T12:45:53.835+0000] {dag.py:3823} INFO - Setting next_dagrun for example_sla_dag to 2024-09-05 12:42:00+00:00, run_after=2024-09-05 12:44:00+00:00
[2024-09-05T12:45:53.855+0000] {processor.py:183} INFO - Processing /home/airflow/.local/lib/python3.8/site-packages/airflow/example_dags/example_sla_dag.py took 0.091 seconds
[2024-09-05T12:46:24.725+0000] {processor.py:161} INFO - Started process (PID=187) to work on /home/airflow/.local/lib/python3.8/site-packages/airflow/example_dags/example_sla_dag.py
[2024-09-05T12:46:24.725+0000] {processor.py:830} INFO - Processing file /home/airflow/.local/lib/python3.8/site-packages/airflow/example_dags/example_sla_dag.py for tasks to queue
[2024-09-05T12:46:24.727+0000] {logging_mixin.py:188} INFO - [2024-09-05T12:46:24.726+0000] {dagbag.py:538} INFO - Filling up the DagBag from /home/airflow/.local/lib/python3.8/site-packages/airflow/example_dags/example_sla_dag.py
[2024-09-05T12:46:24.738+0000] {processor.py:840} INFO - DAG(s) 'example_sla_dag' retrieved from /home/airflow/.local/lib/python3.8/site-packages/airflow/example_dags/example_sla_dag.py
[2024-09-05T12:46:24.766+0000] {logging_mixin.py:188} INFO - [2024-09-05T12:46:24.765+0000] {dag.py:3036} INFO - Sync 1 DAGs
[2024-09-05T12:46:24.800+0000] {logging_mixin.py:188} INFO - [2024-09-05T12:46:24.800+0000] {dag.py:3823} INFO - Setting next_dagrun for example_sla_dag to 2024-09-05 12:44:00+00:00, run_after=2024-09-05 12:46:00+00:00
[2024-09-05T12:46:24.827+0000] {processor.py:183} INFO - Processing /home/airflow/.local/lib/python3.8/site-packages/airflow/example_dags/example_sla_dag.py took 0.106 seconds
[2024-09-05T12:46:55.253+0000] {processor.py:161} INFO - Started process (PID=244) to work on /home/airflow/.local/lib/python3.8/site-packages/airflow/example_dags/example_sla_dag.py
[2024-09-05T12:46:55.254+0000] {processor.py:830} INFO - Processing file /home/airflow/.local/lib/python3.8/site-packages/airflow/example_dags/example_sla_dag.py for tasks to queue
[2024-09-05T12:46:55.254+0000] {logging_mixin.py:188} INFO - [2024-09-05T12:46:55.254+0000] {dagbag.py:538} INFO - Filling up the DagBag from /home/airflow/.local/lib/python3.8/site-packages/airflow/example_dags/example_sla_dag.py
[2024-09-05T12:46:55.264+0000] {processor.py:840} INFO - DAG(s) 'example_sla_dag' retrieved from /home/airflow/.local/lib/python3.8/site-packages/airflow/example_dags/example_sla_dag.py
[2024-09-05T12:46:55.285+0000] {logging_mixin.py:188} INFO - [2024-09-05T12:46:55.285+0000] {dag.py:3036} INFO - Sync 1 DAGs
[2024-09-05T12:46:55.312+0000] {logging_mixin.py:188} INFO - [2024-09-05T12:46:55.312+0000] {dag.py:3823} INFO - Setting next_dagrun for example_sla_dag to 2024-09-05 12:44:00+00:00, run_after=2024-09-05 12:46:00+00:00
[2024-09-05T12:46:55.333+0000] {processor.py:183} INFO - Processing /home/airflow/.local/lib/python3.8/site-packages/airflow/example_dags/example_sla_dag.py took 0.084 seconds
[2024-09-05T12:47:25.500+0000] {processor.py:161} INFO - Started process (PID=301) to work on /home/airflow/.local/lib/python3.8/site-packages/airflow/example_dags/example_sla_dag.py
[2024-09-05T12:47:25.501+0000] {processor.py:830} INFO - Processing file /home/airflow/.local/lib/python3.8/site-packages/airflow/example_dags/example_sla_dag.py for tasks to queue
[2024-09-05T12:47:25.502+0000] {logging_mixin.py:188} INFO - [2024-09-05T12:47:25.502+0000] {dagbag.py:538} INFO - Filling up the DagBag from /home/airflow/.local/lib/python3.8/site-packages/airflow/example_dags/example_sla_dag.py
[2024-09-05T12:47:25.510+0000] {processor.py:840} INFO - DAG(s) 'example_sla_dag' retrieved from /home/airflow/.local/lib/python3.8/site-packages/airflow/example_dags/example_sla_dag.py
[2024-09-05T12:47:25.534+0000] {logging_mixin.py:188} INFO - [2024-09-05T12:47:25.533+0000] {dag.py:3036} INFO - Sync 1 DAGs
[2024-09-05T12:47:25.561+0000] {logging_mixin.py:188} INFO - [2024-09-05T12:47:25.561+0000] {dag.py:3823} INFO - Setting next_dagrun for example_sla_dag to 2024-09-05 12:44:00+00:00, run_after=2024-09-05 12:46:00+00:00
[2024-09-05T12:47:25.585+0000] {processor.py:183} INFO - Processing /home/airflow/.local/lib/python3.8/site-packages/airflow/example_dags/example_sla_dag.py took 0.090 seconds
[2024-09-05T12:47:55.722+0000] {processor.py:161} INFO - Started process (PID=359) to work on /home/airflow/.local/lib/python3.8/site-packages/airflow/example_dags/example_sla_dag.py
[2024-09-05T12:47:55.724+0000] {processor.py:830} INFO - Processing file /home/airflow/.local/lib/python3.8/site-packages/airflow/example_dags/example_sla_dag.py for tasks to queue
[2024-09-05T12:47:55.725+0000] {logging_mixin.py:188} INFO - [2024-09-05T12:47:55.724+0000] {dagbag.py:538} INFO - Filling up the DagBag from /home/airflow/.local/lib/python3.8/site-packages/airflow/example_dags/example_sla_dag.py
[2024-09-05T12:47:55.738+0000] {processor.py:840} INFO - DAG(s) 'example_sla_dag' retrieved from /home/airflow/.local/lib/python3.8/site-packages/airflow/example_dags/example_sla_dag.py
[2024-09-05T12:47:55.764+0000] {logging_mixin.py:188} INFO - [2024-09-05T12:47:55.764+0000] {dag.py:3036} INFO - Sync 1 DAGs
[2024-09-05T12:47:55.795+0000] {logging_mixin.py:188} INFO - [2024-09-05T12:47:55.795+0000] {dag.py:3823} INFO - Setting next_dagrun for example_sla_dag to 2024-09-05 12:44:00+00:00, run_after=2024-09-05 12:46:00+00:00
[2024-09-05T12:47:55.816+0000] {processor.py:183} INFO - Processing /home/airflow/.local/lib/python3.8/site-packages/airflow/example_dags/example_sla_dag.py took 0.099 seconds
[2024-09-05T12:48:25.897+0000] {processor.py:161} INFO - Started process (PID=416) to work on /home/airflow/.local/lib/python3.8/site-packages/airflow/example_dags/example_sla_dag.py
[2024-09-05T12:48:25.898+0000] {processor.py:830} INFO - Processing file /home/airflow/.local/lib/python3.8/site-packages/airflow/example_dags/example_sla_dag.py for tasks to queue
[2024-09-05T12:48:25.899+0000] {logging_mixin.py:188} INFO - [2024-09-05T12:48:25.898+0000] {dagbag.py:538} INFO - Filling up the DagBag from /home/airflow/.local/lib/python3.8/site-packages/airflow/example_dags/example_sla_dag.py
[2024-09-05T12:48:25.908+0000] {processor.py:840} INFO - DAG(s) 'example_sla_dag' retrieved from /home/airflow/.local/lib/python3.8/site-packages/airflow/example_dags/example_sla_dag.py
[2024-09-05T12:48:25.956+0000] {logging_mixin.py:188} INFO - [2024-09-05T12:48:25.956+0000] {dag.py:3036} INFO - Sync 1 DAGs
[2024-09-05T12:48:25.989+0000] {logging_mixin.py:188} INFO - [2024-09-05T12:48:25.989+0000] {dag.py:3823} INFO - Setting next_dagrun for example_sla_dag to 2024-09-05 12:46:00+00:00, run_after=2024-09-05 12:48:00+00:00
[2024-09-05T12:48:26.007+0000] {processor.py:183} INFO - Processing /home/airflow/.local/lib/python3.8/site-packages/airflow/example_dags/example_sla_dag.py took 0.113 seconds
[2024-09-05T12:48:56.078+0000] {processor.py:161} INFO - Started process (PID=473) to work on /home/airflow/.local/lib/python3.8/site-packages/airflow/example_dags/example_sla_dag.py
[2024-09-05T12:48:56.079+0000] {processor.py:830} INFO - Processing file /home/airflow/.local/lib/python3.8/site-packages/airflow/example_dags/example_sla_dag.py for tasks to queue
[2024-09-05T12:48:56.081+0000] {logging_mixin.py:188} INFO - [2024-09-05T12:48:56.080+0000] {dagbag.py:538} INFO - Filling up the DagBag from /home/airflow/.local/lib/python3.8/site-packages/airflow/example_dags/example_sla_dag.py
[2024-09-05T12:48:56.089+0000] {processor.py:840} INFO - DAG(s) 'example_sla_dag' retrieved from /home/airflow/.local/lib/python3.8/site-packages/airflow/example_dags/example_sla_dag.py
[2024-09-05T12:48:56.109+0000] {logging_mixin.py:188} INFO - [2024-09-05T12:48:56.109+0000] {dag.py:3036} INFO - Sync 1 DAGs
[2024-09-05T12:48:56.137+0000] {logging_mixin.py:188} INFO - [2024-09-05T12:48:56.137+0000] {dag.py:3823} INFO - Setting next_dagrun for example_sla_dag to 2024-09-05 12:46:00+00:00, run_after=2024-09-05 12:48:00+00:00
[2024-09-05T12:48:56.158+0000] {processor.py:183} INFO - Processing /home/airflow/.local/lib/python3.8/site-packages/airflow/example_dags/example_sla_dag.py took 0.083 seconds
[2024-09-05T12:49:26.263+0000] {processor.py:161} INFO - Started process (PID=530) to work on /home/airflow/.local/lib/python3.8/site-packages/airflow/example_dags/example_sla_dag.py
[2024-09-05T12:49:26.264+0000] {processor.py:830} INFO - Processing file /home/airflow/.local/lib/python3.8/site-packages/airflow/example_dags/example_sla_dag.py for tasks to queue
[2024-09-05T12:49:26.264+0000] {logging_mixin.py:188} INFO - [2024-09-05T12:49:26.264+0000] {dagbag.py:538} INFO - Filling up the DagBag from /home/airflow/.local/lib/python3.8/site-packages/airflow/example_dags/example_sla_dag.py
[2024-09-05T12:49:26.273+0000] {processor.py:840} INFO - DAG(s) 'example_sla_dag' retrieved from /home/airflow/.local/lib/python3.8/site-packages/airflow/example_dags/example_sla_dag.py
[2024-09-05T12:49:26.293+0000] {logging_mixin.py:188} INFO - [2024-09-05T12:49:26.293+0000] {dag.py:3036} INFO - Sync 1 DAGs
[2024-09-05T12:49:26.319+0000] {logging_mixin.py:188} INFO - [2024-09-05T12:49:26.318+0000] {dag.py:3823} INFO - Setting next_dagrun for example_sla_dag to 2024-09-05 12:46:00+00:00, run_after=2024-09-05 12:48:00+00:00
[2024-09-05T12:49:26.341+0000] {processor.py:183} INFO - Processing /home/airflow/.local/lib/python3.8/site-packages/airflow/example_dags/example_sla_dag.py took 0.081 seconds
[2024-09-05T12:49:56.568+0000] {processor.py:161} INFO - Started process (PID=587) to work on /home/airflow/.local/lib/python3.8/site-packages/airflow/example_dags/example_sla_dag.py
[2024-09-05T12:49:56.569+0000] {processor.py:830} INFO - Processing file /home/airflow/.local/lib/python3.8/site-packages/airflow/example_dags/example_sla_dag.py for tasks to queue
[2024-09-05T12:49:56.570+0000] {logging_mixin.py:188} INFO - [2024-09-05T12:49:56.570+0000] {dagbag.py:538} INFO - Filling up the DagBag from /home/airflow/.local/lib/python3.8/site-packages/airflow/example_dags/example_sla_dag.py
[2024-09-05T12:49:56.581+0000] {processor.py:840} INFO - DAG(s) 'example_sla_dag' retrieved from /home/airflow/.local/lib/python3.8/site-packages/airflow/example_dags/example_sla_dag.py
[2024-09-05T12:49:56.602+0000] {logging_mixin.py:188} INFO - [2024-09-05T12:49:56.602+0000] {dag.py:3036} INFO - Sync 1 DAGs
[2024-09-05T12:49:56.631+0000] {logging_mixin.py:188} INFO - [2024-09-05T12:49:56.630+0000] {dag.py:3823} INFO - Setting next_dagrun for example_sla_dag to 2024-09-05 12:46:00+00:00, run_after=2024-09-05 12:48:00+00:00
[2024-09-05T12:49:56.652+0000] {processor.py:183} INFO - Processing /home/airflow/.local/lib/python3.8/site-packages/airflow/example_dags/example_sla_dag.py took 0.087 seconds
[2024-09-05T12:50:27.072+0000] {processor.py:161} INFO - Started process (PID=651) to work on /home/airflow/.local/lib/python3.8/site-packages/airflow/example_dags/example_sla_dag.py
[2024-09-05T12:50:27.073+0000] {processor.py:830} INFO - Processing file /home/airflow/.local/lib/python3.8/site-packages/airflow/example_dags/example_sla_dag.py for tasks to queue
[2024-09-05T12:50:27.074+0000] {logging_mixin.py:188} INFO - [2024-09-05T12:50:27.074+0000] {dagbag.py:538} INFO - Filling up the DagBag from /home/airflow/.local/lib/python3.8/site-packages/airflow/example_dags/example_sla_dag.py
[2024-09-05T12:50:27.090+0000] {processor.py:840} INFO - DAG(s) 'example_sla_dag' retrieved from /home/airflow/.local/lib/python3.8/site-packages/airflow/example_dags/example_sla_dag.py
[2024-09-05T12:50:27.120+0000] {logging_mixin.py:188} INFO - [2024-09-05T12:50:27.120+0000] {dag.py:3036} INFO - Sync 1 DAGs
[2024-09-05T12:50:27.145+0000] {logging_mixin.py:188} INFO - [2024-09-05T12:50:27.145+0000] {dag.py:3823} INFO - Setting next_dagrun for example_sla_dag to 2024-09-05 12:48:00+00:00, run_after=2024-09-05 12:50:00+00:00
[2024-09-05T12:50:27.169+0000] {processor.py:183} INFO - Processing /home/airflow/.local/lib/python3.8/site-packages/airflow/example_dags/example_sla_dag.py took 0.102 seconds
[2024-09-05T12:50:57.382+0000] {processor.py:161} INFO - Started process (PID=708) to work on /home/airflow/.local/lib/python3.8/site-packages/airflow/example_dags/example_sla_dag.py
[2024-09-05T12:50:57.383+0000] {processor.py:830} INFO - Processing file /home/airflow/.local/lib/python3.8/site-packages/airflow/example_dags/example_sla_dag.py for tasks to queue
[2024-09-05T12:50:57.384+0000] {logging_mixin.py:188} INFO - [2024-09-05T12:50:57.383+0000] {dagbag.py:538} INFO - Filling up the DagBag from /home/airflow/.local/lib/python3.8/site-packages/airflow/example_dags/example_sla_dag.py
[2024-09-05T12:50:57.392+0000] {processor.py:840} INFO - DAG(s) 'example_sla_dag' retrieved from /home/airflow/.local/lib/python3.8/site-packages/airflow/example_dags/example_sla_dag.py
[2024-09-05T12:50:57.426+0000] {logging_mixin.py:188} INFO - [2024-09-05T12:50:57.426+0000] {dag.py:3036} INFO - Sync 1 DAGs
[2024-09-05T12:50:57.469+0000] {logging_mixin.py:188} INFO - [2024-09-05T12:50:57.469+0000] {dag.py:3823} INFO - Setting next_dagrun for example_sla_dag to 2024-09-05 12:48:00+00:00, run_after=2024-09-05 12:50:00+00:00
[2024-09-05T12:50:57.490+0000] {processor.py:183} INFO - Processing /home/airflow/.local/lib/python3.8/site-packages/airflow/example_dags/example_sla_dag.py took 0.112 seconds
[2024-09-05T12:51:27.627+0000] {processor.py:161} INFO - Started process (PID=765) to work on /home/airflow/.local/lib/python3.8/site-packages/airflow/example_dags/example_sla_dag.py
[2024-09-05T12:51:27.628+0000] {processor.py:830} INFO - Processing file /home/airflow/.local/lib/python3.8/site-packages/airflow/example_dags/example_sla_dag.py for tasks to queue
[2024-09-05T12:51:27.629+0000] {logging_mixin.py:188} INFO - [2024-09-05T12:51:27.629+0000] {dagbag.py:538} INFO - Filling up the DagBag from /home/airflow/.local/lib/python3.8/site-packages/airflow/example_dags/example_sla_dag.py
[2024-09-05T12:51:27.638+0000] {processor.py:840} INFO - DAG(s) 'example_sla_dag' retrieved from /home/airflow/.local/lib/python3.8/site-packages/airflow/example_dags/example_sla_dag.py
[2024-09-05T12:51:27.663+0000] {logging_mixin.py:188} INFO - [2024-09-05T12:51:27.662+0000] {dag.py:3036} INFO - Sync 1 DAGs
[2024-09-05T12:51:27.691+0000] {logging_mixin.py:188} INFO - [2024-09-05T12:51:27.690+0000] {dag.py:3823} INFO - Setting next_dagrun for example_sla_dag to 2024-09-05 12:48:00+00:00, run_after=2024-09-05 12:50:00+00:00
[2024-09-05T12:51:27.714+0000] {processor.py:183} INFO - Processing /home/airflow/.local/lib/python3.8/site-packages/airflow/example_dags/example_sla_dag.py took 0.092 seconds
[2024-09-05T12:51:57.924+0000] {processor.py:161} INFO - Started process (PID=822) to work on /home/airflow/.local/lib/python3.8/site-packages/airflow/example_dags/example_sla_dag.py
[2024-09-05T12:51:57.924+0000] {processor.py:830} INFO - Processing file /home/airflow/.local/lib/python3.8/site-packages/airflow/example_dags/example_sla_dag.py for tasks to queue
[2024-09-05T12:51:57.925+0000] {logging_mixin.py:188} INFO - [2024-09-05T12:51:57.925+0000] {dagbag.py:538} INFO - Filling up the DagBag from /home/airflow/.local/lib/python3.8/site-packages/airflow/example_dags/example_sla_dag.py
[2024-09-05T12:51:57.934+0000] {processor.py:840} INFO - DAG(s) 'example_sla_dag' retrieved from /home/airflow/.local/lib/python3.8/site-packages/airflow/example_dags/example_sla_dag.py
[2024-09-05T12:51:57.958+0000] {logging_mixin.py:188} INFO - [2024-09-05T12:51:57.958+0000] {dag.py:3036} INFO - Sync 1 DAGs
[2024-09-05T12:51:57.991+0000] {logging_mixin.py:188} INFO - [2024-09-05T12:51:57.991+0000] {dag.py:3823} INFO - Setting next_dagrun for example_sla_dag to 2024-09-05 12:48:00+00:00, run_after=2024-09-05 12:50:00+00:00
[2024-09-05T12:51:58.021+0000] {processor.py:183} INFO - Processing /home/airflow/.local/lib/python3.8/site-packages/airflow/example_dags/example_sla_dag.py took 0.101 seconds
[2024-09-05T12:52:28.450+0000] {processor.py:161} INFO - Started process (PID=878) to work on /home/airflow/.local/lib/python3.8/site-packages/airflow/example_dags/example_sla_dag.py
[2024-09-05T12:52:28.451+0000] {processor.py:830} INFO - Processing file /home/airflow/.local/lib/python3.8/site-packages/airflow/example_dags/example_sla_dag.py for tasks to queue
[2024-09-05T12:52:28.452+0000] {logging_mixin.py:188} INFO - [2024-09-05T12:52:28.451+0000] {dagbag.py:538} INFO - Filling up the DagBag from /home/airflow/.local/lib/python3.8/site-packages/airflow/example_dags/example_sla_dag.py
[2024-09-05T12:52:28.460+0000] {processor.py:840} INFO - DAG(s) 'example_sla_dag' retrieved from /home/airflow/.local/lib/python3.8/site-packages/airflow/example_dags/example_sla_dag.py
[2024-09-05T12:52:28.481+0000] {logging_mixin.py:188} INFO - [2024-09-05T12:52:28.481+0000] {dag.py:3036} INFO - Sync 1 DAGs
[2024-09-05T12:52:28.508+0000] {logging_mixin.py:188} INFO - [2024-09-05T12:52:28.508+0000] {dag.py:3823} INFO - Setting next_dagrun for example_sla_dag to 2024-09-05 12:50:00+00:00, run_after=2024-09-05 12:52:00+00:00
[2024-09-05T12:52:28.529+0000] {processor.py:183} INFO - Processing /home/airflow/.local/lib/python3.8/site-packages/airflow/example_dags/example_sla_dag.py took 0.083 seconds
[2024-09-05T12:52:59.400+0000] {processor.py:161} INFO - Started process (PID=935) to work on /home/airflow/.local/lib/python3.8/site-packages/airflow/example_dags/example_sla_dag.py
[2024-09-05T12:52:59.401+0000] {processor.py:830} INFO - Processing file /home/airflow/.local/lib/python3.8/site-packages/airflow/example_dags/example_sla_dag.py for tasks to queue
[2024-09-05T12:52:59.402+0000] {logging_mixin.py:188} INFO - [2024-09-05T12:52:59.401+0000] {dagbag.py:538} INFO - Filling up the DagBag from /home/airflow/.local/lib/python3.8/site-packages/airflow/example_dags/example_sla_dag.py
[2024-09-05T12:52:59.413+0000] {processor.py:840} INFO - DAG(s) 'example_sla_dag' retrieved from /home/airflow/.local/lib/python3.8/site-packages/airflow/example_dags/example_sla_dag.py
[2024-09-05T12:52:59.433+0000] {logging_mixin.py:188} INFO - [2024-09-05T12:52:59.433+0000] {dag.py:3036} INFO - Sync 1 DAGs
[2024-09-05T12:52:59.462+0000] {logging_mixin.py:188} INFO - [2024-09-05T12:52:59.461+0000] {dag.py:3823} INFO - Setting next_dagrun for example_sla_dag to 2024-09-05 12:50:00+00:00, run_after=2024-09-05 12:52:00+00:00
[2024-09-05T12:52:59.481+0000] {processor.py:183} INFO - Processing /home/airflow/.local/lib/python3.8/site-packages/airflow/example_dags/example_sla_dag.py took 0.084 seconds
[2024-09-05T12:53:29.871+0000] {processor.py:161} INFO - Started process (PID=992) to work on /home/airflow/.local/lib/python3.8/site-packages/airflow/example_dags/example_sla_dag.py
[2024-09-05T12:53:29.872+0000] {processor.py:830} INFO - Processing file /home/airflow/.local/lib/python3.8/site-packages/airflow/example_dags/example_sla_dag.py for tasks to queue
[2024-09-05T12:53:29.873+0000] {logging_mixin.py:188} INFO - [2024-09-05T12:53:29.873+0000] {dagbag.py:538} INFO - Filling up the DagBag from /home/airflow/.local/lib/python3.8/site-packages/airflow/example_dags/example_sla_dag.py
[2024-09-05T12:53:29.886+0000] {processor.py:840} INFO - DAG(s) 'example_sla_dag' retrieved from /home/airflow/.local/lib/python3.8/site-packages/airflow/example_dags/example_sla_dag.py
[2024-09-05T12:53:29.921+0000] {logging_mixin.py:188} INFO - [2024-09-05T12:53:29.920+0000] {dag.py:3036} INFO - Sync 1 DAGs
[2024-09-05T12:53:29.959+0000] {logging_mixin.py:188} INFO - [2024-09-05T12:53:29.958+0000] {dag.py:3823} INFO - Setting next_dagrun for example_sla_dag to 2024-09-05 12:50:00+00:00, run_after=2024-09-05 12:52:00+00:00
[2024-09-05T12:53:29.984+0000] {processor.py:183} INFO - Processing /home/airflow/.local/lib/python3.8/site-packages/airflow/example_dags/example_sla_dag.py took 0.118 seconds
[2024-09-05T12:54:00.086+0000] {processor.py:161} INFO - Started process (PID=1049) to work on /home/airflow/.local/lib/python3.8/site-packages/airflow/example_dags/example_sla_dag.py
[2024-09-05T12:54:00.087+0000] {processor.py:830} INFO - Processing file /home/airflow/.local/lib/python3.8/site-packages/airflow/example_dags/example_sla_dag.py for tasks to queue
[2024-09-05T12:54:00.088+0000] {logging_mixin.py:188} INFO - [2024-09-05T12:54:00.088+0000] {dagbag.py:538} INFO - Filling up the DagBag from /home/airflow/.local/lib/python3.8/site-packages/airflow/example_dags/example_sla_dag.py
[2024-09-05T12:54:00.096+0000] {processor.py:840} INFO - DAG(s) 'example_sla_dag' retrieved from /home/airflow/.local/lib/python3.8/site-packages/airflow/example_dags/example_sla_dag.py
[2024-09-05T12:54:00.120+0000] {logging_mixin.py:188} INFO - [2024-09-05T12:54:00.120+0000] {dag.py:3036} INFO - Sync 1 DAGs
[2024-09-05T12:54:00.147+0000] {logging_mixin.py:188} INFO - [2024-09-05T12:54:00.147+0000] {dag.py:3823} INFO - Setting next_dagrun for example_sla_dag to 2024-09-05 12:52:00+00:00, run_after=2024-09-05 12:54:00+00:00
[2024-09-05T12:54:00.170+0000] {processor.py:183} INFO - Processing /home/airflow/.local/lib/python3.8/site-packages/airflow/example_dags/example_sla_dag.py took 0.088 seconds
[2024-09-05T12:54:30.632+0000] {processor.py:161} INFO - Started process (PID=1106) to work on /home/airflow/.local/lib/python3.8/site-packages/airflow/example_dags/example_sla_dag.py
[2024-09-05T12:54:30.633+0000] {processor.py:830} INFO - Processing file /home/airflow/.local/lib/python3.8/site-packages/airflow/example_dags/example_sla_dag.py for tasks to queue
[2024-09-05T12:54:30.634+0000] {logging_mixin.py:188} INFO - [2024-09-05T12:54:30.633+0000] {dagbag.py:538} INFO - Filling up the DagBag from /home/airflow/.local/lib/python3.8/site-packages/airflow/example_dags/example_sla_dag.py
[2024-09-05T12:54:30.643+0000] {processor.py:840} INFO - DAG(s) 'example_sla_dag' retrieved from /home/airflow/.local/lib/python3.8/site-packages/airflow/example_dags/example_sla_dag.py
[2024-09-05T12:54:30.665+0000] {logging_mixin.py:188} INFO - [2024-09-05T12:54:30.665+0000] {dag.py:3036} INFO - Sync 1 DAGs
[2024-09-05T12:54:30.697+0000] {logging_mixin.py:188} INFO - [2024-09-05T12:54:30.697+0000] {dag.py:3823} INFO - Setting next_dagrun for example_sla_dag to 2024-09-05 12:52:00+00:00, run_after=2024-09-05 12:54:00+00:00
[2024-09-05T12:54:30.765+0000] {processor.py:183} INFO - Processing /home/airflow/.local/lib/python3.8/site-packages/airflow/example_dags/example_sla_dag.py took 0.137 seconds
[2024-09-05T12:55:00.856+0000] {processor.py:161} INFO - Started process (PID=1163) to work on /home/airflow/.local/lib/python3.8/site-packages/airflow/example_dags/example_sla_dag.py
[2024-09-05T12:55:00.857+0000] {processor.py:830} INFO - Processing file /home/airflow/.local/lib/python3.8/site-packages/airflow/example_dags/example_sla_dag.py for tasks to queue
[2024-09-05T12:55:00.858+0000] {logging_mixin.py:188} INFO - [2024-09-05T12:55:00.857+0000] {dagbag.py:538} INFO - Filling up the DagBag from /home/airflow/.local/lib/python3.8/site-packages/airflow/example_dags/example_sla_dag.py
[2024-09-05T12:55:00.868+0000] {processor.py:840} INFO - DAG(s) 'example_sla_dag' retrieved from /home/airflow/.local/lib/python3.8/site-packages/airflow/example_dags/example_sla_dag.py
[2024-09-05T12:55:00.887+0000] {logging_mixin.py:188} INFO - [2024-09-05T12:55:00.887+0000] {dag.py:3036} INFO - Sync 1 DAGs
[2024-09-05T12:55:00.912+0000] {logging_mixin.py:188} INFO - [2024-09-05T12:55:00.912+0000] {dag.py:3823} INFO - Setting next_dagrun for example_sla_dag to 2024-09-05 12:52:00+00:00, run_after=2024-09-05 12:54:00+00:00
[2024-09-05T12:55:00.935+0000] {processor.py:183} INFO - Processing /home/airflow/.local/lib/python3.8/site-packages/airflow/example_dags/example_sla_dag.py took 0.082 seconds
[2024-09-05T12:55:31.842+0000] {processor.py:161} INFO - Started process (PID=1220) to work on /home/airflow/.local/lib/python3.8/site-packages/airflow/example_dags/example_sla_dag.py
[2024-09-05T12:55:31.843+0000] {processor.py:830} INFO - Processing file /home/airflow/.local/lib/python3.8/site-packages/airflow/example_dags/example_sla_dag.py for tasks to queue
[2024-09-05T12:55:31.845+0000] {logging_mixin.py:188} INFO - [2024-09-05T12:55:31.844+0000] {dagbag.py:538} INFO - Filling up the DagBag from /home/airflow/.local/lib/python3.8/site-packages/airflow/example_dags/example_sla_dag.py
[2024-09-05T12:55:31.857+0000] {processor.py:840} INFO - DAG(s) 'example_sla_dag' retrieved from /home/airflow/.local/lib/python3.8/site-packages/airflow/example_dags/example_sla_dag.py
[2024-09-05T12:55:31.883+0000] {logging_mixin.py:188} INFO - [2024-09-05T12:55:31.882+0000] {dag.py:3036} INFO - Sync 1 DAGs
[2024-09-05T12:55:31.913+0000] {logging_mixin.py:188} INFO - [2024-09-05T12:55:31.913+0000] {dag.py:3823} INFO - Setting next_dagrun for example_sla_dag to 2024-09-05 12:52:00+00:00, run_after=2024-09-05 12:54:00+00:00
[2024-09-05T12:55:31.940+0000] {processor.py:183} INFO - Processing /home/airflow/.local/lib/python3.8/site-packages/airflow/example_dags/example_sla_dag.py took 0.102 seconds
[2024-09-05T12:56:02.101+0000] {processor.py:161} INFO - Started process (PID=1277) to work on /home/airflow/.local/lib/python3.8/site-packages/airflow/example_dags/example_sla_dag.py
[2024-09-05T12:56:02.102+0000] {processor.py:830} INFO - Processing file /home/airflow/.local/lib/python3.8/site-packages/airflow/example_dags/example_sla_dag.py for tasks to queue
[2024-09-05T12:56:02.104+0000] {logging_mixin.py:188} INFO - [2024-09-05T12:56:02.104+0000] {dagbag.py:538} INFO - Filling up the DagBag from /home/airflow/.local/lib/python3.8/site-packages/airflow/example_dags/example_sla_dag.py
[2024-09-05T12:56:02.116+0000] {processor.py:840} INFO - DAG(s) 'example_sla_dag' retrieved from /home/airflow/.local/lib/python3.8/site-packages/airflow/example_dags/example_sla_dag.py
[2024-09-05T12:56:02.142+0000] {logging_mixin.py:188} INFO - [2024-09-05T12:56:02.142+0000] {dag.py:3036} INFO - Sync 1 DAGs
[2024-09-05T12:56:02.171+0000] {logging_mixin.py:188} INFO - [2024-09-05T12:56:02.170+0000] {dag.py:3823} INFO - Setting next_dagrun for example_sla_dag to 2024-09-05 12:54:00+00:00, run_after=2024-09-05 12:56:00+00:00
[2024-09-05T12:56:02.195+0000] {processor.py:183} INFO - Processing /home/airflow/.local/lib/python3.8/site-packages/airflow/example_dags/example_sla_dag.py took 0.098 seconds
[2024-09-05T12:56:32.309+0000] {processor.py:161} INFO - Started process (PID=1334) to work on /home/airflow/.local/lib/python3.8/site-packages/airflow/example_dags/example_sla_dag.py
[2024-09-05T12:56:32.310+0000] {processor.py:830} INFO - Processing file /home/airflow/.local/lib/python3.8/site-packages/airflow/example_dags/example_sla_dag.py for tasks to queue
[2024-09-05T12:56:32.311+0000] {logging_mixin.py:188} INFO - [2024-09-05T12:56:32.311+0000] {dagbag.py:538} INFO - Filling up the DagBag from /home/airflow/.local/lib/python3.8/site-packages/airflow/example_dags/example_sla_dag.py
[2024-09-05T12:56:32.321+0000] {processor.py:840} INFO - DAG(s) 'example_sla_dag' retrieved from /home/airflow/.local/lib/python3.8/site-packages/airflow/example_dags/example_sla_dag.py
[2024-09-05T12:56:32.342+0000] {logging_mixin.py:188} INFO - [2024-09-05T12:56:32.341+0000] {dag.py:3036} INFO - Sync 1 DAGs
[2024-09-05T12:56:32.374+0000] {logging_mixin.py:188} INFO - [2024-09-05T12:56:32.374+0000] {dag.py:3823} INFO - Setting next_dagrun for example_sla_dag to 2024-09-05 12:54:00+00:00, run_after=2024-09-05 12:56:00+00:00
[2024-09-05T12:56:32.400+0000] {processor.py:183} INFO - Processing /home/airflow/.local/lib/python3.8/site-packages/airflow/example_dags/example_sla_dag.py took 0.096 seconds
[2024-09-05T12:57:02.455+0000] {processor.py:161} INFO - Started process (PID=1391) to work on /home/airflow/.local/lib/python3.8/site-packages/airflow/example_dags/example_sla_dag.py
[2024-09-05T12:57:02.455+0000] {processor.py:830} INFO - Processing file /home/airflow/.local/lib/python3.8/site-packages/airflow/example_dags/example_sla_dag.py for tasks to queue
[2024-09-05T12:57:02.457+0000] {logging_mixin.py:188} INFO - [2024-09-05T12:57:02.456+0000] {dagbag.py:538} INFO - Filling up the DagBag from /home/airflow/.local/lib/python3.8/site-packages/airflow/example_dags/example_sla_dag.py
[2024-09-05T12:57:02.467+0000] {processor.py:840} INFO - DAG(s) 'example_sla_dag' retrieved from /home/airflow/.local/lib/python3.8/site-packages/airflow/example_dags/example_sla_dag.py
[2024-09-05T12:57:02.491+0000] {logging_mixin.py:188} INFO - [2024-09-05T12:57:02.491+0000] {dag.py:3036} INFO - Sync 1 DAGs
[2024-09-05T12:57:02.525+0000] {logging_mixin.py:188} INFO - [2024-09-05T12:57:02.524+0000] {dag.py:3823} INFO - Setting next_dagrun for example_sla_dag to 2024-09-05 12:54:00+00:00, run_after=2024-09-05 12:56:00+00:00
[2024-09-05T12:57:02.556+0000] {processor.py:183} INFO - Processing /home/airflow/.local/lib/python3.8/site-packages/airflow/example_dags/example_sla_dag.py took 0.105 seconds
[2024-09-05T12:57:32.840+0000] {processor.py:161} INFO - Started process (PID=1448) to work on /home/airflow/.local/lib/python3.8/site-packages/airflow/example_dags/example_sla_dag.py
[2024-09-05T12:57:32.841+0000] {processor.py:830} INFO - Processing file /home/airflow/.local/lib/python3.8/site-packages/airflow/example_dags/example_sla_dag.py for tasks to queue
[2024-09-05T12:57:32.842+0000] {logging_mixin.py:188} INFO - [2024-09-05T12:57:32.842+0000] {dagbag.py:538} INFO - Filling up the DagBag from /home/airflow/.local/lib/python3.8/site-packages/airflow/example_dags/example_sla_dag.py
[2024-09-05T12:57:32.851+0000] {processor.py:840} INFO - DAG(s) 'example_sla_dag' retrieved from /home/airflow/.local/lib/python3.8/site-packages/airflow/example_dags/example_sla_dag.py
[2024-09-05T12:57:32.872+0000] {logging_mixin.py:188} INFO - [2024-09-05T12:57:32.871+0000] {dag.py:3036} INFO - Sync 1 DAGs
[2024-09-05T12:57:32.897+0000] {logging_mixin.py:188} INFO - [2024-09-05T12:57:32.897+0000] {dag.py:3823} INFO - Setting next_dagrun for example_sla_dag to 2024-09-05 12:54:00+00:00, run_after=2024-09-05 12:56:00+00:00
[2024-09-05T12:57:32.921+0000] {processor.py:183} INFO - Processing /home/airflow/.local/lib/python3.8/site-packages/airflow/example_dags/example_sla_dag.py took 0.084 seconds
[2024-09-05T12:58:03.314+0000] {processor.py:161} INFO - Started process (PID=1505) to work on /home/airflow/.local/lib/python3.8/site-packages/airflow/example_dags/example_sla_dag.py
[2024-09-05T12:58:03.314+0000] {processor.py:830} INFO - Processing file /home/airflow/.local/lib/python3.8/site-packages/airflow/example_dags/example_sla_dag.py for tasks to queue
[2024-09-05T12:58:03.315+0000] {logging_mixin.py:188} INFO - [2024-09-05T12:58:03.315+0000] {dagbag.py:538} INFO - Filling up the DagBag from /home/airflow/.local/lib/python3.8/site-packages/airflow/example_dags/example_sla_dag.py
[2024-09-05T12:58:03.323+0000] {processor.py:840} INFO - DAG(s) 'example_sla_dag' retrieved from /home/airflow/.local/lib/python3.8/site-packages/airflow/example_dags/example_sla_dag.py
[2024-09-05T12:58:03.346+0000] {logging_mixin.py:188} INFO - [2024-09-05T12:58:03.345+0000] {dag.py:3036} INFO - Sync 1 DAGs
[2024-09-05T12:58:03.377+0000] {logging_mixin.py:188} INFO - [2024-09-05T12:58:03.377+0000] {dag.py:3823} INFO - Setting next_dagrun for example_sla_dag to 2024-09-05 12:56:00+00:00, run_after=2024-09-05 12:58:00+00:00
[2024-09-05T12:58:03.399+0000] {processor.py:183} INFO - Processing /home/airflow/.local/lib/python3.8/site-packages/airflow/example_dags/example_sla_dag.py took 0.088 seconds
[2024-09-05T12:58:33.707+0000] {processor.py:161} INFO - Started process (PID=1562) to work on /home/airflow/.local/lib/python3.8/site-packages/airflow/example_dags/example_sla_dag.py
[2024-09-05T12:58:33.708+0000] {processor.py:830} INFO - Processing file /home/airflow/.local/lib/python3.8/site-packages/airflow/example_dags/example_sla_dag.py for tasks to queue
[2024-09-05T12:58:33.709+0000] {logging_mixin.py:188} INFO - [2024-09-05T12:58:33.709+0000] {dagbag.py:538} INFO - Filling up the DagBag from /home/airflow/.local/lib/python3.8/site-packages/airflow/example_dags/example_sla_dag.py
[2024-09-05T12:58:33.721+0000] {processor.py:840} INFO - DAG(s) 'example_sla_dag' retrieved from /home/airflow/.local/lib/python3.8/site-packages/airflow/example_dags/example_sla_dag.py
[2024-09-05T12:58:33.743+0000] {logging_mixin.py:188} INFO - [2024-09-05T12:58:33.743+0000] {dag.py:3036} INFO - Sync 1 DAGs
[2024-09-05T12:58:33.773+0000] {logging_mixin.py:188} INFO - [2024-09-05T12:58:33.773+0000] {dag.py:3823} INFO - Setting next_dagrun for example_sla_dag to 2024-09-05 12:56:00+00:00, run_after=2024-09-05 12:58:00+00:00
[2024-09-05T12:58:33.796+0000] {processor.py:183} INFO - Processing /home/airflow/.local/lib/python3.8/site-packages/airflow/example_dags/example_sla_dag.py took 0.092 seconds
[2024-09-05T12:59:04.079+0000] {processor.py:161} INFO - Started process (PID=1619) to work on /home/airflow/.local/lib/python3.8/site-packages/airflow/example_dags/example_sla_dag.py
[2024-09-05T12:59:04.080+0000] {processor.py:830} INFO - Processing file /home/airflow/.local/lib/python3.8/site-packages/airflow/example_dags/example_sla_dag.py for tasks to queue
[2024-09-05T12:59:04.081+0000] {logging_mixin.py:188} INFO - [2024-09-05T12:59:04.081+0000] {dagbag.py:538} INFO - Filling up the DagBag from /home/airflow/.local/lib/python3.8/site-packages/airflow/example_dags/example_sla_dag.py
[2024-09-05T12:59:04.095+0000] {processor.py:840} INFO - DAG(s) 'example_sla_dag' retrieved from /home/airflow/.local/lib/python3.8/site-packages/airflow/example_dags/example_sla_dag.py
[2024-09-05T12:59:04.127+0000] {logging_mixin.py:188} INFO - [2024-09-05T12:59:04.126+0000] {dag.py:3036} INFO - Sync 1 DAGs
[2024-09-05T12:59:04.160+0000] {logging_mixin.py:188} INFO - [2024-09-05T12:59:04.159+0000] {dag.py:3823} INFO - Setting next_dagrun for example_sla_dag to 2024-09-05 12:56:00+00:00, run_after=2024-09-05 12:58:00+00:00
[2024-09-05T12:59:04.181+0000] {processor.py:183} INFO - Processing /home/airflow/.local/lib/python3.8/site-packages/airflow/example_dags/example_sla_dag.py took 0.106 seconds
[2024-09-05T12:59:34.452+0000] {processor.py:161} INFO - Started process (PID=1676) to work on /home/airflow/.local/lib/python3.8/site-packages/airflow/example_dags/example_sla_dag.py
[2024-09-05T12:59:34.453+0000] {processor.py:830} INFO - Processing file /home/airflow/.local/lib/python3.8/site-packages/airflow/example_dags/example_sla_dag.py for tasks to queue
[2024-09-05T12:59:34.454+0000] {logging_mixin.py:188} INFO - [2024-09-05T12:59:34.453+0000] {dagbag.py:538} INFO - Filling up the DagBag from /home/airflow/.local/lib/python3.8/site-packages/airflow/example_dags/example_sla_dag.py
[2024-09-05T12:59:34.463+0000] {processor.py:840} INFO - DAG(s) 'example_sla_dag' retrieved from /home/airflow/.local/lib/python3.8/site-packages/airflow/example_dags/example_sla_dag.py
[2024-09-05T12:59:34.484+0000] {logging_mixin.py:188} INFO - [2024-09-05T12:59:34.483+0000] {dag.py:3036} INFO - Sync 1 DAGs
[2024-09-05T12:59:34.513+0000] {logging_mixin.py:188} INFO - [2024-09-05T12:59:34.512+0000] {dag.py:3823} INFO - Setting next_dagrun for example_sla_dag to 2024-09-05 12:56:00+00:00, run_after=2024-09-05 12:58:00+00:00
[2024-09-05T12:59:34.532+0000] {processor.py:183} INFO - Processing /home/airflow/.local/lib/python3.8/site-packages/airflow/example_dags/example_sla_dag.py took 0.084 seconds
[2024-09-05T13:00:04.730+0000] {processor.py:161} INFO - Started process (PID=1733) to work on /home/airflow/.local/lib/python3.8/site-packages/airflow/example_dags/example_sla_dag.py
[2024-09-05T13:00:04.731+0000] {processor.py:830} INFO - Processing file /home/airflow/.local/lib/python3.8/site-packages/airflow/example_dags/example_sla_dag.py for tasks to queue
[2024-09-05T13:00:04.732+0000] {logging_mixin.py:188} INFO - [2024-09-05T13:00:04.731+0000] {dagbag.py:538} INFO - Filling up the DagBag from /home/airflow/.local/lib/python3.8/site-packages/airflow/example_dags/example_sla_dag.py
[2024-09-05T13:00:04.740+0000] {processor.py:840} INFO - DAG(s) 'example_sla_dag' retrieved from /home/airflow/.local/lib/python3.8/site-packages/airflow/example_dags/example_sla_dag.py
[2024-09-05T13:00:04.762+0000] {logging_mixin.py:188} INFO - [2024-09-05T13:00:04.761+0000] {dag.py:3036} INFO - Sync 1 DAGs
[2024-09-05T13:00:04.788+0000] {logging_mixin.py:188} INFO - [2024-09-05T13:00:04.788+0000] {dag.py:3823} INFO - Setting next_dagrun for example_sla_dag to 2024-09-05 12:58:00+00:00, run_after=2024-09-05 13:00:00+00:00
[2024-09-05T13:00:04.813+0000] {processor.py:183} INFO - Processing /home/airflow/.local/lib/python3.8/site-packages/airflow/example_dags/example_sla_dag.py took 0.087 seconds
[2024-09-05T13:00:34.919+0000] {processor.py:161} INFO - Started process (PID=1790) to work on /home/airflow/.local/lib/python3.8/site-packages/airflow/example_dags/example_sla_dag.py
[2024-09-05T13:00:34.920+0000] {processor.py:830} INFO - Processing file /home/airflow/.local/lib/python3.8/site-packages/airflow/example_dags/example_sla_dag.py for tasks to queue
[2024-09-05T13:00:34.921+0000] {logging_mixin.py:188} INFO - [2024-09-05T13:00:34.921+0000] {dagbag.py:538} INFO - Filling up the DagBag from /home/airflow/.local/lib/python3.8/site-packages/airflow/example_dags/example_sla_dag.py
[2024-09-05T13:00:34.929+0000] {processor.py:840} INFO - DAG(s) 'example_sla_dag' retrieved from /home/airflow/.local/lib/python3.8/site-packages/airflow/example_dags/example_sla_dag.py
[2024-09-05T13:00:34.948+0000] {logging_mixin.py:188} INFO - [2024-09-05T13:00:34.948+0000] {dag.py:3036} INFO - Sync 1 DAGs
[2024-09-05T13:00:34.977+0000] {logging_mixin.py:188} INFO - [2024-09-05T13:00:34.976+0000] {dag.py:3823} INFO - Setting next_dagrun for example_sla_dag to 2024-09-05 12:58:00+00:00, run_after=2024-09-05 13:00:00+00:00
[2024-09-05T13:00:34.998+0000] {processor.py:183} INFO - Processing /home/airflow/.local/lib/python3.8/site-packages/airflow/example_dags/example_sla_dag.py took 0.086 seconds
[2024-09-05T13:01:05.083+0000] {processor.py:161} INFO - Started process (PID=1846) to work on /home/airflow/.local/lib/python3.8/site-packages/airflow/example_dags/example_sla_dag.py
[2024-09-05T13:01:05.084+0000] {processor.py:830} INFO - Processing file /home/airflow/.local/lib/python3.8/site-packages/airflow/example_dags/example_sla_dag.py for tasks to queue
[2024-09-05T13:01:05.085+0000] {logging_mixin.py:188} INFO - [2024-09-05T13:01:05.085+0000] {dagbag.py:538} INFO - Filling up the DagBag from /home/airflow/.local/lib/python3.8/site-packages/airflow/example_dags/example_sla_dag.py
[2024-09-05T13:01:05.097+0000] {processor.py:840} INFO - DAG(s) 'example_sla_dag' retrieved from /home/airflow/.local/lib/python3.8/site-packages/airflow/example_dags/example_sla_dag.py
[2024-09-05T13:01:05.118+0000] {logging_mixin.py:188} INFO - [2024-09-05T13:01:05.118+0000] {dag.py:3036} INFO - Sync 1 DAGs
[2024-09-05T13:01:05.147+0000] {logging_mixin.py:188} INFO - [2024-09-05T13:01:05.147+0000] {dag.py:3823} INFO - Setting next_dagrun for example_sla_dag to 2024-09-05 12:58:00+00:00, run_after=2024-09-05 13:00:00+00:00
[2024-09-05T13:01:05.171+0000] {processor.py:183} INFO - Processing /home/airflow/.local/lib/python3.8/site-packages/airflow/example_dags/example_sla_dag.py took 0.092 seconds
[2024-09-05T13:01:35.296+0000] {processor.py:161} INFO - Started process (PID=1902) to work on /home/airflow/.local/lib/python3.8/site-packages/airflow/example_dags/example_sla_dag.py
[2024-09-05T13:01:35.297+0000] {processor.py:830} INFO - Processing file /home/airflow/.local/lib/python3.8/site-packages/airflow/example_dags/example_sla_dag.py for tasks to queue
[2024-09-05T13:01:35.298+0000] {logging_mixin.py:188} INFO - [2024-09-05T13:01:35.298+0000] {dagbag.py:538} INFO - Filling up the DagBag from /home/airflow/.local/lib/python3.8/site-packages/airflow/example_dags/example_sla_dag.py
[2024-09-05T13:01:35.306+0000] {processor.py:840} INFO - DAG(s) 'example_sla_dag' retrieved from /home/airflow/.local/lib/python3.8/site-packages/airflow/example_dags/example_sla_dag.py
[2024-09-05T13:01:35.325+0000] {logging_mixin.py:188} INFO - [2024-09-05T13:01:35.325+0000] {dag.py:3036} INFO - Sync 1 DAGs
[2024-09-05T13:01:35.352+0000] {logging_mixin.py:188} INFO - [2024-09-05T13:01:35.351+0000] {dag.py:3823} INFO - Setting next_dagrun for example_sla_dag to 2024-09-05 12:58:00+00:00, run_after=2024-09-05 13:00:00+00:00
[2024-09-05T13:01:35.373+0000] {processor.py:183} INFO - Processing /home/airflow/.local/lib/python3.8/site-packages/airflow/example_dags/example_sla_dag.py took 0.080 seconds
[2024-09-05T13:02:05.626+0000] {processor.py:161} INFO - Started process (PID=1959) to work on /home/airflow/.local/lib/python3.8/site-packages/airflow/example_dags/example_sla_dag.py
[2024-09-05T13:02:05.626+0000] {processor.py:830} INFO - Processing file /home/airflow/.local/lib/python3.8/site-packages/airflow/example_dags/example_sla_dag.py for tasks to queue
[2024-09-05T13:02:05.628+0000] {logging_mixin.py:188} INFO - [2024-09-05T13:02:05.627+0000] {dagbag.py:538} INFO - Filling up the DagBag from /home/airflow/.local/lib/python3.8/site-packages/airflow/example_dags/example_sla_dag.py
[2024-09-05T13:02:05.636+0000] {processor.py:840} INFO - DAG(s) 'example_sla_dag' retrieved from /home/airflow/.local/lib/python3.8/site-packages/airflow/example_dags/example_sla_dag.py
[2024-09-05T13:02:05.658+0000] {logging_mixin.py:188} INFO - [2024-09-05T13:02:05.658+0000] {dag.py:3036} INFO - Sync 1 DAGs
[2024-09-05T13:02:05.690+0000] {logging_mixin.py:188} INFO - [2024-09-05T13:02:05.690+0000] {dag.py:3823} INFO - Setting next_dagrun for example_sla_dag to 2024-09-05 13:00:00+00:00, run_after=2024-09-05 13:02:00+00:00
[2024-09-05T13:02:05.712+0000] {processor.py:183} INFO - Processing /home/airflow/.local/lib/python3.8/site-packages/airflow/example_dags/example_sla_dag.py took 0.090 seconds
[2024-09-05T13:02:35.787+0000] {processor.py:161} INFO - Started process (PID=2016) to work on /home/airflow/.local/lib/python3.8/site-packages/airflow/example_dags/example_sla_dag.py
[2024-09-05T13:02:35.788+0000] {processor.py:830} INFO - Processing file /home/airflow/.local/lib/python3.8/site-packages/airflow/example_dags/example_sla_dag.py for tasks to queue
[2024-09-05T13:02:35.790+0000] {logging_mixin.py:188} INFO - [2024-09-05T13:02:35.789+0000] {dagbag.py:538} INFO - Filling up the DagBag from /home/airflow/.local/lib/python3.8/site-packages/airflow/example_dags/example_sla_dag.py
[2024-09-05T13:02:35.798+0000] {processor.py:840} INFO - DAG(s) 'example_sla_dag' retrieved from /home/airflow/.local/lib/python3.8/site-packages/airflow/example_dags/example_sla_dag.py
[2024-09-05T13:02:35.817+0000] {logging_mixin.py:188} INFO - [2024-09-05T13:02:35.817+0000] {dag.py:3036} INFO - Sync 1 DAGs
[2024-09-05T13:02:35.842+0000] {logging_mixin.py:188} INFO - [2024-09-05T13:02:35.842+0000] {dag.py:3823} INFO - Setting next_dagrun for example_sla_dag to 2024-09-05 13:00:00+00:00, run_after=2024-09-05 13:02:00+00:00
[2024-09-05T13:02:35.864+0000] {processor.py:183} INFO - Processing /home/airflow/.local/lib/python3.8/site-packages/airflow/example_dags/example_sla_dag.py took 0.079 seconds
[2024-09-05T13:03:06.300+0000] {processor.py:161} INFO - Started process (PID=2073) to work on /home/airflow/.local/lib/python3.8/site-packages/airflow/example_dags/example_sla_dag.py
[2024-09-05T13:03:06.301+0000] {processor.py:830} INFO - Processing file /home/airflow/.local/lib/python3.8/site-packages/airflow/example_dags/example_sla_dag.py for tasks to queue
[2024-09-05T13:03:06.302+0000] {logging_mixin.py:188} INFO - [2024-09-05T13:03:06.302+0000] {dagbag.py:538} INFO - Filling up the DagBag from /home/airflow/.local/lib/python3.8/site-packages/airflow/example_dags/example_sla_dag.py
[2024-09-05T13:03:06.313+0000] {processor.py:840} INFO - DAG(s) 'example_sla_dag' retrieved from /home/airflow/.local/lib/python3.8/site-packages/airflow/example_dags/example_sla_dag.py
[2024-09-05T13:03:06.336+0000] {logging_mixin.py:188} INFO - [2024-09-05T13:03:06.335+0000] {dag.py:3036} INFO - Sync 1 DAGs
[2024-09-05T13:03:06.363+0000] {logging_mixin.py:188} INFO - [2024-09-05T13:03:06.362+0000] {dag.py:3823} INFO - Setting next_dagrun for example_sla_dag to 2024-09-05 13:00:00+00:00, run_after=2024-09-05 13:02:00+00:00
[2024-09-05T13:03:06.385+0000] {processor.py:183} INFO - Processing /home/airflow/.local/lib/python3.8/site-packages/airflow/example_dags/example_sla_dag.py took 0.089 seconds
[2024-09-05T13:03:37.217+0000] {processor.py:161} INFO - Started process (PID=2130) to work on /home/airflow/.local/lib/python3.8/site-packages/airflow/example_dags/example_sla_dag.py
[2024-09-05T13:03:37.218+0000] {processor.py:830} INFO - Processing file /home/airflow/.local/lib/python3.8/site-packages/airflow/example_dags/example_sla_dag.py for tasks to queue
[2024-09-05T13:03:37.219+0000] {logging_mixin.py:188} INFO - [2024-09-05T13:03:37.219+0000] {dagbag.py:538} INFO - Filling up the DagBag from /home/airflow/.local/lib/python3.8/site-packages/airflow/example_dags/example_sla_dag.py
[2024-09-05T13:03:37.227+0000] {processor.py:840} INFO - DAG(s) 'example_sla_dag' retrieved from /home/airflow/.local/lib/python3.8/site-packages/airflow/example_dags/example_sla_dag.py
[2024-09-05T13:03:37.246+0000] {logging_mixin.py:188} INFO - [2024-09-05T13:03:37.246+0000] {dag.py:3036} INFO - Sync 1 DAGs
[2024-09-05T13:03:37.274+0000] {logging_mixin.py:188} INFO - [2024-09-05T13:03:37.274+0000] {dag.py:3823} INFO - Setting next_dagrun for example_sla_dag to 2024-09-05 13:00:00+00:00, run_after=2024-09-05 13:02:00+00:00
[2024-09-05T13:03:37.296+0000] {processor.py:183} INFO - Processing /home/airflow/.local/lib/python3.8/site-packages/airflow/example_dags/example_sla_dag.py took 0.083 seconds
[2024-09-05T13:04:07.362+0000] {processor.py:161} INFO - Started process (PID=2186) to work on /home/airflow/.local/lib/python3.8/site-packages/airflow/example_dags/example_sla_dag.py
[2024-09-05T13:04:07.362+0000] {processor.py:830} INFO - Processing file /home/airflow/.local/lib/python3.8/site-packages/airflow/example_dags/example_sla_dag.py for tasks to queue
[2024-09-05T13:04:07.363+0000] {logging_mixin.py:188} INFO - [2024-09-05T13:04:07.363+0000] {dagbag.py:538} INFO - Filling up the DagBag from /home/airflow/.local/lib/python3.8/site-packages/airflow/example_dags/example_sla_dag.py
[2024-09-05T13:04:07.374+0000] {processor.py:840} INFO - DAG(s) 'example_sla_dag' retrieved from /home/airflow/.local/lib/python3.8/site-packages/airflow/example_dags/example_sla_dag.py
[2024-09-05T13:04:07.399+0000] {logging_mixin.py:188} INFO - [2024-09-05T13:04:07.399+0000] {dag.py:3036} INFO - Sync 1 DAGs
[2024-09-05T13:04:07.461+0000] {logging_mixin.py:188} INFO - [2024-09-05T13:04:07.461+0000] {dag.py:3823} INFO - Setting next_dagrun for example_sla_dag to 2024-09-05 13:02:00+00:00, run_after=2024-09-05 13:04:00+00:00
[2024-09-05T13:04:07.523+0000] {processor.py:183} INFO - Processing /home/airflow/.local/lib/python3.8/site-packages/airflow/example_dags/example_sla_dag.py took 0.165 seconds
[2024-09-05T13:04:38.052+0000] {processor.py:161} INFO - Started process (PID=2246) to work on /home/airflow/.local/lib/python3.8/site-packages/airflow/example_dags/example_sla_dag.py
[2024-09-05T13:04:38.055+0000] {processor.py:830} INFO - Processing file /home/airflow/.local/lib/python3.8/site-packages/airflow/example_dags/example_sla_dag.py for tasks to queue
[2024-09-05T13:04:38.056+0000] {logging_mixin.py:188} INFO - [2024-09-05T13:04:38.055+0000] {dagbag.py:538} INFO - Filling up the DagBag from /home/airflow/.local/lib/python3.8/site-packages/airflow/example_dags/example_sla_dag.py
[2024-09-05T13:04:38.064+0000] {processor.py:840} INFO - DAG(s) 'example_sla_dag' retrieved from /home/airflow/.local/lib/python3.8/site-packages/airflow/example_dags/example_sla_dag.py
[2024-09-05T13:04:38.089+0000] {logging_mixin.py:188} INFO - [2024-09-05T13:04:38.088+0000] {dag.py:3036} INFO - Sync 1 DAGs
[2024-09-05T13:04:38.114+0000] {logging_mixin.py:188} INFO - [2024-09-05T13:04:38.114+0000] {dag.py:3823} INFO - Setting next_dagrun for example_sla_dag to 2024-09-05 13:02:00+00:00, run_after=2024-09-05 13:04:00+00:00
[2024-09-05T13:04:38.134+0000] {processor.py:183} INFO - Processing /home/airflow/.local/lib/python3.8/site-packages/airflow/example_dags/example_sla_dag.py took 0.085 seconds
[2024-09-05T13:06:24.290+0000] {processor.py:161} INFO - Started process (PID=73) to work on /home/airflow/.local/lib/python3.8/site-packages/airflow/example_dags/example_sla_dag.py
[2024-09-05T13:06:24.292+0000] {processor.py:830} INFO - Processing file /home/airflow/.local/lib/python3.8/site-packages/airflow/example_dags/example_sla_dag.py for tasks to queue
[2024-09-05T13:06:24.293+0000] {logging_mixin.py:188} INFO - [2024-09-05T13:06:24.293+0000] {dagbag.py:538} INFO - Filling up the DagBag from /home/airflow/.local/lib/python3.8/site-packages/airflow/example_dags/example_sla_dag.py
[2024-09-05T13:06:24.305+0000] {processor.py:840} INFO - DAG(s) 'example_sla_dag' retrieved from /home/airflow/.local/lib/python3.8/site-packages/airflow/example_dags/example_sla_dag.py
[2024-09-05T13:06:24.322+0000] {logging_mixin.py:188} INFO - [2024-09-05T13:06:24.322+0000] {dag.py:3036} INFO - Sync 1 DAGs
[2024-09-05T13:06:24.387+0000] {logging_mixin.py:188} INFO - [2024-09-05T13:06:24.387+0000] {dag.py:3823} INFO - Setting next_dagrun for example_sla_dag to 2024-09-05 13:04:00+00:00, run_after=2024-09-05 13:06:00+00:00
[2024-09-05T13:06:24.440+0000] {processor.py:183} INFO - Processing /home/airflow/.local/lib/python3.8/site-packages/airflow/example_dags/example_sla_dag.py took 0.154 seconds
[2024-09-05T13:06:54.620+0000] {processor.py:161} INFO - Started process (PID=130) to work on /home/airflow/.local/lib/python3.8/site-packages/airflow/example_dags/example_sla_dag.py
[2024-09-05T13:06:54.621+0000] {processor.py:830} INFO - Processing file /home/airflow/.local/lib/python3.8/site-packages/airflow/example_dags/example_sla_dag.py for tasks to queue
[2024-09-05T13:06:54.622+0000] {logging_mixin.py:188} INFO - [2024-09-05T13:06:54.622+0000] {dagbag.py:538} INFO - Filling up the DagBag from /home/airflow/.local/lib/python3.8/site-packages/airflow/example_dags/example_sla_dag.py
[2024-09-05T13:06:54.631+0000] {processor.py:840} INFO - DAG(s) 'example_sla_dag' retrieved from /home/airflow/.local/lib/python3.8/site-packages/airflow/example_dags/example_sla_dag.py
[2024-09-05T13:06:54.732+0000] {logging_mixin.py:188} INFO - [2024-09-05T13:06:54.732+0000] {dag.py:3036} INFO - Sync 1 DAGs
[2024-09-05T13:06:54.757+0000] {logging_mixin.py:188} INFO - [2024-09-05T13:06:54.757+0000] {dag.py:3823} INFO - Setting next_dagrun for example_sla_dag to 2024-09-05 13:04:00+00:00, run_after=2024-09-05 13:06:00+00:00
[2024-09-05T13:06:54.777+0000] {processor.py:183} INFO - Processing /home/airflow/.local/lib/python3.8/site-packages/airflow/example_dags/example_sla_dag.py took 0.161 seconds
[2024-09-05T13:07:24.824+0000] {processor.py:161} INFO - Started process (PID=187) to work on /home/airflow/.local/lib/python3.8/site-packages/airflow/example_dags/example_sla_dag.py
[2024-09-05T13:07:24.825+0000] {processor.py:830} INFO - Processing file /home/airflow/.local/lib/python3.8/site-packages/airflow/example_dags/example_sla_dag.py for tasks to queue
[2024-09-05T13:07:24.826+0000] {logging_mixin.py:188} INFO - [2024-09-05T13:07:24.826+0000] {dagbag.py:538} INFO - Filling up the DagBag from /home/airflow/.local/lib/python3.8/site-packages/airflow/example_dags/example_sla_dag.py
[2024-09-05T13:07:24.834+0000] {processor.py:840} INFO - DAG(s) 'example_sla_dag' retrieved from /home/airflow/.local/lib/python3.8/site-packages/airflow/example_dags/example_sla_dag.py
[2024-09-05T13:07:24.852+0000] {logging_mixin.py:188} INFO - [2024-09-05T13:07:24.852+0000] {dag.py:3036} INFO - Sync 1 DAGs
[2024-09-05T13:07:24.877+0000] {logging_mixin.py:188} INFO - [2024-09-05T13:07:24.877+0000] {dag.py:3823} INFO - Setting next_dagrun for example_sla_dag to 2024-09-05 13:04:00+00:00, run_after=2024-09-05 13:06:00+00:00
[2024-09-05T13:07:24.897+0000] {processor.py:183} INFO - Processing /home/airflow/.local/lib/python3.8/site-packages/airflow/example_dags/example_sla_dag.py took 0.076 seconds
[2024-09-05T13:07:55.357+0000] {processor.py:161} INFO - Started process (PID=244) to work on /home/airflow/.local/lib/python3.8/site-packages/airflow/example_dags/example_sla_dag.py
[2024-09-05T13:07:55.358+0000] {processor.py:830} INFO - Processing file /home/airflow/.local/lib/python3.8/site-packages/airflow/example_dags/example_sla_dag.py for tasks to queue
[2024-09-05T13:07:55.359+0000] {logging_mixin.py:188} INFO - [2024-09-05T13:07:55.358+0000] {dagbag.py:538} INFO - Filling up the DagBag from /home/airflow/.local/lib/python3.8/site-packages/airflow/example_dags/example_sla_dag.py
[2024-09-05T13:07:55.368+0000] {processor.py:840} INFO - DAG(s) 'example_sla_dag' retrieved from /home/airflow/.local/lib/python3.8/site-packages/airflow/example_dags/example_sla_dag.py
[2024-09-05T13:07:55.388+0000] {logging_mixin.py:188} INFO - [2024-09-05T13:07:55.387+0000] {dag.py:3036} INFO - Sync 1 DAGs
[2024-09-05T13:07:55.415+0000] {logging_mixin.py:188} INFO - [2024-09-05T13:07:55.415+0000] {dag.py:3823} INFO - Setting next_dagrun for example_sla_dag to 2024-09-05 13:04:00+00:00, run_after=2024-09-05 13:06:00+00:00
[2024-09-05T13:07:55.435+0000] {processor.py:183} INFO - Processing /home/airflow/.local/lib/python3.8/site-packages/airflow/example_dags/example_sla_dag.py took 0.081 seconds
[2024-09-05T13:08:25.531+0000] {processor.py:161} INFO - Started process (PID=301) to work on /home/airflow/.local/lib/python3.8/site-packages/airflow/example_dags/example_sla_dag.py
[2024-09-05T13:08:25.532+0000] {processor.py:830} INFO - Processing file /home/airflow/.local/lib/python3.8/site-packages/airflow/example_dags/example_sla_dag.py for tasks to queue
[2024-09-05T13:08:25.535+0000] {logging_mixin.py:188} INFO - [2024-09-05T13:08:25.535+0000] {dagbag.py:538} INFO - Filling up the DagBag from /home/airflow/.local/lib/python3.8/site-packages/airflow/example_dags/example_sla_dag.py
[2024-09-05T13:08:25.546+0000] {processor.py:840} INFO - DAG(s) 'example_sla_dag' retrieved from /home/airflow/.local/lib/python3.8/site-packages/airflow/example_dags/example_sla_dag.py
[2024-09-05T13:08:25.573+0000] {logging_mixin.py:188} INFO - [2024-09-05T13:08:25.573+0000] {dag.py:3036} INFO - Sync 1 DAGs
[2024-09-05T13:08:25.607+0000] {logging_mixin.py:188} INFO - [2024-09-05T13:08:25.606+0000] {dag.py:3823} INFO - Setting next_dagrun for example_sla_dag to 2024-09-05 13:06:00+00:00, run_after=2024-09-05 13:08:00+00:00
[2024-09-05T13:08:25.629+0000] {processor.py:183} INFO - Processing /home/airflow/.local/lib/python3.8/site-packages/airflow/example_dags/example_sla_dag.py took 0.102 seconds
[2024-09-05T13:08:56.243+0000] {processor.py:161} INFO - Started process (PID=358) to work on /home/airflow/.local/lib/python3.8/site-packages/airflow/example_dags/example_sla_dag.py
[2024-09-05T13:08:56.244+0000] {processor.py:830} INFO - Processing file /home/airflow/.local/lib/python3.8/site-packages/airflow/example_dags/example_sla_dag.py for tasks to queue
[2024-09-05T13:08:56.245+0000] {logging_mixin.py:188} INFO - [2024-09-05T13:08:56.244+0000] {dagbag.py:538} INFO - Filling up the DagBag from /home/airflow/.local/lib/python3.8/site-packages/airflow/example_dags/example_sla_dag.py
[2024-09-05T13:08:56.253+0000] {processor.py:840} INFO - DAG(s) 'example_sla_dag' retrieved from /home/airflow/.local/lib/python3.8/site-packages/airflow/example_dags/example_sla_dag.py
[2024-09-05T13:08:56.277+0000] {logging_mixin.py:188} INFO - [2024-09-05T13:08:56.277+0000] {dag.py:3036} INFO - Sync 1 DAGs
[2024-09-05T13:08:56.309+0000] {logging_mixin.py:188} INFO - [2024-09-05T13:08:56.309+0000] {dag.py:3823} INFO - Setting next_dagrun for example_sla_dag to 2024-09-05 13:06:00+00:00, run_after=2024-09-05 13:08:00+00:00
[2024-09-05T13:08:56.330+0000] {processor.py:183} INFO - Processing /home/airflow/.local/lib/python3.8/site-packages/airflow/example_dags/example_sla_dag.py took 0.095 seconds
[2024-09-05T13:09:26.526+0000] {processor.py:161} INFO - Started process (PID=418) to work on /home/airflow/.local/lib/python3.8/site-packages/airflow/example_dags/example_sla_dag.py
[2024-09-05T13:09:26.528+0000] {processor.py:830} INFO - Processing file /home/airflow/.local/lib/python3.8/site-packages/airflow/example_dags/example_sla_dag.py for tasks to queue
[2024-09-05T13:09:26.531+0000] {logging_mixin.py:188} INFO - [2024-09-05T13:09:26.529+0000] {dagbag.py:538} INFO - Filling up the DagBag from /home/airflow/.local/lib/python3.8/site-packages/airflow/example_dags/example_sla_dag.py
[2024-09-05T13:09:26.547+0000] {processor.py:840} INFO - DAG(s) 'example_sla_dag' retrieved from /home/airflow/.local/lib/python3.8/site-packages/airflow/example_dags/example_sla_dag.py
[2024-09-05T13:09:26.571+0000] {logging_mixin.py:188} INFO - [2024-09-05T13:09:26.571+0000] {dag.py:3036} INFO - Sync 1 DAGs
[2024-09-05T13:09:26.604+0000] {logging_mixin.py:188} INFO - [2024-09-05T13:09:26.604+0000] {dag.py:3823} INFO - Setting next_dagrun for example_sla_dag to 2024-09-05 13:06:00+00:00, run_after=2024-09-05 13:08:00+00:00
[2024-09-05T13:09:26.625+0000] {processor.py:183} INFO - Processing /home/airflow/.local/lib/python3.8/site-packages/airflow/example_dags/example_sla_dag.py took 0.103 seconds
[2024-09-05T13:09:57.092+0000] {processor.py:161} INFO - Started process (PID=476) to work on /home/airflow/.local/lib/python3.8/site-packages/airflow/example_dags/example_sla_dag.py
[2024-09-05T13:09:57.093+0000] {processor.py:830} INFO - Processing file /home/airflow/.local/lib/python3.8/site-packages/airflow/example_dags/example_sla_dag.py for tasks to queue
[2024-09-05T13:09:57.093+0000] {logging_mixin.py:188} INFO - [2024-09-05T13:09:57.093+0000] {dagbag.py:538} INFO - Filling up the DagBag from /home/airflow/.local/lib/python3.8/site-packages/airflow/example_dags/example_sla_dag.py
[2024-09-05T13:09:57.104+0000] {processor.py:840} INFO - DAG(s) 'example_sla_dag' retrieved from /home/airflow/.local/lib/python3.8/site-packages/airflow/example_dags/example_sla_dag.py
[2024-09-05T13:09:57.126+0000] {logging_mixin.py:188} INFO - [2024-09-05T13:09:57.125+0000] {dag.py:3036} INFO - Sync 1 DAGs
[2024-09-05T13:09:57.157+0000] {logging_mixin.py:188} INFO - [2024-09-05T13:09:57.156+0000] {dag.py:3823} INFO - Setting next_dagrun for example_sla_dag to 2024-09-05 13:06:00+00:00, run_after=2024-09-05 13:08:00+00:00
[2024-09-05T13:09:57.177+0000] {processor.py:183} INFO - Processing /home/airflow/.local/lib/python3.8/site-packages/airflow/example_dags/example_sla_dag.py took 0.089 seconds
[2024-09-05T13:10:27.323+0000] {processor.py:161} INFO - Started process (PID=533) to work on /home/airflow/.local/lib/python3.8/site-packages/airflow/example_dags/example_sla_dag.py
[2024-09-05T13:10:27.324+0000] {processor.py:830} INFO - Processing file /home/airflow/.local/lib/python3.8/site-packages/airflow/example_dags/example_sla_dag.py for tasks to queue
[2024-09-05T13:10:27.326+0000] {logging_mixin.py:188} INFO - [2024-09-05T13:10:27.325+0000] {dagbag.py:538} INFO - Filling up the DagBag from /home/airflow/.local/lib/python3.8/site-packages/airflow/example_dags/example_sla_dag.py
[2024-09-05T13:10:27.339+0000] {processor.py:840} INFO - DAG(s) 'example_sla_dag' retrieved from /home/airflow/.local/lib/python3.8/site-packages/airflow/example_dags/example_sla_dag.py
[2024-09-05T13:10:27.366+0000] {logging_mixin.py:188} INFO - [2024-09-05T13:10:27.365+0000] {dag.py:3036} INFO - Sync 1 DAGs
[2024-09-05T13:10:27.398+0000] {logging_mixin.py:188} INFO - [2024-09-05T13:10:27.398+0000] {dag.py:3823} INFO - Setting next_dagrun for example_sla_dag to 2024-09-05 13:08:00+00:00, run_after=2024-09-05 13:10:00+00:00
[2024-09-05T13:10:27.425+0000] {processor.py:183} INFO - Processing /home/airflow/.local/lib/python3.8/site-packages/airflow/example_dags/example_sla_dag.py took 0.106 seconds
[2024-09-05T13:10:58.278+0000] {processor.py:161} INFO - Started process (PID=590) to work on /home/airflow/.local/lib/python3.8/site-packages/airflow/example_dags/example_sla_dag.py
[2024-09-05T13:10:58.279+0000] {processor.py:830} INFO - Processing file /home/airflow/.local/lib/python3.8/site-packages/airflow/example_dags/example_sla_dag.py for tasks to queue
[2024-09-05T13:10:58.280+0000] {logging_mixin.py:188} INFO - [2024-09-05T13:10:58.280+0000] {dagbag.py:538} INFO - Filling up the DagBag from /home/airflow/.local/lib/python3.8/site-packages/airflow/example_dags/example_sla_dag.py
[2024-09-05T13:10:58.295+0000] {processor.py:840} INFO - DAG(s) 'example_sla_dag' retrieved from /home/airflow/.local/lib/python3.8/site-packages/airflow/example_dags/example_sla_dag.py
[2024-09-05T13:10:58.322+0000] {logging_mixin.py:188} INFO - [2024-09-05T13:10:58.322+0000] {dag.py:3036} INFO - Sync 1 DAGs
[2024-09-05T13:10:58.359+0000] {logging_mixin.py:188} INFO - [2024-09-05T13:10:58.357+0000] {dag.py:3823} INFO - Setting next_dagrun for example_sla_dag to 2024-09-05 13:08:00+00:00, run_after=2024-09-05 13:10:00+00:00
[2024-09-05T13:10:58.386+0000] {processor.py:183} INFO - Processing /home/airflow/.local/lib/python3.8/site-packages/airflow/example_dags/example_sla_dag.py took 0.115 seconds
[2024-09-05T13:11:28.506+0000] {processor.py:161} INFO - Started process (PID=647) to work on /home/airflow/.local/lib/python3.8/site-packages/airflow/example_dags/example_sla_dag.py
[2024-09-05T13:11:28.507+0000] {processor.py:830} INFO - Processing file /home/airflow/.local/lib/python3.8/site-packages/airflow/example_dags/example_sla_dag.py for tasks to queue
[2024-09-05T13:11:28.508+0000] {logging_mixin.py:188} INFO - [2024-09-05T13:11:28.507+0000] {dagbag.py:538} INFO - Filling up the DagBag from /home/airflow/.local/lib/python3.8/site-packages/airflow/example_dags/example_sla_dag.py
[2024-09-05T13:11:28.517+0000] {processor.py:840} INFO - DAG(s) 'example_sla_dag' retrieved from /home/airflow/.local/lib/python3.8/site-packages/airflow/example_dags/example_sla_dag.py
[2024-09-05T13:11:28.538+0000] {logging_mixin.py:188} INFO - [2024-09-05T13:11:28.537+0000] {dag.py:3036} INFO - Sync 1 DAGs
[2024-09-05T13:11:28.573+0000] {logging_mixin.py:188} INFO - [2024-09-05T13:11:28.573+0000] {dag.py:3823} INFO - Setting next_dagrun for example_sla_dag to 2024-09-05 13:08:00+00:00, run_after=2024-09-05 13:10:00+00:00
[2024-09-05T13:11:28.596+0000] {processor.py:183} INFO - Processing /home/airflow/.local/lib/python3.8/site-packages/airflow/example_dags/example_sla_dag.py took 0.094 seconds
[2024-09-05T13:11:59.202+0000] {processor.py:161} INFO - Started process (PID=706) to work on /home/airflow/.local/lib/python3.8/site-packages/airflow/example_dags/example_sla_dag.py
[2024-09-05T13:11:59.204+0000] {processor.py:830} INFO - Processing file /home/airflow/.local/lib/python3.8/site-packages/airflow/example_dags/example_sla_dag.py for tasks to queue
[2024-09-05T13:11:59.205+0000] {logging_mixin.py:188} INFO - [2024-09-05T13:11:59.205+0000] {dagbag.py:538} INFO - Filling up the DagBag from /home/airflow/.local/lib/python3.8/site-packages/airflow/example_dags/example_sla_dag.py
[2024-09-05T13:11:59.214+0000] {processor.py:840} INFO - DAG(s) 'example_sla_dag' retrieved from /home/airflow/.local/lib/python3.8/site-packages/airflow/example_dags/example_sla_dag.py
[2024-09-05T13:11:59.239+0000] {logging_mixin.py:188} INFO - [2024-09-05T13:11:59.239+0000] {dag.py:3036} INFO - Sync 1 DAGs
[2024-09-05T13:11:59.269+0000] {logging_mixin.py:188} INFO - [2024-09-05T13:11:59.269+0000] {dag.py:3823} INFO - Setting next_dagrun for example_sla_dag to 2024-09-05 13:08:00+00:00, run_after=2024-09-05 13:10:00+00:00
[2024-09-05T13:11:59.295+0000] {processor.py:183} INFO - Processing /home/airflow/.local/lib/python3.8/site-packages/airflow/example_dags/example_sla_dag.py took 0.097 seconds
[2024-09-05T13:12:29.462+0000] {processor.py:161} INFO - Started process (PID=763) to work on /home/airflow/.local/lib/python3.8/site-packages/airflow/example_dags/example_sla_dag.py
[2024-09-05T13:12:29.463+0000] {processor.py:830} INFO - Processing file /home/airflow/.local/lib/python3.8/site-packages/airflow/example_dags/example_sla_dag.py for tasks to queue
[2024-09-05T13:12:29.464+0000] {logging_mixin.py:188} INFO - [2024-09-05T13:12:29.464+0000] {dagbag.py:538} INFO - Filling up the DagBag from /home/airflow/.local/lib/python3.8/site-packages/airflow/example_dags/example_sla_dag.py
[2024-09-05T13:12:29.473+0000] {processor.py:840} INFO - DAG(s) 'example_sla_dag' retrieved from /home/airflow/.local/lib/python3.8/site-packages/airflow/example_dags/example_sla_dag.py
[2024-09-05T13:12:29.497+0000] {logging_mixin.py:188} INFO - [2024-09-05T13:12:29.497+0000] {dag.py:3036} INFO - Sync 1 DAGs
[2024-09-05T13:12:29.527+0000] {logging_mixin.py:188} INFO - [2024-09-05T13:12:29.526+0000] {dag.py:3823} INFO - Setting next_dagrun for example_sla_dag to 2024-09-05 13:10:00+00:00, run_after=2024-09-05 13:12:00+00:00
[2024-09-05T13:12:29.553+0000] {processor.py:183} INFO - Processing /home/airflow/.local/lib/python3.8/site-packages/airflow/example_dags/example_sla_dag.py took 0.095 seconds
[2024-09-05T13:12:59.794+0000] {processor.py:161} INFO - Started process (PID=820) to work on /home/airflow/.local/lib/python3.8/site-packages/airflow/example_dags/example_sla_dag.py
[2024-09-05T13:12:59.796+0000] {processor.py:830} INFO - Processing file /home/airflow/.local/lib/python3.8/site-packages/airflow/example_dags/example_sla_dag.py for tasks to queue
[2024-09-05T13:12:59.797+0000] {logging_mixin.py:188} INFO - [2024-09-05T13:12:59.797+0000] {dagbag.py:538} INFO - Filling up the DagBag from /home/airflow/.local/lib/python3.8/site-packages/airflow/example_dags/example_sla_dag.py
[2024-09-05T13:12:59.805+0000] {processor.py:840} INFO - DAG(s) 'example_sla_dag' retrieved from /home/airflow/.local/lib/python3.8/site-packages/airflow/example_dags/example_sla_dag.py
[2024-09-05T13:12:59.825+0000] {logging_mixin.py:188} INFO - [2024-09-05T13:12:59.825+0000] {dag.py:3036} INFO - Sync 1 DAGs
[2024-09-05T13:12:59.853+0000] {logging_mixin.py:188} INFO - [2024-09-05T13:12:59.853+0000] {dag.py:3823} INFO - Setting next_dagrun for example_sla_dag to 2024-09-05 13:10:00+00:00, run_after=2024-09-05 13:12:00+00:00
[2024-09-05T13:12:59.875+0000] {processor.py:183} INFO - Processing /home/airflow/.local/lib/python3.8/site-packages/airflow/example_dags/example_sla_dag.py took 0.084 seconds
[2024-09-05T13:13:30.264+0000] {processor.py:161} INFO - Started process (PID=877) to work on /home/airflow/.local/lib/python3.8/site-packages/airflow/example_dags/example_sla_dag.py
[2024-09-05T13:13:30.264+0000] {processor.py:830} INFO - Processing file /home/airflow/.local/lib/python3.8/site-packages/airflow/example_dags/example_sla_dag.py for tasks to queue
[2024-09-05T13:13:30.265+0000] {logging_mixin.py:188} INFO - [2024-09-05T13:13:30.265+0000] {dagbag.py:538} INFO - Filling up the DagBag from /home/airflow/.local/lib/python3.8/site-packages/airflow/example_dags/example_sla_dag.py
[2024-09-05T13:13:30.276+0000] {processor.py:840} INFO - DAG(s) 'example_sla_dag' retrieved from /home/airflow/.local/lib/python3.8/site-packages/airflow/example_dags/example_sla_dag.py
[2024-09-05T13:13:30.299+0000] {logging_mixin.py:188} INFO - [2024-09-05T13:13:30.298+0000] {dag.py:3036} INFO - Sync 1 DAGs
[2024-09-05T13:13:30.338+0000] {logging_mixin.py:188} INFO - [2024-09-05T13:13:30.338+0000] {dag.py:3823} INFO - Setting next_dagrun for example_sla_dag to 2024-09-05 13:10:00+00:00, run_after=2024-09-05 13:12:00+00:00
[2024-09-05T13:13:30.368+0000] {processor.py:183} INFO - Processing /home/airflow/.local/lib/python3.8/site-packages/airflow/example_dags/example_sla_dag.py took 0.108 seconds
[2024-09-05T13:14:00.918+0000] {processor.py:161} INFO - Started process (PID=934) to work on /home/airflow/.local/lib/python3.8/site-packages/airflow/example_dags/example_sla_dag.py
[2024-09-05T13:14:00.919+0000] {processor.py:830} INFO - Processing file /home/airflow/.local/lib/python3.8/site-packages/airflow/example_dags/example_sla_dag.py for tasks to queue
[2024-09-05T13:14:00.920+0000] {logging_mixin.py:188} INFO - [2024-09-05T13:14:00.920+0000] {dagbag.py:538} INFO - Filling up the DagBag from /home/airflow/.local/lib/python3.8/site-packages/airflow/example_dags/example_sla_dag.py
[2024-09-05T13:14:00.929+0000] {processor.py:840} INFO - DAG(s) 'example_sla_dag' retrieved from /home/airflow/.local/lib/python3.8/site-packages/airflow/example_dags/example_sla_dag.py
[2024-09-05T13:14:00.950+0000] {logging_mixin.py:188} INFO - [2024-09-05T13:14:00.950+0000] {dag.py:3036} INFO - Sync 1 DAGs
[2024-09-05T13:14:00.978+0000] {logging_mixin.py:188} INFO - [2024-09-05T13:14:00.978+0000] {dag.py:3823} INFO - Setting next_dagrun for example_sla_dag to 2024-09-05 13:12:00+00:00, run_after=2024-09-05 13:14:00+00:00
[2024-09-05T13:14:01.001+0000] {processor.py:183} INFO - Processing /home/airflow/.local/lib/python3.8/site-packages/airflow/example_dags/example_sla_dag.py took 0.086 seconds
[2024-09-05T13:14:31.471+0000] {processor.py:161} INFO - Started process (PID=991) to work on /home/airflow/.local/lib/python3.8/site-packages/airflow/example_dags/example_sla_dag.py
[2024-09-05T13:14:31.472+0000] {processor.py:830} INFO - Processing file /home/airflow/.local/lib/python3.8/site-packages/airflow/example_dags/example_sla_dag.py for tasks to queue
[2024-09-05T13:14:31.473+0000] {logging_mixin.py:188} INFO - [2024-09-05T13:14:31.473+0000] {dagbag.py:538} INFO - Filling up the DagBag from /home/airflow/.local/lib/python3.8/site-packages/airflow/example_dags/example_sla_dag.py
[2024-09-05T13:14:31.483+0000] {processor.py:840} INFO - DAG(s) 'example_sla_dag' retrieved from /home/airflow/.local/lib/python3.8/site-packages/airflow/example_dags/example_sla_dag.py
[2024-09-05T13:14:31.504+0000] {logging_mixin.py:188} INFO - [2024-09-05T13:14:31.504+0000] {dag.py:3036} INFO - Sync 1 DAGs
[2024-09-05T13:14:31.532+0000] {logging_mixin.py:188} INFO - [2024-09-05T13:14:31.532+0000] {dag.py:3823} INFO - Setting next_dagrun for example_sla_dag to 2024-09-05 13:12:00+00:00, run_after=2024-09-05 13:14:00+00:00
[2024-09-05T13:14:31.554+0000] {processor.py:183} INFO - Processing /home/airflow/.local/lib/python3.8/site-packages/airflow/example_dags/example_sla_dag.py took 0.087 seconds
[2024-09-05T13:15:02.175+0000] {processor.py:161} INFO - Started process (PID=1049) to work on /home/airflow/.local/lib/python3.8/site-packages/airflow/example_dags/example_sla_dag.py
[2024-09-05T13:15:02.176+0000] {processor.py:830} INFO - Processing file /home/airflow/.local/lib/python3.8/site-packages/airflow/example_dags/example_sla_dag.py for tasks to queue
[2024-09-05T13:15:02.177+0000] {logging_mixin.py:188} INFO - [2024-09-05T13:15:02.176+0000] {dagbag.py:538} INFO - Filling up the DagBag from /home/airflow/.local/lib/python3.8/site-packages/airflow/example_dags/example_sla_dag.py
[2024-09-05T13:15:02.188+0000] {processor.py:840} INFO - DAG(s) 'example_sla_dag' retrieved from /home/airflow/.local/lib/python3.8/site-packages/airflow/example_dags/example_sla_dag.py
[2024-09-05T13:15:02.211+0000] {logging_mixin.py:188} INFO - [2024-09-05T13:15:02.210+0000] {dag.py:3036} INFO - Sync 1 DAGs
[2024-09-05T13:15:02.247+0000] {logging_mixin.py:188} INFO - [2024-09-05T13:15:02.247+0000] {dag.py:3823} INFO - Setting next_dagrun for example_sla_dag to 2024-09-05 13:12:00+00:00, run_after=2024-09-05 13:14:00+00:00
[2024-09-05T13:15:02.277+0000] {processor.py:183} INFO - Processing /home/airflow/.local/lib/python3.8/site-packages/airflow/example_dags/example_sla_dag.py took 0.107 seconds
[2024-09-05T13:15:32.883+0000] {processor.py:161} INFO - Started process (PID=1106) to work on /home/airflow/.local/lib/python3.8/site-packages/airflow/example_dags/example_sla_dag.py
[2024-09-05T13:15:32.884+0000] {processor.py:830} INFO - Processing file /home/airflow/.local/lib/python3.8/site-packages/airflow/example_dags/example_sla_dag.py for tasks to queue
[2024-09-05T13:15:32.885+0000] {logging_mixin.py:188} INFO - [2024-09-05T13:15:32.884+0000] {dagbag.py:538} INFO - Filling up the DagBag from /home/airflow/.local/lib/python3.8/site-packages/airflow/example_dags/example_sla_dag.py
[2024-09-05T13:15:32.894+0000] {processor.py:840} INFO - DAG(s) 'example_sla_dag' retrieved from /home/airflow/.local/lib/python3.8/site-packages/airflow/example_dags/example_sla_dag.py
[2024-09-05T13:15:32.914+0000] {logging_mixin.py:188} INFO - [2024-09-05T13:15:32.914+0000] {dag.py:3036} INFO - Sync 1 DAGs
[2024-09-05T13:15:32.943+0000] {logging_mixin.py:188} INFO - [2024-09-05T13:15:32.942+0000] {dag.py:3823} INFO - Setting next_dagrun for example_sla_dag to 2024-09-05 13:12:00+00:00, run_after=2024-09-05 13:14:00+00:00
[2024-09-05T13:15:32.963+0000] {processor.py:183} INFO - Processing /home/airflow/.local/lib/python3.8/site-packages/airflow/example_dags/example_sla_dag.py took 0.083 seconds
[2024-09-05T13:16:03.164+0000] {processor.py:161} INFO - Started process (PID=1167) to work on /home/airflow/.local/lib/python3.8/site-packages/airflow/example_dags/example_sla_dag.py
[2024-09-05T13:16:03.164+0000] {processor.py:830} INFO - Processing file /home/airflow/.local/lib/python3.8/site-packages/airflow/example_dags/example_sla_dag.py for tasks to queue
[2024-09-05T13:16:03.166+0000] {logging_mixin.py:188} INFO - [2024-09-05T13:16:03.165+0000] {dagbag.py:538} INFO - Filling up the DagBag from /home/airflow/.local/lib/python3.8/site-packages/airflow/example_dags/example_sla_dag.py
[2024-09-05T13:16:03.175+0000] {processor.py:840} INFO - DAG(s) 'example_sla_dag' retrieved from /home/airflow/.local/lib/python3.8/site-packages/airflow/example_dags/example_sla_dag.py
[2024-09-05T13:16:03.199+0000] {logging_mixin.py:188} INFO - [2024-09-05T13:16:03.198+0000] {dag.py:3036} INFO - Sync 1 DAGs
[2024-09-05T13:16:03.229+0000] {logging_mixin.py:188} INFO - [2024-09-05T13:16:03.228+0000] {dag.py:3823} INFO - Setting next_dagrun for example_sla_dag to 2024-09-05 13:14:00+00:00, run_after=2024-09-05 13:16:00+00:00
[2024-09-05T13:16:03.256+0000] {processor.py:183} INFO - Processing /home/airflow/.local/lib/python3.8/site-packages/airflow/example_dags/example_sla_dag.py took 0.097 seconds
[2024-09-05T13:16:34.231+0000] {processor.py:161} INFO - Started process (PID=1224) to work on /home/airflow/.local/lib/python3.8/site-packages/airflow/example_dags/example_sla_dag.py
[2024-09-05T13:16:34.232+0000] {processor.py:830} INFO - Processing file /home/airflow/.local/lib/python3.8/site-packages/airflow/example_dags/example_sla_dag.py for tasks to queue
[2024-09-05T13:16:34.232+0000] {logging_mixin.py:188} INFO - [2024-09-05T13:16:34.232+0000] {dagbag.py:538} INFO - Filling up the DagBag from /home/airflow/.local/lib/python3.8/site-packages/airflow/example_dags/example_sla_dag.py
[2024-09-05T13:16:34.240+0000] {processor.py:840} INFO - DAG(s) 'example_sla_dag' retrieved from /home/airflow/.local/lib/python3.8/site-packages/airflow/example_dags/example_sla_dag.py
[2024-09-05T13:16:34.259+0000] {logging_mixin.py:188} INFO - [2024-09-05T13:16:34.259+0000] {dag.py:3036} INFO - Sync 1 DAGs
[2024-09-05T13:16:34.285+0000] {logging_mixin.py:188} INFO - [2024-09-05T13:16:34.285+0000] {dag.py:3823} INFO - Setting next_dagrun for example_sla_dag to 2024-09-05 13:14:00+00:00, run_after=2024-09-05 13:16:00+00:00
[2024-09-05T13:16:34.305+0000] {processor.py:183} INFO - Processing /home/airflow/.local/lib/python3.8/site-packages/airflow/example_dags/example_sla_dag.py took 0.078 seconds
[2024-09-05T13:17:04.909+0000] {processor.py:161} INFO - Started process (PID=1281) to work on /home/airflow/.local/lib/python3.8/site-packages/airflow/example_dags/example_sla_dag.py
[2024-09-05T13:17:04.910+0000] {processor.py:830} INFO - Processing file /home/airflow/.local/lib/python3.8/site-packages/airflow/example_dags/example_sla_dag.py for tasks to queue
[2024-09-05T13:17:04.911+0000] {logging_mixin.py:188} INFO - [2024-09-05T13:17:04.910+0000] {dagbag.py:538} INFO - Filling up the DagBag from /home/airflow/.local/lib/python3.8/site-packages/airflow/example_dags/example_sla_dag.py
[2024-09-05T13:17:04.920+0000] {processor.py:840} INFO - DAG(s) 'example_sla_dag' retrieved from /home/airflow/.local/lib/python3.8/site-packages/airflow/example_dags/example_sla_dag.py
[2024-09-05T13:17:04.940+0000] {logging_mixin.py:188} INFO - [2024-09-05T13:17:04.940+0000] {dag.py:3036} INFO - Sync 1 DAGs
[2024-09-05T13:17:04.966+0000] {logging_mixin.py:188} INFO - [2024-09-05T13:17:04.966+0000] {dag.py:3823} INFO - Setting next_dagrun for example_sla_dag to 2024-09-05 13:14:00+00:00, run_after=2024-09-05 13:16:00+00:00
[2024-09-05T13:17:04.991+0000] {processor.py:183} INFO - Processing /home/airflow/.local/lib/python3.8/site-packages/airflow/example_dags/example_sla_dag.py took 0.084 seconds
[2024-09-05T13:17:35.529+0000] {processor.py:161} INFO - Started process (PID=1338) to work on /home/airflow/.local/lib/python3.8/site-packages/airflow/example_dags/example_sla_dag.py
[2024-09-05T13:17:35.530+0000] {processor.py:830} INFO - Processing file /home/airflow/.local/lib/python3.8/site-packages/airflow/example_dags/example_sla_dag.py for tasks to queue
[2024-09-05T13:17:35.530+0000] {logging_mixin.py:188} INFO - [2024-09-05T13:17:35.530+0000] {dagbag.py:538} INFO - Filling up the DagBag from /home/airflow/.local/lib/python3.8/site-packages/airflow/example_dags/example_sla_dag.py
[2024-09-05T13:17:35.538+0000] {processor.py:840} INFO - DAG(s) 'example_sla_dag' retrieved from /home/airflow/.local/lib/python3.8/site-packages/airflow/example_dags/example_sla_dag.py
[2024-09-05T13:17:35.559+0000] {logging_mixin.py:188} INFO - [2024-09-05T13:17:35.559+0000] {dag.py:3036} INFO - Sync 1 DAGs
[2024-09-05T13:17:35.583+0000] {logging_mixin.py:188} INFO - [2024-09-05T13:17:35.583+0000] {dag.py:3823} INFO - Setting next_dagrun for example_sla_dag to 2024-09-05 13:14:00+00:00, run_after=2024-09-05 13:16:00+00:00
[2024-09-05T13:17:35.605+0000] {processor.py:183} INFO - Processing /home/airflow/.local/lib/python3.8/site-packages/airflow/example_dags/example_sla_dag.py took 0.079 seconds
[2024-09-05T13:18:05.961+0000] {processor.py:161} INFO - Started process (PID=1401) to work on /home/airflow/.local/lib/python3.8/site-packages/airflow/example_dags/example_sla_dag.py
[2024-09-05T13:18:05.962+0000] {processor.py:830} INFO - Processing file /home/airflow/.local/lib/python3.8/site-packages/airflow/example_dags/example_sla_dag.py for tasks to queue
[2024-09-05T13:18:05.962+0000] {logging_mixin.py:188} INFO - [2024-09-05T13:18:05.962+0000] {dagbag.py:538} INFO - Filling up the DagBag from /home/airflow/.local/lib/python3.8/site-packages/airflow/example_dags/example_sla_dag.py
[2024-09-05T13:18:05.971+0000] {processor.py:840} INFO - DAG(s) 'example_sla_dag' retrieved from /home/airflow/.local/lib/python3.8/site-packages/airflow/example_dags/example_sla_dag.py
[2024-09-05T13:18:05.989+0000] {logging_mixin.py:188} INFO - [2024-09-05T13:18:05.989+0000] {dag.py:3036} INFO - Sync 1 DAGs
[2024-09-05T13:18:06.011+0000] {logging_mixin.py:188} INFO - [2024-09-05T13:18:06.011+0000] {dag.py:3823} INFO - Setting next_dagrun for example_sla_dag to 2024-09-05 13:16:00+00:00, run_after=2024-09-05 13:18:00+00:00
[2024-09-05T13:18:06.290+0000] {processor.py:183} INFO - Processing /home/airflow/.local/lib/python3.8/site-packages/airflow/example_dags/example_sla_dag.py took 0.332 seconds
[2024-09-05T13:18:36.361+0000] {processor.py:161} INFO - Started process (PID=1458) to work on /home/airflow/.local/lib/python3.8/site-packages/airflow/example_dags/example_sla_dag.py
[2024-09-05T13:18:36.362+0000] {processor.py:830} INFO - Processing file /home/airflow/.local/lib/python3.8/site-packages/airflow/example_dags/example_sla_dag.py for tasks to queue
[2024-09-05T13:18:36.363+0000] {logging_mixin.py:188} INFO - [2024-09-05T13:18:36.363+0000] {dagbag.py:538} INFO - Filling up the DagBag from /home/airflow/.local/lib/python3.8/site-packages/airflow/example_dags/example_sla_dag.py
[2024-09-05T13:18:36.372+0000] {processor.py:840} INFO - DAG(s) 'example_sla_dag' retrieved from /home/airflow/.local/lib/python3.8/site-packages/airflow/example_dags/example_sla_dag.py
[2024-09-05T13:18:36.397+0000] {logging_mixin.py:188} INFO - [2024-09-05T13:18:36.397+0000] {dag.py:3036} INFO - Sync 1 DAGs
[2024-09-05T13:18:36.424+0000] {logging_mixin.py:188} INFO - [2024-09-05T13:18:36.424+0000] {dag.py:3823} INFO - Setting next_dagrun for example_sla_dag to 2024-09-05 13:16:00+00:00, run_after=2024-09-05 13:18:00+00:00
[2024-09-05T13:18:36.444+0000] {processor.py:183} INFO - Processing /home/airflow/.local/lib/python3.8/site-packages/airflow/example_dags/example_sla_dag.py took 0.086 seconds
[2024-09-05T13:19:09.787+0000] {processor.py:161} INFO - Started process (PID=1515) to work on /home/airflow/.local/lib/python3.8/site-packages/airflow/example_dags/example_sla_dag.py
[2024-09-05T13:19:09.800+0000] {processor.py:830} INFO - Processing file /home/airflow/.local/lib/python3.8/site-packages/airflow/example_dags/example_sla_dag.py for tasks to queue
[2024-09-05T13:19:09.804+0000] {logging_mixin.py:188} INFO - [2024-09-05T13:19:09.803+0000] {dagbag.py:538} INFO - Filling up the DagBag from /home/airflow/.local/lib/python3.8/site-packages/airflow/example_dags/example_sla_dag.py
[2024-09-05T13:19:09.829+0000] {processor.py:840} INFO - DAG(s) 'example_sla_dag' retrieved from /home/airflow/.local/lib/python3.8/site-packages/airflow/example_dags/example_sla_dag.py
[2024-09-05T13:19:09.887+0000] {logging_mixin.py:188} INFO - [2024-09-05T13:19:09.887+0000] {dag.py:3036} INFO - Sync 1 DAGs
[2024-09-05T13:19:10.007+0000] {logging_mixin.py:188} INFO - [2024-09-05T13:19:10.007+0000] {dag.py:3823} INFO - Setting next_dagrun for example_sla_dag to 2024-09-05 13:16:00+00:00, run_after=2024-09-05 13:18:00+00:00
[2024-09-05T13:19:10.096+0000] {processor.py:183} INFO - Processing /home/airflow/.local/lib/python3.8/site-packages/airflow/example_dags/example_sla_dag.py took 0.319 seconds
[2024-09-05T13:19:40.189+0000] {processor.py:161} INFO - Started process (PID=1572) to work on /home/airflow/.local/lib/python3.8/site-packages/airflow/example_dags/example_sla_dag.py
[2024-09-05T13:19:40.190+0000] {processor.py:830} INFO - Processing file /home/airflow/.local/lib/python3.8/site-packages/airflow/example_dags/example_sla_dag.py for tasks to queue
[2024-09-05T13:19:40.191+0000] {logging_mixin.py:188} INFO - [2024-09-05T13:19:40.191+0000] {dagbag.py:538} INFO - Filling up the DagBag from /home/airflow/.local/lib/python3.8/site-packages/airflow/example_dags/example_sla_dag.py
[2024-09-05T13:19:40.199+0000] {processor.py:840} INFO - DAG(s) 'example_sla_dag' retrieved from /home/airflow/.local/lib/python3.8/site-packages/airflow/example_dags/example_sla_dag.py
[2024-09-05T13:19:40.217+0000] {logging_mixin.py:188} INFO - [2024-09-05T13:19:40.217+0000] {dag.py:3036} INFO - Sync 1 DAGs
[2024-09-05T13:19:40.240+0000] {logging_mixin.py:188} INFO - [2024-09-05T13:19:40.240+0000] {dag.py:3823} INFO - Setting next_dagrun for example_sla_dag to 2024-09-05 13:16:00+00:00, run_after=2024-09-05 13:18:00+00:00
[2024-09-05T13:19:40.259+0000] {processor.py:183} INFO - Processing /home/airflow/.local/lib/python3.8/site-packages/airflow/example_dags/example_sla_dag.py took 0.072 seconds
