[2024-09-05T12:27:03.177+0000] {processor.py:161} INFO - Started process (PID=78) to work on /home/airflow/.local/lib/python3.8/site-packages/airflow/example_dags/example_skip_dag.py
[2024-09-05T12:27:03.179+0000] {processor.py:830} INFO - Processing file /home/airflow/.local/lib/python3.8/site-packages/airflow/example_dags/example_skip_dag.py for tasks to queue
[2024-09-05T12:27:03.182+0000] {logging_mixin.py:188} INFO - [2024-09-05T12:27:03.181+0000] {dagbag.py:538} INFO - Filling up the DagBag from /home/airflow/.local/lib/python3.8/site-packages/airflow/example_dags/example_skip_dag.py
[2024-09-05T12:27:03.194+0000] {processor.py:840} INFO - DAG(s) 'example_skip_dag' retrieved from /home/airflow/.local/lib/python3.8/site-packages/airflow/example_dags/example_skip_dag.py
[2024-09-05T12:27:03.392+0000] {logging_mixin.py:188} INFO - [2024-09-05T12:27:03.392+0000] {dag.py:3036} INFO - Sync 1 DAGs
[2024-09-05T12:27:03.425+0000] {logging_mixin.py:188} INFO - [2024-09-05T12:27:03.424+0000] {dag.py:3823} INFO - Setting next_dagrun for example_skip_dag to 2024-09-04 00:00:00+00:00, run_after=2024-09-05 00:00:00+00:00
[2024-09-05T12:27:03.464+0000] {processor.py:183} INFO - Processing /home/airflow/.local/lib/python3.8/site-packages/airflow/example_dags/example_skip_dag.py took 0.292 seconds
[2024-09-05T12:27:33.944+0000] {processor.py:161} INFO - Started process (PID=141) to work on /home/airflow/.local/lib/python3.8/site-packages/airflow/example_dags/example_skip_dag.py
[2024-09-05T12:27:33.945+0000] {processor.py:830} INFO - Processing file /home/airflow/.local/lib/python3.8/site-packages/airflow/example_dags/example_skip_dag.py for tasks to queue
[2024-09-05T12:27:33.947+0000] {logging_mixin.py:188} INFO - [2024-09-05T12:27:33.946+0000] {dagbag.py:538} INFO - Filling up the DagBag from /home/airflow/.local/lib/python3.8/site-packages/airflow/example_dags/example_skip_dag.py
[2024-09-05T12:27:33.958+0000] {processor.py:840} INFO - DAG(s) 'example_skip_dag' retrieved from /home/airflow/.local/lib/python3.8/site-packages/airflow/example_dags/example_skip_dag.py
[2024-09-05T12:27:33.974+0000] {logging_mixin.py:188} INFO - [2024-09-05T12:27:33.974+0000] {dag.py:3036} INFO - Sync 1 DAGs
[2024-09-05T12:27:34.022+0000] {logging_mixin.py:188} INFO - [2024-09-05T12:27:34.021+0000] {dag.py:3823} INFO - Setting next_dagrun for example_skip_dag to 2024-09-04 00:00:00+00:00, run_after=2024-09-05 00:00:00+00:00
[2024-09-05T12:27:34.088+0000] {processor.py:183} INFO - Processing /home/airflow/.local/lib/python3.8/site-packages/airflow/example_dags/example_skip_dag.py took 0.148 seconds
[2024-09-05T12:28:04.804+0000] {processor.py:161} INFO - Started process (PID=198) to work on /home/airflow/.local/lib/python3.8/site-packages/airflow/example_dags/example_skip_dag.py
[2024-09-05T12:28:04.805+0000] {processor.py:830} INFO - Processing file /home/airflow/.local/lib/python3.8/site-packages/airflow/example_dags/example_skip_dag.py for tasks to queue
[2024-09-05T12:28:04.807+0000] {logging_mixin.py:188} INFO - [2024-09-05T12:28:04.807+0000] {dagbag.py:538} INFO - Filling up the DagBag from /home/airflow/.local/lib/python3.8/site-packages/airflow/example_dags/example_skip_dag.py
[2024-09-05T12:28:04.821+0000] {processor.py:840} INFO - DAG(s) 'example_skip_dag' retrieved from /home/airflow/.local/lib/python3.8/site-packages/airflow/example_dags/example_skip_dag.py
[2024-09-05T12:28:05.020+0000] {logging_mixin.py:188} INFO - [2024-09-05T12:28:05.020+0000] {dag.py:3036} INFO - Sync 1 DAGs
[2024-09-05T12:28:05.055+0000] {logging_mixin.py:188} INFO - [2024-09-05T12:28:05.054+0000] {dag.py:3823} INFO - Setting next_dagrun for example_skip_dag to 2024-09-04 00:00:00+00:00, run_after=2024-09-05 00:00:00+00:00
[2024-09-05T12:28:05.080+0000] {processor.py:183} INFO - Processing /home/airflow/.local/lib/python3.8/site-packages/airflow/example_dags/example_skip_dag.py took 0.285 seconds
[2024-09-05T12:28:35.889+0000] {processor.py:161} INFO - Started process (PID=255) to work on /home/airflow/.local/lib/python3.8/site-packages/airflow/example_dags/example_skip_dag.py
[2024-09-05T12:28:35.890+0000] {processor.py:830} INFO - Processing file /home/airflow/.local/lib/python3.8/site-packages/airflow/example_dags/example_skip_dag.py for tasks to queue
[2024-09-05T12:28:35.891+0000] {logging_mixin.py:188} INFO - [2024-09-05T12:28:35.890+0000] {dagbag.py:538} INFO - Filling up the DagBag from /home/airflow/.local/lib/python3.8/site-packages/airflow/example_dags/example_skip_dag.py
[2024-09-05T12:28:35.901+0000] {processor.py:840} INFO - DAG(s) 'example_skip_dag' retrieved from /home/airflow/.local/lib/python3.8/site-packages/airflow/example_dags/example_skip_dag.py
[2024-09-05T12:28:35.927+0000] {logging_mixin.py:188} INFO - [2024-09-05T12:28:35.927+0000] {dag.py:3036} INFO - Sync 1 DAGs
[2024-09-05T12:28:35.966+0000] {logging_mixin.py:188} INFO - [2024-09-05T12:28:35.966+0000] {dag.py:3823} INFO - Setting next_dagrun for example_skip_dag to 2024-09-04 00:00:00+00:00, run_after=2024-09-05 00:00:00+00:00
[2024-09-05T12:28:35.994+0000] {processor.py:183} INFO - Processing /home/airflow/.local/lib/python3.8/site-packages/airflow/example_dags/example_skip_dag.py took 0.109 seconds
[2024-09-05T12:29:06.684+0000] {processor.py:161} INFO - Started process (PID=312) to work on /home/airflow/.local/lib/python3.8/site-packages/airflow/example_dags/example_skip_dag.py
[2024-09-05T12:29:06.685+0000] {processor.py:830} INFO - Processing file /home/airflow/.local/lib/python3.8/site-packages/airflow/example_dags/example_skip_dag.py for tasks to queue
[2024-09-05T12:29:06.687+0000] {logging_mixin.py:188} INFO - [2024-09-05T12:29:06.687+0000] {dagbag.py:538} INFO - Filling up the DagBag from /home/airflow/.local/lib/python3.8/site-packages/airflow/example_dags/example_skip_dag.py
[2024-09-05T12:29:06.696+0000] {processor.py:840} INFO - DAG(s) 'example_skip_dag' retrieved from /home/airflow/.local/lib/python3.8/site-packages/airflow/example_dags/example_skip_dag.py
[2024-09-05T12:29:06.724+0000] {logging_mixin.py:188} INFO - [2024-09-05T12:29:06.724+0000] {dag.py:3036} INFO - Sync 1 DAGs
[2024-09-05T12:29:06.756+0000] {logging_mixin.py:188} INFO - [2024-09-05T12:29:06.755+0000] {dag.py:3823} INFO - Setting next_dagrun for example_skip_dag to 2024-09-04 00:00:00+00:00, run_after=2024-09-05 00:00:00+00:00
[2024-09-05T12:29:06.788+0000] {processor.py:183} INFO - Processing /home/airflow/.local/lib/python3.8/site-packages/airflow/example_dags/example_skip_dag.py took 0.108 seconds
[2024-09-05T12:29:36.969+0000] {processor.py:161} INFO - Started process (PID=369) to work on /home/airflow/.local/lib/python3.8/site-packages/airflow/example_dags/example_skip_dag.py
[2024-09-05T12:29:36.970+0000] {processor.py:830} INFO - Processing file /home/airflow/.local/lib/python3.8/site-packages/airflow/example_dags/example_skip_dag.py for tasks to queue
[2024-09-05T12:29:36.971+0000] {logging_mixin.py:188} INFO - [2024-09-05T12:29:36.970+0000] {dagbag.py:538} INFO - Filling up the DagBag from /home/airflow/.local/lib/python3.8/site-packages/airflow/example_dags/example_skip_dag.py
[2024-09-05T12:29:36.982+0000] {processor.py:840} INFO - DAG(s) 'example_skip_dag' retrieved from /home/airflow/.local/lib/python3.8/site-packages/airflow/example_dags/example_skip_dag.py
[2024-09-05T12:29:37.020+0000] {logging_mixin.py:188} INFO - [2024-09-05T12:29:37.019+0000] {dag.py:3036} INFO - Sync 1 DAGs
[2024-09-05T12:29:37.073+0000] {logging_mixin.py:188} INFO - [2024-09-05T12:29:37.073+0000] {dag.py:3823} INFO - Setting next_dagrun for example_skip_dag to 2024-09-04 00:00:00+00:00, run_after=2024-09-05 00:00:00+00:00
[2024-09-05T12:29:37.103+0000] {processor.py:183} INFO - Processing /home/airflow/.local/lib/python3.8/site-packages/airflow/example_dags/example_skip_dag.py took 0.138 seconds
[2024-09-05T12:30:07.182+0000] {processor.py:161} INFO - Started process (PID=426) to work on /home/airflow/.local/lib/python3.8/site-packages/airflow/example_dags/example_skip_dag.py
[2024-09-05T12:30:07.183+0000] {processor.py:830} INFO - Processing file /home/airflow/.local/lib/python3.8/site-packages/airflow/example_dags/example_skip_dag.py for tasks to queue
[2024-09-05T12:30:07.184+0000] {logging_mixin.py:188} INFO - [2024-09-05T12:30:07.184+0000] {dagbag.py:538} INFO - Filling up the DagBag from /home/airflow/.local/lib/python3.8/site-packages/airflow/example_dags/example_skip_dag.py
[2024-09-05T12:30:07.193+0000] {processor.py:840} INFO - DAG(s) 'example_skip_dag' retrieved from /home/airflow/.local/lib/python3.8/site-packages/airflow/example_dags/example_skip_dag.py
[2024-09-05T12:30:07.219+0000] {logging_mixin.py:188} INFO - [2024-09-05T12:30:07.218+0000] {dag.py:3036} INFO - Sync 1 DAGs
[2024-09-05T12:30:07.254+0000] {logging_mixin.py:188} INFO - [2024-09-05T12:30:07.254+0000] {dag.py:3823} INFO - Setting next_dagrun for example_skip_dag to 2024-09-04 00:00:00+00:00, run_after=2024-09-05 00:00:00+00:00
[2024-09-05T12:30:07.284+0000] {processor.py:183} INFO - Processing /home/airflow/.local/lib/python3.8/site-packages/airflow/example_dags/example_skip_dag.py took 0.106 seconds
[2024-09-05T12:30:37.356+0000] {processor.py:161} INFO - Started process (PID=483) to work on /home/airflow/.local/lib/python3.8/site-packages/airflow/example_dags/example_skip_dag.py
[2024-09-05T12:30:37.357+0000] {processor.py:830} INFO - Processing file /home/airflow/.local/lib/python3.8/site-packages/airflow/example_dags/example_skip_dag.py for tasks to queue
[2024-09-05T12:30:37.358+0000] {logging_mixin.py:188} INFO - [2024-09-05T12:30:37.358+0000] {dagbag.py:538} INFO - Filling up the DagBag from /home/airflow/.local/lib/python3.8/site-packages/airflow/example_dags/example_skip_dag.py
[2024-09-05T12:30:37.366+0000] {processor.py:840} INFO - DAG(s) 'example_skip_dag' retrieved from /home/airflow/.local/lib/python3.8/site-packages/airflow/example_dags/example_skip_dag.py
[2024-09-05T12:30:37.391+0000] {logging_mixin.py:188} INFO - [2024-09-05T12:30:37.391+0000] {dag.py:3036} INFO - Sync 1 DAGs
[2024-09-05T12:30:37.417+0000] {logging_mixin.py:188} INFO - [2024-09-05T12:30:37.417+0000] {dag.py:3823} INFO - Setting next_dagrun for example_skip_dag to 2024-09-04 00:00:00+00:00, run_after=2024-09-05 00:00:00+00:00
[2024-09-05T12:30:37.444+0000] {processor.py:183} INFO - Processing /home/airflow/.local/lib/python3.8/site-packages/airflow/example_dags/example_skip_dag.py took 0.091 seconds
[2024-09-05T12:31:07.714+0000] {processor.py:161} INFO - Started process (PID=540) to work on /home/airflow/.local/lib/python3.8/site-packages/airflow/example_dags/example_skip_dag.py
[2024-09-05T12:31:07.715+0000] {processor.py:830} INFO - Processing file /home/airflow/.local/lib/python3.8/site-packages/airflow/example_dags/example_skip_dag.py for tasks to queue
[2024-09-05T12:31:07.717+0000] {logging_mixin.py:188} INFO - [2024-09-05T12:31:07.717+0000] {dagbag.py:538} INFO - Filling up the DagBag from /home/airflow/.local/lib/python3.8/site-packages/airflow/example_dags/example_skip_dag.py
[2024-09-05T12:31:07.730+0000] {processor.py:840} INFO - DAG(s) 'example_skip_dag' retrieved from /home/airflow/.local/lib/python3.8/site-packages/airflow/example_dags/example_skip_dag.py
[2024-09-05T12:31:07.770+0000] {logging_mixin.py:188} INFO - [2024-09-05T12:31:07.769+0000] {dag.py:3036} INFO - Sync 1 DAGs
[2024-09-05T12:31:07.815+0000] {logging_mixin.py:188} INFO - [2024-09-05T12:31:07.814+0000] {dag.py:3823} INFO - Setting next_dagrun for example_skip_dag to 2024-09-04 00:00:00+00:00, run_after=2024-09-05 00:00:00+00:00
[2024-09-05T12:31:07.840+0000] {processor.py:183} INFO - Processing /home/airflow/.local/lib/python3.8/site-packages/airflow/example_dags/example_skip_dag.py took 0.136 seconds
[2024-09-05T12:45:24.099+0000] {processor.py:161} INFO - Started process (PID=78) to work on /home/airflow/.local/lib/python3.8/site-packages/airflow/example_dags/example_skip_dag.py
[2024-09-05T12:45:24.100+0000] {processor.py:830} INFO - Processing file /home/airflow/.local/lib/python3.8/site-packages/airflow/example_dags/example_skip_dag.py for tasks to queue
[2024-09-05T12:45:24.102+0000] {logging_mixin.py:188} INFO - [2024-09-05T12:45:24.101+0000] {dagbag.py:538} INFO - Filling up the DagBag from /home/airflow/.local/lib/python3.8/site-packages/airflow/example_dags/example_skip_dag.py
[2024-09-05T12:45:24.111+0000] {processor.py:840} INFO - DAG(s) 'example_skip_dag' retrieved from /home/airflow/.local/lib/python3.8/site-packages/airflow/example_dags/example_skip_dag.py
[2024-09-05T12:45:24.263+0000] {logging_mixin.py:188} INFO - [2024-09-05T12:45:24.262+0000] {dag.py:3036} INFO - Sync 1 DAGs
[2024-09-05T12:45:24.312+0000] {logging_mixin.py:188} INFO - [2024-09-05T12:45:24.312+0000] {dag.py:3823} INFO - Setting next_dagrun for example_skip_dag to 2024-09-04 00:00:00+00:00, run_after=2024-09-05 00:00:00+00:00
[2024-09-05T12:45:24.337+0000] {processor.py:183} INFO - Processing /home/airflow/.local/lib/python3.8/site-packages/airflow/example_dags/example_skip_dag.py took 0.243 seconds
[2024-09-05T12:45:54.443+0000] {processor.py:161} INFO - Started process (PID=135) to work on /home/airflow/.local/lib/python3.8/site-packages/airflow/example_dags/example_skip_dag.py
[2024-09-05T12:45:54.444+0000] {processor.py:830} INFO - Processing file /home/airflow/.local/lib/python3.8/site-packages/airflow/example_dags/example_skip_dag.py for tasks to queue
[2024-09-05T12:45:54.445+0000] {logging_mixin.py:188} INFO - [2024-09-05T12:45:54.445+0000] {dagbag.py:538} INFO - Filling up the DagBag from /home/airflow/.local/lib/python3.8/site-packages/airflow/example_dags/example_skip_dag.py
[2024-09-05T12:45:54.453+0000] {processor.py:840} INFO - DAG(s) 'example_skip_dag' retrieved from /home/airflow/.local/lib/python3.8/site-packages/airflow/example_dags/example_skip_dag.py
[2024-09-05T12:45:54.484+0000] {logging_mixin.py:188} INFO - [2024-09-05T12:45:54.484+0000] {dag.py:3036} INFO - Sync 1 DAGs
[2024-09-05T12:45:54.516+0000] {logging_mixin.py:188} INFO - [2024-09-05T12:45:54.515+0000] {dag.py:3823} INFO - Setting next_dagrun for example_skip_dag to 2024-09-04 00:00:00+00:00, run_after=2024-09-05 00:00:00+00:00
[2024-09-05T12:45:54.539+0000] {processor.py:183} INFO - Processing /home/airflow/.local/lib/python3.8/site-packages/airflow/example_dags/example_skip_dag.py took 0.099 seconds
[2024-09-05T12:46:25.075+0000] {processor.py:161} INFO - Started process (PID=192) to work on /home/airflow/.local/lib/python3.8/site-packages/airflow/example_dags/example_skip_dag.py
[2024-09-05T12:46:25.076+0000] {processor.py:830} INFO - Processing file /home/airflow/.local/lib/python3.8/site-packages/airflow/example_dags/example_skip_dag.py for tasks to queue
[2024-09-05T12:46:25.077+0000] {logging_mixin.py:188} INFO - [2024-09-05T12:46:25.076+0000] {dagbag.py:538} INFO - Filling up the DagBag from /home/airflow/.local/lib/python3.8/site-packages/airflow/example_dags/example_skip_dag.py
[2024-09-05T12:46:25.084+0000] {processor.py:840} INFO - DAG(s) 'example_skip_dag' retrieved from /home/airflow/.local/lib/python3.8/site-packages/airflow/example_dags/example_skip_dag.py
[2024-09-05T12:46:25.113+0000] {logging_mixin.py:188} INFO - [2024-09-05T12:46:25.113+0000] {dag.py:3036} INFO - Sync 1 DAGs
[2024-09-05T12:46:25.149+0000] {logging_mixin.py:188} INFO - [2024-09-05T12:46:25.149+0000] {dag.py:3823} INFO - Setting next_dagrun for example_skip_dag to 2024-09-04 00:00:00+00:00, run_after=2024-09-05 00:00:00+00:00
[2024-09-05T12:46:25.177+0000] {processor.py:183} INFO - Processing /home/airflow/.local/lib/python3.8/site-packages/airflow/example_dags/example_skip_dag.py took 0.109 seconds
[2024-09-05T12:46:55.541+0000] {processor.py:161} INFO - Started process (PID=249) to work on /home/airflow/.local/lib/python3.8/site-packages/airflow/example_dags/example_skip_dag.py
[2024-09-05T12:46:55.543+0000] {processor.py:830} INFO - Processing file /home/airflow/.local/lib/python3.8/site-packages/airflow/example_dags/example_skip_dag.py for tasks to queue
[2024-09-05T12:46:55.545+0000] {logging_mixin.py:188} INFO - [2024-09-05T12:46:55.544+0000] {dagbag.py:538} INFO - Filling up the DagBag from /home/airflow/.local/lib/python3.8/site-packages/airflow/example_dags/example_skip_dag.py
[2024-09-05T12:46:55.551+0000] {processor.py:840} INFO - DAG(s) 'example_skip_dag' retrieved from /home/airflow/.local/lib/python3.8/site-packages/airflow/example_dags/example_skip_dag.py
[2024-09-05T12:46:55.575+0000] {logging_mixin.py:188} INFO - [2024-09-05T12:46:55.575+0000] {dag.py:3036} INFO - Sync 1 DAGs
[2024-09-05T12:46:55.600+0000] {logging_mixin.py:188} INFO - [2024-09-05T12:46:55.600+0000] {dag.py:3823} INFO - Setting next_dagrun for example_skip_dag to 2024-09-04 00:00:00+00:00, run_after=2024-09-05 00:00:00+00:00
[2024-09-05T12:46:55.621+0000] {processor.py:183} INFO - Processing /home/airflow/.local/lib/python3.8/site-packages/airflow/example_dags/example_skip_dag.py took 0.083 seconds
[2024-09-05T12:47:25.799+0000] {processor.py:161} INFO - Started process (PID=306) to work on /home/airflow/.local/lib/python3.8/site-packages/airflow/example_dags/example_skip_dag.py
[2024-09-05T12:47:25.799+0000] {processor.py:830} INFO - Processing file /home/airflow/.local/lib/python3.8/site-packages/airflow/example_dags/example_skip_dag.py for tasks to queue
[2024-09-05T12:47:25.800+0000] {logging_mixin.py:188} INFO - [2024-09-05T12:47:25.800+0000] {dagbag.py:538} INFO - Filling up the DagBag from /home/airflow/.local/lib/python3.8/site-packages/airflow/example_dags/example_skip_dag.py
[2024-09-05T12:47:25.807+0000] {processor.py:840} INFO - DAG(s) 'example_skip_dag' retrieved from /home/airflow/.local/lib/python3.8/site-packages/airflow/example_dags/example_skip_dag.py
[2024-09-05T12:47:25.830+0000] {logging_mixin.py:188} INFO - [2024-09-05T12:47:25.830+0000] {dag.py:3036} INFO - Sync 1 DAGs
[2024-09-05T12:47:25.853+0000] {logging_mixin.py:188} INFO - [2024-09-05T12:47:25.852+0000] {dag.py:3823} INFO - Setting next_dagrun for example_skip_dag to 2024-09-04 00:00:00+00:00, run_after=2024-09-05 00:00:00+00:00
[2024-09-05T12:47:25.874+0000] {processor.py:183} INFO - Processing /home/airflow/.local/lib/python3.8/site-packages/airflow/example_dags/example_skip_dag.py took 0.081 seconds
[2024-09-05T12:47:56.024+0000] {processor.py:161} INFO - Started process (PID=364) to work on /home/airflow/.local/lib/python3.8/site-packages/airflow/example_dags/example_skip_dag.py
[2024-09-05T12:47:56.025+0000] {processor.py:830} INFO - Processing file /home/airflow/.local/lib/python3.8/site-packages/airflow/example_dags/example_skip_dag.py for tasks to queue
[2024-09-05T12:47:56.026+0000] {logging_mixin.py:188} INFO - [2024-09-05T12:47:56.025+0000] {dagbag.py:538} INFO - Filling up the DagBag from /home/airflow/.local/lib/python3.8/site-packages/airflow/example_dags/example_skip_dag.py
[2024-09-05T12:47:56.033+0000] {processor.py:840} INFO - DAG(s) 'example_skip_dag' retrieved from /home/airflow/.local/lib/python3.8/site-packages/airflow/example_dags/example_skip_dag.py
[2024-09-05T12:47:56.055+0000] {logging_mixin.py:188} INFO - [2024-09-05T12:47:56.054+0000] {dag.py:3036} INFO - Sync 1 DAGs
[2024-09-05T12:47:56.078+0000] {logging_mixin.py:188} INFO - [2024-09-05T12:47:56.078+0000] {dag.py:3823} INFO - Setting next_dagrun for example_skip_dag to 2024-09-04 00:00:00+00:00, run_after=2024-09-05 00:00:00+00:00
[2024-09-05T12:47:56.098+0000] {processor.py:183} INFO - Processing /home/airflow/.local/lib/python3.8/site-packages/airflow/example_dags/example_skip_dag.py took 0.078 seconds
[2024-09-05T12:48:26.217+0000] {processor.py:161} INFO - Started process (PID=421) to work on /home/airflow/.local/lib/python3.8/site-packages/airflow/example_dags/example_skip_dag.py
[2024-09-05T12:48:26.218+0000] {processor.py:830} INFO - Processing file /home/airflow/.local/lib/python3.8/site-packages/airflow/example_dags/example_skip_dag.py for tasks to queue
[2024-09-05T12:48:26.219+0000] {logging_mixin.py:188} INFO - [2024-09-05T12:48:26.218+0000] {dagbag.py:538} INFO - Filling up the DagBag from /home/airflow/.local/lib/python3.8/site-packages/airflow/example_dags/example_skip_dag.py
[2024-09-05T12:48:26.228+0000] {processor.py:840} INFO - DAG(s) 'example_skip_dag' retrieved from /home/airflow/.local/lib/python3.8/site-packages/airflow/example_dags/example_skip_dag.py
[2024-09-05T12:48:26.253+0000] {logging_mixin.py:188} INFO - [2024-09-05T12:48:26.252+0000] {dag.py:3036} INFO - Sync 1 DAGs
[2024-09-05T12:48:26.280+0000] {logging_mixin.py:188} INFO - [2024-09-05T12:48:26.280+0000] {dag.py:3823} INFO - Setting next_dagrun for example_skip_dag to 2024-09-04 00:00:00+00:00, run_after=2024-09-05 00:00:00+00:00
[2024-09-05T12:48:26.300+0000] {processor.py:183} INFO - Processing /home/airflow/.local/lib/python3.8/site-packages/airflow/example_dags/example_skip_dag.py took 0.086 seconds
[2024-09-05T12:48:56.402+0000] {processor.py:161} INFO - Started process (PID=478) to work on /home/airflow/.local/lib/python3.8/site-packages/airflow/example_dags/example_skip_dag.py
[2024-09-05T12:48:56.403+0000] {processor.py:830} INFO - Processing file /home/airflow/.local/lib/python3.8/site-packages/airflow/example_dags/example_skip_dag.py for tasks to queue
[2024-09-05T12:48:56.404+0000] {logging_mixin.py:188} INFO - [2024-09-05T12:48:56.404+0000] {dagbag.py:538} INFO - Filling up the DagBag from /home/airflow/.local/lib/python3.8/site-packages/airflow/example_dags/example_skip_dag.py
[2024-09-05T12:48:56.411+0000] {processor.py:840} INFO - DAG(s) 'example_skip_dag' retrieved from /home/airflow/.local/lib/python3.8/site-packages/airflow/example_dags/example_skip_dag.py
[2024-09-05T12:48:56.442+0000] {logging_mixin.py:188} INFO - [2024-09-05T12:48:56.442+0000] {dag.py:3036} INFO - Sync 1 DAGs
[2024-09-05T12:48:56.474+0000] {logging_mixin.py:188} INFO - [2024-09-05T12:48:56.473+0000] {dag.py:3823} INFO - Setting next_dagrun for example_skip_dag to 2024-09-04 00:00:00+00:00, run_after=2024-09-05 00:00:00+00:00
[2024-09-05T12:48:56.493+0000] {processor.py:183} INFO - Processing /home/airflow/.local/lib/python3.8/site-packages/airflow/example_dags/example_skip_dag.py took 0.094 seconds
[2024-09-05T12:49:26.609+0000] {processor.py:161} INFO - Started process (PID=535) to work on /home/airflow/.local/lib/python3.8/site-packages/airflow/example_dags/example_skip_dag.py
[2024-09-05T12:49:26.609+0000] {processor.py:830} INFO - Processing file /home/airflow/.local/lib/python3.8/site-packages/airflow/example_dags/example_skip_dag.py for tasks to queue
[2024-09-05T12:49:26.610+0000] {logging_mixin.py:188} INFO - [2024-09-05T12:49:26.610+0000] {dagbag.py:538} INFO - Filling up the DagBag from /home/airflow/.local/lib/python3.8/site-packages/airflow/example_dags/example_skip_dag.py
[2024-09-05T12:49:26.619+0000] {processor.py:840} INFO - DAG(s) 'example_skip_dag' retrieved from /home/airflow/.local/lib/python3.8/site-packages/airflow/example_dags/example_skip_dag.py
[2024-09-05T12:49:26.639+0000] {logging_mixin.py:188} INFO - [2024-09-05T12:49:26.639+0000] {dag.py:3036} INFO - Sync 1 DAGs
[2024-09-05T12:49:26.676+0000] {logging_mixin.py:188} INFO - [2024-09-05T12:49:26.676+0000] {dag.py:3823} INFO - Setting next_dagrun for example_skip_dag to 2024-09-04 00:00:00+00:00, run_after=2024-09-05 00:00:00+00:00
[2024-09-05T12:49:26.710+0000] {processor.py:183} INFO - Processing /home/airflow/.local/lib/python3.8/site-packages/airflow/example_dags/example_skip_dag.py took 0.105 seconds
[2024-09-05T12:49:56.991+0000] {processor.py:161} INFO - Started process (PID=598) to work on /home/airflow/.local/lib/python3.8/site-packages/airflow/example_dags/example_skip_dag.py
[2024-09-05T12:49:56.992+0000] {processor.py:830} INFO - Processing file /home/airflow/.local/lib/python3.8/site-packages/airflow/example_dags/example_skip_dag.py for tasks to queue
[2024-09-05T12:49:56.994+0000] {logging_mixin.py:188} INFO - [2024-09-05T12:49:56.994+0000] {dagbag.py:538} INFO - Filling up the DagBag from /home/airflow/.local/lib/python3.8/site-packages/airflow/example_dags/example_skip_dag.py
[2024-09-05T12:49:57.009+0000] {processor.py:840} INFO - DAG(s) 'example_skip_dag' retrieved from /home/airflow/.local/lib/python3.8/site-packages/airflow/example_dags/example_skip_dag.py
[2024-09-05T12:49:57.053+0000] {logging_mixin.py:188} INFO - [2024-09-05T12:49:57.052+0000] {dag.py:3036} INFO - Sync 1 DAGs
[2024-09-05T12:49:57.087+0000] {logging_mixin.py:188} INFO - [2024-09-05T12:49:57.087+0000] {dag.py:3823} INFO - Setting next_dagrun for example_skip_dag to 2024-09-04 00:00:00+00:00, run_after=2024-09-05 00:00:00+00:00
[2024-09-05T12:49:57.119+0000] {processor.py:183} INFO - Processing /home/airflow/.local/lib/python3.8/site-packages/airflow/example_dags/example_skip_dag.py took 0.135 seconds
[2024-09-05T12:50:27.427+0000] {processor.py:161} INFO - Started process (PID=656) to work on /home/airflow/.local/lib/python3.8/site-packages/airflow/example_dags/example_skip_dag.py
[2024-09-05T12:50:27.427+0000] {processor.py:830} INFO - Processing file /home/airflow/.local/lib/python3.8/site-packages/airflow/example_dags/example_skip_dag.py for tasks to queue
[2024-09-05T12:50:27.428+0000] {logging_mixin.py:188} INFO - [2024-09-05T12:50:27.428+0000] {dagbag.py:538} INFO - Filling up the DagBag from /home/airflow/.local/lib/python3.8/site-packages/airflow/example_dags/example_skip_dag.py
[2024-09-05T12:50:27.435+0000] {processor.py:840} INFO - DAG(s) 'example_skip_dag' retrieved from /home/airflow/.local/lib/python3.8/site-packages/airflow/example_dags/example_skip_dag.py
[2024-09-05T12:50:27.455+0000] {logging_mixin.py:188} INFO - [2024-09-05T12:50:27.455+0000] {dag.py:3036} INFO - Sync 1 DAGs
[2024-09-05T12:50:27.477+0000] {logging_mixin.py:188} INFO - [2024-09-05T12:50:27.477+0000] {dag.py:3823} INFO - Setting next_dagrun for example_skip_dag to 2024-09-04 00:00:00+00:00, run_after=2024-09-05 00:00:00+00:00
[2024-09-05T12:50:27.501+0000] {processor.py:183} INFO - Processing /home/airflow/.local/lib/python3.8/site-packages/airflow/example_dags/example_skip_dag.py took 0.077 seconds
[2024-09-05T12:50:57.880+0000] {processor.py:161} INFO - Started process (PID=713) to work on /home/airflow/.local/lib/python3.8/site-packages/airflow/example_dags/example_skip_dag.py
[2024-09-05T12:50:57.881+0000] {processor.py:830} INFO - Processing file /home/airflow/.local/lib/python3.8/site-packages/airflow/example_dags/example_skip_dag.py for tasks to queue
[2024-09-05T12:50:57.882+0000] {logging_mixin.py:188} INFO - [2024-09-05T12:50:57.882+0000] {dagbag.py:538} INFO - Filling up the DagBag from /home/airflow/.local/lib/python3.8/site-packages/airflow/example_dags/example_skip_dag.py
[2024-09-05T12:50:57.890+0000] {processor.py:840} INFO - DAG(s) 'example_skip_dag' retrieved from /home/airflow/.local/lib/python3.8/site-packages/airflow/example_dags/example_skip_dag.py
[2024-09-05T12:50:57.911+0000] {logging_mixin.py:188} INFO - [2024-09-05T12:50:57.911+0000] {dag.py:3036} INFO - Sync 1 DAGs
[2024-09-05T12:50:57.936+0000] {logging_mixin.py:188} INFO - [2024-09-05T12:50:57.935+0000] {dag.py:3823} INFO - Setting next_dagrun for example_skip_dag to 2024-09-04 00:00:00+00:00, run_after=2024-09-05 00:00:00+00:00
[2024-09-05T12:50:57.962+0000] {processor.py:183} INFO - Processing /home/airflow/.local/lib/python3.8/site-packages/airflow/example_dags/example_skip_dag.py took 0.085 seconds
[2024-09-05T12:51:28.943+0000] {processor.py:161} INFO - Started process (PID=770) to work on /home/airflow/.local/lib/python3.8/site-packages/airflow/example_dags/example_skip_dag.py
[2024-09-05T12:51:28.944+0000] {processor.py:830} INFO - Processing file /home/airflow/.local/lib/python3.8/site-packages/airflow/example_dags/example_skip_dag.py for tasks to queue
[2024-09-05T12:51:28.945+0000] {logging_mixin.py:188} INFO - [2024-09-05T12:51:28.945+0000] {dagbag.py:538} INFO - Filling up the DagBag from /home/airflow/.local/lib/python3.8/site-packages/airflow/example_dags/example_skip_dag.py
[2024-09-05T12:51:28.952+0000] {processor.py:840} INFO - DAG(s) 'example_skip_dag' retrieved from /home/airflow/.local/lib/python3.8/site-packages/airflow/example_dags/example_skip_dag.py
[2024-09-05T12:51:28.977+0000] {logging_mixin.py:188} INFO - [2024-09-05T12:51:28.977+0000] {dag.py:3036} INFO - Sync 1 DAGs
[2024-09-05T12:51:29.001+0000] {logging_mixin.py:188} INFO - [2024-09-05T12:51:29.001+0000] {dag.py:3823} INFO - Setting next_dagrun for example_skip_dag to 2024-09-04 00:00:00+00:00, run_after=2024-09-05 00:00:00+00:00
[2024-09-05T12:51:29.024+0000] {processor.py:183} INFO - Processing /home/airflow/.local/lib/python3.8/site-packages/airflow/example_dags/example_skip_dag.py took 0.084 seconds
[2024-09-05T12:51:59.239+0000] {processor.py:161} INFO - Started process (PID=827) to work on /home/airflow/.local/lib/python3.8/site-packages/airflow/example_dags/example_skip_dag.py
[2024-09-05T12:51:59.240+0000] {processor.py:830} INFO - Processing file /home/airflow/.local/lib/python3.8/site-packages/airflow/example_dags/example_skip_dag.py for tasks to queue
[2024-09-05T12:51:59.241+0000] {logging_mixin.py:188} INFO - [2024-09-05T12:51:59.241+0000] {dagbag.py:538} INFO - Filling up the DagBag from /home/airflow/.local/lib/python3.8/site-packages/airflow/example_dags/example_skip_dag.py
[2024-09-05T12:51:59.251+0000] {processor.py:840} INFO - DAG(s) 'example_skip_dag' retrieved from /home/airflow/.local/lib/python3.8/site-packages/airflow/example_dags/example_skip_dag.py
[2024-09-05T12:51:59.276+0000] {logging_mixin.py:188} INFO - [2024-09-05T12:51:59.276+0000] {dag.py:3036} INFO - Sync 1 DAGs
[2024-09-05T12:51:59.313+0000] {logging_mixin.py:188} INFO - [2024-09-05T12:51:59.313+0000] {dag.py:3823} INFO - Setting next_dagrun for example_skip_dag to 2024-09-04 00:00:00+00:00, run_after=2024-09-05 00:00:00+00:00
[2024-09-05T12:51:59.337+0000] {processor.py:183} INFO - Processing /home/airflow/.local/lib/python3.8/site-packages/airflow/example_dags/example_skip_dag.py took 0.102 seconds
[2024-09-05T12:52:29.830+0000] {processor.py:161} INFO - Started process (PID=883) to work on /home/airflow/.local/lib/python3.8/site-packages/airflow/example_dags/example_skip_dag.py
[2024-09-05T12:52:29.831+0000] {processor.py:830} INFO - Processing file /home/airflow/.local/lib/python3.8/site-packages/airflow/example_dags/example_skip_dag.py for tasks to queue
[2024-09-05T12:52:29.832+0000] {logging_mixin.py:188} INFO - [2024-09-05T12:52:29.832+0000] {dagbag.py:538} INFO - Filling up the DagBag from /home/airflow/.local/lib/python3.8/site-packages/airflow/example_dags/example_skip_dag.py
[2024-09-05T12:52:29.839+0000] {processor.py:840} INFO - DAG(s) 'example_skip_dag' retrieved from /home/airflow/.local/lib/python3.8/site-packages/airflow/example_dags/example_skip_dag.py
[2024-09-05T12:52:29.867+0000] {logging_mixin.py:188} INFO - [2024-09-05T12:52:29.866+0000] {dag.py:3036} INFO - Sync 1 DAGs
[2024-09-05T12:52:29.892+0000] {logging_mixin.py:188} INFO - [2024-09-05T12:52:29.892+0000] {dag.py:3823} INFO - Setting next_dagrun for example_skip_dag to 2024-09-04 00:00:00+00:00, run_after=2024-09-05 00:00:00+00:00
[2024-09-05T12:52:29.916+0000] {processor.py:183} INFO - Processing /home/airflow/.local/lib/python3.8/site-packages/airflow/example_dags/example_skip_dag.py took 0.093 seconds
[2024-09-05T12:53:00.656+0000] {processor.py:161} INFO - Started process (PID=940) to work on /home/airflow/.local/lib/python3.8/site-packages/airflow/example_dags/example_skip_dag.py
[2024-09-05T12:53:00.657+0000] {processor.py:830} INFO - Processing file /home/airflow/.local/lib/python3.8/site-packages/airflow/example_dags/example_skip_dag.py for tasks to queue
[2024-09-05T12:53:00.658+0000] {logging_mixin.py:188} INFO - [2024-09-05T12:53:00.658+0000] {dagbag.py:538} INFO - Filling up the DagBag from /home/airflow/.local/lib/python3.8/site-packages/airflow/example_dags/example_skip_dag.py
[2024-09-05T12:53:00.666+0000] {processor.py:840} INFO - DAG(s) 'example_skip_dag' retrieved from /home/airflow/.local/lib/python3.8/site-packages/airflow/example_dags/example_skip_dag.py
[2024-09-05T12:53:00.691+0000] {logging_mixin.py:188} INFO - [2024-09-05T12:53:00.691+0000] {dag.py:3036} INFO - Sync 1 DAGs
[2024-09-05T12:53:00.715+0000] {logging_mixin.py:188} INFO - [2024-09-05T12:53:00.715+0000] {dag.py:3823} INFO - Setting next_dagrun for example_skip_dag to 2024-09-04 00:00:00+00:00, run_after=2024-09-05 00:00:00+00:00
[2024-09-05T12:53:00.738+0000] {processor.py:183} INFO - Processing /home/airflow/.local/lib/python3.8/site-packages/airflow/example_dags/example_skip_dag.py took 0.086 seconds
[2024-09-05T12:53:31.235+0000] {processor.py:161} INFO - Started process (PID=997) to work on /home/airflow/.local/lib/python3.8/site-packages/airflow/example_dags/example_skip_dag.py
[2024-09-05T12:53:31.236+0000] {processor.py:830} INFO - Processing file /home/airflow/.local/lib/python3.8/site-packages/airflow/example_dags/example_skip_dag.py for tasks to queue
[2024-09-05T12:53:31.237+0000] {logging_mixin.py:188} INFO - [2024-09-05T12:53:31.237+0000] {dagbag.py:538} INFO - Filling up the DagBag from /home/airflow/.local/lib/python3.8/site-packages/airflow/example_dags/example_skip_dag.py
[2024-09-05T12:53:31.245+0000] {processor.py:840} INFO - DAG(s) 'example_skip_dag' retrieved from /home/airflow/.local/lib/python3.8/site-packages/airflow/example_dags/example_skip_dag.py
[2024-09-05T12:53:31.267+0000] {logging_mixin.py:188} INFO - [2024-09-05T12:53:31.266+0000] {dag.py:3036} INFO - Sync 1 DAGs
[2024-09-05T12:53:31.288+0000] {logging_mixin.py:188} INFO - [2024-09-05T12:53:31.288+0000] {dag.py:3823} INFO - Setting next_dagrun for example_skip_dag to 2024-09-04 00:00:00+00:00, run_after=2024-09-05 00:00:00+00:00
[2024-09-05T12:53:31.312+0000] {processor.py:183} INFO - Processing /home/airflow/.local/lib/python3.8/site-packages/airflow/example_dags/example_skip_dag.py took 0.080 seconds
[2024-09-05T12:54:01.401+0000] {processor.py:161} INFO - Started process (PID=1054) to work on /home/airflow/.local/lib/python3.8/site-packages/airflow/example_dags/example_skip_dag.py
[2024-09-05T12:54:01.402+0000] {processor.py:830} INFO - Processing file /home/airflow/.local/lib/python3.8/site-packages/airflow/example_dags/example_skip_dag.py for tasks to queue
[2024-09-05T12:54:01.403+0000] {logging_mixin.py:188} INFO - [2024-09-05T12:54:01.403+0000] {dagbag.py:538} INFO - Filling up the DagBag from /home/airflow/.local/lib/python3.8/site-packages/airflow/example_dags/example_skip_dag.py
[2024-09-05T12:54:01.411+0000] {processor.py:840} INFO - DAG(s) 'example_skip_dag' retrieved from /home/airflow/.local/lib/python3.8/site-packages/airflow/example_dags/example_skip_dag.py
[2024-09-05T12:54:01.435+0000] {logging_mixin.py:188} INFO - [2024-09-05T12:54:01.435+0000] {dag.py:3036} INFO - Sync 1 DAGs
[2024-09-05T12:54:01.459+0000] {logging_mixin.py:188} INFO - [2024-09-05T12:54:01.458+0000] {dag.py:3823} INFO - Setting next_dagrun for example_skip_dag to 2024-09-04 00:00:00+00:00, run_after=2024-09-05 00:00:00+00:00
[2024-09-05T12:54:01.482+0000] {processor.py:183} INFO - Processing /home/airflow/.local/lib/python3.8/site-packages/airflow/example_dags/example_skip_dag.py took 0.084 seconds
[2024-09-05T12:54:32.043+0000] {processor.py:161} INFO - Started process (PID=1111) to work on /home/airflow/.local/lib/python3.8/site-packages/airflow/example_dags/example_skip_dag.py
[2024-09-05T12:54:32.044+0000] {processor.py:830} INFO - Processing file /home/airflow/.local/lib/python3.8/site-packages/airflow/example_dags/example_skip_dag.py for tasks to queue
[2024-09-05T12:54:32.046+0000] {logging_mixin.py:188} INFO - [2024-09-05T12:54:32.045+0000] {dagbag.py:538} INFO - Filling up the DagBag from /home/airflow/.local/lib/python3.8/site-packages/airflow/example_dags/example_skip_dag.py
[2024-09-05T12:54:32.059+0000] {processor.py:840} INFO - DAG(s) 'example_skip_dag' retrieved from /home/airflow/.local/lib/python3.8/site-packages/airflow/example_dags/example_skip_dag.py
[2024-09-05T12:54:32.092+0000] {logging_mixin.py:188} INFO - [2024-09-05T12:54:32.092+0000] {dag.py:3036} INFO - Sync 1 DAGs
[2024-09-05T12:54:32.120+0000] {logging_mixin.py:188} INFO - [2024-09-05T12:54:32.118+0000] {dag.py:3823} INFO - Setting next_dagrun for example_skip_dag to 2024-09-04 00:00:00+00:00, run_after=2024-09-05 00:00:00+00:00
[2024-09-05T12:54:32.145+0000] {processor.py:183} INFO - Processing /home/airflow/.local/lib/python3.8/site-packages/airflow/example_dags/example_skip_dag.py took 0.108 seconds
[2024-09-05T12:55:02.220+0000] {processor.py:161} INFO - Started process (PID=1168) to work on /home/airflow/.local/lib/python3.8/site-packages/airflow/example_dags/example_skip_dag.py
[2024-09-05T12:55:02.221+0000] {processor.py:830} INFO - Processing file /home/airflow/.local/lib/python3.8/site-packages/airflow/example_dags/example_skip_dag.py for tasks to queue
[2024-09-05T12:55:02.222+0000] {logging_mixin.py:188} INFO - [2024-09-05T12:55:02.222+0000] {dagbag.py:538} INFO - Filling up the DagBag from /home/airflow/.local/lib/python3.8/site-packages/airflow/example_dags/example_skip_dag.py
[2024-09-05T12:55:02.231+0000] {processor.py:840} INFO - DAG(s) 'example_skip_dag' retrieved from /home/airflow/.local/lib/python3.8/site-packages/airflow/example_dags/example_skip_dag.py
[2024-09-05T12:55:02.252+0000] {logging_mixin.py:188} INFO - [2024-09-05T12:55:02.252+0000] {dag.py:3036} INFO - Sync 1 DAGs
[2024-09-05T12:55:02.278+0000] {logging_mixin.py:188} INFO - [2024-09-05T12:55:02.277+0000] {dag.py:3823} INFO - Setting next_dagrun for example_skip_dag to 2024-09-04 00:00:00+00:00, run_after=2024-09-05 00:00:00+00:00
[2024-09-05T12:55:02.301+0000] {processor.py:183} INFO - Processing /home/airflow/.local/lib/python3.8/site-packages/airflow/example_dags/example_skip_dag.py took 0.083 seconds
[2024-09-05T12:55:33.285+0000] {processor.py:161} INFO - Started process (PID=1225) to work on /home/airflow/.local/lib/python3.8/site-packages/airflow/example_dags/example_skip_dag.py
[2024-09-05T12:55:33.286+0000] {processor.py:830} INFO - Processing file /home/airflow/.local/lib/python3.8/site-packages/airflow/example_dags/example_skip_dag.py for tasks to queue
[2024-09-05T12:55:33.287+0000] {logging_mixin.py:188} INFO - [2024-09-05T12:55:33.287+0000] {dagbag.py:538} INFO - Filling up the DagBag from /home/airflow/.local/lib/python3.8/site-packages/airflow/example_dags/example_skip_dag.py
[2024-09-05T12:55:33.295+0000] {processor.py:840} INFO - DAG(s) 'example_skip_dag' retrieved from /home/airflow/.local/lib/python3.8/site-packages/airflow/example_dags/example_skip_dag.py
[2024-09-05T12:55:33.321+0000] {logging_mixin.py:188} INFO - [2024-09-05T12:55:33.320+0000] {dag.py:3036} INFO - Sync 1 DAGs
[2024-09-05T12:55:33.354+0000] {logging_mixin.py:188} INFO - [2024-09-05T12:55:33.353+0000] {dag.py:3823} INFO - Setting next_dagrun for example_skip_dag to 2024-09-04 00:00:00+00:00, run_after=2024-09-05 00:00:00+00:00
[2024-09-05T12:55:33.379+0000] {processor.py:183} INFO - Processing /home/airflow/.local/lib/python3.8/site-packages/airflow/example_dags/example_skip_dag.py took 0.099 seconds
[2024-09-05T12:56:03.461+0000] {processor.py:161} INFO - Started process (PID=1282) to work on /home/airflow/.local/lib/python3.8/site-packages/airflow/example_dags/example_skip_dag.py
[2024-09-05T12:56:03.462+0000] {processor.py:830} INFO - Processing file /home/airflow/.local/lib/python3.8/site-packages/airflow/example_dags/example_skip_dag.py for tasks to queue
[2024-09-05T12:56:03.463+0000] {logging_mixin.py:188} INFO - [2024-09-05T12:56:03.463+0000] {dagbag.py:538} INFO - Filling up the DagBag from /home/airflow/.local/lib/python3.8/site-packages/airflow/example_dags/example_skip_dag.py
[2024-09-05T12:56:03.472+0000] {processor.py:840} INFO - DAG(s) 'example_skip_dag' retrieved from /home/airflow/.local/lib/python3.8/site-packages/airflow/example_dags/example_skip_dag.py
[2024-09-05T12:56:03.493+0000] {logging_mixin.py:188} INFO - [2024-09-05T12:56:03.493+0000] {dag.py:3036} INFO - Sync 1 DAGs
[2024-09-05T12:56:03.517+0000] {logging_mixin.py:188} INFO - [2024-09-05T12:56:03.516+0000] {dag.py:3823} INFO - Setting next_dagrun for example_skip_dag to 2024-09-04 00:00:00+00:00, run_after=2024-09-05 00:00:00+00:00
[2024-09-05T12:56:03.541+0000] {processor.py:183} INFO - Processing /home/airflow/.local/lib/python3.8/site-packages/airflow/example_dags/example_skip_dag.py took 0.083 seconds
[2024-09-05T12:56:33.670+0000] {processor.py:161} INFO - Started process (PID=1339) to work on /home/airflow/.local/lib/python3.8/site-packages/airflow/example_dags/example_skip_dag.py
[2024-09-05T12:56:33.671+0000] {processor.py:830} INFO - Processing file /home/airflow/.local/lib/python3.8/site-packages/airflow/example_dags/example_skip_dag.py for tasks to queue
[2024-09-05T12:56:33.672+0000] {logging_mixin.py:188} INFO - [2024-09-05T12:56:33.671+0000] {dagbag.py:538} INFO - Filling up the DagBag from /home/airflow/.local/lib/python3.8/site-packages/airflow/example_dags/example_skip_dag.py
[2024-09-05T12:56:33.679+0000] {processor.py:840} INFO - DAG(s) 'example_skip_dag' retrieved from /home/airflow/.local/lib/python3.8/site-packages/airflow/example_dags/example_skip_dag.py
[2024-09-05T12:56:33.700+0000] {logging_mixin.py:188} INFO - [2024-09-05T12:56:33.700+0000] {dag.py:3036} INFO - Sync 1 DAGs
[2024-09-05T12:56:33.722+0000] {logging_mixin.py:188} INFO - [2024-09-05T12:56:33.721+0000] {dag.py:3823} INFO - Setting next_dagrun for example_skip_dag to 2024-09-04 00:00:00+00:00, run_after=2024-09-05 00:00:00+00:00
[2024-09-05T12:56:33.744+0000] {processor.py:183} INFO - Processing /home/airflow/.local/lib/python3.8/site-packages/airflow/example_dags/example_skip_dag.py took 0.078 seconds
[2024-09-05T12:57:03.869+0000] {processor.py:161} INFO - Started process (PID=1396) to work on /home/airflow/.local/lib/python3.8/site-packages/airflow/example_dags/example_skip_dag.py
[2024-09-05T12:57:03.869+0000] {processor.py:830} INFO - Processing file /home/airflow/.local/lib/python3.8/site-packages/airflow/example_dags/example_skip_dag.py for tasks to queue
[2024-09-05T12:57:03.870+0000] {logging_mixin.py:188} INFO - [2024-09-05T12:57:03.870+0000] {dagbag.py:538} INFO - Filling up the DagBag from /home/airflow/.local/lib/python3.8/site-packages/airflow/example_dags/example_skip_dag.py
[2024-09-05T12:57:03.878+0000] {processor.py:840} INFO - DAG(s) 'example_skip_dag' retrieved from /home/airflow/.local/lib/python3.8/site-packages/airflow/example_dags/example_skip_dag.py
[2024-09-05T12:57:03.900+0000] {logging_mixin.py:188} INFO - [2024-09-05T12:57:03.899+0000] {dag.py:3036} INFO - Sync 1 DAGs
[2024-09-05T12:57:03.922+0000] {logging_mixin.py:188} INFO - [2024-09-05T12:57:03.922+0000] {dag.py:3823} INFO - Setting next_dagrun for example_skip_dag to 2024-09-04 00:00:00+00:00, run_after=2024-09-05 00:00:00+00:00
[2024-09-05T12:57:03.944+0000] {processor.py:183} INFO - Processing /home/airflow/.local/lib/python3.8/site-packages/airflow/example_dags/example_skip_dag.py took 0.079 seconds
[2024-09-05T12:57:34.091+0000] {processor.py:161} INFO - Started process (PID=1453) to work on /home/airflow/.local/lib/python3.8/site-packages/airflow/example_dags/example_skip_dag.py
[2024-09-05T12:57:34.092+0000] {processor.py:830} INFO - Processing file /home/airflow/.local/lib/python3.8/site-packages/airflow/example_dags/example_skip_dag.py for tasks to queue
[2024-09-05T12:57:34.093+0000] {logging_mixin.py:188} INFO - [2024-09-05T12:57:34.093+0000] {dagbag.py:538} INFO - Filling up the DagBag from /home/airflow/.local/lib/python3.8/site-packages/airflow/example_dags/example_skip_dag.py
[2024-09-05T12:57:34.101+0000] {processor.py:840} INFO - DAG(s) 'example_skip_dag' retrieved from /home/airflow/.local/lib/python3.8/site-packages/airflow/example_dags/example_skip_dag.py
[2024-09-05T12:57:34.122+0000] {logging_mixin.py:188} INFO - [2024-09-05T12:57:34.122+0000] {dag.py:3036} INFO - Sync 1 DAGs
[2024-09-05T12:57:34.144+0000] {logging_mixin.py:188} INFO - [2024-09-05T12:57:34.144+0000] {dag.py:3823} INFO - Setting next_dagrun for example_skip_dag to 2024-09-04 00:00:00+00:00, run_after=2024-09-05 00:00:00+00:00
[2024-09-05T12:57:34.166+0000] {processor.py:183} INFO - Processing /home/airflow/.local/lib/python3.8/site-packages/airflow/example_dags/example_skip_dag.py took 0.078 seconds
[2024-09-05T12:58:04.660+0000] {processor.py:161} INFO - Started process (PID=1510) to work on /home/airflow/.local/lib/python3.8/site-packages/airflow/example_dags/example_skip_dag.py
[2024-09-05T12:58:04.661+0000] {processor.py:830} INFO - Processing file /home/airflow/.local/lib/python3.8/site-packages/airflow/example_dags/example_skip_dag.py for tasks to queue
[2024-09-05T12:58:04.662+0000] {logging_mixin.py:188} INFO - [2024-09-05T12:58:04.662+0000] {dagbag.py:538} INFO - Filling up the DagBag from /home/airflow/.local/lib/python3.8/site-packages/airflow/example_dags/example_skip_dag.py
[2024-09-05T12:58:04.671+0000] {processor.py:840} INFO - DAG(s) 'example_skip_dag' retrieved from /home/airflow/.local/lib/python3.8/site-packages/airflow/example_dags/example_skip_dag.py
[2024-09-05T12:58:04.702+0000] {logging_mixin.py:188} INFO - [2024-09-05T12:58:04.702+0000] {dag.py:3036} INFO - Sync 1 DAGs
[2024-09-05T12:58:04.731+0000] {logging_mixin.py:188} INFO - [2024-09-05T12:58:04.731+0000] {dag.py:3823} INFO - Setting next_dagrun for example_skip_dag to 2024-09-04 00:00:00+00:00, run_after=2024-09-05 00:00:00+00:00
[2024-09-05T12:58:04.753+0000] {processor.py:183} INFO - Processing /home/airflow/.local/lib/python3.8/site-packages/airflow/example_dags/example_skip_dag.py took 0.100 seconds
[2024-09-05T12:58:35.030+0000] {processor.py:161} INFO - Started process (PID=1567) to work on /home/airflow/.local/lib/python3.8/site-packages/airflow/example_dags/example_skip_dag.py
[2024-09-05T12:58:35.031+0000] {processor.py:830} INFO - Processing file /home/airflow/.local/lib/python3.8/site-packages/airflow/example_dags/example_skip_dag.py for tasks to queue
[2024-09-05T12:58:35.032+0000] {logging_mixin.py:188} INFO - [2024-09-05T12:58:35.031+0000] {dagbag.py:538} INFO - Filling up the DagBag from /home/airflow/.local/lib/python3.8/site-packages/airflow/example_dags/example_skip_dag.py
[2024-09-05T12:58:35.039+0000] {processor.py:840} INFO - DAG(s) 'example_skip_dag' retrieved from /home/airflow/.local/lib/python3.8/site-packages/airflow/example_dags/example_skip_dag.py
[2024-09-05T12:58:35.061+0000] {logging_mixin.py:188} INFO - [2024-09-05T12:58:35.060+0000] {dag.py:3036} INFO - Sync 1 DAGs
[2024-09-05T12:58:35.084+0000] {logging_mixin.py:188} INFO - [2024-09-05T12:58:35.084+0000] {dag.py:3823} INFO - Setting next_dagrun for example_skip_dag to 2024-09-04 00:00:00+00:00, run_after=2024-09-05 00:00:00+00:00
[2024-09-05T12:58:35.103+0000] {processor.py:183} INFO - Processing /home/airflow/.local/lib/python3.8/site-packages/airflow/example_dags/example_skip_dag.py took 0.076 seconds
[2024-09-05T12:59:05.428+0000] {processor.py:161} INFO - Started process (PID=1624) to work on /home/airflow/.local/lib/python3.8/site-packages/airflow/example_dags/example_skip_dag.py
[2024-09-05T12:59:05.429+0000] {processor.py:830} INFO - Processing file /home/airflow/.local/lib/python3.8/site-packages/airflow/example_dags/example_skip_dag.py for tasks to queue
[2024-09-05T12:59:05.430+0000] {logging_mixin.py:188} INFO - [2024-09-05T12:59:05.429+0000] {dagbag.py:538} INFO - Filling up the DagBag from /home/airflow/.local/lib/python3.8/site-packages/airflow/example_dags/example_skip_dag.py
[2024-09-05T12:59:05.438+0000] {processor.py:840} INFO - DAG(s) 'example_skip_dag' retrieved from /home/airflow/.local/lib/python3.8/site-packages/airflow/example_dags/example_skip_dag.py
[2024-09-05T12:59:05.464+0000] {logging_mixin.py:188} INFO - [2024-09-05T12:59:05.463+0000] {dag.py:3036} INFO - Sync 1 DAGs
[2024-09-05T12:59:05.507+0000] {logging_mixin.py:188} INFO - [2024-09-05T12:59:05.507+0000] {dag.py:3823} INFO - Setting next_dagrun for example_skip_dag to 2024-09-04 00:00:00+00:00, run_after=2024-09-05 00:00:00+00:00
[2024-09-05T12:59:05.532+0000] {processor.py:183} INFO - Processing /home/airflow/.local/lib/python3.8/site-packages/airflow/example_dags/example_skip_dag.py took 0.108 seconds
[2024-09-05T12:59:35.748+0000] {processor.py:161} INFO - Started process (PID=1681) to work on /home/airflow/.local/lib/python3.8/site-packages/airflow/example_dags/example_skip_dag.py
[2024-09-05T12:59:35.749+0000] {processor.py:830} INFO - Processing file /home/airflow/.local/lib/python3.8/site-packages/airflow/example_dags/example_skip_dag.py for tasks to queue
[2024-09-05T12:59:35.750+0000] {logging_mixin.py:188} INFO - [2024-09-05T12:59:35.750+0000] {dagbag.py:538} INFO - Filling up the DagBag from /home/airflow/.local/lib/python3.8/site-packages/airflow/example_dags/example_skip_dag.py
[2024-09-05T12:59:35.758+0000] {processor.py:840} INFO - DAG(s) 'example_skip_dag' retrieved from /home/airflow/.local/lib/python3.8/site-packages/airflow/example_dags/example_skip_dag.py
[2024-09-05T12:59:35.780+0000] {logging_mixin.py:188} INFO - [2024-09-05T12:59:35.780+0000] {dag.py:3036} INFO - Sync 1 DAGs
[2024-09-05T12:59:35.804+0000] {logging_mixin.py:188} INFO - [2024-09-05T12:59:35.804+0000] {dag.py:3823} INFO - Setting next_dagrun for example_skip_dag to 2024-09-04 00:00:00+00:00, run_after=2024-09-05 00:00:00+00:00
[2024-09-05T12:59:35.828+0000] {processor.py:183} INFO - Processing /home/airflow/.local/lib/python3.8/site-packages/airflow/example_dags/example_skip_dag.py took 0.084 seconds
[2024-09-05T13:00:06.099+0000] {processor.py:161} INFO - Started process (PID=1738) to work on /home/airflow/.local/lib/python3.8/site-packages/airflow/example_dags/example_skip_dag.py
[2024-09-05T13:00:06.100+0000] {processor.py:830} INFO - Processing file /home/airflow/.local/lib/python3.8/site-packages/airflow/example_dags/example_skip_dag.py for tasks to queue
[2024-09-05T13:00:06.102+0000] {logging_mixin.py:188} INFO - [2024-09-05T13:00:06.101+0000] {dagbag.py:538} INFO - Filling up the DagBag from /home/airflow/.local/lib/python3.8/site-packages/airflow/example_dags/example_skip_dag.py
[2024-09-05T13:00:06.110+0000] {processor.py:840} INFO - DAG(s) 'example_skip_dag' retrieved from /home/airflow/.local/lib/python3.8/site-packages/airflow/example_dags/example_skip_dag.py
[2024-09-05T13:00:06.134+0000] {logging_mixin.py:188} INFO - [2024-09-05T13:00:06.134+0000] {dag.py:3036} INFO - Sync 1 DAGs
[2024-09-05T13:00:06.159+0000] {logging_mixin.py:188} INFO - [2024-09-05T13:00:06.159+0000] {dag.py:3823} INFO - Setting next_dagrun for example_skip_dag to 2024-09-04 00:00:00+00:00, run_after=2024-09-05 00:00:00+00:00
[2024-09-05T13:00:06.184+0000] {processor.py:183} INFO - Processing /home/airflow/.local/lib/python3.8/site-packages/airflow/example_dags/example_skip_dag.py took 0.089 seconds
[2024-09-05T13:00:36.381+0000] {processor.py:161} INFO - Started process (PID=1795) to work on /home/airflow/.local/lib/python3.8/site-packages/airflow/example_dags/example_skip_dag.py
[2024-09-05T13:00:36.382+0000] {processor.py:830} INFO - Processing file /home/airflow/.local/lib/python3.8/site-packages/airflow/example_dags/example_skip_dag.py for tasks to queue
[2024-09-05T13:00:36.383+0000] {logging_mixin.py:188} INFO - [2024-09-05T13:00:36.383+0000] {dagbag.py:538} INFO - Filling up the DagBag from /home/airflow/.local/lib/python3.8/site-packages/airflow/example_dags/example_skip_dag.py
[2024-09-05T13:00:36.391+0000] {processor.py:840} INFO - DAG(s) 'example_skip_dag' retrieved from /home/airflow/.local/lib/python3.8/site-packages/airflow/example_dags/example_skip_dag.py
[2024-09-05T13:00:36.413+0000] {logging_mixin.py:188} INFO - [2024-09-05T13:00:36.413+0000] {dag.py:3036} INFO - Sync 1 DAGs
[2024-09-05T13:00:36.436+0000] {logging_mixin.py:188} INFO - [2024-09-05T13:00:36.436+0000] {dag.py:3823} INFO - Setting next_dagrun for example_skip_dag to 2024-09-04 00:00:00+00:00, run_after=2024-09-05 00:00:00+00:00
[2024-09-05T13:00:36.461+0000] {processor.py:183} INFO - Processing /home/airflow/.local/lib/python3.8/site-packages/airflow/example_dags/example_skip_dag.py took 0.083 seconds
[2024-09-05T13:01:06.591+0000] {processor.py:161} INFO - Started process (PID=1852) to work on /home/airflow/.local/lib/python3.8/site-packages/airflow/example_dags/example_skip_dag.py
[2024-09-05T13:01:06.592+0000] {processor.py:830} INFO - Processing file /home/airflow/.local/lib/python3.8/site-packages/airflow/example_dags/example_skip_dag.py for tasks to queue
[2024-09-05T13:01:06.594+0000] {logging_mixin.py:188} INFO - [2024-09-05T13:01:06.593+0000] {dagbag.py:538} INFO - Filling up the DagBag from /home/airflow/.local/lib/python3.8/site-packages/airflow/example_dags/example_skip_dag.py
[2024-09-05T13:01:06.602+0000] {processor.py:840} INFO - DAG(s) 'example_skip_dag' retrieved from /home/airflow/.local/lib/python3.8/site-packages/airflow/example_dags/example_skip_dag.py
[2024-09-05T13:01:06.626+0000] {logging_mixin.py:188} INFO - [2024-09-05T13:01:06.625+0000] {dag.py:3036} INFO - Sync 1 DAGs
[2024-09-05T13:01:06.652+0000] {logging_mixin.py:188} INFO - [2024-09-05T13:01:06.651+0000] {dag.py:3823} INFO - Setting next_dagrun for example_skip_dag to 2024-09-04 00:00:00+00:00, run_after=2024-09-05 00:00:00+00:00
[2024-09-05T13:01:06.680+0000] {processor.py:183} INFO - Processing /home/airflow/.local/lib/python3.8/site-packages/airflow/example_dags/example_skip_dag.py took 0.093 seconds
[2024-09-05T13:01:36.879+0000] {processor.py:161} INFO - Started process (PID=1908) to work on /home/airflow/.local/lib/python3.8/site-packages/airflow/example_dags/example_skip_dag.py
[2024-09-05T13:01:36.879+0000] {processor.py:830} INFO - Processing file /home/airflow/.local/lib/python3.8/site-packages/airflow/example_dags/example_skip_dag.py for tasks to queue
[2024-09-05T13:01:36.880+0000] {logging_mixin.py:188} INFO - [2024-09-05T13:01:36.880+0000] {dagbag.py:538} INFO - Filling up the DagBag from /home/airflow/.local/lib/python3.8/site-packages/airflow/example_dags/example_skip_dag.py
[2024-09-05T13:01:36.888+0000] {processor.py:840} INFO - DAG(s) 'example_skip_dag' retrieved from /home/airflow/.local/lib/python3.8/site-packages/airflow/example_dags/example_skip_dag.py
[2024-09-05T13:01:36.908+0000] {logging_mixin.py:188} INFO - [2024-09-05T13:01:36.908+0000] {dag.py:3036} INFO - Sync 1 DAGs
[2024-09-05T13:01:36.932+0000] {logging_mixin.py:188} INFO - [2024-09-05T13:01:36.931+0000] {dag.py:3823} INFO - Setting next_dagrun for example_skip_dag to 2024-09-04 00:00:00+00:00, run_after=2024-09-05 00:00:00+00:00
[2024-09-05T13:01:36.954+0000] {processor.py:183} INFO - Processing /home/airflow/.local/lib/python3.8/site-packages/airflow/example_dags/example_skip_dag.py took 0.079 seconds
[2024-09-05T13:02:07.159+0000] {processor.py:161} INFO - Started process (PID=1965) to work on /home/airflow/.local/lib/python3.8/site-packages/airflow/example_dags/example_skip_dag.py
[2024-09-05T13:02:07.160+0000] {processor.py:830} INFO - Processing file /home/airflow/.local/lib/python3.8/site-packages/airflow/example_dags/example_skip_dag.py for tasks to queue
[2024-09-05T13:02:07.161+0000] {logging_mixin.py:188} INFO - [2024-09-05T13:02:07.161+0000] {dagbag.py:538} INFO - Filling up the DagBag from /home/airflow/.local/lib/python3.8/site-packages/airflow/example_dags/example_skip_dag.py
[2024-09-05T13:02:07.169+0000] {processor.py:840} INFO - DAG(s) 'example_skip_dag' retrieved from /home/airflow/.local/lib/python3.8/site-packages/airflow/example_dags/example_skip_dag.py
[2024-09-05T13:02:07.190+0000] {logging_mixin.py:188} INFO - [2024-09-05T13:02:07.190+0000] {dag.py:3036} INFO - Sync 1 DAGs
[2024-09-05T13:02:07.214+0000] {logging_mixin.py:188} INFO - [2024-09-05T13:02:07.213+0000] {dag.py:3823} INFO - Setting next_dagrun for example_skip_dag to 2024-09-04 00:00:00+00:00, run_after=2024-09-05 00:00:00+00:00
[2024-09-05T13:02:07.238+0000] {processor.py:183} INFO - Processing /home/airflow/.local/lib/python3.8/site-packages/airflow/example_dags/example_skip_dag.py took 0.082 seconds
[2024-09-05T13:02:38.272+0000] {processor.py:161} INFO - Started process (PID=2022) to work on /home/airflow/.local/lib/python3.8/site-packages/airflow/example_dags/example_skip_dag.py
[2024-09-05T13:02:38.273+0000] {processor.py:830} INFO - Processing file /home/airflow/.local/lib/python3.8/site-packages/airflow/example_dags/example_skip_dag.py for tasks to queue
[2024-09-05T13:02:38.274+0000] {logging_mixin.py:188} INFO - [2024-09-05T13:02:38.274+0000] {dagbag.py:538} INFO - Filling up the DagBag from /home/airflow/.local/lib/python3.8/site-packages/airflow/example_dags/example_skip_dag.py
[2024-09-05T13:02:38.283+0000] {processor.py:840} INFO - DAG(s) 'example_skip_dag' retrieved from /home/airflow/.local/lib/python3.8/site-packages/airflow/example_dags/example_skip_dag.py
[2024-09-05T13:02:38.307+0000] {logging_mixin.py:188} INFO - [2024-09-05T13:02:38.307+0000] {dag.py:3036} INFO - Sync 1 DAGs
[2024-09-05T13:02:38.331+0000] {logging_mixin.py:188} INFO - [2024-09-05T13:02:38.331+0000] {dag.py:3823} INFO - Setting next_dagrun for example_skip_dag to 2024-09-04 00:00:00+00:00, run_after=2024-09-05 00:00:00+00:00
[2024-09-05T13:02:38.354+0000] {processor.py:183} INFO - Processing /home/airflow/.local/lib/python3.8/site-packages/airflow/example_dags/example_skip_dag.py took 0.086 seconds
[2024-09-05T13:03:08.690+0000] {processor.py:161} INFO - Started process (PID=2079) to work on /home/airflow/.local/lib/python3.8/site-packages/airflow/example_dags/example_skip_dag.py
[2024-09-05T13:03:08.690+0000] {processor.py:830} INFO - Processing file /home/airflow/.local/lib/python3.8/site-packages/airflow/example_dags/example_skip_dag.py for tasks to queue
[2024-09-05T13:03:08.692+0000] {logging_mixin.py:188} INFO - [2024-09-05T13:03:08.691+0000] {dagbag.py:538} INFO - Filling up the DagBag from /home/airflow/.local/lib/python3.8/site-packages/airflow/example_dags/example_skip_dag.py
[2024-09-05T13:03:08.701+0000] {processor.py:840} INFO - DAG(s) 'example_skip_dag' retrieved from /home/airflow/.local/lib/python3.8/site-packages/airflow/example_dags/example_skip_dag.py
[2024-09-05T13:03:08.723+0000] {logging_mixin.py:188} INFO - [2024-09-05T13:03:08.723+0000] {dag.py:3036} INFO - Sync 1 DAGs
[2024-09-05T13:03:08.749+0000] {logging_mixin.py:188} INFO - [2024-09-05T13:03:08.748+0000] {dag.py:3823} INFO - Setting next_dagrun for example_skip_dag to 2024-09-04 00:00:00+00:00, run_after=2024-09-05 00:00:00+00:00
[2024-09-05T13:03:08.771+0000] {processor.py:183} INFO - Processing /home/airflow/.local/lib/python3.8/site-packages/airflow/example_dags/example_skip_dag.py took 0.084 seconds
[2024-09-05T13:03:39.723+0000] {processor.py:161} INFO - Started process (PID=2136) to work on /home/airflow/.local/lib/python3.8/site-packages/airflow/example_dags/example_skip_dag.py
[2024-09-05T13:03:39.724+0000] {processor.py:830} INFO - Processing file /home/airflow/.local/lib/python3.8/site-packages/airflow/example_dags/example_skip_dag.py for tasks to queue
[2024-09-05T13:03:39.725+0000] {logging_mixin.py:188} INFO - [2024-09-05T13:03:39.725+0000] {dagbag.py:538} INFO - Filling up the DagBag from /home/airflow/.local/lib/python3.8/site-packages/airflow/example_dags/example_skip_dag.py
[2024-09-05T13:03:39.732+0000] {processor.py:840} INFO - DAG(s) 'example_skip_dag' retrieved from /home/airflow/.local/lib/python3.8/site-packages/airflow/example_dags/example_skip_dag.py
[2024-09-05T13:03:39.755+0000] {logging_mixin.py:188} INFO - [2024-09-05T13:03:39.754+0000] {dag.py:3036} INFO - Sync 1 DAGs
[2024-09-05T13:03:39.776+0000] {logging_mixin.py:188} INFO - [2024-09-05T13:03:39.775+0000] {dag.py:3823} INFO - Setting next_dagrun for example_skip_dag to 2024-09-04 00:00:00+00:00, run_after=2024-09-05 00:00:00+00:00
[2024-09-05T13:03:39.800+0000] {processor.py:183} INFO - Processing /home/airflow/.local/lib/python3.8/site-packages/airflow/example_dags/example_skip_dag.py took 0.080 seconds
[2024-09-05T13:04:09.899+0000] {processor.py:161} INFO - Started process (PID=2192) to work on /home/airflow/.local/lib/python3.8/site-packages/airflow/example_dags/example_skip_dag.py
[2024-09-05T13:04:09.901+0000] {processor.py:830} INFO - Processing file /home/airflow/.local/lib/python3.8/site-packages/airflow/example_dags/example_skip_dag.py for tasks to queue
[2024-09-05T13:04:09.903+0000] {logging_mixin.py:188} INFO - [2024-09-05T13:04:09.902+0000] {dagbag.py:538} INFO - Filling up the DagBag from /home/airflow/.local/lib/python3.8/site-packages/airflow/example_dags/example_skip_dag.py
[2024-09-05T13:04:09.910+0000] {processor.py:840} INFO - DAG(s) 'example_skip_dag' retrieved from /home/airflow/.local/lib/python3.8/site-packages/airflow/example_dags/example_skip_dag.py
[2024-09-05T13:04:09.932+0000] {logging_mixin.py:188} INFO - [2024-09-05T13:04:09.931+0000] {dag.py:3036} INFO - Sync 1 DAGs
[2024-09-05T13:04:09.958+0000] {logging_mixin.py:188} INFO - [2024-09-05T13:04:09.958+0000] {dag.py:3823} INFO - Setting next_dagrun for example_skip_dag to 2024-09-04 00:00:00+00:00, run_after=2024-09-05 00:00:00+00:00
[2024-09-05T13:04:09.980+0000] {processor.py:183} INFO - Processing /home/airflow/.local/lib/python3.8/site-packages/airflow/example_dags/example_skip_dag.py took 0.085 seconds
[2024-09-05T13:04:40.556+0000] {processor.py:161} INFO - Started process (PID=2252) to work on /home/airflow/.local/lib/python3.8/site-packages/airflow/example_dags/example_skip_dag.py
[2024-09-05T13:04:40.557+0000] {processor.py:830} INFO - Processing file /home/airflow/.local/lib/python3.8/site-packages/airflow/example_dags/example_skip_dag.py for tasks to queue
[2024-09-05T13:04:40.559+0000] {logging_mixin.py:188} INFO - [2024-09-05T13:04:40.558+0000] {dagbag.py:538} INFO - Filling up the DagBag from /home/airflow/.local/lib/python3.8/site-packages/airflow/example_dags/example_skip_dag.py
[2024-09-05T13:04:40.569+0000] {processor.py:840} INFO - DAG(s) 'example_skip_dag' retrieved from /home/airflow/.local/lib/python3.8/site-packages/airflow/example_dags/example_skip_dag.py
[2024-09-05T13:04:40.593+0000] {logging_mixin.py:188} INFO - [2024-09-05T13:04:40.593+0000] {dag.py:3036} INFO - Sync 1 DAGs
[2024-09-05T13:04:40.618+0000] {logging_mixin.py:188} INFO - [2024-09-05T13:04:40.618+0000] {dag.py:3823} INFO - Setting next_dagrun for example_skip_dag to 2024-09-04 00:00:00+00:00, run_after=2024-09-05 00:00:00+00:00
[2024-09-05T13:04:40.643+0000] {processor.py:183} INFO - Processing /home/airflow/.local/lib/python3.8/site-packages/airflow/example_dags/example_skip_dag.py took 0.091 seconds
[2024-09-05T13:06:24.683+0000] {processor.py:161} INFO - Started process (PID=78) to work on /home/airflow/.local/lib/python3.8/site-packages/airflow/example_dags/example_skip_dag.py
[2024-09-05T13:06:24.684+0000] {processor.py:830} INFO - Processing file /home/airflow/.local/lib/python3.8/site-packages/airflow/example_dags/example_skip_dag.py for tasks to queue
[2024-09-05T13:06:24.685+0000] {logging_mixin.py:188} INFO - [2024-09-05T13:06:24.684+0000] {dagbag.py:538} INFO - Filling up the DagBag from /home/airflow/.local/lib/python3.8/site-packages/airflow/example_dags/example_skip_dag.py
[2024-09-05T13:06:24.696+0000] {processor.py:840} INFO - DAG(s) 'example_skip_dag' retrieved from /home/airflow/.local/lib/python3.8/site-packages/airflow/example_dags/example_skip_dag.py
[2024-09-05T13:06:24.717+0000] {logging_mixin.py:188} INFO - [2024-09-05T13:06:24.717+0000] {dag.py:3036} INFO - Sync 1 DAGs
[2024-09-05T13:06:24.750+0000] {logging_mixin.py:188} INFO - [2024-09-05T13:06:24.750+0000] {dag.py:3823} INFO - Setting next_dagrun for example_skip_dag to 2024-09-04 00:00:00+00:00, run_after=2024-09-05 00:00:00+00:00
[2024-09-05T13:06:24.777+0000] {processor.py:183} INFO - Processing /home/airflow/.local/lib/python3.8/site-packages/airflow/example_dags/example_skip_dag.py took 0.098 seconds
[2024-09-05T13:06:55.103+0000] {processor.py:161} INFO - Started process (PID=135) to work on /home/airflow/.local/lib/python3.8/site-packages/airflow/example_dags/example_skip_dag.py
[2024-09-05T13:06:55.103+0000] {processor.py:830} INFO - Processing file /home/airflow/.local/lib/python3.8/site-packages/airflow/example_dags/example_skip_dag.py for tasks to queue
[2024-09-05T13:06:55.104+0000] {logging_mixin.py:188} INFO - [2024-09-05T13:06:55.104+0000] {dagbag.py:538} INFO - Filling up the DagBag from /home/airflow/.local/lib/python3.8/site-packages/airflow/example_dags/example_skip_dag.py
[2024-09-05T13:06:55.111+0000] {processor.py:840} INFO - DAG(s) 'example_skip_dag' retrieved from /home/airflow/.local/lib/python3.8/site-packages/airflow/example_dags/example_skip_dag.py
[2024-09-05T13:06:55.224+0000] {logging_mixin.py:188} INFO - [2024-09-05T13:06:55.224+0000] {dag.py:3036} INFO - Sync 1 DAGs
[2024-09-05T13:06:55.244+0000] {logging_mixin.py:188} INFO - [2024-09-05T13:06:55.244+0000] {dag.py:3823} INFO - Setting next_dagrun for example_skip_dag to 2024-09-04 00:00:00+00:00, run_after=2024-09-05 00:00:00+00:00
[2024-09-05T13:06:55.266+0000] {processor.py:183} INFO - Processing /home/airflow/.local/lib/python3.8/site-packages/airflow/example_dags/example_skip_dag.py took 0.167 seconds
[2024-09-05T13:07:25.397+0000] {processor.py:161} INFO - Started process (PID=192) to work on /home/airflow/.local/lib/python3.8/site-packages/airflow/example_dags/example_skip_dag.py
[2024-09-05T13:07:25.398+0000] {processor.py:830} INFO - Processing file /home/airflow/.local/lib/python3.8/site-packages/airflow/example_dags/example_skip_dag.py for tasks to queue
[2024-09-05T13:07:25.399+0000] {logging_mixin.py:188} INFO - [2024-09-05T13:07:25.399+0000] {dagbag.py:538} INFO - Filling up the DagBag from /home/airflow/.local/lib/python3.8/site-packages/airflow/example_dags/example_skip_dag.py
[2024-09-05T13:07:25.407+0000] {processor.py:840} INFO - DAG(s) 'example_skip_dag' retrieved from /home/airflow/.local/lib/python3.8/site-packages/airflow/example_dags/example_skip_dag.py
[2024-09-05T13:07:25.431+0000] {logging_mixin.py:188} INFO - [2024-09-05T13:07:25.431+0000] {dag.py:3036} INFO - Sync 1 DAGs
[2024-09-05T13:07:25.459+0000] {logging_mixin.py:188} INFO - [2024-09-05T13:07:25.459+0000] {dag.py:3823} INFO - Setting next_dagrun for example_skip_dag to 2024-09-04 00:00:00+00:00, run_after=2024-09-05 00:00:00+00:00
[2024-09-05T13:07:25.480+0000] {processor.py:183} INFO - Processing /home/airflow/.local/lib/python3.8/site-packages/airflow/example_dags/example_skip_dag.py took 0.087 seconds
[2024-09-05T13:07:55.674+0000] {processor.py:161} INFO - Started process (PID=249) to work on /home/airflow/.local/lib/python3.8/site-packages/airflow/example_dags/example_skip_dag.py
[2024-09-05T13:07:55.675+0000] {processor.py:830} INFO - Processing file /home/airflow/.local/lib/python3.8/site-packages/airflow/example_dags/example_skip_dag.py for tasks to queue
[2024-09-05T13:07:55.676+0000] {logging_mixin.py:188} INFO - [2024-09-05T13:07:55.676+0000] {dagbag.py:538} INFO - Filling up the DagBag from /home/airflow/.local/lib/python3.8/site-packages/airflow/example_dags/example_skip_dag.py
[2024-09-05T13:07:55.685+0000] {processor.py:840} INFO - DAG(s) 'example_skip_dag' retrieved from /home/airflow/.local/lib/python3.8/site-packages/airflow/example_dags/example_skip_dag.py
[2024-09-05T13:07:55.706+0000] {logging_mixin.py:188} INFO - [2024-09-05T13:07:55.706+0000] {dag.py:3036} INFO - Sync 1 DAGs
[2024-09-05T13:07:55.736+0000] {logging_mixin.py:188} INFO - [2024-09-05T13:07:55.736+0000] {dag.py:3823} INFO - Setting next_dagrun for example_skip_dag to 2024-09-04 00:00:00+00:00, run_after=2024-09-05 00:00:00+00:00
[2024-09-05T13:07:55.764+0000] {processor.py:183} INFO - Processing /home/airflow/.local/lib/python3.8/site-packages/airflow/example_dags/example_skip_dag.py took 0.093 seconds
[2024-09-05T13:08:25.932+0000] {processor.py:161} INFO - Started process (PID=306) to work on /home/airflow/.local/lib/python3.8/site-packages/airflow/example_dags/example_skip_dag.py
[2024-09-05T13:08:25.933+0000] {processor.py:830} INFO - Processing file /home/airflow/.local/lib/python3.8/site-packages/airflow/example_dags/example_skip_dag.py for tasks to queue
[2024-09-05T13:08:25.934+0000] {logging_mixin.py:188} INFO - [2024-09-05T13:08:25.934+0000] {dagbag.py:538} INFO - Filling up the DagBag from /home/airflow/.local/lib/python3.8/site-packages/airflow/example_dags/example_skip_dag.py
[2024-09-05T13:08:25.941+0000] {processor.py:840} INFO - DAG(s) 'example_skip_dag' retrieved from /home/airflow/.local/lib/python3.8/site-packages/airflow/example_dags/example_skip_dag.py
[2024-09-05T13:08:25.963+0000] {logging_mixin.py:188} INFO - [2024-09-05T13:08:25.963+0000] {dag.py:3036} INFO - Sync 1 DAGs
[2024-09-05T13:08:25.991+0000] {logging_mixin.py:188} INFO - [2024-09-05T13:08:25.990+0000] {dag.py:3823} INFO - Setting next_dagrun for example_skip_dag to 2024-09-04 00:00:00+00:00, run_after=2024-09-05 00:00:00+00:00
[2024-09-05T13:08:26.015+0000] {processor.py:183} INFO - Processing /home/airflow/.local/lib/python3.8/site-packages/airflow/example_dags/example_skip_dag.py took 0.086 seconds
[2024-09-05T13:08:56.575+0000] {processor.py:161} INFO - Started process (PID=363) to work on /home/airflow/.local/lib/python3.8/site-packages/airflow/example_dags/example_skip_dag.py
[2024-09-05T13:08:56.576+0000] {processor.py:830} INFO - Processing file /home/airflow/.local/lib/python3.8/site-packages/airflow/example_dags/example_skip_dag.py for tasks to queue
[2024-09-05T13:08:56.578+0000] {logging_mixin.py:188} INFO - [2024-09-05T13:08:56.577+0000] {dagbag.py:538} INFO - Filling up the DagBag from /home/airflow/.local/lib/python3.8/site-packages/airflow/example_dags/example_skip_dag.py
[2024-09-05T13:08:56.584+0000] {processor.py:840} INFO - DAG(s) 'example_skip_dag' retrieved from /home/airflow/.local/lib/python3.8/site-packages/airflow/example_dags/example_skip_dag.py
[2024-09-05T13:08:56.607+0000] {logging_mixin.py:188} INFO - [2024-09-05T13:08:56.607+0000] {dag.py:3036} INFO - Sync 1 DAGs
[2024-09-05T13:08:56.629+0000] {logging_mixin.py:188} INFO - [2024-09-05T13:08:56.629+0000] {dag.py:3823} INFO - Setting next_dagrun for example_skip_dag to 2024-09-04 00:00:00+00:00, run_after=2024-09-05 00:00:00+00:00
[2024-09-05T13:08:56.652+0000] {processor.py:183} INFO - Processing /home/airflow/.local/lib/python3.8/site-packages/airflow/example_dags/example_skip_dag.py took 0.080 seconds
[2024-09-05T13:09:26.903+0000] {processor.py:161} INFO - Started process (PID=423) to work on /home/airflow/.local/lib/python3.8/site-packages/airflow/example_dags/example_skip_dag.py
[2024-09-05T13:09:26.904+0000] {processor.py:830} INFO - Processing file /home/airflow/.local/lib/python3.8/site-packages/airflow/example_dags/example_skip_dag.py for tasks to queue
[2024-09-05T13:09:26.905+0000] {logging_mixin.py:188} INFO - [2024-09-05T13:09:26.905+0000] {dagbag.py:538} INFO - Filling up the DagBag from /home/airflow/.local/lib/python3.8/site-packages/airflow/example_dags/example_skip_dag.py
[2024-09-05T13:09:26.915+0000] {processor.py:840} INFO - DAG(s) 'example_skip_dag' retrieved from /home/airflow/.local/lib/python3.8/site-packages/airflow/example_dags/example_skip_dag.py
[2024-09-05T13:09:26.940+0000] {logging_mixin.py:188} INFO - [2024-09-05T13:09:26.940+0000] {dag.py:3036} INFO - Sync 1 DAGs
[2024-09-05T13:09:26.968+0000] {logging_mixin.py:188} INFO - [2024-09-05T13:09:26.967+0000] {dag.py:3823} INFO - Setting next_dagrun for example_skip_dag to 2024-09-04 00:00:00+00:00, run_after=2024-09-05 00:00:00+00:00
[2024-09-05T13:09:26.988+0000] {processor.py:183} INFO - Processing /home/airflow/.local/lib/python3.8/site-packages/airflow/example_dags/example_skip_dag.py took 0.088 seconds
[2024-09-05T13:09:57.463+0000] {processor.py:161} INFO - Started process (PID=481) to work on /home/airflow/.local/lib/python3.8/site-packages/airflow/example_dags/example_skip_dag.py
[2024-09-05T13:09:57.464+0000] {processor.py:830} INFO - Processing file /home/airflow/.local/lib/python3.8/site-packages/airflow/example_dags/example_skip_dag.py for tasks to queue
[2024-09-05T13:09:57.465+0000] {logging_mixin.py:188} INFO - [2024-09-05T13:09:57.465+0000] {dagbag.py:538} INFO - Filling up the DagBag from /home/airflow/.local/lib/python3.8/site-packages/airflow/example_dags/example_skip_dag.py
[2024-09-05T13:09:57.473+0000] {processor.py:840} INFO - DAG(s) 'example_skip_dag' retrieved from /home/airflow/.local/lib/python3.8/site-packages/airflow/example_dags/example_skip_dag.py
[2024-09-05T13:09:57.496+0000] {logging_mixin.py:188} INFO - [2024-09-05T13:09:57.496+0000] {dag.py:3036} INFO - Sync 1 DAGs
[2024-09-05T13:09:57.524+0000] {logging_mixin.py:188} INFO - [2024-09-05T13:09:57.523+0000] {dag.py:3823} INFO - Setting next_dagrun for example_skip_dag to 2024-09-04 00:00:00+00:00, run_after=2024-09-05 00:00:00+00:00
[2024-09-05T13:09:57.543+0000] {processor.py:183} INFO - Processing /home/airflow/.local/lib/python3.8/site-packages/airflow/example_dags/example_skip_dag.py took 0.083 seconds
[2024-09-05T13:10:27.688+0000] {processor.py:161} INFO - Started process (PID=538) to work on /home/airflow/.local/lib/python3.8/site-packages/airflow/example_dags/example_skip_dag.py
[2024-09-05T13:10:27.689+0000] {processor.py:830} INFO - Processing file /home/airflow/.local/lib/python3.8/site-packages/airflow/example_dags/example_skip_dag.py for tasks to queue
[2024-09-05T13:10:27.691+0000] {logging_mixin.py:188} INFO - [2024-09-05T13:10:27.690+0000] {dagbag.py:538} INFO - Filling up the DagBag from /home/airflow/.local/lib/python3.8/site-packages/airflow/example_dags/example_skip_dag.py
[2024-09-05T13:10:27.698+0000] {processor.py:840} INFO - DAG(s) 'example_skip_dag' retrieved from /home/airflow/.local/lib/python3.8/site-packages/airflow/example_dags/example_skip_dag.py
[2024-09-05T13:10:27.723+0000] {logging_mixin.py:188} INFO - [2024-09-05T13:10:27.723+0000] {dag.py:3036} INFO - Sync 1 DAGs
[2024-09-05T13:10:27.747+0000] {logging_mixin.py:188} INFO - [2024-09-05T13:10:27.747+0000] {dag.py:3823} INFO - Setting next_dagrun for example_skip_dag to 2024-09-04 00:00:00+00:00, run_after=2024-09-05 00:00:00+00:00
[2024-09-05T13:10:27.773+0000] {processor.py:183} INFO - Processing /home/airflow/.local/lib/python3.8/site-packages/airflow/example_dags/example_skip_dag.py took 0.090 seconds
[2024-09-05T13:10:58.670+0000] {processor.py:161} INFO - Started process (PID=595) to work on /home/airflow/.local/lib/python3.8/site-packages/airflow/example_dags/example_skip_dag.py
[2024-09-05T13:10:58.671+0000] {processor.py:830} INFO - Processing file /home/airflow/.local/lib/python3.8/site-packages/airflow/example_dags/example_skip_dag.py for tasks to queue
[2024-09-05T13:10:58.672+0000] {logging_mixin.py:188} INFO - [2024-09-05T13:10:58.671+0000] {dagbag.py:538} INFO - Filling up the DagBag from /home/airflow/.local/lib/python3.8/site-packages/airflow/example_dags/example_skip_dag.py
[2024-09-05T13:10:58.679+0000] {processor.py:840} INFO - DAG(s) 'example_skip_dag' retrieved from /home/airflow/.local/lib/python3.8/site-packages/airflow/example_dags/example_skip_dag.py
[2024-09-05T13:10:58.709+0000] {logging_mixin.py:188} INFO - [2024-09-05T13:10:58.709+0000] {dag.py:3036} INFO - Sync 1 DAGs
[2024-09-05T13:10:58.735+0000] {logging_mixin.py:188} INFO - [2024-09-05T13:10:58.735+0000] {dag.py:3823} INFO - Setting next_dagrun for example_skip_dag to 2024-09-04 00:00:00+00:00, run_after=2024-09-05 00:00:00+00:00
[2024-09-05T13:10:58.762+0000] {processor.py:183} INFO - Processing /home/airflow/.local/lib/python3.8/site-packages/airflow/example_dags/example_skip_dag.py took 0.097 seconds
[2024-09-05T13:11:28.845+0000] {processor.py:161} INFO - Started process (PID=652) to work on /home/airflow/.local/lib/python3.8/site-packages/airflow/example_dags/example_skip_dag.py
[2024-09-05T13:11:28.847+0000] {processor.py:830} INFO - Processing file /home/airflow/.local/lib/python3.8/site-packages/airflow/example_dags/example_skip_dag.py for tasks to queue
[2024-09-05T13:11:28.848+0000] {logging_mixin.py:188} INFO - [2024-09-05T13:11:28.848+0000] {dagbag.py:538} INFO - Filling up the DagBag from /home/airflow/.local/lib/python3.8/site-packages/airflow/example_dags/example_skip_dag.py
[2024-09-05T13:11:28.855+0000] {processor.py:840} INFO - DAG(s) 'example_skip_dag' retrieved from /home/airflow/.local/lib/python3.8/site-packages/airflow/example_dags/example_skip_dag.py
[2024-09-05T13:11:28.879+0000] {logging_mixin.py:188} INFO - [2024-09-05T13:11:28.878+0000] {dag.py:3036} INFO - Sync 1 DAGs
[2024-09-05T13:11:28.903+0000] {logging_mixin.py:188} INFO - [2024-09-05T13:11:28.902+0000] {dag.py:3823} INFO - Setting next_dagrun for example_skip_dag to 2024-09-04 00:00:00+00:00, run_after=2024-09-05 00:00:00+00:00
[2024-09-05T13:11:28.923+0000] {processor.py:183} INFO - Processing /home/airflow/.local/lib/python3.8/site-packages/airflow/example_dags/example_skip_dag.py took 0.081 seconds
[2024-09-05T13:11:59.608+0000] {processor.py:161} INFO - Started process (PID=711) to work on /home/airflow/.local/lib/python3.8/site-packages/airflow/example_dags/example_skip_dag.py
[2024-09-05T13:11:59.608+0000] {processor.py:830} INFO - Processing file /home/airflow/.local/lib/python3.8/site-packages/airflow/example_dags/example_skip_dag.py for tasks to queue
[2024-09-05T13:11:59.609+0000] {logging_mixin.py:188} INFO - [2024-09-05T13:11:59.609+0000] {dagbag.py:538} INFO - Filling up the DagBag from /home/airflow/.local/lib/python3.8/site-packages/airflow/example_dags/example_skip_dag.py
[2024-09-05T13:11:59.619+0000] {processor.py:840} INFO - DAG(s) 'example_skip_dag' retrieved from /home/airflow/.local/lib/python3.8/site-packages/airflow/example_dags/example_skip_dag.py
[2024-09-05T13:11:59.655+0000] {logging_mixin.py:188} INFO - [2024-09-05T13:11:59.654+0000] {dag.py:3036} INFO - Sync 1 DAGs
[2024-09-05T13:11:59.685+0000] {logging_mixin.py:188} INFO - [2024-09-05T13:11:59.683+0000] {dag.py:3823} INFO - Setting next_dagrun for example_skip_dag to 2024-09-04 00:00:00+00:00, run_after=2024-09-05 00:00:00+00:00
[2024-09-05T13:11:59.710+0000] {processor.py:183} INFO - Processing /home/airflow/.local/lib/python3.8/site-packages/airflow/example_dags/example_skip_dag.py took 0.106 seconds
[2024-09-05T13:12:29.788+0000] {processor.py:161} INFO - Started process (PID=768) to work on /home/airflow/.local/lib/python3.8/site-packages/airflow/example_dags/example_skip_dag.py
[2024-09-05T13:12:29.789+0000] {processor.py:830} INFO - Processing file /home/airflow/.local/lib/python3.8/site-packages/airflow/example_dags/example_skip_dag.py for tasks to queue
[2024-09-05T13:12:29.791+0000] {logging_mixin.py:188} INFO - [2024-09-05T13:12:29.790+0000] {dagbag.py:538} INFO - Filling up the DagBag from /home/airflow/.local/lib/python3.8/site-packages/airflow/example_dags/example_skip_dag.py
[2024-09-05T13:12:29.798+0000] {processor.py:840} INFO - DAG(s) 'example_skip_dag' retrieved from /home/airflow/.local/lib/python3.8/site-packages/airflow/example_dags/example_skip_dag.py
[2024-09-05T13:12:29.817+0000] {logging_mixin.py:188} INFO - [2024-09-05T13:12:29.817+0000] {dag.py:3036} INFO - Sync 1 DAGs
[2024-09-05T13:12:29.838+0000] {logging_mixin.py:188} INFO - [2024-09-05T13:12:29.838+0000] {dag.py:3823} INFO - Setting next_dagrun for example_skip_dag to 2024-09-04 00:00:00+00:00, run_after=2024-09-05 00:00:00+00:00
[2024-09-05T13:12:29.863+0000] {processor.py:183} INFO - Processing /home/airflow/.local/lib/python3.8/site-packages/airflow/example_dags/example_skip_dag.py took 0.079 seconds
[2024-09-05T13:13:00.127+0000] {processor.py:161} INFO - Started process (PID=825) to work on /home/airflow/.local/lib/python3.8/site-packages/airflow/example_dags/example_skip_dag.py
[2024-09-05T13:13:00.128+0000] {processor.py:830} INFO - Processing file /home/airflow/.local/lib/python3.8/site-packages/airflow/example_dags/example_skip_dag.py for tasks to queue
[2024-09-05T13:13:00.129+0000] {logging_mixin.py:188} INFO - [2024-09-05T13:13:00.129+0000] {dagbag.py:538} INFO - Filling up the DagBag from /home/airflow/.local/lib/python3.8/site-packages/airflow/example_dags/example_skip_dag.py
[2024-09-05T13:13:00.136+0000] {processor.py:840} INFO - DAG(s) 'example_skip_dag' retrieved from /home/airflow/.local/lib/python3.8/site-packages/airflow/example_dags/example_skip_dag.py
[2024-09-05T13:13:00.159+0000] {logging_mixin.py:188} INFO - [2024-09-05T13:13:00.159+0000] {dag.py:3036} INFO - Sync 1 DAGs
[2024-09-05T13:13:00.184+0000] {logging_mixin.py:188} INFO - [2024-09-05T13:13:00.184+0000] {dag.py:3823} INFO - Setting next_dagrun for example_skip_dag to 2024-09-04 00:00:00+00:00, run_after=2024-09-05 00:00:00+00:00
[2024-09-05T13:13:00.209+0000] {processor.py:183} INFO - Processing /home/airflow/.local/lib/python3.8/site-packages/airflow/example_dags/example_skip_dag.py took 0.085 seconds
[2024-09-05T13:13:30.677+0000] {processor.py:161} INFO - Started process (PID=882) to work on /home/airflow/.local/lib/python3.8/site-packages/airflow/example_dags/example_skip_dag.py
[2024-09-05T13:13:30.678+0000] {processor.py:830} INFO - Processing file /home/airflow/.local/lib/python3.8/site-packages/airflow/example_dags/example_skip_dag.py for tasks to queue
[2024-09-05T13:13:30.679+0000] {logging_mixin.py:188} INFO - [2024-09-05T13:13:30.678+0000] {dagbag.py:538} INFO - Filling up the DagBag from /home/airflow/.local/lib/python3.8/site-packages/airflow/example_dags/example_skip_dag.py
[2024-09-05T13:13:30.687+0000] {processor.py:840} INFO - DAG(s) 'example_skip_dag' retrieved from /home/airflow/.local/lib/python3.8/site-packages/airflow/example_dags/example_skip_dag.py
[2024-09-05T13:13:30.710+0000] {logging_mixin.py:188} INFO - [2024-09-05T13:13:30.710+0000] {dag.py:3036} INFO - Sync 1 DAGs
[2024-09-05T13:13:30.748+0000] {logging_mixin.py:188} INFO - [2024-09-05T13:13:30.747+0000] {dag.py:3823} INFO - Setting next_dagrun for example_skip_dag to 2024-09-04 00:00:00+00:00, run_after=2024-09-05 00:00:00+00:00
[2024-09-05T13:13:30.779+0000] {processor.py:183} INFO - Processing /home/airflow/.local/lib/python3.8/site-packages/airflow/example_dags/example_skip_dag.py took 0.105 seconds
[2024-09-05T13:14:01.244+0000] {processor.py:161} INFO - Started process (PID=939) to work on /home/airflow/.local/lib/python3.8/site-packages/airflow/example_dags/example_skip_dag.py
[2024-09-05T13:14:01.245+0000] {processor.py:830} INFO - Processing file /home/airflow/.local/lib/python3.8/site-packages/airflow/example_dags/example_skip_dag.py for tasks to queue
[2024-09-05T13:14:01.246+0000] {logging_mixin.py:188} INFO - [2024-09-05T13:14:01.246+0000] {dagbag.py:538} INFO - Filling up the DagBag from /home/airflow/.local/lib/python3.8/site-packages/airflow/example_dags/example_skip_dag.py
[2024-09-05T13:14:01.253+0000] {processor.py:840} INFO - DAG(s) 'example_skip_dag' retrieved from /home/airflow/.local/lib/python3.8/site-packages/airflow/example_dags/example_skip_dag.py
[2024-09-05T13:14:01.274+0000] {logging_mixin.py:188} INFO - [2024-09-05T13:14:01.274+0000] {dag.py:3036} INFO - Sync 1 DAGs
[2024-09-05T13:14:01.297+0000] {logging_mixin.py:188} INFO - [2024-09-05T13:14:01.296+0000] {dag.py:3823} INFO - Setting next_dagrun for example_skip_dag to 2024-09-04 00:00:00+00:00, run_after=2024-09-05 00:00:00+00:00
[2024-09-05T13:14:01.321+0000] {processor.py:183} INFO - Processing /home/airflow/.local/lib/python3.8/site-packages/airflow/example_dags/example_skip_dag.py took 0.080 seconds
[2024-09-05T13:14:31.803+0000] {processor.py:161} INFO - Started process (PID=996) to work on /home/airflow/.local/lib/python3.8/site-packages/airflow/example_dags/example_skip_dag.py
[2024-09-05T13:14:31.804+0000] {processor.py:830} INFO - Processing file /home/airflow/.local/lib/python3.8/site-packages/airflow/example_dags/example_skip_dag.py for tasks to queue
[2024-09-05T13:14:31.806+0000] {logging_mixin.py:188} INFO - [2024-09-05T13:14:31.805+0000] {dagbag.py:538} INFO - Filling up the DagBag from /home/airflow/.local/lib/python3.8/site-packages/airflow/example_dags/example_skip_dag.py
[2024-09-05T13:14:31.817+0000] {processor.py:840} INFO - DAG(s) 'example_skip_dag' retrieved from /home/airflow/.local/lib/python3.8/site-packages/airflow/example_dags/example_skip_dag.py
[2024-09-05T13:14:31.846+0000] {logging_mixin.py:188} INFO - [2024-09-05T13:14:31.846+0000] {dag.py:3036} INFO - Sync 1 DAGs
[2024-09-05T13:14:31.875+0000] {logging_mixin.py:188} INFO - [2024-09-05T13:14:31.874+0000] {dag.py:3823} INFO - Setting next_dagrun for example_skip_dag to 2024-09-04 00:00:00+00:00, run_after=2024-09-05 00:00:00+00:00
[2024-09-05T13:14:31.904+0000] {processor.py:183} INFO - Processing /home/airflow/.local/lib/python3.8/site-packages/airflow/example_dags/example_skip_dag.py took 0.108 seconds
[2024-09-05T13:15:02.907+0000] {processor.py:161} INFO - Started process (PID=1054) to work on /home/airflow/.local/lib/python3.8/site-packages/airflow/example_dags/example_skip_dag.py
[2024-09-05T13:15:02.908+0000] {processor.py:830} INFO - Processing file /home/airflow/.local/lib/python3.8/site-packages/airflow/example_dags/example_skip_dag.py for tasks to queue
[2024-09-05T13:15:02.910+0000] {logging_mixin.py:188} INFO - [2024-09-05T13:15:02.909+0000] {dagbag.py:538} INFO - Filling up the DagBag from /home/airflow/.local/lib/python3.8/site-packages/airflow/example_dags/example_skip_dag.py
[2024-09-05T13:15:02.923+0000] {processor.py:840} INFO - DAG(s) 'example_skip_dag' retrieved from /home/airflow/.local/lib/python3.8/site-packages/airflow/example_dags/example_skip_dag.py
[2024-09-05T13:15:02.958+0000] {logging_mixin.py:188} INFO - [2024-09-05T13:15:02.958+0000] {dag.py:3036} INFO - Sync 1 DAGs
[2024-09-05T13:15:02.995+0000] {logging_mixin.py:188} INFO - [2024-09-05T13:15:02.994+0000] {dag.py:3823} INFO - Setting next_dagrun for example_skip_dag to 2024-09-04 00:00:00+00:00, run_after=2024-09-05 00:00:00+00:00
[2024-09-05T13:15:03.030+0000] {processor.py:183} INFO - Processing /home/airflow/.local/lib/python3.8/site-packages/airflow/example_dags/example_skip_dag.py took 0.128 seconds
[2024-09-05T13:15:33.296+0000] {processor.py:161} INFO - Started process (PID=1111) to work on /home/airflow/.local/lib/python3.8/site-packages/airflow/example_dags/example_skip_dag.py
[2024-09-05T13:15:33.297+0000] {processor.py:830} INFO - Processing file /home/airflow/.local/lib/python3.8/site-packages/airflow/example_dags/example_skip_dag.py for tasks to queue
[2024-09-05T13:15:33.298+0000] {logging_mixin.py:188} INFO - [2024-09-05T13:15:33.298+0000] {dagbag.py:538} INFO - Filling up the DagBag from /home/airflow/.local/lib/python3.8/site-packages/airflow/example_dags/example_skip_dag.py
[2024-09-05T13:15:33.308+0000] {processor.py:840} INFO - DAG(s) 'example_skip_dag' retrieved from /home/airflow/.local/lib/python3.8/site-packages/airflow/example_dags/example_skip_dag.py
[2024-09-05T13:15:33.342+0000] {logging_mixin.py:188} INFO - [2024-09-05T13:15:33.342+0000] {dag.py:3036} INFO - Sync 1 DAGs
[2024-09-05T13:15:33.379+0000] {logging_mixin.py:188} INFO - [2024-09-05T13:15:33.378+0000] {dag.py:3823} INFO - Setting next_dagrun for example_skip_dag to 2024-09-04 00:00:00+00:00, run_after=2024-09-05 00:00:00+00:00
[2024-09-05T13:15:33.413+0000] {processor.py:183} INFO - Processing /home/airflow/.local/lib/python3.8/site-packages/airflow/example_dags/example_skip_dag.py took 0.121 seconds
[2024-09-05T13:16:03.508+0000] {processor.py:161} INFO - Started process (PID=1172) to work on /home/airflow/.local/lib/python3.8/site-packages/airflow/example_dags/example_skip_dag.py
[2024-09-05T13:16:03.510+0000] {processor.py:830} INFO - Processing file /home/airflow/.local/lib/python3.8/site-packages/airflow/example_dags/example_skip_dag.py for tasks to queue
[2024-09-05T13:16:03.511+0000] {logging_mixin.py:188} INFO - [2024-09-05T13:16:03.511+0000] {dagbag.py:538} INFO - Filling up the DagBag from /home/airflow/.local/lib/python3.8/site-packages/airflow/example_dags/example_skip_dag.py
[2024-09-05T13:16:03.522+0000] {processor.py:840} INFO - DAG(s) 'example_skip_dag' retrieved from /home/airflow/.local/lib/python3.8/site-packages/airflow/example_dags/example_skip_dag.py
[2024-09-05T13:16:03.570+0000] {logging_mixin.py:188} INFO - [2024-09-05T13:16:03.569+0000] {dag.py:3036} INFO - Sync 1 DAGs
[2024-09-05T13:16:03.606+0000] {logging_mixin.py:188} INFO - [2024-09-05T13:16:03.605+0000] {dag.py:3823} INFO - Setting next_dagrun for example_skip_dag to 2024-09-04 00:00:00+00:00, run_after=2024-09-05 00:00:00+00:00
[2024-09-05T13:16:03.637+0000] {processor.py:183} INFO - Processing /home/airflow/.local/lib/python3.8/site-packages/airflow/example_dags/example_skip_dag.py took 0.133 seconds
[2024-09-05T13:16:34.609+0000] {processor.py:161} INFO - Started process (PID=1229) to work on /home/airflow/.local/lib/python3.8/site-packages/airflow/example_dags/example_skip_dag.py
[2024-09-05T13:16:34.609+0000] {processor.py:830} INFO - Processing file /home/airflow/.local/lib/python3.8/site-packages/airflow/example_dags/example_skip_dag.py for tasks to queue
[2024-09-05T13:16:34.611+0000] {logging_mixin.py:188} INFO - [2024-09-05T13:16:34.610+0000] {dagbag.py:538} INFO - Filling up the DagBag from /home/airflow/.local/lib/python3.8/site-packages/airflow/example_dags/example_skip_dag.py
[2024-09-05T13:16:34.621+0000] {processor.py:840} INFO - DAG(s) 'example_skip_dag' retrieved from /home/airflow/.local/lib/python3.8/site-packages/airflow/example_dags/example_skip_dag.py
[2024-09-05T13:16:34.652+0000] {logging_mixin.py:188} INFO - [2024-09-05T13:16:34.652+0000] {dag.py:3036} INFO - Sync 1 DAGs
[2024-09-05T13:16:34.679+0000] {logging_mixin.py:188} INFO - [2024-09-05T13:16:34.679+0000] {dag.py:3823} INFO - Setting next_dagrun for example_skip_dag to 2024-09-04 00:00:00+00:00, run_after=2024-09-05 00:00:00+00:00
[2024-09-05T13:16:34.705+0000] {processor.py:183} INFO - Processing /home/airflow/.local/lib/python3.8/site-packages/airflow/example_dags/example_skip_dag.py took 0.100 seconds
[2024-09-05T13:17:05.324+0000] {processor.py:161} INFO - Started process (PID=1286) to work on /home/airflow/.local/lib/python3.8/site-packages/airflow/example_dags/example_skip_dag.py
[2024-09-05T13:17:05.326+0000] {processor.py:830} INFO - Processing file /home/airflow/.local/lib/python3.8/site-packages/airflow/example_dags/example_skip_dag.py for tasks to queue
[2024-09-05T13:17:05.327+0000] {logging_mixin.py:188} INFO - [2024-09-05T13:17:05.326+0000] {dagbag.py:538} INFO - Filling up the DagBag from /home/airflow/.local/lib/python3.8/site-packages/airflow/example_dags/example_skip_dag.py
[2024-09-05T13:17:05.335+0000] {processor.py:840} INFO - DAG(s) 'example_skip_dag' retrieved from /home/airflow/.local/lib/python3.8/site-packages/airflow/example_dags/example_skip_dag.py
[2024-09-05T13:17:05.359+0000] {logging_mixin.py:188} INFO - [2024-09-05T13:17:05.359+0000] {dag.py:3036} INFO - Sync 1 DAGs
[2024-09-05T13:17:05.385+0000] {logging_mixin.py:188} INFO - [2024-09-05T13:17:05.385+0000] {dag.py:3823} INFO - Setting next_dagrun for example_skip_dag to 2024-09-04 00:00:00+00:00, run_after=2024-09-05 00:00:00+00:00
[2024-09-05T13:17:05.411+0000] {processor.py:183} INFO - Processing /home/airflow/.local/lib/python3.8/site-packages/airflow/example_dags/example_skip_dag.py took 0.090 seconds
[2024-09-05T13:17:35.932+0000] {processor.py:161} INFO - Started process (PID=1349) to work on /home/airflow/.local/lib/python3.8/site-packages/airflow/example_dags/example_skip_dag.py
[2024-09-05T13:17:35.933+0000] {processor.py:830} INFO - Processing file /home/airflow/.local/lib/python3.8/site-packages/airflow/example_dags/example_skip_dag.py for tasks to queue
[2024-09-05T13:17:35.934+0000] {logging_mixin.py:188} INFO - [2024-09-05T13:17:35.933+0000] {dagbag.py:538} INFO - Filling up the DagBag from /home/airflow/.local/lib/python3.8/site-packages/airflow/example_dags/example_skip_dag.py
[2024-09-05T13:17:35.943+0000] {processor.py:840} INFO - DAG(s) 'example_skip_dag' retrieved from /home/airflow/.local/lib/python3.8/site-packages/airflow/example_dags/example_skip_dag.py
[2024-09-05T13:17:35.971+0000] {logging_mixin.py:188} INFO - [2024-09-05T13:17:35.971+0000] {dag.py:3036} INFO - Sync 1 DAGs
[2024-09-05T13:17:36.032+0000] {logging_mixin.py:188} INFO - [2024-09-05T13:17:36.032+0000] {dag.py:3823} INFO - Setting next_dagrun for example_skip_dag to 2024-09-04 00:00:00+00:00, run_after=2024-09-05 00:00:00+00:00
[2024-09-05T13:17:36.061+0000] {processor.py:183} INFO - Processing /home/airflow/.local/lib/python3.8/site-packages/airflow/example_dags/example_skip_dag.py took 0.132 seconds
[2024-09-05T13:18:06.612+0000] {processor.py:161} INFO - Started process (PID=1406) to work on /home/airflow/.local/lib/python3.8/site-packages/airflow/example_dags/example_skip_dag.py
[2024-09-05T13:18:06.613+0000] {processor.py:830} INFO - Processing file /home/airflow/.local/lib/python3.8/site-packages/airflow/example_dags/example_skip_dag.py for tasks to queue
[2024-09-05T13:18:06.615+0000] {logging_mixin.py:188} INFO - [2024-09-05T13:18:06.614+0000] {dagbag.py:538} INFO - Filling up the DagBag from /home/airflow/.local/lib/python3.8/site-packages/airflow/example_dags/example_skip_dag.py
[2024-09-05T13:18:06.624+0000] {processor.py:840} INFO - DAG(s) 'example_skip_dag' retrieved from /home/airflow/.local/lib/python3.8/site-packages/airflow/example_dags/example_skip_dag.py
[2024-09-05T13:18:06.655+0000] {logging_mixin.py:188} INFO - [2024-09-05T13:18:06.655+0000] {dag.py:3036} INFO - Sync 1 DAGs
[2024-09-05T13:18:06.679+0000] {logging_mixin.py:188} INFO - [2024-09-05T13:18:06.679+0000] {dag.py:3823} INFO - Setting next_dagrun for example_skip_dag to 2024-09-04 00:00:00+00:00, run_after=2024-09-05 00:00:00+00:00
[2024-09-05T13:18:06.712+0000] {processor.py:183} INFO - Processing /home/airflow/.local/lib/python3.8/site-packages/airflow/example_dags/example_skip_dag.py took 0.104 seconds
[2024-09-05T13:18:36.848+0000] {processor.py:161} INFO - Started process (PID=1463) to work on /home/airflow/.local/lib/python3.8/site-packages/airflow/example_dags/example_skip_dag.py
[2024-09-05T13:18:36.849+0000] {processor.py:830} INFO - Processing file /home/airflow/.local/lib/python3.8/site-packages/airflow/example_dags/example_skip_dag.py for tasks to queue
[2024-09-05T13:18:36.850+0000] {logging_mixin.py:188} INFO - [2024-09-05T13:18:36.850+0000] {dagbag.py:538} INFO - Filling up the DagBag from /home/airflow/.local/lib/python3.8/site-packages/airflow/example_dags/example_skip_dag.py
[2024-09-05T13:18:36.857+0000] {processor.py:840} INFO - DAG(s) 'example_skip_dag' retrieved from /home/airflow/.local/lib/python3.8/site-packages/airflow/example_dags/example_skip_dag.py
[2024-09-05T13:18:36.878+0000] {logging_mixin.py:188} INFO - [2024-09-05T13:18:36.877+0000] {dag.py:3036} INFO - Sync 1 DAGs
[2024-09-05T13:18:36.899+0000] {logging_mixin.py:188} INFO - [2024-09-05T13:18:36.898+0000] {dag.py:3823} INFO - Setting next_dagrun for example_skip_dag to 2024-09-04 00:00:00+00:00, run_after=2024-09-05 00:00:00+00:00
[2024-09-05T13:18:36.922+0000] {processor.py:183} INFO - Processing /home/airflow/.local/lib/python3.8/site-packages/airflow/example_dags/example_skip_dag.py took 0.076 seconds
[2024-09-05T13:19:11.406+0000] {processor.py:161} INFO - Started process (PID=1520) to work on /home/airflow/.local/lib/python3.8/site-packages/airflow/example_dags/example_skip_dag.py
[2024-09-05T13:19:11.413+0000] {processor.py:830} INFO - Processing file /home/airflow/.local/lib/python3.8/site-packages/airflow/example_dags/example_skip_dag.py for tasks to queue
[2024-09-05T13:19:11.416+0000] {logging_mixin.py:188} INFO - [2024-09-05T13:19:11.415+0000] {dagbag.py:538} INFO - Filling up the DagBag from /home/airflow/.local/lib/python3.8/site-packages/airflow/example_dags/example_skip_dag.py
[2024-09-05T13:19:11.480+0000] {processor.py:840} INFO - DAG(s) 'example_skip_dag' retrieved from /home/airflow/.local/lib/python3.8/site-packages/airflow/example_dags/example_skip_dag.py
[2024-09-05T13:19:11.561+0000] {logging_mixin.py:188} INFO - [2024-09-05T13:19:11.561+0000] {dag.py:3036} INFO - Sync 1 DAGs
[2024-09-05T13:19:11.683+0000] {logging_mixin.py:188} INFO - [2024-09-05T13:19:11.683+0000] {dag.py:3823} INFO - Setting next_dagrun for example_skip_dag to 2024-09-04 00:00:00+00:00, run_after=2024-09-05 00:00:00+00:00
[2024-09-05T13:19:11.767+0000] {processor.py:183} INFO - Processing /home/airflow/.local/lib/python3.8/site-packages/airflow/example_dags/example_skip_dag.py took 0.366 seconds
[2024-09-05T13:19:42.447+0000] {processor.py:161} INFO - Started process (PID=1577) to work on /home/airflow/.local/lib/python3.8/site-packages/airflow/example_dags/example_skip_dag.py
[2024-09-05T13:19:42.448+0000] {processor.py:830} INFO - Processing file /home/airflow/.local/lib/python3.8/site-packages/airflow/example_dags/example_skip_dag.py for tasks to queue
[2024-09-05T13:19:42.449+0000] {logging_mixin.py:188} INFO - [2024-09-05T13:19:42.449+0000] {dagbag.py:538} INFO - Filling up the DagBag from /home/airflow/.local/lib/python3.8/site-packages/airflow/example_dags/example_skip_dag.py
[2024-09-05T13:19:42.456+0000] {processor.py:840} INFO - DAG(s) 'example_skip_dag' retrieved from /home/airflow/.local/lib/python3.8/site-packages/airflow/example_dags/example_skip_dag.py
[2024-09-05T13:19:42.480+0000] {logging_mixin.py:188} INFO - [2024-09-05T13:19:42.479+0000] {dag.py:3036} INFO - Sync 1 DAGs
[2024-09-05T13:19:42.501+0000] {logging_mixin.py:188} INFO - [2024-09-05T13:19:42.500+0000] {dag.py:3823} INFO - Setting next_dagrun for example_skip_dag to 2024-09-04 00:00:00+00:00, run_after=2024-09-05 00:00:00+00:00
[2024-09-05T13:19:42.521+0000] {processor.py:183} INFO - Processing /home/airflow/.local/lib/python3.8/site-packages/airflow/example_dags/example_skip_dag.py took 0.077 seconds
