[2024-09-05T12:26:59.334+0000] {processor.py:161} INFO - Started process (PID=60) to work on /home/airflow/.local/lib/python3.8/site-packages/airflow/example_dags/example_sensors.py
[2024-09-05T12:26:59.335+0000] {processor.py:830} INFO - Processing file /home/airflow/.local/lib/python3.8/site-packages/airflow/example_dags/example_sensors.py for tasks to queue
[2024-09-05T12:26:59.337+0000] {logging_mixin.py:188} INFO - [2024-09-05T12:26:59.336+0000] {dagbag.py:538} INFO - Filling up the DagBag from /home/airflow/.local/lib/python3.8/site-packages/airflow/example_dags/example_sensors.py
[2024-09-05T12:26:59.357+0000] {processor.py:840} INFO - DAG(s) 'example_sensors' retrieved from /home/airflow/.local/lib/python3.8/site-packages/airflow/example_dags/example_sensors.py
[2024-09-05T12:26:59.519+0000] {logging_mixin.py:188} INFO - [2024-09-05T12:26:59.519+0000] {dag.py:3036} INFO - Sync 1 DAGs
[2024-09-05T12:26:59.545+0000] {logging_mixin.py:188} INFO - [2024-09-05T12:26:59.545+0000] {dag.py:3823} INFO - Setting next_dagrun for example_sensors to None, run_after=None
[2024-09-05T12:26:59.579+0000] {processor.py:183} INFO - Processing /home/airflow/.local/lib/python3.8/site-packages/airflow/example_dags/example_sensors.py took 0.251 seconds
[2024-09-05T12:27:29.792+0000] {processor.py:161} INFO - Started process (PID=117) to work on /home/airflow/.local/lib/python3.8/site-packages/airflow/example_dags/example_sensors.py
[2024-09-05T12:27:29.793+0000] {processor.py:830} INFO - Processing file /home/airflow/.local/lib/python3.8/site-packages/airflow/example_dags/example_sensors.py for tasks to queue
[2024-09-05T12:27:29.794+0000] {logging_mixin.py:188} INFO - [2024-09-05T12:27:29.793+0000] {dagbag.py:538} INFO - Filling up the DagBag from /home/airflow/.local/lib/python3.8/site-packages/airflow/example_dags/example_sensors.py
[2024-09-05T12:27:29.803+0000] {processor.py:840} INFO - DAG(s) 'example_sensors' retrieved from /home/airflow/.local/lib/python3.8/site-packages/airflow/example_dags/example_sensors.py
[2024-09-05T12:27:29.818+0000] {logging_mixin.py:188} INFO - [2024-09-05T12:27:29.818+0000] {dag.py:3036} INFO - Sync 1 DAGs
[2024-09-05T12:27:29.834+0000] {logging_mixin.py:188} INFO - [2024-09-05T12:27:29.833+0000] {dag.py:3823} INFO - Setting next_dagrun for example_sensors to None, run_after=None
[2024-09-05T12:27:29.855+0000] {processor.py:183} INFO - Processing /home/airflow/.local/lib/python3.8/site-packages/airflow/example_dags/example_sensors.py took 0.067 seconds
[2024-09-05T12:28:00.440+0000] {processor.py:161} INFO - Started process (PID=174) to work on /home/airflow/.local/lib/python3.8/site-packages/airflow/example_dags/example_sensors.py
[2024-09-05T12:28:00.441+0000] {processor.py:830} INFO - Processing file /home/airflow/.local/lib/python3.8/site-packages/airflow/example_dags/example_sensors.py for tasks to queue
[2024-09-05T12:28:00.442+0000] {logging_mixin.py:188} INFO - [2024-09-05T12:28:00.442+0000] {dagbag.py:538} INFO - Filling up the DagBag from /home/airflow/.local/lib/python3.8/site-packages/airflow/example_dags/example_sensors.py
[2024-09-05T12:28:00.454+0000] {processor.py:840} INFO - DAG(s) 'example_sensors' retrieved from /home/airflow/.local/lib/python3.8/site-packages/airflow/example_dags/example_sensors.py
[2024-09-05T12:28:00.591+0000] {logging_mixin.py:188} INFO - [2024-09-05T12:28:00.591+0000] {dag.py:3036} INFO - Sync 1 DAGs
[2024-09-05T12:28:00.606+0000] {logging_mixin.py:188} INFO - [2024-09-05T12:28:00.606+0000] {dag.py:3823} INFO - Setting next_dagrun for example_sensors to None, run_after=None
[2024-09-05T12:28:00.633+0000] {processor.py:183} INFO - Processing /home/airflow/.local/lib/python3.8/site-packages/airflow/example_dags/example_sensors.py took 0.197 seconds
[2024-09-05T12:28:31.629+0000] {processor.py:161} INFO - Started process (PID=231) to work on /home/airflow/.local/lib/python3.8/site-packages/airflow/example_dags/example_sensors.py
[2024-09-05T12:28:31.630+0000] {processor.py:830} INFO - Processing file /home/airflow/.local/lib/python3.8/site-packages/airflow/example_dags/example_sensors.py for tasks to queue
[2024-09-05T12:28:31.631+0000] {logging_mixin.py:188} INFO - [2024-09-05T12:28:31.630+0000] {dagbag.py:538} INFO - Filling up the DagBag from /home/airflow/.local/lib/python3.8/site-packages/airflow/example_dags/example_sensors.py
[2024-09-05T12:28:31.643+0000] {processor.py:840} INFO - DAG(s) 'example_sensors' retrieved from /home/airflow/.local/lib/python3.8/site-packages/airflow/example_dags/example_sensors.py
[2024-09-05T12:28:31.680+0000] {logging_mixin.py:188} INFO - [2024-09-05T12:28:31.680+0000] {dag.py:3036} INFO - Sync 1 DAGs
[2024-09-05T12:28:31.702+0000] {logging_mixin.py:188} INFO - [2024-09-05T12:28:31.701+0000] {dag.py:3823} INFO - Setting next_dagrun for example_sensors to None, run_after=None
[2024-09-05T12:28:31.734+0000] {processor.py:183} INFO - Processing /home/airflow/.local/lib/python3.8/site-packages/airflow/example_dags/example_sensors.py took 0.109 seconds
[2024-09-05T12:29:02.172+0000] {processor.py:161} INFO - Started process (PID=288) to work on /home/airflow/.local/lib/python3.8/site-packages/airflow/example_dags/example_sensors.py
[2024-09-05T12:29:02.173+0000] {processor.py:830} INFO - Processing file /home/airflow/.local/lib/python3.8/site-packages/airflow/example_dags/example_sensors.py for tasks to queue
[2024-09-05T12:29:02.176+0000] {logging_mixin.py:188} INFO - [2024-09-05T12:29:02.174+0000] {dagbag.py:538} INFO - Filling up the DagBag from /home/airflow/.local/lib/python3.8/site-packages/airflow/example_dags/example_sensors.py
[2024-09-05T12:29:02.187+0000] {processor.py:840} INFO - DAG(s) 'example_sensors' retrieved from /home/airflow/.local/lib/python3.8/site-packages/airflow/example_dags/example_sensors.py
[2024-09-05T12:29:02.221+0000] {logging_mixin.py:188} INFO - [2024-09-05T12:29:02.221+0000] {dag.py:3036} INFO - Sync 1 DAGs
[2024-09-05T12:29:02.239+0000] {logging_mixin.py:188} INFO - [2024-09-05T12:29:02.239+0000] {dag.py:3823} INFO - Setting next_dagrun for example_sensors to None, run_after=None
[2024-09-05T12:29:02.262+0000] {processor.py:183} INFO - Processing /home/airflow/.local/lib/python3.8/site-packages/airflow/example_dags/example_sensors.py took 0.094 seconds
[2024-09-05T12:29:32.601+0000] {processor.py:161} INFO - Started process (PID=345) to work on /home/airflow/.local/lib/python3.8/site-packages/airflow/example_dags/example_sensors.py
[2024-09-05T12:29:32.602+0000] {processor.py:830} INFO - Processing file /home/airflow/.local/lib/python3.8/site-packages/airflow/example_dags/example_sensors.py for tasks to queue
[2024-09-05T12:29:32.603+0000] {logging_mixin.py:188} INFO - [2024-09-05T12:29:32.602+0000] {dagbag.py:538} INFO - Filling up the DagBag from /home/airflow/.local/lib/python3.8/site-packages/airflow/example_dags/example_sensors.py
[2024-09-05T12:29:32.613+0000] {processor.py:840} INFO - DAG(s) 'example_sensors' retrieved from /home/airflow/.local/lib/python3.8/site-packages/airflow/example_dags/example_sensors.py
[2024-09-05T12:29:32.644+0000] {logging_mixin.py:188} INFO - [2024-09-05T12:29:32.644+0000] {dag.py:3036} INFO - Sync 1 DAGs
[2024-09-05T12:29:32.661+0000] {logging_mixin.py:188} INFO - [2024-09-05T12:29:32.661+0000] {dag.py:3823} INFO - Setting next_dagrun for example_sensors to None, run_after=None
[2024-09-05T12:29:32.685+0000] {processor.py:183} INFO - Processing /home/airflow/.local/lib/python3.8/site-packages/airflow/example_dags/example_sensors.py took 0.088 seconds
[2024-09-05T12:30:03.003+0000] {processor.py:161} INFO - Started process (PID=402) to work on /home/airflow/.local/lib/python3.8/site-packages/airflow/example_dags/example_sensors.py
[2024-09-05T12:30:03.004+0000] {processor.py:830} INFO - Processing file /home/airflow/.local/lib/python3.8/site-packages/airflow/example_dags/example_sensors.py for tasks to queue
[2024-09-05T12:30:03.005+0000] {logging_mixin.py:188} INFO - [2024-09-05T12:30:03.005+0000] {dagbag.py:538} INFO - Filling up the DagBag from /home/airflow/.local/lib/python3.8/site-packages/airflow/example_dags/example_sensors.py
[2024-09-05T12:30:03.014+0000] {processor.py:840} INFO - DAG(s) 'example_sensors' retrieved from /home/airflow/.local/lib/python3.8/site-packages/airflow/example_dags/example_sensors.py
[2024-09-05T12:30:03.041+0000] {logging_mixin.py:188} INFO - [2024-09-05T12:30:03.041+0000] {dag.py:3036} INFO - Sync 1 DAGs
[2024-09-05T12:30:03.055+0000] {logging_mixin.py:188} INFO - [2024-09-05T12:30:03.054+0000] {dag.py:3823} INFO - Setting next_dagrun for example_sensors to None, run_after=None
[2024-09-05T12:30:03.074+0000] {processor.py:183} INFO - Processing /home/airflow/.local/lib/python3.8/site-packages/airflow/example_dags/example_sensors.py took 0.073 seconds
[2024-09-05T12:30:33.146+0000] {processor.py:161} INFO - Started process (PID=459) to work on /home/airflow/.local/lib/python3.8/site-packages/airflow/example_dags/example_sensors.py
[2024-09-05T12:30:33.147+0000] {processor.py:830} INFO - Processing file /home/airflow/.local/lib/python3.8/site-packages/airflow/example_dags/example_sensors.py for tasks to queue
[2024-09-05T12:30:33.148+0000] {logging_mixin.py:188} INFO - [2024-09-05T12:30:33.148+0000] {dagbag.py:538} INFO - Filling up the DagBag from /home/airflow/.local/lib/python3.8/site-packages/airflow/example_dags/example_sensors.py
[2024-09-05T12:30:33.160+0000] {processor.py:840} INFO - DAG(s) 'example_sensors' retrieved from /home/airflow/.local/lib/python3.8/site-packages/airflow/example_dags/example_sensors.py
[2024-09-05T12:30:33.189+0000] {logging_mixin.py:188} INFO - [2024-09-05T12:30:33.189+0000] {dag.py:3036} INFO - Sync 1 DAGs
[2024-09-05T12:30:33.204+0000] {logging_mixin.py:188} INFO - [2024-09-05T12:30:33.204+0000] {dag.py:3823} INFO - Setting next_dagrun for example_sensors to None, run_after=None
[2024-09-05T12:30:33.228+0000] {processor.py:183} INFO - Processing /home/airflow/.local/lib/python3.8/site-packages/airflow/example_dags/example_sensors.py took 0.087 seconds
[2024-09-05T12:31:03.266+0000] {processor.py:161} INFO - Started process (PID=515) to work on /home/airflow/.local/lib/python3.8/site-packages/airflow/example_dags/example_sensors.py
[2024-09-05T12:31:03.267+0000] {processor.py:830} INFO - Processing file /home/airflow/.local/lib/python3.8/site-packages/airflow/example_dags/example_sensors.py for tasks to queue
[2024-09-05T12:31:03.268+0000] {logging_mixin.py:188} INFO - [2024-09-05T12:31:03.267+0000] {dagbag.py:538} INFO - Filling up the DagBag from /home/airflow/.local/lib/python3.8/site-packages/airflow/example_dags/example_sensors.py
[2024-09-05T12:31:03.278+0000] {processor.py:840} INFO - DAG(s) 'example_sensors' retrieved from /home/airflow/.local/lib/python3.8/site-packages/airflow/example_dags/example_sensors.py
[2024-09-05T12:31:03.305+0000] {logging_mixin.py:188} INFO - [2024-09-05T12:31:03.305+0000] {dag.py:3036} INFO - Sync 1 DAGs
[2024-09-05T12:31:03.319+0000] {logging_mixin.py:188} INFO - [2024-09-05T12:31:03.318+0000] {dag.py:3823} INFO - Setting next_dagrun for example_sensors to None, run_after=None
[2024-09-05T12:31:03.339+0000] {processor.py:183} INFO - Processing /home/airflow/.local/lib/python3.8/site-packages/airflow/example_dags/example_sensors.py took 0.077 seconds
[2024-09-05T12:45:18.698+0000] {processor.py:161} INFO - Started process (PID=60) to work on /home/airflow/.local/lib/python3.8/site-packages/airflow/example_dags/example_sensors.py
[2024-09-05T12:45:18.702+0000] {processor.py:830} INFO - Processing file /home/airflow/.local/lib/python3.8/site-packages/airflow/example_dags/example_sensors.py for tasks to queue
[2024-09-05T12:45:18.704+0000] {logging_mixin.py:188} INFO - [2024-09-05T12:45:18.703+0000] {dagbag.py:538} INFO - Filling up the DagBag from /home/airflow/.local/lib/python3.8/site-packages/airflow/example_dags/example_sensors.py
[2024-09-05T12:45:18.740+0000] {processor.py:840} INFO - DAG(s) 'example_sensors' retrieved from /home/airflow/.local/lib/python3.8/site-packages/airflow/example_dags/example_sensors.py
[2024-09-05T12:45:19.012+0000] {logging_mixin.py:188} INFO - [2024-09-05T12:45:19.012+0000] {dag.py:3036} INFO - Sync 1 DAGs
[2024-09-05T12:45:19.032+0000] {logging_mixin.py:188} INFO - [2024-09-05T12:45:19.032+0000] {dag.py:3823} INFO - Setting next_dagrun for example_sensors to None, run_after=None
[2024-09-05T12:45:19.069+0000] {processor.py:183} INFO - Processing /home/airflow/.local/lib/python3.8/site-packages/airflow/example_dags/example_sensors.py took 0.382 seconds
[2024-09-05T12:45:49.828+0000] {processor.py:161} INFO - Started process (PID=117) to work on /home/airflow/.local/lib/python3.8/site-packages/airflow/example_dags/example_sensors.py
[2024-09-05T12:45:49.829+0000] {processor.py:830} INFO - Processing file /home/airflow/.local/lib/python3.8/site-packages/airflow/example_dags/example_sensors.py for tasks to queue
[2024-09-05T12:45:49.830+0000] {logging_mixin.py:188} INFO - [2024-09-05T12:45:49.829+0000] {dagbag.py:538} INFO - Filling up the DagBag from /home/airflow/.local/lib/python3.8/site-packages/airflow/example_dags/example_sensors.py
[2024-09-05T12:45:49.842+0000] {processor.py:840} INFO - DAG(s) 'example_sensors' retrieved from /home/airflow/.local/lib/python3.8/site-packages/airflow/example_dags/example_sensors.py
[2024-09-05T12:45:49.876+0000] {logging_mixin.py:188} INFO - [2024-09-05T12:45:49.876+0000] {dag.py:3036} INFO - Sync 1 DAGs
[2024-09-05T12:45:49.891+0000] {logging_mixin.py:188} INFO - [2024-09-05T12:45:49.891+0000] {dag.py:3823} INFO - Setting next_dagrun for example_sensors to None, run_after=None
[2024-09-05T12:45:49.915+0000] {processor.py:183} INFO - Processing /home/airflow/.local/lib/python3.8/site-packages/airflow/example_dags/example_sensors.py took 0.090 seconds
[2024-09-05T12:46:20.782+0000] {processor.py:161} INFO - Started process (PID=174) to work on /home/airflow/.local/lib/python3.8/site-packages/airflow/example_dags/example_sensors.py
[2024-09-05T12:46:20.783+0000] {processor.py:830} INFO - Processing file /home/airflow/.local/lib/python3.8/site-packages/airflow/example_dags/example_sensors.py for tasks to queue
[2024-09-05T12:46:20.784+0000] {logging_mixin.py:188} INFO - [2024-09-05T12:46:20.784+0000] {dagbag.py:538} INFO - Filling up the DagBag from /home/airflow/.local/lib/python3.8/site-packages/airflow/example_dags/example_sensors.py
[2024-09-05T12:46:20.798+0000] {processor.py:840} INFO - DAG(s) 'example_sensors' retrieved from /home/airflow/.local/lib/python3.8/site-packages/airflow/example_dags/example_sensors.py
[2024-09-05T12:46:20.847+0000] {logging_mixin.py:188} INFO - [2024-09-05T12:46:20.847+0000] {dag.py:3036} INFO - Sync 1 DAGs
[2024-09-05T12:46:20.867+0000] {logging_mixin.py:188} INFO - [2024-09-05T12:46:20.866+0000] {dag.py:3823} INFO - Setting next_dagrun for example_sensors to None, run_after=None
[2024-09-05T12:46:20.899+0000] {processor.py:183} INFO - Processing /home/airflow/.local/lib/python3.8/site-packages/airflow/example_dags/example_sensors.py took 0.121 seconds
[2024-09-05T12:46:50.959+0000] {processor.py:161} INFO - Started process (PID=231) to work on /home/airflow/.local/lib/python3.8/site-packages/airflow/example_dags/example_sensors.py
[2024-09-05T12:46:50.960+0000] {processor.py:830} INFO - Processing file /home/airflow/.local/lib/python3.8/site-packages/airflow/example_dags/example_sensors.py for tasks to queue
[2024-09-05T12:46:50.963+0000] {logging_mixin.py:188} INFO - [2024-09-05T12:46:50.962+0000] {dagbag.py:538} INFO - Filling up the DagBag from /home/airflow/.local/lib/python3.8/site-packages/airflow/example_dags/example_sensors.py
[2024-09-05T12:46:50.980+0000] {processor.py:840} INFO - DAG(s) 'example_sensors' retrieved from /home/airflow/.local/lib/python3.8/site-packages/airflow/example_dags/example_sensors.py
[2024-09-05T12:46:51.030+0000] {logging_mixin.py:188} INFO - [2024-09-05T12:46:51.027+0000] {dag.py:3036} INFO - Sync 1 DAGs
[2024-09-05T12:46:51.057+0000] {logging_mixin.py:188} INFO - [2024-09-05T12:46:51.056+0000] {dag.py:3823} INFO - Setting next_dagrun for example_sensors to None, run_after=None
[2024-09-05T12:46:51.098+0000] {processor.py:183} INFO - Processing /home/airflow/.local/lib/python3.8/site-packages/airflow/example_dags/example_sensors.py took 0.144 seconds
[2024-09-05T12:47:21.711+0000] {processor.py:161} INFO - Started process (PID=288) to work on /home/airflow/.local/lib/python3.8/site-packages/airflow/example_dags/example_sensors.py
[2024-09-05T12:47:21.712+0000] {processor.py:830} INFO - Processing file /home/airflow/.local/lib/python3.8/site-packages/airflow/example_dags/example_sensors.py for tasks to queue
[2024-09-05T12:47:21.713+0000] {logging_mixin.py:188} INFO - [2024-09-05T12:47:21.713+0000] {dagbag.py:538} INFO - Filling up the DagBag from /home/airflow/.local/lib/python3.8/site-packages/airflow/example_dags/example_sensors.py
[2024-09-05T12:47:21.723+0000] {processor.py:840} INFO - DAG(s) 'example_sensors' retrieved from /home/airflow/.local/lib/python3.8/site-packages/airflow/example_dags/example_sensors.py
[2024-09-05T12:47:21.749+0000] {logging_mixin.py:188} INFO - [2024-09-05T12:47:21.748+0000] {dag.py:3036} INFO - Sync 1 DAGs
[2024-09-05T12:47:21.763+0000] {logging_mixin.py:188} INFO - [2024-09-05T12:47:21.763+0000] {dag.py:3823} INFO - Setting next_dagrun for example_sensors to None, run_after=None
[2024-09-05T12:47:21.789+0000] {processor.py:183} INFO - Processing /home/airflow/.local/lib/python3.8/site-packages/airflow/example_dags/example_sensors.py took 0.081 seconds
[2024-09-05T12:47:51.833+0000] {processor.py:161} INFO - Started process (PID=346) to work on /home/airflow/.local/lib/python3.8/site-packages/airflow/example_dags/example_sensors.py
[2024-09-05T12:47:51.834+0000] {processor.py:830} INFO - Processing file /home/airflow/.local/lib/python3.8/site-packages/airflow/example_dags/example_sensors.py for tasks to queue
[2024-09-05T12:47:51.835+0000] {logging_mixin.py:188} INFO - [2024-09-05T12:47:51.835+0000] {dagbag.py:538} INFO - Filling up the DagBag from /home/airflow/.local/lib/python3.8/site-packages/airflow/example_dags/example_sensors.py
[2024-09-05T12:47:51.844+0000] {processor.py:840} INFO - DAG(s) 'example_sensors' retrieved from /home/airflow/.local/lib/python3.8/site-packages/airflow/example_dags/example_sensors.py
[2024-09-05T12:47:51.869+0000] {logging_mixin.py:188} INFO - [2024-09-05T12:47:51.868+0000] {dag.py:3036} INFO - Sync 1 DAGs
[2024-09-05T12:47:51.884+0000] {logging_mixin.py:188} INFO - [2024-09-05T12:47:51.884+0000] {dag.py:3823} INFO - Setting next_dagrun for example_sensors to None, run_after=None
[2024-09-05T12:47:51.912+0000] {processor.py:183} INFO - Processing /home/airflow/.local/lib/python3.8/site-packages/airflow/example_dags/example_sensors.py took 0.082 seconds
[2024-09-05T12:48:22.052+0000] {processor.py:161} INFO - Started process (PID=403) to work on /home/airflow/.local/lib/python3.8/site-packages/airflow/example_dags/example_sensors.py
[2024-09-05T12:48:22.053+0000] {processor.py:830} INFO - Processing file /home/airflow/.local/lib/python3.8/site-packages/airflow/example_dags/example_sensors.py for tasks to queue
[2024-09-05T12:48:22.054+0000] {logging_mixin.py:188} INFO - [2024-09-05T12:48:22.054+0000] {dagbag.py:538} INFO - Filling up the DagBag from /home/airflow/.local/lib/python3.8/site-packages/airflow/example_dags/example_sensors.py
[2024-09-05T12:48:22.064+0000] {processor.py:840} INFO - DAG(s) 'example_sensors' retrieved from /home/airflow/.local/lib/python3.8/site-packages/airflow/example_dags/example_sensors.py
[2024-09-05T12:48:22.090+0000] {logging_mixin.py:188} INFO - [2024-09-05T12:48:22.090+0000] {dag.py:3036} INFO - Sync 1 DAGs
[2024-09-05T12:48:22.103+0000] {logging_mixin.py:188} INFO - [2024-09-05T12:48:22.102+0000] {dag.py:3823} INFO - Setting next_dagrun for example_sensors to None, run_after=None
[2024-09-05T12:48:22.126+0000] {processor.py:183} INFO - Processing /home/airflow/.local/lib/python3.8/site-packages/airflow/example_dags/example_sensors.py took 0.077 seconds
[2024-09-05T12:48:52.167+0000] {processor.py:161} INFO - Started process (PID=459) to work on /home/airflow/.local/lib/python3.8/site-packages/airflow/example_dags/example_sensors.py
[2024-09-05T12:48:52.170+0000] {processor.py:830} INFO - Processing file /home/airflow/.local/lib/python3.8/site-packages/airflow/example_dags/example_sensors.py for tasks to queue
[2024-09-05T12:48:52.171+0000] {logging_mixin.py:188} INFO - [2024-09-05T12:48:52.171+0000] {dagbag.py:538} INFO - Filling up the DagBag from /home/airflow/.local/lib/python3.8/site-packages/airflow/example_dags/example_sensors.py
[2024-09-05T12:48:52.181+0000] {processor.py:840} INFO - DAG(s) 'example_sensors' retrieved from /home/airflow/.local/lib/python3.8/site-packages/airflow/example_dags/example_sensors.py
[2024-09-05T12:48:52.210+0000] {logging_mixin.py:188} INFO - [2024-09-05T12:48:52.210+0000] {dag.py:3036} INFO - Sync 1 DAGs
[2024-09-05T12:48:52.225+0000] {logging_mixin.py:188} INFO - [2024-09-05T12:48:52.225+0000] {dag.py:3823} INFO - Setting next_dagrun for example_sensors to None, run_after=None
[2024-09-05T12:48:52.245+0000] {processor.py:183} INFO - Processing /home/airflow/.local/lib/python3.8/site-packages/airflow/example_dags/example_sensors.py took 0.082 seconds
[2024-09-05T12:49:22.392+0000] {processor.py:161} INFO - Started process (PID=516) to work on /home/airflow/.local/lib/python3.8/site-packages/airflow/example_dags/example_sensors.py
[2024-09-05T12:49:22.393+0000] {processor.py:830} INFO - Processing file /home/airflow/.local/lib/python3.8/site-packages/airflow/example_dags/example_sensors.py for tasks to queue
[2024-09-05T12:49:22.394+0000] {logging_mixin.py:188} INFO - [2024-09-05T12:49:22.394+0000] {dagbag.py:538} INFO - Filling up the DagBag from /home/airflow/.local/lib/python3.8/site-packages/airflow/example_dags/example_sensors.py
[2024-09-05T12:49:22.407+0000] {processor.py:840} INFO - DAG(s) 'example_sensors' retrieved from /home/airflow/.local/lib/python3.8/site-packages/airflow/example_dags/example_sensors.py
[2024-09-05T12:49:22.432+0000] {logging_mixin.py:188} INFO - [2024-09-05T12:49:22.432+0000] {dag.py:3036} INFO - Sync 1 DAGs
[2024-09-05T12:49:22.446+0000] {logging_mixin.py:188} INFO - [2024-09-05T12:49:22.446+0000] {dag.py:3823} INFO - Setting next_dagrun for example_sensors to None, run_after=None
[2024-09-05T12:49:22.467+0000] {processor.py:183} INFO - Processing /home/airflow/.local/lib/python3.8/site-packages/airflow/example_dags/example_sensors.py took 0.079 seconds
[2024-09-05T12:49:52.652+0000] {processor.py:161} INFO - Started process (PID=573) to work on /home/airflow/.local/lib/python3.8/site-packages/airflow/example_dags/example_sensors.py
[2024-09-05T12:49:52.652+0000] {processor.py:830} INFO - Processing file /home/airflow/.local/lib/python3.8/site-packages/airflow/example_dags/example_sensors.py for tasks to queue
[2024-09-05T12:49:52.653+0000] {logging_mixin.py:188} INFO - [2024-09-05T12:49:52.653+0000] {dagbag.py:538} INFO - Filling up the DagBag from /home/airflow/.local/lib/python3.8/site-packages/airflow/example_dags/example_sensors.py
[2024-09-05T12:49:52.664+0000] {processor.py:840} INFO - DAG(s) 'example_sensors' retrieved from /home/airflow/.local/lib/python3.8/site-packages/airflow/example_dags/example_sensors.py
[2024-09-05T12:49:52.689+0000] {logging_mixin.py:188} INFO - [2024-09-05T12:49:52.689+0000] {dag.py:3036} INFO - Sync 1 DAGs
[2024-09-05T12:49:52.707+0000] {logging_mixin.py:188} INFO - [2024-09-05T12:49:52.707+0000] {dag.py:3823} INFO - Setting next_dagrun for example_sensors to None, run_after=None
[2024-09-05T12:49:52.733+0000] {processor.py:183} INFO - Processing /home/airflow/.local/lib/python3.8/site-packages/airflow/example_dags/example_sensors.py took 0.084 seconds
[2024-09-05T12:50:23.022+0000] {processor.py:161} INFO - Started process (PID=630) to work on /home/airflow/.local/lib/python3.8/site-packages/airflow/example_dags/example_sensors.py
[2024-09-05T12:50:23.022+0000] {processor.py:830} INFO - Processing file /home/airflow/.local/lib/python3.8/site-packages/airflow/example_dags/example_sensors.py for tasks to queue
[2024-09-05T12:50:23.024+0000] {logging_mixin.py:188} INFO - [2024-09-05T12:50:23.024+0000] {dagbag.py:538} INFO - Filling up the DagBag from /home/airflow/.local/lib/python3.8/site-packages/airflow/example_dags/example_sensors.py
[2024-09-05T12:50:23.038+0000] {processor.py:840} INFO - DAG(s) 'example_sensors' retrieved from /home/airflow/.local/lib/python3.8/site-packages/airflow/example_dags/example_sensors.py
[2024-09-05T12:50:23.073+0000] {logging_mixin.py:188} INFO - [2024-09-05T12:50:23.073+0000] {dag.py:3036} INFO - Sync 1 DAGs
[2024-09-05T12:50:23.092+0000] {logging_mixin.py:188} INFO - [2024-09-05T12:50:23.092+0000] {dag.py:3823} INFO - Setting next_dagrun for example_sensors to None, run_after=None
[2024-09-05T12:50:23.122+0000] {processor.py:183} INFO - Processing /home/airflow/.local/lib/python3.8/site-packages/airflow/example_dags/example_sensors.py took 0.105 seconds
[2024-09-05T12:50:53.228+0000] {processor.py:161} INFO - Started process (PID=688) to work on /home/airflow/.local/lib/python3.8/site-packages/airflow/example_dags/example_sensors.py
[2024-09-05T12:50:53.229+0000] {processor.py:830} INFO - Processing file /home/airflow/.local/lib/python3.8/site-packages/airflow/example_dags/example_sensors.py for tasks to queue
[2024-09-05T12:50:53.230+0000] {logging_mixin.py:188} INFO - [2024-09-05T12:50:53.229+0000] {dagbag.py:538} INFO - Filling up the DagBag from /home/airflow/.local/lib/python3.8/site-packages/airflow/example_dags/example_sensors.py
[2024-09-05T12:50:53.240+0000] {processor.py:840} INFO - DAG(s) 'example_sensors' retrieved from /home/airflow/.local/lib/python3.8/site-packages/airflow/example_dags/example_sensors.py
[2024-09-05T12:50:53.268+0000] {logging_mixin.py:188} INFO - [2024-09-05T12:50:53.268+0000] {dag.py:3036} INFO - Sync 1 DAGs
[2024-09-05T12:50:53.282+0000] {logging_mixin.py:188} INFO - [2024-09-05T12:50:53.282+0000] {dag.py:3823} INFO - Setting next_dagrun for example_sensors to None, run_after=None
[2024-09-05T12:50:53.305+0000] {processor.py:183} INFO - Processing /home/airflow/.local/lib/python3.8/site-packages/airflow/example_dags/example_sensors.py took 0.080 seconds
[2024-09-05T12:51:23.709+0000] {processor.py:161} INFO - Started process (PID=745) to work on /home/airflow/.local/lib/python3.8/site-packages/airflow/example_dags/example_sensors.py
[2024-09-05T12:51:23.709+0000] {processor.py:830} INFO - Processing file /home/airflow/.local/lib/python3.8/site-packages/airflow/example_dags/example_sensors.py for tasks to queue
[2024-09-05T12:51:23.711+0000] {logging_mixin.py:188} INFO - [2024-09-05T12:51:23.711+0000] {dagbag.py:538} INFO - Filling up the DagBag from /home/airflow/.local/lib/python3.8/site-packages/airflow/example_dags/example_sensors.py
[2024-09-05T12:51:23.723+0000] {processor.py:840} INFO - DAG(s) 'example_sensors' retrieved from /home/airflow/.local/lib/python3.8/site-packages/airflow/example_dags/example_sensors.py
[2024-09-05T12:51:23.754+0000] {logging_mixin.py:188} INFO - [2024-09-05T12:51:23.754+0000] {dag.py:3036} INFO - Sync 1 DAGs
[2024-09-05T12:51:23.771+0000] {logging_mixin.py:188} INFO - [2024-09-05T12:51:23.770+0000] {dag.py:3823} INFO - Setting next_dagrun for example_sensors to None, run_after=None
[2024-09-05T12:51:23.798+0000] {processor.py:183} INFO - Processing /home/airflow/.local/lib/python3.8/site-packages/airflow/example_dags/example_sensors.py took 0.092 seconds
[2024-09-05T12:51:54.021+0000] {processor.py:161} INFO - Started process (PID=802) to work on /home/airflow/.local/lib/python3.8/site-packages/airflow/example_dags/example_sensors.py
[2024-09-05T12:51:54.021+0000] {processor.py:830} INFO - Processing file /home/airflow/.local/lib/python3.8/site-packages/airflow/example_dags/example_sensors.py for tasks to queue
[2024-09-05T12:51:54.023+0000] {logging_mixin.py:188} INFO - [2024-09-05T12:51:54.022+0000] {dagbag.py:538} INFO - Filling up the DagBag from /home/airflow/.local/lib/python3.8/site-packages/airflow/example_dags/example_sensors.py
[2024-09-05T12:51:54.032+0000] {processor.py:840} INFO - DAG(s) 'example_sensors' retrieved from /home/airflow/.local/lib/python3.8/site-packages/airflow/example_dags/example_sensors.py
[2024-09-05T12:51:54.059+0000] {logging_mixin.py:188} INFO - [2024-09-05T12:51:54.059+0000] {dag.py:3036} INFO - Sync 1 DAGs
[2024-09-05T12:51:54.073+0000] {logging_mixin.py:188} INFO - [2024-09-05T12:51:54.073+0000] {dag.py:3823} INFO - Setting next_dagrun for example_sensors to None, run_after=None
[2024-09-05T12:51:54.093+0000] {processor.py:183} INFO - Processing /home/airflow/.local/lib/python3.8/site-packages/airflow/example_dags/example_sensors.py took 0.076 seconds
[2024-09-05T12:52:24.556+0000] {processor.py:161} INFO - Started process (PID=859) to work on /home/airflow/.local/lib/python3.8/site-packages/airflow/example_dags/example_sensors.py
[2024-09-05T12:52:24.557+0000] {processor.py:830} INFO - Processing file /home/airflow/.local/lib/python3.8/site-packages/airflow/example_dags/example_sensors.py for tasks to queue
[2024-09-05T12:52:24.558+0000] {logging_mixin.py:188} INFO - [2024-09-05T12:52:24.558+0000] {dagbag.py:538} INFO - Filling up the DagBag from /home/airflow/.local/lib/python3.8/site-packages/airflow/example_dags/example_sensors.py
[2024-09-05T12:52:24.567+0000] {processor.py:840} INFO - DAG(s) 'example_sensors' retrieved from /home/airflow/.local/lib/python3.8/site-packages/airflow/example_dags/example_sensors.py
[2024-09-05T12:52:24.593+0000] {logging_mixin.py:188} INFO - [2024-09-05T12:52:24.593+0000] {dag.py:3036} INFO - Sync 1 DAGs
[2024-09-05T12:52:24.609+0000] {logging_mixin.py:188} INFO - [2024-09-05T12:52:24.609+0000] {dag.py:3823} INFO - Setting next_dagrun for example_sensors to None, run_after=None
[2024-09-05T12:52:24.659+0000] {processor.py:183} INFO - Processing /home/airflow/.local/lib/python3.8/site-packages/airflow/example_dags/example_sensors.py took 0.106 seconds
[2024-09-05T12:52:55.478+0000] {processor.py:161} INFO - Started process (PID=915) to work on /home/airflow/.local/lib/python3.8/site-packages/airflow/example_dags/example_sensors.py
[2024-09-05T12:52:55.479+0000] {processor.py:830} INFO - Processing file /home/airflow/.local/lib/python3.8/site-packages/airflow/example_dags/example_sensors.py for tasks to queue
[2024-09-05T12:52:55.480+0000] {logging_mixin.py:188} INFO - [2024-09-05T12:52:55.480+0000] {dagbag.py:538} INFO - Filling up the DagBag from /home/airflow/.local/lib/python3.8/site-packages/airflow/example_dags/example_sensors.py
[2024-09-05T12:52:55.489+0000] {processor.py:840} INFO - DAG(s) 'example_sensors' retrieved from /home/airflow/.local/lib/python3.8/site-packages/airflow/example_dags/example_sensors.py
[2024-09-05T12:52:55.516+0000] {logging_mixin.py:188} INFO - [2024-09-05T12:52:55.515+0000] {dag.py:3036} INFO - Sync 1 DAGs
[2024-09-05T12:52:55.529+0000] {logging_mixin.py:188} INFO - [2024-09-05T12:52:55.528+0000] {dag.py:3823} INFO - Setting next_dagrun for example_sensors to None, run_after=None
[2024-09-05T12:52:55.550+0000] {processor.py:183} INFO - Processing /home/airflow/.local/lib/python3.8/site-packages/airflow/example_dags/example_sensors.py took 0.075 seconds
[2024-09-05T12:53:25.877+0000] {processor.py:161} INFO - Started process (PID=972) to work on /home/airflow/.local/lib/python3.8/site-packages/airflow/example_dags/example_sensors.py
[2024-09-05T12:53:25.878+0000] {processor.py:830} INFO - Processing file /home/airflow/.local/lib/python3.8/site-packages/airflow/example_dags/example_sensors.py for tasks to queue
[2024-09-05T12:53:25.879+0000] {logging_mixin.py:188} INFO - [2024-09-05T12:53:25.879+0000] {dagbag.py:538} INFO - Filling up the DagBag from /home/airflow/.local/lib/python3.8/site-packages/airflow/example_dags/example_sensors.py
[2024-09-05T12:53:25.890+0000] {processor.py:840} INFO - DAG(s) 'example_sensors' retrieved from /home/airflow/.local/lib/python3.8/site-packages/airflow/example_dags/example_sensors.py
[2024-09-05T12:53:25.921+0000] {logging_mixin.py:188} INFO - [2024-09-05T12:53:25.921+0000] {dag.py:3036} INFO - Sync 1 DAGs
[2024-09-05T12:53:25.937+0000] {logging_mixin.py:188} INFO - [2024-09-05T12:53:25.937+0000] {dag.py:3823} INFO - Setting next_dagrun for example_sensors to None, run_after=None
[2024-09-05T12:53:25.960+0000] {processor.py:183} INFO - Processing /home/airflow/.local/lib/python3.8/site-packages/airflow/example_dags/example_sensors.py took 0.086 seconds
[2024-09-05T12:53:56.061+0000] {processor.py:161} INFO - Started process (PID=1029) to work on /home/airflow/.local/lib/python3.8/site-packages/airflow/example_dags/example_sensors.py
[2024-09-05T12:53:56.062+0000] {processor.py:830} INFO - Processing file /home/airflow/.local/lib/python3.8/site-packages/airflow/example_dags/example_sensors.py for tasks to queue
[2024-09-05T12:53:56.063+0000] {logging_mixin.py:188} INFO - [2024-09-05T12:53:56.063+0000] {dagbag.py:538} INFO - Filling up the DagBag from /home/airflow/.local/lib/python3.8/site-packages/airflow/example_dags/example_sensors.py
[2024-09-05T12:53:56.073+0000] {processor.py:840} INFO - DAG(s) 'example_sensors' retrieved from /home/airflow/.local/lib/python3.8/site-packages/airflow/example_dags/example_sensors.py
[2024-09-05T12:53:56.098+0000] {logging_mixin.py:188} INFO - [2024-09-05T12:53:56.098+0000] {dag.py:3036} INFO - Sync 1 DAGs
[2024-09-05T12:53:56.111+0000] {logging_mixin.py:188} INFO - [2024-09-05T12:53:56.111+0000] {dag.py:3823} INFO - Setting next_dagrun for example_sensors to None, run_after=None
[2024-09-05T12:53:56.134+0000] {processor.py:183} INFO - Processing /home/airflow/.local/lib/python3.8/site-packages/airflow/example_dags/example_sensors.py took 0.076 seconds
[2024-09-05T12:54:26.292+0000] {processor.py:161} INFO - Started process (PID=1086) to work on /home/airflow/.local/lib/python3.8/site-packages/airflow/example_dags/example_sensors.py
[2024-09-05T12:54:26.293+0000] {processor.py:830} INFO - Processing file /home/airflow/.local/lib/python3.8/site-packages/airflow/example_dags/example_sensors.py for tasks to queue
[2024-09-05T12:54:26.295+0000] {logging_mixin.py:188} INFO - [2024-09-05T12:54:26.294+0000] {dagbag.py:538} INFO - Filling up the DagBag from /home/airflow/.local/lib/python3.8/site-packages/airflow/example_dags/example_sensors.py
[2024-09-05T12:54:26.305+0000] {processor.py:840} INFO - DAG(s) 'example_sensors' retrieved from /home/airflow/.local/lib/python3.8/site-packages/airflow/example_dags/example_sensors.py
[2024-09-05T12:54:26.338+0000] {logging_mixin.py:188} INFO - [2024-09-05T12:54:26.338+0000] {dag.py:3036} INFO - Sync 1 DAGs
[2024-09-05T12:54:26.353+0000] {logging_mixin.py:188} INFO - [2024-09-05T12:54:26.352+0000] {dag.py:3823} INFO - Setting next_dagrun for example_sensors to None, run_after=None
[2024-09-05T12:54:26.380+0000] {processor.py:183} INFO - Processing /home/airflow/.local/lib/python3.8/site-packages/airflow/example_dags/example_sensors.py took 0.092 seconds
[2024-09-05T12:54:56.694+0000] {processor.py:161} INFO - Started process (PID=1143) to work on /home/airflow/.local/lib/python3.8/site-packages/airflow/example_dags/example_sensors.py
[2024-09-05T12:54:56.695+0000] {processor.py:830} INFO - Processing file /home/airflow/.local/lib/python3.8/site-packages/airflow/example_dags/example_sensors.py for tasks to queue
[2024-09-05T12:54:56.696+0000] {logging_mixin.py:188} INFO - [2024-09-05T12:54:56.696+0000] {dagbag.py:538} INFO - Filling up the DagBag from /home/airflow/.local/lib/python3.8/site-packages/airflow/example_dags/example_sensors.py
[2024-09-05T12:54:56.708+0000] {processor.py:840} INFO - DAG(s) 'example_sensors' retrieved from /home/airflow/.local/lib/python3.8/site-packages/airflow/example_dags/example_sensors.py
[2024-09-05T12:54:56.739+0000] {logging_mixin.py:188} INFO - [2024-09-05T12:54:56.739+0000] {dag.py:3036} INFO - Sync 1 DAGs
[2024-09-05T12:54:56.754+0000] {logging_mixin.py:188} INFO - [2024-09-05T12:54:56.754+0000] {dag.py:3823} INFO - Setting next_dagrun for example_sensors to None, run_after=None
[2024-09-05T12:54:56.776+0000] {processor.py:183} INFO - Processing /home/airflow/.local/lib/python3.8/site-packages/airflow/example_dags/example_sensors.py took 0.086 seconds
[2024-09-05T12:55:26.844+0000] {processor.py:161} INFO - Started process (PID=1200) to work on /home/airflow/.local/lib/python3.8/site-packages/airflow/example_dags/example_sensors.py
[2024-09-05T12:55:26.844+0000] {processor.py:830} INFO - Processing file /home/airflow/.local/lib/python3.8/site-packages/airflow/example_dags/example_sensors.py for tasks to queue
[2024-09-05T12:55:26.845+0000] {logging_mixin.py:188} INFO - [2024-09-05T12:55:26.845+0000] {dagbag.py:538} INFO - Filling up the DagBag from /home/airflow/.local/lib/python3.8/site-packages/airflow/example_dags/example_sensors.py
[2024-09-05T12:55:26.855+0000] {processor.py:840} INFO - DAG(s) 'example_sensors' retrieved from /home/airflow/.local/lib/python3.8/site-packages/airflow/example_dags/example_sensors.py
[2024-09-05T12:55:26.880+0000] {logging_mixin.py:188} INFO - [2024-09-05T12:55:26.880+0000] {dag.py:3036} INFO - Sync 1 DAGs
[2024-09-05T12:55:26.894+0000] {logging_mixin.py:188} INFO - [2024-09-05T12:55:26.894+0000] {dag.py:3823} INFO - Setting next_dagrun for example_sensors to None, run_after=None
[2024-09-05T12:55:26.916+0000] {processor.py:183} INFO - Processing /home/airflow/.local/lib/python3.8/site-packages/airflow/example_dags/example_sensors.py took 0.076 seconds
[2024-09-05T12:55:57.135+0000] {processor.py:161} INFO - Started process (PID=1257) to work on /home/airflow/.local/lib/python3.8/site-packages/airflow/example_dags/example_sensors.py
[2024-09-05T12:55:57.136+0000] {processor.py:830} INFO - Processing file /home/airflow/.local/lib/python3.8/site-packages/airflow/example_dags/example_sensors.py for tasks to queue
[2024-09-05T12:55:57.138+0000] {logging_mixin.py:188} INFO - [2024-09-05T12:55:57.137+0000] {dagbag.py:538} INFO - Filling up the DagBag from /home/airflow/.local/lib/python3.8/site-packages/airflow/example_dags/example_sensors.py
[2024-09-05T12:55:57.152+0000] {processor.py:840} INFO - DAG(s) 'example_sensors' retrieved from /home/airflow/.local/lib/python3.8/site-packages/airflow/example_dags/example_sensors.py
[2024-09-05T12:55:57.184+0000] {logging_mixin.py:188} INFO - [2024-09-05T12:55:57.183+0000] {dag.py:3036} INFO - Sync 1 DAGs
[2024-09-05T12:55:57.207+0000] {logging_mixin.py:188} INFO - [2024-09-05T12:55:57.206+0000] {dag.py:3823} INFO - Setting next_dagrun for example_sensors to None, run_after=None
[2024-09-05T12:55:57.248+0000] {processor.py:183} INFO - Processing /home/airflow/.local/lib/python3.8/site-packages/airflow/example_dags/example_sensors.py took 0.117 seconds
[2024-09-05T12:56:27.315+0000] {processor.py:161} INFO - Started process (PID=1320) to work on /home/airflow/.local/lib/python3.8/site-packages/airflow/example_dags/example_sensors.py
[2024-09-05T12:56:27.316+0000] {processor.py:830} INFO - Processing file /home/airflow/.local/lib/python3.8/site-packages/airflow/example_dags/example_sensors.py for tasks to queue
[2024-09-05T12:56:27.317+0000] {logging_mixin.py:188} INFO - [2024-09-05T12:56:27.317+0000] {dagbag.py:538} INFO - Filling up the DagBag from /home/airflow/.local/lib/python3.8/site-packages/airflow/example_dags/example_sensors.py
[2024-09-05T12:56:27.335+0000] {processor.py:840} INFO - DAG(s) 'example_sensors' retrieved from /home/airflow/.local/lib/python3.8/site-packages/airflow/example_dags/example_sensors.py
[2024-09-05T12:56:27.365+0000] {logging_mixin.py:188} INFO - [2024-09-05T12:56:27.364+0000] {dag.py:3036} INFO - Sync 1 DAGs
[2024-09-05T12:56:27.379+0000] {logging_mixin.py:188} INFO - [2024-09-05T12:56:27.379+0000] {dag.py:3823} INFO - Setting next_dagrun for example_sensors to None, run_after=None
[2024-09-05T12:56:27.406+0000] {processor.py:183} INFO - Processing /home/airflow/.local/lib/python3.8/site-packages/airflow/example_dags/example_sensors.py took 0.096 seconds
[2024-09-05T12:56:57.486+0000] {processor.py:161} INFO - Started process (PID=1377) to work on /home/airflow/.local/lib/python3.8/site-packages/airflow/example_dags/example_sensors.py
[2024-09-05T12:56:57.487+0000] {processor.py:830} INFO - Processing file /home/airflow/.local/lib/python3.8/site-packages/airflow/example_dags/example_sensors.py for tasks to queue
[2024-09-05T12:56:57.488+0000] {logging_mixin.py:188} INFO - [2024-09-05T12:56:57.487+0000] {dagbag.py:538} INFO - Filling up the DagBag from /home/airflow/.local/lib/python3.8/site-packages/airflow/example_dags/example_sensors.py
[2024-09-05T12:56:57.497+0000] {processor.py:840} INFO - DAG(s) 'example_sensors' retrieved from /home/airflow/.local/lib/python3.8/site-packages/airflow/example_dags/example_sensors.py
[2024-09-05T12:56:57.524+0000] {logging_mixin.py:188} INFO - [2024-09-05T12:56:57.524+0000] {dag.py:3036} INFO - Sync 1 DAGs
[2024-09-05T12:56:57.539+0000] {logging_mixin.py:188} INFO - [2024-09-05T12:56:57.539+0000] {dag.py:3823} INFO - Setting next_dagrun for example_sensors to None, run_after=None
[2024-09-05T12:56:57.562+0000] {processor.py:183} INFO - Processing /home/airflow/.local/lib/python3.8/site-packages/airflow/example_dags/example_sensors.py took 0.080 seconds
[2024-09-05T12:57:27.661+0000] {processor.py:161} INFO - Started process (PID=1434) to work on /home/airflow/.local/lib/python3.8/site-packages/airflow/example_dags/example_sensors.py
[2024-09-05T12:57:27.662+0000] {processor.py:830} INFO - Processing file /home/airflow/.local/lib/python3.8/site-packages/airflow/example_dags/example_sensors.py for tasks to queue
[2024-09-05T12:57:27.663+0000] {logging_mixin.py:188} INFO - [2024-09-05T12:57:27.663+0000] {dagbag.py:538} INFO - Filling up the DagBag from /home/airflow/.local/lib/python3.8/site-packages/airflow/example_dags/example_sensors.py
[2024-09-05T12:57:27.675+0000] {processor.py:840} INFO - DAG(s) 'example_sensors' retrieved from /home/airflow/.local/lib/python3.8/site-packages/airflow/example_dags/example_sensors.py
[2024-09-05T12:57:27.708+0000] {logging_mixin.py:188} INFO - [2024-09-05T12:57:27.707+0000] {dag.py:3036} INFO - Sync 1 DAGs
[2024-09-05T12:57:27.727+0000] {logging_mixin.py:188} INFO - [2024-09-05T12:57:27.727+0000] {dag.py:3823} INFO - Setting next_dagrun for example_sensors to None, run_after=None
[2024-09-05T12:57:27.759+0000] {processor.py:183} INFO - Processing /home/airflow/.local/lib/python3.8/site-packages/airflow/example_dags/example_sensors.py took 0.100 seconds
[2024-09-05T12:57:58.468+0000] {processor.py:161} INFO - Started process (PID=1491) to work on /home/airflow/.local/lib/python3.8/site-packages/airflow/example_dags/example_sensors.py
[2024-09-05T12:57:58.469+0000] {processor.py:830} INFO - Processing file /home/airflow/.local/lib/python3.8/site-packages/airflow/example_dags/example_sensors.py for tasks to queue
[2024-09-05T12:57:58.470+0000] {logging_mixin.py:188} INFO - [2024-09-05T12:57:58.470+0000] {dagbag.py:538} INFO - Filling up the DagBag from /home/airflow/.local/lib/python3.8/site-packages/airflow/example_dags/example_sensors.py
[2024-09-05T12:57:58.482+0000] {processor.py:840} INFO - DAG(s) 'example_sensors' retrieved from /home/airflow/.local/lib/python3.8/site-packages/airflow/example_dags/example_sensors.py
[2024-09-05T12:57:58.510+0000] {logging_mixin.py:188} INFO - [2024-09-05T12:57:58.510+0000] {dag.py:3036} INFO - Sync 1 DAGs
[2024-09-05T12:57:58.524+0000] {logging_mixin.py:188} INFO - [2024-09-05T12:57:58.524+0000] {dag.py:3823} INFO - Setting next_dagrun for example_sensors to None, run_after=None
[2024-09-05T12:57:58.550+0000] {processor.py:183} INFO - Processing /home/airflow/.local/lib/python3.8/site-packages/airflow/example_dags/example_sensors.py took 0.085 seconds
[2024-09-05T12:58:28.723+0000] {processor.py:161} INFO - Started process (PID=1548) to work on /home/airflow/.local/lib/python3.8/site-packages/airflow/example_dags/example_sensors.py
[2024-09-05T12:58:28.724+0000] {processor.py:830} INFO - Processing file /home/airflow/.local/lib/python3.8/site-packages/airflow/example_dags/example_sensors.py for tasks to queue
[2024-09-05T12:58:28.725+0000] {logging_mixin.py:188} INFO - [2024-09-05T12:58:28.725+0000] {dagbag.py:538} INFO - Filling up the DagBag from /home/airflow/.local/lib/python3.8/site-packages/airflow/example_dags/example_sensors.py
[2024-09-05T12:58:28.738+0000] {processor.py:840} INFO - DAG(s) 'example_sensors' retrieved from /home/airflow/.local/lib/python3.8/site-packages/airflow/example_dags/example_sensors.py
[2024-09-05T12:58:28.768+0000] {logging_mixin.py:188} INFO - [2024-09-05T12:58:28.767+0000] {dag.py:3036} INFO - Sync 1 DAGs
[2024-09-05T12:58:28.783+0000] {logging_mixin.py:188} INFO - [2024-09-05T12:58:28.783+0000] {dag.py:3823} INFO - Setting next_dagrun for example_sensors to None, run_after=None
[2024-09-05T12:58:28.809+0000] {processor.py:183} INFO - Processing /home/airflow/.local/lib/python3.8/site-packages/airflow/example_dags/example_sensors.py took 0.089 seconds
[2024-09-05T12:58:59.154+0000] {processor.py:161} INFO - Started process (PID=1605) to work on /home/airflow/.local/lib/python3.8/site-packages/airflow/example_dags/example_sensors.py
[2024-09-05T12:58:59.154+0000] {processor.py:830} INFO - Processing file /home/airflow/.local/lib/python3.8/site-packages/airflow/example_dags/example_sensors.py for tasks to queue
[2024-09-05T12:58:59.156+0000] {logging_mixin.py:188} INFO - [2024-09-05T12:58:59.155+0000] {dagbag.py:538} INFO - Filling up the DagBag from /home/airflow/.local/lib/python3.8/site-packages/airflow/example_dags/example_sensors.py
[2024-09-05T12:58:59.166+0000] {processor.py:840} INFO - DAG(s) 'example_sensors' retrieved from /home/airflow/.local/lib/python3.8/site-packages/airflow/example_dags/example_sensors.py
[2024-09-05T12:58:59.193+0000] {logging_mixin.py:188} INFO - [2024-09-05T12:58:59.192+0000] {dag.py:3036} INFO - Sync 1 DAGs
[2024-09-05T12:58:59.205+0000] {logging_mixin.py:188} INFO - [2024-09-05T12:58:59.204+0000] {dag.py:3823} INFO - Setting next_dagrun for example_sensors to None, run_after=None
[2024-09-05T12:58:59.231+0000] {processor.py:183} INFO - Processing /home/airflow/.local/lib/python3.8/site-packages/airflow/example_dags/example_sensors.py took 0.080 seconds
[2024-09-05T12:59:29.574+0000] {processor.py:161} INFO - Started process (PID=1662) to work on /home/airflow/.local/lib/python3.8/site-packages/airflow/example_dags/example_sensors.py
[2024-09-05T12:59:29.575+0000] {processor.py:830} INFO - Processing file /home/airflow/.local/lib/python3.8/site-packages/airflow/example_dags/example_sensors.py for tasks to queue
[2024-09-05T12:59:29.576+0000] {logging_mixin.py:188} INFO - [2024-09-05T12:59:29.576+0000] {dagbag.py:538} INFO - Filling up the DagBag from /home/airflow/.local/lib/python3.8/site-packages/airflow/example_dags/example_sensors.py
[2024-09-05T12:59:29.588+0000] {processor.py:840} INFO - DAG(s) 'example_sensors' retrieved from /home/airflow/.local/lib/python3.8/site-packages/airflow/example_dags/example_sensors.py
[2024-09-05T12:59:29.618+0000] {logging_mixin.py:188} INFO - [2024-09-05T12:59:29.617+0000] {dag.py:3036} INFO - Sync 1 DAGs
[2024-09-05T12:59:29.632+0000] {logging_mixin.py:188} INFO - [2024-09-05T12:59:29.632+0000] {dag.py:3823} INFO - Setting next_dagrun for example_sensors to None, run_after=None
[2024-09-05T12:59:29.657+0000] {processor.py:183} INFO - Processing /home/airflow/.local/lib/python3.8/site-packages/airflow/example_dags/example_sensors.py took 0.087 seconds
[2024-09-05T12:59:59.835+0000] {processor.py:161} INFO - Started process (PID=1719) to work on /home/airflow/.local/lib/python3.8/site-packages/airflow/example_dags/example_sensors.py
[2024-09-05T12:59:59.835+0000] {processor.py:830} INFO - Processing file /home/airflow/.local/lib/python3.8/site-packages/airflow/example_dags/example_sensors.py for tasks to queue
[2024-09-05T12:59:59.836+0000] {logging_mixin.py:188} INFO - [2024-09-05T12:59:59.836+0000] {dagbag.py:538} INFO - Filling up the DagBag from /home/airflow/.local/lib/python3.8/site-packages/airflow/example_dags/example_sensors.py
[2024-09-05T12:59:59.845+0000] {processor.py:840} INFO - DAG(s) 'example_sensors' retrieved from /home/airflow/.local/lib/python3.8/site-packages/airflow/example_dags/example_sensors.py
[2024-09-05T12:59:59.872+0000] {logging_mixin.py:188} INFO - [2024-09-05T12:59:59.872+0000] {dag.py:3036} INFO - Sync 1 DAGs
[2024-09-05T12:59:59.885+0000] {logging_mixin.py:188} INFO - [2024-09-05T12:59:59.884+0000] {dag.py:3823} INFO - Setting next_dagrun for example_sensors to None, run_after=None
[2024-09-05T12:59:59.907+0000] {processor.py:183} INFO - Processing /home/airflow/.local/lib/python3.8/site-packages/airflow/example_dags/example_sensors.py took 0.076 seconds
[2024-09-05T13:00:30.149+0000] {processor.py:161} INFO - Started process (PID=1776) to work on /home/airflow/.local/lib/python3.8/site-packages/airflow/example_dags/example_sensors.py
[2024-09-05T13:00:30.149+0000] {processor.py:830} INFO - Processing file /home/airflow/.local/lib/python3.8/site-packages/airflow/example_dags/example_sensors.py for tasks to queue
[2024-09-05T13:00:30.150+0000] {logging_mixin.py:188} INFO - [2024-09-05T13:00:30.150+0000] {dagbag.py:538} INFO - Filling up the DagBag from /home/airflow/.local/lib/python3.8/site-packages/airflow/example_dags/example_sensors.py
[2024-09-05T13:00:30.159+0000] {processor.py:840} INFO - DAG(s) 'example_sensors' retrieved from /home/airflow/.local/lib/python3.8/site-packages/airflow/example_dags/example_sensors.py
[2024-09-05T13:00:30.183+0000] {logging_mixin.py:188} INFO - [2024-09-05T13:00:30.183+0000] {dag.py:3036} INFO - Sync 1 DAGs
[2024-09-05T13:00:30.196+0000] {logging_mixin.py:188} INFO - [2024-09-05T13:00:30.196+0000] {dag.py:3823} INFO - Setting next_dagrun for example_sensors to None, run_after=None
[2024-09-05T13:00:30.220+0000] {processor.py:183} INFO - Processing /home/airflow/.local/lib/python3.8/site-packages/airflow/example_dags/example_sensors.py took 0.074 seconds
[2024-09-05T13:01:00.295+0000] {processor.py:161} INFO - Started process (PID=1833) to work on /home/airflow/.local/lib/python3.8/site-packages/airflow/example_dags/example_sensors.py
[2024-09-05T13:01:00.295+0000] {processor.py:830} INFO - Processing file /home/airflow/.local/lib/python3.8/site-packages/airflow/example_dags/example_sensors.py for tasks to queue
[2024-09-05T13:01:00.296+0000] {logging_mixin.py:188} INFO - [2024-09-05T13:01:00.296+0000] {dagbag.py:538} INFO - Filling up the DagBag from /home/airflow/.local/lib/python3.8/site-packages/airflow/example_dags/example_sensors.py
[2024-09-05T13:01:00.305+0000] {processor.py:840} INFO - DAG(s) 'example_sensors' retrieved from /home/airflow/.local/lib/python3.8/site-packages/airflow/example_dags/example_sensors.py
[2024-09-05T13:01:00.331+0000] {logging_mixin.py:188} INFO - [2024-09-05T13:01:00.330+0000] {dag.py:3036} INFO - Sync 1 DAGs
[2024-09-05T13:01:00.342+0000] {logging_mixin.py:188} INFO - [2024-09-05T13:01:00.342+0000] {dag.py:3823} INFO - Setting next_dagrun for example_sensors to None, run_after=None
[2024-09-05T13:01:00.366+0000] {processor.py:183} INFO - Processing /home/airflow/.local/lib/python3.8/site-packages/airflow/example_dags/example_sensors.py took 0.075 seconds
[2024-09-05T13:01:30.624+0000] {processor.py:161} INFO - Started process (PID=1889) to work on /home/airflow/.local/lib/python3.8/site-packages/airflow/example_dags/example_sensors.py
[2024-09-05T13:01:30.625+0000] {processor.py:830} INFO - Processing file /home/airflow/.local/lib/python3.8/site-packages/airflow/example_dags/example_sensors.py for tasks to queue
[2024-09-05T13:01:30.626+0000] {logging_mixin.py:188} INFO - [2024-09-05T13:01:30.625+0000] {dagbag.py:538} INFO - Filling up the DagBag from /home/airflow/.local/lib/python3.8/site-packages/airflow/example_dags/example_sensors.py
[2024-09-05T13:01:30.635+0000] {processor.py:840} INFO - DAG(s) 'example_sensors' retrieved from /home/airflow/.local/lib/python3.8/site-packages/airflow/example_dags/example_sensors.py
[2024-09-05T13:01:30.659+0000] {logging_mixin.py:188} INFO - [2024-09-05T13:01:30.658+0000] {dag.py:3036} INFO - Sync 1 DAGs
[2024-09-05T13:01:30.672+0000] {logging_mixin.py:188} INFO - [2024-09-05T13:01:30.672+0000] {dag.py:3823} INFO - Setting next_dagrun for example_sensors to None, run_after=None
[2024-09-05T13:01:30.693+0000] {processor.py:183} INFO - Processing /home/airflow/.local/lib/python3.8/site-packages/airflow/example_dags/example_sensors.py took 0.073 seconds
[2024-09-05T13:02:01.462+0000] {processor.py:161} INFO - Started process (PID=1944) to work on /home/airflow/.local/lib/python3.8/site-packages/airflow/example_dags/example_sensors.py
[2024-09-05T13:02:01.463+0000] {processor.py:830} INFO - Processing file /home/airflow/.local/lib/python3.8/site-packages/airflow/example_dags/example_sensors.py for tasks to queue
[2024-09-05T13:02:01.465+0000] {logging_mixin.py:188} INFO - [2024-09-05T13:02:01.464+0000] {dagbag.py:538} INFO - Filling up the DagBag from /home/airflow/.local/lib/python3.8/site-packages/airflow/example_dags/example_sensors.py
[2024-09-05T13:02:01.476+0000] {processor.py:840} INFO - DAG(s) 'example_sensors' retrieved from /home/airflow/.local/lib/python3.8/site-packages/airflow/example_dags/example_sensors.py
[2024-09-05T13:02:01.501+0000] {logging_mixin.py:188} INFO - [2024-09-05T13:02:01.500+0000] {dag.py:3036} INFO - Sync 1 DAGs
[2024-09-05T13:02:01.513+0000] {logging_mixin.py:188} INFO - [2024-09-05T13:02:01.513+0000] {dag.py:3823} INFO - Setting next_dagrun for example_sensors to None, run_after=None
[2024-09-05T13:02:01.535+0000] {processor.py:183} INFO - Processing /home/airflow/.local/lib/python3.8/site-packages/airflow/example_dags/example_sensors.py took 0.076 seconds
[2024-09-05T13:02:31.712+0000] {processor.py:161} INFO - Started process (PID=2001) to work on /home/airflow/.local/lib/python3.8/site-packages/airflow/example_dags/example_sensors.py
[2024-09-05T13:02:31.713+0000] {processor.py:830} INFO - Processing file /home/airflow/.local/lib/python3.8/site-packages/airflow/example_dags/example_sensors.py for tasks to queue
[2024-09-05T13:02:31.714+0000] {logging_mixin.py:188} INFO - [2024-09-05T13:02:31.713+0000] {dagbag.py:538} INFO - Filling up the DagBag from /home/airflow/.local/lib/python3.8/site-packages/airflow/example_dags/example_sensors.py
[2024-09-05T13:02:31.723+0000] {processor.py:840} INFO - DAG(s) 'example_sensors' retrieved from /home/airflow/.local/lib/python3.8/site-packages/airflow/example_dags/example_sensors.py
[2024-09-05T13:02:31.747+0000] {logging_mixin.py:188} INFO - [2024-09-05T13:02:31.747+0000] {dag.py:3036} INFO - Sync 1 DAGs
[2024-09-05T13:02:31.759+0000] {logging_mixin.py:188} INFO - [2024-09-05T13:02:31.759+0000] {dag.py:3823} INFO - Setting next_dagrun for example_sensors to None, run_after=None
[2024-09-05T13:02:31.783+0000] {processor.py:183} INFO - Processing /home/airflow/.local/lib/python3.8/site-packages/airflow/example_dags/example_sensors.py took 0.074 seconds
[2024-09-05T13:03:02.166+0000] {processor.py:161} INFO - Started process (PID=2058) to work on /home/airflow/.local/lib/python3.8/site-packages/airflow/example_dags/example_sensors.py
[2024-09-05T13:03:02.167+0000] {processor.py:830} INFO - Processing file /home/airflow/.local/lib/python3.8/site-packages/airflow/example_dags/example_sensors.py for tasks to queue
[2024-09-05T13:03:02.168+0000] {logging_mixin.py:188} INFO - [2024-09-05T13:03:02.167+0000] {dagbag.py:538} INFO - Filling up the DagBag from /home/airflow/.local/lib/python3.8/site-packages/airflow/example_dags/example_sensors.py
[2024-09-05T13:03:02.177+0000] {processor.py:840} INFO - DAG(s) 'example_sensors' retrieved from /home/airflow/.local/lib/python3.8/site-packages/airflow/example_dags/example_sensors.py
[2024-09-05T13:03:02.207+0000] {logging_mixin.py:188} INFO - [2024-09-05T13:03:02.206+0000] {dag.py:3036} INFO - Sync 1 DAGs
[2024-09-05T13:03:02.221+0000] {logging_mixin.py:188} INFO - [2024-09-05T13:03:02.220+0000] {dag.py:3823} INFO - Setting next_dagrun for example_sensors to None, run_after=None
[2024-09-05T13:03:02.242+0000] {processor.py:183} INFO - Processing /home/airflow/.local/lib/python3.8/site-packages/airflow/example_dags/example_sensors.py took 0.079 seconds
[2024-09-05T13:03:32.405+0000] {processor.py:161} INFO - Started process (PID=2115) to work on /home/airflow/.local/lib/python3.8/site-packages/airflow/example_dags/example_sensors.py
[2024-09-05T13:03:32.406+0000] {processor.py:830} INFO - Processing file /home/airflow/.local/lib/python3.8/site-packages/airflow/example_dags/example_sensors.py for tasks to queue
[2024-09-05T13:03:32.407+0000] {logging_mixin.py:188} INFO - [2024-09-05T13:03:32.406+0000] {dagbag.py:538} INFO - Filling up the DagBag from /home/airflow/.local/lib/python3.8/site-packages/airflow/example_dags/example_sensors.py
[2024-09-05T13:03:32.416+0000] {processor.py:840} INFO - DAG(s) 'example_sensors' retrieved from /home/airflow/.local/lib/python3.8/site-packages/airflow/example_dags/example_sensors.py
[2024-09-05T13:03:32.443+0000] {logging_mixin.py:188} INFO - [2024-09-05T13:03:32.443+0000] {dag.py:3036} INFO - Sync 1 DAGs
[2024-09-05T13:03:32.458+0000] {logging_mixin.py:188} INFO - [2024-09-05T13:03:32.458+0000] {dag.py:3823} INFO - Setting next_dagrun for example_sensors to None, run_after=None
[2024-09-05T13:03:32.481+0000] {processor.py:183} INFO - Processing /home/airflow/.local/lib/python3.8/site-packages/airflow/example_dags/example_sensors.py took 0.081 seconds
[2024-09-05T13:04:02.584+0000] {processor.py:161} INFO - Started process (PID=2171) to work on /home/airflow/.local/lib/python3.8/site-packages/airflow/example_dags/example_sensors.py
[2024-09-05T13:04:02.585+0000] {processor.py:830} INFO - Processing file /home/airflow/.local/lib/python3.8/site-packages/airflow/example_dags/example_sensors.py for tasks to queue
[2024-09-05T13:04:02.586+0000] {logging_mixin.py:188} INFO - [2024-09-05T13:04:02.586+0000] {dagbag.py:538} INFO - Filling up the DagBag from /home/airflow/.local/lib/python3.8/site-packages/airflow/example_dags/example_sensors.py
[2024-09-05T13:04:02.596+0000] {processor.py:840} INFO - DAG(s) 'example_sensors' retrieved from /home/airflow/.local/lib/python3.8/site-packages/airflow/example_dags/example_sensors.py
[2024-09-05T13:04:02.625+0000] {logging_mixin.py:188} INFO - [2024-09-05T13:04:02.624+0000] {dag.py:3036} INFO - Sync 1 DAGs
[2024-09-05T13:04:02.641+0000] {logging_mixin.py:188} INFO - [2024-09-05T13:04:02.640+0000] {dag.py:3823} INFO - Setting next_dagrun for example_sensors to None, run_after=None
[2024-09-05T13:04:02.672+0000] {processor.py:183} INFO - Processing /home/airflow/.local/lib/python3.8/site-packages/airflow/example_dags/example_sensors.py took 0.091 seconds
[2024-09-05T13:04:33.338+0000] {processor.py:161} INFO - Started process (PID=2230) to work on /home/airflow/.local/lib/python3.8/site-packages/airflow/example_dags/example_sensors.py
[2024-09-05T13:04:33.339+0000] {processor.py:830} INFO - Processing file /home/airflow/.local/lib/python3.8/site-packages/airflow/example_dags/example_sensors.py for tasks to queue
[2024-09-05T13:04:33.340+0000] {logging_mixin.py:188} INFO - [2024-09-05T13:04:33.340+0000] {dagbag.py:538} INFO - Filling up the DagBag from /home/airflow/.local/lib/python3.8/site-packages/airflow/example_dags/example_sensors.py
[2024-09-05T13:04:33.350+0000] {processor.py:840} INFO - DAG(s) 'example_sensors' retrieved from /home/airflow/.local/lib/python3.8/site-packages/airflow/example_dags/example_sensors.py
[2024-09-05T13:04:33.381+0000] {logging_mixin.py:188} INFO - [2024-09-05T13:04:33.381+0000] {dag.py:3036} INFO - Sync 1 DAGs
[2024-09-05T13:04:33.401+0000] {logging_mixin.py:188} INFO - [2024-09-05T13:04:33.400+0000] {dag.py:3823} INFO - Setting next_dagrun for example_sensors to None, run_after=None
[2024-09-05T13:04:33.431+0000] {processor.py:183} INFO - Processing /home/airflow/.local/lib/python3.8/site-packages/airflow/example_dags/example_sensors.py took 0.096 seconds
[2024-09-05T13:06:22.395+0000] {processor.py:161} INFO - Started process (PID=60) to work on /home/airflow/.local/lib/python3.8/site-packages/airflow/example_dags/example_sensors.py
[2024-09-05T13:06:22.396+0000] {processor.py:830} INFO - Processing file /home/airflow/.local/lib/python3.8/site-packages/airflow/example_dags/example_sensors.py for tasks to queue
[2024-09-05T13:06:22.397+0000] {logging_mixin.py:188} INFO - [2024-09-05T13:06:22.397+0000] {dagbag.py:538} INFO - Filling up the DagBag from /home/airflow/.local/lib/python3.8/site-packages/airflow/example_dags/example_sensors.py
[2024-09-05T13:06:22.411+0000] {processor.py:840} INFO - DAG(s) 'example_sensors' retrieved from /home/airflow/.local/lib/python3.8/site-packages/airflow/example_dags/example_sensors.py
[2024-09-05T13:06:22.429+0000] {logging_mixin.py:188} INFO - [2024-09-05T13:06:22.428+0000] {dag.py:3036} INFO - Sync 1 DAGs
[2024-09-05T13:06:22.452+0000] {logging_mixin.py:188} INFO - [2024-09-05T13:06:22.451+0000] {dag.py:3823} INFO - Setting next_dagrun for example_sensors to None, run_after=None
[2024-09-05T13:06:22.518+0000] {processor.py:183} INFO - Processing /home/airflow/.local/lib/python3.8/site-packages/airflow/example_dags/example_sensors.py took 0.127 seconds
[2024-09-05T13:06:52.733+0000] {processor.py:161} INFO - Started process (PID=117) to work on /home/airflow/.local/lib/python3.8/site-packages/airflow/example_dags/example_sensors.py
[2024-09-05T13:06:52.736+0000] {processor.py:830} INFO - Processing file /home/airflow/.local/lib/python3.8/site-packages/airflow/example_dags/example_sensors.py for tasks to queue
[2024-09-05T13:06:52.739+0000] {logging_mixin.py:188} INFO - [2024-09-05T13:06:52.738+0000] {dagbag.py:538} INFO - Filling up the DagBag from /home/airflow/.local/lib/python3.8/site-packages/airflow/example_dags/example_sensors.py
[2024-09-05T13:06:52.752+0000] {processor.py:840} INFO - DAG(s) 'example_sensors' retrieved from /home/airflow/.local/lib/python3.8/site-packages/airflow/example_dags/example_sensors.py
[2024-09-05T13:06:52.876+0000] {logging_mixin.py:188} INFO - [2024-09-05T13:06:52.875+0000] {dag.py:3036} INFO - Sync 1 DAGs
[2024-09-05T13:06:52.891+0000] {logging_mixin.py:188} INFO - [2024-09-05T13:06:52.891+0000] {dag.py:3823} INFO - Setting next_dagrun for example_sensors to None, run_after=None
[2024-09-05T13:06:52.915+0000] {processor.py:183} INFO - Processing /home/airflow/.local/lib/python3.8/site-packages/airflow/example_dags/example_sensors.py took 0.187 seconds
[2024-09-05T13:07:22.961+0000] {processor.py:161} INFO - Started process (PID=174) to work on /home/airflow/.local/lib/python3.8/site-packages/airflow/example_dags/example_sensors.py
[2024-09-05T13:07:22.962+0000] {processor.py:830} INFO - Processing file /home/airflow/.local/lib/python3.8/site-packages/airflow/example_dags/example_sensors.py for tasks to queue
[2024-09-05T13:07:22.963+0000] {logging_mixin.py:188} INFO - [2024-09-05T13:07:22.962+0000] {dagbag.py:538} INFO - Filling up the DagBag from /home/airflow/.local/lib/python3.8/site-packages/airflow/example_dags/example_sensors.py
[2024-09-05T13:07:22.971+0000] {processor.py:840} INFO - DAG(s) 'example_sensors' retrieved from /home/airflow/.local/lib/python3.8/site-packages/airflow/example_dags/example_sensors.py
[2024-09-05T13:07:22.997+0000] {logging_mixin.py:188} INFO - [2024-09-05T13:07:22.996+0000] {dag.py:3036} INFO - Sync 1 DAGs
[2024-09-05T13:07:23.010+0000] {logging_mixin.py:188} INFO - [2024-09-05T13:07:23.009+0000] {dag.py:3823} INFO - Setting next_dagrun for example_sensors to None, run_after=None
[2024-09-05T13:07:23.029+0000] {processor.py:183} INFO - Processing /home/airflow/.local/lib/python3.8/site-packages/airflow/example_dags/example_sensors.py took 0.071 seconds
[2024-09-05T13:07:53.542+0000] {processor.py:161} INFO - Started process (PID=231) to work on /home/airflow/.local/lib/python3.8/site-packages/airflow/example_dags/example_sensors.py
[2024-09-05T13:07:53.543+0000] {processor.py:830} INFO - Processing file /home/airflow/.local/lib/python3.8/site-packages/airflow/example_dags/example_sensors.py for tasks to queue
[2024-09-05T13:07:53.544+0000] {logging_mixin.py:188} INFO - [2024-09-05T13:07:53.544+0000] {dagbag.py:538} INFO - Filling up the DagBag from /home/airflow/.local/lib/python3.8/site-packages/airflow/example_dags/example_sensors.py
[2024-09-05T13:07:53.554+0000] {processor.py:840} INFO - DAG(s) 'example_sensors' retrieved from /home/airflow/.local/lib/python3.8/site-packages/airflow/example_dags/example_sensors.py
[2024-09-05T13:07:53.586+0000] {logging_mixin.py:188} INFO - [2024-09-05T13:07:53.586+0000] {dag.py:3036} INFO - Sync 1 DAGs
[2024-09-05T13:07:53.604+0000] {logging_mixin.py:188} INFO - [2024-09-05T13:07:53.603+0000] {dag.py:3823} INFO - Setting next_dagrun for example_sensors to None, run_after=None
[2024-09-05T13:07:53.627+0000] {processor.py:183} INFO - Processing /home/airflow/.local/lib/python3.8/site-packages/airflow/example_dags/example_sensors.py took 0.089 seconds
[2024-09-05T13:08:23.787+0000] {processor.py:161} INFO - Started process (PID=288) to work on /home/airflow/.local/lib/python3.8/site-packages/airflow/example_dags/example_sensors.py
[2024-09-05T13:08:23.788+0000] {processor.py:830} INFO - Processing file /home/airflow/.local/lib/python3.8/site-packages/airflow/example_dags/example_sensors.py for tasks to queue
[2024-09-05T13:08:23.788+0000] {logging_mixin.py:188} INFO - [2024-09-05T13:08:23.788+0000] {dagbag.py:538} INFO - Filling up the DagBag from /home/airflow/.local/lib/python3.8/site-packages/airflow/example_dags/example_sensors.py
[2024-09-05T13:08:23.798+0000] {processor.py:840} INFO - DAG(s) 'example_sensors' retrieved from /home/airflow/.local/lib/python3.8/site-packages/airflow/example_dags/example_sensors.py
[2024-09-05T13:08:23.826+0000] {logging_mixin.py:188} INFO - [2024-09-05T13:08:23.826+0000] {dag.py:3036} INFO - Sync 1 DAGs
[2024-09-05T13:08:23.840+0000] {logging_mixin.py:188} INFO - [2024-09-05T13:08:23.840+0000] {dag.py:3823} INFO - Setting next_dagrun for example_sensors to None, run_after=None
[2024-09-05T13:08:23.859+0000] {processor.py:183} INFO - Processing /home/airflow/.local/lib/python3.8/site-packages/airflow/example_dags/example_sensors.py took 0.076 seconds
[2024-09-05T13:08:54.393+0000] {processor.py:161} INFO - Started process (PID=345) to work on /home/airflow/.local/lib/python3.8/site-packages/airflow/example_dags/example_sensors.py
[2024-09-05T13:08:54.393+0000] {processor.py:830} INFO - Processing file /home/airflow/.local/lib/python3.8/site-packages/airflow/example_dags/example_sensors.py for tasks to queue
[2024-09-05T13:08:54.394+0000] {logging_mixin.py:188} INFO - [2024-09-05T13:08:54.394+0000] {dagbag.py:538} INFO - Filling up the DagBag from /home/airflow/.local/lib/python3.8/site-packages/airflow/example_dags/example_sensors.py
[2024-09-05T13:08:54.403+0000] {processor.py:840} INFO - DAG(s) 'example_sensors' retrieved from /home/airflow/.local/lib/python3.8/site-packages/airflow/example_dags/example_sensors.py
[2024-09-05T13:08:54.428+0000] {logging_mixin.py:188} INFO - [2024-09-05T13:08:54.428+0000] {dag.py:3036} INFO - Sync 1 DAGs
[2024-09-05T13:08:54.440+0000] {logging_mixin.py:188} INFO - [2024-09-05T13:08:54.440+0000] {dag.py:3823} INFO - Setting next_dagrun for example_sensors to None, run_after=None
[2024-09-05T13:08:54.461+0000] {processor.py:183} INFO - Processing /home/airflow/.local/lib/python3.8/site-packages/airflow/example_dags/example_sensors.py took 0.072 seconds
[2024-09-05T13:09:24.607+0000] {processor.py:161} INFO - Started process (PID=405) to work on /home/airflow/.local/lib/python3.8/site-packages/airflow/example_dags/example_sensors.py
[2024-09-05T13:09:24.608+0000] {processor.py:830} INFO - Processing file /home/airflow/.local/lib/python3.8/site-packages/airflow/example_dags/example_sensors.py for tasks to queue
[2024-09-05T13:09:24.609+0000] {logging_mixin.py:188} INFO - [2024-09-05T13:09:24.609+0000] {dagbag.py:538} INFO - Filling up the DagBag from /home/airflow/.local/lib/python3.8/site-packages/airflow/example_dags/example_sensors.py
[2024-09-05T13:09:24.618+0000] {processor.py:840} INFO - DAG(s) 'example_sensors' retrieved from /home/airflow/.local/lib/python3.8/site-packages/airflow/example_dags/example_sensors.py
[2024-09-05T13:09:24.645+0000] {logging_mixin.py:188} INFO - [2024-09-05T13:09:24.645+0000] {dag.py:3036} INFO - Sync 1 DAGs
[2024-09-05T13:09:24.663+0000] {logging_mixin.py:188} INFO - [2024-09-05T13:09:24.663+0000] {dag.py:3823} INFO - Setting next_dagrun for example_sensors to None, run_after=None
[2024-09-05T13:09:24.690+0000] {processor.py:183} INFO - Processing /home/airflow/.local/lib/python3.8/site-packages/airflow/example_dags/example_sensors.py took 0.087 seconds
[2024-09-05T13:09:55.203+0000] {processor.py:161} INFO - Started process (PID=463) to work on /home/airflow/.local/lib/python3.8/site-packages/airflow/example_dags/example_sensors.py
[2024-09-05T13:09:55.204+0000] {processor.py:830} INFO - Processing file /home/airflow/.local/lib/python3.8/site-packages/airflow/example_dags/example_sensors.py for tasks to queue
[2024-09-05T13:09:55.205+0000] {logging_mixin.py:188} INFO - [2024-09-05T13:09:55.205+0000] {dagbag.py:538} INFO - Filling up the DagBag from /home/airflow/.local/lib/python3.8/site-packages/airflow/example_dags/example_sensors.py
[2024-09-05T13:09:55.215+0000] {processor.py:840} INFO - DAG(s) 'example_sensors' retrieved from /home/airflow/.local/lib/python3.8/site-packages/airflow/example_dags/example_sensors.py
[2024-09-05T13:09:55.252+0000] {logging_mixin.py:188} INFO - [2024-09-05T13:09:55.252+0000] {dag.py:3036} INFO - Sync 1 DAGs
[2024-09-05T13:09:55.265+0000] {logging_mixin.py:188} INFO - [2024-09-05T13:09:55.265+0000] {dag.py:3823} INFO - Setting next_dagrun for example_sensors to None, run_after=None
[2024-09-05T13:09:55.290+0000] {processor.py:183} INFO - Processing /home/airflow/.local/lib/python3.8/site-packages/airflow/example_dags/example_sensors.py took 0.093 seconds
[2024-09-05T13:10:25.482+0000] {processor.py:161} INFO - Started process (PID=520) to work on /home/airflow/.local/lib/python3.8/site-packages/airflow/example_dags/example_sensors.py
[2024-09-05T13:10:25.483+0000] {processor.py:830} INFO - Processing file /home/airflow/.local/lib/python3.8/site-packages/airflow/example_dags/example_sensors.py for tasks to queue
[2024-09-05T13:10:25.484+0000] {logging_mixin.py:188} INFO - [2024-09-05T13:10:25.484+0000] {dagbag.py:538} INFO - Filling up the DagBag from /home/airflow/.local/lib/python3.8/site-packages/airflow/example_dags/example_sensors.py
[2024-09-05T13:10:25.497+0000] {processor.py:840} INFO - DAG(s) 'example_sensors' retrieved from /home/airflow/.local/lib/python3.8/site-packages/airflow/example_dags/example_sensors.py
[2024-09-05T13:10:25.530+0000] {logging_mixin.py:188} INFO - [2024-09-05T13:10:25.530+0000] {dag.py:3036} INFO - Sync 1 DAGs
[2024-09-05T13:10:25.548+0000] {logging_mixin.py:188} INFO - [2024-09-05T13:10:25.547+0000] {dag.py:3823} INFO - Setting next_dagrun for example_sensors to None, run_after=None
[2024-09-05T13:10:25.579+0000] {processor.py:183} INFO - Processing /home/airflow/.local/lib/python3.8/site-packages/airflow/example_dags/example_sensors.py took 0.100 seconds
[2024-09-05T13:10:56.406+0000] {processor.py:161} INFO - Started process (PID=577) to work on /home/airflow/.local/lib/python3.8/site-packages/airflow/example_dags/example_sensors.py
[2024-09-05T13:10:56.407+0000] {processor.py:830} INFO - Processing file /home/airflow/.local/lib/python3.8/site-packages/airflow/example_dags/example_sensors.py for tasks to queue
[2024-09-05T13:10:56.408+0000] {logging_mixin.py:188} INFO - [2024-09-05T13:10:56.407+0000] {dagbag.py:538} INFO - Filling up the DagBag from /home/airflow/.local/lib/python3.8/site-packages/airflow/example_dags/example_sensors.py
[2024-09-05T13:10:56.420+0000] {processor.py:840} INFO - DAG(s) 'example_sensors' retrieved from /home/airflow/.local/lib/python3.8/site-packages/airflow/example_dags/example_sensors.py
[2024-09-05T13:10:56.449+0000] {logging_mixin.py:188} INFO - [2024-09-05T13:10:56.449+0000] {dag.py:3036} INFO - Sync 1 DAGs
[2024-09-05T13:10:56.465+0000] {logging_mixin.py:188} INFO - [2024-09-05T13:10:56.464+0000] {dag.py:3823} INFO - Setting next_dagrun for example_sensors to None, run_after=None
[2024-09-05T13:10:56.487+0000] {processor.py:183} INFO - Processing /home/airflow/.local/lib/python3.8/site-packages/airflow/example_dags/example_sensors.py took 0.085 seconds
[2024-09-05T13:11:26.776+0000] {processor.py:161} INFO - Started process (PID=634) to work on /home/airflow/.local/lib/python3.8/site-packages/airflow/example_dags/example_sensors.py
[2024-09-05T13:11:26.776+0000] {processor.py:830} INFO - Processing file /home/airflow/.local/lib/python3.8/site-packages/airflow/example_dags/example_sensors.py for tasks to queue
[2024-09-05T13:11:26.777+0000] {logging_mixin.py:188} INFO - [2024-09-05T13:11:26.777+0000] {dagbag.py:538} INFO - Filling up the DagBag from /home/airflow/.local/lib/python3.8/site-packages/airflow/example_dags/example_sensors.py
[2024-09-05T13:11:26.789+0000] {processor.py:840} INFO - DAG(s) 'example_sensors' retrieved from /home/airflow/.local/lib/python3.8/site-packages/airflow/example_dags/example_sensors.py
[2024-09-05T13:11:26.816+0000] {logging_mixin.py:188} INFO - [2024-09-05T13:11:26.816+0000] {dag.py:3036} INFO - Sync 1 DAGs
[2024-09-05T13:11:26.831+0000] {logging_mixin.py:188} INFO - [2024-09-05T13:11:26.830+0000] {dag.py:3823} INFO - Setting next_dagrun for example_sensors to None, run_after=None
[2024-09-05T13:11:26.855+0000] {processor.py:183} INFO - Processing /home/airflow/.local/lib/python3.8/site-packages/airflow/example_dags/example_sensors.py took 0.083 seconds
[2024-09-05T13:11:57.295+0000] {processor.py:161} INFO - Started process (PID=692) to work on /home/airflow/.local/lib/python3.8/site-packages/airflow/example_dags/example_sensors.py
[2024-09-05T13:11:57.296+0000] {processor.py:830} INFO - Processing file /home/airflow/.local/lib/python3.8/site-packages/airflow/example_dags/example_sensors.py for tasks to queue
[2024-09-05T13:11:57.297+0000] {logging_mixin.py:188} INFO - [2024-09-05T13:11:57.296+0000] {dagbag.py:538} INFO - Filling up the DagBag from /home/airflow/.local/lib/python3.8/site-packages/airflow/example_dags/example_sensors.py
[2024-09-05T13:11:57.308+0000] {processor.py:840} INFO - DAG(s) 'example_sensors' retrieved from /home/airflow/.local/lib/python3.8/site-packages/airflow/example_dags/example_sensors.py
[2024-09-05T13:11:57.340+0000] {logging_mixin.py:188} INFO - [2024-09-05T13:11:57.339+0000] {dag.py:3036} INFO - Sync 1 DAGs
[2024-09-05T13:11:57.355+0000] {logging_mixin.py:188} INFO - [2024-09-05T13:11:57.355+0000] {dag.py:3823} INFO - Setting next_dagrun for example_sensors to None, run_after=None
[2024-09-05T13:11:57.386+0000] {processor.py:183} INFO - Processing /home/airflow/.local/lib/python3.8/site-packages/airflow/example_dags/example_sensors.py took 0.095 seconds
[2024-09-05T13:12:27.610+0000] {processor.py:161} INFO - Started process (PID=749) to work on /home/airflow/.local/lib/python3.8/site-packages/airflow/example_dags/example_sensors.py
[2024-09-05T13:12:27.611+0000] {processor.py:830} INFO - Processing file /home/airflow/.local/lib/python3.8/site-packages/airflow/example_dags/example_sensors.py for tasks to queue
[2024-09-05T13:12:27.612+0000] {logging_mixin.py:188} INFO - [2024-09-05T13:12:27.612+0000] {dagbag.py:538} INFO - Filling up the DagBag from /home/airflow/.local/lib/python3.8/site-packages/airflow/example_dags/example_sensors.py
[2024-09-05T13:12:27.621+0000] {processor.py:840} INFO - DAG(s) 'example_sensors' retrieved from /home/airflow/.local/lib/python3.8/site-packages/airflow/example_dags/example_sensors.py
[2024-09-05T13:12:27.651+0000] {logging_mixin.py:188} INFO - [2024-09-05T13:12:27.650+0000] {dag.py:3036} INFO - Sync 1 DAGs
[2024-09-05T13:12:27.668+0000] {logging_mixin.py:188} INFO - [2024-09-05T13:12:27.668+0000] {dag.py:3823} INFO - Setting next_dagrun for example_sensors to None, run_after=None
[2024-09-05T13:12:27.695+0000] {processor.py:183} INFO - Processing /home/airflow/.local/lib/python3.8/site-packages/airflow/example_dags/example_sensors.py took 0.089 seconds
[2024-09-05T13:12:58.074+0000] {processor.py:161} INFO - Started process (PID=807) to work on /home/airflow/.local/lib/python3.8/site-packages/airflow/example_dags/example_sensors.py
[2024-09-05T13:12:58.075+0000] {processor.py:830} INFO - Processing file /home/airflow/.local/lib/python3.8/site-packages/airflow/example_dags/example_sensors.py for tasks to queue
[2024-09-05T13:12:58.076+0000] {logging_mixin.py:188} INFO - [2024-09-05T13:12:58.076+0000] {dagbag.py:538} INFO - Filling up the DagBag from /home/airflow/.local/lib/python3.8/site-packages/airflow/example_dags/example_sensors.py
[2024-09-05T13:12:58.088+0000] {processor.py:840} INFO - DAG(s) 'example_sensors' retrieved from /home/airflow/.local/lib/python3.8/site-packages/airflow/example_dags/example_sensors.py
[2024-09-05T13:12:58.113+0000] {logging_mixin.py:188} INFO - [2024-09-05T13:12:58.113+0000] {dag.py:3036} INFO - Sync 1 DAGs
[2024-09-05T13:12:58.127+0000] {logging_mixin.py:188} INFO - [2024-09-05T13:12:58.127+0000] {dag.py:3823} INFO - Setting next_dagrun for example_sensors to None, run_after=None
[2024-09-05T13:12:58.151+0000] {processor.py:183} INFO - Processing /home/airflow/.local/lib/python3.8/site-packages/airflow/example_dags/example_sensors.py took 0.080 seconds
[2024-09-05T13:13:28.549+0000] {processor.py:161} INFO - Started process (PID=864) to work on /home/airflow/.local/lib/python3.8/site-packages/airflow/example_dags/example_sensors.py
[2024-09-05T13:13:28.549+0000] {processor.py:830} INFO - Processing file /home/airflow/.local/lib/python3.8/site-packages/airflow/example_dags/example_sensors.py for tasks to queue
[2024-09-05T13:13:28.551+0000] {logging_mixin.py:188} INFO - [2024-09-05T13:13:28.550+0000] {dagbag.py:538} INFO - Filling up the DagBag from /home/airflow/.local/lib/python3.8/site-packages/airflow/example_dags/example_sensors.py
[2024-09-05T13:13:28.565+0000] {processor.py:840} INFO - DAG(s) 'example_sensors' retrieved from /home/airflow/.local/lib/python3.8/site-packages/airflow/example_dags/example_sensors.py
[2024-09-05T13:13:28.594+0000] {logging_mixin.py:188} INFO - [2024-09-05T13:13:28.594+0000] {dag.py:3036} INFO - Sync 1 DAGs
[2024-09-05T13:13:28.610+0000] {logging_mixin.py:188} INFO - [2024-09-05T13:13:28.609+0000] {dag.py:3823} INFO - Setting next_dagrun for example_sensors to None, run_after=None
[2024-09-05T13:13:28.640+0000] {processor.py:183} INFO - Processing /home/airflow/.local/lib/python3.8/site-packages/airflow/example_dags/example_sensors.py took 0.096 seconds
[2024-09-05T13:13:59.080+0000] {processor.py:161} INFO - Started process (PID=921) to work on /home/airflow/.local/lib/python3.8/site-packages/airflow/example_dags/example_sensors.py
[2024-09-05T13:13:59.081+0000] {processor.py:830} INFO - Processing file /home/airflow/.local/lib/python3.8/site-packages/airflow/example_dags/example_sensors.py for tasks to queue
[2024-09-05T13:13:59.081+0000] {logging_mixin.py:188} INFO - [2024-09-05T13:13:59.081+0000] {dagbag.py:538} INFO - Filling up the DagBag from /home/airflow/.local/lib/python3.8/site-packages/airflow/example_dags/example_sensors.py
[2024-09-05T13:13:59.091+0000] {processor.py:840} INFO - DAG(s) 'example_sensors' retrieved from /home/airflow/.local/lib/python3.8/site-packages/airflow/example_dags/example_sensors.py
[2024-09-05T13:13:59.115+0000] {logging_mixin.py:188} INFO - [2024-09-05T13:13:59.114+0000] {dag.py:3036} INFO - Sync 1 DAGs
[2024-09-05T13:13:59.127+0000] {logging_mixin.py:188} INFO - [2024-09-05T13:13:59.127+0000] {dag.py:3823} INFO - Setting next_dagrun for example_sensors to None, run_after=None
[2024-09-05T13:13:59.151+0000] {processor.py:183} INFO - Processing /home/airflow/.local/lib/python3.8/site-packages/airflow/example_dags/example_sensors.py took 0.075 seconds
[2024-09-05T13:14:29.731+0000] {processor.py:161} INFO - Started process (PID=978) to work on /home/airflow/.local/lib/python3.8/site-packages/airflow/example_dags/example_sensors.py
[2024-09-05T13:14:29.731+0000] {processor.py:830} INFO - Processing file /home/airflow/.local/lib/python3.8/site-packages/airflow/example_dags/example_sensors.py for tasks to queue
[2024-09-05T13:14:29.732+0000] {logging_mixin.py:188} INFO - [2024-09-05T13:14:29.732+0000] {dagbag.py:538} INFO - Filling up the DagBag from /home/airflow/.local/lib/python3.8/site-packages/airflow/example_dags/example_sensors.py
[2024-09-05T13:14:29.744+0000] {processor.py:840} INFO - DAG(s) 'example_sensors' retrieved from /home/airflow/.local/lib/python3.8/site-packages/airflow/example_dags/example_sensors.py
[2024-09-05T13:14:29.771+0000] {logging_mixin.py:188} INFO - [2024-09-05T13:14:29.770+0000] {dag.py:3036} INFO - Sync 1 DAGs
[2024-09-05T13:14:29.785+0000] {logging_mixin.py:188} INFO - [2024-09-05T13:14:29.784+0000] {dag.py:3823} INFO - Setting next_dagrun for example_sensors to None, run_after=None
[2024-09-05T13:14:29.810+0000] {processor.py:183} INFO - Processing /home/airflow/.local/lib/python3.8/site-packages/airflow/example_dags/example_sensors.py took 0.084 seconds
[2024-09-05T13:15:00.608+0000] {processor.py:161} INFO - Started process (PID=1036) to work on /home/airflow/.local/lib/python3.8/site-packages/airflow/example_dags/example_sensors.py
[2024-09-05T13:15:00.610+0000] {processor.py:830} INFO - Processing file /home/airflow/.local/lib/python3.8/site-packages/airflow/example_dags/example_sensors.py for tasks to queue
[2024-09-05T13:15:00.612+0000] {logging_mixin.py:188} INFO - [2024-09-05T13:15:00.612+0000] {dagbag.py:538} INFO - Filling up the DagBag from /home/airflow/.local/lib/python3.8/site-packages/airflow/example_dags/example_sensors.py
[2024-09-05T13:15:00.643+0000] {processor.py:840} INFO - DAG(s) 'example_sensors' retrieved from /home/airflow/.local/lib/python3.8/site-packages/airflow/example_dags/example_sensors.py
[2024-09-05T13:15:00.729+0000] {logging_mixin.py:188} INFO - [2024-09-05T13:15:00.728+0000] {dag.py:3036} INFO - Sync 1 DAGs
[2024-09-05T13:15:00.775+0000] {logging_mixin.py:188} INFO - [2024-09-05T13:15:00.774+0000] {dag.py:3823} INFO - Setting next_dagrun for example_sensors to None, run_after=None
[2024-09-05T13:15:00.832+0000] {processor.py:183} INFO - Processing /home/airflow/.local/lib/python3.8/site-packages/airflow/example_dags/example_sensors.py took 0.239 seconds
[2024-09-05T13:15:30.991+0000] {processor.py:161} INFO - Started process (PID=1093) to work on /home/airflow/.local/lib/python3.8/site-packages/airflow/example_dags/example_sensors.py
[2024-09-05T13:15:30.991+0000] {processor.py:830} INFO - Processing file /home/airflow/.local/lib/python3.8/site-packages/airflow/example_dags/example_sensors.py for tasks to queue
[2024-09-05T13:15:30.992+0000] {logging_mixin.py:188} INFO - [2024-09-05T13:15:30.992+0000] {dagbag.py:538} INFO - Filling up the DagBag from /home/airflow/.local/lib/python3.8/site-packages/airflow/example_dags/example_sensors.py
[2024-09-05T13:15:31.002+0000] {processor.py:840} INFO - DAG(s) 'example_sensors' retrieved from /home/airflow/.local/lib/python3.8/site-packages/airflow/example_dags/example_sensors.py
[2024-09-05T13:15:31.028+0000] {logging_mixin.py:188} INFO - [2024-09-05T13:15:31.028+0000] {dag.py:3036} INFO - Sync 1 DAGs
[2024-09-05T13:15:31.041+0000] {logging_mixin.py:188} INFO - [2024-09-05T13:15:31.041+0000] {dag.py:3823} INFO - Setting next_dagrun for example_sensors to None, run_after=None
[2024-09-05T13:15:31.062+0000] {processor.py:183} INFO - Processing /home/airflow/.local/lib/python3.8/site-packages/airflow/example_dags/example_sensors.py took 0.078 seconds
[2024-09-05T13:16:01.268+0000] {processor.py:161} INFO - Started process (PID=1153) to work on /home/airflow/.local/lib/python3.8/site-packages/airflow/example_dags/example_sensors.py
[2024-09-05T13:16:01.269+0000] {processor.py:830} INFO - Processing file /home/airflow/.local/lib/python3.8/site-packages/airflow/example_dags/example_sensors.py for tasks to queue
[2024-09-05T13:16:01.270+0000] {logging_mixin.py:188} INFO - [2024-09-05T13:16:01.270+0000] {dagbag.py:538} INFO - Filling up the DagBag from /home/airflow/.local/lib/python3.8/site-packages/airflow/example_dags/example_sensors.py
[2024-09-05T13:16:01.282+0000] {processor.py:840} INFO - DAG(s) 'example_sensors' retrieved from /home/airflow/.local/lib/python3.8/site-packages/airflow/example_dags/example_sensors.py
[2024-09-05T13:16:01.315+0000] {logging_mixin.py:188} INFO - [2024-09-05T13:16:01.315+0000] {dag.py:3036} INFO - Sync 1 DAGs
[2024-09-05T13:16:01.331+0000] {logging_mixin.py:188} INFO - [2024-09-05T13:16:01.331+0000] {dag.py:3823} INFO - Setting next_dagrun for example_sensors to None, run_after=None
[2024-09-05T13:16:01.366+0000] {processor.py:183} INFO - Processing /home/airflow/.local/lib/python3.8/site-packages/airflow/example_dags/example_sensors.py took 0.102 seconds
[2024-09-05T13:16:32.146+0000] {processor.py:161} INFO - Started process (PID=1211) to work on /home/airflow/.local/lib/python3.8/site-packages/airflow/example_dags/example_sensors.py
[2024-09-05T13:16:32.146+0000] {processor.py:830} INFO - Processing file /home/airflow/.local/lib/python3.8/site-packages/airflow/example_dags/example_sensors.py for tasks to queue
[2024-09-05T13:16:32.148+0000] {logging_mixin.py:188} INFO - [2024-09-05T13:16:32.147+0000] {dagbag.py:538} INFO - Filling up the DagBag from /home/airflow/.local/lib/python3.8/site-packages/airflow/example_dags/example_sensors.py
[2024-09-05T13:16:32.161+0000] {processor.py:840} INFO - DAG(s) 'example_sensors' retrieved from /home/airflow/.local/lib/python3.8/site-packages/airflow/example_dags/example_sensors.py
[2024-09-05T13:16:32.192+0000] {logging_mixin.py:188} INFO - [2024-09-05T13:16:32.191+0000] {dag.py:3036} INFO - Sync 1 DAGs
[2024-09-05T13:16:32.206+0000] {logging_mixin.py:188} INFO - [2024-09-05T13:16:32.205+0000] {dag.py:3823} INFO - Setting next_dagrun for example_sensors to None, run_after=None
[2024-09-05T13:16:32.240+0000] {processor.py:183} INFO - Processing /home/airflow/.local/lib/python3.8/site-packages/airflow/example_dags/example_sensors.py took 0.098 seconds
[2024-09-05T13:17:02.956+0000] {processor.py:161} INFO - Started process (PID=1268) to work on /home/airflow/.local/lib/python3.8/site-packages/airflow/example_dags/example_sensors.py
[2024-09-05T13:17:02.957+0000] {processor.py:830} INFO - Processing file /home/airflow/.local/lib/python3.8/site-packages/airflow/example_dags/example_sensors.py for tasks to queue
[2024-09-05T13:17:02.958+0000] {logging_mixin.py:188} INFO - [2024-09-05T13:17:02.958+0000] {dagbag.py:538} INFO - Filling up the DagBag from /home/airflow/.local/lib/python3.8/site-packages/airflow/example_dags/example_sensors.py
[2024-09-05T13:17:02.968+0000] {processor.py:840} INFO - DAG(s) 'example_sensors' retrieved from /home/airflow/.local/lib/python3.8/site-packages/airflow/example_dags/example_sensors.py
[2024-09-05T13:17:02.996+0000] {logging_mixin.py:188} INFO - [2024-09-05T13:17:02.996+0000] {dag.py:3036} INFO - Sync 1 DAGs
[2024-09-05T13:17:03.010+0000] {logging_mixin.py:188} INFO - [2024-09-05T13:17:03.010+0000] {dag.py:3823} INFO - Setting next_dagrun for example_sensors to None, run_after=None
[2024-09-05T13:17:03.031+0000] {processor.py:183} INFO - Processing /home/airflow/.local/lib/python3.8/site-packages/airflow/example_dags/example_sensors.py took 0.080 seconds
[2024-09-05T13:17:33.567+0000] {processor.py:161} INFO - Started process (PID=1325) to work on /home/airflow/.local/lib/python3.8/site-packages/airflow/example_dags/example_sensors.py
[2024-09-05T13:17:33.568+0000] {processor.py:830} INFO - Processing file /home/airflow/.local/lib/python3.8/site-packages/airflow/example_dags/example_sensors.py for tasks to queue
[2024-09-05T13:17:33.569+0000] {logging_mixin.py:188} INFO - [2024-09-05T13:17:33.569+0000] {dagbag.py:538} INFO - Filling up the DagBag from /home/airflow/.local/lib/python3.8/site-packages/airflow/example_dags/example_sensors.py
[2024-09-05T13:17:33.579+0000] {processor.py:840} INFO - DAG(s) 'example_sensors' retrieved from /home/airflow/.local/lib/python3.8/site-packages/airflow/example_dags/example_sensors.py
[2024-09-05T13:17:33.606+0000] {logging_mixin.py:188} INFO - [2024-09-05T13:17:33.606+0000] {dag.py:3036} INFO - Sync 1 DAGs
[2024-09-05T13:17:33.620+0000] {logging_mixin.py:188} INFO - [2024-09-05T13:17:33.620+0000] {dag.py:3823} INFO - Setting next_dagrun for example_sensors to None, run_after=None
[2024-09-05T13:17:33.645+0000] {processor.py:183} INFO - Processing /home/airflow/.local/lib/python3.8/site-packages/airflow/example_dags/example_sensors.py took 0.081 seconds
[2024-09-05T13:18:04.061+0000] {processor.py:161} INFO - Started process (PID=1382) to work on /home/airflow/.local/lib/python3.8/site-packages/airflow/example_dags/example_sensors.py
[2024-09-05T13:18:04.062+0000] {processor.py:830} INFO - Processing file /home/airflow/.local/lib/python3.8/site-packages/airflow/example_dags/example_sensors.py for tasks to queue
[2024-09-05T13:18:04.063+0000] {logging_mixin.py:188} INFO - [2024-09-05T13:18:04.062+0000] {dagbag.py:538} INFO - Filling up the DagBag from /home/airflow/.local/lib/python3.8/site-packages/airflow/example_dags/example_sensors.py
[2024-09-05T13:18:04.071+0000] {processor.py:840} INFO - DAG(s) 'example_sensors' retrieved from /home/airflow/.local/lib/python3.8/site-packages/airflow/example_dags/example_sensors.py
[2024-09-05T13:18:04.095+0000] {logging_mixin.py:188} INFO - [2024-09-05T13:18:04.094+0000] {dag.py:3036} INFO - Sync 1 DAGs
[2024-09-05T13:18:04.107+0000] {logging_mixin.py:188} INFO - [2024-09-05T13:18:04.106+0000] {dag.py:3823} INFO - Setting next_dagrun for example_sensors to None, run_after=None
[2024-09-05T13:18:04.127+0000] {processor.py:183} INFO - Processing /home/airflow/.local/lib/python3.8/site-packages/airflow/example_dags/example_sensors.py took 0.070 seconds
[2024-09-05T13:18:34.473+0000] {processor.py:161} INFO - Started process (PID=1439) to work on /home/airflow/.local/lib/python3.8/site-packages/airflow/example_dags/example_sensors.py
[2024-09-05T13:18:34.474+0000] {processor.py:830} INFO - Processing file /home/airflow/.local/lib/python3.8/site-packages/airflow/example_dags/example_sensors.py for tasks to queue
[2024-09-05T13:18:34.475+0000] {logging_mixin.py:188} INFO - [2024-09-05T13:18:34.474+0000] {dagbag.py:538} INFO - Filling up the DagBag from /home/airflow/.local/lib/python3.8/site-packages/airflow/example_dags/example_sensors.py
[2024-09-05T13:18:34.486+0000] {processor.py:840} INFO - DAG(s) 'example_sensors' retrieved from /home/airflow/.local/lib/python3.8/site-packages/airflow/example_dags/example_sensors.py
[2024-09-05T13:18:34.512+0000] {logging_mixin.py:188} INFO - [2024-09-05T13:18:34.511+0000] {dag.py:3036} INFO - Sync 1 DAGs
[2024-09-05T13:18:34.524+0000] {logging_mixin.py:188} INFO - [2024-09-05T13:18:34.524+0000] {dag.py:3823} INFO - Setting next_dagrun for example_sensors to None, run_after=None
[2024-09-05T13:18:34.546+0000] {processor.py:183} INFO - Processing /home/airflow/.local/lib/python3.8/site-packages/airflow/example_dags/example_sensors.py took 0.076 seconds
[2024-09-05T13:19:05.743+0000] {processor.py:161} INFO - Started process (PID=1496) to work on /home/airflow/.local/lib/python3.8/site-packages/airflow/example_dags/example_sensors.py
[2024-09-05T13:19:05.754+0000] {processor.py:830} INFO - Processing file /home/airflow/.local/lib/python3.8/site-packages/airflow/example_dags/example_sensors.py for tasks to queue
[2024-09-05T13:19:05.762+0000] {logging_mixin.py:188} INFO - [2024-09-05T13:19:05.762+0000] {dagbag.py:538} INFO - Filling up the DagBag from /home/airflow/.local/lib/python3.8/site-packages/airflow/example_dags/example_sensors.py
[2024-09-05T13:19:05.784+0000] {processor.py:840} INFO - DAG(s) 'example_sensors' retrieved from /home/airflow/.local/lib/python3.8/site-packages/airflow/example_dags/example_sensors.py
[2024-09-05T13:19:05.837+0000] {logging_mixin.py:188} INFO - [2024-09-05T13:19:05.837+0000] {dag.py:3036} INFO - Sync 1 DAGs
[2024-09-05T13:19:05.872+0000] {logging_mixin.py:188} INFO - [2024-09-05T13:19:05.871+0000] {dag.py:3823} INFO - Setting next_dagrun for example_sensors to None, run_after=None
[2024-09-05T13:19:05.932+0000] {processor.py:183} INFO - Processing /home/airflow/.local/lib/python3.8/site-packages/airflow/example_dags/example_sensors.py took 0.202 seconds
[2024-09-05T13:19:36.034+0000] {processor.py:161} INFO - Started process (PID=1558) to work on /home/airflow/.local/lib/python3.8/site-packages/airflow/example_dags/example_sensors.py
[2024-09-05T13:19:36.035+0000] {processor.py:830} INFO - Processing file /home/airflow/.local/lib/python3.8/site-packages/airflow/example_dags/example_sensors.py for tasks to queue
[2024-09-05T13:19:36.036+0000] {logging_mixin.py:188} INFO - [2024-09-05T13:19:36.035+0000] {dagbag.py:538} INFO - Filling up the DagBag from /home/airflow/.local/lib/python3.8/site-packages/airflow/example_dags/example_sensors.py
[2024-09-05T13:19:36.044+0000] {processor.py:840} INFO - DAG(s) 'example_sensors' retrieved from /home/airflow/.local/lib/python3.8/site-packages/airflow/example_dags/example_sensors.py
[2024-09-05T13:19:36.070+0000] {logging_mixin.py:188} INFO - [2024-09-05T13:19:36.070+0000] {dag.py:3036} INFO - Sync 1 DAGs
[2024-09-05T13:19:36.085+0000] {logging_mixin.py:188} INFO - [2024-09-05T13:19:36.085+0000] {dag.py:3823} INFO - Setting next_dagrun for example_sensors to None, run_after=None
[2024-09-05T13:19:36.109+0000] {processor.py:183} INFO - Processing /home/airflow/.local/lib/python3.8/site-packages/airflow/example_dags/example_sensors.py took 0.078 seconds
[2024-09-05T13:20:06.331+0000] {processor.py:161} INFO - Started process (PID=1615) to work on /home/airflow/.local/lib/python3.8/site-packages/airflow/example_dags/example_sensors.py
[2024-09-05T13:20:06.332+0000] {processor.py:830} INFO - Processing file /home/airflow/.local/lib/python3.8/site-packages/airflow/example_dags/example_sensors.py for tasks to queue
[2024-09-05T13:20:06.334+0000] {logging_mixin.py:188} INFO - [2024-09-05T13:20:06.333+0000] {dagbag.py:538} INFO - Filling up the DagBag from /home/airflow/.local/lib/python3.8/site-packages/airflow/example_dags/example_sensors.py
[2024-09-05T13:20:06.345+0000] {processor.py:840} INFO - DAG(s) 'example_sensors' retrieved from /home/airflow/.local/lib/python3.8/site-packages/airflow/example_dags/example_sensors.py
[2024-09-05T13:20:06.377+0000] {logging_mixin.py:188} INFO - [2024-09-05T13:20:06.377+0000] {dag.py:3036} INFO - Sync 1 DAGs
[2024-09-05T13:20:06.393+0000] {logging_mixin.py:188} INFO - [2024-09-05T13:20:06.392+0000] {dag.py:3823} INFO - Setting next_dagrun for example_sensors to None, run_after=None
[2024-09-05T13:20:06.419+0000] {processor.py:183} INFO - Processing /home/airflow/.local/lib/python3.8/site-packages/airflow/example_dags/example_sensors.py took 0.091 seconds
