[2024-09-05T12:26:59.919+0000] {processor.py:161} INFO - Started process (PID=64) to work on /home/airflow/.local/lib/python3.8/site-packages/airflow/example_dags/example_xcom.py
[2024-09-05T12:26:59.920+0000] {processor.py:830} INFO - Processing file /home/airflow/.local/lib/python3.8/site-packages/airflow/example_dags/example_xcom.py for tasks to queue
[2024-09-05T12:26:59.922+0000] {logging_mixin.py:188} INFO - [2024-09-05T12:26:59.921+0000] {dagbag.py:538} INFO - Filling up the DagBag from /home/airflow/.local/lib/python3.8/site-packages/airflow/example_dags/example_xcom.py
[2024-09-05T12:26:59.942+0000] {processor.py:840} INFO - DAG(s) 'example_xcom' retrieved from /home/airflow/.local/lib/python3.8/site-packages/airflow/example_dags/example_xcom.py
[2024-09-05T12:27:00.201+0000] {logging_mixin.py:188} INFO - [2024-09-05T12:27:00.201+0000] {dag.py:3036} INFO - Sync 1 DAGs
[2024-09-05T12:27:00.264+0000] {logging_mixin.py:188} INFO - [2024-09-05T12:27:00.262+0000] {dag.py:3823} INFO - Setting next_dagrun for example_xcom to 2021-01-01 00:00:00+00:00, run_after=2021-01-01 00:00:00+00:00
[2024-09-05T12:27:00.330+0000] {processor.py:183} INFO - Processing /home/airflow/.local/lib/python3.8/site-packages/airflow/example_dags/example_xcom.py took 0.417 seconds
[2024-09-05T12:27:30.999+0000] {processor.py:161} INFO - Started process (PID=121) to work on /home/airflow/.local/lib/python3.8/site-packages/airflow/example_dags/example_xcom.py
[2024-09-05T12:27:31.001+0000] {processor.py:830} INFO - Processing file /home/airflow/.local/lib/python3.8/site-packages/airflow/example_dags/example_xcom.py for tasks to queue
[2024-09-05T12:27:31.002+0000] {logging_mixin.py:188} INFO - [2024-09-05T12:27:31.002+0000] {dagbag.py:538} INFO - Filling up the DagBag from /home/airflow/.local/lib/python3.8/site-packages/airflow/example_dags/example_xcom.py
[2024-09-05T12:27:31.013+0000] {processor.py:840} INFO - DAG(s) 'example_xcom' retrieved from /home/airflow/.local/lib/python3.8/site-packages/airflow/example_dags/example_xcom.py
[2024-09-05T12:27:31.028+0000] {logging_mixin.py:188} INFO - [2024-09-05T12:27:31.028+0000] {dag.py:3036} INFO - Sync 1 DAGs
[2024-09-05T12:27:31.054+0000] {logging_mixin.py:188} INFO - [2024-09-05T12:27:31.054+0000] {dag.py:3823} INFO - Setting next_dagrun for example_xcom to 2021-01-01 00:00:00+00:00, run_after=2021-01-01 00:00:00+00:00
[2024-09-05T12:27:31.081+0000] {processor.py:183} INFO - Processing /home/airflow/.local/lib/python3.8/site-packages/airflow/example_dags/example_xcom.py took 0.086 seconds
[2024-09-05T12:28:01.740+0000] {processor.py:161} INFO - Started process (PID=178) to work on /home/airflow/.local/lib/python3.8/site-packages/airflow/example_dags/example_xcom.py
[2024-09-05T12:28:01.741+0000] {processor.py:830} INFO - Processing file /home/airflow/.local/lib/python3.8/site-packages/airflow/example_dags/example_xcom.py for tasks to queue
[2024-09-05T12:28:01.744+0000] {logging_mixin.py:188} INFO - [2024-09-05T12:28:01.743+0000] {dagbag.py:538} INFO - Filling up the DagBag from /home/airflow/.local/lib/python3.8/site-packages/airflow/example_dags/example_xcom.py
[2024-09-05T12:28:01.757+0000] {processor.py:840} INFO - DAG(s) 'example_xcom' retrieved from /home/airflow/.local/lib/python3.8/site-packages/airflow/example_dags/example_xcom.py
[2024-09-05T12:28:01.900+0000] {logging_mixin.py:188} INFO - [2024-09-05T12:28:01.899+0000] {dag.py:3036} INFO - Sync 1 DAGs
[2024-09-05T12:28:01.926+0000] {logging_mixin.py:188} INFO - [2024-09-05T12:28:01.926+0000] {dag.py:3823} INFO - Setting next_dagrun for example_xcom to 2021-01-01 00:00:00+00:00, run_after=2021-01-01 00:00:00+00:00
[2024-09-05T12:28:01.954+0000] {processor.py:183} INFO - Processing /home/airflow/.local/lib/python3.8/site-packages/airflow/example_dags/example_xcom.py took 0.219 seconds
[2024-09-05T12:28:32.795+0000] {processor.py:161} INFO - Started process (PID=235) to work on /home/airflow/.local/lib/python3.8/site-packages/airflow/example_dags/example_xcom.py
[2024-09-05T12:28:32.796+0000] {processor.py:830} INFO - Processing file /home/airflow/.local/lib/python3.8/site-packages/airflow/example_dags/example_xcom.py for tasks to queue
[2024-09-05T12:28:32.797+0000] {logging_mixin.py:188} INFO - [2024-09-05T12:28:32.797+0000] {dagbag.py:538} INFO - Filling up the DagBag from /home/airflow/.local/lib/python3.8/site-packages/airflow/example_dags/example_xcom.py
[2024-09-05T12:28:32.808+0000] {processor.py:840} INFO - DAG(s) 'example_xcom' retrieved from /home/airflow/.local/lib/python3.8/site-packages/airflow/example_dags/example_xcom.py
[2024-09-05T12:28:32.832+0000] {logging_mixin.py:188} INFO - [2024-09-05T12:28:32.832+0000] {dag.py:3036} INFO - Sync 1 DAGs
[2024-09-05T12:28:32.856+0000] {logging_mixin.py:188} INFO - [2024-09-05T12:28:32.856+0000] {dag.py:3823} INFO - Setting next_dagrun for example_xcom to 2021-01-01 00:00:00+00:00, run_after=2021-01-01 00:00:00+00:00
[2024-09-05T12:28:32.878+0000] {processor.py:183} INFO - Processing /home/airflow/.local/lib/python3.8/site-packages/airflow/example_dags/example_xcom.py took 0.087 seconds
[2024-09-05T12:29:03.373+0000] {processor.py:161} INFO - Started process (PID=292) to work on /home/airflow/.local/lib/python3.8/site-packages/airflow/example_dags/example_xcom.py
[2024-09-05T12:29:03.376+0000] {processor.py:830} INFO - Processing file /home/airflow/.local/lib/python3.8/site-packages/airflow/example_dags/example_xcom.py for tasks to queue
[2024-09-05T12:29:03.378+0000] {logging_mixin.py:188} INFO - [2024-09-05T12:29:03.378+0000] {dagbag.py:538} INFO - Filling up the DagBag from /home/airflow/.local/lib/python3.8/site-packages/airflow/example_dags/example_xcom.py
[2024-09-05T12:29:03.387+0000] {processor.py:840} INFO - DAG(s) 'example_xcom' retrieved from /home/airflow/.local/lib/python3.8/site-packages/airflow/example_dags/example_xcom.py
[2024-09-05T12:29:03.421+0000] {logging_mixin.py:188} INFO - [2024-09-05T12:29:03.420+0000] {dag.py:3036} INFO - Sync 1 DAGs
[2024-09-05T12:29:03.448+0000] {logging_mixin.py:188} INFO - [2024-09-05T12:29:03.448+0000] {dag.py:3823} INFO - Setting next_dagrun for example_xcom to 2021-01-01 00:00:00+00:00, run_after=2021-01-01 00:00:00+00:00
[2024-09-05T12:29:03.470+0000] {processor.py:183} INFO - Processing /home/airflow/.local/lib/python3.8/site-packages/airflow/example_dags/example_xcom.py took 0.100 seconds
[2024-09-05T12:29:33.749+0000] {processor.py:161} INFO - Started process (PID=349) to work on /home/airflow/.local/lib/python3.8/site-packages/airflow/example_dags/example_xcom.py
[2024-09-05T12:29:33.750+0000] {processor.py:830} INFO - Processing file /home/airflow/.local/lib/python3.8/site-packages/airflow/example_dags/example_xcom.py for tasks to queue
[2024-09-05T12:29:33.751+0000] {logging_mixin.py:188} INFO - [2024-09-05T12:29:33.751+0000] {dagbag.py:538} INFO - Filling up the DagBag from /home/airflow/.local/lib/python3.8/site-packages/airflow/example_dags/example_xcom.py
[2024-09-05T12:29:33.764+0000] {processor.py:840} INFO - DAG(s) 'example_xcom' retrieved from /home/airflow/.local/lib/python3.8/site-packages/airflow/example_dags/example_xcom.py
[2024-09-05T12:29:33.809+0000] {logging_mixin.py:188} INFO - [2024-09-05T12:29:33.809+0000] {dag.py:3036} INFO - Sync 1 DAGs
[2024-09-05T12:29:33.833+0000] {logging_mixin.py:188} INFO - [2024-09-05T12:29:33.833+0000] {dag.py:3823} INFO - Setting next_dagrun for example_xcom to 2021-01-01 00:00:00+00:00, run_after=2021-01-01 00:00:00+00:00
[2024-09-05T12:29:33.854+0000] {processor.py:183} INFO - Processing /home/airflow/.local/lib/python3.8/site-packages/airflow/example_dags/example_xcom.py took 0.108 seconds
[2024-09-05T12:30:04.126+0000] {processor.py:161} INFO - Started process (PID=406) to work on /home/airflow/.local/lib/python3.8/site-packages/airflow/example_dags/example_xcom.py
[2024-09-05T12:30:04.126+0000] {processor.py:830} INFO - Processing file /home/airflow/.local/lib/python3.8/site-packages/airflow/example_dags/example_xcom.py for tasks to queue
[2024-09-05T12:30:04.127+0000] {logging_mixin.py:188} INFO - [2024-09-05T12:30:04.127+0000] {dagbag.py:538} INFO - Filling up the DagBag from /home/airflow/.local/lib/python3.8/site-packages/airflow/example_dags/example_xcom.py
[2024-09-05T12:30:04.143+0000] {processor.py:840} INFO - DAG(s) 'example_xcom' retrieved from /home/airflow/.local/lib/python3.8/site-packages/airflow/example_dags/example_xcom.py
[2024-09-05T12:30:04.187+0000] {logging_mixin.py:188} INFO - [2024-09-05T12:30:04.186+0000] {dag.py:3036} INFO - Sync 1 DAGs
[2024-09-05T12:30:04.212+0000] {logging_mixin.py:188} INFO - [2024-09-05T12:30:04.212+0000] {dag.py:3823} INFO - Setting next_dagrun for example_xcom to 2021-01-01 00:00:00+00:00, run_after=2021-01-01 00:00:00+00:00
[2024-09-05T12:30:04.241+0000] {processor.py:183} INFO - Processing /home/airflow/.local/lib/python3.8/site-packages/airflow/example_dags/example_xcom.py took 0.119 seconds
[2024-09-05T12:30:34.393+0000] {processor.py:161} INFO - Started process (PID=469) to work on /home/airflow/.local/lib/python3.8/site-packages/airflow/example_dags/example_xcom.py
[2024-09-05T12:30:34.393+0000] {processor.py:830} INFO - Processing file /home/airflow/.local/lib/python3.8/site-packages/airflow/example_dags/example_xcom.py for tasks to queue
[2024-09-05T12:30:34.394+0000] {logging_mixin.py:188} INFO - [2024-09-05T12:30:34.394+0000] {dagbag.py:538} INFO - Filling up the DagBag from /home/airflow/.local/lib/python3.8/site-packages/airflow/example_dags/example_xcom.py
[2024-09-05T12:30:34.402+0000] {processor.py:840} INFO - DAG(s) 'example_xcom' retrieved from /home/airflow/.local/lib/python3.8/site-packages/airflow/example_dags/example_xcom.py
[2024-09-05T12:30:34.428+0000] {logging_mixin.py:188} INFO - [2024-09-05T12:30:34.427+0000] {dag.py:3036} INFO - Sync 1 DAGs
[2024-09-05T12:30:34.454+0000] {logging_mixin.py:188} INFO - [2024-09-05T12:30:34.453+0000] {dag.py:3823} INFO - Setting next_dagrun for example_xcom to 2021-01-01 00:00:00+00:00, run_after=2021-01-01 00:00:00+00:00
[2024-09-05T12:30:34.476+0000] {processor.py:183} INFO - Processing /home/airflow/.local/lib/python3.8/site-packages/airflow/example_dags/example_xcom.py took 0.088 seconds
[2024-09-05T12:31:04.657+0000] {processor.py:161} INFO - Started process (PID=526) to work on /home/airflow/.local/lib/python3.8/site-packages/airflow/example_dags/example_xcom.py
[2024-09-05T12:31:04.658+0000] {processor.py:830} INFO - Processing file /home/airflow/.local/lib/python3.8/site-packages/airflow/example_dags/example_xcom.py for tasks to queue
[2024-09-05T12:31:04.659+0000] {logging_mixin.py:188} INFO - [2024-09-05T12:31:04.659+0000] {dagbag.py:538} INFO - Filling up the DagBag from /home/airflow/.local/lib/python3.8/site-packages/airflow/example_dags/example_xcom.py
[2024-09-05T12:31:04.669+0000] {processor.py:840} INFO - DAG(s) 'example_xcom' retrieved from /home/airflow/.local/lib/python3.8/site-packages/airflow/example_dags/example_xcom.py
[2024-09-05T12:31:04.692+0000] {logging_mixin.py:188} INFO - [2024-09-05T12:31:04.691+0000] {dag.py:3036} INFO - Sync 1 DAGs
[2024-09-05T12:31:04.721+0000] {logging_mixin.py:188} INFO - [2024-09-05T12:31:04.720+0000] {dag.py:3823} INFO - Setting next_dagrun for example_xcom to 2021-01-01 00:00:00+00:00, run_after=2021-01-01 00:00:00+00:00
[2024-09-05T12:31:04.741+0000] {processor.py:183} INFO - Processing /home/airflow/.local/lib/python3.8/site-packages/airflow/example_dags/example_xcom.py took 0.089 seconds
[2024-09-05T12:45:20.895+0000] {processor.py:161} INFO - Started process (PID=64) to work on /home/airflow/.local/lib/python3.8/site-packages/airflow/example_dags/example_xcom.py
[2024-09-05T12:45:20.901+0000] {processor.py:830} INFO - Processing file /home/airflow/.local/lib/python3.8/site-packages/airflow/example_dags/example_xcom.py for tasks to queue
[2024-09-05T12:45:20.905+0000] {logging_mixin.py:188} INFO - [2024-09-05T12:45:20.904+0000] {dagbag.py:538} INFO - Filling up the DagBag from /home/airflow/.local/lib/python3.8/site-packages/airflow/example_dags/example_xcom.py
[2024-09-05T12:45:20.925+0000] {processor.py:840} INFO - DAG(s) 'example_xcom' retrieved from /home/airflow/.local/lib/python3.8/site-packages/airflow/example_dags/example_xcom.py
[2024-09-05T12:45:21.570+0000] {logging_mixin.py:188} INFO - [2024-09-05T12:45:21.569+0000] {dag.py:3036} INFO - Sync 1 DAGs
[2024-09-05T12:45:21.788+0000] {logging_mixin.py:188} INFO - [2024-09-05T12:45:21.641+0000] {dag.py:3823} INFO - Setting next_dagrun for example_xcom to 2021-01-01 00:00:00+00:00, run_after=2021-01-01 00:00:00+00:00
[2024-09-05T12:45:21.826+0000] {processor.py:183} INFO - Processing /home/airflow/.local/lib/python3.8/site-packages/airflow/example_dags/example_xcom.py took 0.943 seconds
[2024-09-05T12:45:52.085+0000] {processor.py:161} INFO - Started process (PID=121) to work on /home/airflow/.local/lib/python3.8/site-packages/airflow/example_dags/example_xcom.py
[2024-09-05T12:45:52.086+0000] {processor.py:830} INFO - Processing file /home/airflow/.local/lib/python3.8/site-packages/airflow/example_dags/example_xcom.py for tasks to queue
[2024-09-05T12:45:52.087+0000] {logging_mixin.py:188} INFO - [2024-09-05T12:45:52.087+0000] {dagbag.py:538} INFO - Filling up the DagBag from /home/airflow/.local/lib/python3.8/site-packages/airflow/example_dags/example_xcom.py
[2024-09-05T12:45:52.095+0000] {processor.py:840} INFO - DAG(s) 'example_xcom' retrieved from /home/airflow/.local/lib/python3.8/site-packages/airflow/example_dags/example_xcom.py
[2024-09-05T12:45:52.126+0000] {logging_mixin.py:188} INFO - [2024-09-05T12:45:52.126+0000] {dag.py:3036} INFO - Sync 1 DAGs
[2024-09-05T12:45:52.155+0000] {logging_mixin.py:188} INFO - [2024-09-05T12:45:52.154+0000] {dag.py:3823} INFO - Setting next_dagrun for example_xcom to 2021-01-01 00:00:00+00:00, run_after=2021-01-01 00:00:00+00:00
[2024-09-05T12:45:52.176+0000] {processor.py:183} INFO - Processing /home/airflow/.local/lib/python3.8/site-packages/airflow/example_dags/example_xcom.py took 0.095 seconds
[2024-09-05T12:46:23.065+0000] {processor.py:161} INFO - Started process (PID=178) to work on /home/airflow/.local/lib/python3.8/site-packages/airflow/example_dags/example_xcom.py
[2024-09-05T12:46:23.066+0000] {processor.py:830} INFO - Processing file /home/airflow/.local/lib/python3.8/site-packages/airflow/example_dags/example_xcom.py for tasks to queue
[2024-09-05T12:46:23.067+0000] {logging_mixin.py:188} INFO - [2024-09-05T12:46:23.067+0000] {dagbag.py:538} INFO - Filling up the DagBag from /home/airflow/.local/lib/python3.8/site-packages/airflow/example_dags/example_xcom.py
[2024-09-05T12:46:23.078+0000] {processor.py:840} INFO - DAG(s) 'example_xcom' retrieved from /home/airflow/.local/lib/python3.8/site-packages/airflow/example_dags/example_xcom.py
[2024-09-05T12:46:23.100+0000] {logging_mixin.py:188} INFO - [2024-09-05T12:46:23.100+0000] {dag.py:3036} INFO - Sync 1 DAGs
[2024-09-05T12:46:23.135+0000] {logging_mixin.py:188} INFO - [2024-09-05T12:46:23.135+0000] {dag.py:3823} INFO - Setting next_dagrun for example_xcom to 2021-01-01 00:00:00+00:00, run_after=2021-01-01 00:00:00+00:00
[2024-09-05T12:46:23.163+0000] {processor.py:183} INFO - Processing /home/airflow/.local/lib/python3.8/site-packages/airflow/example_dags/example_xcom.py took 0.101 seconds
[2024-09-05T12:46:53.290+0000] {processor.py:161} INFO - Started process (PID=235) to work on /home/airflow/.local/lib/python3.8/site-packages/airflow/example_dags/example_xcom.py
[2024-09-05T12:46:53.292+0000] {processor.py:830} INFO - Processing file /home/airflow/.local/lib/python3.8/site-packages/airflow/example_dags/example_xcom.py for tasks to queue
[2024-09-05T12:46:53.296+0000] {logging_mixin.py:188} INFO - [2024-09-05T12:46:53.295+0000] {dagbag.py:538} INFO - Filling up the DagBag from /home/airflow/.local/lib/python3.8/site-packages/airflow/example_dags/example_xcom.py
[2024-09-05T12:46:53.317+0000] {processor.py:840} INFO - DAG(s) 'example_xcom' retrieved from /home/airflow/.local/lib/python3.8/site-packages/airflow/example_dags/example_xcom.py
[2024-09-05T12:46:53.362+0000] {logging_mixin.py:188} INFO - [2024-09-05T12:46:53.362+0000] {dag.py:3036} INFO - Sync 1 DAGs
[2024-09-05T12:46:53.405+0000] {logging_mixin.py:188} INFO - [2024-09-05T12:46:53.405+0000] {dag.py:3823} INFO - Setting next_dagrun for example_xcom to 2021-01-01 00:00:00+00:00, run_after=2021-01-01 00:00:00+00:00
[2024-09-05T12:46:53.471+0000] {processor.py:183} INFO - Processing /home/airflow/.local/lib/python3.8/site-packages/airflow/example_dags/example_xcom.py took 0.187 seconds
[2024-09-05T12:47:23.936+0000] {processor.py:161} INFO - Started process (PID=292) to work on /home/airflow/.local/lib/python3.8/site-packages/airflow/example_dags/example_xcom.py
[2024-09-05T12:47:23.937+0000] {processor.py:830} INFO - Processing file /home/airflow/.local/lib/python3.8/site-packages/airflow/example_dags/example_xcom.py for tasks to queue
[2024-09-05T12:47:23.938+0000] {logging_mixin.py:188} INFO - [2024-09-05T12:47:23.938+0000] {dagbag.py:538} INFO - Filling up the DagBag from /home/airflow/.local/lib/python3.8/site-packages/airflow/example_dags/example_xcom.py
[2024-09-05T12:47:23.948+0000] {processor.py:840} INFO - DAG(s) 'example_xcom' retrieved from /home/airflow/.local/lib/python3.8/site-packages/airflow/example_dags/example_xcom.py
[2024-09-05T12:47:23.970+0000] {logging_mixin.py:188} INFO - [2024-09-05T12:47:23.970+0000] {dag.py:3036} INFO - Sync 1 DAGs
[2024-09-05T12:47:23.996+0000] {logging_mixin.py:188} INFO - [2024-09-05T12:47:23.995+0000] {dag.py:3823} INFO - Setting next_dagrun for example_xcom to 2021-01-01 00:00:00+00:00, run_after=2021-01-01 00:00:00+00:00
[2024-09-05T12:47:24.021+0000] {processor.py:183} INFO - Processing /home/airflow/.local/lib/python3.8/site-packages/airflow/example_dags/example_xcom.py took 0.089 seconds
[2024-09-05T12:47:54.070+0000] {processor.py:161} INFO - Started process (PID=350) to work on /home/airflow/.local/lib/python3.8/site-packages/airflow/example_dags/example_xcom.py
[2024-09-05T12:47:54.072+0000] {processor.py:830} INFO - Processing file /home/airflow/.local/lib/python3.8/site-packages/airflow/example_dags/example_xcom.py for tasks to queue
[2024-09-05T12:47:54.073+0000] {logging_mixin.py:188} INFO - [2024-09-05T12:47:54.073+0000] {dagbag.py:538} INFO - Filling up the DagBag from /home/airflow/.local/lib/python3.8/site-packages/airflow/example_dags/example_xcom.py
[2024-09-05T12:47:54.081+0000] {processor.py:840} INFO - DAG(s) 'example_xcom' retrieved from /home/airflow/.local/lib/python3.8/site-packages/airflow/example_dags/example_xcom.py
[2024-09-05T12:47:54.102+0000] {logging_mixin.py:188} INFO - [2024-09-05T12:47:54.102+0000] {dag.py:3036} INFO - Sync 1 DAGs
[2024-09-05T12:47:54.168+0000] {logging_mixin.py:188} INFO - [2024-09-05T12:47:54.168+0000] {dag.py:3823} INFO - Setting next_dagrun for example_xcom to 2021-01-01 00:00:00+00:00, run_after=2021-01-01 00:00:00+00:00
[2024-09-05T12:47:54.196+0000] {processor.py:183} INFO - Processing /home/airflow/.local/lib/python3.8/site-packages/airflow/example_dags/example_xcom.py took 0.129 seconds
[2024-09-05T12:48:24.332+0000] {processor.py:161} INFO - Started process (PID=407) to work on /home/airflow/.local/lib/python3.8/site-packages/airflow/example_dags/example_xcom.py
[2024-09-05T12:48:24.333+0000] {processor.py:830} INFO - Processing file /home/airflow/.local/lib/python3.8/site-packages/airflow/example_dags/example_xcom.py for tasks to queue
[2024-09-05T12:48:24.334+0000] {logging_mixin.py:188} INFO - [2024-09-05T12:48:24.334+0000] {dagbag.py:538} INFO - Filling up the DagBag from /home/airflow/.local/lib/python3.8/site-packages/airflow/example_dags/example_xcom.py
[2024-09-05T12:48:24.345+0000] {processor.py:840} INFO - DAG(s) 'example_xcom' retrieved from /home/airflow/.local/lib/python3.8/site-packages/airflow/example_dags/example_xcom.py
[2024-09-05T12:48:24.370+0000] {logging_mixin.py:188} INFO - [2024-09-05T12:48:24.370+0000] {dag.py:3036} INFO - Sync 1 DAGs
[2024-09-05T12:48:24.397+0000] {logging_mixin.py:188} INFO - [2024-09-05T12:48:24.397+0000] {dag.py:3823} INFO - Setting next_dagrun for example_xcom to 2021-01-01 00:00:00+00:00, run_after=2021-01-01 00:00:00+00:00
[2024-09-05T12:48:24.421+0000] {processor.py:183} INFO - Processing /home/airflow/.local/lib/python3.8/site-packages/airflow/example_dags/example_xcom.py took 0.093 seconds
[2024-09-05T12:48:54.506+0000] {processor.py:161} INFO - Started process (PID=464) to work on /home/airflow/.local/lib/python3.8/site-packages/airflow/example_dags/example_xcom.py
[2024-09-05T12:48:54.507+0000] {processor.py:830} INFO - Processing file /home/airflow/.local/lib/python3.8/site-packages/airflow/example_dags/example_xcom.py for tasks to queue
[2024-09-05T12:48:54.508+0000] {logging_mixin.py:188} INFO - [2024-09-05T12:48:54.508+0000] {dagbag.py:538} INFO - Filling up the DagBag from /home/airflow/.local/lib/python3.8/site-packages/airflow/example_dags/example_xcom.py
[2024-09-05T12:48:54.517+0000] {processor.py:840} INFO - DAG(s) 'example_xcom' retrieved from /home/airflow/.local/lib/python3.8/site-packages/airflow/example_dags/example_xcom.py
[2024-09-05T12:48:54.541+0000] {logging_mixin.py:188} INFO - [2024-09-05T12:48:54.541+0000] {dag.py:3036} INFO - Sync 1 DAGs
[2024-09-05T12:48:54.566+0000] {logging_mixin.py:188} INFO - [2024-09-05T12:48:54.565+0000] {dag.py:3823} INFO - Setting next_dagrun for example_xcom to 2021-01-01 00:00:00+00:00, run_after=2021-01-01 00:00:00+00:00
[2024-09-05T12:48:54.589+0000] {processor.py:183} INFO - Processing /home/airflow/.local/lib/python3.8/site-packages/airflow/example_dags/example_xcom.py took 0.086 seconds
[2024-09-05T12:49:24.727+0000] {processor.py:161} INFO - Started process (PID=521) to work on /home/airflow/.local/lib/python3.8/site-packages/airflow/example_dags/example_xcom.py
[2024-09-05T12:49:24.728+0000] {processor.py:830} INFO - Processing file /home/airflow/.local/lib/python3.8/site-packages/airflow/example_dags/example_xcom.py for tasks to queue
[2024-09-05T12:49:24.729+0000] {logging_mixin.py:188} INFO - [2024-09-05T12:49:24.728+0000] {dagbag.py:538} INFO - Filling up the DagBag from /home/airflow/.local/lib/python3.8/site-packages/airflow/example_dags/example_xcom.py
[2024-09-05T12:49:24.737+0000] {processor.py:840} INFO - DAG(s) 'example_xcom' retrieved from /home/airflow/.local/lib/python3.8/site-packages/airflow/example_dags/example_xcom.py
[2024-09-05T12:49:24.762+0000] {logging_mixin.py:188} INFO - [2024-09-05T12:49:24.762+0000] {dag.py:3036} INFO - Sync 1 DAGs
[2024-09-05T12:49:24.786+0000] {logging_mixin.py:188} INFO - [2024-09-05T12:49:24.785+0000] {dag.py:3823} INFO - Setting next_dagrun for example_xcom to 2021-01-01 00:00:00+00:00, run_after=2021-01-01 00:00:00+00:00
[2024-09-05T12:49:24.810+0000] {processor.py:183} INFO - Processing /home/airflow/.local/lib/python3.8/site-packages/airflow/example_dags/example_xcom.py took 0.086 seconds
[2024-09-05T12:49:55.005+0000] {processor.py:161} INFO - Started process (PID=578) to work on /home/airflow/.local/lib/python3.8/site-packages/airflow/example_dags/example_xcom.py
[2024-09-05T12:49:55.006+0000] {processor.py:830} INFO - Processing file /home/airflow/.local/lib/python3.8/site-packages/airflow/example_dags/example_xcom.py for tasks to queue
[2024-09-05T12:49:55.007+0000] {logging_mixin.py:188} INFO - [2024-09-05T12:49:55.007+0000] {dagbag.py:538} INFO - Filling up the DagBag from /home/airflow/.local/lib/python3.8/site-packages/airflow/example_dags/example_xcom.py
[2024-09-05T12:49:55.016+0000] {processor.py:840} INFO - DAG(s) 'example_xcom' retrieved from /home/airflow/.local/lib/python3.8/site-packages/airflow/example_dags/example_xcom.py
[2024-09-05T12:49:55.036+0000] {logging_mixin.py:188} INFO - [2024-09-05T12:49:55.036+0000] {dag.py:3036} INFO - Sync 1 DAGs
[2024-09-05T12:49:55.062+0000] {logging_mixin.py:188} INFO - [2024-09-05T12:49:55.061+0000] {dag.py:3823} INFO - Setting next_dagrun for example_xcom to 2021-01-01 00:00:00+00:00, run_after=2021-01-01 00:00:00+00:00
[2024-09-05T12:49:55.087+0000] {processor.py:183} INFO - Processing /home/airflow/.local/lib/python3.8/site-packages/airflow/example_dags/example_xcom.py took 0.085 seconds
[2024-09-05T12:50:25.430+0000] {processor.py:161} INFO - Started process (PID=635) to work on /home/airflow/.local/lib/python3.8/site-packages/airflow/example_dags/example_xcom.py
[2024-09-05T12:50:25.432+0000] {processor.py:830} INFO - Processing file /home/airflow/.local/lib/python3.8/site-packages/airflow/example_dags/example_xcom.py for tasks to queue
[2024-09-05T12:50:25.433+0000] {logging_mixin.py:188} INFO - [2024-09-05T12:50:25.433+0000] {dagbag.py:538} INFO - Filling up the DagBag from /home/airflow/.local/lib/python3.8/site-packages/airflow/example_dags/example_xcom.py
[2024-09-05T12:50:25.441+0000] {processor.py:840} INFO - DAG(s) 'example_xcom' retrieved from /home/airflow/.local/lib/python3.8/site-packages/airflow/example_dags/example_xcom.py
[2024-09-05T12:50:25.474+0000] {logging_mixin.py:188} INFO - [2024-09-05T12:50:25.474+0000] {dag.py:3036} INFO - Sync 1 DAGs
[2024-09-05T12:50:25.500+0000] {logging_mixin.py:188} INFO - [2024-09-05T12:50:25.499+0000] {dag.py:3823} INFO - Setting next_dagrun for example_xcom to 2021-01-01 00:00:00+00:00, run_after=2021-01-01 00:00:00+00:00
[2024-09-05T12:50:25.522+0000] {processor.py:183} INFO - Processing /home/airflow/.local/lib/python3.8/site-packages/airflow/example_dags/example_xcom.py took 0.095 seconds
[2024-09-05T12:50:55.680+0000] {processor.py:161} INFO - Started process (PID=693) to work on /home/airflow/.local/lib/python3.8/site-packages/airflow/example_dags/example_xcom.py
[2024-09-05T12:50:55.681+0000] {processor.py:830} INFO - Processing file /home/airflow/.local/lib/python3.8/site-packages/airflow/example_dags/example_xcom.py for tasks to queue
[2024-09-05T12:50:55.682+0000] {logging_mixin.py:188} INFO - [2024-09-05T12:50:55.682+0000] {dagbag.py:538} INFO - Filling up the DagBag from /home/airflow/.local/lib/python3.8/site-packages/airflow/example_dags/example_xcom.py
[2024-09-05T12:50:55.691+0000] {processor.py:840} INFO - DAG(s) 'example_xcom' retrieved from /home/airflow/.local/lib/python3.8/site-packages/airflow/example_dags/example_xcom.py
[2024-09-05T12:50:55.712+0000] {logging_mixin.py:188} INFO - [2024-09-05T12:50:55.712+0000] {dag.py:3036} INFO - Sync 1 DAGs
[2024-09-05T12:50:55.734+0000] {logging_mixin.py:188} INFO - [2024-09-05T12:50:55.734+0000] {dag.py:3823} INFO - Setting next_dagrun for example_xcom to 2021-01-01 00:00:00+00:00, run_after=2021-01-01 00:00:00+00:00
[2024-09-05T12:50:55.760+0000] {processor.py:183} INFO - Processing /home/airflow/.local/lib/python3.8/site-packages/airflow/example_dags/example_xcom.py took 0.084 seconds
[2024-09-05T12:51:26.084+0000] {processor.py:161} INFO - Started process (PID=750) to work on /home/airflow/.local/lib/python3.8/site-packages/airflow/example_dags/example_xcom.py
[2024-09-05T12:51:26.085+0000] {processor.py:830} INFO - Processing file /home/airflow/.local/lib/python3.8/site-packages/airflow/example_dags/example_xcom.py for tasks to queue
[2024-09-05T12:51:26.086+0000] {logging_mixin.py:188} INFO - [2024-09-05T12:51:26.086+0000] {dagbag.py:538} INFO - Filling up the DagBag from /home/airflow/.local/lib/python3.8/site-packages/airflow/example_dags/example_xcom.py
[2024-09-05T12:51:26.096+0000] {processor.py:840} INFO - DAG(s) 'example_xcom' retrieved from /home/airflow/.local/lib/python3.8/site-packages/airflow/example_dags/example_xcom.py
[2024-09-05T12:51:26.126+0000] {logging_mixin.py:188} INFO - [2024-09-05T12:51:26.126+0000] {dag.py:3036} INFO - Sync 1 DAGs
[2024-09-05T12:51:26.159+0000] {logging_mixin.py:188} INFO - [2024-09-05T12:51:26.158+0000] {dag.py:3823} INFO - Setting next_dagrun for example_xcom to 2021-01-01 00:00:00+00:00, run_after=2021-01-01 00:00:00+00:00
[2024-09-05T12:51:26.186+0000] {processor.py:183} INFO - Processing /home/airflow/.local/lib/python3.8/site-packages/airflow/example_dags/example_xcom.py took 0.106 seconds
[2024-09-05T12:51:56.343+0000] {processor.py:161} INFO - Started process (PID=807) to work on /home/airflow/.local/lib/python3.8/site-packages/airflow/example_dags/example_xcom.py
[2024-09-05T12:51:56.344+0000] {processor.py:830} INFO - Processing file /home/airflow/.local/lib/python3.8/site-packages/airflow/example_dags/example_xcom.py for tasks to queue
[2024-09-05T12:51:56.345+0000] {logging_mixin.py:188} INFO - [2024-09-05T12:51:56.345+0000] {dagbag.py:538} INFO - Filling up the DagBag from /home/airflow/.local/lib/python3.8/site-packages/airflow/example_dags/example_xcom.py
[2024-09-05T12:51:56.353+0000] {processor.py:840} INFO - DAG(s) 'example_xcom' retrieved from /home/airflow/.local/lib/python3.8/site-packages/airflow/example_dags/example_xcom.py
[2024-09-05T12:51:56.376+0000] {logging_mixin.py:188} INFO - [2024-09-05T12:51:56.376+0000] {dag.py:3036} INFO - Sync 1 DAGs
[2024-09-05T12:51:56.401+0000] {logging_mixin.py:188} INFO - [2024-09-05T12:51:56.401+0000] {dag.py:3823} INFO - Setting next_dagrun for example_xcom to 2021-01-01 00:00:00+00:00, run_after=2021-01-01 00:00:00+00:00
[2024-09-05T12:51:56.426+0000] {processor.py:183} INFO - Processing /home/airflow/.local/lib/python3.8/site-packages/airflow/example_dags/example_xcom.py took 0.086 seconds
[2024-09-05T12:52:26.916+0000] {processor.py:161} INFO - Started process (PID=864) to work on /home/airflow/.local/lib/python3.8/site-packages/airflow/example_dags/example_xcom.py
[2024-09-05T12:52:26.917+0000] {processor.py:830} INFO - Processing file /home/airflow/.local/lib/python3.8/site-packages/airflow/example_dags/example_xcom.py for tasks to queue
[2024-09-05T12:52:26.919+0000] {logging_mixin.py:188} INFO - [2024-09-05T12:52:26.918+0000] {dagbag.py:538} INFO - Filling up the DagBag from /home/airflow/.local/lib/python3.8/site-packages/airflow/example_dags/example_xcom.py
[2024-09-05T12:52:26.930+0000] {processor.py:840} INFO - DAG(s) 'example_xcom' retrieved from /home/airflow/.local/lib/python3.8/site-packages/airflow/example_dags/example_xcom.py
[2024-09-05T12:52:26.976+0000] {logging_mixin.py:188} INFO - [2024-09-05T12:52:26.976+0000] {dag.py:3036} INFO - Sync 1 DAGs
[2024-09-05T12:52:27.008+0000] {logging_mixin.py:188} INFO - [2024-09-05T12:52:27.007+0000] {dag.py:3823} INFO - Setting next_dagrun for example_xcom to 2021-01-01 00:00:00+00:00, run_after=2021-01-01 00:00:00+00:00
[2024-09-05T12:52:27.035+0000] {processor.py:183} INFO - Processing /home/airflow/.local/lib/python3.8/site-packages/airflow/example_dags/example_xcom.py took 0.125 seconds
[2024-09-05T12:52:57.808+0000] {processor.py:161} INFO - Started process (PID=926) to work on /home/airflow/.local/lib/python3.8/site-packages/airflow/example_dags/example_xcom.py
[2024-09-05T12:52:57.808+0000] {processor.py:830} INFO - Processing file /home/airflow/.local/lib/python3.8/site-packages/airflow/example_dags/example_xcom.py for tasks to queue
[2024-09-05T12:52:57.810+0000] {logging_mixin.py:188} INFO - [2024-09-05T12:52:57.809+0000] {dagbag.py:538} INFO - Filling up the DagBag from /home/airflow/.local/lib/python3.8/site-packages/airflow/example_dags/example_xcom.py
[2024-09-05T12:52:57.817+0000] {processor.py:840} INFO - DAG(s) 'example_xcom' retrieved from /home/airflow/.local/lib/python3.8/site-packages/airflow/example_dags/example_xcom.py
[2024-09-05T12:52:57.837+0000] {logging_mixin.py:188} INFO - [2024-09-05T12:52:57.836+0000] {dag.py:3036} INFO - Sync 1 DAGs
[2024-09-05T12:52:57.862+0000] {logging_mixin.py:188} INFO - [2024-09-05T12:52:57.861+0000] {dag.py:3823} INFO - Setting next_dagrun for example_xcom to 2021-01-01 00:00:00+00:00, run_after=2021-01-01 00:00:00+00:00
[2024-09-05T12:52:57.883+0000] {processor.py:183} INFO - Processing /home/airflow/.local/lib/python3.8/site-packages/airflow/example_dags/example_xcom.py took 0.078 seconds
[2024-09-05T12:53:28.317+0000] {processor.py:161} INFO - Started process (PID=983) to work on /home/airflow/.local/lib/python3.8/site-packages/airflow/example_dags/example_xcom.py
[2024-09-05T12:53:28.318+0000] {processor.py:830} INFO - Processing file /home/airflow/.local/lib/python3.8/site-packages/airflow/example_dags/example_xcom.py for tasks to queue
[2024-09-05T12:53:28.318+0000] {logging_mixin.py:188} INFO - [2024-09-05T12:53:28.318+0000] {dagbag.py:538} INFO - Filling up the DagBag from /home/airflow/.local/lib/python3.8/site-packages/airflow/example_dags/example_xcom.py
[2024-09-05T12:53:28.326+0000] {processor.py:840} INFO - DAG(s) 'example_xcom' retrieved from /home/airflow/.local/lib/python3.8/site-packages/airflow/example_dags/example_xcom.py
[2024-09-05T12:53:28.349+0000] {logging_mixin.py:188} INFO - [2024-09-05T12:53:28.349+0000] {dag.py:3036} INFO - Sync 1 DAGs
[2024-09-05T12:53:28.372+0000] {logging_mixin.py:188} INFO - [2024-09-05T12:53:28.372+0000] {dag.py:3823} INFO - Setting next_dagrun for example_xcom to 2021-01-01 00:00:00+00:00, run_after=2021-01-01 00:00:00+00:00
[2024-09-05T12:53:28.393+0000] {processor.py:183} INFO - Processing /home/airflow/.local/lib/python3.8/site-packages/airflow/example_dags/example_xcom.py took 0.079 seconds
[2024-09-05T12:53:58.521+0000] {processor.py:161} INFO - Started process (PID=1040) to work on /home/airflow/.local/lib/python3.8/site-packages/airflow/example_dags/example_xcom.py
[2024-09-05T12:53:58.522+0000] {processor.py:830} INFO - Processing file /home/airflow/.local/lib/python3.8/site-packages/airflow/example_dags/example_xcom.py for tasks to queue
[2024-09-05T12:53:58.523+0000] {logging_mixin.py:188} INFO - [2024-09-05T12:53:58.523+0000] {dagbag.py:538} INFO - Filling up the DagBag from /home/airflow/.local/lib/python3.8/site-packages/airflow/example_dags/example_xcom.py
[2024-09-05T12:53:58.531+0000] {processor.py:840} INFO - DAG(s) 'example_xcom' retrieved from /home/airflow/.local/lib/python3.8/site-packages/airflow/example_dags/example_xcom.py
[2024-09-05T12:53:58.556+0000] {logging_mixin.py:188} INFO - [2024-09-05T12:53:58.556+0000] {dag.py:3036} INFO - Sync 1 DAGs
[2024-09-05T12:53:58.580+0000] {logging_mixin.py:188} INFO - [2024-09-05T12:53:58.580+0000] {dag.py:3823} INFO - Setting next_dagrun for example_xcom to 2021-01-01 00:00:00+00:00, run_after=2021-01-01 00:00:00+00:00
[2024-09-05T12:53:58.607+0000] {processor.py:183} INFO - Processing /home/airflow/.local/lib/python3.8/site-packages/airflow/example_dags/example_xcom.py took 0.090 seconds
[2024-09-05T12:54:28.653+0000] {processor.py:161} INFO - Started process (PID=1097) to work on /home/airflow/.local/lib/python3.8/site-packages/airflow/example_dags/example_xcom.py
[2024-09-05T12:54:28.654+0000] {processor.py:830} INFO - Processing file /home/airflow/.local/lib/python3.8/site-packages/airflow/example_dags/example_xcom.py for tasks to queue
[2024-09-05T12:54:28.657+0000] {logging_mixin.py:188} INFO - [2024-09-05T12:54:28.656+0000] {dagbag.py:538} INFO - Filling up the DagBag from /home/airflow/.local/lib/python3.8/site-packages/airflow/example_dags/example_xcom.py
[2024-09-05T12:54:28.671+0000] {processor.py:840} INFO - DAG(s) 'example_xcom' retrieved from /home/airflow/.local/lib/python3.8/site-packages/airflow/example_dags/example_xcom.py
[2024-09-05T12:54:28.703+0000] {logging_mixin.py:188} INFO - [2024-09-05T12:54:28.702+0000] {dag.py:3036} INFO - Sync 1 DAGs
[2024-09-05T12:54:28.736+0000] {logging_mixin.py:188} INFO - [2024-09-05T12:54:28.736+0000] {dag.py:3823} INFO - Setting next_dagrun for example_xcom to 2021-01-01 00:00:00+00:00, run_after=2021-01-01 00:00:00+00:00
[2024-09-05T12:54:28.769+0000] {processor.py:183} INFO - Processing /home/airflow/.local/lib/python3.8/site-packages/airflow/example_dags/example_xcom.py took 0.120 seconds
[2024-09-05T12:54:58.933+0000] {processor.py:161} INFO - Started process (PID=1153) to work on /home/airflow/.local/lib/python3.8/site-packages/airflow/example_dags/example_xcom.py
[2024-09-05T12:54:58.934+0000] {processor.py:830} INFO - Processing file /home/airflow/.local/lib/python3.8/site-packages/airflow/example_dags/example_xcom.py for tasks to queue
[2024-09-05T12:54:58.935+0000] {logging_mixin.py:188} INFO - [2024-09-05T12:54:58.935+0000] {dagbag.py:538} INFO - Filling up the DagBag from /home/airflow/.local/lib/python3.8/site-packages/airflow/example_dags/example_xcom.py
[2024-09-05T12:54:58.942+0000] {processor.py:840} INFO - DAG(s) 'example_xcom' retrieved from /home/airflow/.local/lib/python3.8/site-packages/airflow/example_dags/example_xcom.py
[2024-09-05T12:54:58.962+0000] {logging_mixin.py:188} INFO - [2024-09-05T12:54:58.962+0000] {dag.py:3036} INFO - Sync 1 DAGs
[2024-09-05T12:54:58.983+0000] {logging_mixin.py:188} INFO - [2024-09-05T12:54:58.983+0000] {dag.py:3823} INFO - Setting next_dagrun for example_xcom to 2021-01-01 00:00:00+00:00, run_after=2021-01-01 00:00:00+00:00
[2024-09-05T12:54:59.005+0000] {processor.py:183} INFO - Processing /home/airflow/.local/lib/python3.8/site-packages/airflow/example_dags/example_xcom.py took 0.076 seconds
[2024-09-05T12:55:29.071+0000] {processor.py:161} INFO - Started process (PID=1210) to work on /home/airflow/.local/lib/python3.8/site-packages/airflow/example_dags/example_xcom.py
[2024-09-05T12:55:29.072+0000] {processor.py:830} INFO - Processing file /home/airflow/.local/lib/python3.8/site-packages/airflow/example_dags/example_xcom.py for tasks to queue
[2024-09-05T12:55:29.073+0000] {logging_mixin.py:188} INFO - [2024-09-05T12:55:29.072+0000] {dagbag.py:538} INFO - Filling up the DagBag from /home/airflow/.local/lib/python3.8/site-packages/airflow/example_dags/example_xcom.py
[2024-09-05T12:55:29.080+0000] {processor.py:840} INFO - DAG(s) 'example_xcom' retrieved from /home/airflow/.local/lib/python3.8/site-packages/airflow/example_dags/example_xcom.py
[2024-09-05T12:55:29.102+0000] {logging_mixin.py:188} INFO - [2024-09-05T12:55:29.098+0000] {dag.py:3036} INFO - Sync 1 DAGs
[2024-09-05T12:55:29.133+0000] {logging_mixin.py:188} INFO - [2024-09-05T12:55:29.133+0000] {dag.py:3823} INFO - Setting next_dagrun for example_xcom to 2021-01-01 00:00:00+00:00, run_after=2021-01-01 00:00:00+00:00
[2024-09-05T12:55:29.154+0000] {processor.py:183} INFO - Processing /home/airflow/.local/lib/python3.8/site-packages/airflow/example_dags/example_xcom.py took 0.085 seconds
[2024-09-05T12:55:59.397+0000] {processor.py:161} INFO - Started process (PID=1267) to work on /home/airflow/.local/lib/python3.8/site-packages/airflow/example_dags/example_xcom.py
[2024-09-05T12:55:59.397+0000] {processor.py:830} INFO - Processing file /home/airflow/.local/lib/python3.8/site-packages/airflow/example_dags/example_xcom.py for tasks to queue
[2024-09-05T12:55:59.398+0000] {logging_mixin.py:188} INFO - [2024-09-05T12:55:59.398+0000] {dagbag.py:538} INFO - Filling up the DagBag from /home/airflow/.local/lib/python3.8/site-packages/airflow/example_dags/example_xcom.py
[2024-09-05T12:55:59.406+0000] {processor.py:840} INFO - DAG(s) 'example_xcom' retrieved from /home/airflow/.local/lib/python3.8/site-packages/airflow/example_dags/example_xcom.py
[2024-09-05T12:55:59.425+0000] {logging_mixin.py:188} INFO - [2024-09-05T12:55:59.425+0000] {dag.py:3036} INFO - Sync 1 DAGs
[2024-09-05T12:55:59.446+0000] {logging_mixin.py:188} INFO - [2024-09-05T12:55:59.446+0000] {dag.py:3823} INFO - Setting next_dagrun for example_xcom to 2021-01-01 00:00:00+00:00, run_after=2021-01-01 00:00:00+00:00
[2024-09-05T12:55:59.467+0000] {processor.py:183} INFO - Processing /home/airflow/.local/lib/python3.8/site-packages/airflow/example_dags/example_xcom.py took 0.073 seconds
[2024-09-05T12:56:29.562+0000] {processor.py:161} INFO - Started process (PID=1324) to work on /home/airflow/.local/lib/python3.8/site-packages/airflow/example_dags/example_xcom.py
[2024-09-05T12:56:29.563+0000] {processor.py:830} INFO - Processing file /home/airflow/.local/lib/python3.8/site-packages/airflow/example_dags/example_xcom.py for tasks to queue
[2024-09-05T12:56:29.564+0000] {logging_mixin.py:188} INFO - [2024-09-05T12:56:29.564+0000] {dagbag.py:538} INFO - Filling up the DagBag from /home/airflow/.local/lib/python3.8/site-packages/airflow/example_dags/example_xcom.py
[2024-09-05T12:56:29.571+0000] {processor.py:840} INFO - DAG(s) 'example_xcom' retrieved from /home/airflow/.local/lib/python3.8/site-packages/airflow/example_dags/example_xcom.py
[2024-09-05T12:56:29.590+0000] {logging_mixin.py:188} INFO - [2024-09-05T12:56:29.590+0000] {dag.py:3036} INFO - Sync 1 DAGs
[2024-09-05T12:56:29.610+0000] {logging_mixin.py:188} INFO - [2024-09-05T12:56:29.610+0000] {dag.py:3823} INFO - Setting next_dagrun for example_xcom to 2021-01-01 00:00:00+00:00, run_after=2021-01-01 00:00:00+00:00
[2024-09-05T12:56:29.635+0000] {processor.py:183} INFO - Processing /home/airflow/.local/lib/python3.8/site-packages/airflow/example_dags/example_xcom.py took 0.076 seconds
[2024-09-05T12:56:59.713+0000] {processor.py:161} INFO - Started process (PID=1381) to work on /home/airflow/.local/lib/python3.8/site-packages/airflow/example_dags/example_xcom.py
[2024-09-05T12:56:59.714+0000] {processor.py:830} INFO - Processing file /home/airflow/.local/lib/python3.8/site-packages/airflow/example_dags/example_xcom.py for tasks to queue
[2024-09-05T12:56:59.715+0000] {logging_mixin.py:188} INFO - [2024-09-05T12:56:59.715+0000] {dagbag.py:538} INFO - Filling up the DagBag from /home/airflow/.local/lib/python3.8/site-packages/airflow/example_dags/example_xcom.py
[2024-09-05T12:56:59.722+0000] {processor.py:840} INFO - DAG(s) 'example_xcom' retrieved from /home/airflow/.local/lib/python3.8/site-packages/airflow/example_dags/example_xcom.py
[2024-09-05T12:56:59.742+0000] {logging_mixin.py:188} INFO - [2024-09-05T12:56:59.742+0000] {dag.py:3036} INFO - Sync 1 DAGs
[2024-09-05T12:56:59.764+0000] {logging_mixin.py:188} INFO - [2024-09-05T12:56:59.764+0000] {dag.py:3823} INFO - Setting next_dagrun for example_xcom to 2021-01-01 00:00:00+00:00, run_after=2021-01-01 00:00:00+00:00
[2024-09-05T12:56:59.789+0000] {processor.py:183} INFO - Processing /home/airflow/.local/lib/python3.8/site-packages/airflow/example_dags/example_xcom.py took 0.078 seconds
[2024-09-05T12:57:29.910+0000] {processor.py:161} INFO - Started process (PID=1438) to work on /home/airflow/.local/lib/python3.8/site-packages/airflow/example_dags/example_xcom.py
[2024-09-05T12:57:29.911+0000] {processor.py:830} INFO - Processing file /home/airflow/.local/lib/python3.8/site-packages/airflow/example_dags/example_xcom.py for tasks to queue
[2024-09-05T12:57:29.913+0000] {logging_mixin.py:188} INFO - [2024-09-05T12:57:29.912+0000] {dagbag.py:538} INFO - Filling up the DagBag from /home/airflow/.local/lib/python3.8/site-packages/airflow/example_dags/example_xcom.py
[2024-09-05T12:57:29.924+0000] {processor.py:840} INFO - DAG(s) 'example_xcom' retrieved from /home/airflow/.local/lib/python3.8/site-packages/airflow/example_dags/example_xcom.py
[2024-09-05T12:57:29.948+0000] {logging_mixin.py:188} INFO - [2024-09-05T12:57:29.947+0000] {dag.py:3036} INFO - Sync 1 DAGs
[2024-09-05T12:57:29.984+0000] {logging_mixin.py:188} INFO - [2024-09-05T12:57:29.983+0000] {dag.py:3823} INFO - Setting next_dagrun for example_xcom to 2021-01-01 00:00:00+00:00, run_after=2021-01-01 00:00:00+00:00
[2024-09-05T12:57:30.024+0000] {processor.py:183} INFO - Processing /home/airflow/.local/lib/python3.8/site-packages/airflow/example_dags/example_xcom.py took 0.118 seconds
[2024-09-05T12:58:00.705+0000] {processor.py:161} INFO - Started process (PID=1495) to work on /home/airflow/.local/lib/python3.8/site-packages/airflow/example_dags/example_xcom.py
[2024-09-05T12:58:00.706+0000] {processor.py:830} INFO - Processing file /home/airflow/.local/lib/python3.8/site-packages/airflow/example_dags/example_xcom.py for tasks to queue
[2024-09-05T12:58:00.707+0000] {logging_mixin.py:188} INFO - [2024-09-05T12:58:00.707+0000] {dagbag.py:538} INFO - Filling up the DagBag from /home/airflow/.local/lib/python3.8/site-packages/airflow/example_dags/example_xcom.py
[2024-09-05T12:58:00.717+0000] {processor.py:840} INFO - DAG(s) 'example_xcom' retrieved from /home/airflow/.local/lib/python3.8/site-packages/airflow/example_dags/example_xcom.py
[2024-09-05T12:58:00.739+0000] {logging_mixin.py:188} INFO - [2024-09-05T12:58:00.739+0000] {dag.py:3036} INFO - Sync 1 DAGs
[2024-09-05T12:58:00.763+0000] {logging_mixin.py:188} INFO - [2024-09-05T12:58:00.762+0000] {dag.py:3823} INFO - Setting next_dagrun for example_xcom to 2021-01-01 00:00:00+00:00, run_after=2021-01-01 00:00:00+00:00
[2024-09-05T12:58:00.785+0000] {processor.py:183} INFO - Processing /home/airflow/.local/lib/python3.8/site-packages/airflow/example_dags/example_xcom.py took 0.082 seconds
[2024-09-05T12:58:30.981+0000] {processor.py:161} INFO - Started process (PID=1552) to work on /home/airflow/.local/lib/python3.8/site-packages/airflow/example_dags/example_xcom.py
[2024-09-05T12:58:30.982+0000] {processor.py:830} INFO - Processing file /home/airflow/.local/lib/python3.8/site-packages/airflow/example_dags/example_xcom.py for tasks to queue
[2024-09-05T12:58:30.983+0000] {logging_mixin.py:188} INFO - [2024-09-05T12:58:30.982+0000] {dagbag.py:538} INFO - Filling up the DagBag from /home/airflow/.local/lib/python3.8/site-packages/airflow/example_dags/example_xcom.py
[2024-09-05T12:58:30.992+0000] {processor.py:840} INFO - DAG(s) 'example_xcom' retrieved from /home/airflow/.local/lib/python3.8/site-packages/airflow/example_dags/example_xcom.py
[2024-09-05T12:58:31.014+0000] {logging_mixin.py:188} INFO - [2024-09-05T12:58:31.014+0000] {dag.py:3036} INFO - Sync 1 DAGs
[2024-09-05T12:58:31.037+0000] {logging_mixin.py:188} INFO - [2024-09-05T12:58:31.036+0000] {dag.py:3823} INFO - Setting next_dagrun for example_xcom to 2021-01-01 00:00:00+00:00, run_after=2021-01-01 00:00:00+00:00
[2024-09-05T12:58:31.059+0000] {processor.py:183} INFO - Processing /home/airflow/.local/lib/python3.8/site-packages/airflow/example_dags/example_xcom.py took 0.083 seconds
[2024-09-05T12:59:01.384+0000] {processor.py:161} INFO - Started process (PID=1609) to work on /home/airflow/.local/lib/python3.8/site-packages/airflow/example_dags/example_xcom.py
[2024-09-05T12:59:01.385+0000] {processor.py:830} INFO - Processing file /home/airflow/.local/lib/python3.8/site-packages/airflow/example_dags/example_xcom.py for tasks to queue
[2024-09-05T12:59:01.385+0000] {logging_mixin.py:188} INFO - [2024-09-05T12:59:01.385+0000] {dagbag.py:538} INFO - Filling up the DagBag from /home/airflow/.local/lib/python3.8/site-packages/airflow/example_dags/example_xcom.py
[2024-09-05T12:59:01.395+0000] {processor.py:840} INFO - DAG(s) 'example_xcom' retrieved from /home/airflow/.local/lib/python3.8/site-packages/airflow/example_dags/example_xcom.py
[2024-09-05T12:59:01.419+0000] {logging_mixin.py:188} INFO - [2024-09-05T12:59:01.418+0000] {dag.py:3036} INFO - Sync 1 DAGs
[2024-09-05T12:59:01.447+0000] {logging_mixin.py:188} INFO - [2024-09-05T12:59:01.447+0000] {dag.py:3823} INFO - Setting next_dagrun for example_xcom to 2021-01-01 00:00:00+00:00, run_after=2021-01-01 00:00:00+00:00
[2024-09-05T12:59:01.474+0000] {processor.py:183} INFO - Processing /home/airflow/.local/lib/python3.8/site-packages/airflow/example_dags/example_xcom.py took 0.093 seconds
[2024-09-05T12:59:31.810+0000] {processor.py:161} INFO - Started process (PID=1666) to work on /home/airflow/.local/lib/python3.8/site-packages/airflow/example_dags/example_xcom.py
[2024-09-05T12:59:31.811+0000] {processor.py:830} INFO - Processing file /home/airflow/.local/lib/python3.8/site-packages/airflow/example_dags/example_xcom.py for tasks to queue
[2024-09-05T12:59:31.812+0000] {logging_mixin.py:188} INFO - [2024-09-05T12:59:31.811+0000] {dagbag.py:538} INFO - Filling up the DagBag from /home/airflow/.local/lib/python3.8/site-packages/airflow/example_dags/example_xcom.py
[2024-09-05T12:59:31.821+0000] {processor.py:840} INFO - DAG(s) 'example_xcom' retrieved from /home/airflow/.local/lib/python3.8/site-packages/airflow/example_dags/example_xcom.py
[2024-09-05T12:59:31.848+0000] {logging_mixin.py:188} INFO - [2024-09-05T12:59:31.848+0000] {dag.py:3036} INFO - Sync 1 DAGs
[2024-09-05T12:59:31.875+0000] {logging_mixin.py:188} INFO - [2024-09-05T12:59:31.875+0000] {dag.py:3823} INFO - Setting next_dagrun for example_xcom to 2021-01-01 00:00:00+00:00, run_after=2021-01-01 00:00:00+00:00
[2024-09-05T12:59:31.905+0000] {processor.py:183} INFO - Processing /home/airflow/.local/lib/python3.8/site-packages/airflow/example_dags/example_xcom.py took 0.100 seconds
[2024-09-05T13:00:02.050+0000] {processor.py:161} INFO - Started process (PID=1723) to work on /home/airflow/.local/lib/python3.8/site-packages/airflow/example_dags/example_xcom.py
[2024-09-05T13:00:02.051+0000] {processor.py:830} INFO - Processing file /home/airflow/.local/lib/python3.8/site-packages/airflow/example_dags/example_xcom.py for tasks to queue
[2024-09-05T13:00:02.052+0000] {logging_mixin.py:188} INFO - [2024-09-05T13:00:02.052+0000] {dagbag.py:538} INFO - Filling up the DagBag from /home/airflow/.local/lib/python3.8/site-packages/airflow/example_dags/example_xcom.py
[2024-09-05T13:00:02.060+0000] {processor.py:840} INFO - DAG(s) 'example_xcom' retrieved from /home/airflow/.local/lib/python3.8/site-packages/airflow/example_dags/example_xcom.py
[2024-09-05T13:00:02.082+0000] {logging_mixin.py:188} INFO - [2024-09-05T13:00:02.081+0000] {dag.py:3036} INFO - Sync 1 DAGs
[2024-09-05T13:00:02.104+0000] {logging_mixin.py:188} INFO - [2024-09-05T13:00:02.104+0000] {dag.py:3823} INFO - Setting next_dagrun for example_xcom to 2021-01-01 00:00:00+00:00, run_after=2021-01-01 00:00:00+00:00
[2024-09-05T13:00:02.126+0000] {processor.py:183} INFO - Processing /home/airflow/.local/lib/python3.8/site-packages/airflow/example_dags/example_xcom.py took 0.080 seconds
[2024-09-05T13:00:32.387+0000] {processor.py:161} INFO - Started process (PID=1780) to work on /home/airflow/.local/lib/python3.8/site-packages/airflow/example_dags/example_xcom.py
[2024-09-05T13:00:32.388+0000] {processor.py:830} INFO - Processing file /home/airflow/.local/lib/python3.8/site-packages/airflow/example_dags/example_xcom.py for tasks to queue
[2024-09-05T13:00:32.389+0000] {logging_mixin.py:188} INFO - [2024-09-05T13:00:32.389+0000] {dagbag.py:538} INFO - Filling up the DagBag from /home/airflow/.local/lib/python3.8/site-packages/airflow/example_dags/example_xcom.py
[2024-09-05T13:00:32.396+0000] {processor.py:840} INFO - DAG(s) 'example_xcom' retrieved from /home/airflow/.local/lib/python3.8/site-packages/airflow/example_dags/example_xcom.py
[2024-09-05T13:00:32.418+0000] {logging_mixin.py:188} INFO - [2024-09-05T13:00:32.418+0000] {dag.py:3036} INFO - Sync 1 DAGs
[2024-09-05T13:00:32.443+0000] {logging_mixin.py:188} INFO - [2024-09-05T13:00:32.443+0000] {dag.py:3823} INFO - Setting next_dagrun for example_xcom to 2021-01-01 00:00:00+00:00, run_after=2021-01-01 00:00:00+00:00
[2024-09-05T13:00:32.473+0000] {processor.py:183} INFO - Processing /home/airflow/.local/lib/python3.8/site-packages/airflow/example_dags/example_xcom.py took 0.090 seconds
[2024-09-05T13:01:02.533+0000] {processor.py:161} INFO - Started process (PID=1837) to work on /home/airflow/.local/lib/python3.8/site-packages/airflow/example_dags/example_xcom.py
[2024-09-05T13:01:02.534+0000] {processor.py:830} INFO - Processing file /home/airflow/.local/lib/python3.8/site-packages/airflow/example_dags/example_xcom.py for tasks to queue
[2024-09-05T13:01:02.535+0000] {logging_mixin.py:188} INFO - [2024-09-05T13:01:02.534+0000] {dagbag.py:538} INFO - Filling up the DagBag from /home/airflow/.local/lib/python3.8/site-packages/airflow/example_dags/example_xcom.py
[2024-09-05T13:01:02.543+0000] {processor.py:840} INFO - DAG(s) 'example_xcom' retrieved from /home/airflow/.local/lib/python3.8/site-packages/airflow/example_dags/example_xcom.py
[2024-09-05T13:01:02.563+0000] {logging_mixin.py:188} INFO - [2024-09-05T13:01:02.563+0000] {dag.py:3036} INFO - Sync 1 DAGs
[2024-09-05T13:01:02.585+0000] {logging_mixin.py:188} INFO - [2024-09-05T13:01:02.584+0000] {dag.py:3823} INFO - Setting next_dagrun for example_xcom to 2021-01-01 00:00:00+00:00, run_after=2021-01-01 00:00:00+00:00
[2024-09-05T13:01:02.607+0000] {processor.py:183} INFO - Processing /home/airflow/.local/lib/python3.8/site-packages/airflow/example_dags/example_xcom.py took 0.077 seconds
[2024-09-05T13:01:32.836+0000] {processor.py:161} INFO - Started process (PID=1893) to work on /home/airflow/.local/lib/python3.8/site-packages/airflow/example_dags/example_xcom.py
[2024-09-05T13:01:32.837+0000] {processor.py:830} INFO - Processing file /home/airflow/.local/lib/python3.8/site-packages/airflow/example_dags/example_xcom.py for tasks to queue
[2024-09-05T13:01:32.837+0000] {logging_mixin.py:188} INFO - [2024-09-05T13:01:32.837+0000] {dagbag.py:538} INFO - Filling up the DagBag from /home/airflow/.local/lib/python3.8/site-packages/airflow/example_dags/example_xcom.py
[2024-09-05T13:01:32.846+0000] {processor.py:840} INFO - DAG(s) 'example_xcom' retrieved from /home/airflow/.local/lib/python3.8/site-packages/airflow/example_dags/example_xcom.py
[2024-09-05T13:01:32.867+0000] {logging_mixin.py:188} INFO - [2024-09-05T13:01:32.867+0000] {dag.py:3036} INFO - Sync 1 DAGs
[2024-09-05T13:01:32.889+0000] {logging_mixin.py:188} INFO - [2024-09-05T13:01:32.888+0000] {dag.py:3823} INFO - Setting next_dagrun for example_xcom to 2021-01-01 00:00:00+00:00, run_after=2021-01-01 00:00:00+00:00
[2024-09-05T13:01:32.910+0000] {processor.py:183} INFO - Processing /home/airflow/.local/lib/python3.8/site-packages/airflow/example_dags/example_xcom.py took 0.078 seconds
[2024-09-05T13:02:03.180+0000] {processor.py:161} INFO - Started process (PID=1950) to work on /home/airflow/.local/lib/python3.8/site-packages/airflow/example_dags/example_xcom.py
[2024-09-05T13:02:03.181+0000] {processor.py:830} INFO - Processing file /home/airflow/.local/lib/python3.8/site-packages/airflow/example_dags/example_xcom.py for tasks to queue
[2024-09-05T13:02:03.182+0000] {logging_mixin.py:188} INFO - [2024-09-05T13:02:03.182+0000] {dagbag.py:538} INFO - Filling up the DagBag from /home/airflow/.local/lib/python3.8/site-packages/airflow/example_dags/example_xcom.py
[2024-09-05T13:02:03.190+0000] {processor.py:840} INFO - DAG(s) 'example_xcom' retrieved from /home/airflow/.local/lib/python3.8/site-packages/airflow/example_dags/example_xcom.py
[2024-09-05T13:02:03.213+0000] {logging_mixin.py:188} INFO - [2024-09-05T13:02:03.213+0000] {dag.py:3036} INFO - Sync 1 DAGs
[2024-09-05T13:02:03.235+0000] {logging_mixin.py:188} INFO - [2024-09-05T13:02:03.235+0000] {dag.py:3823} INFO - Setting next_dagrun for example_xcom to 2021-01-01 00:00:00+00:00, run_after=2021-01-01 00:00:00+00:00
[2024-09-05T13:02:03.260+0000] {processor.py:183} INFO - Processing /home/airflow/.local/lib/python3.8/site-packages/airflow/example_dags/example_xcom.py took 0.084 seconds
[2024-09-05T13:02:33.302+0000] {processor.py:161} INFO - Started process (PID=2007) to work on /home/airflow/.local/lib/python3.8/site-packages/airflow/example_dags/example_xcom.py
[2024-09-05T13:02:33.303+0000] {processor.py:830} INFO - Processing file /home/airflow/.local/lib/python3.8/site-packages/airflow/example_dags/example_xcom.py for tasks to queue
[2024-09-05T13:02:33.304+0000] {logging_mixin.py:188} INFO - [2024-09-05T13:02:33.303+0000] {dagbag.py:538} INFO - Filling up the DagBag from /home/airflow/.local/lib/python3.8/site-packages/airflow/example_dags/example_xcom.py
[2024-09-05T13:02:33.320+0000] {processor.py:840} INFO - DAG(s) 'example_xcom' retrieved from /home/airflow/.local/lib/python3.8/site-packages/airflow/example_dags/example_xcom.py
[2024-09-05T13:02:33.345+0000] {logging_mixin.py:188} INFO - [2024-09-05T13:02:33.345+0000] {dag.py:3036} INFO - Sync 1 DAGs
[2024-09-05T13:02:33.372+0000] {logging_mixin.py:188} INFO - [2024-09-05T13:02:33.372+0000] {dag.py:3823} INFO - Setting next_dagrun for example_xcom to 2021-01-01 00:00:00+00:00, run_after=2021-01-01 00:00:00+00:00
[2024-09-05T13:02:33.396+0000] {processor.py:183} INFO - Processing /home/airflow/.local/lib/python3.8/site-packages/airflow/example_dags/example_xcom.py took 0.098 seconds
[2024-09-05T13:03:03.898+0000] {processor.py:161} INFO - Started process (PID=2064) to work on /home/airflow/.local/lib/python3.8/site-packages/airflow/example_dags/example_xcom.py
[2024-09-05T13:03:03.899+0000] {processor.py:830} INFO - Processing file /home/airflow/.local/lib/python3.8/site-packages/airflow/example_dags/example_xcom.py for tasks to queue
[2024-09-05T13:03:03.900+0000] {logging_mixin.py:188} INFO - [2024-09-05T13:03:03.900+0000] {dagbag.py:538} INFO - Filling up the DagBag from /home/airflow/.local/lib/python3.8/site-packages/airflow/example_dags/example_xcom.py
[2024-09-05T13:03:03.908+0000] {processor.py:840} INFO - DAG(s) 'example_xcom' retrieved from /home/airflow/.local/lib/python3.8/site-packages/airflow/example_dags/example_xcom.py
[2024-09-05T13:03:03.932+0000] {logging_mixin.py:188} INFO - [2024-09-05T13:03:03.932+0000] {dag.py:3036} INFO - Sync 1 DAGs
[2024-09-05T13:03:03.953+0000] {logging_mixin.py:188} INFO - [2024-09-05T13:03:03.953+0000] {dag.py:3823} INFO - Setting next_dagrun for example_xcom to 2021-01-01 00:00:00+00:00, run_after=2021-01-01 00:00:00+00:00
[2024-09-05T13:03:03.975+0000] {processor.py:183} INFO - Processing /home/airflow/.local/lib/python3.8/site-packages/airflow/example_dags/example_xcom.py took 0.080 seconds
[2024-09-05T13:03:34.636+0000] {processor.py:161} INFO - Started process (PID=2119) to work on /home/airflow/.local/lib/python3.8/site-packages/airflow/example_dags/example_xcom.py
[2024-09-05T13:03:34.637+0000] {processor.py:830} INFO - Processing file /home/airflow/.local/lib/python3.8/site-packages/airflow/example_dags/example_xcom.py for tasks to queue
[2024-09-05T13:03:34.638+0000] {logging_mixin.py:188} INFO - [2024-09-05T13:03:34.638+0000] {dagbag.py:538} INFO - Filling up the DagBag from /home/airflow/.local/lib/python3.8/site-packages/airflow/example_dags/example_xcom.py
[2024-09-05T13:03:34.646+0000] {processor.py:840} INFO - DAG(s) 'example_xcom' retrieved from /home/airflow/.local/lib/python3.8/site-packages/airflow/example_dags/example_xcom.py
[2024-09-05T13:03:34.665+0000] {logging_mixin.py:188} INFO - [2024-09-05T13:03:34.664+0000] {dag.py:3036} INFO - Sync 1 DAGs
[2024-09-05T13:03:34.688+0000] {logging_mixin.py:188} INFO - [2024-09-05T13:03:34.688+0000] {dag.py:3823} INFO - Setting next_dagrun for example_xcom to 2021-01-01 00:00:00+00:00, run_after=2021-01-01 00:00:00+00:00
[2024-09-05T13:03:34.710+0000] {processor.py:183} INFO - Processing /home/airflow/.local/lib/python3.8/site-packages/airflow/example_dags/example_xcom.py took 0.078 seconds
[2024-09-05T13:04:04.820+0000] {processor.py:161} INFO - Started process (PID=2175) to work on /home/airflow/.local/lib/python3.8/site-packages/airflow/example_dags/example_xcom.py
[2024-09-05T13:04:04.821+0000] {processor.py:830} INFO - Processing file /home/airflow/.local/lib/python3.8/site-packages/airflow/example_dags/example_xcom.py for tasks to queue
[2024-09-05T13:04:04.822+0000] {logging_mixin.py:188} INFO - [2024-09-05T13:04:04.822+0000] {dagbag.py:538} INFO - Filling up the DagBag from /home/airflow/.local/lib/python3.8/site-packages/airflow/example_dags/example_xcom.py
[2024-09-05T13:04:04.829+0000] {processor.py:840} INFO - DAG(s) 'example_xcom' retrieved from /home/airflow/.local/lib/python3.8/site-packages/airflow/example_dags/example_xcom.py
[2024-09-05T13:04:04.849+0000] {logging_mixin.py:188} INFO - [2024-09-05T13:04:04.848+0000] {dag.py:3036} INFO - Sync 1 DAGs
[2024-09-05T13:04:04.868+0000] {logging_mixin.py:188} INFO - [2024-09-05T13:04:04.868+0000] {dag.py:3823} INFO - Setting next_dagrun for example_xcom to 2021-01-01 00:00:00+00:00, run_after=2021-01-01 00:00:00+00:00
[2024-09-05T13:04:04.894+0000] {processor.py:183} INFO - Processing /home/airflow/.local/lib/python3.8/site-packages/airflow/example_dags/example_xcom.py took 0.077 seconds
[2024-09-05T13:04:35.652+0000] {processor.py:161} INFO - Started process (PID=2234) to work on /home/airflow/.local/lib/python3.8/site-packages/airflow/example_dags/example_xcom.py
[2024-09-05T13:04:35.653+0000] {processor.py:830} INFO - Processing file /home/airflow/.local/lib/python3.8/site-packages/airflow/example_dags/example_xcom.py for tasks to queue
[2024-09-05T13:04:35.655+0000] {logging_mixin.py:188} INFO - [2024-09-05T13:04:35.654+0000] {dagbag.py:538} INFO - Filling up the DagBag from /home/airflow/.local/lib/python3.8/site-packages/airflow/example_dags/example_xcom.py
[2024-09-05T13:04:35.664+0000] {processor.py:840} INFO - DAG(s) 'example_xcom' retrieved from /home/airflow/.local/lib/python3.8/site-packages/airflow/example_dags/example_xcom.py
[2024-09-05T13:04:35.692+0000] {logging_mixin.py:188} INFO - [2024-09-05T13:04:35.691+0000] {dag.py:3036} INFO - Sync 1 DAGs
[2024-09-05T13:04:35.716+0000] {logging_mixin.py:188} INFO - [2024-09-05T13:04:35.716+0000] {dag.py:3823} INFO - Setting next_dagrun for example_xcom to 2021-01-01 00:00:00+00:00, run_after=2021-01-01 00:00:00+00:00
[2024-09-05T13:04:35.742+0000] {processor.py:183} INFO - Processing /home/airflow/.local/lib/python3.8/site-packages/airflow/example_dags/example_xcom.py took 0.095 seconds
[2024-09-05T13:06:22.712+0000] {processor.py:161} INFO - Started process (PID=64) to work on /home/airflow/.local/lib/python3.8/site-packages/airflow/example_dags/example_xcom.py
[2024-09-05T13:06:22.715+0000] {processor.py:830} INFO - Processing file /home/airflow/.local/lib/python3.8/site-packages/airflow/example_dags/example_xcom.py for tasks to queue
[2024-09-05T13:06:22.717+0000] {logging_mixin.py:188} INFO - [2024-09-05T13:06:22.717+0000] {dagbag.py:538} INFO - Filling up the DagBag from /home/airflow/.local/lib/python3.8/site-packages/airflow/example_dags/example_xcom.py
[2024-09-05T13:06:22.741+0000] {processor.py:840} INFO - DAG(s) 'example_xcom' retrieved from /home/airflow/.local/lib/python3.8/site-packages/airflow/example_dags/example_xcom.py
[2024-09-05T13:06:22.767+0000] {logging_mixin.py:188} INFO - [2024-09-05T13:06:22.767+0000] {dag.py:3036} INFO - Sync 1 DAGs
[2024-09-05T13:06:22.803+0000] {logging_mixin.py:188} INFO - [2024-09-05T13:06:22.803+0000] {dag.py:3823} INFO - Setting next_dagrun for example_xcom to 2021-01-01 00:00:00+00:00, run_after=2021-01-01 00:00:00+00:00
[2024-09-05T13:06:22.840+0000] {processor.py:183} INFO - Processing /home/airflow/.local/lib/python3.8/site-packages/airflow/example_dags/example_xcom.py took 0.133 seconds
[2024-09-05T13:06:53.137+0000] {processor.py:161} INFO - Started process (PID=121) to work on /home/airflow/.local/lib/python3.8/site-packages/airflow/example_dags/example_xcom.py
[2024-09-05T13:06:53.138+0000] {processor.py:830} INFO - Processing file /home/airflow/.local/lib/python3.8/site-packages/airflow/example_dags/example_xcom.py for tasks to queue
[2024-09-05T13:06:53.139+0000] {logging_mixin.py:188} INFO - [2024-09-05T13:06:53.138+0000] {dagbag.py:538} INFO - Filling up the DagBag from /home/airflow/.local/lib/python3.8/site-packages/airflow/example_dags/example_xcom.py
[2024-09-05T13:06:53.146+0000] {processor.py:840} INFO - DAG(s) 'example_xcom' retrieved from /home/airflow/.local/lib/python3.8/site-packages/airflow/example_dags/example_xcom.py
[2024-09-05T13:06:53.240+0000] {logging_mixin.py:188} INFO - [2024-09-05T13:06:53.239+0000] {dag.py:3036} INFO - Sync 1 DAGs
[2024-09-05T13:06:53.257+0000] {logging_mixin.py:188} INFO - [2024-09-05T13:06:53.257+0000] {dag.py:3823} INFO - Setting next_dagrun for example_xcom to 2021-01-01 00:00:00+00:00, run_after=2021-01-01 00:00:00+00:00
[2024-09-05T13:06:53.276+0000] {processor.py:183} INFO - Processing /home/airflow/.local/lib/python3.8/site-packages/airflow/example_dags/example_xcom.py took 0.142 seconds
[2024-09-05T13:07:24.273+0000] {processor.py:161} INFO - Started process (PID=178) to work on /home/airflow/.local/lib/python3.8/site-packages/airflow/example_dags/example_xcom.py
[2024-09-05T13:07:24.274+0000] {processor.py:830} INFO - Processing file /home/airflow/.local/lib/python3.8/site-packages/airflow/example_dags/example_xcom.py for tasks to queue
[2024-09-05T13:07:24.275+0000] {logging_mixin.py:188} INFO - [2024-09-05T13:07:24.275+0000] {dagbag.py:538} INFO - Filling up the DagBag from /home/airflow/.local/lib/python3.8/site-packages/airflow/example_dags/example_xcom.py
[2024-09-05T13:07:24.282+0000] {processor.py:840} INFO - DAG(s) 'example_xcom' retrieved from /home/airflow/.local/lib/python3.8/site-packages/airflow/example_dags/example_xcom.py
[2024-09-05T13:07:24.302+0000] {logging_mixin.py:188} INFO - [2024-09-05T13:07:24.302+0000] {dag.py:3036} INFO - Sync 1 DAGs
[2024-09-05T13:07:24.328+0000] {logging_mixin.py:188} INFO - [2024-09-05T13:07:24.327+0000] {dag.py:3823} INFO - Setting next_dagrun for example_xcom to 2021-01-01 00:00:00+00:00, run_after=2021-01-01 00:00:00+00:00
[2024-09-05T13:07:24.348+0000] {processor.py:183} INFO - Processing /home/airflow/.local/lib/python3.8/site-packages/airflow/example_dags/example_xcom.py took 0.078 seconds
[2024-09-05T13:07:54.885+0000] {processor.py:161} INFO - Started process (PID=235) to work on /home/airflow/.local/lib/python3.8/site-packages/airflow/example_dags/example_xcom.py
[2024-09-05T13:07:54.886+0000] {processor.py:830} INFO - Processing file /home/airflow/.local/lib/python3.8/site-packages/airflow/example_dags/example_xcom.py for tasks to queue
[2024-09-05T13:07:54.887+0000] {logging_mixin.py:188} INFO - [2024-09-05T13:07:54.886+0000] {dagbag.py:538} INFO - Filling up the DagBag from /home/airflow/.local/lib/python3.8/site-packages/airflow/example_dags/example_xcom.py
[2024-09-05T13:07:54.894+0000] {processor.py:840} INFO - DAG(s) 'example_xcom' retrieved from /home/airflow/.local/lib/python3.8/site-packages/airflow/example_dags/example_xcom.py
[2024-09-05T13:07:54.913+0000] {logging_mixin.py:188} INFO - [2024-09-05T13:07:54.913+0000] {dag.py:3036} INFO - Sync 1 DAGs
[2024-09-05T13:07:54.936+0000] {logging_mixin.py:188} INFO - [2024-09-05T13:07:54.936+0000] {dag.py:3823} INFO - Setting next_dagrun for example_xcom to 2021-01-01 00:00:00+00:00, run_after=2021-01-01 00:00:00+00:00
[2024-09-05T13:07:54.956+0000] {processor.py:183} INFO - Processing /home/airflow/.local/lib/python3.8/site-packages/airflow/example_dags/example_xcom.py took 0.075 seconds
[2024-09-05T13:08:25.008+0000] {processor.py:161} INFO - Started process (PID=292) to work on /home/airflow/.local/lib/python3.8/site-packages/airflow/example_dags/example_xcom.py
[2024-09-05T13:08:25.009+0000] {processor.py:830} INFO - Processing file /home/airflow/.local/lib/python3.8/site-packages/airflow/example_dags/example_xcom.py for tasks to queue
[2024-09-05T13:08:25.010+0000] {logging_mixin.py:188} INFO - [2024-09-05T13:08:25.010+0000] {dagbag.py:538} INFO - Filling up the DagBag from /home/airflow/.local/lib/python3.8/site-packages/airflow/example_dags/example_xcom.py
[2024-09-05T13:08:25.020+0000] {processor.py:840} INFO - DAG(s) 'example_xcom' retrieved from /home/airflow/.local/lib/python3.8/site-packages/airflow/example_dags/example_xcom.py
[2024-09-05T13:08:25.046+0000] {logging_mixin.py:188} INFO - [2024-09-05T13:08:25.045+0000] {dag.py:3036} INFO - Sync 1 DAGs
[2024-09-05T13:08:25.075+0000] {logging_mixin.py:188} INFO - [2024-09-05T13:08:25.074+0000] {dag.py:3823} INFO - Setting next_dagrun for example_xcom to 2021-01-01 00:00:00+00:00, run_after=2021-01-01 00:00:00+00:00
[2024-09-05T13:08:25.097+0000] {processor.py:183} INFO - Processing /home/airflow/.local/lib/python3.8/site-packages/airflow/example_dags/example_xcom.py took 0.092 seconds
[2024-09-05T13:08:55.651+0000] {processor.py:161} INFO - Started process (PID=349) to work on /home/airflow/.local/lib/python3.8/site-packages/airflow/example_dags/example_xcom.py
[2024-09-05T13:08:55.651+0000] {processor.py:830} INFO - Processing file /home/airflow/.local/lib/python3.8/site-packages/airflow/example_dags/example_xcom.py for tasks to queue
[2024-09-05T13:08:55.653+0000] {logging_mixin.py:188} INFO - [2024-09-05T13:08:55.652+0000] {dagbag.py:538} INFO - Filling up the DagBag from /home/airflow/.local/lib/python3.8/site-packages/airflow/example_dags/example_xcom.py
[2024-09-05T13:08:55.663+0000] {processor.py:840} INFO - DAG(s) 'example_xcom' retrieved from /home/airflow/.local/lib/python3.8/site-packages/airflow/example_dags/example_xcom.py
[2024-09-05T13:08:55.690+0000] {logging_mixin.py:188} INFO - [2024-09-05T13:08:55.690+0000] {dag.py:3036} INFO - Sync 1 DAGs
[2024-09-05T13:08:55.720+0000] {logging_mixin.py:188} INFO - [2024-09-05T13:08:55.720+0000] {dag.py:3823} INFO - Setting next_dagrun for example_xcom to 2021-01-01 00:00:00+00:00, run_after=2021-01-01 00:00:00+00:00
[2024-09-05T13:08:55.749+0000] {processor.py:183} INFO - Processing /home/airflow/.local/lib/python3.8/site-packages/airflow/example_dags/example_xcom.py took 0.102 seconds
[2024-09-05T13:09:25.943+0000] {processor.py:161} INFO - Started process (PID=409) to work on /home/airflow/.local/lib/python3.8/site-packages/airflow/example_dags/example_xcom.py
[2024-09-05T13:09:25.945+0000] {processor.py:830} INFO - Processing file /home/airflow/.local/lib/python3.8/site-packages/airflow/example_dags/example_xcom.py for tasks to queue
[2024-09-05T13:09:25.946+0000] {logging_mixin.py:188} INFO - [2024-09-05T13:09:25.946+0000] {dagbag.py:538} INFO - Filling up the DagBag from /home/airflow/.local/lib/python3.8/site-packages/airflow/example_dags/example_xcom.py
[2024-09-05T13:09:25.955+0000] {processor.py:840} INFO - DAG(s) 'example_xcom' retrieved from /home/airflow/.local/lib/python3.8/site-packages/airflow/example_dags/example_xcom.py
[2024-09-05T13:09:25.986+0000] {logging_mixin.py:188} INFO - [2024-09-05T13:09:25.985+0000] {dag.py:3036} INFO - Sync 1 DAGs
[2024-09-05T13:09:26.013+0000] {logging_mixin.py:188} INFO - [2024-09-05T13:09:26.012+0000] {dag.py:3823} INFO - Setting next_dagrun for example_xcom to 2021-01-01 00:00:00+00:00, run_after=2021-01-01 00:00:00+00:00
[2024-09-05T13:09:26.033+0000] {processor.py:183} INFO - Processing /home/airflow/.local/lib/python3.8/site-packages/airflow/example_dags/example_xcom.py took 0.094 seconds
[2024-09-05T13:09:56.457+0000] {processor.py:161} INFO - Started process (PID=467) to work on /home/airflow/.local/lib/python3.8/site-packages/airflow/example_dags/example_xcom.py
[2024-09-05T13:09:56.457+0000] {processor.py:830} INFO - Processing file /home/airflow/.local/lib/python3.8/site-packages/airflow/example_dags/example_xcom.py for tasks to queue
[2024-09-05T13:09:56.459+0000] {logging_mixin.py:188} INFO - [2024-09-05T13:09:56.458+0000] {dagbag.py:538} INFO - Filling up the DagBag from /home/airflow/.local/lib/python3.8/site-packages/airflow/example_dags/example_xcom.py
[2024-09-05T13:09:56.467+0000] {processor.py:840} INFO - DAG(s) 'example_xcom' retrieved from /home/airflow/.local/lib/python3.8/site-packages/airflow/example_dags/example_xcom.py
[2024-09-05T13:09:56.488+0000] {logging_mixin.py:188} INFO - [2024-09-05T13:09:56.488+0000] {dag.py:3036} INFO - Sync 1 DAGs
[2024-09-05T13:09:56.510+0000] {logging_mixin.py:188} INFO - [2024-09-05T13:09:56.510+0000] {dag.py:3823} INFO - Setting next_dagrun for example_xcom to 2021-01-01 00:00:00+00:00, run_after=2021-01-01 00:00:00+00:00
[2024-09-05T13:09:56.531+0000] {processor.py:183} INFO - Processing /home/airflow/.local/lib/python3.8/site-packages/airflow/example_dags/example_xcom.py took 0.078 seconds
[2024-09-05T13:10:26.780+0000] {processor.py:161} INFO - Started process (PID=524) to work on /home/airflow/.local/lib/python3.8/site-packages/airflow/example_dags/example_xcom.py
[2024-09-05T13:10:26.781+0000] {processor.py:830} INFO - Processing file /home/airflow/.local/lib/python3.8/site-packages/airflow/example_dags/example_xcom.py for tasks to queue
[2024-09-05T13:10:26.782+0000] {logging_mixin.py:188} INFO - [2024-09-05T13:10:26.782+0000] {dagbag.py:538} INFO - Filling up the DagBag from /home/airflow/.local/lib/python3.8/site-packages/airflow/example_dags/example_xcom.py
[2024-09-05T13:10:26.791+0000] {processor.py:840} INFO - DAG(s) 'example_xcom' retrieved from /home/airflow/.local/lib/python3.8/site-packages/airflow/example_dags/example_xcom.py
[2024-09-05T13:10:26.816+0000] {logging_mixin.py:188} INFO - [2024-09-05T13:10:26.816+0000] {dag.py:3036} INFO - Sync 1 DAGs
[2024-09-05T13:10:26.843+0000] {logging_mixin.py:188} INFO - [2024-09-05T13:10:26.843+0000] {dag.py:3823} INFO - Setting next_dagrun for example_xcom to 2021-01-01 00:00:00+00:00, run_after=2021-01-01 00:00:00+00:00
[2024-09-05T13:10:26.874+0000] {processor.py:183} INFO - Processing /home/airflow/.local/lib/python3.8/site-packages/airflow/example_dags/example_xcom.py took 0.097 seconds
[2024-09-05T13:10:57.696+0000] {processor.py:161} INFO - Started process (PID=581) to work on /home/airflow/.local/lib/python3.8/site-packages/airflow/example_dags/example_xcom.py
[2024-09-05T13:10:57.698+0000] {processor.py:830} INFO - Processing file /home/airflow/.local/lib/python3.8/site-packages/airflow/example_dags/example_xcom.py for tasks to queue
[2024-09-05T13:10:57.700+0000] {logging_mixin.py:188} INFO - [2024-09-05T13:10:57.699+0000] {dagbag.py:538} INFO - Filling up the DagBag from /home/airflow/.local/lib/python3.8/site-packages/airflow/example_dags/example_xcom.py
[2024-09-05T13:10:57.714+0000] {processor.py:840} INFO - DAG(s) 'example_xcom' retrieved from /home/airflow/.local/lib/python3.8/site-packages/airflow/example_dags/example_xcom.py
[2024-09-05T13:10:57.752+0000] {logging_mixin.py:188} INFO - [2024-09-05T13:10:57.751+0000] {dag.py:3036} INFO - Sync 1 DAGs
[2024-09-05T13:10:57.784+0000] {logging_mixin.py:188} INFO - [2024-09-05T13:10:57.784+0000] {dag.py:3823} INFO - Setting next_dagrun for example_xcom to 2021-01-01 00:00:00+00:00, run_after=2021-01-01 00:00:00+00:00
[2024-09-05T13:10:57.814+0000] {processor.py:183} INFO - Processing /home/airflow/.local/lib/python3.8/site-packages/airflow/example_dags/example_xcom.py took 0.123 seconds
[2024-09-05T13:11:28.018+0000] {processor.py:161} INFO - Started process (PID=638) to work on /home/airflow/.local/lib/python3.8/site-packages/airflow/example_dags/example_xcom.py
[2024-09-05T13:11:28.019+0000] {processor.py:830} INFO - Processing file /home/airflow/.local/lib/python3.8/site-packages/airflow/example_dags/example_xcom.py for tasks to queue
[2024-09-05T13:11:28.020+0000] {logging_mixin.py:188} INFO - [2024-09-05T13:11:28.020+0000] {dagbag.py:538} INFO - Filling up the DagBag from /home/airflow/.local/lib/python3.8/site-packages/airflow/example_dags/example_xcom.py
[2024-09-05T13:11:28.028+0000] {processor.py:840} INFO - DAG(s) 'example_xcom' retrieved from /home/airflow/.local/lib/python3.8/site-packages/airflow/example_dags/example_xcom.py
[2024-09-05T13:11:28.050+0000] {logging_mixin.py:188} INFO - [2024-09-05T13:11:28.049+0000] {dag.py:3036} INFO - Sync 1 DAGs
[2024-09-05T13:11:28.072+0000] {logging_mixin.py:188} INFO - [2024-09-05T13:11:28.072+0000] {dag.py:3823} INFO - Setting next_dagrun for example_xcom to 2021-01-01 00:00:00+00:00, run_after=2021-01-01 00:00:00+00:00
[2024-09-05T13:11:28.094+0000] {processor.py:183} INFO - Processing /home/airflow/.local/lib/python3.8/site-packages/airflow/example_dags/example_xcom.py took 0.079 seconds
[2024-09-05T13:11:58.567+0000] {processor.py:161} INFO - Started process (PID=697) to work on /home/airflow/.local/lib/python3.8/site-packages/airflow/example_dags/example_xcom.py
[2024-09-05T13:11:58.568+0000] {processor.py:830} INFO - Processing file /home/airflow/.local/lib/python3.8/site-packages/airflow/example_dags/example_xcom.py for tasks to queue
[2024-09-05T13:11:58.570+0000] {logging_mixin.py:188} INFO - [2024-09-05T13:11:58.569+0000] {dagbag.py:538} INFO - Filling up the DagBag from /home/airflow/.local/lib/python3.8/site-packages/airflow/example_dags/example_xcom.py
[2024-09-05T13:11:58.580+0000] {processor.py:840} INFO - DAG(s) 'example_xcom' retrieved from /home/airflow/.local/lib/python3.8/site-packages/airflow/example_dags/example_xcom.py
[2024-09-05T13:11:58.607+0000] {logging_mixin.py:188} INFO - [2024-09-05T13:11:58.607+0000] {dag.py:3036} INFO - Sync 1 DAGs
[2024-09-05T13:11:58.631+0000] {logging_mixin.py:188} INFO - [2024-09-05T13:11:58.630+0000] {dag.py:3823} INFO - Setting next_dagrun for example_xcom to 2021-01-01 00:00:00+00:00, run_after=2021-01-01 00:00:00+00:00
[2024-09-05T13:11:58.664+0000] {processor.py:183} INFO - Processing /home/airflow/.local/lib/python3.8/site-packages/airflow/example_dags/example_xcom.py took 0.101 seconds
[2024-09-05T13:12:28.950+0000] {processor.py:161} INFO - Started process (PID=754) to work on /home/airflow/.local/lib/python3.8/site-packages/airflow/example_dags/example_xcom.py
[2024-09-05T13:12:28.951+0000] {processor.py:830} INFO - Processing file /home/airflow/.local/lib/python3.8/site-packages/airflow/example_dags/example_xcom.py for tasks to queue
[2024-09-05T13:12:28.952+0000] {logging_mixin.py:188} INFO - [2024-09-05T13:12:28.952+0000] {dagbag.py:538} INFO - Filling up the DagBag from /home/airflow/.local/lib/python3.8/site-packages/airflow/example_dags/example_xcom.py
[2024-09-05T13:12:28.961+0000] {processor.py:840} INFO - DAG(s) 'example_xcom' retrieved from /home/airflow/.local/lib/python3.8/site-packages/airflow/example_dags/example_xcom.py
[2024-09-05T13:12:28.983+0000] {logging_mixin.py:188} INFO - [2024-09-05T13:12:28.983+0000] {dag.py:3036} INFO - Sync 1 DAGs
[2024-09-05T13:12:29.003+0000] {logging_mixin.py:188} INFO - [2024-09-05T13:12:29.003+0000] {dag.py:3823} INFO - Setting next_dagrun for example_xcom to 2021-01-01 00:00:00+00:00, run_after=2021-01-01 00:00:00+00:00
[2024-09-05T13:12:29.028+0000] {processor.py:183} INFO - Processing /home/airflow/.local/lib/python3.8/site-packages/airflow/example_dags/example_xcom.py took 0.082 seconds
[2024-09-05T13:12:59.342+0000] {processor.py:161} INFO - Started process (PID=811) to work on /home/airflow/.local/lib/python3.8/site-packages/airflow/example_dags/example_xcom.py
[2024-09-05T13:12:59.343+0000] {processor.py:830} INFO - Processing file /home/airflow/.local/lib/python3.8/site-packages/airflow/example_dags/example_xcom.py for tasks to queue
[2024-09-05T13:12:59.344+0000] {logging_mixin.py:188} INFO - [2024-09-05T13:12:59.344+0000] {dagbag.py:538} INFO - Filling up the DagBag from /home/airflow/.local/lib/python3.8/site-packages/airflow/example_dags/example_xcom.py
[2024-09-05T13:12:59.352+0000] {processor.py:840} INFO - DAG(s) 'example_xcom' retrieved from /home/airflow/.local/lib/python3.8/site-packages/airflow/example_dags/example_xcom.py
[2024-09-05T13:12:59.373+0000] {logging_mixin.py:188} INFO - [2024-09-05T13:12:59.373+0000] {dag.py:3036} INFO - Sync 1 DAGs
[2024-09-05T13:12:59.395+0000] {logging_mixin.py:188} INFO - [2024-09-05T13:12:59.394+0000] {dag.py:3823} INFO - Setting next_dagrun for example_xcom to 2021-01-01 00:00:00+00:00, run_after=2021-01-01 00:00:00+00:00
[2024-09-05T13:12:59.417+0000] {processor.py:183} INFO - Processing /home/airflow/.local/lib/python3.8/site-packages/airflow/example_dags/example_xcom.py took 0.078 seconds
[2024-09-05T13:13:29.801+0000] {processor.py:161} INFO - Started process (PID=868) to work on /home/airflow/.local/lib/python3.8/site-packages/airflow/example_dags/example_xcom.py
[2024-09-05T13:13:29.802+0000] {processor.py:830} INFO - Processing file /home/airflow/.local/lib/python3.8/site-packages/airflow/example_dags/example_xcom.py for tasks to queue
[2024-09-05T13:13:29.803+0000] {logging_mixin.py:188} INFO - [2024-09-05T13:13:29.803+0000] {dagbag.py:538} INFO - Filling up the DagBag from /home/airflow/.local/lib/python3.8/site-packages/airflow/example_dags/example_xcom.py
[2024-09-05T13:13:29.810+0000] {processor.py:840} INFO - DAG(s) 'example_xcom' retrieved from /home/airflow/.local/lib/python3.8/site-packages/airflow/example_dags/example_xcom.py
[2024-09-05T13:13:29.832+0000] {logging_mixin.py:188} INFO - [2024-09-05T13:13:29.831+0000] {dag.py:3036} INFO - Sync 1 DAGs
[2024-09-05T13:13:29.855+0000] {logging_mixin.py:188} INFO - [2024-09-05T13:13:29.854+0000] {dag.py:3823} INFO - Setting next_dagrun for example_xcom to 2021-01-01 00:00:00+00:00, run_after=2021-01-01 00:00:00+00:00
[2024-09-05T13:13:29.877+0000] {processor.py:183} INFO - Processing /home/airflow/.local/lib/python3.8/site-packages/airflow/example_dags/example_xcom.py took 0.079 seconds
[2024-09-05T13:14:00.304+0000] {processor.py:161} INFO - Started process (PID=925) to work on /home/airflow/.local/lib/python3.8/site-packages/airflow/example_dags/example_xcom.py
[2024-09-05T13:14:00.305+0000] {processor.py:830} INFO - Processing file /home/airflow/.local/lib/python3.8/site-packages/airflow/example_dags/example_xcom.py for tasks to queue
[2024-09-05T13:14:00.307+0000] {logging_mixin.py:188} INFO - [2024-09-05T13:14:00.306+0000] {dagbag.py:538} INFO - Filling up the DagBag from /home/airflow/.local/lib/python3.8/site-packages/airflow/example_dags/example_xcom.py
[2024-09-05T13:14:00.315+0000] {processor.py:840} INFO - DAG(s) 'example_xcom' retrieved from /home/airflow/.local/lib/python3.8/site-packages/airflow/example_dags/example_xcom.py
[2024-09-05T13:14:00.344+0000] {logging_mixin.py:188} INFO - [2024-09-05T13:14:00.344+0000] {dag.py:3036} INFO - Sync 1 DAGs
[2024-09-05T13:14:00.372+0000] {logging_mixin.py:188} INFO - [2024-09-05T13:14:00.371+0000] {dag.py:3823} INFO - Setting next_dagrun for example_xcom to 2021-01-01 00:00:00+00:00, run_after=2021-01-01 00:00:00+00:00
[2024-09-05T13:14:00.403+0000] {processor.py:183} INFO - Processing /home/airflow/.local/lib/python3.8/site-packages/airflow/example_dags/example_xcom.py took 0.102 seconds
[2024-09-05T13:14:30.971+0000] {processor.py:161} INFO - Started process (PID=982) to work on /home/airflow/.local/lib/python3.8/site-packages/airflow/example_dags/example_xcom.py
[2024-09-05T13:14:30.972+0000] {processor.py:830} INFO - Processing file /home/airflow/.local/lib/python3.8/site-packages/airflow/example_dags/example_xcom.py for tasks to queue
[2024-09-05T13:14:30.973+0000] {logging_mixin.py:188} INFO - [2024-09-05T13:14:30.973+0000] {dagbag.py:538} INFO - Filling up the DagBag from /home/airflow/.local/lib/python3.8/site-packages/airflow/example_dags/example_xcom.py
[2024-09-05T13:14:30.981+0000] {processor.py:840} INFO - DAG(s) 'example_xcom' retrieved from /home/airflow/.local/lib/python3.8/site-packages/airflow/example_dags/example_xcom.py
[2024-09-05T13:14:31.001+0000] {logging_mixin.py:188} INFO - [2024-09-05T13:14:31.001+0000] {dag.py:3036} INFO - Sync 1 DAGs
[2024-09-05T13:14:31.027+0000] {logging_mixin.py:188} INFO - [2024-09-05T13:14:31.027+0000] {dag.py:3823} INFO - Setting next_dagrun for example_xcom to 2021-01-01 00:00:00+00:00, run_after=2021-01-01 00:00:00+00:00
[2024-09-05T13:14:31.051+0000] {processor.py:183} INFO - Processing /home/airflow/.local/lib/python3.8/site-packages/airflow/example_dags/example_xcom.py took 0.082 seconds
[2024-09-05T13:15:01.331+0000] {processor.py:161} INFO - Started process (PID=1040) to work on /home/airflow/.local/lib/python3.8/site-packages/airflow/example_dags/example_xcom.py
[2024-09-05T13:15:01.332+0000] {processor.py:830} INFO - Processing file /home/airflow/.local/lib/python3.8/site-packages/airflow/example_dags/example_xcom.py for tasks to queue
[2024-09-05T13:15:01.336+0000] {logging_mixin.py:188} INFO - [2024-09-05T13:15:01.333+0000] {dagbag.py:538} INFO - Filling up the DagBag from /home/airflow/.local/lib/python3.8/site-packages/airflow/example_dags/example_xcom.py
[2024-09-05T13:15:01.356+0000] {processor.py:840} INFO - DAG(s) 'example_xcom' retrieved from /home/airflow/.local/lib/python3.8/site-packages/airflow/example_dags/example_xcom.py
[2024-09-05T13:15:01.397+0000] {logging_mixin.py:188} INFO - [2024-09-05T13:15:01.397+0000] {dag.py:3036} INFO - Sync 1 DAGs
[2024-09-05T13:15:01.443+0000] {logging_mixin.py:188} INFO - [2024-09-05T13:15:01.443+0000] {dag.py:3823} INFO - Setting next_dagrun for example_xcom to 2021-01-01 00:00:00+00:00, run_after=2021-01-01 00:00:00+00:00
[2024-09-05T13:15:01.477+0000] {processor.py:183} INFO - Processing /home/airflow/.local/lib/python3.8/site-packages/airflow/example_dags/example_xcom.py took 0.150 seconds
[2024-09-05T13:15:32.210+0000] {processor.py:161} INFO - Started process (PID=1097) to work on /home/airflow/.local/lib/python3.8/site-packages/airflow/example_dags/example_xcom.py
[2024-09-05T13:15:32.211+0000] {processor.py:830} INFO - Processing file /home/airflow/.local/lib/python3.8/site-packages/airflow/example_dags/example_xcom.py for tasks to queue
[2024-09-05T13:15:32.212+0000] {logging_mixin.py:188} INFO - [2024-09-05T13:15:32.212+0000] {dagbag.py:538} INFO - Filling up the DagBag from /home/airflow/.local/lib/python3.8/site-packages/airflow/example_dags/example_xcom.py
[2024-09-05T13:15:32.222+0000] {processor.py:840} INFO - DAG(s) 'example_xcom' retrieved from /home/airflow/.local/lib/python3.8/site-packages/airflow/example_dags/example_xcom.py
[2024-09-05T13:15:32.245+0000] {logging_mixin.py:188} INFO - [2024-09-05T13:15:32.245+0000] {dag.py:3036} INFO - Sync 1 DAGs
[2024-09-05T13:15:32.274+0000] {logging_mixin.py:188} INFO - [2024-09-05T13:15:32.273+0000] {dag.py:3823} INFO - Setting next_dagrun for example_xcom to 2021-01-01 00:00:00+00:00, run_after=2021-01-01 00:00:00+00:00
[2024-09-05T13:15:32.298+0000] {processor.py:183} INFO - Processing /home/airflow/.local/lib/python3.8/site-packages/airflow/example_dags/example_xcom.py took 0.092 seconds
[2024-09-05T13:16:02.504+0000] {processor.py:161} INFO - Started process (PID=1157) to work on /home/airflow/.local/lib/python3.8/site-packages/airflow/example_dags/example_xcom.py
[2024-09-05T13:16:02.505+0000] {processor.py:830} INFO - Processing file /home/airflow/.local/lib/python3.8/site-packages/airflow/example_dags/example_xcom.py for tasks to queue
[2024-09-05T13:16:02.506+0000] {logging_mixin.py:188} INFO - [2024-09-05T13:16:02.506+0000] {dagbag.py:538} INFO - Filling up the DagBag from /home/airflow/.local/lib/python3.8/site-packages/airflow/example_dags/example_xcom.py
[2024-09-05T13:16:02.514+0000] {processor.py:840} INFO - DAG(s) 'example_xcom' retrieved from /home/airflow/.local/lib/python3.8/site-packages/airflow/example_dags/example_xcom.py
[2024-09-05T13:16:02.538+0000] {logging_mixin.py:188} INFO - [2024-09-05T13:16:02.537+0000] {dag.py:3036} INFO - Sync 1 DAGs
[2024-09-05T13:16:02.562+0000] {logging_mixin.py:188} INFO - [2024-09-05T13:16:02.561+0000] {dag.py:3823} INFO - Setting next_dagrun for example_xcom to 2021-01-01 00:00:00+00:00, run_after=2021-01-01 00:00:00+00:00
[2024-09-05T13:16:02.585+0000] {processor.py:183} INFO - Processing /home/airflow/.local/lib/python3.8/site-packages/airflow/example_dags/example_xcom.py took 0.084 seconds
[2024-09-05T13:16:33.517+0000] {processor.py:161} INFO - Started process (PID=1215) to work on /home/airflow/.local/lib/python3.8/site-packages/airflow/example_dags/example_xcom.py
[2024-09-05T13:16:33.518+0000] {processor.py:830} INFO - Processing file /home/airflow/.local/lib/python3.8/site-packages/airflow/example_dags/example_xcom.py for tasks to queue
[2024-09-05T13:16:33.519+0000] {logging_mixin.py:188} INFO - [2024-09-05T13:16:33.519+0000] {dagbag.py:538} INFO - Filling up the DagBag from /home/airflow/.local/lib/python3.8/site-packages/airflow/example_dags/example_xcom.py
[2024-09-05T13:16:33.528+0000] {processor.py:840} INFO - DAG(s) 'example_xcom' retrieved from /home/airflow/.local/lib/python3.8/site-packages/airflow/example_dags/example_xcom.py
[2024-09-05T13:16:33.553+0000] {logging_mixin.py:188} INFO - [2024-09-05T13:16:33.553+0000] {dag.py:3036} INFO - Sync 1 DAGs
[2024-09-05T13:16:33.578+0000] {logging_mixin.py:188} INFO - [2024-09-05T13:16:33.577+0000] {dag.py:3823} INFO - Setting next_dagrun for example_xcom to 2021-01-01 00:00:00+00:00, run_after=2021-01-01 00:00:00+00:00
[2024-09-05T13:16:33.603+0000] {processor.py:183} INFO - Processing /home/airflow/.local/lib/python3.8/site-packages/airflow/example_dags/example_xcom.py took 0.090 seconds
[2024-09-05T13:17:04.305+0000] {processor.py:161} INFO - Started process (PID=1272) to work on /home/airflow/.local/lib/python3.8/site-packages/airflow/example_dags/example_xcom.py
[2024-09-05T13:17:04.306+0000] {processor.py:830} INFO - Processing file /home/airflow/.local/lib/python3.8/site-packages/airflow/example_dags/example_xcom.py for tasks to queue
[2024-09-05T13:17:04.307+0000] {logging_mixin.py:188} INFO - [2024-09-05T13:17:04.307+0000] {dagbag.py:538} INFO - Filling up the DagBag from /home/airflow/.local/lib/python3.8/site-packages/airflow/example_dags/example_xcom.py
[2024-09-05T13:17:04.314+0000] {processor.py:840} INFO - DAG(s) 'example_xcom' retrieved from /home/airflow/.local/lib/python3.8/site-packages/airflow/example_dags/example_xcom.py
[2024-09-05T13:17:04.338+0000] {logging_mixin.py:188} INFO - [2024-09-05T13:17:04.338+0000] {dag.py:3036} INFO - Sync 1 DAGs
[2024-09-05T13:17:04.360+0000] {logging_mixin.py:188} INFO - [2024-09-05T13:17:04.360+0000] {dag.py:3823} INFO - Setting next_dagrun for example_xcom to 2021-01-01 00:00:00+00:00, run_after=2021-01-01 00:00:00+00:00
[2024-09-05T13:17:04.384+0000] {processor.py:183} INFO - Processing /home/airflow/.local/lib/python3.8/site-packages/airflow/example_dags/example_xcom.py took 0.082 seconds
[2024-09-05T13:17:34.921+0000] {processor.py:161} INFO - Started process (PID=1329) to work on /home/airflow/.local/lib/python3.8/site-packages/airflow/example_dags/example_xcom.py
[2024-09-05T13:17:34.921+0000] {processor.py:830} INFO - Processing file /home/airflow/.local/lib/python3.8/site-packages/airflow/example_dags/example_xcom.py for tasks to queue
[2024-09-05T13:17:34.922+0000] {logging_mixin.py:188} INFO - [2024-09-05T13:17:34.922+0000] {dagbag.py:538} INFO - Filling up the DagBag from /home/airflow/.local/lib/python3.8/site-packages/airflow/example_dags/example_xcom.py
[2024-09-05T13:17:34.930+0000] {processor.py:840} INFO - DAG(s) 'example_xcom' retrieved from /home/airflow/.local/lib/python3.8/site-packages/airflow/example_dags/example_xcom.py
[2024-09-05T13:17:34.954+0000] {logging_mixin.py:188} INFO - [2024-09-05T13:17:34.954+0000] {dag.py:3036} INFO - Sync 1 DAGs
[2024-09-05T13:17:34.979+0000] {logging_mixin.py:188} INFO - [2024-09-05T13:17:34.979+0000] {dag.py:3823} INFO - Setting next_dagrun for example_xcom to 2021-01-01 00:00:00+00:00, run_after=2021-01-01 00:00:00+00:00
[2024-09-05T13:17:35.000+0000] {processor.py:183} INFO - Processing /home/airflow/.local/lib/python3.8/site-packages/airflow/example_dags/example_xcom.py took 0.083 seconds
[2024-09-05T13:18:05.399+0000] {processor.py:161} INFO - Started process (PID=1386) to work on /home/airflow/.local/lib/python3.8/site-packages/airflow/example_dags/example_xcom.py
[2024-09-05T13:18:05.399+0000] {processor.py:830} INFO - Processing file /home/airflow/.local/lib/python3.8/site-packages/airflow/example_dags/example_xcom.py for tasks to queue
[2024-09-05T13:18:05.400+0000] {logging_mixin.py:188} INFO - [2024-09-05T13:18:05.400+0000] {dagbag.py:538} INFO - Filling up the DagBag from /home/airflow/.local/lib/python3.8/site-packages/airflow/example_dags/example_xcom.py
[2024-09-05T13:18:05.407+0000] {processor.py:840} INFO - DAG(s) 'example_xcom' retrieved from /home/airflow/.local/lib/python3.8/site-packages/airflow/example_dags/example_xcom.py
[2024-09-05T13:18:05.426+0000] {logging_mixin.py:188} INFO - [2024-09-05T13:18:05.426+0000] {dag.py:3036} INFO - Sync 1 DAGs
[2024-09-05T13:18:05.446+0000] {logging_mixin.py:188} INFO - [2024-09-05T13:18:05.445+0000] {dag.py:3823} INFO - Setting next_dagrun for example_xcom to 2021-01-01 00:00:00+00:00, run_after=2021-01-01 00:00:00+00:00
[2024-09-05T13:18:05.464+0000] {processor.py:183} INFO - Processing /home/airflow/.local/lib/python3.8/site-packages/airflow/example_dags/example_xcom.py took 0.068 seconds
[2024-09-05T13:18:35.690+0000] {processor.py:161} INFO - Started process (PID=1443) to work on /home/airflow/.local/lib/python3.8/site-packages/airflow/example_dags/example_xcom.py
[2024-09-05T13:18:35.691+0000] {processor.py:830} INFO - Processing file /home/airflow/.local/lib/python3.8/site-packages/airflow/example_dags/example_xcom.py for tasks to queue
[2024-09-05T13:18:35.692+0000] {logging_mixin.py:188} INFO - [2024-09-05T13:18:35.691+0000] {dagbag.py:538} INFO - Filling up the DagBag from /home/airflow/.local/lib/python3.8/site-packages/airflow/example_dags/example_xcom.py
[2024-09-05T13:18:35.699+0000] {processor.py:840} INFO - DAG(s) 'example_xcom' retrieved from /home/airflow/.local/lib/python3.8/site-packages/airflow/example_dags/example_xcom.py
[2024-09-05T13:18:35.721+0000] {logging_mixin.py:188} INFO - [2024-09-05T13:18:35.720+0000] {dag.py:3036} INFO - Sync 1 DAGs
[2024-09-05T13:18:35.743+0000] {logging_mixin.py:188} INFO - [2024-09-05T13:18:35.743+0000] {dag.py:3823} INFO - Setting next_dagrun for example_xcom to 2021-01-01 00:00:00+00:00, run_after=2021-01-01 00:00:00+00:00
[2024-09-05T13:18:35.776+0000] {processor.py:183} INFO - Processing /home/airflow/.local/lib/python3.8/site-packages/airflow/example_dags/example_xcom.py took 0.088 seconds
[2024-09-05T13:19:06.958+0000] {processor.py:161} INFO - Started process (PID=1506) to work on /home/airflow/.local/lib/python3.8/site-packages/airflow/example_dags/example_xcom.py
[2024-09-05T13:19:06.960+0000] {processor.py:830} INFO - Processing file /home/airflow/.local/lib/python3.8/site-packages/airflow/example_dags/example_xcom.py for tasks to queue
[2024-09-05T13:19:06.964+0000] {logging_mixin.py:188} INFO - [2024-09-05T13:19:06.963+0000] {dagbag.py:538} INFO - Filling up the DagBag from /home/airflow/.local/lib/python3.8/site-packages/airflow/example_dags/example_xcom.py
[2024-09-05T13:19:06.993+0000] {processor.py:840} INFO - DAG(s) 'example_xcom' retrieved from /home/airflow/.local/lib/python3.8/site-packages/airflow/example_dags/example_xcom.py
[2024-09-05T13:19:07.042+0000] {logging_mixin.py:188} INFO - [2024-09-05T13:19:07.042+0000] {dag.py:3036} INFO - Sync 1 DAGs
[2024-09-05T13:19:07.112+0000] {logging_mixin.py:188} INFO - [2024-09-05T13:19:07.112+0000] {dag.py:3823} INFO - Setting next_dagrun for example_xcom to 2021-01-01 00:00:00+00:00, run_after=2021-01-01 00:00:00+00:00
[2024-09-05T13:19:07.209+0000] {processor.py:183} INFO - Processing /home/airflow/.local/lib/python3.8/site-packages/airflow/example_dags/example_xcom.py took 0.258 seconds
[2024-09-05T13:19:37.607+0000] {processor.py:161} INFO - Started process (PID=1563) to work on /home/airflow/.local/lib/python3.8/site-packages/airflow/example_dags/example_xcom.py
[2024-09-05T13:19:37.608+0000] {processor.py:830} INFO - Processing file /home/airflow/.local/lib/python3.8/site-packages/airflow/example_dags/example_xcom.py for tasks to queue
[2024-09-05T13:19:37.609+0000] {logging_mixin.py:188} INFO - [2024-09-05T13:19:37.608+0000] {dagbag.py:538} INFO - Filling up the DagBag from /home/airflow/.local/lib/python3.8/site-packages/airflow/example_dags/example_xcom.py
[2024-09-05T13:19:37.616+0000] {processor.py:840} INFO - DAG(s) 'example_xcom' retrieved from /home/airflow/.local/lib/python3.8/site-packages/airflow/example_dags/example_xcom.py
[2024-09-05T13:19:37.637+0000] {logging_mixin.py:188} INFO - [2024-09-05T13:19:37.637+0000] {dag.py:3036} INFO - Sync 1 DAGs
[2024-09-05T13:19:37.659+0000] {logging_mixin.py:188} INFO - [2024-09-05T13:19:37.659+0000] {dag.py:3823} INFO - Setting next_dagrun for example_xcom to 2021-01-01 00:00:00+00:00, run_after=2021-01-01 00:00:00+00:00
[2024-09-05T13:19:37.683+0000] {processor.py:183} INFO - Processing /home/airflow/.local/lib/python3.8/site-packages/airflow/example_dags/example_xcom.py took 0.079 seconds
