[2024-09-05T12:26:13.452+0000] {processor.py:161} INFO - Started process (PID=42) to work on /home/airflow/.local/lib/python3.8/site-packages/airflow/example_dags/tutorial_dag.py
[2024-09-05T12:26:13.454+0000] {processor.py:830} INFO - Processing file /home/airflow/.local/lib/python3.8/site-packages/airflow/example_dags/tutorial_dag.py for tasks to queue
[2024-09-05T12:26:13.456+0000] {logging_mixin.py:188} INFO - [2024-09-05T12:26:13.456+0000] {dagbag.py:538} INFO - Filling up the DagBag from /home/airflow/.local/lib/python3.8/site-packages/airflow/example_dags/tutorial_dag.py
[2024-09-05T12:26:13.489+0000] {processor.py:840} INFO - DAG(s) 'tutorial_dag' retrieved from /home/airflow/.local/lib/python3.8/site-packages/airflow/example_dags/tutorial_dag.py
[2024-09-05T12:26:13.524+0000] {logging_mixin.py:188} INFO - [2024-09-05T12:26:13.523+0000] {dag.py:3036} INFO - Sync 1 DAGs
[2024-09-05T12:26:13.570+0000] {logging_mixin.py:188} INFO - [2024-09-05T12:26:13.569+0000] {dag.py:3823} INFO - Setting next_dagrun for tutorial_dag to None, run_after=None
[2024-09-05T12:26:13.621+0000] {processor.py:183} INFO - Processing /home/airflow/.local/lib/python3.8/site-packages/airflow/example_dags/tutorial_dag.py took 0.190 seconds
[2024-09-05T12:26:55.850+0000] {processor.py:161} INFO - Started process (PID=42) to work on /home/airflow/.local/lib/python3.8/site-packages/airflow/example_dags/tutorial_dag.py
[2024-09-05T12:26:55.851+0000] {processor.py:830} INFO - Processing file /home/airflow/.local/lib/python3.8/site-packages/airflow/example_dags/tutorial_dag.py for tasks to queue
[2024-09-05T12:26:55.853+0000] {logging_mixin.py:188} INFO - [2024-09-05T12:26:55.852+0000] {dagbag.py:538} INFO - Filling up the DagBag from /home/airflow/.local/lib/python3.8/site-packages/airflow/example_dags/tutorial_dag.py
[2024-09-05T12:26:55.867+0000] {processor.py:840} INFO - DAG(s) 'tutorial_dag' retrieved from /home/airflow/.local/lib/python3.8/site-packages/airflow/example_dags/tutorial_dag.py
[2024-09-05T12:26:56.004+0000] {logging_mixin.py:188} INFO - [2024-09-05T12:26:56.004+0000] {dag.py:3036} INFO - Sync 1 DAGs
[2024-09-05T12:26:56.020+0000] {logging_mixin.py:188} INFO - [2024-09-05T12:26:56.020+0000] {dag.py:3823} INFO - Setting next_dagrun for tutorial_dag to None, run_after=None
[2024-09-05T12:26:56.076+0000] {processor.py:183} INFO - Processing /home/airflow/.local/lib/python3.8/site-packages/airflow/example_dags/tutorial_dag.py took 0.231 seconds
[2024-09-05T12:27:26.559+0000] {processor.py:161} INFO - Started process (PID=99) to work on /home/airflow/.local/lib/python3.8/site-packages/airflow/example_dags/tutorial_dag.py
[2024-09-05T12:27:26.560+0000] {processor.py:830} INFO - Processing file /home/airflow/.local/lib/python3.8/site-packages/airflow/example_dags/tutorial_dag.py for tasks to queue
[2024-09-05T12:27:26.561+0000] {logging_mixin.py:188} INFO - [2024-09-05T12:27:26.561+0000] {dagbag.py:538} INFO - Filling up the DagBag from /home/airflow/.local/lib/python3.8/site-packages/airflow/example_dags/tutorial_dag.py
[2024-09-05T12:27:26.568+0000] {processor.py:840} INFO - DAG(s) 'tutorial_dag' retrieved from /home/airflow/.local/lib/python3.8/site-packages/airflow/example_dags/tutorial_dag.py
[2024-09-05T12:27:26.585+0000] {logging_mixin.py:188} INFO - [2024-09-05T12:27:26.585+0000] {dag.py:3036} INFO - Sync 1 DAGs
[2024-09-05T12:27:26.608+0000] {logging_mixin.py:188} INFO - [2024-09-05T12:27:26.608+0000] {dag.py:3823} INFO - Setting next_dagrun for tutorial_dag to None, run_after=None
[2024-09-05T12:27:26.644+0000] {processor.py:183} INFO - Processing /home/airflow/.local/lib/python3.8/site-packages/airflow/example_dags/tutorial_dag.py took 0.090 seconds
[2024-09-05T12:27:57.260+0000] {processor.py:161} INFO - Started process (PID=156) to work on /home/airflow/.local/lib/python3.8/site-packages/airflow/example_dags/tutorial_dag.py
[2024-09-05T12:27:57.261+0000] {processor.py:830} INFO - Processing file /home/airflow/.local/lib/python3.8/site-packages/airflow/example_dags/tutorial_dag.py for tasks to queue
[2024-09-05T12:27:57.262+0000] {logging_mixin.py:188} INFO - [2024-09-05T12:27:57.262+0000] {dagbag.py:538} INFO - Filling up the DagBag from /home/airflow/.local/lib/python3.8/site-packages/airflow/example_dags/tutorial_dag.py
[2024-09-05T12:27:57.268+0000] {processor.py:840} INFO - DAG(s) 'tutorial_dag' retrieved from /home/airflow/.local/lib/python3.8/site-packages/airflow/example_dags/tutorial_dag.py
[2024-09-05T12:27:57.395+0000] {logging_mixin.py:188} INFO - [2024-09-05T12:27:57.395+0000] {dag.py:3036} INFO - Sync 1 DAGs
[2024-09-05T12:27:57.408+0000] {logging_mixin.py:188} INFO - [2024-09-05T12:27:57.408+0000] {dag.py:3823} INFO - Setting next_dagrun for tutorial_dag to None, run_after=None
[2024-09-05T12:27:57.428+0000] {processor.py:183} INFO - Processing /home/airflow/.local/lib/python3.8/site-packages/airflow/example_dags/tutorial_dag.py took 0.172 seconds
[2024-09-05T12:28:27.493+0000] {processor.py:161} INFO - Started process (PID=213) to work on /home/airflow/.local/lib/python3.8/site-packages/airflow/example_dags/tutorial_dag.py
[2024-09-05T12:28:27.494+0000] {processor.py:830} INFO - Processing file /home/airflow/.local/lib/python3.8/site-packages/airflow/example_dags/tutorial_dag.py for tasks to queue
[2024-09-05T12:28:27.495+0000] {logging_mixin.py:188} INFO - [2024-09-05T12:28:27.495+0000] {dagbag.py:538} INFO - Filling up the DagBag from /home/airflow/.local/lib/python3.8/site-packages/airflow/example_dags/tutorial_dag.py
[2024-09-05T12:28:27.500+0000] {processor.py:840} INFO - DAG(s) 'tutorial_dag' retrieved from /home/airflow/.local/lib/python3.8/site-packages/airflow/example_dags/tutorial_dag.py
[2024-09-05T12:28:27.526+0000] {logging_mixin.py:188} INFO - [2024-09-05T12:28:27.526+0000] {dag.py:3036} INFO - Sync 1 DAGs
[2024-09-05T12:28:27.543+0000] {logging_mixin.py:188} INFO - [2024-09-05T12:28:27.543+0000] {dag.py:3823} INFO - Setting next_dagrun for tutorial_dag to None, run_after=None
[2024-09-05T12:28:27.574+0000] {processor.py:183} INFO - Processing /home/airflow/.local/lib/python3.8/site-packages/airflow/example_dags/tutorial_dag.py took 0.086 seconds
[2024-09-05T12:28:57.870+0000] {processor.py:161} INFO - Started process (PID=270) to work on /home/airflow/.local/lib/python3.8/site-packages/airflow/example_dags/tutorial_dag.py
[2024-09-05T12:28:57.871+0000] {processor.py:830} INFO - Processing file /home/airflow/.local/lib/python3.8/site-packages/airflow/example_dags/tutorial_dag.py for tasks to queue
[2024-09-05T12:28:57.873+0000] {logging_mixin.py:188} INFO - [2024-09-05T12:28:57.872+0000] {dagbag.py:538} INFO - Filling up the DagBag from /home/airflow/.local/lib/python3.8/site-packages/airflow/example_dags/tutorial_dag.py
[2024-09-05T12:28:57.880+0000] {processor.py:840} INFO - DAG(s) 'tutorial_dag' retrieved from /home/airflow/.local/lib/python3.8/site-packages/airflow/example_dags/tutorial_dag.py
[2024-09-05T12:28:57.914+0000] {logging_mixin.py:188} INFO - [2024-09-05T12:28:57.913+0000] {dag.py:3036} INFO - Sync 1 DAGs
[2024-09-05T12:28:57.931+0000] {logging_mixin.py:188} INFO - [2024-09-05T12:28:57.931+0000] {dag.py:3823} INFO - Setting next_dagrun for tutorial_dag to None, run_after=None
[2024-09-05T12:28:57.954+0000] {processor.py:183} INFO - Processing /home/airflow/.local/lib/python3.8/site-packages/airflow/example_dags/tutorial_dag.py took 0.087 seconds
[2024-09-05T12:29:28.243+0000] {processor.py:161} INFO - Started process (PID=327) to work on /home/airflow/.local/lib/python3.8/site-packages/airflow/example_dags/tutorial_dag.py
[2024-09-05T12:29:28.245+0000] {processor.py:830} INFO - Processing file /home/airflow/.local/lib/python3.8/site-packages/airflow/example_dags/tutorial_dag.py for tasks to queue
[2024-09-05T12:29:28.246+0000] {logging_mixin.py:188} INFO - [2024-09-05T12:29:28.246+0000] {dagbag.py:538} INFO - Filling up the DagBag from /home/airflow/.local/lib/python3.8/site-packages/airflow/example_dags/tutorial_dag.py
[2024-09-05T12:29:28.256+0000] {processor.py:840} INFO - DAG(s) 'tutorial_dag' retrieved from /home/airflow/.local/lib/python3.8/site-packages/airflow/example_dags/tutorial_dag.py
[2024-09-05T12:29:28.295+0000] {logging_mixin.py:188} INFO - [2024-09-05T12:29:28.295+0000] {dag.py:3036} INFO - Sync 1 DAGs
[2024-09-05T12:29:28.316+0000] {logging_mixin.py:188} INFO - [2024-09-05T12:29:28.316+0000] {dag.py:3823} INFO - Setting next_dagrun for tutorial_dag to None, run_after=None
[2024-09-05T12:29:28.342+0000] {processor.py:183} INFO - Processing /home/airflow/.local/lib/python3.8/site-packages/airflow/example_dags/tutorial_dag.py took 0.103 seconds
[2024-09-05T12:29:58.852+0000] {processor.py:161} INFO - Started process (PID=384) to work on /home/airflow/.local/lib/python3.8/site-packages/airflow/example_dags/tutorial_dag.py
[2024-09-05T12:29:58.853+0000] {processor.py:830} INFO - Processing file /home/airflow/.local/lib/python3.8/site-packages/airflow/example_dags/tutorial_dag.py for tasks to queue
[2024-09-05T12:29:58.854+0000] {logging_mixin.py:188} INFO - [2024-09-05T12:29:58.854+0000] {dagbag.py:538} INFO - Filling up the DagBag from /home/airflow/.local/lib/python3.8/site-packages/airflow/example_dags/tutorial_dag.py
[2024-09-05T12:29:58.860+0000] {processor.py:840} INFO - DAG(s) 'tutorial_dag' retrieved from /home/airflow/.local/lib/python3.8/site-packages/airflow/example_dags/tutorial_dag.py
[2024-09-05T12:29:58.880+0000] {logging_mixin.py:188} INFO - [2024-09-05T12:29:58.880+0000] {dag.py:3036} INFO - Sync 1 DAGs
[2024-09-05T12:29:58.893+0000] {logging_mixin.py:188} INFO - [2024-09-05T12:29:58.893+0000] {dag.py:3823} INFO - Setting next_dagrun for tutorial_dag to None, run_after=None
[2024-09-05T12:29:58.914+0000] {processor.py:183} INFO - Processing /home/airflow/.local/lib/python3.8/site-packages/airflow/example_dags/tutorial_dag.py took 0.065 seconds
[2024-09-05T12:30:29.060+0000] {processor.py:161} INFO - Started process (PID=441) to work on /home/airflow/.local/lib/python3.8/site-packages/airflow/example_dags/tutorial_dag.py
[2024-09-05T12:30:29.060+0000] {processor.py:830} INFO - Processing file /home/airflow/.local/lib/python3.8/site-packages/airflow/example_dags/tutorial_dag.py for tasks to queue
[2024-09-05T12:30:29.061+0000] {logging_mixin.py:188} INFO - [2024-09-05T12:30:29.061+0000] {dagbag.py:538} INFO - Filling up the DagBag from /home/airflow/.local/lib/python3.8/site-packages/airflow/example_dags/tutorial_dag.py
[2024-09-05T12:30:29.066+0000] {processor.py:840} INFO - DAG(s) 'tutorial_dag' retrieved from /home/airflow/.local/lib/python3.8/site-packages/airflow/example_dags/tutorial_dag.py
[2024-09-05T12:30:29.085+0000] {logging_mixin.py:188} INFO - [2024-09-05T12:30:29.085+0000] {dag.py:3036} INFO - Sync 1 DAGs
[2024-09-05T12:30:29.099+0000] {logging_mixin.py:188} INFO - [2024-09-05T12:30:29.098+0000] {dag.py:3823} INFO - Setting next_dagrun for tutorial_dag to None, run_after=None
[2024-09-05T12:30:29.119+0000] {processor.py:183} INFO - Processing /home/airflow/.local/lib/python3.8/site-packages/airflow/example_dags/tutorial_dag.py took 0.063 seconds
[2024-09-05T12:30:59.195+0000] {processor.py:161} INFO - Started process (PID=498) to work on /home/airflow/.local/lib/python3.8/site-packages/airflow/example_dags/tutorial_dag.py
[2024-09-05T12:30:59.195+0000] {processor.py:830} INFO - Processing file /home/airflow/.local/lib/python3.8/site-packages/airflow/example_dags/tutorial_dag.py for tasks to queue
[2024-09-05T12:30:59.197+0000] {logging_mixin.py:188} INFO - [2024-09-05T12:30:59.196+0000] {dagbag.py:538} INFO - Filling up the DagBag from /home/airflow/.local/lib/python3.8/site-packages/airflow/example_dags/tutorial_dag.py
[2024-09-05T12:30:59.203+0000] {processor.py:840} INFO - DAG(s) 'tutorial_dag' retrieved from /home/airflow/.local/lib/python3.8/site-packages/airflow/example_dags/tutorial_dag.py
[2024-09-05T12:30:59.225+0000] {logging_mixin.py:188} INFO - [2024-09-05T12:30:59.225+0000] {dag.py:3036} INFO - Sync 1 DAGs
[2024-09-05T12:30:59.240+0000] {logging_mixin.py:188} INFO - [2024-09-05T12:30:59.240+0000] {dag.py:3823} INFO - Setting next_dagrun for tutorial_dag to None, run_after=None
[2024-09-05T12:30:59.262+0000] {processor.py:183} INFO - Processing /home/airflow/.local/lib/python3.8/site-packages/airflow/example_dags/tutorial_dag.py took 0.071 seconds
[2024-09-05T12:45:15.535+0000] {processor.py:161} INFO - Started process (PID=42) to work on /home/airflow/.local/lib/python3.8/site-packages/airflow/example_dags/tutorial_dag.py
[2024-09-05T12:45:15.537+0000] {processor.py:830} INFO - Processing file /home/airflow/.local/lib/python3.8/site-packages/airflow/example_dags/tutorial_dag.py for tasks to queue
[2024-09-05T12:45:15.538+0000] {logging_mixin.py:188} INFO - [2024-09-05T12:45:15.538+0000] {dagbag.py:538} INFO - Filling up the DagBag from /home/airflow/.local/lib/python3.8/site-packages/airflow/example_dags/tutorial_dag.py
[2024-09-05T12:45:15.561+0000] {processor.py:840} INFO - DAG(s) 'tutorial_dag' retrieved from /home/airflow/.local/lib/python3.8/site-packages/airflow/example_dags/tutorial_dag.py
[2024-09-05T12:45:15.592+0000] {logging_mixin.py:188} INFO - [2024-09-05T12:45:15.592+0000] {dag.py:3036} INFO - Sync 1 DAGs
[2024-09-05T12:45:15.626+0000] {logging_mixin.py:188} INFO - [2024-09-05T12:45:15.626+0000] {dag.py:3823} INFO - Setting next_dagrun for tutorial_dag to None, run_after=None
[2024-09-05T12:45:15.707+0000] {processor.py:183} INFO - Processing /home/airflow/.local/lib/python3.8/site-packages/airflow/example_dags/tutorial_dag.py took 0.181 seconds
[2024-09-05T12:45:46.604+0000] {processor.py:161} INFO - Started process (PID=99) to work on /home/airflow/.local/lib/python3.8/site-packages/airflow/example_dags/tutorial_dag.py
[2024-09-05T12:45:46.606+0000] {processor.py:830} INFO - Processing file /home/airflow/.local/lib/python3.8/site-packages/airflow/example_dags/tutorial_dag.py for tasks to queue
[2024-09-05T12:45:46.608+0000] {logging_mixin.py:188} INFO - [2024-09-05T12:45:46.607+0000] {dagbag.py:538} INFO - Filling up the DagBag from /home/airflow/.local/lib/python3.8/site-packages/airflow/example_dags/tutorial_dag.py
[2024-09-05T12:45:46.616+0000] {processor.py:840} INFO - DAG(s) 'tutorial_dag' retrieved from /home/airflow/.local/lib/python3.8/site-packages/airflow/example_dags/tutorial_dag.py
[2024-09-05T12:45:46.795+0000] {logging_mixin.py:188} INFO - [2024-09-05T12:45:46.795+0000] {dag.py:3036} INFO - Sync 1 DAGs
[2024-09-05T12:45:46.815+0000] {logging_mixin.py:188} INFO - [2024-09-05T12:45:46.815+0000] {dag.py:3823} INFO - Setting next_dagrun for tutorial_dag to None, run_after=None
[2024-09-05T12:45:46.850+0000] {processor.py:183} INFO - Processing /home/airflow/.local/lib/python3.8/site-packages/airflow/example_dags/tutorial_dag.py took 0.251 seconds
[2024-09-05T12:46:17.485+0000] {processor.py:161} INFO - Started process (PID=156) to work on /home/airflow/.local/lib/python3.8/site-packages/airflow/example_dags/tutorial_dag.py
[2024-09-05T12:46:17.486+0000] {processor.py:830} INFO - Processing file /home/airflow/.local/lib/python3.8/site-packages/airflow/example_dags/tutorial_dag.py for tasks to queue
[2024-09-05T12:46:17.487+0000] {logging_mixin.py:188} INFO - [2024-09-05T12:46:17.487+0000] {dagbag.py:538} INFO - Filling up the DagBag from /home/airflow/.local/lib/python3.8/site-packages/airflow/example_dags/tutorial_dag.py
[2024-09-05T12:46:17.494+0000] {processor.py:840} INFO - DAG(s) 'tutorial_dag' retrieved from /home/airflow/.local/lib/python3.8/site-packages/airflow/example_dags/tutorial_dag.py
[2024-09-05T12:46:17.520+0000] {logging_mixin.py:188} INFO - [2024-09-05T12:46:17.520+0000] {dag.py:3036} INFO - Sync 1 DAGs
[2024-09-05T12:46:17.536+0000] {logging_mixin.py:188} INFO - [2024-09-05T12:46:17.536+0000] {dag.py:3823} INFO - Setting next_dagrun for tutorial_dag to None, run_after=None
[2024-09-05T12:46:17.566+0000] {processor.py:183} INFO - Processing /home/airflow/.local/lib/python3.8/site-packages/airflow/example_dags/tutorial_dag.py took 0.085 seconds
[2024-09-05T12:46:48.183+0000] {processor.py:161} INFO - Started process (PID=213) to work on /home/airflow/.local/lib/python3.8/site-packages/airflow/example_dags/tutorial_dag.py
[2024-09-05T12:46:48.184+0000] {processor.py:830} INFO - Processing file /home/airflow/.local/lib/python3.8/site-packages/airflow/example_dags/tutorial_dag.py for tasks to queue
[2024-09-05T12:46:48.185+0000] {logging_mixin.py:188} INFO - [2024-09-05T12:46:48.184+0000] {dagbag.py:538} INFO - Filling up the DagBag from /home/airflow/.local/lib/python3.8/site-packages/airflow/example_dags/tutorial_dag.py
[2024-09-05T12:46:48.190+0000] {processor.py:840} INFO - DAG(s) 'tutorial_dag' retrieved from /home/airflow/.local/lib/python3.8/site-packages/airflow/example_dags/tutorial_dag.py
[2024-09-05T12:46:48.217+0000] {logging_mixin.py:188} INFO - [2024-09-05T12:46:48.216+0000] {dag.py:3036} INFO - Sync 1 DAGs
[2024-09-05T12:46:48.230+0000] {logging_mixin.py:188} INFO - [2024-09-05T12:46:48.230+0000] {dag.py:3823} INFO - Setting next_dagrun for tutorial_dag to None, run_after=None
[2024-09-05T12:46:48.258+0000] {processor.py:183} INFO - Processing /home/airflow/.local/lib/python3.8/site-packages/airflow/example_dags/tutorial_dag.py took 0.080 seconds
[2024-09-05T12:47:18.415+0000] {processor.py:161} INFO - Started process (PID=270) to work on /home/airflow/.local/lib/python3.8/site-packages/airflow/example_dags/tutorial_dag.py
[2024-09-05T12:47:18.416+0000] {processor.py:830} INFO - Processing file /home/airflow/.local/lib/python3.8/site-packages/airflow/example_dags/tutorial_dag.py for tasks to queue
[2024-09-05T12:47:18.417+0000] {logging_mixin.py:188} INFO - [2024-09-05T12:47:18.417+0000] {dagbag.py:538} INFO - Filling up the DagBag from /home/airflow/.local/lib/python3.8/site-packages/airflow/example_dags/tutorial_dag.py
[2024-09-05T12:47:18.423+0000] {processor.py:840} INFO - DAG(s) 'tutorial_dag' retrieved from /home/airflow/.local/lib/python3.8/site-packages/airflow/example_dags/tutorial_dag.py
[2024-09-05T12:47:18.445+0000] {logging_mixin.py:188} INFO - [2024-09-05T12:47:18.444+0000] {dag.py:3036} INFO - Sync 1 DAGs
[2024-09-05T12:47:18.458+0000] {logging_mixin.py:188} INFO - [2024-09-05T12:47:18.458+0000] {dag.py:3823} INFO - Setting next_dagrun for tutorial_dag to None, run_after=None
[2024-09-05T12:47:18.481+0000] {processor.py:183} INFO - Processing /home/airflow/.local/lib/python3.8/site-packages/airflow/example_dags/tutorial_dag.py took 0.070 seconds
[2024-09-05T12:47:48.623+0000] {processor.py:161} INFO - Started process (PID=328) to work on /home/airflow/.local/lib/python3.8/site-packages/airflow/example_dags/tutorial_dag.py
[2024-09-05T12:47:48.624+0000] {processor.py:830} INFO - Processing file /home/airflow/.local/lib/python3.8/site-packages/airflow/example_dags/tutorial_dag.py for tasks to queue
[2024-09-05T12:47:48.626+0000] {logging_mixin.py:188} INFO - [2024-09-05T12:47:48.626+0000] {dagbag.py:538} INFO - Filling up the DagBag from /home/airflow/.local/lib/python3.8/site-packages/airflow/example_dags/tutorial_dag.py
[2024-09-05T12:47:48.633+0000] {processor.py:840} INFO - DAG(s) 'tutorial_dag' retrieved from /home/airflow/.local/lib/python3.8/site-packages/airflow/example_dags/tutorial_dag.py
[2024-09-05T12:47:48.663+0000] {logging_mixin.py:188} INFO - [2024-09-05T12:47:48.663+0000] {dag.py:3036} INFO - Sync 1 DAGs
[2024-09-05T12:47:48.682+0000] {logging_mixin.py:188} INFO - [2024-09-05T12:47:48.681+0000] {dag.py:3823} INFO - Setting next_dagrun for tutorial_dag to None, run_after=None
[2024-09-05T12:47:48.719+0000] {processor.py:183} INFO - Processing /home/airflow/.local/lib/python3.8/site-packages/airflow/example_dags/tutorial_dag.py took 0.100 seconds
[2024-09-05T12:48:18.838+0000] {processor.py:161} INFO - Started process (PID=385) to work on /home/airflow/.local/lib/python3.8/site-packages/airflow/example_dags/tutorial_dag.py
[2024-09-05T12:48:18.838+0000] {processor.py:830} INFO - Processing file /home/airflow/.local/lib/python3.8/site-packages/airflow/example_dags/tutorial_dag.py for tasks to queue
[2024-09-05T12:48:18.839+0000] {logging_mixin.py:188} INFO - [2024-09-05T12:48:18.839+0000] {dagbag.py:538} INFO - Filling up the DagBag from /home/airflow/.local/lib/python3.8/site-packages/airflow/example_dags/tutorial_dag.py
[2024-09-05T12:48:18.845+0000] {processor.py:840} INFO - DAG(s) 'tutorial_dag' retrieved from /home/airflow/.local/lib/python3.8/site-packages/airflow/example_dags/tutorial_dag.py
[2024-09-05T12:48:18.870+0000] {logging_mixin.py:188} INFO - [2024-09-05T12:48:18.870+0000] {dag.py:3036} INFO - Sync 1 DAGs
[2024-09-05T12:48:18.895+0000] {logging_mixin.py:188} INFO - [2024-09-05T12:48:18.894+0000] {dag.py:3823} INFO - Setting next_dagrun for tutorial_dag to None, run_after=None
[2024-09-05T12:48:18.926+0000] {processor.py:183} INFO - Processing /home/airflow/.local/lib/python3.8/site-packages/airflow/example_dags/tutorial_dag.py took 0.093 seconds
[2024-09-05T12:48:49.129+0000] {processor.py:161} INFO - Started process (PID=442) to work on /home/airflow/.local/lib/python3.8/site-packages/airflow/example_dags/tutorial_dag.py
[2024-09-05T12:48:49.130+0000] {processor.py:830} INFO - Processing file /home/airflow/.local/lib/python3.8/site-packages/airflow/example_dags/tutorial_dag.py for tasks to queue
[2024-09-05T12:48:49.131+0000] {logging_mixin.py:188} INFO - [2024-09-05T12:48:49.131+0000] {dagbag.py:538} INFO - Filling up the DagBag from /home/airflow/.local/lib/python3.8/site-packages/airflow/example_dags/tutorial_dag.py
[2024-09-05T12:48:49.138+0000] {processor.py:840} INFO - DAG(s) 'tutorial_dag' retrieved from /home/airflow/.local/lib/python3.8/site-packages/airflow/example_dags/tutorial_dag.py
[2024-09-05T12:48:49.161+0000] {logging_mixin.py:188} INFO - [2024-09-05T12:48:49.160+0000] {dag.py:3036} INFO - Sync 1 DAGs
[2024-09-05T12:48:49.175+0000] {logging_mixin.py:188} INFO - [2024-09-05T12:48:49.175+0000] {dag.py:3823} INFO - Setting next_dagrun for tutorial_dag to None, run_after=None
[2024-09-05T12:48:49.199+0000] {processor.py:183} INFO - Processing /home/airflow/.local/lib/python3.8/site-packages/airflow/example_dags/tutorial_dag.py took 0.074 seconds
[2024-09-05T12:49:19.331+0000] {processor.py:161} INFO - Started process (PID=499) to work on /home/airflow/.local/lib/python3.8/site-packages/airflow/example_dags/tutorial_dag.py
[2024-09-05T12:49:19.332+0000] {processor.py:830} INFO - Processing file /home/airflow/.local/lib/python3.8/site-packages/airflow/example_dags/tutorial_dag.py for tasks to queue
[2024-09-05T12:49:19.334+0000] {logging_mixin.py:188} INFO - [2024-09-05T12:49:19.333+0000] {dagbag.py:538} INFO - Filling up the DagBag from /home/airflow/.local/lib/python3.8/site-packages/airflow/example_dags/tutorial_dag.py
[2024-09-05T12:49:19.340+0000] {processor.py:840} INFO - DAG(s) 'tutorial_dag' retrieved from /home/airflow/.local/lib/python3.8/site-packages/airflow/example_dags/tutorial_dag.py
[2024-09-05T12:49:19.362+0000] {logging_mixin.py:188} INFO - [2024-09-05T12:49:19.361+0000] {dag.py:3036} INFO - Sync 1 DAGs
[2024-09-05T12:49:19.374+0000] {logging_mixin.py:188} INFO - [2024-09-05T12:49:19.374+0000] {dag.py:3823} INFO - Setting next_dagrun for tutorial_dag to None, run_after=None
[2024-09-05T12:49:19.396+0000] {processor.py:183} INFO - Processing /home/airflow/.local/lib/python3.8/site-packages/airflow/example_dags/tutorial_dag.py took 0.070 seconds
[2024-09-05T12:49:49.544+0000] {processor.py:161} INFO - Started process (PID=556) to work on /home/airflow/.local/lib/python3.8/site-packages/airflow/example_dags/tutorial_dag.py
[2024-09-05T12:49:49.545+0000] {processor.py:830} INFO - Processing file /home/airflow/.local/lib/python3.8/site-packages/airflow/example_dags/tutorial_dag.py for tasks to queue
[2024-09-05T12:49:49.548+0000] {logging_mixin.py:188} INFO - [2024-09-05T12:49:49.547+0000] {dagbag.py:538} INFO - Filling up the DagBag from /home/airflow/.local/lib/python3.8/site-packages/airflow/example_dags/tutorial_dag.py
[2024-09-05T12:49:49.555+0000] {processor.py:840} INFO - DAG(s) 'tutorial_dag' retrieved from /home/airflow/.local/lib/python3.8/site-packages/airflow/example_dags/tutorial_dag.py
[2024-09-05T12:49:49.586+0000] {logging_mixin.py:188} INFO - [2024-09-05T12:49:49.585+0000] {dag.py:3036} INFO - Sync 1 DAGs
[2024-09-05T12:49:49.602+0000] {logging_mixin.py:188} INFO - [2024-09-05T12:49:49.602+0000] {dag.py:3823} INFO - Setting next_dagrun for tutorial_dag to None, run_after=None
[2024-09-05T12:49:49.642+0000] {processor.py:183} INFO - Processing /home/airflow/.local/lib/python3.8/site-packages/airflow/example_dags/tutorial_dag.py took 0.103 seconds
[2024-09-05T12:50:19.929+0000] {processor.py:161} INFO - Started process (PID=613) to work on /home/airflow/.local/lib/python3.8/site-packages/airflow/example_dags/tutorial_dag.py
[2024-09-05T12:50:19.930+0000] {processor.py:830} INFO - Processing file /home/airflow/.local/lib/python3.8/site-packages/airflow/example_dags/tutorial_dag.py for tasks to queue
[2024-09-05T12:50:19.932+0000] {logging_mixin.py:188} INFO - [2024-09-05T12:50:19.932+0000] {dagbag.py:538} INFO - Filling up the DagBag from /home/airflow/.local/lib/python3.8/site-packages/airflow/example_dags/tutorial_dag.py
[2024-09-05T12:50:19.940+0000] {processor.py:840} INFO - DAG(s) 'tutorial_dag' retrieved from /home/airflow/.local/lib/python3.8/site-packages/airflow/example_dags/tutorial_dag.py
[2024-09-05T12:50:19.962+0000] {logging_mixin.py:188} INFO - [2024-09-05T12:50:19.961+0000] {dag.py:3036} INFO - Sync 1 DAGs
[2024-09-05T12:50:19.981+0000] {logging_mixin.py:188} INFO - [2024-09-05T12:50:19.981+0000] {dag.py:3823} INFO - Setting next_dagrun for tutorial_dag to None, run_after=None
[2024-09-05T12:50:20.008+0000] {processor.py:183} INFO - Processing /home/airflow/.local/lib/python3.8/site-packages/airflow/example_dags/tutorial_dag.py took 0.083 seconds
[2024-09-05T12:50:50.234+0000] {processor.py:161} INFO - Started process (PID=671) to work on /home/airflow/.local/lib/python3.8/site-packages/airflow/example_dags/tutorial_dag.py
[2024-09-05T12:50:50.234+0000] {processor.py:830} INFO - Processing file /home/airflow/.local/lib/python3.8/site-packages/airflow/example_dags/tutorial_dag.py for tasks to queue
[2024-09-05T12:50:50.235+0000] {logging_mixin.py:188} INFO - [2024-09-05T12:50:50.235+0000] {dagbag.py:538} INFO - Filling up the DagBag from /home/airflow/.local/lib/python3.8/site-packages/airflow/example_dags/tutorial_dag.py
[2024-09-05T12:50:50.241+0000] {processor.py:840} INFO - DAG(s) 'tutorial_dag' retrieved from /home/airflow/.local/lib/python3.8/site-packages/airflow/example_dags/tutorial_dag.py
[2024-09-05T12:50:50.261+0000] {logging_mixin.py:188} INFO - [2024-09-05T12:50:50.261+0000] {dag.py:3036} INFO - Sync 1 DAGs
[2024-09-05T12:50:50.273+0000] {logging_mixin.py:188} INFO - [2024-09-05T12:50:50.273+0000] {dag.py:3823} INFO - Setting next_dagrun for tutorial_dag to None, run_after=None
[2024-09-05T12:50:50.295+0000] {processor.py:183} INFO - Processing /home/airflow/.local/lib/python3.8/site-packages/airflow/example_dags/tutorial_dag.py took 0.065 seconds
[2024-09-05T12:51:20.723+0000] {processor.py:161} INFO - Started process (PID=728) to work on /home/airflow/.local/lib/python3.8/site-packages/airflow/example_dags/tutorial_dag.py
[2024-09-05T12:51:20.725+0000] {processor.py:830} INFO - Processing file /home/airflow/.local/lib/python3.8/site-packages/airflow/example_dags/tutorial_dag.py for tasks to queue
[2024-09-05T12:51:20.726+0000] {logging_mixin.py:188} INFO - [2024-09-05T12:51:20.726+0000] {dagbag.py:538} INFO - Filling up the DagBag from /home/airflow/.local/lib/python3.8/site-packages/airflow/example_dags/tutorial_dag.py
[2024-09-05T12:51:20.732+0000] {processor.py:840} INFO - DAG(s) 'tutorial_dag' retrieved from /home/airflow/.local/lib/python3.8/site-packages/airflow/example_dags/tutorial_dag.py
[2024-09-05T12:51:20.756+0000] {logging_mixin.py:188} INFO - [2024-09-05T12:51:20.756+0000] {dag.py:3036} INFO - Sync 1 DAGs
[2024-09-05T12:51:20.771+0000] {logging_mixin.py:188} INFO - [2024-09-05T12:51:20.771+0000] {dag.py:3823} INFO - Setting next_dagrun for tutorial_dag to None, run_after=None
[2024-09-05T12:51:20.793+0000] {processor.py:183} INFO - Processing /home/airflow/.local/lib/python3.8/site-packages/airflow/example_dags/tutorial_dag.py took 0.073 seconds
[2024-09-05T12:51:51.105+0000] {processor.py:161} INFO - Started process (PID=785) to work on /home/airflow/.local/lib/python3.8/site-packages/airflow/example_dags/tutorial_dag.py
[2024-09-05T12:51:51.106+0000] {processor.py:830} INFO - Processing file /home/airflow/.local/lib/python3.8/site-packages/airflow/example_dags/tutorial_dag.py for tasks to queue
[2024-09-05T12:51:51.107+0000] {logging_mixin.py:188} INFO - [2024-09-05T12:51:51.107+0000] {dagbag.py:538} INFO - Filling up the DagBag from /home/airflow/.local/lib/python3.8/site-packages/airflow/example_dags/tutorial_dag.py
[2024-09-05T12:51:51.114+0000] {processor.py:840} INFO - DAG(s) 'tutorial_dag' retrieved from /home/airflow/.local/lib/python3.8/site-packages/airflow/example_dags/tutorial_dag.py
[2024-09-05T12:51:51.141+0000] {logging_mixin.py:188} INFO - [2024-09-05T12:51:51.141+0000] {dag.py:3036} INFO - Sync 1 DAGs
[2024-09-05T12:51:51.158+0000] {logging_mixin.py:188} INFO - [2024-09-05T12:51:51.158+0000] {dag.py:3823} INFO - Setting next_dagrun for tutorial_dag to None, run_after=None
[2024-09-05T12:51:51.187+0000] {processor.py:183} INFO - Processing /home/airflow/.local/lib/python3.8/site-packages/airflow/example_dags/tutorial_dag.py took 0.089 seconds
[2024-09-05T12:52:21.507+0000] {processor.py:161} INFO - Started process (PID=842) to work on /home/airflow/.local/lib/python3.8/site-packages/airflow/example_dags/tutorial_dag.py
[2024-09-05T12:52:21.508+0000] {processor.py:830} INFO - Processing file /home/airflow/.local/lib/python3.8/site-packages/airflow/example_dags/tutorial_dag.py for tasks to queue
[2024-09-05T12:52:21.510+0000] {logging_mixin.py:188} INFO - [2024-09-05T12:52:21.509+0000] {dagbag.py:538} INFO - Filling up the DagBag from /home/airflow/.local/lib/python3.8/site-packages/airflow/example_dags/tutorial_dag.py
[2024-09-05T12:52:21.515+0000] {processor.py:840} INFO - DAG(s) 'tutorial_dag' retrieved from /home/airflow/.local/lib/python3.8/site-packages/airflow/example_dags/tutorial_dag.py
[2024-09-05T12:52:21.537+0000] {logging_mixin.py:188} INFO - [2024-09-05T12:52:21.537+0000] {dag.py:3036} INFO - Sync 1 DAGs
[2024-09-05T12:52:21.551+0000] {logging_mixin.py:188} INFO - [2024-09-05T12:52:21.550+0000] {dag.py:3823} INFO - Setting next_dagrun for tutorial_dag to None, run_after=None
[2024-09-05T12:52:21.572+0000] {processor.py:183} INFO - Processing /home/airflow/.local/lib/python3.8/site-packages/airflow/example_dags/tutorial_dag.py took 0.068 seconds
[2024-09-05T12:52:51.666+0000] {processor.py:161} INFO - Started process (PID=898) to work on /home/airflow/.local/lib/python3.8/site-packages/airflow/example_dags/tutorial_dag.py
[2024-09-05T12:52:51.667+0000] {processor.py:830} INFO - Processing file /home/airflow/.local/lib/python3.8/site-packages/airflow/example_dags/tutorial_dag.py for tasks to queue
[2024-09-05T12:52:51.668+0000] {logging_mixin.py:188} INFO - [2024-09-05T12:52:51.668+0000] {dagbag.py:538} INFO - Filling up the DagBag from /home/airflow/.local/lib/python3.8/site-packages/airflow/example_dags/tutorial_dag.py
[2024-09-05T12:52:51.673+0000] {processor.py:840} INFO - DAG(s) 'tutorial_dag' retrieved from /home/airflow/.local/lib/python3.8/site-packages/airflow/example_dags/tutorial_dag.py
[2024-09-05T12:52:51.694+0000] {logging_mixin.py:188} INFO - [2024-09-05T12:52:51.694+0000] {dag.py:3036} INFO - Sync 1 DAGs
[2024-09-05T12:52:51.706+0000] {logging_mixin.py:188} INFO - [2024-09-05T12:52:51.706+0000] {dag.py:3823} INFO - Setting next_dagrun for tutorial_dag to None, run_after=None
[2024-09-05T12:52:51.729+0000] {processor.py:183} INFO - Processing /home/airflow/.local/lib/python3.8/site-packages/airflow/example_dags/tutorial_dag.py took 0.066 seconds
[2024-09-05T12:53:21.944+0000] {processor.py:161} INFO - Started process (PID=955) to work on /home/airflow/.local/lib/python3.8/site-packages/airflow/example_dags/tutorial_dag.py
[2024-09-05T12:53:21.946+0000] {processor.py:830} INFO - Processing file /home/airflow/.local/lib/python3.8/site-packages/airflow/example_dags/tutorial_dag.py for tasks to queue
[2024-09-05T12:53:21.947+0000] {logging_mixin.py:188} INFO - [2024-09-05T12:53:21.947+0000] {dagbag.py:538} INFO - Filling up the DagBag from /home/airflow/.local/lib/python3.8/site-packages/airflow/example_dags/tutorial_dag.py
[2024-09-05T12:53:21.956+0000] {processor.py:840} INFO - DAG(s) 'tutorial_dag' retrieved from /home/airflow/.local/lib/python3.8/site-packages/airflow/example_dags/tutorial_dag.py
[2024-09-05T12:53:21.981+0000] {logging_mixin.py:188} INFO - [2024-09-05T12:53:21.980+0000] {dag.py:3036} INFO - Sync 1 DAGs
[2024-09-05T12:53:21.998+0000] {logging_mixin.py:188} INFO - [2024-09-05T12:53:21.998+0000] {dag.py:3823} INFO - Setting next_dagrun for tutorial_dag to None, run_after=None
[2024-09-05T12:53:22.029+0000] {processor.py:183} INFO - Processing /home/airflow/.local/lib/python3.8/site-packages/airflow/example_dags/tutorial_dag.py took 0.089 seconds
[2024-09-05T12:53:52.149+0000] {processor.py:161} INFO - Started process (PID=1012) to work on /home/airflow/.local/lib/python3.8/site-packages/airflow/example_dags/tutorial_dag.py
[2024-09-05T12:53:52.149+0000] {processor.py:830} INFO - Processing file /home/airflow/.local/lib/python3.8/site-packages/airflow/example_dags/tutorial_dag.py for tasks to queue
[2024-09-05T12:53:52.150+0000] {logging_mixin.py:188} INFO - [2024-09-05T12:53:52.150+0000] {dagbag.py:538} INFO - Filling up the DagBag from /home/airflow/.local/lib/python3.8/site-packages/airflow/example_dags/tutorial_dag.py
[2024-09-05T12:53:52.155+0000] {processor.py:840} INFO - DAG(s) 'tutorial_dag' retrieved from /home/airflow/.local/lib/python3.8/site-packages/airflow/example_dags/tutorial_dag.py
[2024-09-05T12:53:52.177+0000] {logging_mixin.py:188} INFO - [2024-09-05T12:53:52.177+0000] {dag.py:3036} INFO - Sync 1 DAGs
[2024-09-05T12:53:52.190+0000] {logging_mixin.py:188} INFO - [2024-09-05T12:53:52.189+0000] {dag.py:3823} INFO - Setting next_dagrun for tutorial_dag to None, run_after=None
[2024-09-05T12:53:52.212+0000] {processor.py:183} INFO - Processing /home/airflow/.local/lib/python3.8/site-packages/airflow/example_dags/tutorial_dag.py took 0.067 seconds
[2024-09-05T12:54:22.357+0000] {processor.py:161} INFO - Started process (PID=1069) to work on /home/airflow/.local/lib/python3.8/site-packages/airflow/example_dags/tutorial_dag.py
[2024-09-05T12:54:22.358+0000] {processor.py:830} INFO - Processing file /home/airflow/.local/lib/python3.8/site-packages/airflow/example_dags/tutorial_dag.py for tasks to queue
[2024-09-05T12:54:22.360+0000] {logging_mixin.py:188} INFO - [2024-09-05T12:54:22.359+0000] {dagbag.py:538} INFO - Filling up the DagBag from /home/airflow/.local/lib/python3.8/site-packages/airflow/example_dags/tutorial_dag.py
[2024-09-05T12:54:22.369+0000] {processor.py:840} INFO - DAG(s) 'tutorial_dag' retrieved from /home/airflow/.local/lib/python3.8/site-packages/airflow/example_dags/tutorial_dag.py
[2024-09-05T12:54:22.401+0000] {logging_mixin.py:188} INFO - [2024-09-05T12:54:22.400+0000] {dag.py:3036} INFO - Sync 1 DAGs
[2024-09-05T12:54:22.420+0000] {logging_mixin.py:188} INFO - [2024-09-05T12:54:22.420+0000] {dag.py:3823} INFO - Setting next_dagrun for tutorial_dag to None, run_after=None
[2024-09-05T12:54:22.448+0000] {processor.py:183} INFO - Processing /home/airflow/.local/lib/python3.8/site-packages/airflow/example_dags/tutorial_dag.py took 0.096 seconds
[2024-09-05T12:54:52.845+0000] {processor.py:161} INFO - Started process (PID=1126) to work on /home/airflow/.local/lib/python3.8/site-packages/airflow/example_dags/tutorial_dag.py
[2024-09-05T12:54:52.846+0000] {processor.py:830} INFO - Processing file /home/airflow/.local/lib/python3.8/site-packages/airflow/example_dags/tutorial_dag.py for tasks to queue
[2024-09-05T12:54:52.847+0000] {logging_mixin.py:188} INFO - [2024-09-05T12:54:52.847+0000] {dagbag.py:538} INFO - Filling up the DagBag from /home/airflow/.local/lib/python3.8/site-packages/airflow/example_dags/tutorial_dag.py
[2024-09-05T12:54:52.853+0000] {processor.py:840} INFO - DAG(s) 'tutorial_dag' retrieved from /home/airflow/.local/lib/python3.8/site-packages/airflow/example_dags/tutorial_dag.py
[2024-09-05T12:54:52.875+0000] {logging_mixin.py:188} INFO - [2024-09-05T12:54:52.874+0000] {dag.py:3036} INFO - Sync 1 DAGs
[2024-09-05T12:54:52.888+0000] {logging_mixin.py:188} INFO - [2024-09-05T12:54:52.888+0000] {dag.py:3823} INFO - Setting next_dagrun for tutorial_dag to None, run_after=None
[2024-09-05T12:54:52.912+0000] {processor.py:183} INFO - Processing /home/airflow/.local/lib/python3.8/site-packages/airflow/example_dags/tutorial_dag.py took 0.071 seconds
[2024-09-05T12:55:23.003+0000] {processor.py:161} INFO - Started process (PID=1183) to work on /home/airflow/.local/lib/python3.8/site-packages/airflow/example_dags/tutorial_dag.py
[2024-09-05T12:55:23.004+0000] {processor.py:830} INFO - Processing file /home/airflow/.local/lib/python3.8/site-packages/airflow/example_dags/tutorial_dag.py for tasks to queue
[2024-09-05T12:55:23.005+0000] {logging_mixin.py:188} INFO - [2024-09-05T12:55:23.005+0000] {dagbag.py:538} INFO - Filling up the DagBag from /home/airflow/.local/lib/python3.8/site-packages/airflow/example_dags/tutorial_dag.py
[2024-09-05T12:55:23.010+0000] {processor.py:840} INFO - DAG(s) 'tutorial_dag' retrieved from /home/airflow/.local/lib/python3.8/site-packages/airflow/example_dags/tutorial_dag.py
[2024-09-05T12:55:23.041+0000] {logging_mixin.py:188} INFO - [2024-09-05T12:55:23.041+0000] {dag.py:3036} INFO - Sync 1 DAGs
[2024-09-05T12:55:23.074+0000] {logging_mixin.py:188} INFO - [2024-09-05T12:55:23.073+0000] {dag.py:3823} INFO - Setting next_dagrun for tutorial_dag to None, run_after=None
[2024-09-05T12:55:23.097+0000] {processor.py:183} INFO - Processing /home/airflow/.local/lib/python3.8/site-packages/airflow/example_dags/tutorial_dag.py took 0.097 seconds
[2024-09-05T12:55:53.184+0000] {processor.py:161} INFO - Started process (PID=1240) to work on /home/airflow/.local/lib/python3.8/site-packages/airflow/example_dags/tutorial_dag.py
[2024-09-05T12:55:53.185+0000] {processor.py:830} INFO - Processing file /home/airflow/.local/lib/python3.8/site-packages/airflow/example_dags/tutorial_dag.py for tasks to queue
[2024-09-05T12:55:53.186+0000] {logging_mixin.py:188} INFO - [2024-09-05T12:55:53.186+0000] {dagbag.py:538} INFO - Filling up the DagBag from /home/airflow/.local/lib/python3.8/site-packages/airflow/example_dags/tutorial_dag.py
[2024-09-05T12:55:53.191+0000] {processor.py:840} INFO - DAG(s) 'tutorial_dag' retrieved from /home/airflow/.local/lib/python3.8/site-packages/airflow/example_dags/tutorial_dag.py
[2024-09-05T12:55:53.211+0000] {logging_mixin.py:188} INFO - [2024-09-05T12:55:53.211+0000] {dag.py:3036} INFO - Sync 1 DAGs
[2024-09-05T12:55:53.224+0000] {logging_mixin.py:188} INFO - [2024-09-05T12:55:53.224+0000] {dag.py:3823} INFO - Setting next_dagrun for tutorial_dag to None, run_after=None
[2024-09-05T12:55:53.249+0000] {processor.py:183} INFO - Processing /home/airflow/.local/lib/python3.8/site-packages/airflow/example_dags/tutorial_dag.py took 0.068 seconds
[2024-09-05T12:56:23.344+0000] {processor.py:161} INFO - Started process (PID=1297) to work on /home/airflow/.local/lib/python3.8/site-packages/airflow/example_dags/tutorial_dag.py
[2024-09-05T12:56:23.345+0000] {processor.py:830} INFO - Processing file /home/airflow/.local/lib/python3.8/site-packages/airflow/example_dags/tutorial_dag.py for tasks to queue
[2024-09-05T12:56:23.346+0000] {logging_mixin.py:188} INFO - [2024-09-05T12:56:23.346+0000] {dagbag.py:538} INFO - Filling up the DagBag from /home/airflow/.local/lib/python3.8/site-packages/airflow/example_dags/tutorial_dag.py
[2024-09-05T12:56:23.351+0000] {processor.py:840} INFO - DAG(s) 'tutorial_dag' retrieved from /home/airflow/.local/lib/python3.8/site-packages/airflow/example_dags/tutorial_dag.py
[2024-09-05T12:56:23.372+0000] {logging_mixin.py:188} INFO - [2024-09-05T12:56:23.372+0000] {dag.py:3036} INFO - Sync 1 DAGs
[2024-09-05T12:56:23.384+0000] {logging_mixin.py:188} INFO - [2024-09-05T12:56:23.384+0000] {dag.py:3823} INFO - Setting next_dagrun for tutorial_dag to None, run_after=None
[2024-09-05T12:56:23.409+0000] {processor.py:183} INFO - Processing /home/airflow/.local/lib/python3.8/site-packages/airflow/example_dags/tutorial_dag.py took 0.068 seconds
[2024-09-05T12:56:53.494+0000] {processor.py:161} INFO - Started process (PID=1354) to work on /home/airflow/.local/lib/python3.8/site-packages/airflow/example_dags/tutorial_dag.py
[2024-09-05T12:56:53.495+0000] {processor.py:830} INFO - Processing file /home/airflow/.local/lib/python3.8/site-packages/airflow/example_dags/tutorial_dag.py for tasks to queue
[2024-09-05T12:56:53.496+0000] {logging_mixin.py:188} INFO - [2024-09-05T12:56:53.496+0000] {dagbag.py:538} INFO - Filling up the DagBag from /home/airflow/.local/lib/python3.8/site-packages/airflow/example_dags/tutorial_dag.py
[2024-09-05T12:56:53.501+0000] {processor.py:840} INFO - DAG(s) 'tutorial_dag' retrieved from /home/airflow/.local/lib/python3.8/site-packages/airflow/example_dags/tutorial_dag.py
[2024-09-05T12:56:53.528+0000] {logging_mixin.py:188} INFO - [2024-09-05T12:56:53.528+0000] {dag.py:3036} INFO - Sync 1 DAGs
[2024-09-05T12:56:53.546+0000] {logging_mixin.py:188} INFO - [2024-09-05T12:56:53.545+0000] {dag.py:3823} INFO - Setting next_dagrun for tutorial_dag to None, run_after=None
[2024-09-05T12:56:53.576+0000] {processor.py:183} INFO - Processing /home/airflow/.local/lib/python3.8/site-packages/airflow/example_dags/tutorial_dag.py took 0.086 seconds
[2024-09-05T12:57:23.624+0000] {processor.py:161} INFO - Started process (PID=1410) to work on /home/airflow/.local/lib/python3.8/site-packages/airflow/example_dags/tutorial_dag.py
[2024-09-05T12:57:23.625+0000] {processor.py:830} INFO - Processing file /home/airflow/.local/lib/python3.8/site-packages/airflow/example_dags/tutorial_dag.py for tasks to queue
[2024-09-05T12:57:23.626+0000] {logging_mixin.py:188} INFO - [2024-09-05T12:57:23.625+0000] {dagbag.py:538} INFO - Filling up the DagBag from /home/airflow/.local/lib/python3.8/site-packages/airflow/example_dags/tutorial_dag.py
[2024-09-05T12:57:23.631+0000] {processor.py:840} INFO - DAG(s) 'tutorial_dag' retrieved from /home/airflow/.local/lib/python3.8/site-packages/airflow/example_dags/tutorial_dag.py
[2024-09-05T12:57:23.651+0000] {logging_mixin.py:188} INFO - [2024-09-05T12:57:23.651+0000] {dag.py:3036} INFO - Sync 1 DAGs
[2024-09-05T12:57:23.664+0000] {logging_mixin.py:188} INFO - [2024-09-05T12:57:23.663+0000] {dag.py:3823} INFO - Setting next_dagrun for tutorial_dag to None, run_after=None
[2024-09-05T12:57:23.686+0000] {processor.py:183} INFO - Processing /home/airflow/.local/lib/python3.8/site-packages/airflow/example_dags/tutorial_dag.py took 0.066 seconds
[2024-09-05T12:57:54.472+0000] {processor.py:161} INFO - Started process (PID=1468) to work on /home/airflow/.local/lib/python3.8/site-packages/airflow/example_dags/tutorial_dag.py
[2024-09-05T12:57:54.473+0000] {processor.py:830} INFO - Processing file /home/airflow/.local/lib/python3.8/site-packages/airflow/example_dags/tutorial_dag.py for tasks to queue
[2024-09-05T12:57:54.474+0000] {logging_mixin.py:188} INFO - [2024-09-05T12:57:54.474+0000] {dagbag.py:538} INFO - Filling up the DagBag from /home/airflow/.local/lib/python3.8/site-packages/airflow/example_dags/tutorial_dag.py
[2024-09-05T12:57:54.481+0000] {processor.py:840} INFO - DAG(s) 'tutorial_dag' retrieved from /home/airflow/.local/lib/python3.8/site-packages/airflow/example_dags/tutorial_dag.py
[2024-09-05T12:57:54.502+0000] {logging_mixin.py:188} INFO - [2024-09-05T12:57:54.501+0000] {dag.py:3036} INFO - Sync 1 DAGs
[2024-09-05T12:57:54.516+0000] {logging_mixin.py:188} INFO - [2024-09-05T12:57:54.515+0000] {dag.py:3823} INFO - Setting next_dagrun for tutorial_dag to None, run_after=None
[2024-09-05T12:57:54.539+0000] {processor.py:183} INFO - Processing /home/airflow/.local/lib/python3.8/site-packages/airflow/example_dags/tutorial_dag.py took 0.069 seconds
[2024-09-05T12:58:24.759+0000] {processor.py:161} INFO - Started process (PID=1525) to work on /home/airflow/.local/lib/python3.8/site-packages/airflow/example_dags/tutorial_dag.py
[2024-09-05T12:58:24.759+0000] {processor.py:830} INFO - Processing file /home/airflow/.local/lib/python3.8/site-packages/airflow/example_dags/tutorial_dag.py for tasks to queue
[2024-09-05T12:58:24.761+0000] {logging_mixin.py:188} INFO - [2024-09-05T12:58:24.760+0000] {dagbag.py:538} INFO - Filling up the DagBag from /home/airflow/.local/lib/python3.8/site-packages/airflow/example_dags/tutorial_dag.py
[2024-09-05T12:58:24.767+0000] {processor.py:840} INFO - DAG(s) 'tutorial_dag' retrieved from /home/airflow/.local/lib/python3.8/site-packages/airflow/example_dags/tutorial_dag.py
[2024-09-05T12:58:24.791+0000] {logging_mixin.py:188} INFO - [2024-09-05T12:58:24.790+0000] {dag.py:3036} INFO - Sync 1 DAGs
[2024-09-05T12:58:24.802+0000] {logging_mixin.py:188} INFO - [2024-09-05T12:58:24.802+0000] {dag.py:3823} INFO - Setting next_dagrun for tutorial_dag to None, run_after=None
[2024-09-05T12:58:24.826+0000] {processor.py:183} INFO - Processing /home/airflow/.local/lib/python3.8/site-packages/airflow/example_dags/tutorial_dag.py took 0.072 seconds
[2024-09-05T12:58:55.216+0000] {processor.py:161} INFO - Started process (PID=1582) to work on /home/airflow/.local/lib/python3.8/site-packages/airflow/example_dags/tutorial_dag.py
[2024-09-05T12:58:55.217+0000] {processor.py:830} INFO - Processing file /home/airflow/.local/lib/python3.8/site-packages/airflow/example_dags/tutorial_dag.py for tasks to queue
[2024-09-05T12:58:55.218+0000] {logging_mixin.py:188} INFO - [2024-09-05T12:58:55.218+0000] {dagbag.py:538} INFO - Filling up the DagBag from /home/airflow/.local/lib/python3.8/site-packages/airflow/example_dags/tutorial_dag.py
[2024-09-05T12:58:55.224+0000] {processor.py:840} INFO - DAG(s) 'tutorial_dag' retrieved from /home/airflow/.local/lib/python3.8/site-packages/airflow/example_dags/tutorial_dag.py
[2024-09-05T12:58:55.253+0000] {logging_mixin.py:188} INFO - [2024-09-05T12:58:55.252+0000] {dag.py:3036} INFO - Sync 1 DAGs
[2024-09-05T12:58:55.273+0000] {logging_mixin.py:188} INFO - [2024-09-05T12:58:55.273+0000] {dag.py:3823} INFO - Setting next_dagrun for tutorial_dag to None, run_after=None
[2024-09-05T12:58:55.302+0000] {processor.py:183} INFO - Processing /home/airflow/.local/lib/python3.8/site-packages/airflow/example_dags/tutorial_dag.py took 0.090 seconds
[2024-09-05T12:59:25.626+0000] {processor.py:161} INFO - Started process (PID=1639) to work on /home/airflow/.local/lib/python3.8/site-packages/airflow/example_dags/tutorial_dag.py
[2024-09-05T12:59:25.627+0000] {processor.py:830} INFO - Processing file /home/airflow/.local/lib/python3.8/site-packages/airflow/example_dags/tutorial_dag.py for tasks to queue
[2024-09-05T12:59:25.628+0000] {logging_mixin.py:188} INFO - [2024-09-05T12:59:25.627+0000] {dagbag.py:538} INFO - Filling up the DagBag from /home/airflow/.local/lib/python3.8/site-packages/airflow/example_dags/tutorial_dag.py
[2024-09-05T12:59:25.633+0000] {processor.py:840} INFO - DAG(s) 'tutorial_dag' retrieved from /home/airflow/.local/lib/python3.8/site-packages/airflow/example_dags/tutorial_dag.py
[2024-09-05T12:59:25.654+0000] {logging_mixin.py:188} INFO - [2024-09-05T12:59:25.654+0000] {dag.py:3036} INFO - Sync 1 DAGs
[2024-09-05T12:59:25.667+0000] {logging_mixin.py:188} INFO - [2024-09-05T12:59:25.666+0000] {dag.py:3823} INFO - Setting next_dagrun for tutorial_dag to None, run_after=None
[2024-09-05T12:59:25.689+0000] {processor.py:183} INFO - Processing /home/airflow/.local/lib/python3.8/site-packages/airflow/example_dags/tutorial_dag.py took 0.067 seconds
[2024-09-05T12:59:56.385+0000] {processor.py:161} INFO - Started process (PID=1694) to work on /home/airflow/.local/lib/python3.8/site-packages/airflow/example_dags/tutorial_dag.py
[2024-09-05T12:59:56.386+0000] {processor.py:830} INFO - Processing file /home/airflow/.local/lib/python3.8/site-packages/airflow/example_dags/tutorial_dag.py for tasks to queue
[2024-09-05T12:59:56.387+0000] {logging_mixin.py:188} INFO - [2024-09-05T12:59:56.387+0000] {dagbag.py:538} INFO - Filling up the DagBag from /home/airflow/.local/lib/python3.8/site-packages/airflow/example_dags/tutorial_dag.py
[2024-09-05T12:59:56.392+0000] {processor.py:840} INFO - DAG(s) 'tutorial_dag' retrieved from /home/airflow/.local/lib/python3.8/site-packages/airflow/example_dags/tutorial_dag.py
[2024-09-05T12:59:56.413+0000] {logging_mixin.py:188} INFO - [2024-09-05T12:59:56.412+0000] {dag.py:3036} INFO - Sync 1 DAGs
[2024-09-05T12:59:56.426+0000] {logging_mixin.py:188} INFO - [2024-09-05T12:59:56.426+0000] {dag.py:3823} INFO - Setting next_dagrun for tutorial_dag to None, run_after=None
[2024-09-05T12:59:56.448+0000] {processor.py:183} INFO - Processing /home/airflow/.local/lib/python3.8/site-packages/airflow/example_dags/tutorial_dag.py took 0.066 seconds
[2024-09-05T13:00:26.818+0000] {processor.py:161} INFO - Started process (PID=1751) to work on /home/airflow/.local/lib/python3.8/site-packages/airflow/example_dags/tutorial_dag.py
[2024-09-05T13:00:26.819+0000] {processor.py:830} INFO - Processing file /home/airflow/.local/lib/python3.8/site-packages/airflow/example_dags/tutorial_dag.py for tasks to queue
[2024-09-05T13:00:26.820+0000] {logging_mixin.py:188} INFO - [2024-09-05T13:00:26.820+0000] {dagbag.py:538} INFO - Filling up the DagBag from /home/airflow/.local/lib/python3.8/site-packages/airflow/example_dags/tutorial_dag.py
[2024-09-05T13:00:26.826+0000] {processor.py:840} INFO - DAG(s) 'tutorial_dag' retrieved from /home/airflow/.local/lib/python3.8/site-packages/airflow/example_dags/tutorial_dag.py
[2024-09-05T13:00:26.847+0000] {logging_mixin.py:188} INFO - [2024-09-05T13:00:26.847+0000] {dag.py:3036} INFO - Sync 1 DAGs
[2024-09-05T13:00:26.859+0000] {logging_mixin.py:188} INFO - [2024-09-05T13:00:26.859+0000] {dag.py:3823} INFO - Setting next_dagrun for tutorial_dag to None, run_after=None
[2024-09-05T13:00:26.887+0000] {processor.py:183} INFO - Processing /home/airflow/.local/lib/python3.8/site-packages/airflow/example_dags/tutorial_dag.py took 0.072 seconds
[2024-09-05T13:00:57.000+0000] {processor.py:161} INFO - Started process (PID=1808) to work on /home/airflow/.local/lib/python3.8/site-packages/airflow/example_dags/tutorial_dag.py
[2024-09-05T13:00:57.001+0000] {processor.py:830} INFO - Processing file /home/airflow/.local/lib/python3.8/site-packages/airflow/example_dags/tutorial_dag.py for tasks to queue
[2024-09-05T13:00:57.002+0000] {logging_mixin.py:188} INFO - [2024-09-05T13:00:57.001+0000] {dagbag.py:538} INFO - Filling up the DagBag from /home/airflow/.local/lib/python3.8/site-packages/airflow/example_dags/tutorial_dag.py
[2024-09-05T13:00:57.007+0000] {processor.py:840} INFO - DAG(s) 'tutorial_dag' retrieved from /home/airflow/.local/lib/python3.8/site-packages/airflow/example_dags/tutorial_dag.py
[2024-09-05T13:00:57.027+0000] {logging_mixin.py:188} INFO - [2024-09-05T13:00:57.027+0000] {dag.py:3036} INFO - Sync 1 DAGs
[2024-09-05T13:00:57.040+0000] {logging_mixin.py:188} INFO - [2024-09-05T13:00:57.040+0000] {dag.py:3823} INFO - Setting next_dagrun for tutorial_dag to None, run_after=None
[2024-09-05T13:00:57.061+0000] {processor.py:183} INFO - Processing /home/airflow/.local/lib/python3.8/site-packages/airflow/example_dags/tutorial_dag.py took 0.065 seconds
[2024-09-05T13:01:27.215+0000] {processor.py:161} INFO - Started process (PID=1865) to work on /home/airflow/.local/lib/python3.8/site-packages/airflow/example_dags/tutorial_dag.py
[2024-09-05T13:01:27.216+0000] {processor.py:830} INFO - Processing file /home/airflow/.local/lib/python3.8/site-packages/airflow/example_dags/tutorial_dag.py for tasks to queue
[2024-09-05T13:01:27.217+0000] {logging_mixin.py:188} INFO - [2024-09-05T13:01:27.217+0000] {dagbag.py:538} INFO - Filling up the DagBag from /home/airflow/.local/lib/python3.8/site-packages/airflow/example_dags/tutorial_dag.py
[2024-09-05T13:01:27.223+0000] {processor.py:840} INFO - DAG(s) 'tutorial_dag' retrieved from /home/airflow/.local/lib/python3.8/site-packages/airflow/example_dags/tutorial_dag.py
[2024-09-05T13:01:27.244+0000] {logging_mixin.py:188} INFO - [2024-09-05T13:01:27.244+0000] {dag.py:3036} INFO - Sync 1 DAGs
[2024-09-05T13:01:27.261+0000] {logging_mixin.py:188} INFO - [2024-09-05T13:01:27.260+0000] {dag.py:3823} INFO - Setting next_dagrun for tutorial_dag to None, run_after=None
[2024-09-05T13:01:27.291+0000] {processor.py:183} INFO - Processing /home/airflow/.local/lib/python3.8/site-packages/airflow/example_dags/tutorial_dag.py took 0.079 seconds
[2024-09-05T13:01:57.555+0000] {processor.py:161} INFO - Started process (PID=1921) to work on /home/airflow/.local/lib/python3.8/site-packages/airflow/example_dags/tutorial_dag.py
[2024-09-05T13:01:57.556+0000] {processor.py:830} INFO - Processing file /home/airflow/.local/lib/python3.8/site-packages/airflow/example_dags/tutorial_dag.py for tasks to queue
[2024-09-05T13:01:57.557+0000] {logging_mixin.py:188} INFO - [2024-09-05T13:01:57.556+0000] {dagbag.py:538} INFO - Filling up the DagBag from /home/airflow/.local/lib/python3.8/site-packages/airflow/example_dags/tutorial_dag.py
[2024-09-05T13:01:57.566+0000] {processor.py:840} INFO - DAG(s) 'tutorial_dag' retrieved from /home/airflow/.local/lib/python3.8/site-packages/airflow/example_dags/tutorial_dag.py
[2024-09-05T13:01:57.597+0000] {logging_mixin.py:188} INFO - [2024-09-05T13:01:57.597+0000] {dag.py:3036} INFO - Sync 1 DAGs
[2024-09-05T13:01:57.615+0000] {logging_mixin.py:188} INFO - [2024-09-05T13:01:57.614+0000] {dag.py:3823} INFO - Setting next_dagrun for tutorial_dag to None, run_after=None
[2024-09-05T13:01:57.641+0000] {processor.py:183} INFO - Processing /home/airflow/.local/lib/python3.8/site-packages/airflow/example_dags/tutorial_dag.py took 0.090 seconds
[2024-09-05T13:02:27.907+0000] {processor.py:161} INFO - Started process (PID=1984) to work on /home/airflow/.local/lib/python3.8/site-packages/airflow/example_dags/tutorial_dag.py
[2024-09-05T13:02:27.908+0000] {processor.py:830} INFO - Processing file /home/airflow/.local/lib/python3.8/site-packages/airflow/example_dags/tutorial_dag.py for tasks to queue
[2024-09-05T13:02:27.909+0000] {logging_mixin.py:188} INFO - [2024-09-05T13:02:27.909+0000] {dagbag.py:538} INFO - Filling up the DagBag from /home/airflow/.local/lib/python3.8/site-packages/airflow/example_dags/tutorial_dag.py
[2024-09-05T13:02:27.915+0000] {processor.py:840} INFO - DAG(s) 'tutorial_dag' retrieved from /home/airflow/.local/lib/python3.8/site-packages/airflow/example_dags/tutorial_dag.py
[2024-09-05T13:02:27.935+0000] {logging_mixin.py:188} INFO - [2024-09-05T13:02:27.935+0000] {dag.py:3036} INFO - Sync 1 DAGs
[2024-09-05T13:02:27.948+0000] {logging_mixin.py:188} INFO - [2024-09-05T13:02:27.947+0000] {dag.py:3823} INFO - Setting next_dagrun for tutorial_dag to None, run_after=None
[2024-09-05T13:02:27.972+0000] {processor.py:183} INFO - Processing /home/airflow/.local/lib/python3.8/site-packages/airflow/example_dags/tutorial_dag.py took 0.067 seconds
[2024-09-05T13:02:58.287+0000] {processor.py:161} INFO - Started process (PID=2041) to work on /home/airflow/.local/lib/python3.8/site-packages/airflow/example_dags/tutorial_dag.py
[2024-09-05T13:02:58.288+0000] {processor.py:830} INFO - Processing file /home/airflow/.local/lib/python3.8/site-packages/airflow/example_dags/tutorial_dag.py for tasks to queue
[2024-09-05T13:02:58.290+0000] {logging_mixin.py:188} INFO - [2024-09-05T13:02:58.290+0000] {dagbag.py:538} INFO - Filling up the DagBag from /home/airflow/.local/lib/python3.8/site-packages/airflow/example_dags/tutorial_dag.py
[2024-09-05T13:02:58.303+0000] {processor.py:840} INFO - DAG(s) 'tutorial_dag' retrieved from /home/airflow/.local/lib/python3.8/site-packages/airflow/example_dags/tutorial_dag.py
[2024-09-05T13:02:58.325+0000] {logging_mixin.py:188} INFO - [2024-09-05T13:02:58.325+0000] {dag.py:3036} INFO - Sync 1 DAGs
[2024-09-05T13:02:58.340+0000] {logging_mixin.py:188} INFO - [2024-09-05T13:02:58.339+0000] {dag.py:3823} INFO - Setting next_dagrun for tutorial_dag to None, run_after=None
[2024-09-05T13:02:58.365+0000] {processor.py:183} INFO - Processing /home/airflow/.local/lib/python3.8/site-packages/airflow/example_dags/tutorial_dag.py took 0.088 seconds
[2024-09-05T13:03:28.427+0000] {processor.py:161} INFO - Started process (PID=2098) to work on /home/airflow/.local/lib/python3.8/site-packages/airflow/example_dags/tutorial_dag.py
[2024-09-05T13:03:28.427+0000] {processor.py:830} INFO - Processing file /home/airflow/.local/lib/python3.8/site-packages/airflow/example_dags/tutorial_dag.py for tasks to queue
[2024-09-05T13:03:28.428+0000] {logging_mixin.py:188} INFO - [2024-09-05T13:03:28.428+0000] {dagbag.py:538} INFO - Filling up the DagBag from /home/airflow/.local/lib/python3.8/site-packages/airflow/example_dags/tutorial_dag.py
[2024-09-05T13:03:28.433+0000] {processor.py:840} INFO - DAG(s) 'tutorial_dag' retrieved from /home/airflow/.local/lib/python3.8/site-packages/airflow/example_dags/tutorial_dag.py
[2024-09-05T13:03:28.455+0000] {logging_mixin.py:188} INFO - [2024-09-05T13:03:28.455+0000] {dag.py:3036} INFO - Sync 1 DAGs
[2024-09-05T13:03:28.468+0000] {logging_mixin.py:188} INFO - [2024-09-05T13:03:28.468+0000] {dag.py:3823} INFO - Setting next_dagrun for tutorial_dag to None, run_after=None
[2024-09-05T13:03:28.490+0000] {processor.py:183} INFO - Processing /home/airflow/.local/lib/python3.8/site-packages/airflow/example_dags/tutorial_dag.py took 0.068 seconds
[2024-09-05T13:03:58.676+0000] {processor.py:161} INFO - Started process (PID=2154) to work on /home/airflow/.local/lib/python3.8/site-packages/airflow/example_dags/tutorial_dag.py
[2024-09-05T13:03:58.677+0000] {processor.py:830} INFO - Processing file /home/airflow/.local/lib/python3.8/site-packages/airflow/example_dags/tutorial_dag.py for tasks to queue
[2024-09-05T13:03:58.678+0000] {logging_mixin.py:188} INFO - [2024-09-05T13:03:58.678+0000] {dagbag.py:538} INFO - Filling up the DagBag from /home/airflow/.local/lib/python3.8/site-packages/airflow/example_dags/tutorial_dag.py
[2024-09-05T13:03:58.683+0000] {processor.py:840} INFO - DAG(s) 'tutorial_dag' retrieved from /home/airflow/.local/lib/python3.8/site-packages/airflow/example_dags/tutorial_dag.py
[2024-09-05T13:03:58.705+0000] {logging_mixin.py:188} INFO - [2024-09-05T13:03:58.705+0000] {dag.py:3036} INFO - Sync 1 DAGs
[2024-09-05T13:03:58.718+0000] {logging_mixin.py:188} INFO - [2024-09-05T13:03:58.717+0000] {dag.py:3823} INFO - Setting next_dagrun for tutorial_dag to None, run_after=None
[2024-09-05T13:03:58.741+0000] {processor.py:183} INFO - Processing /home/airflow/.local/lib/python3.8/site-packages/airflow/example_dags/tutorial_dag.py took 0.068 seconds
[2024-09-05T13:04:29.196+0000] {processor.py:161} INFO - Started process (PID=2211) to work on /home/airflow/.local/lib/python3.8/site-packages/airflow/example_dags/tutorial_dag.py
[2024-09-05T13:04:29.196+0000] {processor.py:830} INFO - Processing file /home/airflow/.local/lib/python3.8/site-packages/airflow/example_dags/tutorial_dag.py for tasks to queue
[2024-09-05T13:04:29.197+0000] {logging_mixin.py:188} INFO - [2024-09-05T13:04:29.197+0000] {dagbag.py:538} INFO - Filling up the DagBag from /home/airflow/.local/lib/python3.8/site-packages/airflow/example_dags/tutorial_dag.py
[2024-09-05T13:04:29.202+0000] {processor.py:840} INFO - DAG(s) 'tutorial_dag' retrieved from /home/airflow/.local/lib/python3.8/site-packages/airflow/example_dags/tutorial_dag.py
[2024-09-05T13:04:29.229+0000] {logging_mixin.py:188} INFO - [2024-09-05T13:04:29.229+0000] {dag.py:3036} INFO - Sync 1 DAGs
[2024-09-05T13:04:29.247+0000] {logging_mixin.py:188} INFO - [2024-09-05T13:04:29.247+0000] {dag.py:3823} INFO - Setting next_dagrun for tutorial_dag to None, run_after=None
[2024-09-05T13:04:29.272+0000] {processor.py:183} INFO - Processing /home/airflow/.local/lib/python3.8/site-packages/airflow/example_dags/tutorial_dag.py took 0.081 seconds
[2024-09-05T13:06:19.282+0000] {processor.py:161} INFO - Started process (PID=42) to work on /home/airflow/.local/lib/python3.8/site-packages/airflow/example_dags/tutorial_dag.py
[2024-09-05T13:06:19.284+0000] {processor.py:830} INFO - Processing file /home/airflow/.local/lib/python3.8/site-packages/airflow/example_dags/tutorial_dag.py for tasks to queue
[2024-09-05T13:06:19.285+0000] {logging_mixin.py:188} INFO - [2024-09-05T13:06:19.285+0000] {dagbag.py:538} INFO - Filling up the DagBag from /home/airflow/.local/lib/python3.8/site-packages/airflow/example_dags/tutorial_dag.py
[2024-09-05T13:06:19.296+0000] {processor.py:840} INFO - DAG(s) 'tutorial_dag' retrieved from /home/airflow/.local/lib/python3.8/site-packages/airflow/example_dags/tutorial_dag.py
[2024-09-05T13:06:19.319+0000] {logging_mixin.py:188} INFO - [2024-09-05T13:06:19.319+0000] {dag.py:3036} INFO - Sync 1 DAGs
[2024-09-05T13:06:19.345+0000] {logging_mixin.py:188} INFO - [2024-09-05T13:06:19.344+0000] {dag.py:3823} INFO - Setting next_dagrun for tutorial_dag to None, run_after=None
[2024-09-05T13:06:19.402+0000] {processor.py:183} INFO - Processing /home/airflow/.local/lib/python3.8/site-packages/airflow/example_dags/tutorial_dag.py took 0.125 seconds
[2024-09-05T13:06:49.582+0000] {processor.py:161} INFO - Started process (PID=99) to work on /home/airflow/.local/lib/python3.8/site-packages/airflow/example_dags/tutorial_dag.py
[2024-09-05T13:06:49.583+0000] {processor.py:830} INFO - Processing file /home/airflow/.local/lib/python3.8/site-packages/airflow/example_dags/tutorial_dag.py for tasks to queue
[2024-09-05T13:06:49.584+0000] {logging_mixin.py:188} INFO - [2024-09-05T13:06:49.583+0000] {dagbag.py:538} INFO - Filling up the DagBag from /home/airflow/.local/lib/python3.8/site-packages/airflow/example_dags/tutorial_dag.py
[2024-09-05T13:06:49.590+0000] {processor.py:840} INFO - DAG(s) 'tutorial_dag' retrieved from /home/airflow/.local/lib/python3.8/site-packages/airflow/example_dags/tutorial_dag.py
[2024-09-05T13:06:49.720+0000] {logging_mixin.py:188} INFO - [2024-09-05T13:06:49.720+0000] {dag.py:3036} INFO - Sync 1 DAGs
[2024-09-05T13:06:49.740+0000] {logging_mixin.py:188} INFO - [2024-09-05T13:06:49.740+0000] {dag.py:3823} INFO - Setting next_dagrun for tutorial_dag to None, run_after=None
[2024-09-05T13:06:49.760+0000] {processor.py:183} INFO - Processing /home/airflow/.local/lib/python3.8/site-packages/airflow/example_dags/tutorial_dag.py took 0.182 seconds
[2024-09-05T13:07:20.661+0000] {processor.py:161} INFO - Started process (PID=156) to work on /home/airflow/.local/lib/python3.8/site-packages/airflow/example_dags/tutorial_dag.py
[2024-09-05T13:07:20.662+0000] {processor.py:830} INFO - Processing file /home/airflow/.local/lib/python3.8/site-packages/airflow/example_dags/tutorial_dag.py for tasks to queue
[2024-09-05T13:07:20.663+0000] {logging_mixin.py:188} INFO - [2024-09-05T13:07:20.662+0000] {dagbag.py:538} INFO - Filling up the DagBag from /home/airflow/.local/lib/python3.8/site-packages/airflow/example_dags/tutorial_dag.py
[2024-09-05T13:07:20.667+0000] {processor.py:840} INFO - DAG(s) 'tutorial_dag' retrieved from /home/airflow/.local/lib/python3.8/site-packages/airflow/example_dags/tutorial_dag.py
[2024-09-05T13:07:20.687+0000] {logging_mixin.py:188} INFO - [2024-09-05T13:07:20.686+0000] {dag.py:3036} INFO - Sync 1 DAGs
[2024-09-05T13:07:20.700+0000] {logging_mixin.py:188} INFO - [2024-09-05T13:07:20.700+0000] {dag.py:3823} INFO - Setting next_dagrun for tutorial_dag to None, run_after=None
[2024-09-05T13:07:20.721+0000] {processor.py:183} INFO - Processing /home/airflow/.local/lib/python3.8/site-packages/airflow/example_dags/tutorial_dag.py took 0.064 seconds
[2024-09-05T13:07:51.321+0000] {processor.py:161} INFO - Started process (PID=213) to work on /home/airflow/.local/lib/python3.8/site-packages/airflow/example_dags/tutorial_dag.py
[2024-09-05T13:07:51.323+0000] {processor.py:830} INFO - Processing file /home/airflow/.local/lib/python3.8/site-packages/airflow/example_dags/tutorial_dag.py for tasks to queue
[2024-09-05T13:07:51.324+0000] {logging_mixin.py:188} INFO - [2024-09-05T13:07:51.323+0000] {dagbag.py:538} INFO - Filling up the DagBag from /home/airflow/.local/lib/python3.8/site-packages/airflow/example_dags/tutorial_dag.py
[2024-09-05T13:07:51.332+0000] {processor.py:840} INFO - DAG(s) 'tutorial_dag' retrieved from /home/airflow/.local/lib/python3.8/site-packages/airflow/example_dags/tutorial_dag.py
[2024-09-05T13:07:51.358+0000] {logging_mixin.py:188} INFO - [2024-09-05T13:07:51.358+0000] {dag.py:3036} INFO - Sync 1 DAGs
[2024-09-05T13:07:51.371+0000] {logging_mixin.py:188} INFO - [2024-09-05T13:07:51.371+0000] {dag.py:3823} INFO - Setting next_dagrun for tutorial_dag to None, run_after=None
[2024-09-05T13:07:51.391+0000] {processor.py:183} INFO - Processing /home/airflow/.local/lib/python3.8/site-packages/airflow/example_dags/tutorial_dag.py took 0.073 seconds
[2024-09-05T13:08:21.618+0000] {processor.py:161} INFO - Started process (PID=270) to work on /home/airflow/.local/lib/python3.8/site-packages/airflow/example_dags/tutorial_dag.py
[2024-09-05T13:08:21.619+0000] {processor.py:830} INFO - Processing file /home/airflow/.local/lib/python3.8/site-packages/airflow/example_dags/tutorial_dag.py for tasks to queue
[2024-09-05T13:08:21.620+0000] {logging_mixin.py:188} INFO - [2024-09-05T13:08:21.620+0000] {dagbag.py:538} INFO - Filling up the DagBag from /home/airflow/.local/lib/python3.8/site-packages/airflow/example_dags/tutorial_dag.py
[2024-09-05T13:08:21.625+0000] {processor.py:840} INFO - DAG(s) 'tutorial_dag' retrieved from /home/airflow/.local/lib/python3.8/site-packages/airflow/example_dags/tutorial_dag.py
[2024-09-05T13:08:21.646+0000] {logging_mixin.py:188} INFO - [2024-09-05T13:08:21.645+0000] {dag.py:3036} INFO - Sync 1 DAGs
[2024-09-05T13:08:21.659+0000] {logging_mixin.py:188} INFO - [2024-09-05T13:08:21.658+0000] {dag.py:3823} INFO - Setting next_dagrun for tutorial_dag to None, run_after=None
[2024-09-05T13:08:21.684+0000] {processor.py:183} INFO - Processing /home/airflow/.local/lib/python3.8/site-packages/airflow/example_dags/tutorial_dag.py took 0.069 seconds
[2024-09-05T13:08:51.903+0000] {processor.py:161} INFO - Started process (PID=327) to work on /home/airflow/.local/lib/python3.8/site-packages/airflow/example_dags/tutorial_dag.py
[2024-09-05T13:08:51.904+0000] {processor.py:830} INFO - Processing file /home/airflow/.local/lib/python3.8/site-packages/airflow/example_dags/tutorial_dag.py for tasks to queue
[2024-09-05T13:08:51.905+0000] {logging_mixin.py:188} INFO - [2024-09-05T13:08:51.905+0000] {dagbag.py:538} INFO - Filling up the DagBag from /home/airflow/.local/lib/python3.8/site-packages/airflow/example_dags/tutorial_dag.py
[2024-09-05T13:08:51.912+0000] {processor.py:840} INFO - DAG(s) 'tutorial_dag' retrieved from /home/airflow/.local/lib/python3.8/site-packages/airflow/example_dags/tutorial_dag.py
[2024-09-05T13:08:51.936+0000] {logging_mixin.py:188} INFO - [2024-09-05T13:08:51.935+0000] {dag.py:3036} INFO - Sync 1 DAGs
[2024-09-05T13:08:51.951+0000] {logging_mixin.py:188} INFO - [2024-09-05T13:08:51.951+0000] {dag.py:3823} INFO - Setting next_dagrun for tutorial_dag to None, run_after=None
[2024-09-05T13:08:51.973+0000] {processor.py:183} INFO - Processing /home/airflow/.local/lib/python3.8/site-packages/airflow/example_dags/tutorial_dag.py took 0.074 seconds
[2024-09-05T13:09:22.960+0000] {processor.py:161} INFO - Started process (PID=387) to work on /home/airflow/.local/lib/python3.8/site-packages/airflow/example_dags/tutorial_dag.py
[2024-09-05T13:09:22.961+0000] {processor.py:830} INFO - Processing file /home/airflow/.local/lib/python3.8/site-packages/airflow/example_dags/tutorial_dag.py for tasks to queue
[2024-09-05T13:09:22.964+0000] {logging_mixin.py:188} INFO - [2024-09-05T13:09:22.963+0000] {dagbag.py:538} INFO - Filling up the DagBag from /home/airflow/.local/lib/python3.8/site-packages/airflow/example_dags/tutorial_dag.py
[2024-09-05T13:09:22.970+0000] {processor.py:840} INFO - DAG(s) 'tutorial_dag' retrieved from /home/airflow/.local/lib/python3.8/site-packages/airflow/example_dags/tutorial_dag.py
[2024-09-05T13:09:22.993+0000] {logging_mixin.py:188} INFO - [2024-09-05T13:09:22.992+0000] {dag.py:3036} INFO - Sync 1 DAGs
[2024-09-05T13:09:23.008+0000] {logging_mixin.py:188} INFO - [2024-09-05T13:09:23.008+0000] {dag.py:3823} INFO - Setting next_dagrun for tutorial_dag to None, run_after=None
[2024-09-05T13:09:23.039+0000] {processor.py:183} INFO - Processing /home/airflow/.local/lib/python3.8/site-packages/airflow/example_dags/tutorial_dag.py took 0.082 seconds
[2024-09-05T13:09:53.658+0000] {processor.py:161} INFO - Started process (PID=444) to work on /home/airflow/.local/lib/python3.8/site-packages/airflow/example_dags/tutorial_dag.py
[2024-09-05T13:09:53.659+0000] {processor.py:830} INFO - Processing file /home/airflow/.local/lib/python3.8/site-packages/airflow/example_dags/tutorial_dag.py for tasks to queue
[2024-09-05T13:09:53.660+0000] {logging_mixin.py:188} INFO - [2024-09-05T13:09:53.660+0000] {dagbag.py:538} INFO - Filling up the DagBag from /home/airflow/.local/lib/python3.8/site-packages/airflow/example_dags/tutorial_dag.py
[2024-09-05T13:09:53.667+0000] {processor.py:840} INFO - DAG(s) 'tutorial_dag' retrieved from /home/airflow/.local/lib/python3.8/site-packages/airflow/example_dags/tutorial_dag.py
[2024-09-05T13:09:53.698+0000] {logging_mixin.py:188} INFO - [2024-09-05T13:09:53.697+0000] {dag.py:3036} INFO - Sync 1 DAGs
[2024-09-05T13:09:53.722+0000] {logging_mixin.py:188} INFO - [2024-09-05T13:09:53.721+0000] {dag.py:3823} INFO - Setting next_dagrun for tutorial_dag to None, run_after=None
[2024-09-05T13:09:53.756+0000] {processor.py:183} INFO - Processing /home/airflow/.local/lib/python3.8/site-packages/airflow/example_dags/tutorial_dag.py took 0.106 seconds
[2024-09-05T13:10:23.917+0000] {processor.py:161} INFO - Started process (PID=502) to work on /home/airflow/.local/lib/python3.8/site-packages/airflow/example_dags/tutorial_dag.py
[2024-09-05T13:10:23.918+0000] {processor.py:830} INFO - Processing file /home/airflow/.local/lib/python3.8/site-packages/airflow/example_dags/tutorial_dag.py for tasks to queue
[2024-09-05T13:10:23.918+0000] {logging_mixin.py:188} INFO - [2024-09-05T13:10:23.918+0000] {dagbag.py:538} INFO - Filling up the DagBag from /home/airflow/.local/lib/python3.8/site-packages/airflow/example_dags/tutorial_dag.py
[2024-09-05T13:10:23.923+0000] {processor.py:840} INFO - DAG(s) 'tutorial_dag' retrieved from /home/airflow/.local/lib/python3.8/site-packages/airflow/example_dags/tutorial_dag.py
[2024-09-05T13:10:23.944+0000] {logging_mixin.py:188} INFO - [2024-09-05T13:10:23.944+0000] {dag.py:3036} INFO - Sync 1 DAGs
[2024-09-05T13:10:23.956+0000] {logging_mixin.py:188} INFO - [2024-09-05T13:10:23.956+0000] {dag.py:3823} INFO - Setting next_dagrun for tutorial_dag to None, run_after=None
[2024-09-05T13:10:23.975+0000] {processor.py:183} INFO - Processing /home/airflow/.local/lib/python3.8/site-packages/airflow/example_dags/tutorial_dag.py took 0.062 seconds
[2024-09-05T13:10:54.112+0000] {processor.py:161} INFO - Started process (PID=559) to work on /home/airflow/.local/lib/python3.8/site-packages/airflow/example_dags/tutorial_dag.py
[2024-09-05T13:10:54.113+0000] {processor.py:830} INFO - Processing file /home/airflow/.local/lib/python3.8/site-packages/airflow/example_dags/tutorial_dag.py for tasks to queue
[2024-09-05T13:10:54.114+0000] {logging_mixin.py:188} INFO - [2024-09-05T13:10:54.114+0000] {dagbag.py:538} INFO - Filling up the DagBag from /home/airflow/.local/lib/python3.8/site-packages/airflow/example_dags/tutorial_dag.py
[2024-09-05T13:10:54.119+0000] {processor.py:840} INFO - DAG(s) 'tutorial_dag' retrieved from /home/airflow/.local/lib/python3.8/site-packages/airflow/example_dags/tutorial_dag.py
[2024-09-05T13:10:54.139+0000] {logging_mixin.py:188} INFO - [2024-09-05T13:10:54.139+0000] {dag.py:3036} INFO - Sync 1 DAGs
[2024-09-05T13:10:54.153+0000] {logging_mixin.py:188} INFO - [2024-09-05T13:10:54.153+0000] {dag.py:3823} INFO - Setting next_dagrun for tutorial_dag to None, run_after=None
[2024-09-05T13:10:54.175+0000] {processor.py:183} INFO - Processing /home/airflow/.local/lib/python3.8/site-packages/airflow/example_dags/tutorial_dag.py took 0.066 seconds
[2024-09-05T13:11:24.651+0000] {processor.py:161} INFO - Started process (PID=616) to work on /home/airflow/.local/lib/python3.8/site-packages/airflow/example_dags/tutorial_dag.py
[2024-09-05T13:11:24.652+0000] {processor.py:830} INFO - Processing file /home/airflow/.local/lib/python3.8/site-packages/airflow/example_dags/tutorial_dag.py for tasks to queue
[2024-09-05T13:11:24.654+0000] {logging_mixin.py:188} INFO - [2024-09-05T13:11:24.653+0000] {dagbag.py:538} INFO - Filling up the DagBag from /home/airflow/.local/lib/python3.8/site-packages/airflow/example_dags/tutorial_dag.py
[2024-09-05T13:11:24.660+0000] {processor.py:840} INFO - DAG(s) 'tutorial_dag' retrieved from /home/airflow/.local/lib/python3.8/site-packages/airflow/example_dags/tutorial_dag.py
[2024-09-05T13:11:24.684+0000] {logging_mixin.py:188} INFO - [2024-09-05T13:11:24.683+0000] {dag.py:3036} INFO - Sync 1 DAGs
[2024-09-05T13:11:24.697+0000] {logging_mixin.py:188} INFO - [2024-09-05T13:11:24.696+0000] {dag.py:3823} INFO - Setting next_dagrun for tutorial_dag to None, run_after=None
[2024-09-05T13:11:24.722+0000] {processor.py:183} INFO - Processing /home/airflow/.local/lib/python3.8/site-packages/airflow/example_dags/tutorial_dag.py took 0.075 seconds
[2024-09-05T13:11:55.126+0000] {processor.py:161} INFO - Started process (PID=674) to work on /home/airflow/.local/lib/python3.8/site-packages/airflow/example_dags/tutorial_dag.py
[2024-09-05T13:11:55.128+0000] {processor.py:830} INFO - Processing file /home/airflow/.local/lib/python3.8/site-packages/airflow/example_dags/tutorial_dag.py for tasks to queue
[2024-09-05T13:11:55.129+0000] {logging_mixin.py:188} INFO - [2024-09-05T13:11:55.128+0000] {dagbag.py:538} INFO - Filling up the DagBag from /home/airflow/.local/lib/python3.8/site-packages/airflow/example_dags/tutorial_dag.py
[2024-09-05T13:11:55.134+0000] {processor.py:840} INFO - DAG(s) 'tutorial_dag' retrieved from /home/airflow/.local/lib/python3.8/site-packages/airflow/example_dags/tutorial_dag.py
[2024-09-05T13:11:55.156+0000] {logging_mixin.py:188} INFO - [2024-09-05T13:11:55.156+0000] {dag.py:3036} INFO - Sync 1 DAGs
[2024-09-05T13:11:55.169+0000] {logging_mixin.py:188} INFO - [2024-09-05T13:11:55.169+0000] {dag.py:3823} INFO - Setting next_dagrun for tutorial_dag to None, run_after=None
[2024-09-05T13:11:55.194+0000] {processor.py:183} INFO - Processing /home/airflow/.local/lib/python3.8/site-packages/airflow/example_dags/tutorial_dag.py took 0.072 seconds
[2024-09-05T13:12:25.514+0000] {processor.py:161} INFO - Started process (PID=731) to work on /home/airflow/.local/lib/python3.8/site-packages/airflow/example_dags/tutorial_dag.py
[2024-09-05T13:12:25.515+0000] {processor.py:830} INFO - Processing file /home/airflow/.local/lib/python3.8/site-packages/airflow/example_dags/tutorial_dag.py for tasks to queue
[2024-09-05T13:12:25.516+0000] {logging_mixin.py:188} INFO - [2024-09-05T13:12:25.516+0000] {dagbag.py:538} INFO - Filling up the DagBag from /home/airflow/.local/lib/python3.8/site-packages/airflow/example_dags/tutorial_dag.py
[2024-09-05T13:12:25.521+0000] {processor.py:840} INFO - DAG(s) 'tutorial_dag' retrieved from /home/airflow/.local/lib/python3.8/site-packages/airflow/example_dags/tutorial_dag.py
[2024-09-05T13:12:25.541+0000] {logging_mixin.py:188} INFO - [2024-09-05T13:12:25.541+0000] {dag.py:3036} INFO - Sync 1 DAGs
[2024-09-05T13:12:25.553+0000] {logging_mixin.py:188} INFO - [2024-09-05T13:12:25.553+0000] {dag.py:3823} INFO - Setting next_dagrun for tutorial_dag to None, run_after=None
[2024-09-05T13:12:25.574+0000] {processor.py:183} INFO - Processing /home/airflow/.local/lib/python3.8/site-packages/airflow/example_dags/tutorial_dag.py took 0.064 seconds
[2024-09-05T13:12:56.024+0000] {processor.py:161} INFO - Started process (PID=788) to work on /home/airflow/.local/lib/python3.8/site-packages/airflow/example_dags/tutorial_dag.py
[2024-09-05T13:12:56.024+0000] {processor.py:830} INFO - Processing file /home/airflow/.local/lib/python3.8/site-packages/airflow/example_dags/tutorial_dag.py for tasks to queue
[2024-09-05T13:12:56.025+0000] {logging_mixin.py:188} INFO - [2024-09-05T13:12:56.025+0000] {dagbag.py:538} INFO - Filling up the DagBag from /home/airflow/.local/lib/python3.8/site-packages/airflow/example_dags/tutorial_dag.py
[2024-09-05T13:12:56.030+0000] {processor.py:840} INFO - DAG(s) 'tutorial_dag' retrieved from /home/airflow/.local/lib/python3.8/site-packages/airflow/example_dags/tutorial_dag.py
[2024-09-05T13:12:56.051+0000] {logging_mixin.py:188} INFO - [2024-09-05T13:12:56.051+0000] {dag.py:3036} INFO - Sync 1 DAGs
[2024-09-05T13:12:56.063+0000] {logging_mixin.py:188} INFO - [2024-09-05T13:12:56.063+0000] {dag.py:3823} INFO - Setting next_dagrun for tutorial_dag to None, run_after=None
[2024-09-05T13:12:56.086+0000] {processor.py:183} INFO - Processing /home/airflow/.local/lib/python3.8/site-packages/airflow/example_dags/tutorial_dag.py took 0.066 seconds
[2024-09-05T13:13:26.485+0000] {processor.py:161} INFO - Started process (PID=845) to work on /home/airflow/.local/lib/python3.8/site-packages/airflow/example_dags/tutorial_dag.py
[2024-09-05T13:13:26.485+0000] {processor.py:830} INFO - Processing file /home/airflow/.local/lib/python3.8/site-packages/airflow/example_dags/tutorial_dag.py for tasks to queue
[2024-09-05T13:13:26.486+0000] {logging_mixin.py:188} INFO - [2024-09-05T13:13:26.486+0000] {dagbag.py:538} INFO - Filling up the DagBag from /home/airflow/.local/lib/python3.8/site-packages/airflow/example_dags/tutorial_dag.py
[2024-09-05T13:13:26.493+0000] {processor.py:840} INFO - DAG(s) 'tutorial_dag' retrieved from /home/airflow/.local/lib/python3.8/site-packages/airflow/example_dags/tutorial_dag.py
[2024-09-05T13:13:26.514+0000] {logging_mixin.py:188} INFO - [2024-09-05T13:13:26.514+0000] {dag.py:3036} INFO - Sync 1 DAGs
[2024-09-05T13:13:26.528+0000] {logging_mixin.py:188} INFO - [2024-09-05T13:13:26.528+0000] {dag.py:3823} INFO - Setting next_dagrun for tutorial_dag to None, run_after=None
[2024-09-05T13:13:26.548+0000] {processor.py:183} INFO - Processing /home/airflow/.local/lib/python3.8/site-packages/airflow/example_dags/tutorial_dag.py took 0.067 seconds
[2024-09-05T13:13:56.933+0000] {processor.py:161} INFO - Started process (PID=902) to work on /home/airflow/.local/lib/python3.8/site-packages/airflow/example_dags/tutorial_dag.py
[2024-09-05T13:13:56.934+0000] {processor.py:830} INFO - Processing file /home/airflow/.local/lib/python3.8/site-packages/airflow/example_dags/tutorial_dag.py for tasks to queue
[2024-09-05T13:13:56.936+0000] {logging_mixin.py:188} INFO - [2024-09-05T13:13:56.935+0000] {dagbag.py:538} INFO - Filling up the DagBag from /home/airflow/.local/lib/python3.8/site-packages/airflow/example_dags/tutorial_dag.py
[2024-09-05T13:13:56.942+0000] {processor.py:840} INFO - DAG(s) 'tutorial_dag' retrieved from /home/airflow/.local/lib/python3.8/site-packages/airflow/example_dags/tutorial_dag.py
[2024-09-05T13:13:56.971+0000] {logging_mixin.py:188} INFO - [2024-09-05T13:13:56.970+0000] {dag.py:3036} INFO - Sync 1 DAGs
[2024-09-05T13:13:56.987+0000] {logging_mixin.py:188} INFO - [2024-09-05T13:13:56.987+0000] {dag.py:3823} INFO - Setting next_dagrun for tutorial_dag to None, run_after=None
[2024-09-05T13:13:57.015+0000] {processor.py:183} INFO - Processing /home/airflow/.local/lib/python3.8/site-packages/airflow/example_dags/tutorial_dag.py took 0.085 seconds
[2024-09-05T13:14:27.555+0000] {processor.py:161} INFO - Started process (PID=959) to work on /home/airflow/.local/lib/python3.8/site-packages/airflow/example_dags/tutorial_dag.py
[2024-09-05T13:14:27.556+0000] {processor.py:830} INFO - Processing file /home/airflow/.local/lib/python3.8/site-packages/airflow/example_dags/tutorial_dag.py for tasks to queue
[2024-09-05T13:14:27.557+0000] {logging_mixin.py:188} INFO - [2024-09-05T13:14:27.557+0000] {dagbag.py:538} INFO - Filling up the DagBag from /home/airflow/.local/lib/python3.8/site-packages/airflow/example_dags/tutorial_dag.py
[2024-09-05T13:14:27.562+0000] {processor.py:840} INFO - DAG(s) 'tutorial_dag' retrieved from /home/airflow/.local/lib/python3.8/site-packages/airflow/example_dags/tutorial_dag.py
[2024-09-05T13:14:27.583+0000] {logging_mixin.py:188} INFO - [2024-09-05T13:14:27.583+0000] {dag.py:3036} INFO - Sync 1 DAGs
[2024-09-05T13:14:27.597+0000] {logging_mixin.py:188} INFO - [2024-09-05T13:14:27.597+0000] {dag.py:3823} INFO - Setting next_dagrun for tutorial_dag to None, run_after=None
[2024-09-05T13:14:27.655+0000] {processor.py:183} INFO - Processing /home/airflow/.local/lib/python3.8/site-packages/airflow/example_dags/tutorial_dag.py took 0.103 seconds
[2024-09-05T13:14:57.995+0000] {processor.py:161} INFO - Started process (PID=1017) to work on /home/airflow/.local/lib/python3.8/site-packages/airflow/example_dags/tutorial_dag.py
[2024-09-05T13:14:57.996+0000] {processor.py:830} INFO - Processing file /home/airflow/.local/lib/python3.8/site-packages/airflow/example_dags/tutorial_dag.py for tasks to queue
[2024-09-05T13:14:57.998+0000] {logging_mixin.py:188} INFO - [2024-09-05T13:14:57.997+0000] {dagbag.py:538} INFO - Filling up the DagBag from /home/airflow/.local/lib/python3.8/site-packages/airflow/example_dags/tutorial_dag.py
[2024-09-05T13:14:58.010+0000] {processor.py:840} INFO - DAG(s) 'tutorial_dag' retrieved from /home/airflow/.local/lib/python3.8/site-packages/airflow/example_dags/tutorial_dag.py
[2024-09-05T13:14:58.047+0000] {logging_mixin.py:188} INFO - [2024-09-05T13:14:58.047+0000] {dag.py:3036} INFO - Sync 1 DAGs
[2024-09-05T13:14:58.069+0000] {logging_mixin.py:188} INFO - [2024-09-05T13:14:58.068+0000] {dag.py:3823} INFO - Setting next_dagrun for tutorial_dag to None, run_after=None
[2024-09-05T13:14:58.107+0000] {processor.py:183} INFO - Processing /home/airflow/.local/lib/python3.8/site-packages/airflow/example_dags/tutorial_dag.py took 0.121 seconds
[2024-09-05T13:15:28.503+0000] {processor.py:161} INFO - Started process (PID=1074) to work on /home/airflow/.local/lib/python3.8/site-packages/airflow/example_dags/tutorial_dag.py
[2024-09-05T13:15:28.504+0000] {processor.py:830} INFO - Processing file /home/airflow/.local/lib/python3.8/site-packages/airflow/example_dags/tutorial_dag.py for tasks to queue
[2024-09-05T13:15:28.505+0000] {logging_mixin.py:188} INFO - [2024-09-05T13:15:28.504+0000] {dagbag.py:538} INFO - Filling up the DagBag from /home/airflow/.local/lib/python3.8/site-packages/airflow/example_dags/tutorial_dag.py
[2024-09-05T13:15:28.510+0000] {processor.py:840} INFO - DAG(s) 'tutorial_dag' retrieved from /home/airflow/.local/lib/python3.8/site-packages/airflow/example_dags/tutorial_dag.py
[2024-09-05T13:15:28.533+0000] {logging_mixin.py:188} INFO - [2024-09-05T13:15:28.533+0000] {dag.py:3036} INFO - Sync 1 DAGs
[2024-09-05T13:15:28.547+0000] {logging_mixin.py:188} INFO - [2024-09-05T13:15:28.547+0000] {dag.py:3823} INFO - Setting next_dagrun for tutorial_dag to None, run_after=None
[2024-09-05T13:15:28.570+0000] {processor.py:183} INFO - Processing /home/airflow/.local/lib/python3.8/site-packages/airflow/example_dags/tutorial_dag.py took 0.071 seconds
[2024-09-05T13:15:58.707+0000] {processor.py:161} INFO - Started process (PID=1134) to work on /home/airflow/.local/lib/python3.8/site-packages/airflow/example_dags/tutorial_dag.py
[2024-09-05T13:15:58.708+0000] {processor.py:830} INFO - Processing file /home/airflow/.local/lib/python3.8/site-packages/airflow/example_dags/tutorial_dag.py for tasks to queue
[2024-09-05T13:15:58.709+0000] {logging_mixin.py:188} INFO - [2024-09-05T13:15:58.708+0000] {dagbag.py:538} INFO - Filling up the DagBag from /home/airflow/.local/lib/python3.8/site-packages/airflow/example_dags/tutorial_dag.py
[2024-09-05T13:15:58.714+0000] {processor.py:840} INFO - DAG(s) 'tutorial_dag' retrieved from /home/airflow/.local/lib/python3.8/site-packages/airflow/example_dags/tutorial_dag.py
[2024-09-05T13:15:58.739+0000] {logging_mixin.py:188} INFO - [2024-09-05T13:15:58.738+0000] {dag.py:3036} INFO - Sync 1 DAGs
[2024-09-05T13:15:58.756+0000] {logging_mixin.py:188} INFO - [2024-09-05T13:15:58.756+0000] {dag.py:3823} INFO - Setting next_dagrun for tutorial_dag to None, run_after=None
[2024-09-05T13:15:58.781+0000] {processor.py:183} INFO - Processing /home/airflow/.local/lib/python3.8/site-packages/airflow/example_dags/tutorial_dag.py took 0.078 seconds
[2024-09-05T13:16:28.980+0000] {processor.py:161} INFO - Started process (PID=1193) to work on /home/airflow/.local/lib/python3.8/site-packages/airflow/example_dags/tutorial_dag.py
[2024-09-05T13:16:28.981+0000] {processor.py:830} INFO - Processing file /home/airflow/.local/lib/python3.8/site-packages/airflow/example_dags/tutorial_dag.py for tasks to queue
[2024-09-05T13:16:28.982+0000] {logging_mixin.py:188} INFO - [2024-09-05T13:16:28.982+0000] {dagbag.py:538} INFO - Filling up the DagBag from /home/airflow/.local/lib/python3.8/site-packages/airflow/example_dags/tutorial_dag.py
[2024-09-05T13:16:28.987+0000] {processor.py:840} INFO - DAG(s) 'tutorial_dag' retrieved from /home/airflow/.local/lib/python3.8/site-packages/airflow/example_dags/tutorial_dag.py
[2024-09-05T13:16:29.009+0000] {logging_mixin.py:188} INFO - [2024-09-05T13:16:29.009+0000] {dag.py:3036} INFO - Sync 1 DAGs
[2024-09-05T13:16:29.023+0000] {logging_mixin.py:188} INFO - [2024-09-05T13:16:29.022+0000] {dag.py:3823} INFO - Setting next_dagrun for tutorial_dag to None, run_after=None
[2024-09-05T13:16:29.044+0000] {processor.py:183} INFO - Processing /home/airflow/.local/lib/python3.8/site-packages/airflow/example_dags/tutorial_dag.py took 0.069 seconds
[2024-09-05T13:16:59.678+0000] {processor.py:161} INFO - Started process (PID=1250) to work on /home/airflow/.local/lib/python3.8/site-packages/airflow/example_dags/tutorial_dag.py
[2024-09-05T13:16:59.679+0000] {processor.py:830} INFO - Processing file /home/airflow/.local/lib/python3.8/site-packages/airflow/example_dags/tutorial_dag.py for tasks to queue
[2024-09-05T13:16:59.680+0000] {logging_mixin.py:188} INFO - [2024-09-05T13:16:59.679+0000] {dagbag.py:538} INFO - Filling up the DagBag from /home/airflow/.local/lib/python3.8/site-packages/airflow/example_dags/tutorial_dag.py
[2024-09-05T13:16:59.685+0000] {processor.py:840} INFO - DAG(s) 'tutorial_dag' retrieved from /home/airflow/.local/lib/python3.8/site-packages/airflow/example_dags/tutorial_dag.py
[2024-09-05T13:16:59.712+0000] {logging_mixin.py:188} INFO - [2024-09-05T13:16:59.711+0000] {dag.py:3036} INFO - Sync 1 DAGs
[2024-09-05T13:16:59.728+0000] {logging_mixin.py:188} INFO - [2024-09-05T13:16:59.728+0000] {dag.py:3823} INFO - Setting next_dagrun for tutorial_dag to None, run_after=None
[2024-09-05T13:16:59.752+0000] {processor.py:183} INFO - Processing /home/airflow/.local/lib/python3.8/site-packages/airflow/example_dags/tutorial_dag.py took 0.080 seconds
[2024-09-05T13:17:30.280+0000] {processor.py:161} INFO - Started process (PID=1307) to work on /home/airflow/.local/lib/python3.8/site-packages/airflow/example_dags/tutorial_dag.py
[2024-09-05T13:17:30.281+0000] {processor.py:830} INFO - Processing file /home/airflow/.local/lib/python3.8/site-packages/airflow/example_dags/tutorial_dag.py for tasks to queue
[2024-09-05T13:17:30.282+0000] {logging_mixin.py:188} INFO - [2024-09-05T13:17:30.282+0000] {dagbag.py:538} INFO - Filling up the DagBag from /home/airflow/.local/lib/python3.8/site-packages/airflow/example_dags/tutorial_dag.py
[2024-09-05T13:17:30.287+0000] {processor.py:840} INFO - DAG(s) 'tutorial_dag' retrieved from /home/airflow/.local/lib/python3.8/site-packages/airflow/example_dags/tutorial_dag.py
[2024-09-05T13:17:30.310+0000] {logging_mixin.py:188} INFO - [2024-09-05T13:17:30.310+0000] {dag.py:3036} INFO - Sync 1 DAGs
[2024-09-05T13:17:30.325+0000] {logging_mixin.py:188} INFO - [2024-09-05T13:17:30.324+0000] {dag.py:3823} INFO - Setting next_dagrun for tutorial_dag to None, run_after=None
[2024-09-05T13:17:30.351+0000] {processor.py:183} INFO - Processing /home/airflow/.local/lib/python3.8/site-packages/airflow/example_dags/tutorial_dag.py took 0.076 seconds
[2024-09-05T13:18:01.002+0000] {processor.py:161} INFO - Started process (PID=1364) to work on /home/airflow/.local/lib/python3.8/site-packages/airflow/example_dags/tutorial_dag.py
[2024-09-05T13:18:01.004+0000] {processor.py:830} INFO - Processing file /home/airflow/.local/lib/python3.8/site-packages/airflow/example_dags/tutorial_dag.py for tasks to queue
[2024-09-05T13:18:01.005+0000] {logging_mixin.py:188} INFO - [2024-09-05T13:18:01.005+0000] {dagbag.py:538} INFO - Filling up the DagBag from /home/airflow/.local/lib/python3.8/site-packages/airflow/example_dags/tutorial_dag.py
[2024-09-05T13:18:01.011+0000] {processor.py:840} INFO - DAG(s) 'tutorial_dag' retrieved from /home/airflow/.local/lib/python3.8/site-packages/airflow/example_dags/tutorial_dag.py
[2024-09-05T13:18:01.033+0000] {logging_mixin.py:188} INFO - [2024-09-05T13:18:01.033+0000] {dag.py:3036} INFO - Sync 1 DAGs
[2024-09-05T13:18:01.048+0000] {logging_mixin.py:188} INFO - [2024-09-05T13:18:01.048+0000] {dag.py:3823} INFO - Setting next_dagrun for tutorial_dag to None, run_after=None
[2024-09-05T13:18:01.077+0000] {processor.py:183} INFO - Processing /home/airflow/.local/lib/python3.8/site-packages/airflow/example_dags/tutorial_dag.py took 0.079 seconds
[2024-09-05T13:18:31.525+0000] {processor.py:161} INFO - Started process (PID=1421) to work on /home/airflow/.local/lib/python3.8/site-packages/airflow/example_dags/tutorial_dag.py
[2024-09-05T13:18:31.526+0000] {processor.py:830} INFO - Processing file /home/airflow/.local/lib/python3.8/site-packages/airflow/example_dags/tutorial_dag.py for tasks to queue
[2024-09-05T13:18:31.527+0000] {logging_mixin.py:188} INFO - [2024-09-05T13:18:31.527+0000] {dagbag.py:538} INFO - Filling up the DagBag from /home/airflow/.local/lib/python3.8/site-packages/airflow/example_dags/tutorial_dag.py
[2024-09-05T13:18:31.532+0000] {processor.py:840} INFO - DAG(s) 'tutorial_dag' retrieved from /home/airflow/.local/lib/python3.8/site-packages/airflow/example_dags/tutorial_dag.py
[2024-09-05T13:18:31.551+0000] {logging_mixin.py:188} INFO - [2024-09-05T13:18:31.551+0000] {dag.py:3036} INFO - Sync 1 DAGs
[2024-09-05T13:18:31.563+0000] {logging_mixin.py:188} INFO - [2024-09-05T13:18:31.563+0000] {dag.py:3823} INFO - Setting next_dagrun for tutorial_dag to None, run_after=None
[2024-09-05T13:18:31.585+0000] {processor.py:183} INFO - Processing /home/airflow/.local/lib/python3.8/site-packages/airflow/example_dags/tutorial_dag.py took 0.062 seconds
[2024-09-05T13:19:01.893+0000] {processor.py:161} INFO - Started process (PID=1478) to work on /home/airflow/.local/lib/python3.8/site-packages/airflow/example_dags/tutorial_dag.py
[2024-09-05T13:19:01.894+0000] {processor.py:830} INFO - Processing file /home/airflow/.local/lib/python3.8/site-packages/airflow/example_dags/tutorial_dag.py for tasks to queue
[2024-09-05T13:19:01.896+0000] {logging_mixin.py:188} INFO - [2024-09-05T13:19:01.895+0000] {dagbag.py:538} INFO - Filling up the DagBag from /home/airflow/.local/lib/python3.8/site-packages/airflow/example_dags/tutorial_dag.py
[2024-09-05T13:19:01.903+0000] {processor.py:840} INFO - DAG(s) 'tutorial_dag' retrieved from /home/airflow/.local/lib/python3.8/site-packages/airflow/example_dags/tutorial_dag.py
[2024-09-05T13:19:01.933+0000] {logging_mixin.py:188} INFO - [2024-09-05T13:19:01.933+0000] {dag.py:3036} INFO - Sync 1 DAGs
[2024-09-05T13:19:01.953+0000] {logging_mixin.py:188} INFO - [2024-09-05T13:19:01.952+0000] {dag.py:3823} INFO - Setting next_dagrun for tutorial_dag to None, run_after=None
[2024-09-05T13:19:01.984+0000] {processor.py:183} INFO - Processing /home/airflow/.local/lib/python3.8/site-packages/airflow/example_dags/tutorial_dag.py took 0.094 seconds
[2024-09-05T13:19:32.866+0000] {processor.py:161} INFO - Started process (PID=1535) to work on /home/airflow/.local/lib/python3.8/site-packages/airflow/example_dags/tutorial_dag.py
[2024-09-05T13:19:32.867+0000] {processor.py:830} INFO - Processing file /home/airflow/.local/lib/python3.8/site-packages/airflow/example_dags/tutorial_dag.py for tasks to queue
[2024-09-05T13:19:32.868+0000] {logging_mixin.py:188} INFO - [2024-09-05T13:19:32.868+0000] {dagbag.py:538} INFO - Filling up the DagBag from /home/airflow/.local/lib/python3.8/site-packages/airflow/example_dags/tutorial_dag.py
[2024-09-05T13:19:32.872+0000] {processor.py:840} INFO - DAG(s) 'tutorial_dag' retrieved from /home/airflow/.local/lib/python3.8/site-packages/airflow/example_dags/tutorial_dag.py
[2024-09-05T13:19:32.894+0000] {logging_mixin.py:188} INFO - [2024-09-05T13:19:32.894+0000] {dag.py:3036} INFO - Sync 1 DAGs
[2024-09-05T13:19:32.915+0000] {logging_mixin.py:188} INFO - [2024-09-05T13:19:32.914+0000] {dag.py:3823} INFO - Setting next_dagrun for tutorial_dag to None, run_after=None
[2024-09-05T13:19:32.938+0000] {processor.py:183} INFO - Processing /home/airflow/.local/lib/python3.8/site-packages/airflow/example_dags/tutorial_dag.py took 0.075 seconds
[2024-09-05T13:20:03.211+0000] {processor.py:161} INFO - Started process (PID=1592) to work on /home/airflow/.local/lib/python3.8/site-packages/airflow/example_dags/tutorial_dag.py
[2024-09-05T13:20:03.212+0000] {processor.py:830} INFO - Processing file /home/airflow/.local/lib/python3.8/site-packages/airflow/example_dags/tutorial_dag.py for tasks to queue
[2024-09-05T13:20:03.212+0000] {logging_mixin.py:188} INFO - [2024-09-05T13:20:03.212+0000] {dagbag.py:538} INFO - Filling up the DagBag from /home/airflow/.local/lib/python3.8/site-packages/airflow/example_dags/tutorial_dag.py
[2024-09-05T13:20:03.217+0000] {processor.py:840} INFO - DAG(s) 'tutorial_dag' retrieved from /home/airflow/.local/lib/python3.8/site-packages/airflow/example_dags/tutorial_dag.py
[2024-09-05T13:20:03.240+0000] {logging_mixin.py:188} INFO - [2024-09-05T13:20:03.239+0000] {dag.py:3036} INFO - Sync 1 DAGs
[2024-09-05T13:20:03.252+0000] {logging_mixin.py:188} INFO - [2024-09-05T13:20:03.252+0000] {dag.py:3823} INFO - Setting next_dagrun for tutorial_dag to None, run_after=None
[2024-09-05T13:20:03.274+0000] {processor.py:183} INFO - Processing /home/airflow/.local/lib/python3.8/site-packages/airflow/example_dags/tutorial_dag.py took 0.066 seconds
