[2024-09-05T12:26:58.596+0000] {processor.py:161} INFO - Started process (PID=56) to work on /home/airflow/.local/lib/python3.8/site-packages/airflow/example_dags/tutorial_objectstorage.py
[2024-09-05T12:26:58.597+0000] {processor.py:830} INFO - Processing file /home/airflow/.local/lib/python3.8/site-packages/airflow/example_dags/tutorial_objectstorage.py for tasks to queue
[2024-09-05T12:26:58.598+0000] {logging_mixin.py:188} INFO - [2024-09-05T12:26:58.598+0000] {dagbag.py:538} INFO - Filling up the DagBag from /home/airflow/.local/lib/python3.8/site-packages/airflow/example_dags/tutorial_objectstorage.py
[2024-09-05T12:26:58.611+0000] {processor.py:840} INFO - DAG(s) 'tutorial_objectstorage' retrieved from /home/airflow/.local/lib/python3.8/site-packages/airflow/example_dags/tutorial_objectstorage.py
[2024-09-05T12:26:58.743+0000] {logging_mixin.py:188} INFO - [2024-09-05T12:26:58.742+0000] {dag.py:3036} INFO - Sync 1 DAGs
[2024-09-05T12:26:58.754+0000] {logging_mixin.py:188} INFO - [2024-09-05T12:26:58.754+0000] {dag.py:3823} INFO - Setting next_dagrun for tutorial_objectstorage to None, run_after=None
[2024-09-05T12:26:58.780+0000] {processor.py:183} INFO - Processing /home/airflow/.local/lib/python3.8/site-packages/airflow/example_dags/tutorial_objectstorage.py took 0.187 seconds
[2024-09-05T12:27:29.467+0000] {processor.py:161} INFO - Started process (PID=113) to work on /home/airflow/.local/lib/python3.8/site-packages/airflow/example_dags/tutorial_objectstorage.py
[2024-09-05T12:27:29.468+0000] {processor.py:830} INFO - Processing file /home/airflow/.local/lib/python3.8/site-packages/airflow/example_dags/tutorial_objectstorage.py for tasks to queue
[2024-09-05T12:27:29.469+0000] {logging_mixin.py:188} INFO - [2024-09-05T12:27:29.469+0000] {dagbag.py:538} INFO - Filling up the DagBag from /home/airflow/.local/lib/python3.8/site-packages/airflow/example_dags/tutorial_objectstorage.py
[2024-09-05T12:27:29.477+0000] {processor.py:840} INFO - DAG(s) 'tutorial_objectstorage' retrieved from /home/airflow/.local/lib/python3.8/site-packages/airflow/example_dags/tutorial_objectstorage.py
[2024-09-05T12:27:29.490+0000] {logging_mixin.py:188} INFO - [2024-09-05T12:27:29.490+0000] {dag.py:3036} INFO - Sync 1 DAGs
[2024-09-05T12:27:29.506+0000] {logging_mixin.py:188} INFO - [2024-09-05T12:27:29.505+0000] {dag.py:3823} INFO - Setting next_dagrun for tutorial_objectstorage to None, run_after=None
[2024-09-05T12:27:29.533+0000] {processor.py:183} INFO - Processing /home/airflow/.local/lib/python3.8/site-packages/airflow/example_dags/tutorial_objectstorage.py took 0.070 seconds
[2024-09-05T12:27:59.987+0000] {processor.py:161} INFO - Started process (PID=170) to work on /home/airflow/.local/lib/python3.8/site-packages/airflow/example_dags/tutorial_objectstorage.py
[2024-09-05T12:27:59.988+0000] {processor.py:830} INFO - Processing file /home/airflow/.local/lib/python3.8/site-packages/airflow/example_dags/tutorial_objectstorage.py for tasks to queue
[2024-09-05T12:27:59.989+0000] {logging_mixin.py:188} INFO - [2024-09-05T12:27:59.989+0000] {dagbag.py:538} INFO - Filling up the DagBag from /home/airflow/.local/lib/python3.8/site-packages/airflow/example_dags/tutorial_objectstorage.py
[2024-09-05T12:27:59.998+0000] {processor.py:840} INFO - DAG(s) 'tutorial_objectstorage' retrieved from /home/airflow/.local/lib/python3.8/site-packages/airflow/example_dags/tutorial_objectstorage.py
[2024-09-05T12:28:00.139+0000] {logging_mixin.py:188} INFO - [2024-09-05T12:28:00.139+0000] {dag.py:3036} INFO - Sync 1 DAGs
[2024-09-05T12:28:00.150+0000] {logging_mixin.py:188} INFO - [2024-09-05T12:28:00.150+0000] {dag.py:3823} INFO - Setting next_dagrun for tutorial_objectstorage to None, run_after=None
[2024-09-05T12:28:00.175+0000] {processor.py:183} INFO - Processing /home/airflow/.local/lib/python3.8/site-packages/airflow/example_dags/tutorial_objectstorage.py took 0.191 seconds
[2024-09-05T12:28:31.291+0000] {processor.py:161} INFO - Started process (PID=227) to work on /home/airflow/.local/lib/python3.8/site-packages/airflow/example_dags/tutorial_objectstorage.py
[2024-09-05T12:28:31.291+0000] {processor.py:830} INFO - Processing file /home/airflow/.local/lib/python3.8/site-packages/airflow/example_dags/tutorial_objectstorage.py for tasks to queue
[2024-09-05T12:28:31.292+0000] {logging_mixin.py:188} INFO - [2024-09-05T12:28:31.292+0000] {dagbag.py:538} INFO - Filling up the DagBag from /home/airflow/.local/lib/python3.8/site-packages/airflow/example_dags/tutorial_objectstorage.py
[2024-09-05T12:28:31.299+0000] {processor.py:840} INFO - DAG(s) 'tutorial_objectstorage' retrieved from /home/airflow/.local/lib/python3.8/site-packages/airflow/example_dags/tutorial_objectstorage.py
[2024-09-05T12:28:31.323+0000] {logging_mixin.py:188} INFO - [2024-09-05T12:28:31.322+0000] {dag.py:3036} INFO - Sync 1 DAGs
[2024-09-05T12:28:31.338+0000] {logging_mixin.py:188} INFO - [2024-09-05T12:28:31.338+0000] {dag.py:3823} INFO - Setting next_dagrun for tutorial_objectstorage to None, run_after=None
[2024-09-05T12:28:31.361+0000] {processor.py:183} INFO - Processing /home/airflow/.local/lib/python3.8/site-packages/airflow/example_dags/tutorial_objectstorage.py took 0.074 seconds
[2024-09-05T12:29:01.869+0000] {processor.py:161} INFO - Started process (PID=284) to work on /home/airflow/.local/lib/python3.8/site-packages/airflow/example_dags/tutorial_objectstorage.py
[2024-09-05T12:29:01.870+0000] {processor.py:830} INFO - Processing file /home/airflow/.local/lib/python3.8/site-packages/airflow/example_dags/tutorial_objectstorage.py for tasks to queue
[2024-09-05T12:29:01.872+0000] {logging_mixin.py:188} INFO - [2024-09-05T12:29:01.871+0000] {dagbag.py:538} INFO - Filling up the DagBag from /home/airflow/.local/lib/python3.8/site-packages/airflow/example_dags/tutorial_objectstorage.py
[2024-09-05T12:29:01.880+0000] {processor.py:840} INFO - DAG(s) 'tutorial_objectstorage' retrieved from /home/airflow/.local/lib/python3.8/site-packages/airflow/example_dags/tutorial_objectstorage.py
[2024-09-05T12:29:01.900+0000] {logging_mixin.py:188} INFO - [2024-09-05T12:29:01.900+0000] {dag.py:3036} INFO - Sync 1 DAGs
[2024-09-05T12:29:01.918+0000] {logging_mixin.py:188} INFO - [2024-09-05T12:29:01.918+0000] {dag.py:3823} INFO - Setting next_dagrun for tutorial_objectstorage to None, run_after=None
[2024-09-05T12:29:01.939+0000] {processor.py:183} INFO - Processing /home/airflow/.local/lib/python3.8/site-packages/airflow/example_dags/tutorial_objectstorage.py took 0.073 seconds
[2024-09-05T12:29:32.141+0000] {processor.py:161} INFO - Started process (PID=340) to work on /home/airflow/.local/lib/python3.8/site-packages/airflow/example_dags/tutorial_objectstorage.py
[2024-09-05T12:29:32.141+0000] {processor.py:830} INFO - Processing file /home/airflow/.local/lib/python3.8/site-packages/airflow/example_dags/tutorial_objectstorage.py for tasks to queue
[2024-09-05T12:29:32.165+0000] {logging_mixin.py:188} INFO - [2024-09-05T12:29:32.164+0000] {dagbag.py:538} INFO - Filling up the DagBag from /home/airflow/.local/lib/python3.8/site-packages/airflow/example_dags/tutorial_objectstorage.py
[2024-09-05T12:29:32.177+0000] {processor.py:840} INFO - DAG(s) 'tutorial_objectstorage' retrieved from /home/airflow/.local/lib/python3.8/site-packages/airflow/example_dags/tutorial_objectstorage.py
[2024-09-05T12:29:32.201+0000] {logging_mixin.py:188} INFO - [2024-09-05T12:29:32.201+0000] {dag.py:3036} INFO - Sync 1 DAGs
[2024-09-05T12:29:32.216+0000] {logging_mixin.py:188} INFO - [2024-09-05T12:29:32.216+0000] {dag.py:3823} INFO - Setting next_dagrun for tutorial_objectstorage to None, run_after=None
[2024-09-05T12:29:32.237+0000] {processor.py:183} INFO - Processing /home/airflow/.local/lib/python3.8/site-packages/airflow/example_dags/tutorial_objectstorage.py took 0.101 seconds
[2024-09-05T12:30:02.600+0000] {processor.py:161} INFO - Started process (PID=397) to work on /home/airflow/.local/lib/python3.8/site-packages/airflow/example_dags/tutorial_objectstorage.py
[2024-09-05T12:30:02.601+0000] {processor.py:830} INFO - Processing file /home/airflow/.local/lib/python3.8/site-packages/airflow/example_dags/tutorial_objectstorage.py for tasks to queue
[2024-09-05T12:30:02.604+0000] {logging_mixin.py:188} INFO - [2024-09-05T12:30:02.602+0000] {dagbag.py:538} INFO - Filling up the DagBag from /home/airflow/.local/lib/python3.8/site-packages/airflow/example_dags/tutorial_objectstorage.py
[2024-09-05T12:30:02.612+0000] {processor.py:840} INFO - DAG(s) 'tutorial_objectstorage' retrieved from /home/airflow/.local/lib/python3.8/site-packages/airflow/example_dags/tutorial_objectstorage.py
[2024-09-05T12:30:02.637+0000] {logging_mixin.py:188} INFO - [2024-09-05T12:30:02.636+0000] {dag.py:3036} INFO - Sync 1 DAGs
[2024-09-05T12:30:02.654+0000] {logging_mixin.py:188} INFO - [2024-09-05T12:30:02.654+0000] {dag.py:3823} INFO - Setting next_dagrun for tutorial_objectstorage to None, run_after=None
[2024-09-05T12:30:02.683+0000] {processor.py:183} INFO - Processing /home/airflow/.local/lib/python3.8/site-packages/airflow/example_dags/tutorial_objectstorage.py took 0.089 seconds
[2024-09-05T12:30:32.777+0000] {processor.py:161} INFO - Started process (PID=454) to work on /home/airflow/.local/lib/python3.8/site-packages/airflow/example_dags/tutorial_objectstorage.py
[2024-09-05T12:30:32.778+0000] {processor.py:830} INFO - Processing file /home/airflow/.local/lib/python3.8/site-packages/airflow/example_dags/tutorial_objectstorage.py for tasks to queue
[2024-09-05T12:30:32.779+0000] {logging_mixin.py:188} INFO - [2024-09-05T12:30:32.778+0000] {dagbag.py:538} INFO - Filling up the DagBag from /home/airflow/.local/lib/python3.8/site-packages/airflow/example_dags/tutorial_objectstorage.py
[2024-09-05T12:30:32.786+0000] {processor.py:840} INFO - DAG(s) 'tutorial_objectstorage' retrieved from /home/airflow/.local/lib/python3.8/site-packages/airflow/example_dags/tutorial_objectstorage.py
[2024-09-05T12:30:32.807+0000] {logging_mixin.py:188} INFO - [2024-09-05T12:30:32.807+0000] {dag.py:3036} INFO - Sync 1 DAGs
[2024-09-05T12:30:32.821+0000] {logging_mixin.py:188} INFO - [2024-09-05T12:30:32.821+0000] {dag.py:3823} INFO - Setting next_dagrun for tutorial_objectstorage to None, run_after=None
[2024-09-05T12:30:32.845+0000] {processor.py:183} INFO - Processing /home/airflow/.local/lib/python3.8/site-packages/airflow/example_dags/tutorial_objectstorage.py took 0.074 seconds
[2024-09-05T12:31:02.952+0000] {processor.py:161} INFO - Started process (PID=511) to work on /home/airflow/.local/lib/python3.8/site-packages/airflow/example_dags/tutorial_objectstorage.py
[2024-09-05T12:31:02.953+0000] {processor.py:830} INFO - Processing file /home/airflow/.local/lib/python3.8/site-packages/airflow/example_dags/tutorial_objectstorage.py for tasks to queue
[2024-09-05T12:31:02.955+0000] {logging_mixin.py:188} INFO - [2024-09-05T12:31:02.954+0000] {dagbag.py:538} INFO - Filling up the DagBag from /home/airflow/.local/lib/python3.8/site-packages/airflow/example_dags/tutorial_objectstorage.py
[2024-09-05T12:31:02.962+0000] {processor.py:840} INFO - DAG(s) 'tutorial_objectstorage' retrieved from /home/airflow/.local/lib/python3.8/site-packages/airflow/example_dags/tutorial_objectstorage.py
[2024-09-05T12:31:02.987+0000] {logging_mixin.py:188} INFO - [2024-09-05T12:31:02.987+0000] {dag.py:3036} INFO - Sync 1 DAGs
[2024-09-05T12:31:03.002+0000] {logging_mixin.py:188} INFO - [2024-09-05T12:31:03.002+0000] {dag.py:3823} INFO - Setting next_dagrun for tutorial_objectstorage to None, run_after=None
[2024-09-05T12:31:03.024+0000] {processor.py:183} INFO - Processing /home/airflow/.local/lib/python3.8/site-packages/airflow/example_dags/tutorial_objectstorage.py took 0.078 seconds
[2024-09-05T12:45:18.129+0000] {processor.py:161} INFO - Started process (PID=56) to work on /home/airflow/.local/lib/python3.8/site-packages/airflow/example_dags/tutorial_objectstorage.py
[2024-09-05T12:45:18.133+0000] {processor.py:830} INFO - Processing file /home/airflow/.local/lib/python3.8/site-packages/airflow/example_dags/tutorial_objectstorage.py for tasks to queue
[2024-09-05T12:45:18.137+0000] {logging_mixin.py:188} INFO - [2024-09-05T12:45:18.137+0000] {dagbag.py:538} INFO - Filling up the DagBag from /home/airflow/.local/lib/python3.8/site-packages/airflow/example_dags/tutorial_objectstorage.py
[2024-09-05T12:45:18.165+0000] {processor.py:840} INFO - DAG(s) 'tutorial_objectstorage' retrieved from /home/airflow/.local/lib/python3.8/site-packages/airflow/example_dags/tutorial_objectstorage.py
[2024-09-05T12:45:18.195+0000] {logging_mixin.py:188} INFO - [2024-09-05T12:45:18.194+0000] {dag.py:3036} INFO - Sync 1 DAGs
[2024-09-05T12:45:18.220+0000] {logging_mixin.py:188} INFO - [2024-09-05T12:45:18.219+0000] {dag.py:3823} INFO - Setting next_dagrun for tutorial_objectstorage to None, run_after=None
[2024-09-05T12:45:18.252+0000] {processor.py:183} INFO - Processing /home/airflow/.local/lib/python3.8/site-packages/airflow/example_dags/tutorial_objectstorage.py took 0.127 seconds
[2024-09-05T12:45:48.570+0000] {processor.py:161} INFO - Started process (PID=113) to work on /home/airflow/.local/lib/python3.8/site-packages/airflow/example_dags/tutorial_objectstorage.py
[2024-09-05T12:45:48.571+0000] {processor.py:830} INFO - Processing file /home/airflow/.local/lib/python3.8/site-packages/airflow/example_dags/tutorial_objectstorage.py for tasks to queue
[2024-09-05T12:45:48.572+0000] {logging_mixin.py:188} INFO - [2024-09-05T12:45:48.572+0000] {dagbag.py:538} INFO - Filling up the DagBag from /home/airflow/.local/lib/python3.8/site-packages/airflow/example_dags/tutorial_objectstorage.py
[2024-09-05T12:45:48.580+0000] {processor.py:840} INFO - DAG(s) 'tutorial_objectstorage' retrieved from /home/airflow/.local/lib/python3.8/site-packages/airflow/example_dags/tutorial_objectstorage.py
[2024-09-05T12:45:48.698+0000] {logging_mixin.py:188} INFO - [2024-09-05T12:45:48.698+0000] {dag.py:3036} INFO - Sync 1 DAGs
[2024-09-05T12:45:48.711+0000] {logging_mixin.py:188} INFO - [2024-09-05T12:45:48.711+0000] {dag.py:3823} INFO - Setting next_dagrun for tutorial_objectstorage to None, run_after=None
[2024-09-05T12:45:48.732+0000] {processor.py:183} INFO - Processing /home/airflow/.local/lib/python3.8/site-packages/airflow/example_dags/tutorial_objectstorage.py took 0.166 seconds
[2024-09-05T12:46:19.526+0000] {processor.py:161} INFO - Started process (PID=170) to work on /home/airflow/.local/lib/python3.8/site-packages/airflow/example_dags/tutorial_objectstorage.py
[2024-09-05T12:46:19.527+0000] {processor.py:830} INFO - Processing file /home/airflow/.local/lib/python3.8/site-packages/airflow/example_dags/tutorial_objectstorage.py for tasks to queue
[2024-09-05T12:46:19.528+0000] {logging_mixin.py:188} INFO - [2024-09-05T12:46:19.528+0000] {dagbag.py:538} INFO - Filling up the DagBag from /home/airflow/.local/lib/python3.8/site-packages/airflow/example_dags/tutorial_objectstorage.py
[2024-09-05T12:46:19.548+0000] {processor.py:840} INFO - DAG(s) 'tutorial_objectstorage' retrieved from /home/airflow/.local/lib/python3.8/site-packages/airflow/example_dags/tutorial_objectstorage.py
[2024-09-05T12:46:19.572+0000] {logging_mixin.py:188} INFO - [2024-09-05T12:46:19.572+0000] {dag.py:3036} INFO - Sync 1 DAGs
[2024-09-05T12:46:19.589+0000] {logging_mixin.py:188} INFO - [2024-09-05T12:46:19.589+0000] {dag.py:3823} INFO - Setting next_dagrun for tutorial_objectstorage to None, run_after=None
[2024-09-05T12:46:19.615+0000] {processor.py:183} INFO - Processing /home/airflow/.local/lib/python3.8/site-packages/airflow/example_dags/tutorial_objectstorage.py took 0.093 seconds
[2024-09-05T12:46:49.706+0000] {processor.py:161} INFO - Started process (PID=226) to work on /home/airflow/.local/lib/python3.8/site-packages/airflow/example_dags/tutorial_objectstorage.py
[2024-09-05T12:46:49.707+0000] {processor.py:830} INFO - Processing file /home/airflow/.local/lib/python3.8/site-packages/airflow/example_dags/tutorial_objectstorage.py for tasks to queue
[2024-09-05T12:46:49.708+0000] {logging_mixin.py:188} INFO - [2024-09-05T12:46:49.708+0000] {dagbag.py:538} INFO - Filling up the DagBag from /home/airflow/.local/lib/python3.8/site-packages/airflow/example_dags/tutorial_objectstorage.py
[2024-09-05T12:46:49.716+0000] {processor.py:840} INFO - DAG(s) 'tutorial_objectstorage' retrieved from /home/airflow/.local/lib/python3.8/site-packages/airflow/example_dags/tutorial_objectstorage.py
[2024-09-05T12:46:49.737+0000] {logging_mixin.py:188} INFO - [2024-09-05T12:46:49.737+0000] {dag.py:3036} INFO - Sync 1 DAGs
[2024-09-05T12:46:49.752+0000] {logging_mixin.py:188} INFO - [2024-09-05T12:46:49.752+0000] {dag.py:3823} INFO - Setting next_dagrun for tutorial_objectstorage to None, run_after=None
[2024-09-05T12:46:49.771+0000] {processor.py:183} INFO - Processing /home/airflow/.local/lib/python3.8/site-packages/airflow/example_dags/tutorial_objectstorage.py took 0.068 seconds
[2024-09-05T12:47:20.381+0000] {processor.py:161} INFO - Started process (PID=283) to work on /home/airflow/.local/lib/python3.8/site-packages/airflow/example_dags/tutorial_objectstorage.py
[2024-09-05T12:47:20.382+0000] {processor.py:830} INFO - Processing file /home/airflow/.local/lib/python3.8/site-packages/airflow/example_dags/tutorial_objectstorage.py for tasks to queue
[2024-09-05T12:47:20.382+0000] {logging_mixin.py:188} INFO - [2024-09-05T12:47:20.382+0000] {dagbag.py:538} INFO - Filling up the DagBag from /home/airflow/.local/lib/python3.8/site-packages/airflow/example_dags/tutorial_objectstorage.py
[2024-09-05T12:47:20.390+0000] {processor.py:840} INFO - DAG(s) 'tutorial_objectstorage' retrieved from /home/airflow/.local/lib/python3.8/site-packages/airflow/example_dags/tutorial_objectstorage.py
[2024-09-05T12:47:20.421+0000] {logging_mixin.py:188} INFO - [2024-09-05T12:47:20.421+0000] {dag.py:3036} INFO - Sync 1 DAGs
[2024-09-05T12:47:20.452+0000] {logging_mixin.py:188} INFO - [2024-09-05T12:47:20.451+0000] {dag.py:3823} INFO - Setting next_dagrun for tutorial_objectstorage to None, run_after=None
[2024-09-05T12:47:20.473+0000] {processor.py:183} INFO - Processing /home/airflow/.local/lib/python3.8/site-packages/airflow/example_dags/tutorial_objectstorage.py took 0.096 seconds
[2024-09-05T12:47:50.529+0000] {processor.py:161} INFO - Started process (PID=341) to work on /home/airflow/.local/lib/python3.8/site-packages/airflow/example_dags/tutorial_objectstorage.py
[2024-09-05T12:47:50.529+0000] {processor.py:830} INFO - Processing file /home/airflow/.local/lib/python3.8/site-packages/airflow/example_dags/tutorial_objectstorage.py for tasks to queue
[2024-09-05T12:47:50.530+0000] {logging_mixin.py:188} INFO - [2024-09-05T12:47:50.530+0000] {dagbag.py:538} INFO - Filling up the DagBag from /home/airflow/.local/lib/python3.8/site-packages/airflow/example_dags/tutorial_objectstorage.py
[2024-09-05T12:47:50.537+0000] {processor.py:840} INFO - DAG(s) 'tutorial_objectstorage' retrieved from /home/airflow/.local/lib/python3.8/site-packages/airflow/example_dags/tutorial_objectstorage.py
[2024-09-05T12:47:50.558+0000] {logging_mixin.py:188} INFO - [2024-09-05T12:47:50.558+0000] {dag.py:3036} INFO - Sync 1 DAGs
[2024-09-05T12:47:50.570+0000] {logging_mixin.py:188} INFO - [2024-09-05T12:47:50.569+0000] {dag.py:3823} INFO - Setting next_dagrun for tutorial_objectstorage to None, run_after=None
[2024-09-05T12:47:50.591+0000] {processor.py:183} INFO - Processing /home/airflow/.local/lib/python3.8/site-packages/airflow/example_dags/tutorial_objectstorage.py took 0.066 seconds
[2024-09-05T12:48:20.687+0000] {processor.py:161} INFO - Started process (PID=398) to work on /home/airflow/.local/lib/python3.8/site-packages/airflow/example_dags/tutorial_objectstorage.py
[2024-09-05T12:48:20.688+0000] {processor.py:830} INFO - Processing file /home/airflow/.local/lib/python3.8/site-packages/airflow/example_dags/tutorial_objectstorage.py for tasks to queue
[2024-09-05T12:48:20.689+0000] {logging_mixin.py:188} INFO - [2024-09-05T12:48:20.689+0000] {dagbag.py:538} INFO - Filling up the DagBag from /home/airflow/.local/lib/python3.8/site-packages/airflow/example_dags/tutorial_objectstorage.py
[2024-09-05T12:48:20.699+0000] {processor.py:840} INFO - DAG(s) 'tutorial_objectstorage' retrieved from /home/airflow/.local/lib/python3.8/site-packages/airflow/example_dags/tutorial_objectstorage.py
[2024-09-05T12:48:20.725+0000] {logging_mixin.py:188} INFO - [2024-09-05T12:48:20.725+0000] {dag.py:3036} INFO - Sync 1 DAGs
[2024-09-05T12:48:20.740+0000] {logging_mixin.py:188} INFO - [2024-09-05T12:48:20.740+0000] {dag.py:3823} INFO - Setting next_dagrun for tutorial_objectstorage to None, run_after=None
[2024-09-05T12:48:20.766+0000] {processor.py:183} INFO - Processing /home/airflow/.local/lib/python3.8/site-packages/airflow/example_dags/tutorial_objectstorage.py took 0.083 seconds
[2024-09-05T12:48:50.911+0000] {processor.py:161} INFO - Started process (PID=455) to work on /home/airflow/.local/lib/python3.8/site-packages/airflow/example_dags/tutorial_objectstorage.py
[2024-09-05T12:48:50.912+0000] {processor.py:830} INFO - Processing file /home/airflow/.local/lib/python3.8/site-packages/airflow/example_dags/tutorial_objectstorage.py for tasks to queue
[2024-09-05T12:48:50.913+0000] {logging_mixin.py:188} INFO - [2024-09-05T12:48:50.912+0000] {dagbag.py:538} INFO - Filling up the DagBag from /home/airflow/.local/lib/python3.8/site-packages/airflow/example_dags/tutorial_objectstorage.py
[2024-09-05T12:48:50.920+0000] {processor.py:840} INFO - DAG(s) 'tutorial_objectstorage' retrieved from /home/airflow/.local/lib/python3.8/site-packages/airflow/example_dags/tutorial_objectstorage.py
[2024-09-05T12:48:50.941+0000] {logging_mixin.py:188} INFO - [2024-09-05T12:48:50.941+0000] {dag.py:3036} INFO - Sync 1 DAGs
[2024-09-05T12:48:50.954+0000] {logging_mixin.py:188} INFO - [2024-09-05T12:48:50.954+0000] {dag.py:3823} INFO - Setting next_dagrun for tutorial_objectstorage to None, run_after=None
[2024-09-05T12:48:50.977+0000] {processor.py:183} INFO - Processing /home/airflow/.local/lib/python3.8/site-packages/airflow/example_dags/tutorial_objectstorage.py took 0.068 seconds
[2024-09-05T12:49:21.036+0000] {processor.py:161} INFO - Started process (PID=511) to work on /home/airflow/.local/lib/python3.8/site-packages/airflow/example_dags/tutorial_objectstorage.py
[2024-09-05T12:49:21.037+0000] {processor.py:830} INFO - Processing file /home/airflow/.local/lib/python3.8/site-packages/airflow/example_dags/tutorial_objectstorage.py for tasks to queue
[2024-09-05T12:49:21.038+0000] {logging_mixin.py:188} INFO - [2024-09-05T12:49:21.038+0000] {dagbag.py:538} INFO - Filling up the DagBag from /home/airflow/.local/lib/python3.8/site-packages/airflow/example_dags/tutorial_objectstorage.py
[2024-09-05T12:49:21.047+0000] {processor.py:840} INFO - DAG(s) 'tutorial_objectstorage' retrieved from /home/airflow/.local/lib/python3.8/site-packages/airflow/example_dags/tutorial_objectstorage.py
[2024-09-05T12:49:21.068+0000] {logging_mixin.py:188} INFO - [2024-09-05T12:49:21.068+0000] {dag.py:3036} INFO - Sync 1 DAGs
[2024-09-05T12:49:21.081+0000] {logging_mixin.py:188} INFO - [2024-09-05T12:49:21.080+0000] {dag.py:3823} INFO - Setting next_dagrun for tutorial_objectstorage to None, run_after=None
[2024-09-05T12:49:21.101+0000] {processor.py:183} INFO - Processing /home/airflow/.local/lib/python3.8/site-packages/airflow/example_dags/tutorial_objectstorage.py took 0.068 seconds
[2024-09-05T12:49:51.457+0000] {processor.py:161} INFO - Started process (PID=569) to work on /home/airflow/.local/lib/python3.8/site-packages/airflow/example_dags/tutorial_objectstorage.py
[2024-09-05T12:49:51.458+0000] {processor.py:830} INFO - Processing file /home/airflow/.local/lib/python3.8/site-packages/airflow/example_dags/tutorial_objectstorage.py for tasks to queue
[2024-09-05T12:49:51.458+0000] {logging_mixin.py:188} INFO - [2024-09-05T12:49:51.458+0000] {dagbag.py:538} INFO - Filling up the DagBag from /home/airflow/.local/lib/python3.8/site-packages/airflow/example_dags/tutorial_objectstorage.py
[2024-09-05T12:49:51.468+0000] {processor.py:840} INFO - DAG(s) 'tutorial_objectstorage' retrieved from /home/airflow/.local/lib/python3.8/site-packages/airflow/example_dags/tutorial_objectstorage.py
[2024-09-05T12:49:51.492+0000] {logging_mixin.py:188} INFO - [2024-09-05T12:49:51.492+0000] {dag.py:3036} INFO - Sync 1 DAGs
[2024-09-05T12:49:51.509+0000] {logging_mixin.py:188} INFO - [2024-09-05T12:49:51.509+0000] {dag.py:3823} INFO - Setting next_dagrun for tutorial_objectstorage to None, run_after=None
[2024-09-05T12:49:51.534+0000] {processor.py:183} INFO - Processing /home/airflow/.local/lib/python3.8/site-packages/airflow/example_dags/tutorial_objectstorage.py took 0.082 seconds
[2024-09-05T12:50:21.802+0000] {processor.py:161} INFO - Started process (PID=626) to work on /home/airflow/.local/lib/python3.8/site-packages/airflow/example_dags/tutorial_objectstorage.py
[2024-09-05T12:50:21.802+0000] {processor.py:830} INFO - Processing file /home/airflow/.local/lib/python3.8/site-packages/airflow/example_dags/tutorial_objectstorage.py for tasks to queue
[2024-09-05T12:50:21.803+0000] {logging_mixin.py:188} INFO - [2024-09-05T12:50:21.803+0000] {dagbag.py:538} INFO - Filling up the DagBag from /home/airflow/.local/lib/python3.8/site-packages/airflow/example_dags/tutorial_objectstorage.py
[2024-09-05T12:50:21.810+0000] {processor.py:840} INFO - DAG(s) 'tutorial_objectstorage' retrieved from /home/airflow/.local/lib/python3.8/site-packages/airflow/example_dags/tutorial_objectstorage.py
[2024-09-05T12:50:21.834+0000] {logging_mixin.py:188} INFO - [2024-09-05T12:50:21.834+0000] {dag.py:3036} INFO - Sync 1 DAGs
[2024-09-05T12:50:21.848+0000] {logging_mixin.py:188} INFO - [2024-09-05T12:50:21.848+0000] {dag.py:3823} INFO - Setting next_dagrun for tutorial_objectstorage to None, run_after=None
[2024-09-05T12:50:21.872+0000] {processor.py:183} INFO - Processing /home/airflow/.local/lib/python3.8/site-packages/airflow/example_dags/tutorial_objectstorage.py took 0.075 seconds
[2024-09-05T12:50:52.021+0000] {processor.py:161} INFO - Started process (PID=684) to work on /home/airflow/.local/lib/python3.8/site-packages/airflow/example_dags/tutorial_objectstorage.py
[2024-09-05T12:50:52.022+0000] {processor.py:830} INFO - Processing file /home/airflow/.local/lib/python3.8/site-packages/airflow/example_dags/tutorial_objectstorage.py for tasks to queue
[2024-09-05T12:50:52.023+0000] {logging_mixin.py:188} INFO - [2024-09-05T12:50:52.023+0000] {dagbag.py:538} INFO - Filling up the DagBag from /home/airflow/.local/lib/python3.8/site-packages/airflow/example_dags/tutorial_objectstorage.py
[2024-09-05T12:50:52.031+0000] {processor.py:840} INFO - DAG(s) 'tutorial_objectstorage' retrieved from /home/airflow/.local/lib/python3.8/site-packages/airflow/example_dags/tutorial_objectstorage.py
[2024-09-05T12:50:52.053+0000] {logging_mixin.py:188} INFO - [2024-09-05T12:50:52.053+0000] {dag.py:3036} INFO - Sync 1 DAGs
[2024-09-05T12:50:52.068+0000] {logging_mixin.py:188} INFO - [2024-09-05T12:50:52.067+0000] {dag.py:3823} INFO - Setting next_dagrun for tutorial_objectstorage to None, run_after=None
[2024-09-05T12:50:52.088+0000] {processor.py:183} INFO - Processing /home/airflow/.local/lib/python3.8/site-packages/airflow/example_dags/tutorial_objectstorage.py took 0.071 seconds
[2024-09-05T12:51:22.499+0000] {processor.py:161} INFO - Started process (PID=741) to work on /home/airflow/.local/lib/python3.8/site-packages/airflow/example_dags/tutorial_objectstorage.py
[2024-09-05T12:51:22.500+0000] {processor.py:830} INFO - Processing file /home/airflow/.local/lib/python3.8/site-packages/airflow/example_dags/tutorial_objectstorage.py for tasks to queue
[2024-09-05T12:51:22.501+0000] {logging_mixin.py:188} INFO - [2024-09-05T12:51:22.500+0000] {dagbag.py:538} INFO - Filling up the DagBag from /home/airflow/.local/lib/python3.8/site-packages/airflow/example_dags/tutorial_objectstorage.py
[2024-09-05T12:51:22.508+0000] {processor.py:840} INFO - DAG(s) 'tutorial_objectstorage' retrieved from /home/airflow/.local/lib/python3.8/site-packages/airflow/example_dags/tutorial_objectstorage.py
[2024-09-05T12:51:22.527+0000] {logging_mixin.py:188} INFO - [2024-09-05T12:51:22.527+0000] {dag.py:3036} INFO - Sync 1 DAGs
[2024-09-05T12:51:22.541+0000] {logging_mixin.py:188} INFO - [2024-09-05T12:51:22.540+0000] {dag.py:3823} INFO - Setting next_dagrun for tutorial_objectstorage to None, run_after=None
[2024-09-05T12:51:22.566+0000] {processor.py:183} INFO - Processing /home/airflow/.local/lib/python3.8/site-packages/airflow/example_dags/tutorial_objectstorage.py took 0.070 seconds
[2024-09-05T12:51:52.837+0000] {processor.py:161} INFO - Started process (PID=798) to work on /home/airflow/.local/lib/python3.8/site-packages/airflow/example_dags/tutorial_objectstorage.py
[2024-09-05T12:51:52.837+0000] {processor.py:830} INFO - Processing file /home/airflow/.local/lib/python3.8/site-packages/airflow/example_dags/tutorial_objectstorage.py for tasks to queue
[2024-09-05T12:51:52.839+0000] {logging_mixin.py:188} INFO - [2024-09-05T12:51:52.838+0000] {dagbag.py:538} INFO - Filling up the DagBag from /home/airflow/.local/lib/python3.8/site-packages/airflow/example_dags/tutorial_objectstorage.py
[2024-09-05T12:51:52.846+0000] {processor.py:840} INFO - DAG(s) 'tutorial_objectstorage' retrieved from /home/airflow/.local/lib/python3.8/site-packages/airflow/example_dags/tutorial_objectstorage.py
[2024-09-05T12:51:52.866+0000] {logging_mixin.py:188} INFO - [2024-09-05T12:51:52.866+0000] {dag.py:3036} INFO - Sync 1 DAGs
[2024-09-05T12:51:52.880+0000] {logging_mixin.py:188} INFO - [2024-09-05T12:51:52.880+0000] {dag.py:3823} INFO - Setting next_dagrun for tutorial_objectstorage to None, run_after=None
[2024-09-05T12:51:52.903+0000] {processor.py:183} INFO - Processing /home/airflow/.local/lib/python3.8/site-packages/airflow/example_dags/tutorial_objectstorage.py took 0.071 seconds
[2024-09-05T12:52:23.342+0000] {processor.py:161} INFO - Started process (PID=855) to work on /home/airflow/.local/lib/python3.8/site-packages/airflow/example_dags/tutorial_objectstorage.py
[2024-09-05T12:52:23.343+0000] {processor.py:830} INFO - Processing file /home/airflow/.local/lib/python3.8/site-packages/airflow/example_dags/tutorial_objectstorage.py for tasks to queue
[2024-09-05T12:52:23.343+0000] {logging_mixin.py:188} INFO - [2024-09-05T12:52:23.343+0000] {dagbag.py:538} INFO - Filling up the DagBag from /home/airflow/.local/lib/python3.8/site-packages/airflow/example_dags/tutorial_objectstorage.py
[2024-09-05T12:52:23.350+0000] {processor.py:840} INFO - DAG(s) 'tutorial_objectstorage' retrieved from /home/airflow/.local/lib/python3.8/site-packages/airflow/example_dags/tutorial_objectstorage.py
[2024-09-05T12:52:23.377+0000] {logging_mixin.py:188} INFO - [2024-09-05T12:52:23.377+0000] {dag.py:3036} INFO - Sync 1 DAGs
[2024-09-05T12:52:23.392+0000] {logging_mixin.py:188} INFO - [2024-09-05T12:52:23.392+0000] {dag.py:3823} INFO - Setting next_dagrun for tutorial_objectstorage to None, run_after=None
[2024-09-05T12:52:23.413+0000] {processor.py:183} INFO - Processing /home/airflow/.local/lib/python3.8/site-packages/airflow/example_dags/tutorial_objectstorage.py took 0.074 seconds
[2024-09-05T12:52:54.322+0000] {processor.py:161} INFO - Started process (PID=911) to work on /home/airflow/.local/lib/python3.8/site-packages/airflow/example_dags/tutorial_objectstorage.py
[2024-09-05T12:52:54.323+0000] {processor.py:830} INFO - Processing file /home/airflow/.local/lib/python3.8/site-packages/airflow/example_dags/tutorial_objectstorage.py for tasks to queue
[2024-09-05T12:52:54.324+0000] {logging_mixin.py:188} INFO - [2024-09-05T12:52:54.324+0000] {dagbag.py:538} INFO - Filling up the DagBag from /home/airflow/.local/lib/python3.8/site-packages/airflow/example_dags/tutorial_objectstorage.py
[2024-09-05T12:52:54.332+0000] {processor.py:840} INFO - DAG(s) 'tutorial_objectstorage' retrieved from /home/airflow/.local/lib/python3.8/site-packages/airflow/example_dags/tutorial_objectstorage.py
[2024-09-05T12:52:54.352+0000] {logging_mixin.py:188} INFO - [2024-09-05T12:52:54.352+0000] {dag.py:3036} INFO - Sync 1 DAGs
[2024-09-05T12:52:54.368+0000] {logging_mixin.py:188} INFO - [2024-09-05T12:52:54.368+0000] {dag.py:3823} INFO - Setting next_dagrun for tutorial_objectstorage to None, run_after=None
[2024-09-05T12:52:54.391+0000] {processor.py:183} INFO - Processing /home/airflow/.local/lib/python3.8/site-packages/airflow/example_dags/tutorial_objectstorage.py took 0.073 seconds
[2024-09-05T12:53:24.715+0000] {processor.py:161} INFO - Started process (PID=968) to work on /home/airflow/.local/lib/python3.8/site-packages/airflow/example_dags/tutorial_objectstorage.py
[2024-09-05T12:53:24.717+0000] {processor.py:830} INFO - Processing file /home/airflow/.local/lib/python3.8/site-packages/airflow/example_dags/tutorial_objectstorage.py for tasks to queue
[2024-09-05T12:53:24.720+0000] {logging_mixin.py:188} INFO - [2024-09-05T12:53:24.719+0000] {dagbag.py:538} INFO - Filling up the DagBag from /home/airflow/.local/lib/python3.8/site-packages/airflow/example_dags/tutorial_objectstorage.py
[2024-09-05T12:53:24.729+0000] {processor.py:840} INFO - DAG(s) 'tutorial_objectstorage' retrieved from /home/airflow/.local/lib/python3.8/site-packages/airflow/example_dags/tutorial_objectstorage.py
[2024-09-05T12:53:24.766+0000] {logging_mixin.py:188} INFO - [2024-09-05T12:53:24.765+0000] {dag.py:3036} INFO - Sync 1 DAGs
[2024-09-05T12:53:24.795+0000] {logging_mixin.py:188} INFO - [2024-09-05T12:53:24.794+0000] {dag.py:3823} INFO - Setting next_dagrun for tutorial_objectstorage to None, run_after=None
[2024-09-05T12:53:24.829+0000] {processor.py:183} INFO - Processing /home/airflow/.local/lib/python3.8/site-packages/airflow/example_dags/tutorial_objectstorage.py took 0.118 seconds
[2024-09-05T12:53:54.885+0000] {processor.py:161} INFO - Started process (PID=1025) to work on /home/airflow/.local/lib/python3.8/site-packages/airflow/example_dags/tutorial_objectstorage.py
[2024-09-05T12:53:54.886+0000] {processor.py:830} INFO - Processing file /home/airflow/.local/lib/python3.8/site-packages/airflow/example_dags/tutorial_objectstorage.py for tasks to queue
[2024-09-05T12:53:54.887+0000] {logging_mixin.py:188} INFO - [2024-09-05T12:53:54.887+0000] {dagbag.py:538} INFO - Filling up the DagBag from /home/airflow/.local/lib/python3.8/site-packages/airflow/example_dags/tutorial_objectstorage.py
[2024-09-05T12:53:54.896+0000] {processor.py:840} INFO - DAG(s) 'tutorial_objectstorage' retrieved from /home/airflow/.local/lib/python3.8/site-packages/airflow/example_dags/tutorial_objectstorage.py
[2024-09-05T12:53:54.916+0000] {logging_mixin.py:188} INFO - [2024-09-05T12:53:54.916+0000] {dag.py:3036} INFO - Sync 1 DAGs
[2024-09-05T12:53:54.931+0000] {logging_mixin.py:188} INFO - [2024-09-05T12:53:54.930+0000] {dag.py:3823} INFO - Setting next_dagrun for tutorial_objectstorage to None, run_after=None
[2024-09-05T12:53:54.955+0000] {processor.py:183} INFO - Processing /home/airflow/.local/lib/python3.8/site-packages/airflow/example_dags/tutorial_objectstorage.py took 0.074 seconds
[2024-09-05T12:54:25.121+0000] {processor.py:161} INFO - Started process (PID=1082) to work on /home/airflow/.local/lib/python3.8/site-packages/airflow/example_dags/tutorial_objectstorage.py
[2024-09-05T12:54:25.122+0000] {processor.py:830} INFO - Processing file /home/airflow/.local/lib/python3.8/site-packages/airflow/example_dags/tutorial_objectstorage.py for tasks to queue
[2024-09-05T12:54:25.123+0000] {logging_mixin.py:188} INFO - [2024-09-05T12:54:25.123+0000] {dagbag.py:538} INFO - Filling up the DagBag from /home/airflow/.local/lib/python3.8/site-packages/airflow/example_dags/tutorial_objectstorage.py
[2024-09-05T12:54:25.131+0000] {processor.py:840} INFO - DAG(s) 'tutorial_objectstorage' retrieved from /home/airflow/.local/lib/python3.8/site-packages/airflow/example_dags/tutorial_objectstorage.py
[2024-09-05T12:54:25.155+0000] {logging_mixin.py:188} INFO - [2024-09-05T12:54:25.154+0000] {dag.py:3036} INFO - Sync 1 DAGs
[2024-09-05T12:54:25.170+0000] {logging_mixin.py:188} INFO - [2024-09-05T12:54:25.170+0000] {dag.py:3823} INFO - Setting next_dagrun for tutorial_objectstorage to None, run_after=None
[2024-09-05T12:54:25.193+0000] {processor.py:183} INFO - Processing /home/airflow/.local/lib/python3.8/site-packages/airflow/example_dags/tutorial_objectstorage.py took 0.075 seconds
[2024-09-05T12:54:55.529+0000] {processor.py:161} INFO - Started process (PID=1139) to work on /home/airflow/.local/lib/python3.8/site-packages/airflow/example_dags/tutorial_objectstorage.py
[2024-09-05T12:54:55.530+0000] {processor.py:830} INFO - Processing file /home/airflow/.local/lib/python3.8/site-packages/airflow/example_dags/tutorial_objectstorage.py for tasks to queue
[2024-09-05T12:54:55.531+0000] {logging_mixin.py:188} INFO - [2024-09-05T12:54:55.531+0000] {dagbag.py:538} INFO - Filling up the DagBag from /home/airflow/.local/lib/python3.8/site-packages/airflow/example_dags/tutorial_objectstorage.py
[2024-09-05T12:54:55.539+0000] {processor.py:840} INFO - DAG(s) 'tutorial_objectstorage' retrieved from /home/airflow/.local/lib/python3.8/site-packages/airflow/example_dags/tutorial_objectstorage.py
[2024-09-05T12:54:55.560+0000] {logging_mixin.py:188} INFO - [2024-09-05T12:54:55.560+0000] {dag.py:3036} INFO - Sync 1 DAGs
[2024-09-05T12:54:55.576+0000] {logging_mixin.py:188} INFO - [2024-09-05T12:54:55.575+0000] {dag.py:3823} INFO - Setting next_dagrun for tutorial_objectstorage to None, run_after=None
[2024-09-05T12:54:55.602+0000] {processor.py:183} INFO - Processing /home/airflow/.local/lib/python3.8/site-packages/airflow/example_dags/tutorial_objectstorage.py took 0.076 seconds
[2024-09-05T12:55:25.731+0000] {processor.py:161} INFO - Started process (PID=1196) to work on /home/airflow/.local/lib/python3.8/site-packages/airflow/example_dags/tutorial_objectstorage.py
[2024-09-05T12:55:25.731+0000] {processor.py:830} INFO - Processing file /home/airflow/.local/lib/python3.8/site-packages/airflow/example_dags/tutorial_objectstorage.py for tasks to queue
[2024-09-05T12:55:25.732+0000] {logging_mixin.py:188} INFO - [2024-09-05T12:55:25.732+0000] {dagbag.py:538} INFO - Filling up the DagBag from /home/airflow/.local/lib/python3.8/site-packages/airflow/example_dags/tutorial_objectstorage.py
[2024-09-05T12:55:25.741+0000] {processor.py:840} INFO - DAG(s) 'tutorial_objectstorage' retrieved from /home/airflow/.local/lib/python3.8/site-packages/airflow/example_dags/tutorial_objectstorage.py
[2024-09-05T12:55:25.760+0000] {logging_mixin.py:188} INFO - [2024-09-05T12:55:25.760+0000] {dag.py:3036} INFO - Sync 1 DAGs
[2024-09-05T12:55:25.774+0000] {logging_mixin.py:188} INFO - [2024-09-05T12:55:25.774+0000] {dag.py:3823} INFO - Setting next_dagrun for tutorial_objectstorage to None, run_after=None
[2024-09-05T12:55:25.797+0000] {processor.py:183} INFO - Processing /home/airflow/.local/lib/python3.8/site-packages/airflow/example_dags/tutorial_objectstorage.py took 0.070 seconds
[2024-09-05T12:55:55.928+0000] {processor.py:161} INFO - Started process (PID=1253) to work on /home/airflow/.local/lib/python3.8/site-packages/airflow/example_dags/tutorial_objectstorage.py
[2024-09-05T12:55:55.929+0000] {processor.py:830} INFO - Processing file /home/airflow/.local/lib/python3.8/site-packages/airflow/example_dags/tutorial_objectstorage.py for tasks to queue
[2024-09-05T12:55:55.930+0000] {logging_mixin.py:188} INFO - [2024-09-05T12:55:55.929+0000] {dagbag.py:538} INFO - Filling up the DagBag from /home/airflow/.local/lib/python3.8/site-packages/airflow/example_dags/tutorial_objectstorage.py
[2024-09-05T12:55:55.937+0000] {processor.py:840} INFO - DAG(s) 'tutorial_objectstorage' retrieved from /home/airflow/.local/lib/python3.8/site-packages/airflow/example_dags/tutorial_objectstorage.py
[2024-09-05T12:55:55.959+0000] {logging_mixin.py:188} INFO - [2024-09-05T12:55:55.958+0000] {dag.py:3036} INFO - Sync 1 DAGs
[2024-09-05T12:55:56.001+0000] {logging_mixin.py:188} INFO - [2024-09-05T12:55:56.000+0000] {dag.py:3823} INFO - Setting next_dagrun for tutorial_objectstorage to None, run_after=None
[2024-09-05T12:55:56.029+0000] {processor.py:183} INFO - Processing /home/airflow/.local/lib/python3.8/site-packages/airflow/example_dags/tutorial_objectstorage.py took 0.105 seconds
[2024-09-05T12:56:26.113+0000] {processor.py:161} INFO - Started process (PID=1310) to work on /home/airflow/.local/lib/python3.8/site-packages/airflow/example_dags/tutorial_objectstorage.py
[2024-09-05T12:56:26.114+0000] {processor.py:830} INFO - Processing file /home/airflow/.local/lib/python3.8/site-packages/airflow/example_dags/tutorial_objectstorage.py for tasks to queue
[2024-09-05T12:56:26.115+0000] {logging_mixin.py:188} INFO - [2024-09-05T12:56:26.114+0000] {dagbag.py:538} INFO - Filling up the DagBag from /home/airflow/.local/lib/python3.8/site-packages/airflow/example_dags/tutorial_objectstorage.py
[2024-09-05T12:56:26.123+0000] {processor.py:840} INFO - DAG(s) 'tutorial_objectstorage' retrieved from /home/airflow/.local/lib/python3.8/site-packages/airflow/example_dags/tutorial_objectstorage.py
[2024-09-05T12:56:26.145+0000] {logging_mixin.py:188} INFO - [2024-09-05T12:56:26.145+0000] {dag.py:3036} INFO - Sync 1 DAGs
[2024-09-05T12:56:26.163+0000] {logging_mixin.py:188} INFO - [2024-09-05T12:56:26.163+0000] {dag.py:3823} INFO - Setting next_dagrun for tutorial_objectstorage to None, run_after=None
[2024-09-05T12:56:26.195+0000] {processor.py:183} INFO - Processing /home/airflow/.local/lib/python3.8/site-packages/airflow/example_dags/tutorial_objectstorage.py took 0.086 seconds
[2024-09-05T12:56:56.323+0000] {processor.py:161} INFO - Started process (PID=1367) to work on /home/airflow/.local/lib/python3.8/site-packages/airflow/example_dags/tutorial_objectstorage.py
[2024-09-05T12:56:56.324+0000] {processor.py:830} INFO - Processing file /home/airflow/.local/lib/python3.8/site-packages/airflow/example_dags/tutorial_objectstorage.py for tasks to queue
[2024-09-05T12:56:56.325+0000] {logging_mixin.py:188} INFO - [2024-09-05T12:56:56.324+0000] {dagbag.py:538} INFO - Filling up the DagBag from /home/airflow/.local/lib/python3.8/site-packages/airflow/example_dags/tutorial_objectstorage.py
[2024-09-05T12:56:56.331+0000] {processor.py:840} INFO - DAG(s) 'tutorial_objectstorage' retrieved from /home/airflow/.local/lib/python3.8/site-packages/airflow/example_dags/tutorial_objectstorage.py
[2024-09-05T12:56:56.352+0000] {logging_mixin.py:188} INFO - [2024-09-05T12:56:56.352+0000] {dag.py:3036} INFO - Sync 1 DAGs
[2024-09-05T12:56:56.366+0000] {logging_mixin.py:188} INFO - [2024-09-05T12:56:56.366+0000] {dag.py:3823} INFO - Setting next_dagrun for tutorial_objectstorage to None, run_after=None
[2024-09-05T12:56:56.392+0000] {processor.py:183} INFO - Processing /home/airflow/.local/lib/python3.8/site-packages/airflow/example_dags/tutorial_objectstorage.py took 0.074 seconds
[2024-09-05T12:57:26.445+0000] {processor.py:161} INFO - Started process (PID=1424) to work on /home/airflow/.local/lib/python3.8/site-packages/airflow/example_dags/tutorial_objectstorage.py
[2024-09-05T12:57:26.446+0000] {processor.py:830} INFO - Processing file /home/airflow/.local/lib/python3.8/site-packages/airflow/example_dags/tutorial_objectstorage.py for tasks to queue
[2024-09-05T12:57:26.447+0000] {logging_mixin.py:188} INFO - [2024-09-05T12:57:26.447+0000] {dagbag.py:538} INFO - Filling up the DagBag from /home/airflow/.local/lib/python3.8/site-packages/airflow/example_dags/tutorial_objectstorage.py
[2024-09-05T12:57:26.454+0000] {processor.py:840} INFO - DAG(s) 'tutorial_objectstorage' retrieved from /home/airflow/.local/lib/python3.8/site-packages/airflow/example_dags/tutorial_objectstorage.py
[2024-09-05T12:57:26.478+0000] {logging_mixin.py:188} INFO - [2024-09-05T12:57:26.478+0000] {dag.py:3036} INFO - Sync 1 DAGs
[2024-09-05T12:57:26.491+0000] {logging_mixin.py:188} INFO - [2024-09-05T12:57:26.491+0000] {dag.py:3823} INFO - Setting next_dagrun for tutorial_objectstorage to None, run_after=None
[2024-09-05T12:57:26.517+0000] {processor.py:183} INFO - Processing /home/airflow/.local/lib/python3.8/site-packages/airflow/example_dags/tutorial_objectstorage.py took 0.076 seconds
[2024-09-05T12:57:57.138+0000] {processor.py:161} INFO - Started process (PID=1481) to work on /home/airflow/.local/lib/python3.8/site-packages/airflow/example_dags/tutorial_objectstorage.py
[2024-09-05T12:57:57.139+0000] {processor.py:830} INFO - Processing file /home/airflow/.local/lib/python3.8/site-packages/airflow/example_dags/tutorial_objectstorage.py for tasks to queue
[2024-09-05T12:57:57.140+0000] {logging_mixin.py:188} INFO - [2024-09-05T12:57:57.140+0000] {dagbag.py:538} INFO - Filling up the DagBag from /home/airflow/.local/lib/python3.8/site-packages/airflow/example_dags/tutorial_objectstorage.py
[2024-09-05T12:57:57.153+0000] {processor.py:840} INFO - DAG(s) 'tutorial_objectstorage' retrieved from /home/airflow/.local/lib/python3.8/site-packages/airflow/example_dags/tutorial_objectstorage.py
[2024-09-05T12:57:57.185+0000] {logging_mixin.py:188} INFO - [2024-09-05T12:57:57.185+0000] {dag.py:3036} INFO - Sync 1 DAGs
[2024-09-05T12:57:57.208+0000] {logging_mixin.py:188} INFO - [2024-09-05T12:57:57.207+0000] {dag.py:3823} INFO - Setting next_dagrun for tutorial_objectstorage to None, run_after=None
[2024-09-05T12:57:57.260+0000] {processor.py:183} INFO - Processing /home/airflow/.local/lib/python3.8/site-packages/airflow/example_dags/tutorial_objectstorage.py took 0.128 seconds
[2024-09-05T12:58:27.544+0000] {processor.py:161} INFO - Started process (PID=1544) to work on /home/airflow/.local/lib/python3.8/site-packages/airflow/example_dags/tutorial_objectstorage.py
[2024-09-05T12:58:27.544+0000] {processor.py:830} INFO - Processing file /home/airflow/.local/lib/python3.8/site-packages/airflow/example_dags/tutorial_objectstorage.py for tasks to queue
[2024-09-05T12:58:27.546+0000] {logging_mixin.py:188} INFO - [2024-09-05T12:58:27.546+0000] {dagbag.py:538} INFO - Filling up the DagBag from /home/airflow/.local/lib/python3.8/site-packages/airflow/example_dags/tutorial_objectstorage.py
[2024-09-05T12:58:27.557+0000] {processor.py:840} INFO - DAG(s) 'tutorial_objectstorage' retrieved from /home/airflow/.local/lib/python3.8/site-packages/airflow/example_dags/tutorial_objectstorage.py
[2024-09-05T12:58:27.581+0000] {logging_mixin.py:188} INFO - [2024-09-05T12:58:27.581+0000] {dag.py:3036} INFO - Sync 1 DAGs
[2024-09-05T12:58:27.598+0000] {logging_mixin.py:188} INFO - [2024-09-05T12:58:27.597+0000] {dag.py:3823} INFO - Setting next_dagrun for tutorial_objectstorage to None, run_after=None
[2024-09-05T12:58:27.623+0000] {processor.py:183} INFO - Processing /home/airflow/.local/lib/python3.8/site-packages/airflow/example_dags/tutorial_objectstorage.py took 0.083 seconds
[2024-09-05T12:58:57.993+0000] {processor.py:161} INFO - Started process (PID=1601) to work on /home/airflow/.local/lib/python3.8/site-packages/airflow/example_dags/tutorial_objectstorage.py
[2024-09-05T12:58:57.994+0000] {processor.py:830} INFO - Processing file /home/airflow/.local/lib/python3.8/site-packages/airflow/example_dags/tutorial_objectstorage.py for tasks to queue
[2024-09-05T12:58:57.995+0000] {logging_mixin.py:188} INFO - [2024-09-05T12:58:57.994+0000] {dagbag.py:538} INFO - Filling up the DagBag from /home/airflow/.local/lib/python3.8/site-packages/airflow/example_dags/tutorial_objectstorage.py
[2024-09-05T12:58:58.002+0000] {processor.py:840} INFO - DAG(s) 'tutorial_objectstorage' retrieved from /home/airflow/.local/lib/python3.8/site-packages/airflow/example_dags/tutorial_objectstorage.py
[2024-09-05T12:58:58.026+0000] {logging_mixin.py:188} INFO - [2024-09-05T12:58:58.026+0000] {dag.py:3036} INFO - Sync 1 DAGs
[2024-09-05T12:58:58.045+0000] {logging_mixin.py:188} INFO - [2024-09-05T12:58:58.045+0000] {dag.py:3823} INFO - Setting next_dagrun for tutorial_objectstorage to None, run_after=None
[2024-09-05T12:58:58.070+0000] {processor.py:183} INFO - Processing /home/airflow/.local/lib/python3.8/site-packages/airflow/example_dags/tutorial_objectstorage.py took 0.081 seconds
[2024-09-05T12:59:28.392+0000] {processor.py:161} INFO - Started process (PID=1658) to work on /home/airflow/.local/lib/python3.8/site-packages/airflow/example_dags/tutorial_objectstorage.py
[2024-09-05T12:59:28.393+0000] {processor.py:830} INFO - Processing file /home/airflow/.local/lib/python3.8/site-packages/airflow/example_dags/tutorial_objectstorage.py for tasks to queue
[2024-09-05T12:59:28.394+0000] {logging_mixin.py:188} INFO - [2024-09-05T12:59:28.393+0000] {dagbag.py:538} INFO - Filling up the DagBag from /home/airflow/.local/lib/python3.8/site-packages/airflow/example_dags/tutorial_objectstorage.py
[2024-09-05T12:59:28.402+0000] {processor.py:840} INFO - DAG(s) 'tutorial_objectstorage' retrieved from /home/airflow/.local/lib/python3.8/site-packages/airflow/example_dags/tutorial_objectstorage.py
[2024-09-05T12:59:28.424+0000] {logging_mixin.py:188} INFO - [2024-09-05T12:59:28.424+0000] {dag.py:3036} INFO - Sync 1 DAGs
[2024-09-05T12:59:28.443+0000] {logging_mixin.py:188} INFO - [2024-09-05T12:59:28.442+0000] {dag.py:3823} INFO - Setting next_dagrun for tutorial_objectstorage to None, run_after=None
[2024-09-05T12:59:28.471+0000] {processor.py:183} INFO - Processing /home/airflow/.local/lib/python3.8/site-packages/airflow/example_dags/tutorial_objectstorage.py took 0.084 seconds
[2024-09-05T12:59:58.674+0000] {processor.py:161} INFO - Started process (PID=1715) to work on /home/airflow/.local/lib/python3.8/site-packages/airflow/example_dags/tutorial_objectstorage.py
[2024-09-05T12:59:58.675+0000] {processor.py:830} INFO - Processing file /home/airflow/.local/lib/python3.8/site-packages/airflow/example_dags/tutorial_objectstorage.py for tasks to queue
[2024-09-05T12:59:58.676+0000] {logging_mixin.py:188} INFO - [2024-09-05T12:59:58.675+0000] {dagbag.py:538} INFO - Filling up the DagBag from /home/airflow/.local/lib/python3.8/site-packages/airflow/example_dags/tutorial_objectstorage.py
[2024-09-05T12:59:58.683+0000] {processor.py:840} INFO - DAG(s) 'tutorial_objectstorage' retrieved from /home/airflow/.local/lib/python3.8/site-packages/airflow/example_dags/tutorial_objectstorage.py
[2024-09-05T12:59:58.702+0000] {logging_mixin.py:188} INFO - [2024-09-05T12:59:58.701+0000] {dag.py:3036} INFO - Sync 1 DAGs
[2024-09-05T12:59:58.714+0000] {logging_mixin.py:188} INFO - [2024-09-05T12:59:58.714+0000] {dag.py:3823} INFO - Setting next_dagrun for tutorial_objectstorage to None, run_after=None
[2024-09-05T12:59:58.740+0000] {processor.py:183} INFO - Processing /home/airflow/.local/lib/python3.8/site-packages/airflow/example_dags/tutorial_objectstorage.py took 0.069 seconds
[2024-09-05T13:00:28.991+0000] {processor.py:161} INFO - Started process (PID=1772) to work on /home/airflow/.local/lib/python3.8/site-packages/airflow/example_dags/tutorial_objectstorage.py
[2024-09-05T13:00:28.992+0000] {processor.py:830} INFO - Processing file /home/airflow/.local/lib/python3.8/site-packages/airflow/example_dags/tutorial_objectstorage.py for tasks to queue
[2024-09-05T13:00:28.993+0000] {logging_mixin.py:188} INFO - [2024-09-05T13:00:28.993+0000] {dagbag.py:538} INFO - Filling up the DagBag from /home/airflow/.local/lib/python3.8/site-packages/airflow/example_dags/tutorial_objectstorage.py
[2024-09-05T13:00:29.000+0000] {processor.py:840} INFO - DAG(s) 'tutorial_objectstorage' retrieved from /home/airflow/.local/lib/python3.8/site-packages/airflow/example_dags/tutorial_objectstorage.py
[2024-09-05T13:00:29.018+0000] {logging_mixin.py:188} INFO - [2024-09-05T13:00:29.018+0000] {dag.py:3036} INFO - Sync 1 DAGs
[2024-09-05T13:00:29.031+0000] {logging_mixin.py:188} INFO - [2024-09-05T13:00:29.031+0000] {dag.py:3823} INFO - Setting next_dagrun for tutorial_objectstorage to None, run_after=None
[2024-09-05T13:00:29.052+0000] {processor.py:183} INFO - Processing /home/airflow/.local/lib/python3.8/site-packages/airflow/example_dags/tutorial_objectstorage.py took 0.066 seconds
[2024-09-05T13:00:59.092+0000] {processor.py:161} INFO - Started process (PID=1829) to work on /home/airflow/.local/lib/python3.8/site-packages/airflow/example_dags/tutorial_objectstorage.py
[2024-09-05T13:00:59.093+0000] {processor.py:830} INFO - Processing file /home/airflow/.local/lib/python3.8/site-packages/airflow/example_dags/tutorial_objectstorage.py for tasks to queue
[2024-09-05T13:00:59.094+0000] {logging_mixin.py:188} INFO - [2024-09-05T13:00:59.093+0000] {dagbag.py:538} INFO - Filling up the DagBag from /home/airflow/.local/lib/python3.8/site-packages/airflow/example_dags/tutorial_objectstorage.py
[2024-09-05T13:00:59.102+0000] {processor.py:840} INFO - DAG(s) 'tutorial_objectstorage' retrieved from /home/airflow/.local/lib/python3.8/site-packages/airflow/example_dags/tutorial_objectstorage.py
[2024-09-05T13:00:59.121+0000] {logging_mixin.py:188} INFO - [2024-09-05T13:00:59.121+0000] {dag.py:3036} INFO - Sync 1 DAGs
[2024-09-05T13:00:59.133+0000] {logging_mixin.py:188} INFO - [2024-09-05T13:00:59.133+0000] {dag.py:3823} INFO - Setting next_dagrun for tutorial_objectstorage to None, run_after=None
[2024-09-05T13:00:59.154+0000] {processor.py:183} INFO - Processing /home/airflow/.local/lib/python3.8/site-packages/airflow/example_dags/tutorial_objectstorage.py took 0.066 seconds
[2024-09-05T13:01:29.981+0000] {processor.py:161} INFO - Started process (PID=1883) to work on /home/airflow/.local/lib/python3.8/site-packages/airflow/example_dags/tutorial_objectstorage.py
[2024-09-05T13:01:29.982+0000] {processor.py:830} INFO - Processing file /home/airflow/.local/lib/python3.8/site-packages/airflow/example_dags/tutorial_objectstorage.py for tasks to queue
[2024-09-05T13:01:29.983+0000] {logging_mixin.py:188} INFO - [2024-09-05T13:01:29.983+0000] {dagbag.py:538} INFO - Filling up the DagBag from /home/airflow/.local/lib/python3.8/site-packages/airflow/example_dags/tutorial_objectstorage.py
[2024-09-05T13:01:29.991+0000] {processor.py:840} INFO - DAG(s) 'tutorial_objectstorage' retrieved from /home/airflow/.local/lib/python3.8/site-packages/airflow/example_dags/tutorial_objectstorage.py
[2024-09-05T13:01:30.015+0000] {logging_mixin.py:188} INFO - [2024-09-05T13:01:30.014+0000] {dag.py:3036} INFO - Sync 1 DAGs
[2024-09-05T13:01:30.037+0000] {logging_mixin.py:188} INFO - [2024-09-05T13:01:30.037+0000] {dag.py:3823} INFO - Setting next_dagrun for tutorial_objectstorage to None, run_after=None
[2024-09-05T13:01:30.059+0000] {processor.py:183} INFO - Processing /home/airflow/.local/lib/python3.8/site-packages/airflow/example_dags/tutorial_objectstorage.py took 0.081 seconds
[2024-09-05T13:02:00.303+0000] {processor.py:161} INFO - Started process (PID=1940) to work on /home/airflow/.local/lib/python3.8/site-packages/airflow/example_dags/tutorial_objectstorage.py
[2024-09-05T13:02:00.304+0000] {processor.py:830} INFO - Processing file /home/airflow/.local/lib/python3.8/site-packages/airflow/example_dags/tutorial_objectstorage.py for tasks to queue
[2024-09-05T13:02:00.305+0000] {logging_mixin.py:188} INFO - [2024-09-05T13:02:00.305+0000] {dagbag.py:538} INFO - Filling up the DagBag from /home/airflow/.local/lib/python3.8/site-packages/airflow/example_dags/tutorial_objectstorage.py
[2024-09-05T13:02:00.313+0000] {processor.py:840} INFO - DAG(s) 'tutorial_objectstorage' retrieved from /home/airflow/.local/lib/python3.8/site-packages/airflow/example_dags/tutorial_objectstorage.py
[2024-09-05T13:02:00.331+0000] {logging_mixin.py:188} INFO - [2024-09-05T13:02:00.331+0000] {dag.py:3036} INFO - Sync 1 DAGs
[2024-09-05T13:02:00.344+0000] {logging_mixin.py:188} INFO - [2024-09-05T13:02:00.344+0000] {dag.py:3823} INFO - Setting next_dagrun for tutorial_objectstorage to None, run_after=None
[2024-09-05T13:02:00.365+0000] {processor.py:183} INFO - Processing /home/airflow/.local/lib/python3.8/site-packages/airflow/example_dags/tutorial_objectstorage.py took 0.066 seconds
[2024-09-05T13:02:30.551+0000] {processor.py:161} INFO - Started process (PID=1997) to work on /home/airflow/.local/lib/python3.8/site-packages/airflow/example_dags/tutorial_objectstorage.py
[2024-09-05T13:02:30.553+0000] {processor.py:830} INFO - Processing file /home/airflow/.local/lib/python3.8/site-packages/airflow/example_dags/tutorial_objectstorage.py for tasks to queue
[2024-09-05T13:02:30.554+0000] {logging_mixin.py:188} INFO - [2024-09-05T13:02:30.554+0000] {dagbag.py:538} INFO - Filling up the DagBag from /home/airflow/.local/lib/python3.8/site-packages/airflow/example_dags/tutorial_objectstorage.py
[2024-09-05T13:02:30.562+0000] {processor.py:840} INFO - DAG(s) 'tutorial_objectstorage' retrieved from /home/airflow/.local/lib/python3.8/site-packages/airflow/example_dags/tutorial_objectstorage.py
[2024-09-05T13:02:30.582+0000] {logging_mixin.py:188} INFO - [2024-09-05T13:02:30.582+0000] {dag.py:3036} INFO - Sync 1 DAGs
[2024-09-05T13:02:30.595+0000] {logging_mixin.py:188} INFO - [2024-09-05T13:02:30.595+0000] {dag.py:3823} INFO - Setting next_dagrun for tutorial_objectstorage to None, run_after=None
[2024-09-05T13:02:30.619+0000] {processor.py:183} INFO - Processing /home/airflow/.local/lib/python3.8/site-packages/airflow/example_dags/tutorial_objectstorage.py took 0.071 seconds
[2024-09-05T13:03:01.002+0000] {processor.py:161} INFO - Started process (PID=2054) to work on /home/airflow/.local/lib/python3.8/site-packages/airflow/example_dags/tutorial_objectstorage.py
[2024-09-05T13:03:01.003+0000] {processor.py:830} INFO - Processing file /home/airflow/.local/lib/python3.8/site-packages/airflow/example_dags/tutorial_objectstorage.py for tasks to queue
[2024-09-05T13:03:01.004+0000] {logging_mixin.py:188} INFO - [2024-09-05T13:03:01.004+0000] {dagbag.py:538} INFO - Filling up the DagBag from /home/airflow/.local/lib/python3.8/site-packages/airflow/example_dags/tutorial_objectstorage.py
[2024-09-05T13:03:01.011+0000] {processor.py:840} INFO - DAG(s) 'tutorial_objectstorage' retrieved from /home/airflow/.local/lib/python3.8/site-packages/airflow/example_dags/tutorial_objectstorage.py
[2024-09-05T13:03:01.031+0000] {logging_mixin.py:188} INFO - [2024-09-05T13:03:01.031+0000] {dag.py:3036} INFO - Sync 1 DAGs
[2024-09-05T13:03:01.046+0000] {logging_mixin.py:188} INFO - [2024-09-05T13:03:01.046+0000] {dag.py:3823} INFO - Setting next_dagrun for tutorial_objectstorage to None, run_after=None
[2024-09-05T13:03:01.071+0000] {processor.py:183} INFO - Processing /home/airflow/.local/lib/python3.8/site-packages/airflow/example_dags/tutorial_objectstorage.py took 0.074 seconds
[2024-09-05T13:03:31.220+0000] {processor.py:161} INFO - Started process (PID=2111) to work on /home/airflow/.local/lib/python3.8/site-packages/airflow/example_dags/tutorial_objectstorage.py
[2024-09-05T13:03:31.221+0000] {processor.py:830} INFO - Processing file /home/airflow/.local/lib/python3.8/site-packages/airflow/example_dags/tutorial_objectstorage.py for tasks to queue
[2024-09-05T13:03:31.222+0000] {logging_mixin.py:188} INFO - [2024-09-05T13:03:31.222+0000] {dagbag.py:538} INFO - Filling up the DagBag from /home/airflow/.local/lib/python3.8/site-packages/airflow/example_dags/tutorial_objectstorage.py
[2024-09-05T13:03:31.231+0000] {processor.py:840} INFO - DAG(s) 'tutorial_objectstorage' retrieved from /home/airflow/.local/lib/python3.8/site-packages/airflow/example_dags/tutorial_objectstorage.py
[2024-09-05T13:03:31.257+0000] {logging_mixin.py:188} INFO - [2024-09-05T13:03:31.257+0000] {dag.py:3036} INFO - Sync 1 DAGs
[2024-09-05T13:03:31.272+0000] {logging_mixin.py:188} INFO - [2024-09-05T13:03:31.271+0000] {dag.py:3823} INFO - Setting next_dagrun for tutorial_objectstorage to None, run_after=None
[2024-09-05T13:03:31.298+0000] {processor.py:183} INFO - Processing /home/airflow/.local/lib/python3.8/site-packages/airflow/example_dags/tutorial_objectstorage.py took 0.083 seconds
[2024-09-05T13:04:01.422+0000] {processor.py:161} INFO - Started process (PID=2167) to work on /home/airflow/.local/lib/python3.8/site-packages/airflow/example_dags/tutorial_objectstorage.py
[2024-09-05T13:04:01.423+0000] {processor.py:830} INFO - Processing file /home/airflow/.local/lib/python3.8/site-packages/airflow/example_dags/tutorial_objectstorage.py for tasks to queue
[2024-09-05T13:04:01.424+0000] {logging_mixin.py:188} INFO - [2024-09-05T13:04:01.423+0000] {dagbag.py:538} INFO - Filling up the DagBag from /home/airflow/.local/lib/python3.8/site-packages/airflow/example_dags/tutorial_objectstorage.py
[2024-09-05T13:04:01.431+0000] {processor.py:840} INFO - DAG(s) 'tutorial_objectstorage' retrieved from /home/airflow/.local/lib/python3.8/site-packages/airflow/example_dags/tutorial_objectstorage.py
[2024-09-05T13:04:01.450+0000] {logging_mixin.py:188} INFO - [2024-09-05T13:04:01.450+0000] {dag.py:3036} INFO - Sync 1 DAGs
[2024-09-05T13:04:01.463+0000] {logging_mixin.py:188} INFO - [2024-09-05T13:04:01.463+0000] {dag.py:3823} INFO - Setting next_dagrun for tutorial_objectstorage to None, run_after=None
[2024-09-05T13:04:01.485+0000] {processor.py:183} INFO - Processing /home/airflow/.local/lib/python3.8/site-packages/airflow/example_dags/tutorial_objectstorage.py took 0.066 seconds
[2024-09-05T13:04:32.169+0000] {processor.py:161} INFO - Started process (PID=2226) to work on /home/airflow/.local/lib/python3.8/site-packages/airflow/example_dags/tutorial_objectstorage.py
[2024-09-05T13:04:32.169+0000] {processor.py:830} INFO - Processing file /home/airflow/.local/lib/python3.8/site-packages/airflow/example_dags/tutorial_objectstorage.py for tasks to queue
[2024-09-05T13:04:32.171+0000] {logging_mixin.py:188} INFO - [2024-09-05T13:04:32.170+0000] {dagbag.py:538} INFO - Filling up the DagBag from /home/airflow/.local/lib/python3.8/site-packages/airflow/example_dags/tutorial_objectstorage.py
[2024-09-05T13:04:32.181+0000] {processor.py:840} INFO - DAG(s) 'tutorial_objectstorage' retrieved from /home/airflow/.local/lib/python3.8/site-packages/airflow/example_dags/tutorial_objectstorage.py
[2024-09-05T13:04:32.204+0000] {logging_mixin.py:188} INFO - [2024-09-05T13:04:32.204+0000] {dag.py:3036} INFO - Sync 1 DAGs
[2024-09-05T13:04:32.226+0000] {logging_mixin.py:188} INFO - [2024-09-05T13:04:32.226+0000] {dag.py:3823} INFO - Setting next_dagrun for tutorial_objectstorage to None, run_after=None
[2024-09-05T13:04:32.251+0000] {processor.py:183} INFO - Processing /home/airflow/.local/lib/python3.8/site-packages/airflow/example_dags/tutorial_objectstorage.py took 0.086 seconds
[2024-09-05T13:06:21.941+0000] {processor.py:161} INFO - Started process (PID=56) to work on /home/airflow/.local/lib/python3.8/site-packages/airflow/example_dags/tutorial_objectstorage.py
[2024-09-05T13:06:21.943+0000] {processor.py:830} INFO - Processing file /home/airflow/.local/lib/python3.8/site-packages/airflow/example_dags/tutorial_objectstorage.py for tasks to queue
[2024-09-05T13:06:21.945+0000] {logging_mixin.py:188} INFO - [2024-09-05T13:06:21.944+0000] {dagbag.py:538} INFO - Filling up the DagBag from /home/airflow/.local/lib/python3.8/site-packages/airflow/example_dags/tutorial_objectstorage.py
[2024-09-05T13:06:21.986+0000] {processor.py:840} INFO - DAG(s) 'tutorial_objectstorage' retrieved from /home/airflow/.local/lib/python3.8/site-packages/airflow/example_dags/tutorial_objectstorage.py
[2024-09-05T13:06:22.025+0000] {logging_mixin.py:188} INFO - [2024-09-05T13:06:22.024+0000] {dag.py:3036} INFO - Sync 1 DAGs
[2024-09-05T13:06:22.043+0000] {logging_mixin.py:188} INFO - [2024-09-05T13:06:22.043+0000] {dag.py:3823} INFO - Setting next_dagrun for tutorial_objectstorage to None, run_after=None
[2024-09-05T13:06:22.065+0000] {processor.py:183} INFO - Processing /home/airflow/.local/lib/python3.8/site-packages/airflow/example_dags/tutorial_objectstorage.py took 0.130 seconds
[2024-09-05T13:06:52.333+0000] {processor.py:161} INFO - Started process (PID=113) to work on /home/airflow/.local/lib/python3.8/site-packages/airflow/example_dags/tutorial_objectstorage.py
[2024-09-05T13:06:52.334+0000] {processor.py:830} INFO - Processing file /home/airflow/.local/lib/python3.8/site-packages/airflow/example_dags/tutorial_objectstorage.py for tasks to queue
[2024-09-05T13:06:52.336+0000] {logging_mixin.py:188} INFO - [2024-09-05T13:06:52.335+0000] {dagbag.py:538} INFO - Filling up the DagBag from /home/airflow/.local/lib/python3.8/site-packages/airflow/example_dags/tutorial_objectstorage.py
[2024-09-05T13:06:52.343+0000] {processor.py:840} INFO - DAG(s) 'tutorial_objectstorage' retrieved from /home/airflow/.local/lib/python3.8/site-packages/airflow/example_dags/tutorial_objectstorage.py
[2024-09-05T13:06:52.465+0000] {logging_mixin.py:188} INFO - [2024-09-05T13:06:52.465+0000] {dag.py:3036} INFO - Sync 1 DAGs
[2024-09-05T13:06:52.486+0000] {logging_mixin.py:188} INFO - [2024-09-05T13:06:52.484+0000] {dag.py:3823} INFO - Setting next_dagrun for tutorial_objectstorage to None, run_after=None
[2024-09-05T13:06:52.511+0000] {processor.py:183} INFO - Processing /home/airflow/.local/lib/python3.8/site-packages/airflow/example_dags/tutorial_objectstorage.py took 0.181 seconds
[2024-09-05T13:07:22.608+0000] {processor.py:161} INFO - Started process (PID=170) to work on /home/airflow/.local/lib/python3.8/site-packages/airflow/example_dags/tutorial_objectstorage.py
[2024-09-05T13:07:22.609+0000] {processor.py:830} INFO - Processing file /home/airflow/.local/lib/python3.8/site-packages/airflow/example_dags/tutorial_objectstorage.py for tasks to queue
[2024-09-05T13:07:22.610+0000] {logging_mixin.py:188} INFO - [2024-09-05T13:07:22.609+0000] {dagbag.py:538} INFO - Filling up the DagBag from /home/airflow/.local/lib/python3.8/site-packages/airflow/example_dags/tutorial_objectstorage.py
[2024-09-05T13:07:22.618+0000] {processor.py:840} INFO - DAG(s) 'tutorial_objectstorage' retrieved from /home/airflow/.local/lib/python3.8/site-packages/airflow/example_dags/tutorial_objectstorage.py
[2024-09-05T13:07:22.637+0000] {logging_mixin.py:188} INFO - [2024-09-05T13:07:22.636+0000] {dag.py:3036} INFO - Sync 1 DAGs
[2024-09-05T13:07:22.651+0000] {logging_mixin.py:188} INFO - [2024-09-05T13:07:22.650+0000] {dag.py:3823} INFO - Setting next_dagrun for tutorial_objectstorage to None, run_after=None
[2024-09-05T13:07:22.671+0000] {processor.py:183} INFO - Processing /home/airflow/.local/lib/python3.8/site-packages/airflow/example_dags/tutorial_objectstorage.py took 0.068 seconds
[2024-09-05T13:07:53.202+0000] {processor.py:161} INFO - Started process (PID=227) to work on /home/airflow/.local/lib/python3.8/site-packages/airflow/example_dags/tutorial_objectstorage.py
[2024-09-05T13:07:53.204+0000] {processor.py:830} INFO - Processing file /home/airflow/.local/lib/python3.8/site-packages/airflow/example_dags/tutorial_objectstorage.py for tasks to queue
[2024-09-05T13:07:53.209+0000] {logging_mixin.py:188} INFO - [2024-09-05T13:07:53.209+0000] {dagbag.py:538} INFO - Filling up the DagBag from /home/airflow/.local/lib/python3.8/site-packages/airflow/example_dags/tutorial_objectstorage.py
[2024-09-05T13:07:53.221+0000] {processor.py:840} INFO - DAG(s) 'tutorial_objectstorage' retrieved from /home/airflow/.local/lib/python3.8/site-packages/airflow/example_dags/tutorial_objectstorage.py
[2024-09-05T13:07:53.244+0000] {logging_mixin.py:188} INFO - [2024-09-05T13:07:53.244+0000] {dag.py:3036} INFO - Sync 1 DAGs
[2024-09-05T13:07:53.257+0000] {logging_mixin.py:188} INFO - [2024-09-05T13:07:53.257+0000] {dag.py:3823} INFO - Setting next_dagrun for tutorial_objectstorage to None, run_after=None
[2024-09-05T13:07:53.276+0000] {processor.py:183} INFO - Processing /home/airflow/.local/lib/python3.8/site-packages/airflow/example_dags/tutorial_objectstorage.py took 0.083 seconds
[2024-09-05T13:08:23.454+0000] {processor.py:161} INFO - Started process (PID=284) to work on /home/airflow/.local/lib/python3.8/site-packages/airflow/example_dags/tutorial_objectstorage.py
[2024-09-05T13:08:23.455+0000] {processor.py:830} INFO - Processing file /home/airflow/.local/lib/python3.8/site-packages/airflow/example_dags/tutorial_objectstorage.py for tasks to queue
[2024-09-05T13:08:23.456+0000] {logging_mixin.py:188} INFO - [2024-09-05T13:08:23.456+0000] {dagbag.py:538} INFO - Filling up the DagBag from /home/airflow/.local/lib/python3.8/site-packages/airflow/example_dags/tutorial_objectstorage.py
[2024-09-05T13:08:23.465+0000] {processor.py:840} INFO - DAG(s) 'tutorial_objectstorage' retrieved from /home/airflow/.local/lib/python3.8/site-packages/airflow/example_dags/tutorial_objectstorage.py
[2024-09-05T13:08:23.490+0000] {logging_mixin.py:188} INFO - [2024-09-05T13:08:23.490+0000] {dag.py:3036} INFO - Sync 1 DAGs
[2024-09-05T13:08:23.508+0000] {logging_mixin.py:188} INFO - [2024-09-05T13:08:23.508+0000] {dag.py:3823} INFO - Setting next_dagrun for tutorial_objectstorage to None, run_after=None
[2024-09-05T13:08:23.533+0000] {processor.py:183} INFO - Processing /home/airflow/.local/lib/python3.8/site-packages/airflow/example_dags/tutorial_objectstorage.py took 0.083 seconds
[2024-09-05T13:08:53.856+0000] {processor.py:161} INFO - Started process (PID=340) to work on /home/airflow/.local/lib/python3.8/site-packages/airflow/example_dags/tutorial_objectstorage.py
[2024-09-05T13:08:53.857+0000] {processor.py:830} INFO - Processing file /home/airflow/.local/lib/python3.8/site-packages/airflow/example_dags/tutorial_objectstorage.py for tasks to queue
[2024-09-05T13:08:53.858+0000] {logging_mixin.py:188} INFO - [2024-09-05T13:08:53.857+0000] {dagbag.py:538} INFO - Filling up the DagBag from /home/airflow/.local/lib/python3.8/site-packages/airflow/example_dags/tutorial_objectstorage.py
[2024-09-05T13:08:53.865+0000] {processor.py:840} INFO - DAG(s) 'tutorial_objectstorage' retrieved from /home/airflow/.local/lib/python3.8/site-packages/airflow/example_dags/tutorial_objectstorage.py
[2024-09-05T13:08:53.886+0000] {logging_mixin.py:188} INFO - [2024-09-05T13:08:53.885+0000] {dag.py:3036} INFO - Sync 1 DAGs
[2024-09-05T13:08:53.899+0000] {logging_mixin.py:188} INFO - [2024-09-05T13:08:53.898+0000] {dag.py:3823} INFO - Setting next_dagrun for tutorial_objectstorage to None, run_after=None
[2024-09-05T13:08:53.920+0000] {processor.py:183} INFO - Processing /home/airflow/.local/lib/python3.8/site-packages/airflow/example_dags/tutorial_objectstorage.py took 0.067 seconds
[2024-09-05T13:09:24.025+0000] {processor.py:161} INFO - Started process (PID=400) to work on /home/airflow/.local/lib/python3.8/site-packages/airflow/example_dags/tutorial_objectstorage.py
[2024-09-05T13:09:24.027+0000] {processor.py:830} INFO - Processing file /home/airflow/.local/lib/python3.8/site-packages/airflow/example_dags/tutorial_objectstorage.py for tasks to queue
[2024-09-05T13:09:24.029+0000] {logging_mixin.py:188} INFO - [2024-09-05T13:09:24.028+0000] {dagbag.py:538} INFO - Filling up the DagBag from /home/airflow/.local/lib/python3.8/site-packages/airflow/example_dags/tutorial_objectstorage.py
[2024-09-05T13:09:24.039+0000] {processor.py:840} INFO - DAG(s) 'tutorial_objectstorage' retrieved from /home/airflow/.local/lib/python3.8/site-packages/airflow/example_dags/tutorial_objectstorage.py
[2024-09-05T13:09:24.076+0000] {logging_mixin.py:188} INFO - [2024-09-05T13:09:24.075+0000] {dag.py:3036} INFO - Sync 1 DAGs
[2024-09-05T13:09:24.111+0000] {logging_mixin.py:188} INFO - [2024-09-05T13:09:24.110+0000] {dag.py:3823} INFO - Setting next_dagrun for tutorial_objectstorage to None, run_after=None
[2024-09-05T13:09:24.152+0000] {processor.py:183} INFO - Processing /home/airflow/.local/lib/python3.8/site-packages/airflow/example_dags/tutorial_objectstorage.py took 0.132 seconds
[2024-09-05T13:09:54.969+0000] {processor.py:161} INFO - Started process (PID=459) to work on /home/airflow/.local/lib/python3.8/site-packages/airflow/example_dags/tutorial_objectstorage.py
[2024-09-05T13:09:54.970+0000] {processor.py:830} INFO - Processing file /home/airflow/.local/lib/python3.8/site-packages/airflow/example_dags/tutorial_objectstorage.py for tasks to queue
[2024-09-05T13:09:54.971+0000] {logging_mixin.py:188} INFO - [2024-09-05T13:09:54.970+0000] {dagbag.py:538} INFO - Filling up the DagBag from /home/airflow/.local/lib/python3.8/site-packages/airflow/example_dags/tutorial_objectstorage.py
[2024-09-05T13:09:54.981+0000] {processor.py:840} INFO - DAG(s) 'tutorial_objectstorage' retrieved from /home/airflow/.local/lib/python3.8/site-packages/airflow/example_dags/tutorial_objectstorage.py
[2024-09-05T13:09:55.008+0000] {logging_mixin.py:188} INFO - [2024-09-05T13:09:55.007+0000] {dag.py:3036} INFO - Sync 1 DAGs
[2024-09-05T13:09:55.028+0000] {logging_mixin.py:188} INFO - [2024-09-05T13:09:55.028+0000] {dag.py:3823} INFO - Setting next_dagrun for tutorial_objectstorage to None, run_after=None
[2024-09-05T13:09:55.061+0000] {processor.py:183} INFO - Processing /home/airflow/.local/lib/python3.8/site-packages/airflow/example_dags/tutorial_objectstorage.py took 0.098 seconds
[2024-09-05T13:10:25.167+0000] {processor.py:161} INFO - Started process (PID=516) to work on /home/airflow/.local/lib/python3.8/site-packages/airflow/example_dags/tutorial_objectstorage.py
[2024-09-05T13:10:25.168+0000] {processor.py:830} INFO - Processing file /home/airflow/.local/lib/python3.8/site-packages/airflow/example_dags/tutorial_objectstorage.py for tasks to queue
[2024-09-05T13:10:25.168+0000] {logging_mixin.py:188} INFO - [2024-09-05T13:10:25.168+0000] {dagbag.py:538} INFO - Filling up the DagBag from /home/airflow/.local/lib/python3.8/site-packages/airflow/example_dags/tutorial_objectstorage.py
[2024-09-05T13:10:25.178+0000] {processor.py:840} INFO - DAG(s) 'tutorial_objectstorage' retrieved from /home/airflow/.local/lib/python3.8/site-packages/airflow/example_dags/tutorial_objectstorage.py
[2024-09-05T13:10:25.201+0000] {logging_mixin.py:188} INFO - [2024-09-05T13:10:25.200+0000] {dag.py:3036} INFO - Sync 1 DAGs
[2024-09-05T13:10:25.215+0000] {logging_mixin.py:188} INFO - [2024-09-05T13:10:25.215+0000] {dag.py:3823} INFO - Setting next_dagrun for tutorial_objectstorage to None, run_after=None
[2024-09-05T13:10:25.235+0000] {processor.py:183} INFO - Processing /home/airflow/.local/lib/python3.8/site-packages/airflow/example_dags/tutorial_objectstorage.py took 0.071 seconds
[2024-09-05T13:10:56.190+0000] {processor.py:161} INFO - Started process (PID=573) to work on /home/airflow/.local/lib/python3.8/site-packages/airflow/example_dags/tutorial_objectstorage.py
[2024-09-05T13:10:56.191+0000] {processor.py:830} INFO - Processing file /home/airflow/.local/lib/python3.8/site-packages/airflow/example_dags/tutorial_objectstorage.py for tasks to queue
[2024-09-05T13:10:56.192+0000] {logging_mixin.py:188} INFO - [2024-09-05T13:10:56.192+0000] {dagbag.py:538} INFO - Filling up the DagBag from /home/airflow/.local/lib/python3.8/site-packages/airflow/example_dags/tutorial_objectstorage.py
[2024-09-05T13:10:56.202+0000] {processor.py:840} INFO - DAG(s) 'tutorial_objectstorage' retrieved from /home/airflow/.local/lib/python3.8/site-packages/airflow/example_dags/tutorial_objectstorage.py
[2024-09-05T13:10:56.224+0000] {logging_mixin.py:188} INFO - [2024-09-05T13:10:56.223+0000] {dag.py:3036} INFO - Sync 1 DAGs
[2024-09-05T13:10:56.237+0000] {logging_mixin.py:188} INFO - [2024-09-05T13:10:56.237+0000] {dag.py:3823} INFO - Setting next_dagrun for tutorial_objectstorage to None, run_after=None
[2024-09-05T13:10:56.260+0000] {processor.py:183} INFO - Processing /home/airflow/.local/lib/python3.8/site-packages/airflow/example_dags/tutorial_objectstorage.py took 0.073 seconds
[2024-09-05T13:11:26.569+0000] {processor.py:161} INFO - Started process (PID=630) to work on /home/airflow/.local/lib/python3.8/site-packages/airflow/example_dags/tutorial_objectstorage.py
[2024-09-05T13:11:26.569+0000] {processor.py:830} INFO - Processing file /home/airflow/.local/lib/python3.8/site-packages/airflow/example_dags/tutorial_objectstorage.py for tasks to queue
[2024-09-05T13:11:26.570+0000] {logging_mixin.py:188} INFO - [2024-09-05T13:11:26.570+0000] {dagbag.py:538} INFO - Filling up the DagBag from /home/airflow/.local/lib/python3.8/site-packages/airflow/example_dags/tutorial_objectstorage.py
[2024-09-05T13:11:26.578+0000] {processor.py:840} INFO - DAG(s) 'tutorial_objectstorage' retrieved from /home/airflow/.local/lib/python3.8/site-packages/airflow/example_dags/tutorial_objectstorage.py
[2024-09-05T13:11:26.599+0000] {logging_mixin.py:188} INFO - [2024-09-05T13:11:26.598+0000] {dag.py:3036} INFO - Sync 1 DAGs
[2024-09-05T13:11:26.612+0000] {logging_mixin.py:188} INFO - [2024-09-05T13:11:26.612+0000] {dag.py:3823} INFO - Setting next_dagrun for tutorial_objectstorage to None, run_after=None
[2024-09-05T13:11:26.638+0000] {processor.py:183} INFO - Processing /home/airflow/.local/lib/python3.8/site-packages/airflow/example_dags/tutorial_objectstorage.py took 0.074 seconds
[2024-09-05T13:11:57.009+0000] {processor.py:161} INFO - Started process (PID=688) to work on /home/airflow/.local/lib/python3.8/site-packages/airflow/example_dags/tutorial_objectstorage.py
[2024-09-05T13:11:57.010+0000] {processor.py:830} INFO - Processing file /home/airflow/.local/lib/python3.8/site-packages/airflow/example_dags/tutorial_objectstorage.py for tasks to queue
[2024-09-05T13:11:57.011+0000] {logging_mixin.py:188} INFO - [2024-09-05T13:11:57.011+0000] {dagbag.py:538} INFO - Filling up the DagBag from /home/airflow/.local/lib/python3.8/site-packages/airflow/example_dags/tutorial_objectstorage.py
[2024-09-05T13:11:57.018+0000] {processor.py:840} INFO - DAG(s) 'tutorial_objectstorage' retrieved from /home/airflow/.local/lib/python3.8/site-packages/airflow/example_dags/tutorial_objectstorage.py
[2024-09-05T13:11:57.039+0000] {logging_mixin.py:188} INFO - [2024-09-05T13:11:57.039+0000] {dag.py:3036} INFO - Sync 1 DAGs
[2024-09-05T13:11:57.052+0000] {logging_mixin.py:188} INFO - [2024-09-05T13:11:57.052+0000] {dag.py:3823} INFO - Setting next_dagrun for tutorial_objectstorage to None, run_after=None
[2024-09-05T13:11:57.077+0000] {processor.py:183} INFO - Processing /home/airflow/.local/lib/python3.8/site-packages/airflow/example_dags/tutorial_objectstorage.py took 0.071 seconds
[2024-09-05T13:12:27.403+0000] {processor.py:161} INFO - Started process (PID=745) to work on /home/airflow/.local/lib/python3.8/site-packages/airflow/example_dags/tutorial_objectstorage.py
[2024-09-05T13:12:27.403+0000] {processor.py:830} INFO - Processing file /home/airflow/.local/lib/python3.8/site-packages/airflow/example_dags/tutorial_objectstorage.py for tasks to queue
[2024-09-05T13:12:27.404+0000] {logging_mixin.py:188} INFO - [2024-09-05T13:12:27.404+0000] {dagbag.py:538} INFO - Filling up the DagBag from /home/airflow/.local/lib/python3.8/site-packages/airflow/example_dags/tutorial_objectstorage.py
[2024-09-05T13:12:27.415+0000] {processor.py:840} INFO - DAG(s) 'tutorial_objectstorage' retrieved from /home/airflow/.local/lib/python3.8/site-packages/airflow/example_dags/tutorial_objectstorage.py
[2024-09-05T13:12:27.437+0000] {logging_mixin.py:188} INFO - [2024-09-05T13:12:27.437+0000] {dag.py:3036} INFO - Sync 1 DAGs
[2024-09-05T13:12:27.453+0000] {logging_mixin.py:188} INFO - [2024-09-05T13:12:27.453+0000] {dag.py:3823} INFO - Setting next_dagrun for tutorial_objectstorage to None, run_after=None
[2024-09-05T13:12:27.474+0000] {processor.py:183} INFO - Processing /home/airflow/.local/lib/python3.8/site-packages/airflow/example_dags/tutorial_objectstorage.py took 0.075 seconds
[2024-09-05T13:12:57.829+0000] {processor.py:161} INFO - Started process (PID=802) to work on /home/airflow/.local/lib/python3.8/site-packages/airflow/example_dags/tutorial_objectstorage.py
[2024-09-05T13:12:57.830+0000] {processor.py:830} INFO - Processing file /home/airflow/.local/lib/python3.8/site-packages/airflow/example_dags/tutorial_objectstorage.py for tasks to queue
[2024-09-05T13:12:57.832+0000] {logging_mixin.py:188} INFO - [2024-09-05T13:12:57.832+0000] {dagbag.py:538} INFO - Filling up the DagBag from /home/airflow/.local/lib/python3.8/site-packages/airflow/example_dags/tutorial_objectstorage.py
[2024-09-05T13:12:57.840+0000] {processor.py:840} INFO - DAG(s) 'tutorial_objectstorage' retrieved from /home/airflow/.local/lib/python3.8/site-packages/airflow/example_dags/tutorial_objectstorage.py
[2024-09-05T13:12:57.860+0000] {logging_mixin.py:188} INFO - [2024-09-05T13:12:57.860+0000] {dag.py:3036} INFO - Sync 1 DAGs
[2024-09-05T13:12:57.875+0000] {logging_mixin.py:188} INFO - [2024-09-05T13:12:57.874+0000] {dag.py:3823} INFO - Setting next_dagrun for tutorial_objectstorage to None, run_after=None
[2024-09-05T13:12:57.899+0000] {processor.py:183} INFO - Processing /home/airflow/.local/lib/python3.8/site-packages/airflow/example_dags/tutorial_objectstorage.py took 0.073 seconds
[2024-09-05T13:13:28.322+0000] {processor.py:161} INFO - Started process (PID=860) to work on /home/airflow/.local/lib/python3.8/site-packages/airflow/example_dags/tutorial_objectstorage.py
[2024-09-05T13:13:28.322+0000] {processor.py:830} INFO - Processing file /home/airflow/.local/lib/python3.8/site-packages/airflow/example_dags/tutorial_objectstorage.py for tasks to queue
[2024-09-05T13:13:28.323+0000] {logging_mixin.py:188} INFO - [2024-09-05T13:13:28.323+0000] {dagbag.py:538} INFO - Filling up the DagBag from /home/airflow/.local/lib/python3.8/site-packages/airflow/example_dags/tutorial_objectstorage.py
[2024-09-05T13:13:28.330+0000] {processor.py:840} INFO - DAG(s) 'tutorial_objectstorage' retrieved from /home/airflow/.local/lib/python3.8/site-packages/airflow/example_dags/tutorial_objectstorage.py
[2024-09-05T13:13:28.350+0000] {logging_mixin.py:188} INFO - [2024-09-05T13:13:28.349+0000] {dag.py:3036} INFO - Sync 1 DAGs
[2024-09-05T13:13:28.363+0000] {logging_mixin.py:188} INFO - [2024-09-05T13:13:28.363+0000] {dag.py:3823} INFO - Setting next_dagrun for tutorial_objectstorage to None, run_after=None
[2024-09-05T13:13:28.388+0000] {processor.py:183} INFO - Processing /home/airflow/.local/lib/python3.8/site-packages/airflow/example_dags/tutorial_objectstorage.py took 0.071 seconds
[2024-09-05T13:13:58.882+0000] {processor.py:161} INFO - Started process (PID=917) to work on /home/airflow/.local/lib/python3.8/site-packages/airflow/example_dags/tutorial_objectstorage.py
[2024-09-05T13:13:58.883+0000] {processor.py:830} INFO - Processing file /home/airflow/.local/lib/python3.8/site-packages/airflow/example_dags/tutorial_objectstorage.py for tasks to queue
[2024-09-05T13:13:58.884+0000] {logging_mixin.py:188} INFO - [2024-09-05T13:13:58.884+0000] {dagbag.py:538} INFO - Filling up the DagBag from /home/airflow/.local/lib/python3.8/site-packages/airflow/example_dags/tutorial_objectstorage.py
[2024-09-05T13:13:58.892+0000] {processor.py:840} INFO - DAG(s) 'tutorial_objectstorage' retrieved from /home/airflow/.local/lib/python3.8/site-packages/airflow/example_dags/tutorial_objectstorage.py
[2024-09-05T13:13:58.913+0000] {logging_mixin.py:188} INFO - [2024-09-05T13:13:58.913+0000] {dag.py:3036} INFO - Sync 1 DAGs
[2024-09-05T13:13:58.927+0000] {logging_mixin.py:188} INFO - [2024-09-05T13:13:58.926+0000] {dag.py:3823} INFO - Setting next_dagrun for tutorial_objectstorage to None, run_after=None
[2024-09-05T13:13:58.949+0000] {processor.py:183} INFO - Processing /home/airflow/.local/lib/python3.8/site-packages/airflow/example_dags/tutorial_objectstorage.py took 0.070 seconds
[2024-09-05T13:14:29.526+0000] {processor.py:161} INFO - Started process (PID=974) to work on /home/airflow/.local/lib/python3.8/site-packages/airflow/example_dags/tutorial_objectstorage.py
[2024-09-05T13:14:29.527+0000] {processor.py:830} INFO - Processing file /home/airflow/.local/lib/python3.8/site-packages/airflow/example_dags/tutorial_objectstorage.py for tasks to queue
[2024-09-05T13:14:29.528+0000] {logging_mixin.py:188} INFO - [2024-09-05T13:14:29.528+0000] {dagbag.py:538} INFO - Filling up the DagBag from /home/airflow/.local/lib/python3.8/site-packages/airflow/example_dags/tutorial_objectstorage.py
[2024-09-05T13:14:29.535+0000] {processor.py:840} INFO - DAG(s) 'tutorial_objectstorage' retrieved from /home/airflow/.local/lib/python3.8/site-packages/airflow/example_dags/tutorial_objectstorage.py
[2024-09-05T13:14:29.555+0000] {logging_mixin.py:188} INFO - [2024-09-05T13:14:29.555+0000] {dag.py:3036} INFO - Sync 1 DAGs
[2024-09-05T13:14:29.569+0000] {logging_mixin.py:188} INFO - [2024-09-05T13:14:29.568+0000] {dag.py:3823} INFO - Setting next_dagrun for tutorial_objectstorage to None, run_after=None
[2024-09-05T13:14:29.591+0000] {processor.py:183} INFO - Processing /home/airflow/.local/lib/python3.8/site-packages/airflow/example_dags/tutorial_objectstorage.py took 0.068 seconds
[2024-09-05T13:15:00.106+0000] {processor.py:161} INFO - Started process (PID=1032) to work on /home/airflow/.local/lib/python3.8/site-packages/airflow/example_dags/tutorial_objectstorage.py
[2024-09-05T13:15:00.107+0000] {processor.py:830} INFO - Processing file /home/airflow/.local/lib/python3.8/site-packages/airflow/example_dags/tutorial_objectstorage.py for tasks to queue
[2024-09-05T13:15:00.108+0000] {logging_mixin.py:188} INFO - [2024-09-05T13:15:00.108+0000] {dagbag.py:538} INFO - Filling up the DagBag from /home/airflow/.local/lib/python3.8/site-packages/airflow/example_dags/tutorial_objectstorage.py
[2024-09-05T13:15:00.117+0000] {processor.py:840} INFO - DAG(s) 'tutorial_objectstorage' retrieved from /home/airflow/.local/lib/python3.8/site-packages/airflow/example_dags/tutorial_objectstorage.py
[2024-09-05T13:15:00.145+0000] {logging_mixin.py:188} INFO - [2024-09-05T13:15:00.144+0000] {dag.py:3036} INFO - Sync 1 DAGs
[2024-09-05T13:15:00.164+0000] {logging_mixin.py:188} INFO - [2024-09-05T13:15:00.164+0000] {dag.py:3823} INFO - Setting next_dagrun for tutorial_objectstorage to None, run_after=None
[2024-09-05T13:15:00.206+0000] {processor.py:183} INFO - Processing /home/airflow/.local/lib/python3.8/site-packages/airflow/example_dags/tutorial_objectstorage.py took 0.108 seconds
[2024-09-05T13:15:30.328+0000] {processor.py:161} INFO - Started process (PID=1089) to work on /home/airflow/.local/lib/python3.8/site-packages/airflow/example_dags/tutorial_objectstorage.py
[2024-09-05T13:15:30.329+0000] {processor.py:830} INFO - Processing file /home/airflow/.local/lib/python3.8/site-packages/airflow/example_dags/tutorial_objectstorage.py for tasks to queue
[2024-09-05T13:15:30.330+0000] {logging_mixin.py:188} INFO - [2024-09-05T13:15:30.329+0000] {dagbag.py:538} INFO - Filling up the DagBag from /home/airflow/.local/lib/python3.8/site-packages/airflow/example_dags/tutorial_objectstorage.py
[2024-09-05T13:15:30.338+0000] {processor.py:840} INFO - DAG(s) 'tutorial_objectstorage' retrieved from /home/airflow/.local/lib/python3.8/site-packages/airflow/example_dags/tutorial_objectstorage.py
[2024-09-05T13:15:30.359+0000] {logging_mixin.py:188} INFO - [2024-09-05T13:15:30.359+0000] {dag.py:3036} INFO - Sync 1 DAGs
[2024-09-05T13:15:30.373+0000] {logging_mixin.py:188} INFO - [2024-09-05T13:15:30.373+0000] {dag.py:3823} INFO - Setting next_dagrun for tutorial_objectstorage to None, run_after=None
[2024-09-05T13:15:30.402+0000] {processor.py:183} INFO - Processing /home/airflow/.local/lib/python3.8/site-packages/airflow/example_dags/tutorial_objectstorage.py took 0.081 seconds
[2024-09-05T13:16:00.597+0000] {processor.py:161} INFO - Started process (PID=1147) to work on /home/airflow/.local/lib/python3.8/site-packages/airflow/example_dags/tutorial_objectstorage.py
[2024-09-05T13:16:00.599+0000] {processor.py:830} INFO - Processing file /home/airflow/.local/lib/python3.8/site-packages/airflow/example_dags/tutorial_objectstorage.py for tasks to queue
[2024-09-05T13:16:00.601+0000] {logging_mixin.py:188} INFO - [2024-09-05T13:16:00.600+0000] {dagbag.py:538} INFO - Filling up the DagBag from /home/airflow/.local/lib/python3.8/site-packages/airflow/example_dags/tutorial_objectstorage.py
[2024-09-05T13:16:00.614+0000] {processor.py:840} INFO - DAG(s) 'tutorial_objectstorage' retrieved from /home/airflow/.local/lib/python3.8/site-packages/airflow/example_dags/tutorial_objectstorage.py
[2024-09-05T13:16:00.645+0000] {logging_mixin.py:188} INFO - [2024-09-05T13:16:00.643+0000] {dag.py:3036} INFO - Sync 1 DAGs
[2024-09-05T13:16:00.665+0000] {logging_mixin.py:188} INFO - [2024-09-05T13:16:00.665+0000] {dag.py:3823} INFO - Setting next_dagrun for tutorial_objectstorage to None, run_after=None
[2024-09-05T13:16:00.704+0000] {processor.py:183} INFO - Processing /home/airflow/.local/lib/python3.8/site-packages/airflow/example_dags/tutorial_objectstorage.py took 0.116 seconds
[2024-09-05T13:16:30.778+0000] {processor.py:161} INFO - Started process (PID=1206) to work on /home/airflow/.local/lib/python3.8/site-packages/airflow/example_dags/tutorial_objectstorage.py
[2024-09-05T13:16:30.780+0000] {processor.py:830} INFO - Processing file /home/airflow/.local/lib/python3.8/site-packages/airflow/example_dags/tutorial_objectstorage.py for tasks to queue
[2024-09-05T13:16:30.781+0000] {logging_mixin.py:188} INFO - [2024-09-05T13:16:30.781+0000] {dagbag.py:538} INFO - Filling up the DagBag from /home/airflow/.local/lib/python3.8/site-packages/airflow/example_dags/tutorial_objectstorage.py
[2024-09-05T13:16:30.791+0000] {processor.py:840} INFO - DAG(s) 'tutorial_objectstorage' retrieved from /home/airflow/.local/lib/python3.8/site-packages/airflow/example_dags/tutorial_objectstorage.py
[2024-09-05T13:16:30.823+0000] {logging_mixin.py:188} INFO - [2024-09-05T13:16:30.822+0000] {dag.py:3036} INFO - Sync 1 DAGs
[2024-09-05T13:16:30.839+0000] {logging_mixin.py:188} INFO - [2024-09-05T13:16:30.839+0000] {dag.py:3823} INFO - Setting next_dagrun for tutorial_objectstorage to None, run_after=None
[2024-09-05T13:16:30.871+0000] {processor.py:183} INFO - Processing /home/airflow/.local/lib/python3.8/site-packages/airflow/example_dags/tutorial_objectstorage.py took 0.096 seconds
[2024-09-05T13:17:01.652+0000] {processor.py:161} INFO - Started process (PID=1263) to work on /home/airflow/.local/lib/python3.8/site-packages/airflow/example_dags/tutorial_objectstorage.py
[2024-09-05T13:17:01.653+0000] {processor.py:830} INFO - Processing file /home/airflow/.local/lib/python3.8/site-packages/airflow/example_dags/tutorial_objectstorage.py for tasks to queue
[2024-09-05T13:17:01.656+0000] {logging_mixin.py:188} INFO - [2024-09-05T13:17:01.654+0000] {dagbag.py:538} INFO - Filling up the DagBag from /home/airflow/.local/lib/python3.8/site-packages/airflow/example_dags/tutorial_objectstorage.py
[2024-09-05T13:17:01.668+0000] {processor.py:840} INFO - DAG(s) 'tutorial_objectstorage' retrieved from /home/airflow/.local/lib/python3.8/site-packages/airflow/example_dags/tutorial_objectstorage.py
[2024-09-05T13:17:01.699+0000] {logging_mixin.py:188} INFO - [2024-09-05T13:17:01.699+0000] {dag.py:3036} INFO - Sync 1 DAGs
[2024-09-05T13:17:01.720+0000] {logging_mixin.py:188} INFO - [2024-09-05T13:17:01.720+0000] {dag.py:3823} INFO - Setting next_dagrun for tutorial_objectstorage to None, run_after=None
[2024-09-05T13:17:01.747+0000] {processor.py:183} INFO - Processing /home/airflow/.local/lib/python3.8/site-packages/airflow/example_dags/tutorial_objectstorage.py took 0.100 seconds
[2024-09-05T13:17:32.281+0000] {processor.py:161} INFO - Started process (PID=1320) to work on /home/airflow/.local/lib/python3.8/site-packages/airflow/example_dags/tutorial_objectstorage.py
[2024-09-05T13:17:32.282+0000] {processor.py:830} INFO - Processing file /home/airflow/.local/lib/python3.8/site-packages/airflow/example_dags/tutorial_objectstorage.py for tasks to queue
[2024-09-05T13:17:32.283+0000] {logging_mixin.py:188} INFO - [2024-09-05T13:17:32.283+0000] {dagbag.py:538} INFO - Filling up the DagBag from /home/airflow/.local/lib/python3.8/site-packages/airflow/example_dags/tutorial_objectstorage.py
[2024-09-05T13:17:32.291+0000] {processor.py:840} INFO - DAG(s) 'tutorial_objectstorage' retrieved from /home/airflow/.local/lib/python3.8/site-packages/airflow/example_dags/tutorial_objectstorage.py
[2024-09-05T13:17:32.315+0000] {logging_mixin.py:188} INFO - [2024-09-05T13:17:32.314+0000] {dag.py:3036} INFO - Sync 1 DAGs
[2024-09-05T13:17:32.330+0000] {logging_mixin.py:188} INFO - [2024-09-05T13:17:32.330+0000] {dag.py:3823} INFO - Setting next_dagrun for tutorial_objectstorage to None, run_after=None
[2024-09-05T13:17:32.354+0000] {processor.py:183} INFO - Processing /home/airflow/.local/lib/python3.8/site-packages/airflow/example_dags/tutorial_objectstorage.py took 0.076 seconds
[2024-09-05T13:18:02.794+0000] {processor.py:161} INFO - Started process (PID=1377) to work on /home/airflow/.local/lib/python3.8/site-packages/airflow/example_dags/tutorial_objectstorage.py
[2024-09-05T13:18:02.795+0000] {processor.py:830} INFO - Processing file /home/airflow/.local/lib/python3.8/site-packages/airflow/example_dags/tutorial_objectstorage.py for tasks to queue
[2024-09-05T13:18:02.796+0000] {logging_mixin.py:188} INFO - [2024-09-05T13:18:02.796+0000] {dagbag.py:538} INFO - Filling up the DagBag from /home/airflow/.local/lib/python3.8/site-packages/airflow/example_dags/tutorial_objectstorage.py
[2024-09-05T13:18:02.805+0000] {processor.py:840} INFO - DAG(s) 'tutorial_objectstorage' retrieved from /home/airflow/.local/lib/python3.8/site-packages/airflow/example_dags/tutorial_objectstorage.py
[2024-09-05T13:18:02.828+0000] {logging_mixin.py:188} INFO - [2024-09-05T13:18:02.828+0000] {dag.py:3036} INFO - Sync 1 DAGs
[2024-09-05T13:18:02.841+0000] {logging_mixin.py:188} INFO - [2024-09-05T13:18:02.840+0000] {dag.py:3823} INFO - Setting next_dagrun for tutorial_objectstorage to None, run_after=None
[2024-09-05T13:18:02.862+0000] {processor.py:183} INFO - Processing /home/airflow/.local/lib/python3.8/site-packages/airflow/example_dags/tutorial_objectstorage.py took 0.071 seconds
[2024-09-05T13:18:33.227+0000] {processor.py:161} INFO - Started process (PID=1434) to work on /home/airflow/.local/lib/python3.8/site-packages/airflow/example_dags/tutorial_objectstorage.py
[2024-09-05T13:18:33.228+0000] {processor.py:830} INFO - Processing file /home/airflow/.local/lib/python3.8/site-packages/airflow/example_dags/tutorial_objectstorage.py for tasks to queue
[2024-09-05T13:18:33.229+0000] {logging_mixin.py:188} INFO - [2024-09-05T13:18:33.228+0000] {dagbag.py:538} INFO - Filling up the DagBag from /home/airflow/.local/lib/python3.8/site-packages/airflow/example_dags/tutorial_objectstorage.py
[2024-09-05T13:18:33.236+0000] {processor.py:840} INFO - DAG(s) 'tutorial_objectstorage' retrieved from /home/airflow/.local/lib/python3.8/site-packages/airflow/example_dags/tutorial_objectstorage.py
[2024-09-05T13:18:33.255+0000] {logging_mixin.py:188} INFO - [2024-09-05T13:18:33.255+0000] {dag.py:3036} INFO - Sync 1 DAGs
[2024-09-05T13:18:33.270+0000] {logging_mixin.py:188} INFO - [2024-09-05T13:18:33.270+0000] {dag.py:3823} INFO - Setting next_dagrun for tutorial_objectstorage to None, run_after=None
[2024-09-05T13:18:33.292+0000] {processor.py:183} INFO - Processing /home/airflow/.local/lib/python3.8/site-packages/airflow/example_dags/tutorial_objectstorage.py took 0.068 seconds
[2024-09-05T13:19:03.770+0000] {processor.py:161} INFO - Started process (PID=1491) to work on /home/airflow/.local/lib/python3.8/site-packages/airflow/example_dags/tutorial_objectstorage.py
[2024-09-05T13:19:03.772+0000] {processor.py:830} INFO - Processing file /home/airflow/.local/lib/python3.8/site-packages/airflow/example_dags/tutorial_objectstorage.py for tasks to queue
[2024-09-05T13:19:03.777+0000] {logging_mixin.py:188} INFO - [2024-09-05T13:19:03.776+0000] {dagbag.py:538} INFO - Filling up the DagBag from /home/airflow/.local/lib/python3.8/site-packages/airflow/example_dags/tutorial_objectstorage.py
[2024-09-05T13:19:03.805+0000] {processor.py:840} INFO - DAG(s) 'tutorial_objectstorage' retrieved from /home/airflow/.local/lib/python3.8/site-packages/airflow/example_dags/tutorial_objectstorage.py
[2024-09-05T13:19:03.854+0000] {logging_mixin.py:188} INFO - [2024-09-05T13:19:03.853+0000] {dag.py:3036} INFO - Sync 1 DAGs
[2024-09-05T13:19:03.901+0000] {logging_mixin.py:188} INFO - [2024-09-05T13:19:03.900+0000] {dag.py:3823} INFO - Setting next_dagrun for tutorial_objectstorage to None, run_after=None
[2024-09-05T13:19:03.981+0000] {processor.py:183} INFO - Processing /home/airflow/.local/lib/python3.8/site-packages/airflow/example_dags/tutorial_objectstorage.py took 0.216 seconds
[2024-09-05T13:19:34.763+0000] {processor.py:161} INFO - Started process (PID=1548) to work on /home/airflow/.local/lib/python3.8/site-packages/airflow/example_dags/tutorial_objectstorage.py
[2024-09-05T13:19:34.764+0000] {processor.py:830} INFO - Processing file /home/airflow/.local/lib/python3.8/site-packages/airflow/example_dags/tutorial_objectstorage.py for tasks to queue
[2024-09-05T13:19:34.766+0000] {logging_mixin.py:188} INFO - [2024-09-05T13:19:34.765+0000] {dagbag.py:538} INFO - Filling up the DagBag from /home/airflow/.local/lib/python3.8/site-packages/airflow/example_dags/tutorial_objectstorage.py
[2024-09-05T13:19:34.773+0000] {processor.py:840} INFO - DAG(s) 'tutorial_objectstorage' retrieved from /home/airflow/.local/lib/python3.8/site-packages/airflow/example_dags/tutorial_objectstorage.py
[2024-09-05T13:19:34.795+0000] {logging_mixin.py:188} INFO - [2024-09-05T13:19:34.794+0000] {dag.py:3036} INFO - Sync 1 DAGs
[2024-09-05T13:19:34.807+0000] {logging_mixin.py:188} INFO - [2024-09-05T13:19:34.807+0000] {dag.py:3823} INFO - Setting next_dagrun for tutorial_objectstorage to None, run_after=None
[2024-09-05T13:19:34.828+0000] {processor.py:183} INFO - Processing /home/airflow/.local/lib/python3.8/site-packages/airflow/example_dags/tutorial_objectstorage.py took 0.069 seconds
[2024-09-05T13:20:05.167+0000] {processor.py:161} INFO - Started process (PID=1605) to work on /home/airflow/.local/lib/python3.8/site-packages/airflow/example_dags/tutorial_objectstorage.py
[2024-09-05T13:20:05.168+0000] {processor.py:830} INFO - Processing file /home/airflow/.local/lib/python3.8/site-packages/airflow/example_dags/tutorial_objectstorage.py for tasks to queue
[2024-09-05T13:20:05.169+0000] {logging_mixin.py:188} INFO - [2024-09-05T13:20:05.168+0000] {dagbag.py:538} INFO - Filling up the DagBag from /home/airflow/.local/lib/python3.8/site-packages/airflow/example_dags/tutorial_objectstorage.py
[2024-09-05T13:20:05.176+0000] {processor.py:840} INFO - DAG(s) 'tutorial_objectstorage' retrieved from /home/airflow/.local/lib/python3.8/site-packages/airflow/example_dags/tutorial_objectstorage.py
[2024-09-05T13:20:05.196+0000] {logging_mixin.py:188} INFO - [2024-09-05T13:20:05.196+0000] {dag.py:3036} INFO - Sync 1 DAGs
[2024-09-05T13:20:05.212+0000] {logging_mixin.py:188} INFO - [2024-09-05T13:20:05.212+0000] {dag.py:3823} INFO - Setting next_dagrun for tutorial_objectstorage to None, run_after=None
[2024-09-05T13:20:05.237+0000] {processor.py:183} INFO - Processing /home/airflow/.local/lib/python3.8/site-packages/airflow/example_dags/tutorial_objectstorage.py took 0.073 seconds
