[2024-09-05T12:26:59.917+0000] {processor.py:161} INFO - Started process (PID=63) to work on /home/airflow/.local/lib/python3.8/site-packages/airflow/example_dags/tutorial_taskflow_api.py
[2024-09-05T12:26:59.919+0000] {processor.py:830} INFO - Processing file /home/airflow/.local/lib/python3.8/site-packages/airflow/example_dags/tutorial_taskflow_api.py for tasks to queue
[2024-09-05T12:26:59.921+0000] {logging_mixin.py:188} INFO - [2024-09-05T12:26:59.920+0000] {dagbag.py:538} INFO - Filling up the DagBag from /home/airflow/.local/lib/python3.8/site-packages/airflow/example_dags/tutorial_taskflow_api.py
[2024-09-05T12:26:59.935+0000] {processor.py:840} INFO - DAG(s) 'tutorial_taskflow_api' retrieved from /home/airflow/.local/lib/python3.8/site-packages/airflow/example_dags/tutorial_taskflow_api.py
[2024-09-05T12:27:00.207+0000] {logging_mixin.py:188} INFO - [2024-09-05T12:27:00.206+0000] {dag.py:3036} INFO - Sync 1 DAGs
[2024-09-05T12:27:00.239+0000] {logging_mixin.py:188} INFO - [2024-09-05T12:27:00.238+0000] {dag.py:3823} INFO - Setting next_dagrun for tutorial_taskflow_api to None, run_after=None
[2024-09-05T12:27:00.294+0000] {processor.py:183} INFO - Processing /home/airflow/.local/lib/python3.8/site-packages/airflow/example_dags/tutorial_taskflow_api.py took 0.382 seconds
[2024-09-05T12:27:30.999+0000] {processor.py:161} INFO - Started process (PID=120) to work on /home/airflow/.local/lib/python3.8/site-packages/airflow/example_dags/tutorial_taskflow_api.py
[2024-09-05T12:27:31.001+0000] {processor.py:830} INFO - Processing file /home/airflow/.local/lib/python3.8/site-packages/airflow/example_dags/tutorial_taskflow_api.py for tasks to queue
[2024-09-05T12:27:31.002+0000] {logging_mixin.py:188} INFO - [2024-09-05T12:27:31.002+0000] {dagbag.py:538} INFO - Filling up the DagBag from /home/airflow/.local/lib/python3.8/site-packages/airflow/example_dags/tutorial_taskflow_api.py
[2024-09-05T12:27:31.010+0000] {processor.py:840} INFO - DAG(s) 'tutorial_taskflow_api' retrieved from /home/airflow/.local/lib/python3.8/site-packages/airflow/example_dags/tutorial_taskflow_api.py
[2024-09-05T12:27:31.025+0000] {logging_mixin.py:188} INFO - [2024-09-05T12:27:31.024+0000] {dag.py:3036} INFO - Sync 1 DAGs
[2024-09-05T12:27:31.045+0000] {logging_mixin.py:188} INFO - [2024-09-05T12:27:31.045+0000] {dag.py:3823} INFO - Setting next_dagrun for tutorial_taskflow_api to None, run_after=None
[2024-09-05T12:27:31.070+0000] {processor.py:183} INFO - Processing /home/airflow/.local/lib/python3.8/site-packages/airflow/example_dags/tutorial_taskflow_api.py took 0.074 seconds
[2024-09-05T12:28:01.739+0000] {processor.py:161} INFO - Started process (PID=177) to work on /home/airflow/.local/lib/python3.8/site-packages/airflow/example_dags/tutorial_taskflow_api.py
[2024-09-05T12:28:01.740+0000] {processor.py:830} INFO - Processing file /home/airflow/.local/lib/python3.8/site-packages/airflow/example_dags/tutorial_taskflow_api.py for tasks to queue
[2024-09-05T12:28:01.742+0000] {logging_mixin.py:188} INFO - [2024-09-05T12:28:01.741+0000] {dagbag.py:538} INFO - Filling up the DagBag from /home/airflow/.local/lib/python3.8/site-packages/airflow/example_dags/tutorial_taskflow_api.py
[2024-09-05T12:28:01.754+0000] {processor.py:840} INFO - DAG(s) 'tutorial_taskflow_api' retrieved from /home/airflow/.local/lib/python3.8/site-packages/airflow/example_dags/tutorial_taskflow_api.py
[2024-09-05T12:28:01.896+0000] {logging_mixin.py:188} INFO - [2024-09-05T12:28:01.896+0000] {dag.py:3036} INFO - Sync 1 DAGs
[2024-09-05T12:28:01.910+0000] {logging_mixin.py:188} INFO - [2024-09-05T12:28:01.910+0000] {dag.py:3823} INFO - Setting next_dagrun for tutorial_taskflow_api to None, run_after=None
[2024-09-05T12:28:01.936+0000] {processor.py:183} INFO - Processing /home/airflow/.local/lib/python3.8/site-packages/airflow/example_dags/tutorial_taskflow_api.py took 0.202 seconds
[2024-09-05T12:28:32.793+0000] {processor.py:161} INFO - Started process (PID=234) to work on /home/airflow/.local/lib/python3.8/site-packages/airflow/example_dags/tutorial_taskflow_api.py
[2024-09-05T12:28:32.794+0000] {processor.py:830} INFO - Processing file /home/airflow/.local/lib/python3.8/site-packages/airflow/example_dags/tutorial_taskflow_api.py for tasks to queue
[2024-09-05T12:28:32.795+0000] {logging_mixin.py:188} INFO - [2024-09-05T12:28:32.795+0000] {dagbag.py:538} INFO - Filling up the DagBag from /home/airflow/.local/lib/python3.8/site-packages/airflow/example_dags/tutorial_taskflow_api.py
[2024-09-05T12:28:32.806+0000] {processor.py:840} INFO - DAG(s) 'tutorial_taskflow_api' retrieved from /home/airflow/.local/lib/python3.8/site-packages/airflow/example_dags/tutorial_taskflow_api.py
[2024-09-05T12:28:32.831+0000] {logging_mixin.py:188} INFO - [2024-09-05T12:28:32.830+0000] {dag.py:3036} INFO - Sync 1 DAGs
[2024-09-05T12:28:32.845+0000] {logging_mixin.py:188} INFO - [2024-09-05T12:28:32.845+0000] {dag.py:3823} INFO - Setting next_dagrun for tutorial_taskflow_api to None, run_after=None
[2024-09-05T12:28:32.869+0000] {processor.py:183} INFO - Processing /home/airflow/.local/lib/python3.8/site-packages/airflow/example_dags/tutorial_taskflow_api.py took 0.081 seconds
[2024-09-05T12:29:03.372+0000] {processor.py:161} INFO - Started process (PID=291) to work on /home/airflow/.local/lib/python3.8/site-packages/airflow/example_dags/tutorial_taskflow_api.py
[2024-09-05T12:29:03.375+0000] {processor.py:830} INFO - Processing file /home/airflow/.local/lib/python3.8/site-packages/airflow/example_dags/tutorial_taskflow_api.py for tasks to queue
[2024-09-05T12:29:03.378+0000] {logging_mixin.py:188} INFO - [2024-09-05T12:29:03.377+0000] {dagbag.py:538} INFO - Filling up the DagBag from /home/airflow/.local/lib/python3.8/site-packages/airflow/example_dags/tutorial_taskflow_api.py
[2024-09-05T12:29:03.386+0000] {processor.py:840} INFO - DAG(s) 'tutorial_taskflow_api' retrieved from /home/airflow/.local/lib/python3.8/site-packages/airflow/example_dags/tutorial_taskflow_api.py
[2024-09-05T12:29:03.421+0000] {logging_mixin.py:188} INFO - [2024-09-05T12:29:03.420+0000] {dag.py:3036} INFO - Sync 1 DAGs
[2024-09-05T12:29:03.435+0000] {logging_mixin.py:188} INFO - [2024-09-05T12:29:03.435+0000] {dag.py:3823} INFO - Setting next_dagrun for tutorial_taskflow_api to None, run_after=None
[2024-09-05T12:29:03.460+0000] {processor.py:183} INFO - Processing /home/airflow/.local/lib/python3.8/site-packages/airflow/example_dags/tutorial_taskflow_api.py took 0.092 seconds
[2024-09-05T12:29:33.749+0000] {processor.py:161} INFO - Started process (PID=348) to work on /home/airflow/.local/lib/python3.8/site-packages/airflow/example_dags/tutorial_taskflow_api.py
[2024-09-05T12:29:33.750+0000] {processor.py:830} INFO - Processing file /home/airflow/.local/lib/python3.8/site-packages/airflow/example_dags/tutorial_taskflow_api.py for tasks to queue
[2024-09-05T12:29:33.751+0000] {logging_mixin.py:188} INFO - [2024-09-05T12:29:33.751+0000] {dagbag.py:538} INFO - Filling up the DagBag from /home/airflow/.local/lib/python3.8/site-packages/airflow/example_dags/tutorial_taskflow_api.py
[2024-09-05T12:29:33.763+0000] {processor.py:840} INFO - DAG(s) 'tutorial_taskflow_api' retrieved from /home/airflow/.local/lib/python3.8/site-packages/airflow/example_dags/tutorial_taskflow_api.py
[2024-09-05T12:29:33.809+0000] {logging_mixin.py:188} INFO - [2024-09-05T12:29:33.809+0000] {dag.py:3036} INFO - Sync 1 DAGs
[2024-09-05T12:29:33.824+0000] {logging_mixin.py:188} INFO - [2024-09-05T12:29:33.824+0000] {dag.py:3823} INFO - Setting next_dagrun for tutorial_taskflow_api to None, run_after=None
[2024-09-05T12:29:33.845+0000] {processor.py:183} INFO - Processing /home/airflow/.local/lib/python3.8/site-packages/airflow/example_dags/tutorial_taskflow_api.py took 0.099 seconds
[2024-09-05T12:30:04.125+0000] {processor.py:161} INFO - Started process (PID=405) to work on /home/airflow/.local/lib/python3.8/site-packages/airflow/example_dags/tutorial_taskflow_api.py
[2024-09-05T12:30:04.126+0000] {processor.py:830} INFO - Processing file /home/airflow/.local/lib/python3.8/site-packages/airflow/example_dags/tutorial_taskflow_api.py for tasks to queue
[2024-09-05T12:30:04.127+0000] {logging_mixin.py:188} INFO - [2024-09-05T12:30:04.126+0000] {dagbag.py:538} INFO - Filling up the DagBag from /home/airflow/.local/lib/python3.8/site-packages/airflow/example_dags/tutorial_taskflow_api.py
[2024-09-05T12:30:04.140+0000] {processor.py:840} INFO - DAG(s) 'tutorial_taskflow_api' retrieved from /home/airflow/.local/lib/python3.8/site-packages/airflow/example_dags/tutorial_taskflow_api.py
[2024-09-05T12:30:04.177+0000] {logging_mixin.py:188} INFO - [2024-09-05T12:30:04.176+0000] {dag.py:3036} INFO - Sync 1 DAGs
[2024-09-05T12:30:04.197+0000] {logging_mixin.py:188} INFO - [2024-09-05T12:30:04.197+0000] {dag.py:3823} INFO - Setting next_dagrun for tutorial_taskflow_api to None, run_after=None
[2024-09-05T12:30:04.224+0000] {processor.py:183} INFO - Processing /home/airflow/.local/lib/python3.8/site-packages/airflow/example_dags/tutorial_taskflow_api.py took 0.102 seconds
[2024-09-05T12:30:34.391+0000] {processor.py:161} INFO - Started process (PID=468) to work on /home/airflow/.local/lib/python3.8/site-packages/airflow/example_dags/tutorial_taskflow_api.py
[2024-09-05T12:30:34.392+0000] {processor.py:830} INFO - Processing file /home/airflow/.local/lib/python3.8/site-packages/airflow/example_dags/tutorial_taskflow_api.py for tasks to queue
[2024-09-05T12:30:34.394+0000] {logging_mixin.py:188} INFO - [2024-09-05T12:30:34.393+0000] {dagbag.py:538} INFO - Filling up the DagBag from /home/airflow/.local/lib/python3.8/site-packages/airflow/example_dags/tutorial_taskflow_api.py
[2024-09-05T12:30:34.400+0000] {processor.py:840} INFO - DAG(s) 'tutorial_taskflow_api' retrieved from /home/airflow/.local/lib/python3.8/site-packages/airflow/example_dags/tutorial_taskflow_api.py
[2024-09-05T12:30:34.422+0000] {logging_mixin.py:188} INFO - [2024-09-05T12:30:34.422+0000] {dag.py:3036} INFO - Sync 1 DAGs
[2024-09-05T12:30:34.436+0000] {logging_mixin.py:188} INFO - [2024-09-05T12:30:34.436+0000] {dag.py:3823} INFO - Setting next_dagrun for tutorial_taskflow_api to None, run_after=None
[2024-09-05T12:30:34.461+0000] {processor.py:183} INFO - Processing /home/airflow/.local/lib/python3.8/site-packages/airflow/example_dags/tutorial_taskflow_api.py took 0.073 seconds
[2024-09-05T12:31:04.655+0000] {processor.py:161} INFO - Started process (PID=525) to work on /home/airflow/.local/lib/python3.8/site-packages/airflow/example_dags/tutorial_taskflow_api.py
[2024-09-05T12:31:04.656+0000] {processor.py:830} INFO - Processing file /home/airflow/.local/lib/python3.8/site-packages/airflow/example_dags/tutorial_taskflow_api.py for tasks to queue
[2024-09-05T12:31:04.657+0000] {logging_mixin.py:188} INFO - [2024-09-05T12:31:04.657+0000] {dagbag.py:538} INFO - Filling up the DagBag from /home/airflow/.local/lib/python3.8/site-packages/airflow/example_dags/tutorial_taskflow_api.py
[2024-09-05T12:31:04.665+0000] {processor.py:840} INFO - DAG(s) 'tutorial_taskflow_api' retrieved from /home/airflow/.local/lib/python3.8/site-packages/airflow/example_dags/tutorial_taskflow_api.py
[2024-09-05T12:31:04.689+0000] {logging_mixin.py:188} INFO - [2024-09-05T12:31:04.689+0000] {dag.py:3036} INFO - Sync 1 DAGs
[2024-09-05T12:31:04.704+0000] {logging_mixin.py:188} INFO - [2024-09-05T12:31:04.704+0000] {dag.py:3823} INFO - Setting next_dagrun for tutorial_taskflow_api to None, run_after=None
[2024-09-05T12:31:04.726+0000] {processor.py:183} INFO - Processing /home/airflow/.local/lib/python3.8/site-packages/airflow/example_dags/tutorial_taskflow_api.py took 0.075 seconds
[2024-09-05T12:45:19.595+0000] {processor.py:161} INFO - Started process (PID=63) to work on /home/airflow/.local/lib/python3.8/site-packages/airflow/example_dags/tutorial_taskflow_api.py
[2024-09-05T12:45:19.602+0000] {processor.py:830} INFO - Processing file /home/airflow/.local/lib/python3.8/site-packages/airflow/example_dags/tutorial_taskflow_api.py for tasks to queue
[2024-09-05T12:45:19.606+0000] {logging_mixin.py:188} INFO - [2024-09-05T12:45:19.605+0000] {dagbag.py:538} INFO - Filling up the DagBag from /home/airflow/.local/lib/python3.8/site-packages/airflow/example_dags/tutorial_taskflow_api.py
[2024-09-05T12:45:19.646+0000] {processor.py:840} INFO - DAG(s) 'tutorial_taskflow_api' retrieved from /home/airflow/.local/lib/python3.8/site-packages/airflow/example_dags/tutorial_taskflow_api.py
[2024-09-05T12:45:20.730+0000] {logging_mixin.py:188} INFO - [2024-09-05T12:45:20.730+0000] {dag.py:3036} INFO - Sync 1 DAGs
[2024-09-05T12:45:20.763+0000] {logging_mixin.py:188} INFO - [2024-09-05T12:45:20.763+0000] {dag.py:3823} INFO - Setting next_dagrun for tutorial_taskflow_api to None, run_after=None
[2024-09-05T12:45:20.830+0000] {processor.py:183} INFO - Processing /home/airflow/.local/lib/python3.8/site-packages/airflow/example_dags/tutorial_taskflow_api.py took 1.239 seconds
[2024-09-05T12:45:50.961+0000] {processor.py:161} INFO - Started process (PID=120) to work on /home/airflow/.local/lib/python3.8/site-packages/airflow/example_dags/tutorial_taskflow_api.py
[2024-09-05T12:45:50.962+0000] {processor.py:830} INFO - Processing file /home/airflow/.local/lib/python3.8/site-packages/airflow/example_dags/tutorial_taskflow_api.py for tasks to queue
[2024-09-05T12:45:50.963+0000] {logging_mixin.py:188} INFO - [2024-09-05T12:45:50.963+0000] {dagbag.py:538} INFO - Filling up the DagBag from /home/airflow/.local/lib/python3.8/site-packages/airflow/example_dags/tutorial_taskflow_api.py
[2024-09-05T12:45:50.970+0000] {processor.py:840} INFO - DAG(s) 'tutorial_taskflow_api' retrieved from /home/airflow/.local/lib/python3.8/site-packages/airflow/example_dags/tutorial_taskflow_api.py
[2024-09-05T12:45:50.997+0000] {logging_mixin.py:188} INFO - [2024-09-05T12:45:50.996+0000] {dag.py:3036} INFO - Sync 1 DAGs
[2024-09-05T12:45:51.013+0000] {logging_mixin.py:188} INFO - [2024-09-05T12:45:51.013+0000] {dag.py:3823} INFO - Setting next_dagrun for tutorial_taskflow_api to None, run_after=None
[2024-09-05T12:45:51.040+0000] {processor.py:183} INFO - Processing /home/airflow/.local/lib/python3.8/site-packages/airflow/example_dags/tutorial_taskflow_api.py took 0.084 seconds
[2024-09-05T12:46:21.945+0000] {processor.py:161} INFO - Started process (PID=177) to work on /home/airflow/.local/lib/python3.8/site-packages/airflow/example_dags/tutorial_taskflow_api.py
[2024-09-05T12:46:21.946+0000] {processor.py:830} INFO - Processing file /home/airflow/.local/lib/python3.8/site-packages/airflow/example_dags/tutorial_taskflow_api.py for tasks to queue
[2024-09-05T12:46:21.947+0000] {logging_mixin.py:188} INFO - [2024-09-05T12:46:21.947+0000] {dagbag.py:538} INFO - Filling up the DagBag from /home/airflow/.local/lib/python3.8/site-packages/airflow/example_dags/tutorial_taskflow_api.py
[2024-09-05T12:46:21.954+0000] {processor.py:840} INFO - DAG(s) 'tutorial_taskflow_api' retrieved from /home/airflow/.local/lib/python3.8/site-packages/airflow/example_dags/tutorial_taskflow_api.py
[2024-09-05T12:46:21.981+0000] {logging_mixin.py:188} INFO - [2024-09-05T12:46:21.981+0000] {dag.py:3036} INFO - Sync 1 DAGs
[2024-09-05T12:46:21.999+0000] {logging_mixin.py:188} INFO - [2024-09-05T12:46:21.999+0000] {dag.py:3823} INFO - Setting next_dagrun for tutorial_taskflow_api to None, run_after=None
[2024-09-05T12:46:22.022+0000] {processor.py:183} INFO - Processing /home/airflow/.local/lib/python3.8/site-packages/airflow/example_dags/tutorial_taskflow_api.py took 0.080 seconds
[2024-09-05T12:46:52.142+0000] {processor.py:161} INFO - Started process (PID=234) to work on /home/airflow/.local/lib/python3.8/site-packages/airflow/example_dags/tutorial_taskflow_api.py
[2024-09-05T12:46:52.143+0000] {processor.py:830} INFO - Processing file /home/airflow/.local/lib/python3.8/site-packages/airflow/example_dags/tutorial_taskflow_api.py for tasks to queue
[2024-09-05T12:46:52.144+0000] {logging_mixin.py:188} INFO - [2024-09-05T12:46:52.144+0000] {dagbag.py:538} INFO - Filling up the DagBag from /home/airflow/.local/lib/python3.8/site-packages/airflow/example_dags/tutorial_taskflow_api.py
[2024-09-05T12:46:52.151+0000] {processor.py:840} INFO - DAG(s) 'tutorial_taskflow_api' retrieved from /home/airflow/.local/lib/python3.8/site-packages/airflow/example_dags/tutorial_taskflow_api.py
[2024-09-05T12:46:52.175+0000] {logging_mixin.py:188} INFO - [2024-09-05T12:46:52.175+0000] {dag.py:3036} INFO - Sync 1 DAGs
[2024-09-05T12:46:52.191+0000] {logging_mixin.py:188} INFO - [2024-09-05T12:46:52.191+0000] {dag.py:3823} INFO - Setting next_dagrun for tutorial_taskflow_api to None, run_after=None
[2024-09-05T12:46:52.220+0000] {processor.py:183} INFO - Processing /home/airflow/.local/lib/python3.8/site-packages/airflow/example_dags/tutorial_taskflow_api.py took 0.081 seconds
[2024-09-05T12:47:22.826+0000] {processor.py:161} INFO - Started process (PID=291) to work on /home/airflow/.local/lib/python3.8/site-packages/airflow/example_dags/tutorial_taskflow_api.py
[2024-09-05T12:47:22.827+0000] {processor.py:830} INFO - Processing file /home/airflow/.local/lib/python3.8/site-packages/airflow/example_dags/tutorial_taskflow_api.py for tasks to queue
[2024-09-05T12:47:22.828+0000] {logging_mixin.py:188} INFO - [2024-09-05T12:47:22.828+0000] {dagbag.py:538} INFO - Filling up the DagBag from /home/airflow/.local/lib/python3.8/site-packages/airflow/example_dags/tutorial_taskflow_api.py
[2024-09-05T12:47:22.835+0000] {processor.py:840} INFO - DAG(s) 'tutorial_taskflow_api' retrieved from /home/airflow/.local/lib/python3.8/site-packages/airflow/example_dags/tutorial_taskflow_api.py
[2024-09-05T12:47:22.857+0000] {logging_mixin.py:188} INFO - [2024-09-05T12:47:22.856+0000] {dag.py:3036} INFO - Sync 1 DAGs
[2024-09-05T12:47:22.872+0000] {logging_mixin.py:188} INFO - [2024-09-05T12:47:22.871+0000] {dag.py:3823} INFO - Setting next_dagrun for tutorial_taskflow_api to None, run_after=None
[2024-09-05T12:47:22.894+0000] {processor.py:183} INFO - Processing /home/airflow/.local/lib/python3.8/site-packages/airflow/example_dags/tutorial_taskflow_api.py took 0.071 seconds
[2024-09-05T12:47:52.952+0000] {processor.py:161} INFO - Started process (PID=349) to work on /home/airflow/.local/lib/python3.8/site-packages/airflow/example_dags/tutorial_taskflow_api.py
[2024-09-05T12:47:52.953+0000] {processor.py:830} INFO - Processing file /home/airflow/.local/lib/python3.8/site-packages/airflow/example_dags/tutorial_taskflow_api.py for tasks to queue
[2024-09-05T12:47:52.953+0000] {logging_mixin.py:188} INFO - [2024-09-05T12:47:52.953+0000] {dagbag.py:538} INFO - Filling up the DagBag from /home/airflow/.local/lib/python3.8/site-packages/airflow/example_dags/tutorial_taskflow_api.py
[2024-09-05T12:47:52.960+0000] {processor.py:840} INFO - DAG(s) 'tutorial_taskflow_api' retrieved from /home/airflow/.local/lib/python3.8/site-packages/airflow/example_dags/tutorial_taskflow_api.py
[2024-09-05T12:47:52.983+0000] {logging_mixin.py:188} INFO - [2024-09-05T12:47:52.983+0000] {dag.py:3036} INFO - Sync 1 DAGs
[2024-09-05T12:47:53.002+0000] {logging_mixin.py:188} INFO - [2024-09-05T12:47:53.002+0000] {dag.py:3823} INFO - Setting next_dagrun for tutorial_taskflow_api to None, run_after=None
[2024-09-05T12:47:53.031+0000] {processor.py:183} INFO - Processing /home/airflow/.local/lib/python3.8/site-packages/airflow/example_dags/tutorial_taskflow_api.py took 0.082 seconds
[2024-09-05T12:48:23.216+0000] {processor.py:161} INFO - Started process (PID=406) to work on /home/airflow/.local/lib/python3.8/site-packages/airflow/example_dags/tutorial_taskflow_api.py
[2024-09-05T12:48:23.216+0000] {processor.py:830} INFO - Processing file /home/airflow/.local/lib/python3.8/site-packages/airflow/example_dags/tutorial_taskflow_api.py for tasks to queue
[2024-09-05T12:48:23.217+0000] {logging_mixin.py:188} INFO - [2024-09-05T12:48:23.217+0000] {dagbag.py:538} INFO - Filling up the DagBag from /home/airflow/.local/lib/python3.8/site-packages/airflow/example_dags/tutorial_taskflow_api.py
[2024-09-05T12:48:23.224+0000] {processor.py:840} INFO - DAG(s) 'tutorial_taskflow_api' retrieved from /home/airflow/.local/lib/python3.8/site-packages/airflow/example_dags/tutorial_taskflow_api.py
[2024-09-05T12:48:23.247+0000] {logging_mixin.py:188} INFO - [2024-09-05T12:48:23.246+0000] {dag.py:3036} INFO - Sync 1 DAGs
[2024-09-05T12:48:23.261+0000] {logging_mixin.py:188} INFO - [2024-09-05T12:48:23.260+0000] {dag.py:3823} INFO - Setting next_dagrun for tutorial_taskflow_api to None, run_after=None
[2024-09-05T12:48:23.287+0000] {processor.py:183} INFO - Processing /home/airflow/.local/lib/python3.8/site-packages/airflow/example_dags/tutorial_taskflow_api.py took 0.074 seconds
[2024-09-05T12:48:53.392+0000] {processor.py:161} INFO - Started process (PID=463) to work on /home/airflow/.local/lib/python3.8/site-packages/airflow/example_dags/tutorial_taskflow_api.py
[2024-09-05T12:48:53.393+0000] {processor.py:830} INFO - Processing file /home/airflow/.local/lib/python3.8/site-packages/airflow/example_dags/tutorial_taskflow_api.py for tasks to queue
[2024-09-05T12:48:53.394+0000] {logging_mixin.py:188} INFO - [2024-09-05T12:48:53.394+0000] {dagbag.py:538} INFO - Filling up the DagBag from /home/airflow/.local/lib/python3.8/site-packages/airflow/example_dags/tutorial_taskflow_api.py
[2024-09-05T12:48:53.402+0000] {processor.py:840} INFO - DAG(s) 'tutorial_taskflow_api' retrieved from /home/airflow/.local/lib/python3.8/site-packages/airflow/example_dags/tutorial_taskflow_api.py
[2024-09-05T12:48:53.426+0000] {logging_mixin.py:188} INFO - [2024-09-05T12:48:53.425+0000] {dag.py:3036} INFO - Sync 1 DAGs
[2024-09-05T12:48:53.442+0000] {logging_mixin.py:188} INFO - [2024-09-05T12:48:53.442+0000] {dag.py:3823} INFO - Setting next_dagrun for tutorial_taskflow_api to None, run_after=None
[2024-09-05T12:48:53.466+0000] {processor.py:183} INFO - Processing /home/airflow/.local/lib/python3.8/site-packages/airflow/example_dags/tutorial_taskflow_api.py took 0.077 seconds
[2024-09-05T12:49:23.613+0000] {processor.py:161} INFO - Started process (PID=520) to work on /home/airflow/.local/lib/python3.8/site-packages/airflow/example_dags/tutorial_taskflow_api.py
[2024-09-05T12:49:23.613+0000] {processor.py:830} INFO - Processing file /home/airflow/.local/lib/python3.8/site-packages/airflow/example_dags/tutorial_taskflow_api.py for tasks to queue
[2024-09-05T12:49:23.614+0000] {logging_mixin.py:188} INFO - [2024-09-05T12:49:23.614+0000] {dagbag.py:538} INFO - Filling up the DagBag from /home/airflow/.local/lib/python3.8/site-packages/airflow/example_dags/tutorial_taskflow_api.py
[2024-09-05T12:49:23.622+0000] {processor.py:840} INFO - DAG(s) 'tutorial_taskflow_api' retrieved from /home/airflow/.local/lib/python3.8/site-packages/airflow/example_dags/tutorial_taskflow_api.py
[2024-09-05T12:49:23.646+0000] {logging_mixin.py:188} INFO - [2024-09-05T12:49:23.646+0000] {dag.py:3036} INFO - Sync 1 DAGs
[2024-09-05T12:49:23.662+0000] {logging_mixin.py:188} INFO - [2024-09-05T12:49:23.662+0000] {dag.py:3823} INFO - Setting next_dagrun for tutorial_taskflow_api to None, run_after=None
[2024-09-05T12:49:23.685+0000] {processor.py:183} INFO - Processing /home/airflow/.local/lib/python3.8/site-packages/airflow/example_dags/tutorial_taskflow_api.py took 0.075 seconds
[2024-09-05T12:49:53.868+0000] {processor.py:161} INFO - Started process (PID=577) to work on /home/airflow/.local/lib/python3.8/site-packages/airflow/example_dags/tutorial_taskflow_api.py
[2024-09-05T12:49:53.869+0000] {processor.py:830} INFO - Processing file /home/airflow/.local/lib/python3.8/site-packages/airflow/example_dags/tutorial_taskflow_api.py for tasks to queue
[2024-09-05T12:49:53.870+0000] {logging_mixin.py:188} INFO - [2024-09-05T12:49:53.870+0000] {dagbag.py:538} INFO - Filling up the DagBag from /home/airflow/.local/lib/python3.8/site-packages/airflow/example_dags/tutorial_taskflow_api.py
[2024-09-05T12:49:53.879+0000] {processor.py:840} INFO - DAG(s) 'tutorial_taskflow_api' retrieved from /home/airflow/.local/lib/python3.8/site-packages/airflow/example_dags/tutorial_taskflow_api.py
[2024-09-05T12:49:53.914+0000] {logging_mixin.py:188} INFO - [2024-09-05T12:49:53.913+0000] {dag.py:3036} INFO - Sync 1 DAGs
[2024-09-05T12:49:53.932+0000] {logging_mixin.py:188} INFO - [2024-09-05T12:49:53.932+0000] {dag.py:3823} INFO - Setting next_dagrun for tutorial_taskflow_api to None, run_after=None
[2024-09-05T12:49:53.962+0000] {processor.py:183} INFO - Processing /home/airflow/.local/lib/python3.8/site-packages/airflow/example_dags/tutorial_taskflow_api.py took 0.097 seconds
[2024-09-05T12:50:24.287+0000] {processor.py:161} INFO - Started process (PID=634) to work on /home/airflow/.local/lib/python3.8/site-packages/airflow/example_dags/tutorial_taskflow_api.py
[2024-09-05T12:50:24.288+0000] {processor.py:830} INFO - Processing file /home/airflow/.local/lib/python3.8/site-packages/airflow/example_dags/tutorial_taskflow_api.py for tasks to queue
[2024-09-05T12:50:24.290+0000] {logging_mixin.py:188} INFO - [2024-09-05T12:50:24.289+0000] {dagbag.py:538} INFO - Filling up the DagBag from /home/airflow/.local/lib/python3.8/site-packages/airflow/example_dags/tutorial_taskflow_api.py
[2024-09-05T12:50:24.298+0000] {processor.py:840} INFO - DAG(s) 'tutorial_taskflow_api' retrieved from /home/airflow/.local/lib/python3.8/site-packages/airflow/example_dags/tutorial_taskflow_api.py
[2024-09-05T12:50:24.327+0000] {logging_mixin.py:188} INFO - [2024-09-05T12:50:24.327+0000] {dag.py:3036} INFO - Sync 1 DAGs
[2024-09-05T12:50:24.348+0000] {logging_mixin.py:188} INFO - [2024-09-05T12:50:24.347+0000] {dag.py:3823} INFO - Setting next_dagrun for tutorial_taskflow_api to None, run_after=None
[2024-09-05T12:50:24.385+0000] {processor.py:183} INFO - Processing /home/airflow/.local/lib/python3.8/site-packages/airflow/example_dags/tutorial_taskflow_api.py took 0.102 seconds
[2024-09-05T12:50:54.560+0000] {processor.py:161} INFO - Started process (PID=692) to work on /home/airflow/.local/lib/python3.8/site-packages/airflow/example_dags/tutorial_taskflow_api.py
[2024-09-05T12:50:54.561+0000] {processor.py:830} INFO - Processing file /home/airflow/.local/lib/python3.8/site-packages/airflow/example_dags/tutorial_taskflow_api.py for tasks to queue
[2024-09-05T12:50:54.562+0000] {logging_mixin.py:188} INFO - [2024-09-05T12:50:54.561+0000] {dagbag.py:538} INFO - Filling up the DagBag from /home/airflow/.local/lib/python3.8/site-packages/airflow/example_dags/tutorial_taskflow_api.py
[2024-09-05T12:50:54.569+0000] {processor.py:840} INFO - DAG(s) 'tutorial_taskflow_api' retrieved from /home/airflow/.local/lib/python3.8/site-packages/airflow/example_dags/tutorial_taskflow_api.py
[2024-09-05T12:50:54.596+0000] {logging_mixin.py:188} INFO - [2024-09-05T12:50:54.595+0000] {dag.py:3036} INFO - Sync 1 DAGs
[2024-09-05T12:50:54.650+0000] {logging_mixin.py:188} INFO - [2024-09-05T12:50:54.650+0000] {dag.py:3823} INFO - Setting next_dagrun for tutorial_taskflow_api to None, run_after=None
[2024-09-05T12:50:54.668+0000] {processor.py:183} INFO - Processing /home/airflow/.local/lib/python3.8/site-packages/airflow/example_dags/tutorial_taskflow_api.py took 0.111 seconds
[2024-09-05T12:51:24.965+0000] {processor.py:161} INFO - Started process (PID=749) to work on /home/airflow/.local/lib/python3.8/site-packages/airflow/example_dags/tutorial_taskflow_api.py
[2024-09-05T12:51:24.966+0000] {processor.py:830} INFO - Processing file /home/airflow/.local/lib/python3.8/site-packages/airflow/example_dags/tutorial_taskflow_api.py for tasks to queue
[2024-09-05T12:51:24.967+0000] {logging_mixin.py:188} INFO - [2024-09-05T12:51:24.967+0000] {dagbag.py:538} INFO - Filling up the DagBag from /home/airflow/.local/lib/python3.8/site-packages/airflow/example_dags/tutorial_taskflow_api.py
[2024-09-05T12:51:24.974+0000] {processor.py:840} INFO - DAG(s) 'tutorial_taskflow_api' retrieved from /home/airflow/.local/lib/python3.8/site-packages/airflow/example_dags/tutorial_taskflow_api.py
[2024-09-05T12:51:25.001+0000] {logging_mixin.py:188} INFO - [2024-09-05T12:51:25.001+0000] {dag.py:3036} INFO - Sync 1 DAGs
[2024-09-05T12:51:25.015+0000] {logging_mixin.py:188} INFO - [2024-09-05T12:51:25.014+0000] {dag.py:3823} INFO - Setting next_dagrun for tutorial_taskflow_api to None, run_after=None
[2024-09-05T12:51:25.036+0000] {processor.py:183} INFO - Processing /home/airflow/.local/lib/python3.8/site-packages/airflow/example_dags/tutorial_taskflow_api.py took 0.075 seconds
[2024-09-05T12:51:55.244+0000] {processor.py:161} INFO - Started process (PID=806) to work on /home/airflow/.local/lib/python3.8/site-packages/airflow/example_dags/tutorial_taskflow_api.py
[2024-09-05T12:51:55.245+0000] {processor.py:830} INFO - Processing file /home/airflow/.local/lib/python3.8/site-packages/airflow/example_dags/tutorial_taskflow_api.py for tasks to queue
[2024-09-05T12:51:55.246+0000] {logging_mixin.py:188} INFO - [2024-09-05T12:51:55.245+0000] {dagbag.py:538} INFO - Filling up the DagBag from /home/airflow/.local/lib/python3.8/site-packages/airflow/example_dags/tutorial_taskflow_api.py
[2024-09-05T12:51:55.252+0000] {processor.py:840} INFO - DAG(s) 'tutorial_taskflow_api' retrieved from /home/airflow/.local/lib/python3.8/site-packages/airflow/example_dags/tutorial_taskflow_api.py
[2024-09-05T12:51:55.271+0000] {logging_mixin.py:188} INFO - [2024-09-05T12:51:55.271+0000] {dag.py:3036} INFO - Sync 1 DAGs
[2024-09-05T12:51:55.284+0000] {logging_mixin.py:188} INFO - [2024-09-05T12:51:55.283+0000] {dag.py:3823} INFO - Setting next_dagrun for tutorial_taskflow_api to None, run_after=None
[2024-09-05T12:51:55.304+0000] {processor.py:183} INFO - Processing /home/airflow/.local/lib/python3.8/site-packages/airflow/example_dags/tutorial_taskflow_api.py took 0.064 seconds
[2024-09-05T12:52:25.805+0000] {processor.py:161} INFO - Started process (PID=863) to work on /home/airflow/.local/lib/python3.8/site-packages/airflow/example_dags/tutorial_taskflow_api.py
[2024-09-05T12:52:25.806+0000] {processor.py:830} INFO - Processing file /home/airflow/.local/lib/python3.8/site-packages/airflow/example_dags/tutorial_taskflow_api.py for tasks to queue
[2024-09-05T12:52:25.807+0000] {logging_mixin.py:188} INFO - [2024-09-05T12:52:25.807+0000] {dagbag.py:538} INFO - Filling up the DagBag from /home/airflow/.local/lib/python3.8/site-packages/airflow/example_dags/tutorial_taskflow_api.py
[2024-09-05T12:52:25.813+0000] {processor.py:840} INFO - DAG(s) 'tutorial_taskflow_api' retrieved from /home/airflow/.local/lib/python3.8/site-packages/airflow/example_dags/tutorial_taskflow_api.py
[2024-09-05T12:52:25.834+0000] {logging_mixin.py:188} INFO - [2024-09-05T12:52:25.834+0000] {dag.py:3036} INFO - Sync 1 DAGs
[2024-09-05T12:52:25.846+0000] {logging_mixin.py:188} INFO - [2024-09-05T12:52:25.846+0000] {dag.py:3823} INFO - Setting next_dagrun for tutorial_taskflow_api to None, run_after=None
[2024-09-05T12:52:25.866+0000] {processor.py:183} INFO - Processing /home/airflow/.local/lib/python3.8/site-packages/airflow/example_dags/tutorial_taskflow_api.py took 0.066 seconds
[2024-09-05T12:52:56.695+0000] {processor.py:161} INFO - Started process (PID=919) to work on /home/airflow/.local/lib/python3.8/site-packages/airflow/example_dags/tutorial_taskflow_api.py
[2024-09-05T12:52:56.696+0000] {processor.py:830} INFO - Processing file /home/airflow/.local/lib/python3.8/site-packages/airflow/example_dags/tutorial_taskflow_api.py for tasks to queue
[2024-09-05T12:52:56.697+0000] {logging_mixin.py:188} INFO - [2024-09-05T12:52:56.697+0000] {dagbag.py:538} INFO - Filling up the DagBag from /home/airflow/.local/lib/python3.8/site-packages/airflow/example_dags/tutorial_taskflow_api.py
[2024-09-05T12:52:56.703+0000] {processor.py:840} INFO - DAG(s) 'tutorial_taskflow_api' retrieved from /home/airflow/.local/lib/python3.8/site-packages/airflow/example_dags/tutorial_taskflow_api.py
[2024-09-05T12:52:56.725+0000] {logging_mixin.py:188} INFO - [2024-09-05T12:52:56.725+0000] {dag.py:3036} INFO - Sync 1 DAGs
[2024-09-05T12:52:56.737+0000] {logging_mixin.py:188} INFO - [2024-09-05T12:52:56.736+0000] {dag.py:3823} INFO - Setting next_dagrun for tutorial_taskflow_api to None, run_after=None
[2024-09-05T12:52:56.766+0000] {processor.py:183} INFO - Processing /home/airflow/.local/lib/python3.8/site-packages/airflow/example_dags/tutorial_taskflow_api.py took 0.075 seconds
[2024-09-05T12:53:27.177+0000] {processor.py:161} INFO - Started process (PID=982) to work on /home/airflow/.local/lib/python3.8/site-packages/airflow/example_dags/tutorial_taskflow_api.py
[2024-09-05T12:53:27.178+0000] {processor.py:830} INFO - Processing file /home/airflow/.local/lib/python3.8/site-packages/airflow/example_dags/tutorial_taskflow_api.py for tasks to queue
[2024-09-05T12:53:27.181+0000] {logging_mixin.py:188} INFO - [2024-09-05T12:53:27.181+0000] {dagbag.py:538} INFO - Filling up the DagBag from /home/airflow/.local/lib/python3.8/site-packages/airflow/example_dags/tutorial_taskflow_api.py
[2024-09-05T12:53:27.191+0000] {processor.py:840} INFO - DAG(s) 'tutorial_taskflow_api' retrieved from /home/airflow/.local/lib/python3.8/site-packages/airflow/example_dags/tutorial_taskflow_api.py
[2024-09-05T12:53:27.230+0000] {logging_mixin.py:188} INFO - [2024-09-05T12:53:27.229+0000] {dag.py:3036} INFO - Sync 1 DAGs
[2024-09-05T12:53:27.251+0000] {logging_mixin.py:188} INFO - [2024-09-05T12:53:27.250+0000] {dag.py:3823} INFO - Setting next_dagrun for tutorial_taskflow_api to None, run_after=None
[2024-09-05T12:53:27.278+0000] {processor.py:183} INFO - Processing /home/airflow/.local/lib/python3.8/site-packages/airflow/example_dags/tutorial_taskflow_api.py took 0.105 seconds
[2024-09-05T12:53:57.390+0000] {processor.py:161} INFO - Started process (PID=1039) to work on /home/airflow/.local/lib/python3.8/site-packages/airflow/example_dags/tutorial_taskflow_api.py
[2024-09-05T12:53:57.392+0000] {processor.py:830} INFO - Processing file /home/airflow/.local/lib/python3.8/site-packages/airflow/example_dags/tutorial_taskflow_api.py for tasks to queue
[2024-09-05T12:53:57.393+0000] {logging_mixin.py:188} INFO - [2024-09-05T12:53:57.393+0000] {dagbag.py:538} INFO - Filling up the DagBag from /home/airflow/.local/lib/python3.8/site-packages/airflow/example_dags/tutorial_taskflow_api.py
[2024-09-05T12:53:57.403+0000] {processor.py:840} INFO - DAG(s) 'tutorial_taskflow_api' retrieved from /home/airflow/.local/lib/python3.8/site-packages/airflow/example_dags/tutorial_taskflow_api.py
[2024-09-05T12:53:57.438+0000] {logging_mixin.py:188} INFO - [2024-09-05T12:53:57.437+0000] {dag.py:3036} INFO - Sync 1 DAGs
[2024-09-05T12:53:57.456+0000] {logging_mixin.py:188} INFO - [2024-09-05T12:53:57.456+0000] {dag.py:3823} INFO - Setting next_dagrun for tutorial_taskflow_api to None, run_after=None
[2024-09-05T12:53:57.482+0000] {processor.py:183} INFO - Processing /home/airflow/.local/lib/python3.8/site-packages/airflow/example_dags/tutorial_taskflow_api.py took 0.096 seconds
[2024-09-05T12:54:27.528+0000] {processor.py:161} INFO - Started process (PID=1095) to work on /home/airflow/.local/lib/python3.8/site-packages/airflow/example_dags/tutorial_taskflow_api.py
[2024-09-05T12:54:27.529+0000] {processor.py:830} INFO - Processing file /home/airflow/.local/lib/python3.8/site-packages/airflow/example_dags/tutorial_taskflow_api.py for tasks to queue
[2024-09-05T12:54:27.530+0000] {logging_mixin.py:188} INFO - [2024-09-05T12:54:27.530+0000] {dagbag.py:538} INFO - Filling up the DagBag from /home/airflow/.local/lib/python3.8/site-packages/airflow/example_dags/tutorial_taskflow_api.py
[2024-09-05T12:54:27.537+0000] {processor.py:840} INFO - DAG(s) 'tutorial_taskflow_api' retrieved from /home/airflow/.local/lib/python3.8/site-packages/airflow/example_dags/tutorial_taskflow_api.py
[2024-09-05T12:54:27.564+0000] {logging_mixin.py:188} INFO - [2024-09-05T12:54:27.563+0000] {dag.py:3036} INFO - Sync 1 DAGs
[2024-09-05T12:54:27.578+0000] {logging_mixin.py:188} INFO - [2024-09-05T12:54:27.577+0000] {dag.py:3823} INFO - Setting next_dagrun for tutorial_taskflow_api to None, run_after=None
[2024-09-05T12:54:27.600+0000] {processor.py:183} INFO - Processing /home/airflow/.local/lib/python3.8/site-packages/airflow/example_dags/tutorial_taskflow_api.py took 0.079 seconds
[2024-09-05T12:54:57.819+0000] {processor.py:161} INFO - Started process (PID=1152) to work on /home/airflow/.local/lib/python3.8/site-packages/airflow/example_dags/tutorial_taskflow_api.py
[2024-09-05T12:54:57.820+0000] {processor.py:830} INFO - Processing file /home/airflow/.local/lib/python3.8/site-packages/airflow/example_dags/tutorial_taskflow_api.py for tasks to queue
[2024-09-05T12:54:57.821+0000] {logging_mixin.py:188} INFO - [2024-09-05T12:54:57.821+0000] {dagbag.py:538} INFO - Filling up the DagBag from /home/airflow/.local/lib/python3.8/site-packages/airflow/example_dags/tutorial_taskflow_api.py
[2024-09-05T12:54:57.828+0000] {processor.py:840} INFO - DAG(s) 'tutorial_taskflow_api' retrieved from /home/airflow/.local/lib/python3.8/site-packages/airflow/example_dags/tutorial_taskflow_api.py
[2024-09-05T12:54:57.850+0000] {logging_mixin.py:188} INFO - [2024-09-05T12:54:57.849+0000] {dag.py:3036} INFO - Sync 1 DAGs
[2024-09-05T12:54:57.862+0000] {logging_mixin.py:188} INFO - [2024-09-05T12:54:57.861+0000] {dag.py:3823} INFO - Setting next_dagrun for tutorial_taskflow_api to None, run_after=None
[2024-09-05T12:54:57.886+0000] {processor.py:183} INFO - Processing /home/airflow/.local/lib/python3.8/site-packages/airflow/example_dags/tutorial_taskflow_api.py took 0.070 seconds
[2024-09-05T12:55:27.958+0000] {processor.py:161} INFO - Started process (PID=1209) to work on /home/airflow/.local/lib/python3.8/site-packages/airflow/example_dags/tutorial_taskflow_api.py
[2024-09-05T12:55:27.959+0000] {processor.py:830} INFO - Processing file /home/airflow/.local/lib/python3.8/site-packages/airflow/example_dags/tutorial_taskflow_api.py for tasks to queue
[2024-09-05T12:55:27.960+0000] {logging_mixin.py:188} INFO - [2024-09-05T12:55:27.959+0000] {dagbag.py:538} INFO - Filling up the DagBag from /home/airflow/.local/lib/python3.8/site-packages/airflow/example_dags/tutorial_taskflow_api.py
[2024-09-05T12:55:27.968+0000] {processor.py:840} INFO - DAG(s) 'tutorial_taskflow_api' retrieved from /home/airflow/.local/lib/python3.8/site-packages/airflow/example_dags/tutorial_taskflow_api.py
[2024-09-05T12:55:27.989+0000] {logging_mixin.py:188} INFO - [2024-09-05T12:55:27.989+0000] {dag.py:3036} INFO - Sync 1 DAGs
[2024-09-05T12:55:28.004+0000] {logging_mixin.py:188} INFO - [2024-09-05T12:55:28.003+0000] {dag.py:3823} INFO - Setting next_dagrun for tutorial_taskflow_api to None, run_after=None
[2024-09-05T12:55:28.027+0000] {processor.py:183} INFO - Processing /home/airflow/.local/lib/python3.8/site-packages/airflow/example_dags/tutorial_taskflow_api.py took 0.072 seconds
[2024-09-05T12:55:58.289+0000] {processor.py:161} INFO - Started process (PID=1266) to work on /home/airflow/.local/lib/python3.8/site-packages/airflow/example_dags/tutorial_taskflow_api.py
[2024-09-05T12:55:58.289+0000] {processor.py:830} INFO - Processing file /home/airflow/.local/lib/python3.8/site-packages/airflow/example_dags/tutorial_taskflow_api.py for tasks to queue
[2024-09-05T12:55:58.291+0000] {logging_mixin.py:188} INFO - [2024-09-05T12:55:58.290+0000] {dagbag.py:538} INFO - Filling up the DagBag from /home/airflow/.local/lib/python3.8/site-packages/airflow/example_dags/tutorial_taskflow_api.py
[2024-09-05T12:55:58.297+0000] {processor.py:840} INFO - DAG(s) 'tutorial_taskflow_api' retrieved from /home/airflow/.local/lib/python3.8/site-packages/airflow/example_dags/tutorial_taskflow_api.py
[2024-09-05T12:55:58.318+0000] {logging_mixin.py:188} INFO - [2024-09-05T12:55:58.318+0000] {dag.py:3036} INFO - Sync 1 DAGs
[2024-09-05T12:55:58.333+0000] {logging_mixin.py:188} INFO - [2024-09-05T12:55:58.333+0000] {dag.py:3823} INFO - Setting next_dagrun for tutorial_taskflow_api to None, run_after=None
[2024-09-05T12:55:58.361+0000] {processor.py:183} INFO - Processing /home/airflow/.local/lib/python3.8/site-packages/airflow/example_dags/tutorial_taskflow_api.py took 0.075 seconds
[2024-09-05T12:56:28.446+0000] {processor.py:161} INFO - Started process (PID=1323) to work on /home/airflow/.local/lib/python3.8/site-packages/airflow/example_dags/tutorial_taskflow_api.py
[2024-09-05T12:56:28.447+0000] {processor.py:830} INFO - Processing file /home/airflow/.local/lib/python3.8/site-packages/airflow/example_dags/tutorial_taskflow_api.py for tasks to queue
[2024-09-05T12:56:28.449+0000] {logging_mixin.py:188} INFO - [2024-09-05T12:56:28.448+0000] {dagbag.py:538} INFO - Filling up the DagBag from /home/airflow/.local/lib/python3.8/site-packages/airflow/example_dags/tutorial_taskflow_api.py
[2024-09-05T12:56:28.457+0000] {processor.py:840} INFO - DAG(s) 'tutorial_taskflow_api' retrieved from /home/airflow/.local/lib/python3.8/site-packages/airflow/example_dags/tutorial_taskflow_api.py
[2024-09-05T12:56:28.485+0000] {logging_mixin.py:188} INFO - [2024-09-05T12:56:28.485+0000] {dag.py:3036} INFO - Sync 1 DAGs
[2024-09-05T12:56:28.501+0000] {logging_mixin.py:188} INFO - [2024-09-05T12:56:28.501+0000] {dag.py:3823} INFO - Setting next_dagrun for tutorial_taskflow_api to None, run_after=None
[2024-09-05T12:56:28.524+0000] {processor.py:183} INFO - Processing /home/airflow/.local/lib/python3.8/site-packages/airflow/example_dags/tutorial_taskflow_api.py took 0.082 seconds
[2024-09-05T12:56:58.602+0000] {processor.py:161} INFO - Started process (PID=1380) to work on /home/airflow/.local/lib/python3.8/site-packages/airflow/example_dags/tutorial_taskflow_api.py
[2024-09-05T12:56:58.603+0000] {processor.py:830} INFO - Processing file /home/airflow/.local/lib/python3.8/site-packages/airflow/example_dags/tutorial_taskflow_api.py for tasks to queue
[2024-09-05T12:56:58.604+0000] {logging_mixin.py:188} INFO - [2024-09-05T12:56:58.604+0000] {dagbag.py:538} INFO - Filling up the DagBag from /home/airflow/.local/lib/python3.8/site-packages/airflow/example_dags/tutorial_taskflow_api.py
[2024-09-05T12:56:58.612+0000] {processor.py:840} INFO - DAG(s) 'tutorial_taskflow_api' retrieved from /home/airflow/.local/lib/python3.8/site-packages/airflow/example_dags/tutorial_taskflow_api.py
[2024-09-05T12:56:58.634+0000] {logging_mixin.py:188} INFO - [2024-09-05T12:56:58.634+0000] {dag.py:3036} INFO - Sync 1 DAGs
[2024-09-05T12:56:58.648+0000] {logging_mixin.py:188} INFO - [2024-09-05T12:56:58.648+0000] {dag.py:3823} INFO - Setting next_dagrun for tutorial_taskflow_api to None, run_after=None
[2024-09-05T12:56:58.673+0000] {processor.py:183} INFO - Processing /home/airflow/.local/lib/python3.8/site-packages/airflow/example_dags/tutorial_taskflow_api.py took 0.075 seconds
[2024-09-05T12:57:28.800+0000] {processor.py:161} INFO - Started process (PID=1437) to work on /home/airflow/.local/lib/python3.8/site-packages/airflow/example_dags/tutorial_taskflow_api.py
[2024-09-05T12:57:28.801+0000] {processor.py:830} INFO - Processing file /home/airflow/.local/lib/python3.8/site-packages/airflow/example_dags/tutorial_taskflow_api.py for tasks to queue
[2024-09-05T12:57:28.801+0000] {logging_mixin.py:188} INFO - [2024-09-05T12:57:28.801+0000] {dagbag.py:538} INFO - Filling up the DagBag from /home/airflow/.local/lib/python3.8/site-packages/airflow/example_dags/tutorial_taskflow_api.py
[2024-09-05T12:57:28.809+0000] {processor.py:840} INFO - DAG(s) 'tutorial_taskflow_api' retrieved from /home/airflow/.local/lib/python3.8/site-packages/airflow/example_dags/tutorial_taskflow_api.py
[2024-09-05T12:57:28.834+0000] {logging_mixin.py:188} INFO - [2024-09-05T12:57:28.834+0000] {dag.py:3036} INFO - Sync 1 DAGs
[2024-09-05T12:57:28.849+0000] {logging_mixin.py:188} INFO - [2024-09-05T12:57:28.849+0000] {dag.py:3823} INFO - Setting next_dagrun for tutorial_taskflow_api to None, run_after=None
[2024-09-05T12:57:28.871+0000] {processor.py:183} INFO - Processing /home/airflow/.local/lib/python3.8/site-packages/airflow/example_dags/tutorial_taskflow_api.py took 0.074 seconds
[2024-09-05T12:57:59.598+0000] {processor.py:161} INFO - Started process (PID=1494) to work on /home/airflow/.local/lib/python3.8/site-packages/airflow/example_dags/tutorial_taskflow_api.py
[2024-09-05T12:57:59.599+0000] {processor.py:830} INFO - Processing file /home/airflow/.local/lib/python3.8/site-packages/airflow/example_dags/tutorial_taskflow_api.py for tasks to queue
[2024-09-05T12:57:59.600+0000] {logging_mixin.py:188} INFO - [2024-09-05T12:57:59.599+0000] {dagbag.py:538} INFO - Filling up the DagBag from /home/airflow/.local/lib/python3.8/site-packages/airflow/example_dags/tutorial_taskflow_api.py
[2024-09-05T12:57:59.607+0000] {processor.py:840} INFO - DAG(s) 'tutorial_taskflow_api' retrieved from /home/airflow/.local/lib/python3.8/site-packages/airflow/example_dags/tutorial_taskflow_api.py
[2024-09-05T12:57:59.630+0000] {logging_mixin.py:188} INFO - [2024-09-05T12:57:59.629+0000] {dag.py:3036} INFO - Sync 1 DAGs
[2024-09-05T12:57:59.642+0000] {logging_mixin.py:188} INFO - [2024-09-05T12:57:59.642+0000] {dag.py:3823} INFO - Setting next_dagrun for tutorial_taskflow_api to None, run_after=None
[2024-09-05T12:57:59.668+0000] {processor.py:183} INFO - Processing /home/airflow/.local/lib/python3.8/site-packages/airflow/example_dags/tutorial_taskflow_api.py took 0.074 seconds
[2024-09-05T12:58:29.854+0000] {processor.py:161} INFO - Started process (PID=1551) to work on /home/airflow/.local/lib/python3.8/site-packages/airflow/example_dags/tutorial_taskflow_api.py
[2024-09-05T12:58:29.855+0000] {processor.py:830} INFO - Processing file /home/airflow/.local/lib/python3.8/site-packages/airflow/example_dags/tutorial_taskflow_api.py for tasks to queue
[2024-09-05T12:58:29.856+0000] {logging_mixin.py:188} INFO - [2024-09-05T12:58:29.855+0000] {dagbag.py:538} INFO - Filling up the DagBag from /home/airflow/.local/lib/python3.8/site-packages/airflow/example_dags/tutorial_taskflow_api.py
[2024-09-05T12:58:29.865+0000] {processor.py:840} INFO - DAG(s) 'tutorial_taskflow_api' retrieved from /home/airflow/.local/lib/python3.8/site-packages/airflow/example_dags/tutorial_taskflow_api.py
[2024-09-05T12:58:29.892+0000] {logging_mixin.py:188} INFO - [2024-09-05T12:58:29.892+0000] {dag.py:3036} INFO - Sync 1 DAGs
[2024-09-05T12:58:29.911+0000] {logging_mixin.py:188} INFO - [2024-09-05T12:58:29.910+0000] {dag.py:3823} INFO - Setting next_dagrun for tutorial_taskflow_api to None, run_after=None
[2024-09-05T12:58:29.939+0000] {processor.py:183} INFO - Processing /home/airflow/.local/lib/python3.8/site-packages/airflow/example_dags/tutorial_taskflow_api.py took 0.090 seconds
[2024-09-05T12:59:00.271+0000] {processor.py:161} INFO - Started process (PID=1608) to work on /home/airflow/.local/lib/python3.8/site-packages/airflow/example_dags/tutorial_taskflow_api.py
[2024-09-05T12:59:00.273+0000] {processor.py:830} INFO - Processing file /home/airflow/.local/lib/python3.8/site-packages/airflow/example_dags/tutorial_taskflow_api.py for tasks to queue
[2024-09-05T12:59:00.274+0000] {logging_mixin.py:188} INFO - [2024-09-05T12:59:00.273+0000] {dagbag.py:538} INFO - Filling up the DagBag from /home/airflow/.local/lib/python3.8/site-packages/airflow/example_dags/tutorial_taskflow_api.py
[2024-09-05T12:59:00.280+0000] {processor.py:840} INFO - DAG(s) 'tutorial_taskflow_api' retrieved from /home/airflow/.local/lib/python3.8/site-packages/airflow/example_dags/tutorial_taskflow_api.py
[2024-09-05T12:59:00.303+0000] {logging_mixin.py:188} INFO - [2024-09-05T12:59:00.302+0000] {dag.py:3036} INFO - Sync 1 DAGs
[2024-09-05T12:59:00.317+0000] {logging_mixin.py:188} INFO - [2024-09-05T12:59:00.317+0000] {dag.py:3823} INFO - Setting next_dagrun for tutorial_taskflow_api to None, run_after=None
[2024-09-05T12:59:00.343+0000] {processor.py:183} INFO - Processing /home/airflow/.local/lib/python3.8/site-packages/airflow/example_dags/tutorial_taskflow_api.py took 0.075 seconds
[2024-09-05T12:59:30.700+0000] {processor.py:161} INFO - Started process (PID=1665) to work on /home/airflow/.local/lib/python3.8/site-packages/airflow/example_dags/tutorial_taskflow_api.py
[2024-09-05T12:59:30.701+0000] {processor.py:830} INFO - Processing file /home/airflow/.local/lib/python3.8/site-packages/airflow/example_dags/tutorial_taskflow_api.py for tasks to queue
[2024-09-05T12:59:30.702+0000] {logging_mixin.py:188} INFO - [2024-09-05T12:59:30.702+0000] {dagbag.py:538} INFO - Filling up the DagBag from /home/airflow/.local/lib/python3.8/site-packages/airflow/example_dags/tutorial_taskflow_api.py
[2024-09-05T12:59:30.708+0000] {processor.py:840} INFO - DAG(s) 'tutorial_taskflow_api' retrieved from /home/airflow/.local/lib/python3.8/site-packages/airflow/example_dags/tutorial_taskflow_api.py
[2024-09-05T12:59:30.732+0000] {logging_mixin.py:188} INFO - [2024-09-05T12:59:30.732+0000] {dag.py:3036} INFO - Sync 1 DAGs
[2024-09-05T12:59:30.746+0000] {logging_mixin.py:188} INFO - [2024-09-05T12:59:30.746+0000] {dag.py:3823} INFO - Setting next_dagrun for tutorial_taskflow_api to None, run_after=None
[2024-09-05T12:59:30.772+0000] {processor.py:183} INFO - Processing /home/airflow/.local/lib/python3.8/site-packages/airflow/example_dags/tutorial_taskflow_api.py took 0.076 seconds
[2024-09-05T13:00:00.941+0000] {processor.py:161} INFO - Started process (PID=1722) to work on /home/airflow/.local/lib/python3.8/site-packages/airflow/example_dags/tutorial_taskflow_api.py
[2024-09-05T13:00:00.942+0000] {processor.py:830} INFO - Processing file /home/airflow/.local/lib/python3.8/site-packages/airflow/example_dags/tutorial_taskflow_api.py for tasks to queue
[2024-09-05T13:00:00.943+0000] {logging_mixin.py:188} INFO - [2024-09-05T13:00:00.943+0000] {dagbag.py:538} INFO - Filling up the DagBag from /home/airflow/.local/lib/python3.8/site-packages/airflow/example_dags/tutorial_taskflow_api.py
[2024-09-05T13:00:00.951+0000] {processor.py:840} INFO - DAG(s) 'tutorial_taskflow_api' retrieved from /home/airflow/.local/lib/python3.8/site-packages/airflow/example_dags/tutorial_taskflow_api.py
[2024-09-05T13:00:00.972+0000] {logging_mixin.py:188} INFO - [2024-09-05T13:00:00.972+0000] {dag.py:3036} INFO - Sync 1 DAGs
[2024-09-05T13:00:00.986+0000] {logging_mixin.py:188} INFO - [2024-09-05T13:00:00.986+0000] {dag.py:3823} INFO - Setting next_dagrun for tutorial_taskflow_api to None, run_after=None
[2024-09-05T13:00:01.009+0000] {processor.py:183} INFO - Processing /home/airflow/.local/lib/python3.8/site-packages/airflow/example_dags/tutorial_taskflow_api.py took 0.072 seconds
[2024-09-05T13:00:31.258+0000] {processor.py:161} INFO - Started process (PID=1779) to work on /home/airflow/.local/lib/python3.8/site-packages/airflow/example_dags/tutorial_taskflow_api.py
[2024-09-05T13:00:31.259+0000] {processor.py:830} INFO - Processing file /home/airflow/.local/lib/python3.8/site-packages/airflow/example_dags/tutorial_taskflow_api.py for tasks to queue
[2024-09-05T13:00:31.260+0000] {logging_mixin.py:188} INFO - [2024-09-05T13:00:31.260+0000] {dagbag.py:538} INFO - Filling up the DagBag from /home/airflow/.local/lib/python3.8/site-packages/airflow/example_dags/tutorial_taskflow_api.py
[2024-09-05T13:00:31.266+0000] {processor.py:840} INFO - DAG(s) 'tutorial_taskflow_api' retrieved from /home/airflow/.local/lib/python3.8/site-packages/airflow/example_dags/tutorial_taskflow_api.py
[2024-09-05T13:00:31.292+0000] {logging_mixin.py:188} INFO - [2024-09-05T13:00:31.292+0000] {dag.py:3036} INFO - Sync 1 DAGs
[2024-09-05T13:00:31.326+0000] {logging_mixin.py:188} INFO - [2024-09-05T13:00:31.326+0000] {dag.py:3823} INFO - Setting next_dagrun for tutorial_taskflow_api to None, run_after=None
[2024-09-05T13:00:31.347+0000] {processor.py:183} INFO - Processing /home/airflow/.local/lib/python3.8/site-packages/airflow/example_dags/tutorial_taskflow_api.py took 0.092 seconds
[2024-09-05T13:01:01.413+0000] {processor.py:161} INFO - Started process (PID=1836) to work on /home/airflow/.local/lib/python3.8/site-packages/airflow/example_dags/tutorial_taskflow_api.py
[2024-09-05T13:01:01.414+0000] {processor.py:830} INFO - Processing file /home/airflow/.local/lib/python3.8/site-packages/airflow/example_dags/tutorial_taskflow_api.py for tasks to queue
[2024-09-05T13:01:01.415+0000] {logging_mixin.py:188} INFO - [2024-09-05T13:01:01.415+0000] {dagbag.py:538} INFO - Filling up the DagBag from /home/airflow/.local/lib/python3.8/site-packages/airflow/example_dags/tutorial_taskflow_api.py
[2024-09-05T13:01:01.422+0000] {processor.py:840} INFO - DAG(s) 'tutorial_taskflow_api' retrieved from /home/airflow/.local/lib/python3.8/site-packages/airflow/example_dags/tutorial_taskflow_api.py
[2024-09-05T13:01:01.449+0000] {logging_mixin.py:188} INFO - [2024-09-05T13:01:01.449+0000] {dag.py:3036} INFO - Sync 1 DAGs
[2024-09-05T13:01:01.464+0000] {logging_mixin.py:188} INFO - [2024-09-05T13:01:01.464+0000] {dag.py:3823} INFO - Setting next_dagrun for tutorial_taskflow_api to None, run_after=None
[2024-09-05T13:01:01.495+0000] {processor.py:183} INFO - Processing /home/airflow/.local/lib/python3.8/site-packages/airflow/example_dags/tutorial_taskflow_api.py took 0.086 seconds
[2024-09-05T13:01:31.731+0000] {processor.py:161} INFO - Started process (PID=1892) to work on /home/airflow/.local/lib/python3.8/site-packages/airflow/example_dags/tutorial_taskflow_api.py
[2024-09-05T13:01:31.732+0000] {processor.py:830} INFO - Processing file /home/airflow/.local/lib/python3.8/site-packages/airflow/example_dags/tutorial_taskflow_api.py for tasks to queue
[2024-09-05T13:01:31.733+0000] {logging_mixin.py:188} INFO - [2024-09-05T13:01:31.733+0000] {dagbag.py:538} INFO - Filling up the DagBag from /home/airflow/.local/lib/python3.8/site-packages/airflow/example_dags/tutorial_taskflow_api.py
[2024-09-05T13:01:31.740+0000] {processor.py:840} INFO - DAG(s) 'tutorial_taskflow_api' retrieved from /home/airflow/.local/lib/python3.8/site-packages/airflow/example_dags/tutorial_taskflow_api.py
[2024-09-05T13:01:31.760+0000] {logging_mixin.py:188} INFO - [2024-09-05T13:01:31.759+0000] {dag.py:3036} INFO - Sync 1 DAGs
[2024-09-05T13:01:31.775+0000] {logging_mixin.py:188} INFO - [2024-09-05T13:01:31.775+0000] {dag.py:3823} INFO - Setting next_dagrun for tutorial_taskflow_api to None, run_after=None
[2024-09-05T13:01:31.798+0000] {processor.py:183} INFO - Processing /home/airflow/.local/lib/python3.8/site-packages/airflow/example_dags/tutorial_taskflow_api.py took 0.070 seconds
[2024-09-05T13:02:02.064+0000] {processor.py:161} INFO - Started process (PID=1949) to work on /home/airflow/.local/lib/python3.8/site-packages/airflow/example_dags/tutorial_taskflow_api.py
[2024-09-05T13:02:02.065+0000] {processor.py:830} INFO - Processing file /home/airflow/.local/lib/python3.8/site-packages/airflow/example_dags/tutorial_taskflow_api.py for tasks to queue
[2024-09-05T13:02:02.066+0000] {logging_mixin.py:188} INFO - [2024-09-05T13:02:02.065+0000] {dagbag.py:538} INFO - Filling up the DagBag from /home/airflow/.local/lib/python3.8/site-packages/airflow/example_dags/tutorial_taskflow_api.py
[2024-09-05T13:02:02.072+0000] {processor.py:840} INFO - DAG(s) 'tutorial_taskflow_api' retrieved from /home/airflow/.local/lib/python3.8/site-packages/airflow/example_dags/tutorial_taskflow_api.py
[2024-09-05T13:02:02.092+0000] {logging_mixin.py:188} INFO - [2024-09-05T13:02:02.092+0000] {dag.py:3036} INFO - Sync 1 DAGs
[2024-09-05T13:02:02.105+0000] {logging_mixin.py:188} INFO - [2024-09-05T13:02:02.105+0000] {dag.py:3823} INFO - Setting next_dagrun for tutorial_taskflow_api to None, run_after=None
[2024-09-05T13:02:02.128+0000] {processor.py:183} INFO - Processing /home/airflow/.local/lib/python3.8/site-packages/airflow/example_dags/tutorial_taskflow_api.py took 0.067 seconds
[2024-09-05T13:02:32.820+0000] {processor.py:161} INFO - Started process (PID=2004) to work on /home/airflow/.local/lib/python3.8/site-packages/airflow/example_dags/tutorial_taskflow_api.py
[2024-09-05T13:02:32.821+0000] {processor.py:830} INFO - Processing file /home/airflow/.local/lib/python3.8/site-packages/airflow/example_dags/tutorial_taskflow_api.py for tasks to queue
[2024-09-05T13:02:32.822+0000] {logging_mixin.py:188} INFO - [2024-09-05T13:02:32.822+0000] {dagbag.py:538} INFO - Filling up the DagBag from /home/airflow/.local/lib/python3.8/site-packages/airflow/example_dags/tutorial_taskflow_api.py
[2024-09-05T13:02:32.830+0000] {processor.py:840} INFO - DAG(s) 'tutorial_taskflow_api' retrieved from /home/airflow/.local/lib/python3.8/site-packages/airflow/example_dags/tutorial_taskflow_api.py
[2024-09-05T13:02:32.850+0000] {logging_mixin.py:188} INFO - [2024-09-05T13:02:32.850+0000] {dag.py:3036} INFO - Sync 1 DAGs
[2024-09-05T13:02:32.864+0000] {logging_mixin.py:188} INFO - [2024-09-05T13:02:32.863+0000] {dag.py:3823} INFO - Setting next_dagrun for tutorial_taskflow_api to None, run_after=None
[2024-09-05T13:02:32.886+0000] {processor.py:183} INFO - Processing /home/airflow/.local/lib/python3.8/site-packages/airflow/example_dags/tutorial_taskflow_api.py took 0.069 seconds
[2024-09-05T13:03:03.279+0000] {processor.py:161} INFO - Started process (PID=2061) to work on /home/airflow/.local/lib/python3.8/site-packages/airflow/example_dags/tutorial_taskflow_api.py
[2024-09-05T13:03:03.281+0000] {processor.py:830} INFO - Processing file /home/airflow/.local/lib/python3.8/site-packages/airflow/example_dags/tutorial_taskflow_api.py for tasks to queue
[2024-09-05T13:03:03.282+0000] {logging_mixin.py:188} INFO - [2024-09-05T13:03:03.282+0000] {dagbag.py:538} INFO - Filling up the DagBag from /home/airflow/.local/lib/python3.8/site-packages/airflow/example_dags/tutorial_taskflow_api.py
[2024-09-05T13:03:03.288+0000] {processor.py:840} INFO - DAG(s) 'tutorial_taskflow_api' retrieved from /home/airflow/.local/lib/python3.8/site-packages/airflow/example_dags/tutorial_taskflow_api.py
[2024-09-05T13:03:03.308+0000] {logging_mixin.py:188} INFO - [2024-09-05T13:03:03.308+0000] {dag.py:3036} INFO - Sync 1 DAGs
[2024-09-05T13:03:03.321+0000] {logging_mixin.py:188} INFO - [2024-09-05T13:03:03.321+0000] {dag.py:3823} INFO - Setting next_dagrun for tutorial_taskflow_api to None, run_after=None
[2024-09-05T13:03:03.343+0000] {processor.py:183} INFO - Processing /home/airflow/.local/lib/python3.8/site-packages/airflow/example_dags/tutorial_taskflow_api.py took 0.066 seconds
[2024-09-05T13:03:33.519+0000] {processor.py:161} INFO - Started process (PID=2118) to work on /home/airflow/.local/lib/python3.8/site-packages/airflow/example_dags/tutorial_taskflow_api.py
[2024-09-05T13:03:33.520+0000] {processor.py:830} INFO - Processing file /home/airflow/.local/lib/python3.8/site-packages/airflow/example_dags/tutorial_taskflow_api.py for tasks to queue
[2024-09-05T13:03:33.522+0000] {logging_mixin.py:188} INFO - [2024-09-05T13:03:33.521+0000] {dagbag.py:538} INFO - Filling up the DagBag from /home/airflow/.local/lib/python3.8/site-packages/airflow/example_dags/tutorial_taskflow_api.py
[2024-09-05T13:03:33.530+0000] {processor.py:840} INFO - DAG(s) 'tutorial_taskflow_api' retrieved from /home/airflow/.local/lib/python3.8/site-packages/airflow/example_dags/tutorial_taskflow_api.py
[2024-09-05T13:03:33.550+0000] {logging_mixin.py:188} INFO - [2024-09-05T13:03:33.550+0000] {dag.py:3036} INFO - Sync 1 DAGs
[2024-09-05T13:03:33.564+0000] {logging_mixin.py:188} INFO - [2024-09-05T13:03:33.564+0000] {dag.py:3823} INFO - Setting next_dagrun for tutorial_taskflow_api to None, run_after=None
[2024-09-05T13:03:33.592+0000] {processor.py:183} INFO - Processing /home/airflow/.local/lib/python3.8/site-packages/airflow/example_dags/tutorial_taskflow_api.py took 0.077 seconds
[2024-09-05T13:04:03.709+0000] {processor.py:161} INFO - Started process (PID=2174) to work on /home/airflow/.local/lib/python3.8/site-packages/airflow/example_dags/tutorial_taskflow_api.py
[2024-09-05T13:04:03.710+0000] {processor.py:830} INFO - Processing file /home/airflow/.local/lib/python3.8/site-packages/airflow/example_dags/tutorial_taskflow_api.py for tasks to queue
[2024-09-05T13:04:03.711+0000] {logging_mixin.py:188} INFO - [2024-09-05T13:04:03.711+0000] {dagbag.py:538} INFO - Filling up the DagBag from /home/airflow/.local/lib/python3.8/site-packages/airflow/example_dags/tutorial_taskflow_api.py
[2024-09-05T13:04:03.717+0000] {processor.py:840} INFO - DAG(s) 'tutorial_taskflow_api' retrieved from /home/airflow/.local/lib/python3.8/site-packages/airflow/example_dags/tutorial_taskflow_api.py
[2024-09-05T13:04:03.737+0000] {logging_mixin.py:188} INFO - [2024-09-05T13:04:03.737+0000] {dag.py:3036} INFO - Sync 1 DAGs
[2024-09-05T13:04:03.750+0000] {logging_mixin.py:188} INFO - [2024-09-05T13:04:03.749+0000] {dag.py:3823} INFO - Setting next_dagrun for tutorial_taskflow_api to None, run_after=None
[2024-09-05T13:04:03.781+0000] {processor.py:183} INFO - Processing /home/airflow/.local/lib/python3.8/site-packages/airflow/example_dags/tutorial_taskflow_api.py took 0.076 seconds
[2024-09-05T13:04:34.482+0000] {processor.py:161} INFO - Started process (PID=2233) to work on /home/airflow/.local/lib/python3.8/site-packages/airflow/example_dags/tutorial_taskflow_api.py
[2024-09-05T13:04:34.483+0000] {processor.py:830} INFO - Processing file /home/airflow/.local/lib/python3.8/site-packages/airflow/example_dags/tutorial_taskflow_api.py for tasks to queue
[2024-09-05T13:04:34.485+0000] {logging_mixin.py:188} INFO - [2024-09-05T13:04:34.484+0000] {dagbag.py:538} INFO - Filling up the DagBag from /home/airflow/.local/lib/python3.8/site-packages/airflow/example_dags/tutorial_taskflow_api.py
[2024-09-05T13:04:34.535+0000] {processor.py:840} INFO - DAG(s) 'tutorial_taskflow_api' retrieved from /home/airflow/.local/lib/python3.8/site-packages/airflow/example_dags/tutorial_taskflow_api.py
[2024-09-05T13:04:34.563+0000] {logging_mixin.py:188} INFO - [2024-09-05T13:04:34.563+0000] {dag.py:3036} INFO - Sync 1 DAGs
[2024-09-05T13:04:34.578+0000] {logging_mixin.py:188} INFO - [2024-09-05T13:04:34.577+0000] {dag.py:3823} INFO - Setting next_dagrun for tutorial_taskflow_api to None, run_after=None
[2024-09-05T13:04:34.602+0000] {processor.py:183} INFO - Processing /home/airflow/.local/lib/python3.8/site-packages/airflow/example_dags/tutorial_taskflow_api.py took 0.123 seconds
[2024-09-05T13:06:22.580+0000] {processor.py:161} INFO - Started process (PID=63) to work on /home/airflow/.local/lib/python3.8/site-packages/airflow/example_dags/tutorial_taskflow_api.py
[2024-09-05T13:06:22.582+0000] {processor.py:830} INFO - Processing file /home/airflow/.local/lib/python3.8/site-packages/airflow/example_dags/tutorial_taskflow_api.py for tasks to queue
[2024-09-05T13:06:22.584+0000] {logging_mixin.py:188} INFO - [2024-09-05T13:06:22.583+0000] {dagbag.py:538} INFO - Filling up the DagBag from /home/airflow/.local/lib/python3.8/site-packages/airflow/example_dags/tutorial_taskflow_api.py
[2024-09-05T13:06:22.601+0000] {processor.py:840} INFO - DAG(s) 'tutorial_taskflow_api' retrieved from /home/airflow/.local/lib/python3.8/site-packages/airflow/example_dags/tutorial_taskflow_api.py
[2024-09-05T13:06:22.636+0000] {logging_mixin.py:188} INFO - [2024-09-05T13:06:22.636+0000] {dag.py:3036} INFO - Sync 1 DAGs
[2024-09-05T13:06:22.667+0000] {logging_mixin.py:188} INFO - [2024-09-05T13:06:22.667+0000] {dag.py:3823} INFO - Setting next_dagrun for tutorial_taskflow_api to None, run_after=None
[2024-09-05T13:06:22.696+0000] {processor.py:183} INFO - Processing /home/airflow/.local/lib/python3.8/site-packages/airflow/example_dags/tutorial_taskflow_api.py took 0.119 seconds
[2024-09-05T13:06:52.965+0000] {processor.py:161} INFO - Started process (PID=120) to work on /home/airflow/.local/lib/python3.8/site-packages/airflow/example_dags/tutorial_taskflow_api.py
[2024-09-05T13:06:52.966+0000] {processor.py:830} INFO - Processing file /home/airflow/.local/lib/python3.8/site-packages/airflow/example_dags/tutorial_taskflow_api.py for tasks to queue
[2024-09-05T13:06:52.967+0000] {logging_mixin.py:188} INFO - [2024-09-05T13:06:52.967+0000] {dagbag.py:538} INFO - Filling up the DagBag from /home/airflow/.local/lib/python3.8/site-packages/airflow/example_dags/tutorial_taskflow_api.py
[2024-09-05T13:06:52.975+0000] {processor.py:840} INFO - DAG(s) 'tutorial_taskflow_api' retrieved from /home/airflow/.local/lib/python3.8/site-packages/airflow/example_dags/tutorial_taskflow_api.py
[2024-09-05T13:06:53.078+0000] {logging_mixin.py:188} INFO - [2024-09-05T13:06:53.078+0000] {dag.py:3036} INFO - Sync 1 DAGs
[2024-09-05T13:06:53.088+0000] {logging_mixin.py:188} INFO - [2024-09-05T13:06:53.088+0000] {dag.py:3823} INFO - Setting next_dagrun for tutorial_taskflow_api to None, run_after=None
[2024-09-05T13:06:53.107+0000] {processor.py:183} INFO - Processing /home/airflow/.local/lib/python3.8/site-packages/airflow/example_dags/tutorial_taskflow_api.py took 0.145 seconds
[2024-09-05T13:07:23.164+0000] {processor.py:161} INFO - Started process (PID=177) to work on /home/airflow/.local/lib/python3.8/site-packages/airflow/example_dags/tutorial_taskflow_api.py
[2024-09-05T13:07:23.165+0000] {processor.py:830} INFO - Processing file /home/airflow/.local/lib/python3.8/site-packages/airflow/example_dags/tutorial_taskflow_api.py for tasks to queue
[2024-09-05T13:07:23.166+0000] {logging_mixin.py:188} INFO - [2024-09-05T13:07:23.166+0000] {dagbag.py:538} INFO - Filling up the DagBag from /home/airflow/.local/lib/python3.8/site-packages/airflow/example_dags/tutorial_taskflow_api.py
[2024-09-05T13:07:23.174+0000] {processor.py:840} INFO - DAG(s) 'tutorial_taskflow_api' retrieved from /home/airflow/.local/lib/python3.8/site-packages/airflow/example_dags/tutorial_taskflow_api.py
[2024-09-05T13:07:23.198+0000] {logging_mixin.py:188} INFO - [2024-09-05T13:07:23.197+0000] {dag.py:3036} INFO - Sync 1 DAGs
[2024-09-05T13:07:23.213+0000] {logging_mixin.py:188} INFO - [2024-09-05T13:07:23.212+0000] {dag.py:3823} INFO - Setting next_dagrun for tutorial_taskflow_api to None, run_after=None
[2024-09-05T13:07:23.234+0000] {processor.py:183} INFO - Processing /home/airflow/.local/lib/python3.8/site-packages/airflow/example_dags/tutorial_taskflow_api.py took 0.073 seconds
[2024-09-05T13:07:53.759+0000] {processor.py:161} INFO - Started process (PID=234) to work on /home/airflow/.local/lib/python3.8/site-packages/airflow/example_dags/tutorial_taskflow_api.py
[2024-09-05T13:07:53.760+0000] {processor.py:830} INFO - Processing file /home/airflow/.local/lib/python3.8/site-packages/airflow/example_dags/tutorial_taskflow_api.py for tasks to queue
[2024-09-05T13:07:53.761+0000] {logging_mixin.py:188} INFO - [2024-09-05T13:07:53.761+0000] {dagbag.py:538} INFO - Filling up the DagBag from /home/airflow/.local/lib/python3.8/site-packages/airflow/example_dags/tutorial_taskflow_api.py
[2024-09-05T13:07:53.770+0000] {processor.py:840} INFO - DAG(s) 'tutorial_taskflow_api' retrieved from /home/airflow/.local/lib/python3.8/site-packages/airflow/example_dags/tutorial_taskflow_api.py
[2024-09-05T13:07:53.801+0000] {logging_mixin.py:188} INFO - [2024-09-05T13:07:53.800+0000] {dag.py:3036} INFO - Sync 1 DAGs
[2024-09-05T13:07:53.817+0000] {logging_mixin.py:188} INFO - [2024-09-05T13:07:53.817+0000] {dag.py:3823} INFO - Setting next_dagrun for tutorial_taskflow_api to None, run_after=None
[2024-09-05T13:07:53.842+0000] {processor.py:183} INFO - Processing /home/airflow/.local/lib/python3.8/site-packages/airflow/example_dags/tutorial_taskflow_api.py took 0.087 seconds
[2024-09-05T13:08:23.957+0000] {processor.py:161} INFO - Started process (PID=291) to work on /home/airflow/.local/lib/python3.8/site-packages/airflow/example_dags/tutorial_taskflow_api.py
[2024-09-05T13:08:23.957+0000] {processor.py:830} INFO - Processing file /home/airflow/.local/lib/python3.8/site-packages/airflow/example_dags/tutorial_taskflow_api.py for tasks to queue
[2024-09-05T13:08:23.959+0000] {logging_mixin.py:188} INFO - [2024-09-05T13:08:23.958+0000] {dagbag.py:538} INFO - Filling up the DagBag from /home/airflow/.local/lib/python3.8/site-packages/airflow/example_dags/tutorial_taskflow_api.py
[2024-09-05T13:08:23.965+0000] {processor.py:840} INFO - DAG(s) 'tutorial_taskflow_api' retrieved from /home/airflow/.local/lib/python3.8/site-packages/airflow/example_dags/tutorial_taskflow_api.py
[2024-09-05T13:08:23.986+0000] {logging_mixin.py:188} INFO - [2024-09-05T13:08:23.986+0000] {dag.py:3036} INFO - Sync 1 DAGs
[2024-09-05T13:08:23.998+0000] {logging_mixin.py:188} INFO - [2024-09-05T13:08:23.997+0000] {dag.py:3823} INFO - Setting next_dagrun for tutorial_taskflow_api to None, run_after=None
[2024-09-05T13:08:24.017+0000] {processor.py:183} INFO - Processing /home/airflow/.local/lib/python3.8/site-packages/airflow/example_dags/tutorial_taskflow_api.py took 0.064 seconds
[2024-09-05T13:08:54.637+0000] {processor.py:161} INFO - Started process (PID=348) to work on /home/airflow/.local/lib/python3.8/site-packages/airflow/example_dags/tutorial_taskflow_api.py
[2024-09-05T13:08:54.638+0000] {processor.py:830} INFO - Processing file /home/airflow/.local/lib/python3.8/site-packages/airflow/example_dags/tutorial_taskflow_api.py for tasks to queue
[2024-09-05T13:08:54.639+0000] {logging_mixin.py:188} INFO - [2024-09-05T13:08:54.638+0000] {dagbag.py:538} INFO - Filling up the DagBag from /home/airflow/.local/lib/python3.8/site-packages/airflow/example_dags/tutorial_taskflow_api.py
[2024-09-05T13:08:54.647+0000] {processor.py:840} INFO - DAG(s) 'tutorial_taskflow_api' retrieved from /home/airflow/.local/lib/python3.8/site-packages/airflow/example_dags/tutorial_taskflow_api.py
[2024-09-05T13:08:54.669+0000] {logging_mixin.py:188} INFO - [2024-09-05T13:08:54.669+0000] {dag.py:3036} INFO - Sync 1 DAGs
[2024-09-05T13:08:54.685+0000] {logging_mixin.py:188} INFO - [2024-09-05T13:08:54.684+0000] {dag.py:3823} INFO - Setting next_dagrun for tutorial_taskflow_api to None, run_after=None
[2024-09-05T13:08:54.708+0000] {processor.py:183} INFO - Processing /home/airflow/.local/lib/python3.8/site-packages/airflow/example_dags/tutorial_taskflow_api.py took 0.074 seconds
[2024-09-05T13:09:24.930+0000] {processor.py:161} INFO - Started process (PID=408) to work on /home/airflow/.local/lib/python3.8/site-packages/airflow/example_dags/tutorial_taskflow_api.py
[2024-09-05T13:09:24.931+0000] {processor.py:830} INFO - Processing file /home/airflow/.local/lib/python3.8/site-packages/airflow/example_dags/tutorial_taskflow_api.py for tasks to queue
[2024-09-05T13:09:24.932+0000] {logging_mixin.py:188} INFO - [2024-09-05T13:09:24.931+0000] {dagbag.py:538} INFO - Filling up the DagBag from /home/airflow/.local/lib/python3.8/site-packages/airflow/example_dags/tutorial_taskflow_api.py
[2024-09-05T13:09:24.938+0000] {processor.py:840} INFO - DAG(s) 'tutorial_taskflow_api' retrieved from /home/airflow/.local/lib/python3.8/site-packages/airflow/example_dags/tutorial_taskflow_api.py
[2024-09-05T13:09:24.960+0000] {logging_mixin.py:188} INFO - [2024-09-05T13:09:24.960+0000] {dag.py:3036} INFO - Sync 1 DAGs
[2024-09-05T13:09:24.973+0000] {logging_mixin.py:188} INFO - [2024-09-05T13:09:24.972+0000] {dag.py:3823} INFO - Setting next_dagrun for tutorial_taskflow_api to None, run_after=None
[2024-09-05T13:09:24.992+0000] {processor.py:183} INFO - Processing /home/airflow/.local/lib/python3.8/site-packages/airflow/example_dags/tutorial_taskflow_api.py took 0.065 seconds
[2024-09-05T13:09:55.394+0000] {processor.py:161} INFO - Started process (PID=466) to work on /home/airflow/.local/lib/python3.8/site-packages/airflow/example_dags/tutorial_taskflow_api.py
[2024-09-05T13:09:55.395+0000] {processor.py:830} INFO - Processing file /home/airflow/.local/lib/python3.8/site-packages/airflow/example_dags/tutorial_taskflow_api.py for tasks to queue
[2024-09-05T13:09:55.396+0000] {logging_mixin.py:188} INFO - [2024-09-05T13:09:55.395+0000] {dagbag.py:538} INFO - Filling up the DagBag from /home/airflow/.local/lib/python3.8/site-packages/airflow/example_dags/tutorial_taskflow_api.py
[2024-09-05T13:09:55.405+0000] {processor.py:840} INFO - DAG(s) 'tutorial_taskflow_api' retrieved from /home/airflow/.local/lib/python3.8/site-packages/airflow/example_dags/tutorial_taskflow_api.py
[2024-09-05T13:09:55.431+0000] {logging_mixin.py:188} INFO - [2024-09-05T13:09:55.431+0000] {dag.py:3036} INFO - Sync 1 DAGs
[2024-09-05T13:09:55.448+0000] {logging_mixin.py:188} INFO - [2024-09-05T13:09:55.447+0000] {dag.py:3823} INFO - Setting next_dagrun for tutorial_taskflow_api to None, run_after=None
[2024-09-05T13:09:55.471+0000] {processor.py:183} INFO - Processing /home/airflow/.local/lib/python3.8/site-packages/airflow/example_dags/tutorial_taskflow_api.py took 0.081 seconds
[2024-09-05T13:10:25.645+0000] {processor.py:161} INFO - Started process (PID=523) to work on /home/airflow/.local/lib/python3.8/site-packages/airflow/example_dags/tutorial_taskflow_api.py
[2024-09-05T13:10:25.646+0000] {processor.py:830} INFO - Processing file /home/airflow/.local/lib/python3.8/site-packages/airflow/example_dags/tutorial_taskflow_api.py for tasks to queue
[2024-09-05T13:10:25.648+0000] {logging_mixin.py:188} INFO - [2024-09-05T13:10:25.647+0000] {dagbag.py:538} INFO - Filling up the DagBag from /home/airflow/.local/lib/python3.8/site-packages/airflow/example_dags/tutorial_taskflow_api.py
[2024-09-05T13:10:25.657+0000] {processor.py:840} INFO - DAG(s) 'tutorial_taskflow_api' retrieved from /home/airflow/.local/lib/python3.8/site-packages/airflow/example_dags/tutorial_taskflow_api.py
[2024-09-05T13:10:25.691+0000] {logging_mixin.py:188} INFO - [2024-09-05T13:10:25.690+0000] {dag.py:3036} INFO - Sync 1 DAGs
[2024-09-05T13:10:25.713+0000] {logging_mixin.py:188} INFO - [2024-09-05T13:10:25.713+0000] {dag.py:3823} INFO - Setting next_dagrun for tutorial_taskflow_api to None, run_after=None
[2024-09-05T13:10:25.745+0000] {processor.py:183} INFO - Processing /home/airflow/.local/lib/python3.8/site-packages/airflow/example_dags/tutorial_taskflow_api.py took 0.108 seconds
[2024-09-05T13:10:56.578+0000] {processor.py:161} INFO - Started process (PID=580) to work on /home/airflow/.local/lib/python3.8/site-packages/airflow/example_dags/tutorial_taskflow_api.py
[2024-09-05T13:10:56.603+0000] {processor.py:830} INFO - Processing file /home/airflow/.local/lib/python3.8/site-packages/airflow/example_dags/tutorial_taskflow_api.py for tasks to queue
[2024-09-05T13:10:56.605+0000] {logging_mixin.py:188} INFO - [2024-09-05T13:10:56.604+0000] {dagbag.py:538} INFO - Filling up the DagBag from /home/airflow/.local/lib/python3.8/site-packages/airflow/example_dags/tutorial_taskflow_api.py
[2024-09-05T13:10:56.614+0000] {processor.py:840} INFO - DAG(s) 'tutorial_taskflow_api' retrieved from /home/airflow/.local/lib/python3.8/site-packages/airflow/example_dags/tutorial_taskflow_api.py
[2024-09-05T13:10:56.643+0000] {logging_mixin.py:188} INFO - [2024-09-05T13:10:56.642+0000] {dag.py:3036} INFO - Sync 1 DAGs
[2024-09-05T13:10:56.659+0000] {logging_mixin.py:188} INFO - [2024-09-05T13:10:56.659+0000] {dag.py:3823} INFO - Setting next_dagrun for tutorial_taskflow_api to None, run_after=None
[2024-09-05T13:10:56.681+0000] {processor.py:183} INFO - Processing /home/airflow/.local/lib/python3.8/site-packages/airflow/example_dags/tutorial_taskflow_api.py took 0.108 seconds
[2024-09-05T13:11:26.921+0000] {processor.py:161} INFO - Started process (PID=637) to work on /home/airflow/.local/lib/python3.8/site-packages/airflow/example_dags/tutorial_taskflow_api.py
[2024-09-05T13:11:26.921+0000] {processor.py:830} INFO - Processing file /home/airflow/.local/lib/python3.8/site-packages/airflow/example_dags/tutorial_taskflow_api.py for tasks to queue
[2024-09-05T13:11:26.922+0000] {logging_mixin.py:188} INFO - [2024-09-05T13:11:26.922+0000] {dagbag.py:538} INFO - Filling up the DagBag from /home/airflow/.local/lib/python3.8/site-packages/airflow/example_dags/tutorial_taskflow_api.py
[2024-09-05T13:11:26.929+0000] {processor.py:840} INFO - DAG(s) 'tutorial_taskflow_api' retrieved from /home/airflow/.local/lib/python3.8/site-packages/airflow/example_dags/tutorial_taskflow_api.py
[2024-09-05T13:11:26.952+0000] {logging_mixin.py:188} INFO - [2024-09-05T13:11:26.952+0000] {dag.py:3036} INFO - Sync 1 DAGs
[2024-09-05T13:11:26.964+0000] {logging_mixin.py:188} INFO - [2024-09-05T13:11:26.964+0000] {dag.py:3823} INFO - Setting next_dagrun for tutorial_taskflow_api to None, run_after=None
[2024-09-05T13:11:26.989+0000] {processor.py:183} INFO - Processing /home/airflow/.local/lib/python3.8/site-packages/airflow/example_dags/tutorial_taskflow_api.py took 0.072 seconds
[2024-09-05T13:11:57.451+0000] {processor.py:161} INFO - Started process (PID=695) to work on /home/airflow/.local/lib/python3.8/site-packages/airflow/example_dags/tutorial_taskflow_api.py
[2024-09-05T13:11:57.452+0000] {processor.py:830} INFO - Processing file /home/airflow/.local/lib/python3.8/site-packages/airflow/example_dags/tutorial_taskflow_api.py for tasks to queue
[2024-09-05T13:11:57.453+0000] {logging_mixin.py:188} INFO - [2024-09-05T13:11:57.453+0000] {dagbag.py:538} INFO - Filling up the DagBag from /home/airflow/.local/lib/python3.8/site-packages/airflow/example_dags/tutorial_taskflow_api.py
[2024-09-05T13:11:57.461+0000] {processor.py:840} INFO - DAG(s) 'tutorial_taskflow_api' retrieved from /home/airflow/.local/lib/python3.8/site-packages/airflow/example_dags/tutorial_taskflow_api.py
[2024-09-05T13:11:57.485+0000] {logging_mixin.py:188} INFO - [2024-09-05T13:11:57.485+0000] {dag.py:3036} INFO - Sync 1 DAGs
[2024-09-05T13:11:57.499+0000] {logging_mixin.py:188} INFO - [2024-09-05T13:11:57.498+0000] {dag.py:3823} INFO - Setting next_dagrun for tutorial_taskflow_api to None, run_after=None
[2024-09-05T13:11:57.523+0000] {processor.py:183} INFO - Processing /home/airflow/.local/lib/python3.8/site-packages/airflow/example_dags/tutorial_taskflow_api.py took 0.075 seconds
[2024-09-05T13:12:27.838+0000] {processor.py:161} INFO - Started process (PID=753) to work on /home/airflow/.local/lib/python3.8/site-packages/airflow/example_dags/tutorial_taskflow_api.py
[2024-09-05T13:12:27.839+0000] {processor.py:830} INFO - Processing file /home/airflow/.local/lib/python3.8/site-packages/airflow/example_dags/tutorial_taskflow_api.py for tasks to queue
[2024-09-05T13:12:27.840+0000] {logging_mixin.py:188} INFO - [2024-09-05T13:12:27.839+0000] {dagbag.py:538} INFO - Filling up the DagBag from /home/airflow/.local/lib/python3.8/site-packages/airflow/example_dags/tutorial_taskflow_api.py
[2024-09-05T13:12:27.847+0000] {processor.py:840} INFO - DAG(s) 'tutorial_taskflow_api' retrieved from /home/airflow/.local/lib/python3.8/site-packages/airflow/example_dags/tutorial_taskflow_api.py
[2024-09-05T13:12:27.866+0000] {logging_mixin.py:188} INFO - [2024-09-05T13:12:27.866+0000] {dag.py:3036} INFO - Sync 1 DAGs
[2024-09-05T13:12:27.880+0000] {logging_mixin.py:188} INFO - [2024-09-05T13:12:27.880+0000] {dag.py:3823} INFO - Setting next_dagrun for tutorial_taskflow_api to None, run_after=None
[2024-09-05T13:12:27.905+0000] {processor.py:183} INFO - Processing /home/airflow/.local/lib/python3.8/site-packages/airflow/example_dags/tutorial_taskflow_api.py took 0.071 seconds
[2024-09-05T13:12:58.208+0000] {processor.py:161} INFO - Started process (PID=810) to work on /home/airflow/.local/lib/python3.8/site-packages/airflow/example_dags/tutorial_taskflow_api.py
[2024-09-05T13:12:58.208+0000] {processor.py:830} INFO - Processing file /home/airflow/.local/lib/python3.8/site-packages/airflow/example_dags/tutorial_taskflow_api.py for tasks to queue
[2024-09-05T13:12:58.209+0000] {logging_mixin.py:188} INFO - [2024-09-05T13:12:58.209+0000] {dagbag.py:538} INFO - Filling up the DagBag from /home/airflow/.local/lib/python3.8/site-packages/airflow/example_dags/tutorial_taskflow_api.py
[2024-09-05T13:12:58.217+0000] {processor.py:840} INFO - DAG(s) 'tutorial_taskflow_api' retrieved from /home/airflow/.local/lib/python3.8/site-packages/airflow/example_dags/tutorial_taskflow_api.py
[2024-09-05T13:12:58.242+0000] {logging_mixin.py:188} INFO - [2024-09-05T13:12:58.241+0000] {dag.py:3036} INFO - Sync 1 DAGs
[2024-09-05T13:12:58.266+0000] {logging_mixin.py:188} INFO - [2024-09-05T13:12:58.266+0000] {dag.py:3823} INFO - Setting next_dagrun for tutorial_taskflow_api to None, run_after=None
[2024-09-05T13:12:58.316+0000] {processor.py:183} INFO - Processing /home/airflow/.local/lib/python3.8/site-packages/airflow/example_dags/tutorial_taskflow_api.py took 0.112 seconds
[2024-09-05T13:13:28.759+0000] {processor.py:161} INFO - Started process (PID=867) to work on /home/airflow/.local/lib/python3.8/site-packages/airflow/example_dags/tutorial_taskflow_api.py
[2024-09-05T13:13:28.760+0000] {processor.py:830} INFO - Processing file /home/airflow/.local/lib/python3.8/site-packages/airflow/example_dags/tutorial_taskflow_api.py for tasks to queue
[2024-09-05T13:13:28.761+0000] {logging_mixin.py:188} INFO - [2024-09-05T13:13:28.760+0000] {dagbag.py:538} INFO - Filling up the DagBag from /home/airflow/.local/lib/python3.8/site-packages/airflow/example_dags/tutorial_taskflow_api.py
[2024-09-05T13:13:28.768+0000] {processor.py:840} INFO - DAG(s) 'tutorial_taskflow_api' retrieved from /home/airflow/.local/lib/python3.8/site-packages/airflow/example_dags/tutorial_taskflow_api.py
[2024-09-05T13:13:28.791+0000] {logging_mixin.py:188} INFO - [2024-09-05T13:13:28.790+0000] {dag.py:3036} INFO - Sync 1 DAGs
[2024-09-05T13:13:28.805+0000] {logging_mixin.py:188} INFO - [2024-09-05T13:13:28.804+0000] {dag.py:3823} INFO - Setting next_dagrun for tutorial_taskflow_api to None, run_after=None
[2024-09-05T13:13:28.826+0000] {processor.py:183} INFO - Processing /home/airflow/.local/lib/python3.8/site-packages/airflow/example_dags/tutorial_taskflow_api.py took 0.071 seconds
[2024-09-05T13:13:59.266+0000] {processor.py:161} INFO - Started process (PID=924) to work on /home/airflow/.local/lib/python3.8/site-packages/airflow/example_dags/tutorial_taskflow_api.py
[2024-09-05T13:13:59.267+0000] {processor.py:830} INFO - Processing file /home/airflow/.local/lib/python3.8/site-packages/airflow/example_dags/tutorial_taskflow_api.py for tasks to queue
[2024-09-05T13:13:59.268+0000] {logging_mixin.py:188} INFO - [2024-09-05T13:13:59.268+0000] {dagbag.py:538} INFO - Filling up the DagBag from /home/airflow/.local/lib/python3.8/site-packages/airflow/example_dags/tutorial_taskflow_api.py
[2024-09-05T13:13:59.276+0000] {processor.py:840} INFO - DAG(s) 'tutorial_taskflow_api' retrieved from /home/airflow/.local/lib/python3.8/site-packages/airflow/example_dags/tutorial_taskflow_api.py
[2024-09-05T13:13:59.296+0000] {logging_mixin.py:188} INFO - [2024-09-05T13:13:59.296+0000] {dag.py:3036} INFO - Sync 1 DAGs
[2024-09-05T13:13:59.311+0000] {logging_mixin.py:188} INFO - [2024-09-05T13:13:59.311+0000] {dag.py:3823} INFO - Setting next_dagrun for tutorial_taskflow_api to None, run_after=None
[2024-09-05T13:13:59.335+0000] {processor.py:183} INFO - Processing /home/airflow/.local/lib/python3.8/site-packages/airflow/example_dags/tutorial_taskflow_api.py took 0.072 seconds
[2024-09-05T13:14:29.927+0000] {processor.py:161} INFO - Started process (PID=981) to work on /home/airflow/.local/lib/python3.8/site-packages/airflow/example_dags/tutorial_taskflow_api.py
[2024-09-05T13:14:29.929+0000] {processor.py:830} INFO - Processing file /home/airflow/.local/lib/python3.8/site-packages/airflow/example_dags/tutorial_taskflow_api.py for tasks to queue
[2024-09-05T13:14:29.930+0000] {logging_mixin.py:188} INFO - [2024-09-05T13:14:29.930+0000] {dagbag.py:538} INFO - Filling up the DagBag from /home/airflow/.local/lib/python3.8/site-packages/airflow/example_dags/tutorial_taskflow_api.py
[2024-09-05T13:14:29.937+0000] {processor.py:840} INFO - DAG(s) 'tutorial_taskflow_api' retrieved from /home/airflow/.local/lib/python3.8/site-packages/airflow/example_dags/tutorial_taskflow_api.py
[2024-09-05T13:14:29.958+0000] {logging_mixin.py:188} INFO - [2024-09-05T13:14:29.958+0000] {dag.py:3036} INFO - Sync 1 DAGs
[2024-09-05T13:14:29.970+0000] {logging_mixin.py:188} INFO - [2024-09-05T13:14:29.970+0000] {dag.py:3823} INFO - Setting next_dagrun for tutorial_taskflow_api to None, run_after=None
[2024-09-05T13:14:29.991+0000] {processor.py:183} INFO - Processing /home/airflow/.local/lib/python3.8/site-packages/airflow/example_dags/tutorial_taskflow_api.py took 0.068 seconds
[2024-09-05T13:15:01.128+0000] {processor.py:161} INFO - Started process (PID=1039) to work on /home/airflow/.local/lib/python3.8/site-packages/airflow/example_dags/tutorial_taskflow_api.py
[2024-09-05T13:15:01.130+0000] {processor.py:830} INFO - Processing file /home/airflow/.local/lib/python3.8/site-packages/airflow/example_dags/tutorial_taskflow_api.py for tasks to queue
[2024-09-05T13:15:01.133+0000] {logging_mixin.py:188} INFO - [2024-09-05T13:15:01.132+0000] {dagbag.py:538} INFO - Filling up the DagBag from /home/airflow/.local/lib/python3.8/site-packages/airflow/example_dags/tutorial_taskflow_api.py
[2024-09-05T13:15:01.150+0000] {processor.py:840} INFO - DAG(s) 'tutorial_taskflow_api' retrieved from /home/airflow/.local/lib/python3.8/site-packages/airflow/example_dags/tutorial_taskflow_api.py
[2024-09-05T13:15:01.201+0000] {logging_mixin.py:188} INFO - [2024-09-05T13:15:01.200+0000] {dag.py:3036} INFO - Sync 1 DAGs
[2024-09-05T13:15:01.231+0000] {logging_mixin.py:188} INFO - [2024-09-05T13:15:01.231+0000] {dag.py:3823} INFO - Setting next_dagrun for tutorial_taskflow_api to None, run_after=None
[2024-09-05T13:15:01.280+0000] {processor.py:183} INFO - Processing /home/airflow/.local/lib/python3.8/site-packages/airflow/example_dags/tutorial_taskflow_api.py took 0.166 seconds
[2024-09-05T13:15:32.107+0000] {processor.py:161} INFO - Started process (PID=1096) to work on /home/airflow/.local/lib/python3.8/site-packages/airflow/example_dags/tutorial_taskflow_api.py
[2024-09-05T13:15:32.108+0000] {processor.py:830} INFO - Processing file /home/airflow/.local/lib/python3.8/site-packages/airflow/example_dags/tutorial_taskflow_api.py for tasks to queue
[2024-09-05T13:15:32.109+0000] {logging_mixin.py:188} INFO - [2024-09-05T13:15:32.109+0000] {dagbag.py:538} INFO - Filling up the DagBag from /home/airflow/.local/lib/python3.8/site-packages/airflow/example_dags/tutorial_taskflow_api.py
[2024-09-05T13:15:32.116+0000] {processor.py:840} INFO - DAG(s) 'tutorial_taskflow_api' retrieved from /home/airflow/.local/lib/python3.8/site-packages/airflow/example_dags/tutorial_taskflow_api.py
[2024-09-05T13:15:32.138+0000] {logging_mixin.py:188} INFO - [2024-09-05T13:15:32.137+0000] {dag.py:3036} INFO - Sync 1 DAGs
[2024-09-05T13:15:32.153+0000] {logging_mixin.py:188} INFO - [2024-09-05T13:15:32.153+0000] {dag.py:3823} INFO - Setting next_dagrun for tutorial_taskflow_api to None, run_after=None
[2024-09-05T13:15:32.177+0000] {processor.py:183} INFO - Processing /home/airflow/.local/lib/python3.8/site-packages/airflow/example_dags/tutorial_taskflow_api.py took 0.074 seconds
[2024-09-05T13:16:02.406+0000] {processor.py:161} INFO - Started process (PID=1156) to work on /home/airflow/.local/lib/python3.8/site-packages/airflow/example_dags/tutorial_taskflow_api.py
[2024-09-05T13:16:02.407+0000] {processor.py:830} INFO - Processing file /home/airflow/.local/lib/python3.8/site-packages/airflow/example_dags/tutorial_taskflow_api.py for tasks to queue
[2024-09-05T13:16:02.408+0000] {logging_mixin.py:188} INFO - [2024-09-05T13:16:02.408+0000] {dagbag.py:538} INFO - Filling up the DagBag from /home/airflow/.local/lib/python3.8/site-packages/airflow/example_dags/tutorial_taskflow_api.py
[2024-09-05T13:16:02.417+0000] {processor.py:840} INFO - DAG(s) 'tutorial_taskflow_api' retrieved from /home/airflow/.local/lib/python3.8/site-packages/airflow/example_dags/tutorial_taskflow_api.py
[2024-09-05T13:16:02.442+0000] {logging_mixin.py:188} INFO - [2024-09-05T13:16:02.441+0000] {dag.py:3036} INFO - Sync 1 DAGs
[2024-09-05T13:16:02.455+0000] {logging_mixin.py:188} INFO - [2024-09-05T13:16:02.455+0000] {dag.py:3823} INFO - Setting next_dagrun for tutorial_taskflow_api to None, run_after=None
[2024-09-05T13:16:02.478+0000] {processor.py:183} INFO - Processing /home/airflow/.local/lib/python3.8/site-packages/airflow/example_dags/tutorial_taskflow_api.py took 0.075 seconds
[2024-09-05T13:16:33.425+0000] {processor.py:161} INFO - Started process (PID=1214) to work on /home/airflow/.local/lib/python3.8/site-packages/airflow/example_dags/tutorial_taskflow_api.py
[2024-09-05T13:16:33.426+0000] {processor.py:830} INFO - Processing file /home/airflow/.local/lib/python3.8/site-packages/airflow/example_dags/tutorial_taskflow_api.py for tasks to queue
[2024-09-05T13:16:33.427+0000] {logging_mixin.py:188} INFO - [2024-09-05T13:16:33.427+0000] {dagbag.py:538} INFO - Filling up the DagBag from /home/airflow/.local/lib/python3.8/site-packages/airflow/example_dags/tutorial_taskflow_api.py
[2024-09-05T13:16:33.434+0000] {processor.py:840} INFO - DAG(s) 'tutorial_taskflow_api' retrieved from /home/airflow/.local/lib/python3.8/site-packages/airflow/example_dags/tutorial_taskflow_api.py
[2024-09-05T13:16:33.454+0000] {logging_mixin.py:188} INFO - [2024-09-05T13:16:33.454+0000] {dag.py:3036} INFO - Sync 1 DAGs
[2024-09-05T13:16:33.470+0000] {logging_mixin.py:188} INFO - [2024-09-05T13:16:33.470+0000] {dag.py:3823} INFO - Setting next_dagrun for tutorial_taskflow_api to None, run_after=None
[2024-09-05T13:16:33.491+0000] {processor.py:183} INFO - Processing /home/airflow/.local/lib/python3.8/site-packages/airflow/example_dags/tutorial_taskflow_api.py took 0.069 seconds
[2024-09-05T13:17:04.205+0000] {processor.py:161} INFO - Started process (PID=1271) to work on /home/airflow/.local/lib/python3.8/site-packages/airflow/example_dags/tutorial_taskflow_api.py
[2024-09-05T13:17:04.205+0000] {processor.py:830} INFO - Processing file /home/airflow/.local/lib/python3.8/site-packages/airflow/example_dags/tutorial_taskflow_api.py for tasks to queue
[2024-09-05T13:17:04.207+0000] {logging_mixin.py:188} INFO - [2024-09-05T13:17:04.206+0000] {dagbag.py:538} INFO - Filling up the DagBag from /home/airflow/.local/lib/python3.8/site-packages/airflow/example_dags/tutorial_taskflow_api.py
[2024-09-05T13:17:04.213+0000] {processor.py:840} INFO - DAG(s) 'tutorial_taskflow_api' retrieved from /home/airflow/.local/lib/python3.8/site-packages/airflow/example_dags/tutorial_taskflow_api.py
[2024-09-05T13:17:04.242+0000] {logging_mixin.py:188} INFO - [2024-09-05T13:17:04.241+0000] {dag.py:3036} INFO - Sync 1 DAGs
[2024-09-05T13:17:04.258+0000] {logging_mixin.py:188} INFO - [2024-09-05T13:17:04.257+0000] {dag.py:3823} INFO - Setting next_dagrun for tutorial_taskflow_api to None, run_after=None
[2024-09-05T13:17:04.279+0000] {processor.py:183} INFO - Processing /home/airflow/.local/lib/python3.8/site-packages/airflow/example_dags/tutorial_taskflow_api.py took 0.079 seconds
[2024-09-05T13:17:34.822+0000] {processor.py:161} INFO - Started process (PID=1328) to work on /home/airflow/.local/lib/python3.8/site-packages/airflow/example_dags/tutorial_taskflow_api.py
[2024-09-05T13:17:34.823+0000] {processor.py:830} INFO - Processing file /home/airflow/.local/lib/python3.8/site-packages/airflow/example_dags/tutorial_taskflow_api.py for tasks to queue
[2024-09-05T13:17:34.826+0000] {logging_mixin.py:188} INFO - [2024-09-05T13:17:34.826+0000] {dagbag.py:538} INFO - Filling up the DagBag from /home/airflow/.local/lib/python3.8/site-packages/airflow/example_dags/tutorial_taskflow_api.py
[2024-09-05T13:17:34.832+0000] {processor.py:840} INFO - DAG(s) 'tutorial_taskflow_api' retrieved from /home/airflow/.local/lib/python3.8/site-packages/airflow/example_dags/tutorial_taskflow_api.py
[2024-09-05T13:17:34.855+0000] {logging_mixin.py:188} INFO - [2024-09-05T13:17:34.854+0000] {dag.py:3036} INFO - Sync 1 DAGs
[2024-09-05T13:17:34.869+0000] {logging_mixin.py:188} INFO - [2024-09-05T13:17:34.869+0000] {dag.py:3823} INFO - Setting next_dagrun for tutorial_taskflow_api to None, run_after=None
[2024-09-05T13:17:34.895+0000] {processor.py:183} INFO - Processing /home/airflow/.local/lib/python3.8/site-packages/airflow/example_dags/tutorial_taskflow_api.py took 0.076 seconds
[2024-09-05T13:18:05.262+0000] {processor.py:161} INFO - Started process (PID=1385) to work on /home/airflow/.local/lib/python3.8/site-packages/airflow/example_dags/tutorial_taskflow_api.py
[2024-09-05T13:18:05.263+0000] {processor.py:830} INFO - Processing file /home/airflow/.local/lib/python3.8/site-packages/airflow/example_dags/tutorial_taskflow_api.py for tasks to queue
[2024-09-05T13:18:05.264+0000] {logging_mixin.py:188} INFO - [2024-09-05T13:18:05.263+0000] {dagbag.py:538} INFO - Filling up the DagBag from /home/airflow/.local/lib/python3.8/site-packages/airflow/example_dags/tutorial_taskflow_api.py
[2024-09-05T13:18:05.270+0000] {processor.py:840} INFO - DAG(s) 'tutorial_taskflow_api' retrieved from /home/airflow/.local/lib/python3.8/site-packages/airflow/example_dags/tutorial_taskflow_api.py
[2024-09-05T13:18:05.290+0000] {logging_mixin.py:188} INFO - [2024-09-05T13:18:05.290+0000] {dag.py:3036} INFO - Sync 1 DAGs
[2024-09-05T13:18:05.302+0000] {logging_mixin.py:188} INFO - [2024-09-05T13:18:05.302+0000] {dag.py:3823} INFO - Setting next_dagrun for tutorial_taskflow_api to None, run_after=None
[2024-09-05T13:18:05.371+0000] {processor.py:183} INFO - Processing /home/airflow/.local/lib/python3.8/site-packages/airflow/example_dags/tutorial_taskflow_api.py took 0.112 seconds
[2024-09-05T13:18:35.587+0000] {processor.py:161} INFO - Started process (PID=1442) to work on /home/airflow/.local/lib/python3.8/site-packages/airflow/example_dags/tutorial_taskflow_api.py
[2024-09-05T13:18:35.588+0000] {processor.py:830} INFO - Processing file /home/airflow/.local/lib/python3.8/site-packages/airflow/example_dags/tutorial_taskflow_api.py for tasks to queue
[2024-09-05T13:18:35.589+0000] {logging_mixin.py:188} INFO - [2024-09-05T13:18:35.588+0000] {dagbag.py:538} INFO - Filling up the DagBag from /home/airflow/.local/lib/python3.8/site-packages/airflow/example_dags/tutorial_taskflow_api.py
[2024-09-05T13:18:35.596+0000] {processor.py:840} INFO - DAG(s) 'tutorial_taskflow_api' retrieved from /home/airflow/.local/lib/python3.8/site-packages/airflow/example_dags/tutorial_taskflow_api.py
[2024-09-05T13:18:35.620+0000] {logging_mixin.py:188} INFO - [2024-09-05T13:18:35.620+0000] {dag.py:3036} INFO - Sync 1 DAGs
[2024-09-05T13:18:35.639+0000] {logging_mixin.py:188} INFO - [2024-09-05T13:18:35.639+0000] {dag.py:3823} INFO - Setting next_dagrun for tutorial_taskflow_api to None, run_after=None
[2024-09-05T13:18:35.663+0000] {processor.py:183} INFO - Processing /home/airflow/.local/lib/python3.8/site-packages/airflow/example_dags/tutorial_taskflow_api.py took 0.080 seconds
[2024-09-05T13:19:06.506+0000] {processor.py:161} INFO - Started process (PID=1505) to work on /home/airflow/.local/lib/python3.8/site-packages/airflow/example_dags/tutorial_taskflow_api.py
[2024-09-05T13:19:06.529+0000] {processor.py:830} INFO - Processing file /home/airflow/.local/lib/python3.8/site-packages/airflow/example_dags/tutorial_taskflow_api.py for tasks to queue
[2024-09-05T13:19:06.537+0000] {logging_mixin.py:188} INFO - [2024-09-05T13:19:06.536+0000] {dagbag.py:538} INFO - Filling up the DagBag from /home/airflow/.local/lib/python3.8/site-packages/airflow/example_dags/tutorial_taskflow_api.py
[2024-09-05T13:19:06.559+0000] {processor.py:840} INFO - DAG(s) 'tutorial_taskflow_api' retrieved from /home/airflow/.local/lib/python3.8/site-packages/airflow/example_dags/tutorial_taskflow_api.py
[2024-09-05T13:19:06.625+0000] {logging_mixin.py:188} INFO - [2024-09-05T13:19:06.624+0000] {dag.py:3036} INFO - Sync 1 DAGs
[2024-09-05T13:19:06.675+0000] {logging_mixin.py:188} INFO - [2024-09-05T13:19:06.675+0000] {dag.py:3823} INFO - Setting next_dagrun for tutorial_taskflow_api to None, run_after=None
[2024-09-05T13:19:06.804+0000] {processor.py:183} INFO - Processing /home/airflow/.local/lib/python3.8/site-packages/airflow/example_dags/tutorial_taskflow_api.py took 0.303 seconds
[2024-09-05T13:19:37.606+0000] {processor.py:161} INFO - Started process (PID=1562) to work on /home/airflow/.local/lib/python3.8/site-packages/airflow/example_dags/tutorial_taskflow_api.py
[2024-09-05T13:19:37.607+0000] {processor.py:830} INFO - Processing file /home/airflow/.local/lib/python3.8/site-packages/airflow/example_dags/tutorial_taskflow_api.py for tasks to queue
[2024-09-05T13:19:37.607+0000] {logging_mixin.py:188} INFO - [2024-09-05T13:19:37.607+0000] {dagbag.py:538} INFO - Filling up the DagBag from /home/airflow/.local/lib/python3.8/site-packages/airflow/example_dags/tutorial_taskflow_api.py
[2024-09-05T13:19:37.613+0000] {processor.py:840} INFO - DAG(s) 'tutorial_taskflow_api' retrieved from /home/airflow/.local/lib/python3.8/site-packages/airflow/example_dags/tutorial_taskflow_api.py
[2024-09-05T13:19:37.634+0000] {logging_mixin.py:188} INFO - [2024-09-05T13:19:37.634+0000] {dag.py:3036} INFO - Sync 1 DAGs
[2024-09-05T13:19:37.647+0000] {logging_mixin.py:188} INFO - [2024-09-05T13:19:37.647+0000] {dag.py:3823} INFO - Setting next_dagrun for tutorial_taskflow_api to None, run_after=None
[2024-09-05T13:19:37.668+0000] {processor.py:183} INFO - Processing /home/airflow/.local/lib/python3.8/site-packages/airflow/example_dags/tutorial_taskflow_api.py took 0.065 seconds
[2024-09-05T13:20:08.361+0000] {processor.py:161} INFO - Started process (PID=1619) to work on /home/airflow/.local/lib/python3.8/site-packages/airflow/example_dags/tutorial_taskflow_api.py
[2024-09-05T13:20:08.364+0000] {processor.py:830} INFO - Processing file /home/airflow/.local/lib/python3.8/site-packages/airflow/example_dags/tutorial_taskflow_api.py for tasks to queue
[2024-09-05T13:20:08.372+0000] {logging_mixin.py:188} INFO - [2024-09-05T13:20:08.368+0000] {dagbag.py:538} INFO - Filling up the DagBag from /home/airflow/.local/lib/python3.8/site-packages/airflow/example_dags/tutorial_taskflow_api.py
[2024-09-05T13:20:08.437+0000] {processor.py:840} INFO - DAG(s) 'tutorial_taskflow_api' retrieved from /home/airflow/.local/lib/python3.8/site-packages/airflow/example_dags/tutorial_taskflow_api.py
[2024-09-05T13:20:09.633+0000] {logging_mixin.py:188} INFO - [2024-09-05T13:20:09.633+0000] {process_utils.py:262} INFO - Waiting up to 5 seconds for processes to exit...
