[2024-09-05T12:27:02.366+0000] {processor.py:161} INFO - Started process (PID=75) to work on /home/airflow/.local/lib/python3.8/site-packages/airflow/example_dags/tutorial.py
[2024-09-05T12:27:02.368+0000] {processor.py:830} INFO - Processing file /home/airflow/.local/lib/python3.8/site-packages/airflow/example_dags/tutorial.py for tasks to queue
[2024-09-05T12:27:02.370+0000] {logging_mixin.py:188} INFO - [2024-09-05T12:27:02.369+0000] {dagbag.py:538} INFO - Filling up the DagBag from /home/airflow/.local/lib/python3.8/site-packages/airflow/example_dags/tutorial.py
[2024-09-05T12:27:02.383+0000] {processor.py:840} INFO - DAG(s) 'tutorial' retrieved from /home/airflow/.local/lib/python3.8/site-packages/airflow/example_dags/tutorial.py
[2024-09-05T12:27:02.573+0000] {logging_mixin.py:188} INFO - [2024-09-05T12:27:02.573+0000] {dag.py:3036} INFO - Sync 1 DAGs
[2024-09-05T12:27:02.605+0000] {logging_mixin.py:188} INFO - [2024-09-05T12:27:02.605+0000] {dag.py:3823} INFO - Setting next_dagrun for tutorial to 2024-09-04 00:00:00+00:00, run_after=2024-09-05 00:00:00+00:00
[2024-09-05T12:27:02.655+0000] {processor.py:183} INFO - Processing /home/airflow/.local/lib/python3.8/site-packages/airflow/example_dags/tutorial.py took 0.296 seconds
[2024-09-05T12:27:32.707+0000] {processor.py:161} INFO - Started process (PID=132) to work on /home/airflow/.local/lib/python3.8/site-packages/airflow/example_dags/tutorial.py
[2024-09-05T12:27:32.708+0000] {processor.py:830} INFO - Processing file /home/airflow/.local/lib/python3.8/site-packages/airflow/example_dags/tutorial.py for tasks to queue
[2024-09-05T12:27:32.709+0000] {logging_mixin.py:188} INFO - [2024-09-05T12:27:32.709+0000] {dagbag.py:538} INFO - Filling up the DagBag from /home/airflow/.local/lib/python3.8/site-packages/airflow/example_dags/tutorial.py
[2024-09-05T12:27:32.718+0000] {processor.py:840} INFO - DAG(s) 'tutorial' retrieved from /home/airflow/.local/lib/python3.8/site-packages/airflow/example_dags/tutorial.py
[2024-09-05T12:27:32.733+0000] {logging_mixin.py:188} INFO - [2024-09-05T12:27:32.733+0000] {dag.py:3036} INFO - Sync 1 DAGs
[2024-09-05T12:27:32.762+0000] {logging_mixin.py:188} INFO - [2024-09-05T12:27:32.761+0000] {dag.py:3823} INFO - Setting next_dagrun for tutorial to 2024-09-04 00:00:00+00:00, run_after=2024-09-05 00:00:00+00:00
[2024-09-05T12:27:32.786+0000] {processor.py:183} INFO - Processing /home/airflow/.local/lib/python3.8/site-packages/airflow/example_dags/tutorial.py took 0.083 seconds
[2024-09-05T12:28:04.248+0000] {processor.py:161} INFO - Started process (PID=195) to work on /home/airflow/.local/lib/python3.8/site-packages/airflow/example_dags/tutorial.py
[2024-09-05T12:28:04.249+0000] {processor.py:830} INFO - Processing file /home/airflow/.local/lib/python3.8/site-packages/airflow/example_dags/tutorial.py for tasks to queue
[2024-09-05T12:28:04.251+0000] {logging_mixin.py:188} INFO - [2024-09-05T12:28:04.250+0000] {dagbag.py:538} INFO - Filling up the DagBag from /home/airflow/.local/lib/python3.8/site-packages/airflow/example_dags/tutorial.py
[2024-09-05T12:28:04.259+0000] {processor.py:840} INFO - DAG(s) 'tutorial' retrieved from /home/airflow/.local/lib/python3.8/site-packages/airflow/example_dags/tutorial.py
[2024-09-05T12:28:04.379+0000] {logging_mixin.py:188} INFO - [2024-09-05T12:28:04.379+0000] {dag.py:3036} INFO - Sync 1 DAGs
[2024-09-05T12:28:04.402+0000] {logging_mixin.py:188} INFO - [2024-09-05T12:28:04.402+0000] {dag.py:3823} INFO - Setting next_dagrun for tutorial to 2024-09-04 00:00:00+00:00, run_after=2024-09-05 00:00:00+00:00
[2024-09-05T12:28:04.426+0000] {processor.py:183} INFO - Processing /home/airflow/.local/lib/python3.8/site-packages/airflow/example_dags/tutorial.py took 0.185 seconds
[2024-09-05T12:28:34.611+0000] {processor.py:161} INFO - Started process (PID=252) to work on /home/airflow/.local/lib/python3.8/site-packages/airflow/example_dags/tutorial.py
[2024-09-05T12:28:34.612+0000] {processor.py:830} INFO - Processing file /home/airflow/.local/lib/python3.8/site-packages/airflow/example_dags/tutorial.py for tasks to queue
[2024-09-05T12:28:34.613+0000] {logging_mixin.py:188} INFO - [2024-09-05T12:28:34.613+0000] {dagbag.py:538} INFO - Filling up the DagBag from /home/airflow/.local/lib/python3.8/site-packages/airflow/example_dags/tutorial.py
[2024-09-05T12:28:34.621+0000] {processor.py:840} INFO - DAG(s) 'tutorial' retrieved from /home/airflow/.local/lib/python3.8/site-packages/airflow/example_dags/tutorial.py
[2024-09-05T12:28:34.647+0000] {logging_mixin.py:188} INFO - [2024-09-05T12:28:34.647+0000] {dag.py:3036} INFO - Sync 1 DAGs
[2024-09-05T12:28:34.678+0000] {logging_mixin.py:188} INFO - [2024-09-05T12:28:34.678+0000] {dag.py:3823} INFO - Setting next_dagrun for tutorial to 2024-09-04 00:00:00+00:00, run_after=2024-09-05 00:00:00+00:00
[2024-09-05T12:28:34.710+0000] {processor.py:183} INFO - Processing /home/airflow/.local/lib/python3.8/site-packages/airflow/example_dags/tutorial.py took 0.104 seconds
[2024-09-05T12:29:05.526+0000] {processor.py:161} INFO - Started process (PID=309) to work on /home/airflow/.local/lib/python3.8/site-packages/airflow/example_dags/tutorial.py
[2024-09-05T12:29:05.527+0000] {processor.py:830} INFO - Processing file /home/airflow/.local/lib/python3.8/site-packages/airflow/example_dags/tutorial.py for tasks to queue
[2024-09-05T12:29:05.529+0000] {logging_mixin.py:188} INFO - [2024-09-05T12:29:05.528+0000] {dagbag.py:538} INFO - Filling up the DagBag from /home/airflow/.local/lib/python3.8/site-packages/airflow/example_dags/tutorial.py
[2024-09-05T12:29:05.538+0000] {processor.py:840} INFO - DAG(s) 'tutorial' retrieved from /home/airflow/.local/lib/python3.8/site-packages/airflow/example_dags/tutorial.py
[2024-09-05T12:29:05.563+0000] {logging_mixin.py:188} INFO - [2024-09-05T12:29:05.563+0000] {dag.py:3036} INFO - Sync 1 DAGs
[2024-09-05T12:29:05.594+0000] {logging_mixin.py:188} INFO - [2024-09-05T12:29:05.594+0000] {dag.py:3823} INFO - Setting next_dagrun for tutorial to 2024-09-04 00:00:00+00:00, run_after=2024-09-05 00:00:00+00:00
[2024-09-05T12:29:05.616+0000] {processor.py:183} INFO - Processing /home/airflow/.local/lib/python3.8/site-packages/airflow/example_dags/tutorial.py took 0.093 seconds
[2024-09-05T12:29:36.719+0000] {processor.py:161} INFO - Started process (PID=366) to work on /home/airflow/.local/lib/python3.8/site-packages/airflow/example_dags/tutorial.py
[2024-09-05T12:29:36.720+0000] {processor.py:830} INFO - Processing file /home/airflow/.local/lib/python3.8/site-packages/airflow/example_dags/tutorial.py for tasks to queue
[2024-09-05T12:29:36.722+0000] {logging_mixin.py:188} INFO - [2024-09-05T12:29:36.721+0000] {dagbag.py:538} INFO - Filling up the DagBag from /home/airflow/.local/lib/python3.8/site-packages/airflow/example_dags/tutorial.py
[2024-09-05T12:29:36.734+0000] {processor.py:840} INFO - DAG(s) 'tutorial' retrieved from /home/airflow/.local/lib/python3.8/site-packages/airflow/example_dags/tutorial.py
[2024-09-05T12:29:36.773+0000] {logging_mixin.py:188} INFO - [2024-09-05T12:29:36.772+0000] {dag.py:3036} INFO - Sync 1 DAGs
[2024-09-05T12:29:36.807+0000] {logging_mixin.py:188} INFO - [2024-09-05T12:29:36.806+0000] {dag.py:3823} INFO - Setting next_dagrun for tutorial to 2024-09-04 00:00:00+00:00, run_after=2024-09-05 00:00:00+00:00
[2024-09-05T12:29:36.834+0000] {processor.py:183} INFO - Processing /home/airflow/.local/lib/python3.8/site-packages/airflow/example_dags/tutorial.py took 0.120 seconds
[2024-09-05T12:30:06.955+0000] {processor.py:161} INFO - Started process (PID=423) to work on /home/airflow/.local/lib/python3.8/site-packages/airflow/example_dags/tutorial.py
[2024-09-05T12:30:06.955+0000] {processor.py:830} INFO - Processing file /home/airflow/.local/lib/python3.8/site-packages/airflow/example_dags/tutorial.py for tasks to queue
[2024-09-05T12:30:06.956+0000] {logging_mixin.py:188} INFO - [2024-09-05T12:30:06.956+0000] {dagbag.py:538} INFO - Filling up the DagBag from /home/airflow/.local/lib/python3.8/site-packages/airflow/example_dags/tutorial.py
[2024-09-05T12:30:06.963+0000] {processor.py:840} INFO - DAG(s) 'tutorial' retrieved from /home/airflow/.local/lib/python3.8/site-packages/airflow/example_dags/tutorial.py
[2024-09-05T12:30:06.982+0000] {logging_mixin.py:188} INFO - [2024-09-05T12:30:06.981+0000] {dag.py:3036} INFO - Sync 1 DAGs
[2024-09-05T12:30:07.013+0000] {logging_mixin.py:188} INFO - [2024-09-05T12:30:07.013+0000] {dag.py:3823} INFO - Setting next_dagrun for tutorial to 2024-09-04 00:00:00+00:00, run_after=2024-09-05 00:00:00+00:00
[2024-09-05T12:30:07.033+0000] {processor.py:183} INFO - Processing /home/airflow/.local/lib/python3.8/site-packages/airflow/example_dags/tutorial.py took 0.081 seconds
[2024-09-05T12:30:37.115+0000] {processor.py:161} INFO - Started process (PID=480) to work on /home/airflow/.local/lib/python3.8/site-packages/airflow/example_dags/tutorial.py
[2024-09-05T12:30:37.116+0000] {processor.py:830} INFO - Processing file /home/airflow/.local/lib/python3.8/site-packages/airflow/example_dags/tutorial.py for tasks to queue
[2024-09-05T12:30:37.117+0000] {logging_mixin.py:188} INFO - [2024-09-05T12:30:37.117+0000] {dagbag.py:538} INFO - Filling up the DagBag from /home/airflow/.local/lib/python3.8/site-packages/airflow/example_dags/tutorial.py
[2024-09-05T12:30:37.126+0000] {processor.py:840} INFO - DAG(s) 'tutorial' retrieved from /home/airflow/.local/lib/python3.8/site-packages/airflow/example_dags/tutorial.py
[2024-09-05T12:30:37.152+0000] {logging_mixin.py:188} INFO - [2024-09-05T12:30:37.152+0000] {dag.py:3036} INFO - Sync 1 DAGs
[2024-09-05T12:30:37.178+0000] {logging_mixin.py:188} INFO - [2024-09-05T12:30:37.177+0000] {dag.py:3823} INFO - Setting next_dagrun for tutorial to 2024-09-04 00:00:00+00:00, run_after=2024-09-05 00:00:00+00:00
[2024-09-05T12:30:37.199+0000] {processor.py:183} INFO - Processing /home/airflow/.local/lib/python3.8/site-packages/airflow/example_dags/tutorial.py took 0.088 seconds
[2024-09-05T12:31:07.471+0000] {processor.py:161} INFO - Started process (PID=537) to work on /home/airflow/.local/lib/python3.8/site-packages/airflow/example_dags/tutorial.py
[2024-09-05T12:31:07.472+0000] {processor.py:830} INFO - Processing file /home/airflow/.local/lib/python3.8/site-packages/airflow/example_dags/tutorial.py for tasks to queue
[2024-09-05T12:31:07.473+0000] {logging_mixin.py:188} INFO - [2024-09-05T12:31:07.472+0000] {dagbag.py:538} INFO - Filling up the DagBag from /home/airflow/.local/lib/python3.8/site-packages/airflow/example_dags/tutorial.py
[2024-09-05T12:31:07.482+0000] {processor.py:840} INFO - DAG(s) 'tutorial' retrieved from /home/airflow/.local/lib/python3.8/site-packages/airflow/example_dags/tutorial.py
[2024-09-05T12:31:07.507+0000] {logging_mixin.py:188} INFO - [2024-09-05T12:31:07.507+0000] {dag.py:3036} INFO - Sync 1 DAGs
[2024-09-05T12:31:07.542+0000] {logging_mixin.py:188} INFO - [2024-09-05T12:31:07.541+0000] {dag.py:3823} INFO - Setting next_dagrun for tutorial to 2024-09-04 00:00:00+00:00, run_after=2024-09-05 00:00:00+00:00
[2024-09-05T12:31:07.568+0000] {processor.py:183} INFO - Processing /home/airflow/.local/lib/python3.8/site-packages/airflow/example_dags/tutorial.py took 0.101 seconds
[2024-09-05T12:45:23.584+0000] {processor.py:161} INFO - Started process (PID=75) to work on /home/airflow/.local/lib/python3.8/site-packages/airflow/example_dags/tutorial.py
[2024-09-05T12:45:23.585+0000] {processor.py:830} INFO - Processing file /home/airflow/.local/lib/python3.8/site-packages/airflow/example_dags/tutorial.py for tasks to queue
[2024-09-05T12:45:23.587+0000] {logging_mixin.py:188} INFO - [2024-09-05T12:45:23.586+0000] {dagbag.py:538} INFO - Filling up the DagBag from /home/airflow/.local/lib/python3.8/site-packages/airflow/example_dags/tutorial.py
[2024-09-05T12:45:23.596+0000] {processor.py:840} INFO - DAG(s) 'tutorial' retrieved from /home/airflow/.local/lib/python3.8/site-packages/airflow/example_dags/tutorial.py
[2024-09-05T12:45:23.757+0000] {logging_mixin.py:188} INFO - [2024-09-05T12:45:23.757+0000] {dag.py:3036} INFO - Sync 1 DAGs
[2024-09-05T12:45:23.819+0000] {logging_mixin.py:188} INFO - [2024-09-05T12:45:23.818+0000] {dag.py:3823} INFO - Setting next_dagrun for tutorial to 2024-09-04 00:00:00+00:00, run_after=2024-09-05 00:00:00+00:00
[2024-09-05T12:45:23.839+0000] {processor.py:183} INFO - Processing /home/airflow/.local/lib/python3.8/site-packages/airflow/example_dags/tutorial.py took 0.263 seconds
[2024-09-05T12:45:54.020+0000] {processor.py:161} INFO - Started process (PID=132) to work on /home/airflow/.local/lib/python3.8/site-packages/airflow/example_dags/tutorial.py
[2024-09-05T12:45:54.021+0000] {processor.py:830} INFO - Processing file /home/airflow/.local/lib/python3.8/site-packages/airflow/example_dags/tutorial.py for tasks to queue
[2024-09-05T12:45:54.022+0000] {logging_mixin.py:188} INFO - [2024-09-05T12:45:54.021+0000] {dagbag.py:538} INFO - Filling up the DagBag from /home/airflow/.local/lib/python3.8/site-packages/airflow/example_dags/tutorial.py
[2024-09-05T12:45:54.029+0000] {processor.py:840} INFO - DAG(s) 'tutorial' retrieved from /home/airflow/.local/lib/python3.8/site-packages/airflow/example_dags/tutorial.py
[2024-09-05T12:45:54.052+0000] {logging_mixin.py:188} INFO - [2024-09-05T12:45:54.051+0000] {dag.py:3036} INFO - Sync 1 DAGs
[2024-09-05T12:45:54.078+0000] {logging_mixin.py:188} INFO - [2024-09-05T12:45:54.078+0000] {dag.py:3823} INFO - Setting next_dagrun for tutorial to 2024-09-04 00:00:00+00:00, run_after=2024-09-05 00:00:00+00:00
[2024-09-05T12:45:54.102+0000] {processor.py:183} INFO - Processing /home/airflow/.local/lib/python3.8/site-packages/airflow/example_dags/tutorial.py took 0.088 seconds
[2024-09-05T12:46:24.854+0000] {processor.py:161} INFO - Started process (PID=189) to work on /home/airflow/.local/lib/python3.8/site-packages/airflow/example_dags/tutorial.py
[2024-09-05T12:46:24.855+0000] {processor.py:830} INFO - Processing file /home/airflow/.local/lib/python3.8/site-packages/airflow/example_dags/tutorial.py for tasks to queue
[2024-09-05T12:46:24.857+0000] {logging_mixin.py:188} INFO - [2024-09-05T12:46:24.856+0000] {dagbag.py:538} INFO - Filling up the DagBag from /home/airflow/.local/lib/python3.8/site-packages/airflow/example_dags/tutorial.py
[2024-09-05T12:46:24.864+0000] {processor.py:840} INFO - DAG(s) 'tutorial' retrieved from /home/airflow/.local/lib/python3.8/site-packages/airflow/example_dags/tutorial.py
[2024-09-05T12:46:24.891+0000] {logging_mixin.py:188} INFO - [2024-09-05T12:46:24.890+0000] {dag.py:3036} INFO - Sync 1 DAGs
[2024-09-05T12:46:24.919+0000] {logging_mixin.py:188} INFO - [2024-09-05T12:46:24.918+0000] {dag.py:3823} INFO - Setting next_dagrun for tutorial to 2024-09-04 00:00:00+00:00, run_after=2024-09-05 00:00:00+00:00
[2024-09-05T12:46:24.946+0000] {processor.py:183} INFO - Processing /home/airflow/.local/lib/python3.8/site-packages/airflow/example_dags/tutorial.py took 0.097 seconds
[2024-09-05T12:46:55.363+0000] {processor.py:161} INFO - Started process (PID=246) to work on /home/airflow/.local/lib/python3.8/site-packages/airflow/example_dags/tutorial.py
[2024-09-05T12:46:55.364+0000] {processor.py:830} INFO - Processing file /home/airflow/.local/lib/python3.8/site-packages/airflow/example_dags/tutorial.py for tasks to queue
[2024-09-05T12:46:55.365+0000] {logging_mixin.py:188} INFO - [2024-09-05T12:46:55.365+0000] {dagbag.py:538} INFO - Filling up the DagBag from /home/airflow/.local/lib/python3.8/site-packages/airflow/example_dags/tutorial.py
[2024-09-05T12:46:55.373+0000] {processor.py:840} INFO - DAG(s) 'tutorial' retrieved from /home/airflow/.local/lib/python3.8/site-packages/airflow/example_dags/tutorial.py
[2024-09-05T12:46:55.397+0000] {logging_mixin.py:188} INFO - [2024-09-05T12:46:55.397+0000] {dag.py:3036} INFO - Sync 1 DAGs
[2024-09-05T12:46:55.419+0000] {logging_mixin.py:188} INFO - [2024-09-05T12:46:55.419+0000] {dag.py:3823} INFO - Setting next_dagrun for tutorial to 2024-09-04 00:00:00+00:00, run_after=2024-09-05 00:00:00+00:00
[2024-09-05T12:46:55.441+0000] {processor.py:183} INFO - Processing /home/airflow/.local/lib/python3.8/site-packages/airflow/example_dags/tutorial.py took 0.081 seconds
[2024-09-05T12:47:25.618+0000] {processor.py:161} INFO - Started process (PID=303) to work on /home/airflow/.local/lib/python3.8/site-packages/airflow/example_dags/tutorial.py
[2024-09-05T12:47:25.619+0000] {processor.py:830} INFO - Processing file /home/airflow/.local/lib/python3.8/site-packages/airflow/example_dags/tutorial.py for tasks to queue
[2024-09-05T12:47:25.620+0000] {logging_mixin.py:188} INFO - [2024-09-05T12:47:25.620+0000] {dagbag.py:538} INFO - Filling up the DagBag from /home/airflow/.local/lib/python3.8/site-packages/airflow/example_dags/tutorial.py
[2024-09-05T12:47:25.627+0000] {processor.py:840} INFO - DAG(s) 'tutorial' retrieved from /home/airflow/.local/lib/python3.8/site-packages/airflow/example_dags/tutorial.py
[2024-09-05T12:47:25.649+0000] {logging_mixin.py:188} INFO - [2024-09-05T12:47:25.649+0000] {dag.py:3036} INFO - Sync 1 DAGs
[2024-09-05T12:47:25.675+0000] {logging_mixin.py:188} INFO - [2024-09-05T12:47:25.675+0000] {dag.py:3823} INFO - Setting next_dagrun for tutorial to 2024-09-04 00:00:00+00:00, run_after=2024-09-05 00:00:00+00:00
[2024-09-05T12:47:25.695+0000] {processor.py:183} INFO - Processing /home/airflow/.local/lib/python3.8/site-packages/airflow/example_dags/tutorial.py took 0.085 seconds
[2024-09-05T12:47:55.846+0000] {processor.py:161} INFO - Started process (PID=361) to work on /home/airflow/.local/lib/python3.8/site-packages/airflow/example_dags/tutorial.py
[2024-09-05T12:47:55.847+0000] {processor.py:830} INFO - Processing file /home/airflow/.local/lib/python3.8/site-packages/airflow/example_dags/tutorial.py for tasks to queue
[2024-09-05T12:47:55.848+0000] {logging_mixin.py:188} INFO - [2024-09-05T12:47:55.847+0000] {dagbag.py:538} INFO - Filling up the DagBag from /home/airflow/.local/lib/python3.8/site-packages/airflow/example_dags/tutorial.py
[2024-09-05T12:47:55.854+0000] {processor.py:840} INFO - DAG(s) 'tutorial' retrieved from /home/airflow/.local/lib/python3.8/site-packages/airflow/example_dags/tutorial.py
[2024-09-05T12:47:55.874+0000] {logging_mixin.py:188} INFO - [2024-09-05T12:47:55.874+0000] {dag.py:3036} INFO - Sync 1 DAGs
[2024-09-05T12:47:55.896+0000] {logging_mixin.py:188} INFO - [2024-09-05T12:47:55.896+0000] {dag.py:3823} INFO - Setting next_dagrun for tutorial to 2024-09-04 00:00:00+00:00, run_after=2024-09-05 00:00:00+00:00
[2024-09-05T12:47:55.916+0000] {processor.py:183} INFO - Processing /home/airflow/.local/lib/python3.8/site-packages/airflow/example_dags/tutorial.py took 0.073 seconds
[2024-09-05T12:48:26.035+0000] {processor.py:161} INFO - Started process (PID=418) to work on /home/airflow/.local/lib/python3.8/site-packages/airflow/example_dags/tutorial.py
[2024-09-05T12:48:26.036+0000] {processor.py:830} INFO - Processing file /home/airflow/.local/lib/python3.8/site-packages/airflow/example_dags/tutorial.py for tasks to queue
[2024-09-05T12:48:26.037+0000] {logging_mixin.py:188} INFO - [2024-09-05T12:48:26.036+0000] {dagbag.py:538} INFO - Filling up the DagBag from /home/airflow/.local/lib/python3.8/site-packages/airflow/example_dags/tutorial.py
[2024-09-05T12:48:26.044+0000] {processor.py:840} INFO - DAG(s) 'tutorial' retrieved from /home/airflow/.local/lib/python3.8/site-packages/airflow/example_dags/tutorial.py
[2024-09-05T12:48:26.064+0000] {logging_mixin.py:188} INFO - [2024-09-05T12:48:26.064+0000] {dag.py:3036} INFO - Sync 1 DAGs
[2024-09-05T12:48:26.087+0000] {logging_mixin.py:188} INFO - [2024-09-05T12:48:26.087+0000] {dag.py:3823} INFO - Setting next_dagrun for tutorial to 2024-09-04 00:00:00+00:00, run_after=2024-09-05 00:00:00+00:00
[2024-09-05T12:48:26.106+0000] {processor.py:183} INFO - Processing /home/airflow/.local/lib/python3.8/site-packages/airflow/example_dags/tutorial.py took 0.075 seconds
[2024-09-05T12:48:56.186+0000] {processor.py:161} INFO - Started process (PID=475) to work on /home/airflow/.local/lib/python3.8/site-packages/airflow/example_dags/tutorial.py
[2024-09-05T12:48:56.187+0000] {processor.py:830} INFO - Processing file /home/airflow/.local/lib/python3.8/site-packages/airflow/example_dags/tutorial.py for tasks to queue
[2024-09-05T12:48:56.188+0000] {logging_mixin.py:188} INFO - [2024-09-05T12:48:56.188+0000] {dagbag.py:538} INFO - Filling up the DagBag from /home/airflow/.local/lib/python3.8/site-packages/airflow/example_dags/tutorial.py
[2024-09-05T12:48:56.195+0000] {processor.py:840} INFO - DAG(s) 'tutorial' retrieved from /home/airflow/.local/lib/python3.8/site-packages/airflow/example_dags/tutorial.py
[2024-09-05T12:48:56.212+0000] {logging_mixin.py:188} INFO - [2024-09-05T12:48:56.212+0000] {dag.py:3036} INFO - Sync 1 DAGs
[2024-09-05T12:48:56.235+0000] {logging_mixin.py:188} INFO - [2024-09-05T12:48:56.235+0000] {dag.py:3823} INFO - Setting next_dagrun for tutorial to 2024-09-04 00:00:00+00:00, run_after=2024-09-05 00:00:00+00:00
[2024-09-05T12:48:56.257+0000] {processor.py:183} INFO - Processing /home/airflow/.local/lib/python3.8/site-packages/airflow/example_dags/tutorial.py took 0.074 seconds
[2024-09-05T12:49:26.372+0000] {processor.py:161} INFO - Started process (PID=532) to work on /home/airflow/.local/lib/python3.8/site-packages/airflow/example_dags/tutorial.py
[2024-09-05T12:49:26.373+0000] {processor.py:830} INFO - Processing file /home/airflow/.local/lib/python3.8/site-packages/airflow/example_dags/tutorial.py for tasks to queue
[2024-09-05T12:49:26.374+0000] {logging_mixin.py:188} INFO - [2024-09-05T12:49:26.374+0000] {dagbag.py:538} INFO - Filling up the DagBag from /home/airflow/.local/lib/python3.8/site-packages/airflow/example_dags/tutorial.py
[2024-09-05T12:49:26.383+0000] {processor.py:840} INFO - DAG(s) 'tutorial' retrieved from /home/airflow/.local/lib/python3.8/site-packages/airflow/example_dags/tutorial.py
[2024-09-05T12:49:26.403+0000] {logging_mixin.py:188} INFO - [2024-09-05T12:49:26.403+0000] {dag.py:3036} INFO - Sync 1 DAGs
[2024-09-05T12:49:26.425+0000] {logging_mixin.py:188} INFO - [2024-09-05T12:49:26.425+0000] {dag.py:3823} INFO - Setting next_dagrun for tutorial to 2024-09-04 00:00:00+00:00, run_after=2024-09-05 00:00:00+00:00
[2024-09-05T12:49:26.444+0000] {processor.py:183} INFO - Processing /home/airflow/.local/lib/python3.8/site-packages/airflow/example_dags/tutorial.py took 0.076 seconds
[2024-09-05T12:49:56.682+0000] {processor.py:161} INFO - Started process (PID=589) to work on /home/airflow/.local/lib/python3.8/site-packages/airflow/example_dags/tutorial.py
[2024-09-05T12:49:56.683+0000] {processor.py:830} INFO - Processing file /home/airflow/.local/lib/python3.8/site-packages/airflow/example_dags/tutorial.py for tasks to queue
[2024-09-05T12:49:56.683+0000] {logging_mixin.py:188} INFO - [2024-09-05T12:49:56.683+0000] {dagbag.py:538} INFO - Filling up the DagBag from /home/airflow/.local/lib/python3.8/site-packages/airflow/example_dags/tutorial.py
[2024-09-05T12:49:56.692+0000] {processor.py:840} INFO - DAG(s) 'tutorial' retrieved from /home/airflow/.local/lib/python3.8/site-packages/airflow/example_dags/tutorial.py
[2024-09-05T12:49:56.722+0000] {logging_mixin.py:188} INFO - [2024-09-05T12:49:56.721+0000] {dag.py:3036} INFO - Sync 1 DAGs
[2024-09-05T12:49:56.768+0000] {logging_mixin.py:188} INFO - [2024-09-05T12:49:56.768+0000] {dag.py:3823} INFO - Setting next_dagrun for tutorial to 2024-09-04 00:00:00+00:00, run_after=2024-09-05 00:00:00+00:00
[2024-09-05T12:49:56.800+0000] {processor.py:183} INFO - Processing /home/airflow/.local/lib/python3.8/site-packages/airflow/example_dags/tutorial.py took 0.121 seconds
[2024-09-05T12:50:27.196+0000] {processor.py:161} INFO - Started process (PID=653) to work on /home/airflow/.local/lib/python3.8/site-packages/airflow/example_dags/tutorial.py
[2024-09-05T12:50:27.196+0000] {processor.py:830} INFO - Processing file /home/airflow/.local/lib/python3.8/site-packages/airflow/example_dags/tutorial.py for tasks to queue
[2024-09-05T12:50:27.198+0000] {logging_mixin.py:188} INFO - [2024-09-05T12:50:27.197+0000] {dagbag.py:538} INFO - Filling up the DagBag from /home/airflow/.local/lib/python3.8/site-packages/airflow/example_dags/tutorial.py
[2024-09-05T12:50:27.204+0000] {processor.py:840} INFO - DAG(s) 'tutorial' retrieved from /home/airflow/.local/lib/python3.8/site-packages/airflow/example_dags/tutorial.py
[2024-09-05T12:50:27.230+0000] {logging_mixin.py:188} INFO - [2024-09-05T12:50:27.230+0000] {dag.py:3036} INFO - Sync 1 DAGs
[2024-09-05T12:50:27.257+0000] {logging_mixin.py:188} INFO - [2024-09-05T12:50:27.257+0000] {dag.py:3823} INFO - Setting next_dagrun for tutorial to 2024-09-04 00:00:00+00:00, run_after=2024-09-05 00:00:00+00:00
[2024-09-05T12:50:27.278+0000] {processor.py:183} INFO - Processing /home/airflow/.local/lib/python3.8/site-packages/airflow/example_dags/tutorial.py took 0.086 seconds
[2024-09-05T12:50:57.628+0000] {processor.py:161} INFO - Started process (PID=710) to work on /home/airflow/.local/lib/python3.8/site-packages/airflow/example_dags/tutorial.py
[2024-09-05T12:50:57.628+0000] {processor.py:830} INFO - Processing file /home/airflow/.local/lib/python3.8/site-packages/airflow/example_dags/tutorial.py for tasks to queue
[2024-09-05T12:50:57.629+0000] {logging_mixin.py:188} INFO - [2024-09-05T12:50:57.629+0000] {dagbag.py:538} INFO - Filling up the DagBag from /home/airflow/.local/lib/python3.8/site-packages/airflow/example_dags/tutorial.py
[2024-09-05T12:50:57.637+0000] {processor.py:840} INFO - DAG(s) 'tutorial' retrieved from /home/airflow/.local/lib/python3.8/site-packages/airflow/example_dags/tutorial.py
[2024-09-05T12:50:57.658+0000] {logging_mixin.py:188} INFO - [2024-09-05T12:50:57.658+0000] {dag.py:3036} INFO - Sync 1 DAGs
[2024-09-05T12:50:57.681+0000] {logging_mixin.py:188} INFO - [2024-09-05T12:50:57.681+0000] {dag.py:3823} INFO - Setting next_dagrun for tutorial to 2024-09-04 00:00:00+00:00, run_after=2024-09-05 00:00:00+00:00
[2024-09-05T12:50:57.706+0000] {processor.py:183} INFO - Processing /home/airflow/.local/lib/python3.8/site-packages/airflow/example_dags/tutorial.py took 0.081 seconds
[2024-09-05T12:51:27.745+0000] {processor.py:161} INFO - Started process (PID=767) to work on /home/airflow/.local/lib/python3.8/site-packages/airflow/example_dags/tutorial.py
[2024-09-05T12:51:27.746+0000] {processor.py:830} INFO - Processing file /home/airflow/.local/lib/python3.8/site-packages/airflow/example_dags/tutorial.py for tasks to queue
[2024-09-05T12:51:27.747+0000] {logging_mixin.py:188} INFO - [2024-09-05T12:51:27.747+0000] {dagbag.py:538} INFO - Filling up the DagBag from /home/airflow/.local/lib/python3.8/site-packages/airflow/example_dags/tutorial.py
[2024-09-05T12:51:27.754+0000] {processor.py:840} INFO - DAG(s) 'tutorial' retrieved from /home/airflow/.local/lib/python3.8/site-packages/airflow/example_dags/tutorial.py
[2024-09-05T12:51:27.778+0000] {logging_mixin.py:188} INFO - [2024-09-05T12:51:27.778+0000] {dag.py:3036} INFO - Sync 1 DAGs
[2024-09-05T12:51:27.805+0000] {logging_mixin.py:188} INFO - [2024-09-05T12:51:27.805+0000] {dag.py:3823} INFO - Setting next_dagrun for tutorial to 2024-09-04 00:00:00+00:00, run_after=2024-09-05 00:00:00+00:00
[2024-09-05T12:51:27.822+0000] {processor.py:183} INFO - Processing /home/airflow/.local/lib/python3.8/site-packages/airflow/example_dags/tutorial.py took 0.081 seconds
[2024-09-05T12:51:58.055+0000] {processor.py:161} INFO - Started process (PID=824) to work on /home/airflow/.local/lib/python3.8/site-packages/airflow/example_dags/tutorial.py
[2024-09-05T12:51:58.056+0000] {processor.py:830} INFO - Processing file /home/airflow/.local/lib/python3.8/site-packages/airflow/example_dags/tutorial.py for tasks to queue
[2024-09-05T12:51:58.057+0000] {logging_mixin.py:188} INFO - [2024-09-05T12:51:58.056+0000] {dagbag.py:538} INFO - Filling up the DagBag from /home/airflow/.local/lib/python3.8/site-packages/airflow/example_dags/tutorial.py
[2024-09-05T12:51:58.066+0000] {processor.py:840} INFO - DAG(s) 'tutorial' retrieved from /home/airflow/.local/lib/python3.8/site-packages/airflow/example_dags/tutorial.py
[2024-09-05T12:51:58.086+0000] {logging_mixin.py:188} INFO - [2024-09-05T12:51:58.086+0000] {dag.py:3036} INFO - Sync 1 DAGs
[2024-09-05T12:51:58.117+0000] {logging_mixin.py:188} INFO - [2024-09-05T12:51:58.117+0000] {dag.py:3823} INFO - Setting next_dagrun for tutorial to 2024-09-04 00:00:00+00:00, run_after=2024-09-05 00:00:00+00:00
[2024-09-05T12:51:58.135+0000] {processor.py:183} INFO - Processing /home/airflow/.local/lib/python3.8/site-packages/airflow/example_dags/tutorial.py took 0.084 seconds
[2024-09-05T12:52:28.556+0000] {processor.py:161} INFO - Started process (PID=880) to work on /home/airflow/.local/lib/python3.8/site-packages/airflow/example_dags/tutorial.py
[2024-09-05T12:52:28.557+0000] {processor.py:830} INFO - Processing file /home/airflow/.local/lib/python3.8/site-packages/airflow/example_dags/tutorial.py for tasks to queue
[2024-09-05T12:52:28.558+0000] {logging_mixin.py:188} INFO - [2024-09-05T12:52:28.558+0000] {dagbag.py:538} INFO - Filling up the DagBag from /home/airflow/.local/lib/python3.8/site-packages/airflow/example_dags/tutorial.py
[2024-09-05T12:52:28.565+0000] {processor.py:840} INFO - DAG(s) 'tutorial' retrieved from /home/airflow/.local/lib/python3.8/site-packages/airflow/example_dags/tutorial.py
[2024-09-05T12:52:28.590+0000] {logging_mixin.py:188} INFO - [2024-09-05T12:52:28.589+0000] {dag.py:3036} INFO - Sync 1 DAGs
[2024-09-05T12:52:28.614+0000] {logging_mixin.py:188} INFO - [2024-09-05T12:52:28.614+0000] {dag.py:3823} INFO - Setting next_dagrun for tutorial to 2024-09-04 00:00:00+00:00, run_after=2024-09-05 00:00:00+00:00
[2024-09-05T12:52:28.643+0000] {processor.py:183} INFO - Processing /home/airflow/.local/lib/python3.8/site-packages/airflow/example_dags/tutorial.py took 0.090 seconds
[2024-09-05T12:52:59.507+0000] {processor.py:161} INFO - Started process (PID=937) to work on /home/airflow/.local/lib/python3.8/site-packages/airflow/example_dags/tutorial.py
[2024-09-05T12:52:59.507+0000] {processor.py:830} INFO - Processing file /home/airflow/.local/lib/python3.8/site-packages/airflow/example_dags/tutorial.py for tasks to queue
[2024-09-05T12:52:59.508+0000] {logging_mixin.py:188} INFO - [2024-09-05T12:52:59.508+0000] {dagbag.py:538} INFO - Filling up the DagBag from /home/airflow/.local/lib/python3.8/site-packages/airflow/example_dags/tutorial.py
[2024-09-05T12:52:59.514+0000] {processor.py:840} INFO - DAG(s) 'tutorial' retrieved from /home/airflow/.local/lib/python3.8/site-packages/airflow/example_dags/tutorial.py
[2024-09-05T12:52:59.533+0000] {logging_mixin.py:188} INFO - [2024-09-05T12:52:59.533+0000] {dag.py:3036} INFO - Sync 1 DAGs
[2024-09-05T12:52:59.557+0000] {logging_mixin.py:188} INFO - [2024-09-05T12:52:59.557+0000] {dag.py:3823} INFO - Setting next_dagrun for tutorial to 2024-09-04 00:00:00+00:00, run_after=2024-09-05 00:00:00+00:00
[2024-09-05T12:52:59.581+0000] {processor.py:183} INFO - Processing /home/airflow/.local/lib/python3.8/site-packages/airflow/example_dags/tutorial.py took 0.079 seconds
[2024-09-05T12:53:30.015+0000] {processor.py:161} INFO - Started process (PID=994) to work on /home/airflow/.local/lib/python3.8/site-packages/airflow/example_dags/tutorial.py
[2024-09-05T12:53:30.016+0000] {processor.py:830} INFO - Processing file /home/airflow/.local/lib/python3.8/site-packages/airflow/example_dags/tutorial.py for tasks to queue
[2024-09-05T12:53:30.018+0000] {logging_mixin.py:188} INFO - [2024-09-05T12:53:30.017+0000] {dagbag.py:538} INFO - Filling up the DagBag from /home/airflow/.local/lib/python3.8/site-packages/airflow/example_dags/tutorial.py
[2024-09-05T12:53:30.025+0000] {processor.py:840} INFO - DAG(s) 'tutorial' retrieved from /home/airflow/.local/lib/python3.8/site-packages/airflow/example_dags/tutorial.py
[2024-09-05T12:53:30.054+0000] {logging_mixin.py:188} INFO - [2024-09-05T12:53:30.054+0000] {dag.py:3036} INFO - Sync 1 DAGs
[2024-09-05T12:53:30.085+0000] {logging_mixin.py:188} INFO - [2024-09-05T12:53:30.085+0000] {dag.py:3823} INFO - Setting next_dagrun for tutorial to 2024-09-04 00:00:00+00:00, run_after=2024-09-05 00:00:00+00:00
[2024-09-05T12:53:30.107+0000] {processor.py:183} INFO - Processing /home/airflow/.local/lib/python3.8/site-packages/airflow/example_dags/tutorial.py took 0.097 seconds
[2024-09-05T12:54:00.197+0000] {processor.py:161} INFO - Started process (PID=1051) to work on /home/airflow/.local/lib/python3.8/site-packages/airflow/example_dags/tutorial.py
[2024-09-05T12:54:00.197+0000] {processor.py:830} INFO - Processing file /home/airflow/.local/lib/python3.8/site-packages/airflow/example_dags/tutorial.py for tasks to queue
[2024-09-05T12:54:00.199+0000] {logging_mixin.py:188} INFO - [2024-09-05T12:54:00.199+0000] {dagbag.py:538} INFO - Filling up the DagBag from /home/airflow/.local/lib/python3.8/site-packages/airflow/example_dags/tutorial.py
[2024-09-05T12:54:00.206+0000] {processor.py:840} INFO - DAG(s) 'tutorial' retrieved from /home/airflow/.local/lib/python3.8/site-packages/airflow/example_dags/tutorial.py
[2024-09-05T12:54:00.228+0000] {logging_mixin.py:188} INFO - [2024-09-05T12:54:00.227+0000] {dag.py:3036} INFO - Sync 1 DAGs
[2024-09-05T12:54:00.254+0000] {logging_mixin.py:188} INFO - [2024-09-05T12:54:00.254+0000] {dag.py:3823} INFO - Setting next_dagrun for tutorial to 2024-09-04 00:00:00+00:00, run_after=2024-09-05 00:00:00+00:00
[2024-09-05T12:54:00.274+0000] {processor.py:183} INFO - Processing /home/airflow/.local/lib/python3.8/site-packages/airflow/example_dags/tutorial.py took 0.082 seconds
[2024-09-05T12:54:30.797+0000] {processor.py:161} INFO - Started process (PID=1108) to work on /home/airflow/.local/lib/python3.8/site-packages/airflow/example_dags/tutorial.py
[2024-09-05T12:54:30.798+0000] {processor.py:830} INFO - Processing file /home/airflow/.local/lib/python3.8/site-packages/airflow/example_dags/tutorial.py for tasks to queue
[2024-09-05T12:54:30.799+0000] {logging_mixin.py:188} INFO - [2024-09-05T12:54:30.799+0000] {dagbag.py:538} INFO - Filling up the DagBag from /home/airflow/.local/lib/python3.8/site-packages/airflow/example_dags/tutorial.py
[2024-09-05T12:54:30.810+0000] {processor.py:840} INFO - DAG(s) 'tutorial' retrieved from /home/airflow/.local/lib/python3.8/site-packages/airflow/example_dags/tutorial.py
[2024-09-05T12:54:30.838+0000] {logging_mixin.py:188} INFO - [2024-09-05T12:54:30.838+0000] {dag.py:3036} INFO - Sync 1 DAGs
[2024-09-05T12:54:30.867+0000] {logging_mixin.py:188} INFO - [2024-09-05T12:54:30.867+0000] {dag.py:3823} INFO - Setting next_dagrun for tutorial to 2024-09-04 00:00:00+00:00, run_after=2024-09-05 00:00:00+00:00
[2024-09-05T12:54:30.898+0000] {processor.py:183} INFO - Processing /home/airflow/.local/lib/python3.8/site-packages/airflow/example_dags/tutorial.py took 0.106 seconds
[2024-09-05T12:55:00.968+0000] {processor.py:161} INFO - Started process (PID=1165) to work on /home/airflow/.local/lib/python3.8/site-packages/airflow/example_dags/tutorial.py
[2024-09-05T12:55:00.969+0000] {processor.py:830} INFO - Processing file /home/airflow/.local/lib/python3.8/site-packages/airflow/example_dags/tutorial.py for tasks to queue
[2024-09-05T12:55:00.969+0000] {logging_mixin.py:188} INFO - [2024-09-05T12:55:00.969+0000] {dagbag.py:538} INFO - Filling up the DagBag from /home/airflow/.local/lib/python3.8/site-packages/airflow/example_dags/tutorial.py
[2024-09-05T12:55:00.976+0000] {processor.py:840} INFO - DAG(s) 'tutorial' retrieved from /home/airflow/.local/lib/python3.8/site-packages/airflow/example_dags/tutorial.py
[2024-09-05T12:55:00.995+0000] {logging_mixin.py:188} INFO - [2024-09-05T12:55:00.995+0000] {dag.py:3036} INFO - Sync 1 DAGs
[2024-09-05T12:55:01.018+0000] {logging_mixin.py:188} INFO - [2024-09-05T12:55:01.017+0000] {dag.py:3823} INFO - Setting next_dagrun for tutorial to 2024-09-04 00:00:00+00:00, run_after=2024-09-05 00:00:00+00:00
[2024-09-05T12:55:01.039+0000] {processor.py:183} INFO - Processing /home/airflow/.local/lib/python3.8/site-packages/airflow/example_dags/tutorial.py took 0.074 seconds
[2024-09-05T12:55:31.970+0000] {processor.py:161} INFO - Started process (PID=1222) to work on /home/airflow/.local/lib/python3.8/site-packages/airflow/example_dags/tutorial.py
[2024-09-05T12:55:31.971+0000] {processor.py:830} INFO - Processing file /home/airflow/.local/lib/python3.8/site-packages/airflow/example_dags/tutorial.py for tasks to queue
[2024-09-05T12:55:31.972+0000] {logging_mixin.py:188} INFO - [2024-09-05T12:55:31.972+0000] {dagbag.py:538} INFO - Filling up the DagBag from /home/airflow/.local/lib/python3.8/site-packages/airflow/example_dags/tutorial.py
[2024-09-05T12:55:31.978+0000] {processor.py:840} INFO - DAG(s) 'tutorial' retrieved from /home/airflow/.local/lib/python3.8/site-packages/airflow/example_dags/tutorial.py
[2024-09-05T12:55:32.002+0000] {logging_mixin.py:188} INFO - [2024-09-05T12:55:32.002+0000] {dag.py:3036} INFO - Sync 1 DAGs
[2024-09-05T12:55:32.029+0000] {logging_mixin.py:188} INFO - [2024-09-05T12:55:32.028+0000] {dag.py:3823} INFO - Setting next_dagrun for tutorial to 2024-09-04 00:00:00+00:00, run_after=2024-09-05 00:00:00+00:00
[2024-09-05T12:55:32.053+0000] {processor.py:183} INFO - Processing /home/airflow/.local/lib/python3.8/site-packages/airflow/example_dags/tutorial.py took 0.087 seconds
[2024-09-05T12:56:02.332+0000] {processor.py:161} INFO - Started process (PID=1279) to work on /home/airflow/.local/lib/python3.8/site-packages/airflow/example_dags/tutorial.py
[2024-09-05T12:56:02.333+0000] {processor.py:830} INFO - Processing file /home/airflow/.local/lib/python3.8/site-packages/airflow/example_dags/tutorial.py for tasks to queue
[2024-09-05T12:56:02.334+0000] {logging_mixin.py:188} INFO - [2024-09-05T12:56:02.334+0000] {dagbag.py:538} INFO - Filling up the DagBag from /home/airflow/.local/lib/python3.8/site-packages/airflow/example_dags/tutorial.py
[2024-09-05T12:56:02.341+0000] {processor.py:840} INFO - DAG(s) 'tutorial' retrieved from /home/airflow/.local/lib/python3.8/site-packages/airflow/example_dags/tutorial.py
[2024-09-05T12:56:02.361+0000] {logging_mixin.py:188} INFO - [2024-09-05T12:56:02.361+0000] {dag.py:3036} INFO - Sync 1 DAGs
[2024-09-05T12:56:02.382+0000] {logging_mixin.py:188} INFO - [2024-09-05T12:56:02.382+0000] {dag.py:3823} INFO - Setting next_dagrun for tutorial to 2024-09-04 00:00:00+00:00, run_after=2024-09-05 00:00:00+00:00
[2024-09-05T12:56:02.407+0000] {processor.py:183} INFO - Processing /home/airflow/.local/lib/python3.8/site-packages/airflow/example_dags/tutorial.py took 0.078 seconds
[2024-09-05T12:56:32.545+0000] {processor.py:161} INFO - Started process (PID=1336) to work on /home/airflow/.local/lib/python3.8/site-packages/airflow/example_dags/tutorial.py
[2024-09-05T12:56:32.546+0000] {processor.py:830} INFO - Processing file /home/airflow/.local/lib/python3.8/site-packages/airflow/example_dags/tutorial.py for tasks to queue
[2024-09-05T12:56:32.547+0000] {logging_mixin.py:188} INFO - [2024-09-05T12:56:32.546+0000] {dagbag.py:538} INFO - Filling up the DagBag from /home/airflow/.local/lib/python3.8/site-packages/airflow/example_dags/tutorial.py
[2024-09-05T12:56:32.552+0000] {processor.py:840} INFO - DAG(s) 'tutorial' retrieved from /home/airflow/.local/lib/python3.8/site-packages/airflow/example_dags/tutorial.py
[2024-09-05T12:56:32.572+0000] {logging_mixin.py:188} INFO - [2024-09-05T12:56:32.571+0000] {dag.py:3036} INFO - Sync 1 DAGs
[2024-09-05T12:56:32.596+0000] {logging_mixin.py:188} INFO - [2024-09-05T12:56:32.596+0000] {dag.py:3823} INFO - Setting next_dagrun for tutorial to 2024-09-04 00:00:00+00:00, run_after=2024-09-05 00:00:00+00:00
[2024-09-05T12:56:32.618+0000] {processor.py:183} INFO - Processing /home/airflow/.local/lib/python3.8/site-packages/airflow/example_dags/tutorial.py took 0.076 seconds
[2024-09-05T12:57:02.724+0000] {processor.py:161} INFO - Started process (PID=1393) to work on /home/airflow/.local/lib/python3.8/site-packages/airflow/example_dags/tutorial.py
[2024-09-05T12:57:02.725+0000] {processor.py:830} INFO - Processing file /home/airflow/.local/lib/python3.8/site-packages/airflow/example_dags/tutorial.py for tasks to queue
[2024-09-05T12:57:02.726+0000] {logging_mixin.py:188} INFO - [2024-09-05T12:57:02.726+0000] {dagbag.py:538} INFO - Filling up the DagBag from /home/airflow/.local/lib/python3.8/site-packages/airflow/example_dags/tutorial.py
[2024-09-05T12:57:02.735+0000] {processor.py:840} INFO - DAG(s) 'tutorial' retrieved from /home/airflow/.local/lib/python3.8/site-packages/airflow/example_dags/tutorial.py
[2024-09-05T12:57:02.755+0000] {logging_mixin.py:188} INFO - [2024-09-05T12:57:02.755+0000] {dag.py:3036} INFO - Sync 1 DAGs
[2024-09-05T12:57:02.777+0000] {logging_mixin.py:188} INFO - [2024-09-05T12:57:02.777+0000] {dag.py:3823} INFO - Setting next_dagrun for tutorial to 2024-09-04 00:00:00+00:00, run_after=2024-09-05 00:00:00+00:00
[2024-09-05T12:57:02.801+0000] {processor.py:183} INFO - Processing /home/airflow/.local/lib/python3.8/site-packages/airflow/example_dags/tutorial.py took 0.079 seconds
[2024-09-05T12:57:32.950+0000] {processor.py:161} INFO - Started process (PID=1450) to work on /home/airflow/.local/lib/python3.8/site-packages/airflow/example_dags/tutorial.py
[2024-09-05T12:57:32.952+0000] {processor.py:830} INFO - Processing file /home/airflow/.local/lib/python3.8/site-packages/airflow/example_dags/tutorial.py for tasks to queue
[2024-09-05T12:57:32.953+0000] {logging_mixin.py:188} INFO - [2024-09-05T12:57:32.952+0000] {dagbag.py:538} INFO - Filling up the DagBag from /home/airflow/.local/lib/python3.8/site-packages/airflow/example_dags/tutorial.py
[2024-09-05T12:57:32.958+0000] {processor.py:840} INFO - DAG(s) 'tutorial' retrieved from /home/airflow/.local/lib/python3.8/site-packages/airflow/example_dags/tutorial.py
[2024-09-05T12:57:32.977+0000] {logging_mixin.py:188} INFO - [2024-09-05T12:57:32.977+0000] {dag.py:3036} INFO - Sync 1 DAGs
[2024-09-05T12:57:32.998+0000] {logging_mixin.py:188} INFO - [2024-09-05T12:57:32.997+0000] {dag.py:3823} INFO - Setting next_dagrun for tutorial to 2024-09-04 00:00:00+00:00, run_after=2024-09-05 00:00:00+00:00
[2024-09-05T12:57:33.023+0000] {processor.py:183} INFO - Processing /home/airflow/.local/lib/python3.8/site-packages/airflow/example_dags/tutorial.py took 0.075 seconds
[2024-09-05T12:58:03.423+0000] {processor.py:161} INFO - Started process (PID=1507) to work on /home/airflow/.local/lib/python3.8/site-packages/airflow/example_dags/tutorial.py
[2024-09-05T12:58:03.424+0000] {processor.py:830} INFO - Processing file /home/airflow/.local/lib/python3.8/site-packages/airflow/example_dags/tutorial.py for tasks to queue
[2024-09-05T12:58:03.427+0000] {logging_mixin.py:188} INFO - [2024-09-05T12:58:03.426+0000] {dagbag.py:538} INFO - Filling up the DagBag from /home/airflow/.local/lib/python3.8/site-packages/airflow/example_dags/tutorial.py
[2024-09-05T12:58:03.434+0000] {processor.py:840} INFO - DAG(s) 'tutorial' retrieved from /home/airflow/.local/lib/python3.8/site-packages/airflow/example_dags/tutorial.py
[2024-09-05T12:58:03.456+0000] {logging_mixin.py:188} INFO - [2024-09-05T12:58:03.455+0000] {dag.py:3036} INFO - Sync 1 DAGs
[2024-09-05T12:58:03.483+0000] {logging_mixin.py:188} INFO - [2024-09-05T12:58:03.483+0000] {dag.py:3823} INFO - Setting next_dagrun for tutorial to 2024-09-04 00:00:00+00:00, run_after=2024-09-05 00:00:00+00:00
[2024-09-05T12:58:03.506+0000] {processor.py:183} INFO - Processing /home/airflow/.local/lib/python3.8/site-packages/airflow/example_dags/tutorial.py took 0.086 seconds
[2024-09-05T12:58:33.825+0000] {processor.py:161} INFO - Started process (PID=1564) to work on /home/airflow/.local/lib/python3.8/site-packages/airflow/example_dags/tutorial.py
[2024-09-05T12:58:33.825+0000] {processor.py:830} INFO - Processing file /home/airflow/.local/lib/python3.8/site-packages/airflow/example_dags/tutorial.py for tasks to queue
[2024-09-05T12:58:33.826+0000] {logging_mixin.py:188} INFO - [2024-09-05T12:58:33.826+0000] {dagbag.py:538} INFO - Filling up the DagBag from /home/airflow/.local/lib/python3.8/site-packages/airflow/example_dags/tutorial.py
[2024-09-05T12:58:33.835+0000] {processor.py:840} INFO - DAG(s) 'tutorial' retrieved from /home/airflow/.local/lib/python3.8/site-packages/airflow/example_dags/tutorial.py
[2024-09-05T12:58:33.856+0000] {logging_mixin.py:188} INFO - [2024-09-05T12:58:33.855+0000] {dag.py:3036} INFO - Sync 1 DAGs
[2024-09-05T12:58:33.876+0000] {logging_mixin.py:188} INFO - [2024-09-05T12:58:33.876+0000] {dag.py:3823} INFO - Setting next_dagrun for tutorial to 2024-09-04 00:00:00+00:00, run_after=2024-09-05 00:00:00+00:00
[2024-09-05T12:58:33.899+0000] {processor.py:183} INFO - Processing /home/airflow/.local/lib/python3.8/site-packages/airflow/example_dags/tutorial.py took 0.077 seconds
[2024-09-05T12:59:04.210+0000] {processor.py:161} INFO - Started process (PID=1621) to work on /home/airflow/.local/lib/python3.8/site-packages/airflow/example_dags/tutorial.py
[2024-09-05T12:59:04.211+0000] {processor.py:830} INFO - Processing file /home/airflow/.local/lib/python3.8/site-packages/airflow/example_dags/tutorial.py for tasks to queue
[2024-09-05T12:59:04.212+0000] {logging_mixin.py:188} INFO - [2024-09-05T12:59:04.212+0000] {dagbag.py:538} INFO - Filling up the DagBag from /home/airflow/.local/lib/python3.8/site-packages/airflow/example_dags/tutorial.py
[2024-09-05T12:59:04.220+0000] {processor.py:840} INFO - DAG(s) 'tutorial' retrieved from /home/airflow/.local/lib/python3.8/site-packages/airflow/example_dags/tutorial.py
[2024-09-05T12:59:04.242+0000] {logging_mixin.py:188} INFO - [2024-09-05T12:59:04.242+0000] {dag.py:3036} INFO - Sync 1 DAGs
[2024-09-05T12:59:04.273+0000] {logging_mixin.py:188} INFO - [2024-09-05T12:59:04.273+0000] {dag.py:3823} INFO - Setting next_dagrun for tutorial to 2024-09-04 00:00:00+00:00, run_after=2024-09-05 00:00:00+00:00
[2024-09-05T12:59:04.300+0000] {processor.py:183} INFO - Processing /home/airflow/.local/lib/python3.8/site-packages/airflow/example_dags/tutorial.py took 0.093 seconds
[2024-09-05T12:59:34.559+0000] {processor.py:161} INFO - Started process (PID=1678) to work on /home/airflow/.local/lib/python3.8/site-packages/airflow/example_dags/tutorial.py
[2024-09-05T12:59:34.560+0000] {processor.py:830} INFO - Processing file /home/airflow/.local/lib/python3.8/site-packages/airflow/example_dags/tutorial.py for tasks to queue
[2024-09-05T12:59:34.561+0000] {logging_mixin.py:188} INFO - [2024-09-05T12:59:34.561+0000] {dagbag.py:538} INFO - Filling up the DagBag from /home/airflow/.local/lib/python3.8/site-packages/airflow/example_dags/tutorial.py
[2024-09-05T12:59:34.568+0000] {processor.py:840} INFO - DAG(s) 'tutorial' retrieved from /home/airflow/.local/lib/python3.8/site-packages/airflow/example_dags/tutorial.py
[2024-09-05T12:59:34.593+0000] {logging_mixin.py:188} INFO - [2024-09-05T12:59:34.592+0000] {dag.py:3036} INFO - Sync 1 DAGs
[2024-09-05T12:59:34.616+0000] {logging_mixin.py:188} INFO - [2024-09-05T12:59:34.616+0000] {dag.py:3823} INFO - Setting next_dagrun for tutorial to 2024-09-04 00:00:00+00:00, run_after=2024-09-05 00:00:00+00:00
[2024-09-05T12:59:34.639+0000] {processor.py:183} INFO - Processing /home/airflow/.local/lib/python3.8/site-packages/airflow/example_dags/tutorial.py took 0.085 seconds
[2024-09-05T13:00:04.888+0000] {processor.py:161} INFO - Started process (PID=1735) to work on /home/airflow/.local/lib/python3.8/site-packages/airflow/example_dags/tutorial.py
[2024-09-05T13:00:04.889+0000] {processor.py:830} INFO - Processing file /home/airflow/.local/lib/python3.8/site-packages/airflow/example_dags/tutorial.py for tasks to queue
[2024-09-05T13:00:04.891+0000] {logging_mixin.py:188} INFO - [2024-09-05T13:00:04.891+0000] {dagbag.py:538} INFO - Filling up the DagBag from /home/airflow/.local/lib/python3.8/site-packages/airflow/example_dags/tutorial.py
[2024-09-05T13:00:04.901+0000] {processor.py:840} INFO - DAG(s) 'tutorial' retrieved from /home/airflow/.local/lib/python3.8/site-packages/airflow/example_dags/tutorial.py
[2024-09-05T13:00:04.922+0000] {logging_mixin.py:188} INFO - [2024-09-05T13:00:04.921+0000] {dag.py:3036} INFO - Sync 1 DAGs
[2024-09-05T13:00:04.943+0000] {logging_mixin.py:188} INFO - [2024-09-05T13:00:04.943+0000] {dag.py:3823} INFO - Setting next_dagrun for tutorial to 2024-09-04 00:00:00+00:00, run_after=2024-09-05 00:00:00+00:00
[2024-09-05T13:00:04.965+0000] {processor.py:183} INFO - Processing /home/airflow/.local/lib/python3.8/site-packages/airflow/example_dags/tutorial.py took 0.080 seconds
[2024-09-05T13:00:35.137+0000] {processor.py:161} INFO - Started process (PID=1792) to work on /home/airflow/.local/lib/python3.8/site-packages/airflow/example_dags/tutorial.py
[2024-09-05T13:00:35.139+0000] {processor.py:830} INFO - Processing file /home/airflow/.local/lib/python3.8/site-packages/airflow/example_dags/tutorial.py for tasks to queue
[2024-09-05T13:00:35.140+0000] {logging_mixin.py:188} INFO - [2024-09-05T13:00:35.140+0000] {dagbag.py:538} INFO - Filling up the DagBag from /home/airflow/.local/lib/python3.8/site-packages/airflow/example_dags/tutorial.py
[2024-09-05T13:00:35.148+0000] {processor.py:840} INFO - DAG(s) 'tutorial' retrieved from /home/airflow/.local/lib/python3.8/site-packages/airflow/example_dags/tutorial.py
[2024-09-05T13:00:35.173+0000] {logging_mixin.py:188} INFO - [2024-09-05T13:00:35.173+0000] {dag.py:3036} INFO - Sync 1 DAGs
[2024-09-05T13:00:35.201+0000] {logging_mixin.py:188} INFO - [2024-09-05T13:00:35.200+0000] {dag.py:3823} INFO - Setting next_dagrun for tutorial to 2024-09-04 00:00:00+00:00, run_after=2024-09-05 00:00:00+00:00
[2024-09-05T13:00:35.223+0000] {processor.py:183} INFO - Processing /home/airflow/.local/lib/python3.8/site-packages/airflow/example_dags/tutorial.py took 0.090 seconds
[2024-09-05T13:01:05.332+0000] {processor.py:161} INFO - Started process (PID=1849) to work on /home/airflow/.local/lib/python3.8/site-packages/airflow/example_dags/tutorial.py
[2024-09-05T13:01:05.333+0000] {processor.py:830} INFO - Processing file /home/airflow/.local/lib/python3.8/site-packages/airflow/example_dags/tutorial.py for tasks to queue
[2024-09-05T13:01:05.335+0000] {logging_mixin.py:188} INFO - [2024-09-05T13:01:05.334+0000] {dagbag.py:538} INFO - Filling up the DagBag from /home/airflow/.local/lib/python3.8/site-packages/airflow/example_dags/tutorial.py
[2024-09-05T13:01:05.344+0000] {processor.py:840} INFO - DAG(s) 'tutorial' retrieved from /home/airflow/.local/lib/python3.8/site-packages/airflow/example_dags/tutorial.py
[2024-09-05T13:01:05.374+0000] {logging_mixin.py:188} INFO - [2024-09-05T13:01:05.373+0000] {dag.py:3036} INFO - Sync 1 DAGs
[2024-09-05T13:01:05.403+0000] {logging_mixin.py:188} INFO - [2024-09-05T13:01:05.403+0000] {dag.py:3823} INFO - Setting next_dagrun for tutorial to 2024-09-04 00:00:00+00:00, run_after=2024-09-05 00:00:00+00:00
[2024-09-05T13:01:05.426+0000] {processor.py:183} INFO - Processing /home/airflow/.local/lib/python3.8/site-packages/airflow/example_dags/tutorial.py took 0.099 seconds
[2024-09-05T13:01:35.505+0000] {processor.py:161} INFO - Started process (PID=1904) to work on /home/airflow/.local/lib/python3.8/site-packages/airflow/example_dags/tutorial.py
[2024-09-05T13:01:35.506+0000] {processor.py:830} INFO - Processing file /home/airflow/.local/lib/python3.8/site-packages/airflow/example_dags/tutorial.py for tasks to queue
[2024-09-05T13:01:35.507+0000] {logging_mixin.py:188} INFO - [2024-09-05T13:01:35.507+0000] {dagbag.py:538} INFO - Filling up the DagBag from /home/airflow/.local/lib/python3.8/site-packages/airflow/example_dags/tutorial.py
[2024-09-05T13:01:35.513+0000] {processor.py:840} INFO - DAG(s) 'tutorial' retrieved from /home/airflow/.local/lib/python3.8/site-packages/airflow/example_dags/tutorial.py
[2024-09-05T13:01:35.532+0000] {logging_mixin.py:188} INFO - [2024-09-05T13:01:35.532+0000] {dag.py:3036} INFO - Sync 1 DAGs
[2024-09-05T13:01:35.554+0000] {logging_mixin.py:188} INFO - [2024-09-05T13:01:35.553+0000] {dag.py:3823} INFO - Setting next_dagrun for tutorial to 2024-09-04 00:00:00+00:00, run_after=2024-09-05 00:00:00+00:00
[2024-09-05T13:01:35.574+0000] {processor.py:183} INFO - Processing /home/airflow/.local/lib/python3.8/site-packages/airflow/example_dags/tutorial.py took 0.071 seconds
[2024-09-05T13:02:05.759+0000] {processor.py:161} INFO - Started process (PID=1961) to work on /home/airflow/.local/lib/python3.8/site-packages/airflow/example_dags/tutorial.py
[2024-09-05T13:02:05.760+0000] {processor.py:830} INFO - Processing file /home/airflow/.local/lib/python3.8/site-packages/airflow/example_dags/tutorial.py for tasks to queue
[2024-09-05T13:02:05.761+0000] {logging_mixin.py:188} INFO - [2024-09-05T13:02:05.761+0000] {dagbag.py:538} INFO - Filling up the DagBag from /home/airflow/.local/lib/python3.8/site-packages/airflow/example_dags/tutorial.py
[2024-09-05T13:02:05.767+0000] {processor.py:840} INFO - DAG(s) 'tutorial' retrieved from /home/airflow/.local/lib/python3.8/site-packages/airflow/example_dags/tutorial.py
[2024-09-05T13:02:05.788+0000] {logging_mixin.py:188} INFO - [2024-09-05T13:02:05.787+0000] {dag.py:3036} INFO - Sync 1 DAGs
[2024-09-05T13:02:05.813+0000] {logging_mixin.py:188} INFO - [2024-09-05T13:02:05.812+0000] {dag.py:3823} INFO - Setting next_dagrun for tutorial to 2024-09-04 00:00:00+00:00, run_after=2024-09-05 00:00:00+00:00
[2024-09-05T13:02:05.838+0000] {processor.py:183} INFO - Processing /home/airflow/.local/lib/python3.8/site-packages/airflow/example_dags/tutorial.py took 0.083 seconds
[2024-09-05T13:02:36.002+0000] {processor.py:161} INFO - Started process (PID=2018) to work on /home/airflow/.local/lib/python3.8/site-packages/airflow/example_dags/tutorial.py
[2024-09-05T13:02:36.003+0000] {processor.py:830} INFO - Processing file /home/airflow/.local/lib/python3.8/site-packages/airflow/example_dags/tutorial.py for tasks to queue
[2024-09-05T13:02:36.003+0000] {logging_mixin.py:188} INFO - [2024-09-05T13:02:36.003+0000] {dagbag.py:538} INFO - Filling up the DagBag from /home/airflow/.local/lib/python3.8/site-packages/airflow/example_dags/tutorial.py
[2024-09-05T13:02:36.010+0000] {processor.py:840} INFO - DAG(s) 'tutorial' retrieved from /home/airflow/.local/lib/python3.8/site-packages/airflow/example_dags/tutorial.py
[2024-09-05T13:02:36.031+0000] {logging_mixin.py:188} INFO - [2024-09-05T13:02:36.031+0000] {dag.py:3036} INFO - Sync 1 DAGs
[2024-09-05T13:02:36.059+0000] {logging_mixin.py:188} INFO - [2024-09-05T13:02:36.059+0000] {dag.py:3823} INFO - Setting next_dagrun for tutorial to 2024-09-04 00:00:00+00:00, run_after=2024-09-05 00:00:00+00:00
[2024-09-05T13:02:36.082+0000] {processor.py:183} INFO - Processing /home/airflow/.local/lib/python3.8/site-packages/airflow/example_dags/tutorial.py took 0.083 seconds
[2024-09-05T13:03:06.412+0000] {processor.py:161} INFO - Started process (PID=2075) to work on /home/airflow/.local/lib/python3.8/site-packages/airflow/example_dags/tutorial.py
[2024-09-05T13:03:06.413+0000] {processor.py:830} INFO - Processing file /home/airflow/.local/lib/python3.8/site-packages/airflow/example_dags/tutorial.py for tasks to queue
[2024-09-05T13:03:06.414+0000] {logging_mixin.py:188} INFO - [2024-09-05T13:03:06.414+0000] {dagbag.py:538} INFO - Filling up the DagBag from /home/airflow/.local/lib/python3.8/site-packages/airflow/example_dags/tutorial.py
[2024-09-05T13:03:06.420+0000] {processor.py:840} INFO - DAG(s) 'tutorial' retrieved from /home/airflow/.local/lib/python3.8/site-packages/airflow/example_dags/tutorial.py
[2024-09-05T13:03:06.441+0000] {logging_mixin.py:188} INFO - [2024-09-05T13:03:06.440+0000] {dag.py:3036} INFO - Sync 1 DAGs
[2024-09-05T13:03:06.465+0000] {logging_mixin.py:188} INFO - [2024-09-05T13:03:06.465+0000] {dag.py:3823} INFO - Setting next_dagrun for tutorial to 2024-09-04 00:00:00+00:00, run_after=2024-09-05 00:00:00+00:00
[2024-09-05T13:03:06.487+0000] {processor.py:183} INFO - Processing /home/airflow/.local/lib/python3.8/site-packages/airflow/example_dags/tutorial.py took 0.078 seconds
[2024-09-05T13:03:37.322+0000] {processor.py:161} INFO - Started process (PID=2132) to work on /home/airflow/.local/lib/python3.8/site-packages/airflow/example_dags/tutorial.py
[2024-09-05T13:03:37.323+0000] {processor.py:830} INFO - Processing file /home/airflow/.local/lib/python3.8/site-packages/airflow/example_dags/tutorial.py for tasks to queue
[2024-09-05T13:03:37.324+0000] {logging_mixin.py:188} INFO - [2024-09-05T13:03:37.323+0000] {dagbag.py:538} INFO - Filling up the DagBag from /home/airflow/.local/lib/python3.8/site-packages/airflow/example_dags/tutorial.py
[2024-09-05T13:03:37.330+0000] {processor.py:840} INFO - DAG(s) 'tutorial' retrieved from /home/airflow/.local/lib/python3.8/site-packages/airflow/example_dags/tutorial.py
[2024-09-05T13:03:37.350+0000] {logging_mixin.py:188} INFO - [2024-09-05T13:03:37.349+0000] {dag.py:3036} INFO - Sync 1 DAGs
[2024-09-05T13:03:37.376+0000] {logging_mixin.py:188} INFO - [2024-09-05T13:03:37.376+0000] {dag.py:3823} INFO - Setting next_dagrun for tutorial to 2024-09-04 00:00:00+00:00, run_after=2024-09-05 00:00:00+00:00
[2024-09-05T13:03:37.403+0000] {processor.py:183} INFO - Processing /home/airflow/.local/lib/python3.8/site-packages/airflow/example_dags/tutorial.py took 0.085 seconds
[2024-09-05T13:04:07.558+0000] {processor.py:161} INFO - Started process (PID=2188) to work on /home/airflow/.local/lib/python3.8/site-packages/airflow/example_dags/tutorial.py
[2024-09-05T13:04:07.559+0000] {processor.py:830} INFO - Processing file /home/airflow/.local/lib/python3.8/site-packages/airflow/example_dags/tutorial.py for tasks to queue
[2024-09-05T13:04:07.561+0000] {logging_mixin.py:188} INFO - [2024-09-05T13:04:07.560+0000] {dagbag.py:538} INFO - Filling up the DagBag from /home/airflow/.local/lib/python3.8/site-packages/airflow/example_dags/tutorial.py
[2024-09-05T13:04:07.573+0000] {processor.py:840} INFO - DAG(s) 'tutorial' retrieved from /home/airflow/.local/lib/python3.8/site-packages/airflow/example_dags/tutorial.py
[2024-09-05T13:04:07.601+0000] {logging_mixin.py:188} INFO - [2024-09-05T13:04:07.601+0000] {dag.py:3036} INFO - Sync 1 DAGs
[2024-09-05T13:04:07.640+0000] {logging_mixin.py:188} INFO - [2024-09-05T13:04:07.640+0000] {dag.py:3823} INFO - Setting next_dagrun for tutorial to 2024-09-04 00:00:00+00:00, run_after=2024-09-05 00:00:00+00:00
[2024-09-05T13:04:07.669+0000] {processor.py:183} INFO - Processing /home/airflow/.local/lib/python3.8/site-packages/airflow/example_dags/tutorial.py took 0.115 seconds
[2024-09-05T13:04:38.170+0000] {processor.py:161} INFO - Started process (PID=2248) to work on /home/airflow/.local/lib/python3.8/site-packages/airflow/example_dags/tutorial.py
[2024-09-05T13:04:38.172+0000] {processor.py:830} INFO - Processing file /home/airflow/.local/lib/python3.8/site-packages/airflow/example_dags/tutorial.py for tasks to queue
[2024-09-05T13:04:38.173+0000] {logging_mixin.py:188} INFO - [2024-09-05T13:04:38.173+0000] {dagbag.py:538} INFO - Filling up the DagBag from /home/airflow/.local/lib/python3.8/site-packages/airflow/example_dags/tutorial.py
[2024-09-05T13:04:38.180+0000] {processor.py:840} INFO - DAG(s) 'tutorial' retrieved from /home/airflow/.local/lib/python3.8/site-packages/airflow/example_dags/tutorial.py
[2024-09-05T13:04:38.206+0000] {logging_mixin.py:188} INFO - [2024-09-05T13:04:38.206+0000] {dag.py:3036} INFO - Sync 1 DAGs
[2024-09-05T13:04:38.229+0000] {logging_mixin.py:188} INFO - [2024-09-05T13:04:38.229+0000] {dag.py:3823} INFO - Setting next_dagrun for tutorial to 2024-09-04 00:00:00+00:00, run_after=2024-09-05 00:00:00+00:00
[2024-09-05T13:04:38.250+0000] {processor.py:183} INFO - Processing /home/airflow/.local/lib/python3.8/site-packages/airflow/example_dags/tutorial.py took 0.085 seconds
[2024-09-05T13:06:24.478+0000] {processor.py:161} INFO - Started process (PID=75) to work on /home/airflow/.local/lib/python3.8/site-packages/airflow/example_dags/tutorial.py
[2024-09-05T13:06:24.480+0000] {processor.py:830} INFO - Processing file /home/airflow/.local/lib/python3.8/site-packages/airflow/example_dags/tutorial.py for tasks to queue
[2024-09-05T13:06:24.482+0000] {logging_mixin.py:188} INFO - [2024-09-05T13:06:24.481+0000] {dagbag.py:538} INFO - Filling up the DagBag from /home/airflow/.local/lib/python3.8/site-packages/airflow/example_dags/tutorial.py
[2024-09-05T13:06:24.489+0000] {processor.py:840} INFO - DAG(s) 'tutorial' retrieved from /home/airflow/.local/lib/python3.8/site-packages/airflow/example_dags/tutorial.py
[2024-09-05T13:06:24.502+0000] {logging_mixin.py:188} INFO - [2024-09-05T13:06:24.502+0000] {dag.py:3036} INFO - Sync 1 DAGs
[2024-09-05T13:06:24.527+0000] {logging_mixin.py:188} INFO - [2024-09-05T13:06:24.527+0000] {dag.py:3823} INFO - Setting next_dagrun for tutorial to 2024-09-04 00:00:00+00:00, run_after=2024-09-05 00:00:00+00:00
[2024-09-05T13:06:24.550+0000] {processor.py:183} INFO - Processing /home/airflow/.local/lib/python3.8/site-packages/airflow/example_dags/tutorial.py took 0.077 seconds
[2024-09-05T13:06:54.802+0000] {processor.py:161} INFO - Started process (PID=132) to work on /home/airflow/.local/lib/python3.8/site-packages/airflow/example_dags/tutorial.py
[2024-09-05T13:06:54.803+0000] {processor.py:830} INFO - Processing file /home/airflow/.local/lib/python3.8/site-packages/airflow/example_dags/tutorial.py for tasks to queue
[2024-09-05T13:06:54.804+0000] {logging_mixin.py:188} INFO - [2024-09-05T13:06:54.804+0000] {dagbag.py:538} INFO - Filling up the DagBag from /home/airflow/.local/lib/python3.8/site-packages/airflow/example_dags/tutorial.py
[2024-09-05T13:06:54.811+0000] {processor.py:840} INFO - DAG(s) 'tutorial' retrieved from /home/airflow/.local/lib/python3.8/site-packages/airflow/example_dags/tutorial.py
[2024-09-05T13:06:54.912+0000] {logging_mixin.py:188} INFO - [2024-09-05T13:06:54.912+0000] {dag.py:3036} INFO - Sync 1 DAGs
[2024-09-05T13:06:54.930+0000] {logging_mixin.py:188} INFO - [2024-09-05T13:06:54.930+0000] {dag.py:3823} INFO - Setting next_dagrun for tutorial to 2024-09-04 00:00:00+00:00, run_after=2024-09-05 00:00:00+00:00
[2024-09-05T13:06:54.951+0000] {processor.py:183} INFO - Processing /home/airflow/.local/lib/python3.8/site-packages/airflow/example_dags/tutorial.py took 0.154 seconds
[2024-09-05T13:07:25.037+0000] {processor.py:161} INFO - Started process (PID=189) to work on /home/airflow/.local/lib/python3.8/site-packages/airflow/example_dags/tutorial.py
[2024-09-05T13:07:25.038+0000] {processor.py:830} INFO - Processing file /home/airflow/.local/lib/python3.8/site-packages/airflow/example_dags/tutorial.py for tasks to queue
[2024-09-05T13:07:25.039+0000] {logging_mixin.py:188} INFO - [2024-09-05T13:07:25.039+0000] {dagbag.py:538} INFO - Filling up the DagBag from /home/airflow/.local/lib/python3.8/site-packages/airflow/example_dags/tutorial.py
[2024-09-05T13:07:25.045+0000] {processor.py:840} INFO - DAG(s) 'tutorial' retrieved from /home/airflow/.local/lib/python3.8/site-packages/airflow/example_dags/tutorial.py
[2024-09-05T13:07:25.064+0000] {logging_mixin.py:188} INFO - [2024-09-05T13:07:25.064+0000] {dag.py:3036} INFO - Sync 1 DAGs
[2024-09-05T13:07:25.086+0000] {logging_mixin.py:188} INFO - [2024-09-05T13:07:25.086+0000] {dag.py:3823} INFO - Setting next_dagrun for tutorial to 2024-09-04 00:00:00+00:00, run_after=2024-09-05 00:00:00+00:00
[2024-09-05T13:07:25.106+0000] {processor.py:183} INFO - Processing /home/airflow/.local/lib/python3.8/site-packages/airflow/example_dags/tutorial.py took 0.072 seconds
[2024-09-05T13:07:55.459+0000] {processor.py:161} INFO - Started process (PID=246) to work on /home/airflow/.local/lib/python3.8/site-packages/airflow/example_dags/tutorial.py
[2024-09-05T13:07:55.460+0000] {processor.py:830} INFO - Processing file /home/airflow/.local/lib/python3.8/site-packages/airflow/example_dags/tutorial.py for tasks to queue
[2024-09-05T13:07:55.463+0000] {logging_mixin.py:188} INFO - [2024-09-05T13:07:55.462+0000] {dagbag.py:538} INFO - Filling up the DagBag from /home/airflow/.local/lib/python3.8/site-packages/airflow/example_dags/tutorial.py
[2024-09-05T13:07:55.469+0000] {processor.py:840} INFO - DAG(s) 'tutorial' retrieved from /home/airflow/.local/lib/python3.8/site-packages/airflow/example_dags/tutorial.py
[2024-09-05T13:07:55.490+0000] {logging_mixin.py:188} INFO - [2024-09-05T13:07:55.489+0000] {dag.py:3036} INFO - Sync 1 DAGs
[2024-09-05T13:07:55.514+0000] {logging_mixin.py:188} INFO - [2024-09-05T13:07:55.514+0000] {dag.py:3823} INFO - Setting next_dagrun for tutorial to 2024-09-04 00:00:00+00:00, run_after=2024-09-05 00:00:00+00:00
[2024-09-05T13:07:55.536+0000] {processor.py:183} INFO - Processing /home/airflow/.local/lib/python3.8/site-packages/airflow/example_dags/tutorial.py took 0.080 seconds
[2024-09-05T13:08:25.662+0000] {processor.py:161} INFO - Started process (PID=303) to work on /home/airflow/.local/lib/python3.8/site-packages/airflow/example_dags/tutorial.py
[2024-09-05T13:08:25.663+0000] {processor.py:830} INFO - Processing file /home/airflow/.local/lib/python3.8/site-packages/airflow/example_dags/tutorial.py for tasks to queue
[2024-09-05T13:08:25.664+0000] {logging_mixin.py:188} INFO - [2024-09-05T13:08:25.663+0000] {dagbag.py:538} INFO - Filling up the DagBag from /home/airflow/.local/lib/python3.8/site-packages/airflow/example_dags/tutorial.py
[2024-09-05T13:08:25.672+0000] {processor.py:840} INFO - DAG(s) 'tutorial' retrieved from /home/airflow/.local/lib/python3.8/site-packages/airflow/example_dags/tutorial.py
[2024-09-05T13:08:25.693+0000] {logging_mixin.py:188} INFO - [2024-09-05T13:08:25.693+0000] {dag.py:3036} INFO - Sync 1 DAGs
[2024-09-05T13:08:25.721+0000] {logging_mixin.py:188} INFO - [2024-09-05T13:08:25.721+0000] {dag.py:3823} INFO - Setting next_dagrun for tutorial to 2024-09-04 00:00:00+00:00, run_after=2024-09-05 00:00:00+00:00
[2024-09-05T13:08:25.743+0000] {processor.py:183} INFO - Processing /home/airflow/.local/lib/python3.8/site-packages/airflow/example_dags/tutorial.py took 0.085 seconds
[2024-09-05T13:08:56.358+0000] {processor.py:161} INFO - Started process (PID=360) to work on /home/airflow/.local/lib/python3.8/site-packages/airflow/example_dags/tutorial.py
[2024-09-05T13:08:56.359+0000] {processor.py:830} INFO - Processing file /home/airflow/.local/lib/python3.8/site-packages/airflow/example_dags/tutorial.py for tasks to queue
[2024-09-05T13:08:56.361+0000] {logging_mixin.py:188} INFO - [2024-09-05T13:08:56.360+0000] {dagbag.py:538} INFO - Filling up the DagBag from /home/airflow/.local/lib/python3.8/site-packages/airflow/example_dags/tutorial.py
[2024-09-05T13:08:56.367+0000] {processor.py:840} INFO - DAG(s) 'tutorial' retrieved from /home/airflow/.local/lib/python3.8/site-packages/airflow/example_dags/tutorial.py
[2024-09-05T13:08:56.390+0000] {logging_mixin.py:188} INFO - [2024-09-05T13:08:56.390+0000] {dag.py:3036} INFO - Sync 1 DAGs
[2024-09-05T13:08:56.419+0000] {logging_mixin.py:188} INFO - [2024-09-05T13:08:56.419+0000] {dag.py:3823} INFO - Setting next_dagrun for tutorial to 2024-09-04 00:00:00+00:00, run_after=2024-09-05 00:00:00+00:00
[2024-09-05T13:08:56.448+0000] {processor.py:183} INFO - Processing /home/airflow/.local/lib/python3.8/site-packages/airflow/example_dags/tutorial.py took 0.096 seconds
[2024-09-05T13:09:26.654+0000] {processor.py:161} INFO - Started process (PID=420) to work on /home/airflow/.local/lib/python3.8/site-packages/airflow/example_dags/tutorial.py
[2024-09-05T13:09:26.655+0000] {processor.py:830} INFO - Processing file /home/airflow/.local/lib/python3.8/site-packages/airflow/example_dags/tutorial.py for tasks to queue
[2024-09-05T13:09:26.656+0000] {logging_mixin.py:188} INFO - [2024-09-05T13:09:26.655+0000] {dagbag.py:538} INFO - Filling up the DagBag from /home/airflow/.local/lib/python3.8/site-packages/airflow/example_dags/tutorial.py
[2024-09-05T13:09:26.664+0000] {processor.py:840} INFO - DAG(s) 'tutorial' retrieved from /home/airflow/.local/lib/python3.8/site-packages/airflow/example_dags/tutorial.py
[2024-09-05T13:09:26.698+0000] {logging_mixin.py:188} INFO - [2024-09-05T13:09:26.697+0000] {dag.py:3036} INFO - Sync 1 DAGs
[2024-09-05T13:09:26.741+0000] {logging_mixin.py:188} INFO - [2024-09-05T13:09:26.741+0000] {dag.py:3823} INFO - Setting next_dagrun for tutorial to 2024-09-04 00:00:00+00:00, run_after=2024-09-05 00:00:00+00:00
[2024-09-05T13:09:26.766+0000] {processor.py:183} INFO - Processing /home/airflow/.local/lib/python3.8/site-packages/airflow/example_dags/tutorial.py took 0.116 seconds
[2024-09-05T13:09:57.208+0000] {processor.py:161} INFO - Started process (PID=478) to work on /home/airflow/.local/lib/python3.8/site-packages/airflow/example_dags/tutorial.py
[2024-09-05T13:09:57.209+0000] {processor.py:830} INFO - Processing file /home/airflow/.local/lib/python3.8/site-packages/airflow/example_dags/tutorial.py for tasks to queue
[2024-09-05T13:09:57.210+0000] {logging_mixin.py:188} INFO - [2024-09-05T13:09:57.210+0000] {dagbag.py:538} INFO - Filling up the DagBag from /home/airflow/.local/lib/python3.8/site-packages/airflow/example_dags/tutorial.py
[2024-09-05T13:09:57.225+0000] {processor.py:840} INFO - DAG(s) 'tutorial' retrieved from /home/airflow/.local/lib/python3.8/site-packages/airflow/example_dags/tutorial.py
[2024-09-05T13:09:57.259+0000] {logging_mixin.py:188} INFO - [2024-09-05T13:09:57.259+0000] {dag.py:3036} INFO - Sync 1 DAGs
[2024-09-05T13:09:57.292+0000] {logging_mixin.py:188} INFO - [2024-09-05T13:09:57.292+0000] {dag.py:3823} INFO - Setting next_dagrun for tutorial to 2024-09-04 00:00:00+00:00, run_after=2024-09-05 00:00:00+00:00
[2024-09-05T13:09:57.318+0000] {processor.py:183} INFO - Processing /home/airflow/.local/lib/python3.8/site-packages/airflow/example_dags/tutorial.py took 0.113 seconds
[2024-09-05T13:10:27.458+0000] {processor.py:161} INFO - Started process (PID=535) to work on /home/airflow/.local/lib/python3.8/site-packages/airflow/example_dags/tutorial.py
[2024-09-05T13:10:27.459+0000] {processor.py:830} INFO - Processing file /home/airflow/.local/lib/python3.8/site-packages/airflow/example_dags/tutorial.py for tasks to queue
[2024-09-05T13:10:27.460+0000] {logging_mixin.py:188} INFO - [2024-09-05T13:10:27.460+0000] {dagbag.py:538} INFO - Filling up the DagBag from /home/airflow/.local/lib/python3.8/site-packages/airflow/example_dags/tutorial.py
[2024-09-05T13:10:27.468+0000] {processor.py:840} INFO - DAG(s) 'tutorial' retrieved from /home/airflow/.local/lib/python3.8/site-packages/airflow/example_dags/tutorial.py
[2024-09-05T13:10:27.493+0000] {logging_mixin.py:188} INFO - [2024-09-05T13:10:27.493+0000] {dag.py:3036} INFO - Sync 1 DAGs
[2024-09-05T13:10:27.519+0000] {logging_mixin.py:188} INFO - [2024-09-05T13:10:27.518+0000] {dag.py:3823} INFO - Setting next_dagrun for tutorial to 2024-09-04 00:00:00+00:00, run_after=2024-09-05 00:00:00+00:00
[2024-09-05T13:10:27.546+0000] {processor.py:183} INFO - Processing /home/airflow/.local/lib/python3.8/site-packages/airflow/example_dags/tutorial.py took 0.092 seconds
[2024-09-05T13:10:58.418+0000] {processor.py:161} INFO - Started process (PID=592) to work on /home/airflow/.local/lib/python3.8/site-packages/airflow/example_dags/tutorial.py
[2024-09-05T13:10:58.419+0000] {processor.py:830} INFO - Processing file /home/airflow/.local/lib/python3.8/site-packages/airflow/example_dags/tutorial.py for tasks to queue
[2024-09-05T13:10:58.421+0000] {logging_mixin.py:188} INFO - [2024-09-05T13:10:58.420+0000] {dagbag.py:538} INFO - Filling up the DagBag from /home/airflow/.local/lib/python3.8/site-packages/airflow/example_dags/tutorial.py
[2024-09-05T13:10:58.429+0000] {processor.py:840} INFO - DAG(s) 'tutorial' retrieved from /home/airflow/.local/lib/python3.8/site-packages/airflow/example_dags/tutorial.py
[2024-09-05T13:10:58.455+0000] {logging_mixin.py:188} INFO - [2024-09-05T13:10:58.454+0000] {dag.py:3036} INFO - Sync 1 DAGs
[2024-09-05T13:10:58.484+0000] {logging_mixin.py:188} INFO - [2024-09-05T13:10:58.484+0000] {dag.py:3823} INFO - Setting next_dagrun for tutorial to 2024-09-04 00:00:00+00:00, run_after=2024-09-05 00:00:00+00:00
[2024-09-05T13:10:58.512+0000] {processor.py:183} INFO - Processing /home/airflow/.local/lib/python3.8/site-packages/airflow/example_dags/tutorial.py took 0.098 seconds
[2024-09-05T13:11:28.629+0000] {processor.py:161} INFO - Started process (PID=649) to work on /home/airflow/.local/lib/python3.8/site-packages/airflow/example_dags/tutorial.py
[2024-09-05T13:11:28.631+0000] {processor.py:830} INFO - Processing file /home/airflow/.local/lib/python3.8/site-packages/airflow/example_dags/tutorial.py for tasks to queue
[2024-09-05T13:11:28.633+0000] {logging_mixin.py:188} INFO - [2024-09-05T13:11:28.632+0000] {dagbag.py:538} INFO - Filling up the DagBag from /home/airflow/.local/lib/python3.8/site-packages/airflow/example_dags/tutorial.py
[2024-09-05T13:11:28.640+0000] {processor.py:840} INFO - DAG(s) 'tutorial' retrieved from /home/airflow/.local/lib/python3.8/site-packages/airflow/example_dags/tutorial.py
[2024-09-05T13:11:28.661+0000] {logging_mixin.py:188} INFO - [2024-09-05T13:11:28.661+0000] {dag.py:3036} INFO - Sync 1 DAGs
[2024-09-05T13:11:28.689+0000] {logging_mixin.py:188} INFO - [2024-09-05T13:11:28.689+0000] {dag.py:3823} INFO - Setting next_dagrun for tutorial to 2024-09-04 00:00:00+00:00, run_after=2024-09-05 00:00:00+00:00
[2024-09-05T13:11:28.712+0000] {processor.py:183} INFO - Processing /home/airflow/.local/lib/python3.8/site-packages/airflow/example_dags/tutorial.py took 0.086 seconds
[2024-09-05T13:11:59.325+0000] {processor.py:161} INFO - Started process (PID=708) to work on /home/airflow/.local/lib/python3.8/site-packages/airflow/example_dags/tutorial.py
[2024-09-05T13:11:59.326+0000] {processor.py:830} INFO - Processing file /home/airflow/.local/lib/python3.8/site-packages/airflow/example_dags/tutorial.py for tasks to queue
[2024-09-05T13:11:59.327+0000] {logging_mixin.py:188} INFO - [2024-09-05T13:11:59.327+0000] {dagbag.py:538} INFO - Filling up the DagBag from /home/airflow/.local/lib/python3.8/site-packages/airflow/example_dags/tutorial.py
[2024-09-05T13:11:59.337+0000] {processor.py:840} INFO - DAG(s) 'tutorial' retrieved from /home/airflow/.local/lib/python3.8/site-packages/airflow/example_dags/tutorial.py
[2024-09-05T13:11:59.365+0000] {logging_mixin.py:188} INFO - [2024-09-05T13:11:59.364+0000] {dag.py:3036} INFO - Sync 1 DAGs
[2024-09-05T13:11:59.393+0000] {logging_mixin.py:188} INFO - [2024-09-05T13:11:59.392+0000] {dag.py:3823} INFO - Setting next_dagrun for tutorial to 2024-09-04 00:00:00+00:00, run_after=2024-09-05 00:00:00+00:00
[2024-09-05T13:11:59.415+0000] {processor.py:183} INFO - Processing /home/airflow/.local/lib/python3.8/site-packages/airflow/example_dags/tutorial.py took 0.094 seconds
[2024-09-05T13:12:29.583+0000] {processor.py:161} INFO - Started process (PID=765) to work on /home/airflow/.local/lib/python3.8/site-packages/airflow/example_dags/tutorial.py
[2024-09-05T13:12:29.584+0000] {processor.py:830} INFO - Processing file /home/airflow/.local/lib/python3.8/site-packages/airflow/example_dags/tutorial.py for tasks to queue
[2024-09-05T13:12:29.585+0000] {logging_mixin.py:188} INFO - [2024-09-05T13:12:29.585+0000] {dagbag.py:538} INFO - Filling up the DagBag from /home/airflow/.local/lib/python3.8/site-packages/airflow/example_dags/tutorial.py
[2024-09-05T13:12:29.592+0000] {processor.py:840} INFO - DAG(s) 'tutorial' retrieved from /home/airflow/.local/lib/python3.8/site-packages/airflow/example_dags/tutorial.py
[2024-09-05T13:12:29.615+0000] {logging_mixin.py:188} INFO - [2024-09-05T13:12:29.614+0000] {dag.py:3036} INFO - Sync 1 DAGs
[2024-09-05T13:12:29.640+0000] {logging_mixin.py:188} INFO - [2024-09-05T13:12:29.639+0000] {dag.py:3823} INFO - Setting next_dagrun for tutorial to 2024-09-04 00:00:00+00:00, run_after=2024-09-05 00:00:00+00:00
[2024-09-05T13:12:29.662+0000] {processor.py:183} INFO - Processing /home/airflow/.local/lib/python3.8/site-packages/airflow/example_dags/tutorial.py took 0.083 seconds
[2024-09-05T13:12:59.904+0000] {processor.py:161} INFO - Started process (PID=822) to work on /home/airflow/.local/lib/python3.8/site-packages/airflow/example_dags/tutorial.py
[2024-09-05T13:12:59.904+0000] {processor.py:830} INFO - Processing file /home/airflow/.local/lib/python3.8/site-packages/airflow/example_dags/tutorial.py for tasks to queue
[2024-09-05T13:12:59.905+0000] {logging_mixin.py:188} INFO - [2024-09-05T13:12:59.905+0000] {dagbag.py:538} INFO - Filling up the DagBag from /home/airflow/.local/lib/python3.8/site-packages/airflow/example_dags/tutorial.py
[2024-09-05T13:12:59.913+0000] {processor.py:840} INFO - DAG(s) 'tutorial' retrieved from /home/airflow/.local/lib/python3.8/site-packages/airflow/example_dags/tutorial.py
[2024-09-05T13:12:59.934+0000] {logging_mixin.py:188} INFO - [2024-09-05T13:12:59.934+0000] {dag.py:3036} INFO - Sync 1 DAGs
[2024-09-05T13:12:59.956+0000] {logging_mixin.py:188} INFO - [2024-09-05T13:12:59.956+0000] {dag.py:3823} INFO - Setting next_dagrun for tutorial to 2024-09-04 00:00:00+00:00, run_after=2024-09-05 00:00:00+00:00
[2024-09-05T13:12:59.980+0000] {processor.py:183} INFO - Processing /home/airflow/.local/lib/python3.8/site-packages/airflow/example_dags/tutorial.py took 0.079 seconds
[2024-09-05T13:13:30.403+0000] {processor.py:161} INFO - Started process (PID=879) to work on /home/airflow/.local/lib/python3.8/site-packages/airflow/example_dags/tutorial.py
[2024-09-05T13:13:30.404+0000] {processor.py:830} INFO - Processing file /home/airflow/.local/lib/python3.8/site-packages/airflow/example_dags/tutorial.py for tasks to queue
[2024-09-05T13:13:30.405+0000] {logging_mixin.py:188} INFO - [2024-09-05T13:13:30.405+0000] {dagbag.py:538} INFO - Filling up the DagBag from /home/airflow/.local/lib/python3.8/site-packages/airflow/example_dags/tutorial.py
[2024-09-05T13:13:30.413+0000] {processor.py:840} INFO - DAG(s) 'tutorial' retrieved from /home/airflow/.local/lib/python3.8/site-packages/airflow/example_dags/tutorial.py
[2024-09-05T13:13:30.439+0000] {logging_mixin.py:188} INFO - [2024-09-05T13:13:30.439+0000] {dag.py:3036} INFO - Sync 1 DAGs
[2024-09-05T13:13:30.476+0000] {logging_mixin.py:188} INFO - [2024-09-05T13:13:30.476+0000] {dag.py:3823} INFO - Setting next_dagrun for tutorial to 2024-09-04 00:00:00+00:00, run_after=2024-09-05 00:00:00+00:00
[2024-09-05T13:13:30.506+0000] {processor.py:183} INFO - Processing /home/airflow/.local/lib/python3.8/site-packages/airflow/example_dags/tutorial.py took 0.108 seconds
[2024-09-05T13:14:01.031+0000] {processor.py:161} INFO - Started process (PID=936) to work on /home/airflow/.local/lib/python3.8/site-packages/airflow/example_dags/tutorial.py
[2024-09-05T13:14:01.032+0000] {processor.py:830} INFO - Processing file /home/airflow/.local/lib/python3.8/site-packages/airflow/example_dags/tutorial.py for tasks to queue
[2024-09-05T13:14:01.033+0000] {logging_mixin.py:188} INFO - [2024-09-05T13:14:01.033+0000] {dagbag.py:538} INFO - Filling up the DagBag from /home/airflow/.local/lib/python3.8/site-packages/airflow/example_dags/tutorial.py
[2024-09-05T13:14:01.041+0000] {processor.py:840} INFO - DAG(s) 'tutorial' retrieved from /home/airflow/.local/lib/python3.8/site-packages/airflow/example_dags/tutorial.py
[2024-09-05T13:14:01.061+0000] {logging_mixin.py:188} INFO - [2024-09-05T13:14:01.061+0000] {dag.py:3036} INFO - Sync 1 DAGs
[2024-09-05T13:14:01.090+0000] {logging_mixin.py:188} INFO - [2024-09-05T13:14:01.090+0000] {dag.py:3823} INFO - Setting next_dagrun for tutorial to 2024-09-04 00:00:00+00:00, run_after=2024-09-05 00:00:00+00:00
[2024-09-05T13:14:01.112+0000] {processor.py:183} INFO - Processing /home/airflow/.local/lib/python3.8/site-packages/airflow/example_dags/tutorial.py took 0.085 seconds
[2024-09-05T13:14:31.585+0000] {processor.py:161} INFO - Started process (PID=993) to work on /home/airflow/.local/lib/python3.8/site-packages/airflow/example_dags/tutorial.py
[2024-09-05T13:14:31.586+0000] {processor.py:830} INFO - Processing file /home/airflow/.local/lib/python3.8/site-packages/airflow/example_dags/tutorial.py for tasks to queue
[2024-09-05T13:14:31.587+0000] {logging_mixin.py:188} INFO - [2024-09-05T13:14:31.587+0000] {dagbag.py:538} INFO - Filling up the DagBag from /home/airflow/.local/lib/python3.8/site-packages/airflow/example_dags/tutorial.py
[2024-09-05T13:14:31.596+0000] {processor.py:840} INFO - DAG(s) 'tutorial' retrieved from /home/airflow/.local/lib/python3.8/site-packages/airflow/example_dags/tutorial.py
[2024-09-05T13:14:31.622+0000] {logging_mixin.py:188} INFO - [2024-09-05T13:14:31.622+0000] {dag.py:3036} INFO - Sync 1 DAGs
[2024-09-05T13:14:31.648+0000] {logging_mixin.py:188} INFO - [2024-09-05T13:14:31.648+0000] {dag.py:3823} INFO - Setting next_dagrun for tutorial to 2024-09-04 00:00:00+00:00, run_after=2024-09-05 00:00:00+00:00
[2024-09-05T13:14:31.673+0000] {processor.py:183} INFO - Processing /home/airflow/.local/lib/python3.8/site-packages/airflow/example_dags/tutorial.py took 0.091 seconds
[2024-09-05T13:15:02.320+0000] {processor.py:161} INFO - Started process (PID=1051) to work on /home/airflow/.local/lib/python3.8/site-packages/airflow/example_dags/tutorial.py
[2024-09-05T13:15:02.321+0000] {processor.py:830} INFO - Processing file /home/airflow/.local/lib/python3.8/site-packages/airflow/example_dags/tutorial.py for tasks to queue
[2024-09-05T13:15:02.322+0000] {logging_mixin.py:188} INFO - [2024-09-05T13:15:02.322+0000] {dagbag.py:538} INFO - Filling up the DagBag from /home/airflow/.local/lib/python3.8/site-packages/airflow/example_dags/tutorial.py
[2024-09-05T13:15:02.329+0000] {processor.py:840} INFO - DAG(s) 'tutorial' retrieved from /home/airflow/.local/lib/python3.8/site-packages/airflow/example_dags/tutorial.py
[2024-09-05T13:15:02.361+0000] {logging_mixin.py:188} INFO - [2024-09-05T13:15:02.361+0000] {dag.py:3036} INFO - Sync 1 DAGs
[2024-09-05T13:15:02.407+0000] {logging_mixin.py:188} INFO - [2024-09-05T13:15:02.406+0000] {dag.py:3823} INFO - Setting next_dagrun for tutorial to 2024-09-04 00:00:00+00:00, run_after=2024-09-05 00:00:00+00:00
[2024-09-05T13:15:02.444+0000] {processor.py:183} INFO - Processing /home/airflow/.local/lib/python3.8/site-packages/airflow/example_dags/tutorial.py took 0.130 seconds
[2024-09-05T13:15:33.001+0000] {processor.py:161} INFO - Started process (PID=1108) to work on /home/airflow/.local/lib/python3.8/site-packages/airflow/example_dags/tutorial.py
[2024-09-05T13:15:33.002+0000] {processor.py:830} INFO - Processing file /home/airflow/.local/lib/python3.8/site-packages/airflow/example_dags/tutorial.py for tasks to queue
[2024-09-05T13:15:33.005+0000] {logging_mixin.py:188} INFO - [2024-09-05T13:15:33.004+0000] {dagbag.py:538} INFO - Filling up the DagBag from /home/airflow/.local/lib/python3.8/site-packages/airflow/example_dags/tutorial.py
[2024-09-05T13:15:33.015+0000] {processor.py:840} INFO - DAG(s) 'tutorial' retrieved from /home/airflow/.local/lib/python3.8/site-packages/airflow/example_dags/tutorial.py
[2024-09-05T13:15:33.041+0000] {logging_mixin.py:188} INFO - [2024-09-05T13:15:33.041+0000] {dag.py:3036} INFO - Sync 1 DAGs
[2024-09-05T13:15:33.072+0000] {logging_mixin.py:188} INFO - [2024-09-05T13:15:33.071+0000] {dag.py:3823} INFO - Setting next_dagrun for tutorial to 2024-09-04 00:00:00+00:00, run_after=2024-09-05 00:00:00+00:00
[2024-09-05T13:15:33.097+0000] {processor.py:183} INFO - Processing /home/airflow/.local/lib/python3.8/site-packages/airflow/example_dags/tutorial.py took 0.102 seconds
[2024-09-05T13:16:03.291+0000] {processor.py:161} INFO - Started process (PID=1169) to work on /home/airflow/.local/lib/python3.8/site-packages/airflow/example_dags/tutorial.py
[2024-09-05T13:16:03.293+0000] {processor.py:830} INFO - Processing file /home/airflow/.local/lib/python3.8/site-packages/airflow/example_dags/tutorial.py for tasks to queue
[2024-09-05T13:16:03.295+0000] {logging_mixin.py:188} INFO - [2024-09-05T13:16:03.295+0000] {dagbag.py:538} INFO - Filling up the DagBag from /home/airflow/.local/lib/python3.8/site-packages/airflow/example_dags/tutorial.py
[2024-09-05T13:16:03.304+0000] {processor.py:840} INFO - DAG(s) 'tutorial' retrieved from /home/airflow/.local/lib/python3.8/site-packages/airflow/example_dags/tutorial.py
[2024-09-05T13:16:03.335+0000] {logging_mixin.py:188} INFO - [2024-09-05T13:16:03.334+0000] {dag.py:3036} INFO - Sync 1 DAGs
[2024-09-05T13:16:03.369+0000] {logging_mixin.py:188} INFO - [2024-09-05T13:16:03.369+0000] {dag.py:3823} INFO - Setting next_dagrun for tutorial to 2024-09-04 00:00:00+00:00, run_after=2024-09-05 00:00:00+00:00
[2024-09-05T13:16:03.395+0000] {processor.py:183} INFO - Processing /home/airflow/.local/lib/python3.8/site-packages/airflow/example_dags/tutorial.py took 0.108 seconds
[2024-09-05T13:16:34.335+0000] {processor.py:161} INFO - Started process (PID=1226) to work on /home/airflow/.local/lib/python3.8/site-packages/airflow/example_dags/tutorial.py
[2024-09-05T13:16:34.336+0000] {processor.py:830} INFO - Processing file /home/airflow/.local/lib/python3.8/site-packages/airflow/example_dags/tutorial.py for tasks to queue
[2024-09-05T13:16:34.337+0000] {logging_mixin.py:188} INFO - [2024-09-05T13:16:34.337+0000] {dagbag.py:538} INFO - Filling up the DagBag from /home/airflow/.local/lib/python3.8/site-packages/airflow/example_dags/tutorial.py
[2024-09-05T13:16:34.344+0000] {processor.py:840} INFO - DAG(s) 'tutorial' retrieved from /home/airflow/.local/lib/python3.8/site-packages/airflow/example_dags/tutorial.py
[2024-09-05T13:16:34.366+0000] {logging_mixin.py:188} INFO - [2024-09-05T13:16:34.366+0000] {dag.py:3036} INFO - Sync 1 DAGs
[2024-09-05T13:16:34.389+0000] {logging_mixin.py:188} INFO - [2024-09-05T13:16:34.388+0000] {dag.py:3823} INFO - Setting next_dagrun for tutorial to 2024-09-04 00:00:00+00:00, run_after=2024-09-05 00:00:00+00:00
[2024-09-05T13:16:34.411+0000] {processor.py:183} INFO - Processing /home/airflow/.local/lib/python3.8/site-packages/airflow/example_dags/tutorial.py took 0.079 seconds
[2024-09-05T13:17:05.022+0000] {processor.py:161} INFO - Started process (PID=1283) to work on /home/airflow/.local/lib/python3.8/site-packages/airflow/example_dags/tutorial.py
[2024-09-05T13:17:05.022+0000] {processor.py:830} INFO - Processing file /home/airflow/.local/lib/python3.8/site-packages/airflow/example_dags/tutorial.py for tasks to queue
[2024-09-05T13:17:05.023+0000] {logging_mixin.py:188} INFO - [2024-09-05T13:17:05.023+0000] {dagbag.py:538} INFO - Filling up the DagBag from /home/airflow/.local/lib/python3.8/site-packages/airflow/example_dags/tutorial.py
[2024-09-05T13:17:05.030+0000] {processor.py:840} INFO - DAG(s) 'tutorial' retrieved from /home/airflow/.local/lib/python3.8/site-packages/airflow/example_dags/tutorial.py
[2024-09-05T13:17:05.055+0000] {logging_mixin.py:188} INFO - [2024-09-05T13:17:05.055+0000] {dag.py:3036} INFO - Sync 1 DAGs
[2024-09-05T13:17:05.079+0000] {logging_mixin.py:188} INFO - [2024-09-05T13:17:05.079+0000] {dag.py:3823} INFO - Setting next_dagrun for tutorial to 2024-09-04 00:00:00+00:00, run_after=2024-09-05 00:00:00+00:00
[2024-09-05T13:17:05.101+0000] {processor.py:183} INFO - Processing /home/airflow/.local/lib/python3.8/site-packages/airflow/example_dags/tutorial.py took 0.083 seconds
[2024-09-05T13:17:35.638+0000] {processor.py:161} INFO - Started process (PID=1340) to work on /home/airflow/.local/lib/python3.8/site-packages/airflow/example_dags/tutorial.py
[2024-09-05T13:17:35.640+0000] {processor.py:830} INFO - Processing file /home/airflow/.local/lib/python3.8/site-packages/airflow/example_dags/tutorial.py for tasks to queue
[2024-09-05T13:17:35.642+0000] {logging_mixin.py:188} INFO - [2024-09-05T13:17:35.642+0000] {dagbag.py:538} INFO - Filling up the DagBag from /home/airflow/.local/lib/python3.8/site-packages/airflow/example_dags/tutorial.py
[2024-09-05T13:17:35.648+0000] {processor.py:840} INFO - DAG(s) 'tutorial' retrieved from /home/airflow/.local/lib/python3.8/site-packages/airflow/example_dags/tutorial.py
[2024-09-05T13:17:35.669+0000] {logging_mixin.py:188} INFO - [2024-09-05T13:17:35.668+0000] {dag.py:3036} INFO - Sync 1 DAGs
[2024-09-05T13:17:35.700+0000] {logging_mixin.py:188} INFO - [2024-09-05T13:17:35.700+0000] {dag.py:3823} INFO - Setting next_dagrun for tutorial to 2024-09-04 00:00:00+00:00, run_after=2024-09-05 00:00:00+00:00
[2024-09-05T13:17:35.732+0000] {processor.py:183} INFO - Processing /home/airflow/.local/lib/python3.8/site-packages/airflow/example_dags/tutorial.py took 0.097 seconds
[2024-09-05T13:18:06.434+0000] {processor.py:161} INFO - Started process (PID=1403) to work on /home/airflow/.local/lib/python3.8/site-packages/airflow/example_dags/tutorial.py
[2024-09-05T13:18:06.435+0000] {processor.py:830} INFO - Processing file /home/airflow/.local/lib/python3.8/site-packages/airflow/example_dags/tutorial.py for tasks to queue
[2024-09-05T13:18:06.435+0000] {logging_mixin.py:188} INFO - [2024-09-05T13:18:06.435+0000] {dagbag.py:538} INFO - Filling up the DagBag from /home/airflow/.local/lib/python3.8/site-packages/airflow/example_dags/tutorial.py
[2024-09-05T13:18:06.441+0000] {processor.py:840} INFO - DAG(s) 'tutorial' retrieved from /home/airflow/.local/lib/python3.8/site-packages/airflow/example_dags/tutorial.py
[2024-09-05T13:18:06.471+0000] {logging_mixin.py:188} INFO - [2024-09-05T13:18:06.471+0000] {dag.py:3036} INFO - Sync 1 DAGs
[2024-09-05T13:18:06.500+0000] {logging_mixin.py:188} INFO - [2024-09-05T13:18:06.500+0000] {dag.py:3823} INFO - Setting next_dagrun for tutorial to 2024-09-04 00:00:00+00:00, run_after=2024-09-05 00:00:00+00:00
[2024-09-05T13:18:06.523+0000] {processor.py:183} INFO - Processing /home/airflow/.local/lib/python3.8/site-packages/airflow/example_dags/tutorial.py took 0.093 seconds
[2024-09-05T13:18:36.575+0000] {processor.py:161} INFO - Started process (PID=1460) to work on /home/airflow/.local/lib/python3.8/site-packages/airflow/example_dags/tutorial.py
[2024-09-05T13:18:36.576+0000] {processor.py:830} INFO - Processing file /home/airflow/.local/lib/python3.8/site-packages/airflow/example_dags/tutorial.py for tasks to queue
[2024-09-05T13:18:36.577+0000] {logging_mixin.py:188} INFO - [2024-09-05T13:18:36.576+0000] {dagbag.py:538} INFO - Filling up the DagBag from /home/airflow/.local/lib/python3.8/site-packages/airflow/example_dags/tutorial.py
[2024-09-05T13:18:36.583+0000] {processor.py:840} INFO - DAG(s) 'tutorial' retrieved from /home/airflow/.local/lib/python3.8/site-packages/airflow/example_dags/tutorial.py
[2024-09-05T13:18:36.601+0000] {logging_mixin.py:188} INFO - [2024-09-05T13:18:36.601+0000] {dag.py:3036} INFO - Sync 1 DAGs
[2024-09-05T13:18:36.623+0000] {logging_mixin.py:188} INFO - [2024-09-05T13:18:36.623+0000] {dag.py:3823} INFO - Setting next_dagrun for tutorial to 2024-09-04 00:00:00+00:00, run_after=2024-09-05 00:00:00+00:00
[2024-09-05T13:18:36.646+0000] {processor.py:183} INFO - Processing /home/airflow/.local/lib/python3.8/site-packages/airflow/example_dags/tutorial.py took 0.074 seconds
[2024-09-05T13:19:10.365+0000] {processor.py:161} INFO - Started process (PID=1517) to work on /home/airflow/.local/lib/python3.8/site-packages/airflow/example_dags/tutorial.py
[2024-09-05T13:19:10.381+0000] {processor.py:830} INFO - Processing file /home/airflow/.local/lib/python3.8/site-packages/airflow/example_dags/tutorial.py for tasks to queue
[2024-09-05T13:19:10.392+0000] {logging_mixin.py:188} INFO - [2024-09-05T13:19:10.391+0000] {dagbag.py:538} INFO - Filling up the DagBag from /home/airflow/.local/lib/python3.8/site-packages/airflow/example_dags/tutorial.py
[2024-09-05T13:19:10.404+0000] {processor.py:840} INFO - DAG(s) 'tutorial' retrieved from /home/airflow/.local/lib/python3.8/site-packages/airflow/example_dags/tutorial.py
[2024-09-05T13:19:10.462+0000] {logging_mixin.py:188} INFO - [2024-09-05T13:19:10.461+0000] {dag.py:3036} INFO - Sync 1 DAGs
[2024-09-05T13:19:10.549+0000] {logging_mixin.py:188} INFO - [2024-09-05T13:19:10.548+0000] {dag.py:3823} INFO - Setting next_dagrun for tutorial to 2024-09-04 00:00:00+00:00, run_after=2024-09-05 00:00:00+00:00
[2024-09-05T13:19:10.649+0000] {processor.py:183} INFO - Processing /home/airflow/.local/lib/python3.8/site-packages/airflow/example_dags/tutorial.py took 0.293 seconds
[2024-09-05T13:19:41.199+0000] {processor.py:161} INFO - Started process (PID=1574) to work on /home/airflow/.local/lib/python3.8/site-packages/airflow/example_dags/tutorial.py
[2024-09-05T13:19:41.200+0000] {processor.py:830} INFO - Processing file /home/airflow/.local/lib/python3.8/site-packages/airflow/example_dags/tutorial.py for tasks to queue
[2024-09-05T13:19:41.201+0000] {logging_mixin.py:188} INFO - [2024-09-05T13:19:41.201+0000] {dagbag.py:538} INFO - Filling up the DagBag from /home/airflow/.local/lib/python3.8/site-packages/airflow/example_dags/tutorial.py
[2024-09-05T13:19:41.207+0000] {processor.py:840} INFO - DAG(s) 'tutorial' retrieved from /home/airflow/.local/lib/python3.8/site-packages/airflow/example_dags/tutorial.py
[2024-09-05T13:19:41.227+0000] {logging_mixin.py:188} INFO - [2024-09-05T13:19:41.227+0000] {dag.py:3036} INFO - Sync 1 DAGs
[2024-09-05T13:19:41.250+0000] {logging_mixin.py:188} INFO - [2024-09-05T13:19:41.249+0000] {dag.py:3823} INFO - Setting next_dagrun for tutorial to 2024-09-04 00:00:00+00:00, run_after=2024-09-05 00:00:00+00:00
[2024-09-05T13:19:41.272+0000] {processor.py:183} INFO - Processing /home/airflow/.local/lib/python3.8/site-packages/airflow/example_dags/tutorial.py took 0.076 seconds
