[2024-09-05T12:26:12.043+0000] {processor.py:161} INFO - Started process (PID=35) to work on /opt/airflow/dags/welcome_dag.py
[2024-09-05T12:26:12.045+0000] {processor.py:830} INFO - Processing file /opt/airflow/dags/welcome_dag.py for tasks to queue
[2024-09-05T12:26:12.050+0000] {logging_mixin.py:188} INFO - [2024-09-05T12:26:12.048+0000] {dagbag.py:538} INFO - Filling up the DagBag from /opt/airflow/dags/welcome_dag.py
[2024-09-05T12:26:12.135+0000] {processor.py:840} INFO - DAG(s) 'Hello_dag' retrieved from /opt/airflow/dags/welcome_dag.py
[2024-09-05T12:26:12.555+0000] {logging_mixin.py:188} INFO - [2024-09-05T12:26:12.555+0000] {dag.py:3036} INFO - Sync 1 DAGs
[2024-09-05T12:26:12.650+0000] {logging_mixin.py:188} INFO - [2024-09-05T12:26:12.649+0000] {dag.py:3823} INFO - Setting next_dagrun for Hello_dag to 2024-09-04 23:00:00+00:00, run_after=2024-09-05 23:00:00+00:00
[2024-09-05T12:26:12.723+0000] {processor.py:183} INFO - Processing /opt/airflow/dags/welcome_dag.py took 0.686 seconds
[2024-09-05T12:26:54.016+0000] {processor.py:161} INFO - Started process (PID=35) to work on /opt/airflow/dags/welcome_dag.py
[2024-09-05T12:26:54.018+0000] {processor.py:830} INFO - Processing file /opt/airflow/dags/welcome_dag.py for tasks to queue
[2024-09-05T12:26:54.020+0000] {logging_mixin.py:188} INFO - [2024-09-05T12:26:54.019+0000] {dagbag.py:538} INFO - Filling up the DagBag from /opt/airflow/dags/welcome_dag.py
[2024-09-05T12:26:54.086+0000] {processor.py:840} INFO - DAG(s) 'Hello_dag' retrieved from /opt/airflow/dags/welcome_dag.py
[2024-09-05T12:26:54.185+0000] {logging_mixin.py:188} INFO - [2024-09-05T12:26:54.185+0000] {dag.py:3036} INFO - Sync 1 DAGs
[2024-09-05T12:26:54.227+0000] {logging_mixin.py:188} INFO - [2024-09-05T12:26:54.226+0000] {dag.py:3823} INFO - Setting next_dagrun for Hello_dag to 2024-09-04 23:00:00+00:00, run_after=2024-09-05 23:00:00+00:00
[2024-09-05T12:26:54.277+0000] {processor.py:183} INFO - Processing /opt/airflow/dags/welcome_dag.py took 0.266 seconds
[2024-09-05T12:27:25.044+0000] {processor.py:161} INFO - Started process (PID=92) to work on /opt/airflow/dags/welcome_dag.py
[2024-09-05T12:27:25.045+0000] {processor.py:830} INFO - Processing file /opt/airflow/dags/welcome_dag.py for tasks to queue
[2024-09-05T12:27:25.047+0000] {logging_mixin.py:188} INFO - [2024-09-05T12:27:25.046+0000] {dagbag.py:538} INFO - Filling up the DagBag from /opt/airflow/dags/welcome_dag.py
[2024-09-05T12:27:25.068+0000] {processor.py:840} INFO - DAG(s) 'Hello_dag' retrieved from /opt/airflow/dags/welcome_dag.py
[2024-09-05T12:27:25.225+0000] {logging_mixin.py:188} INFO - [2024-09-05T12:27:25.225+0000] {dag.py:3036} INFO - Sync 1 DAGs
[2024-09-05T12:27:25.259+0000] {logging_mixin.py:188} INFO - [2024-09-05T12:27:25.259+0000] {dag.py:3823} INFO - Setting next_dagrun for Hello_dag to 2024-09-04 23:00:00+00:00, run_after=2024-09-05 23:00:00+00:00
[2024-09-05T12:27:25.291+0000] {processor.py:183} INFO - Processing /opt/airflow/dags/welcome_dag.py took 0.251 seconds
[2024-09-05T12:27:55.405+0000] {processor.py:161} INFO - Started process (PID=149) to work on /opt/airflow/dags/welcome_dag.py
[2024-09-05T12:27:55.406+0000] {processor.py:830} INFO - Processing file /opt/airflow/dags/welcome_dag.py for tasks to queue
[2024-09-05T12:27:55.408+0000] {logging_mixin.py:188} INFO - [2024-09-05T12:27:55.407+0000] {dagbag.py:538} INFO - Filling up the DagBag from /opt/airflow/dags/welcome_dag.py
[2024-09-05T12:27:55.431+0000] {processor.py:840} INFO - DAG(s) 'Hello_dag' retrieved from /opt/airflow/dags/welcome_dag.py
[2024-09-05T12:27:55.467+0000] {logging_mixin.py:188} INFO - [2024-09-05T12:27:55.467+0000] {dag.py:3036} INFO - Sync 1 DAGs
[2024-09-05T12:27:55.505+0000] {logging_mixin.py:188} INFO - [2024-09-05T12:27:55.505+0000] {dag.py:3823} INFO - Setting next_dagrun for Hello_dag to 2024-09-04 23:00:00+00:00, run_after=2024-09-05 23:00:00+00:00
[2024-09-05T12:27:55.538+0000] {processor.py:183} INFO - Processing /opt/airflow/dags/welcome_dag.py took 0.137 seconds
[2024-09-05T12:28:26.001+0000] {processor.py:161} INFO - Started process (PID=206) to work on /opt/airflow/dags/welcome_dag.py
[2024-09-05T12:28:26.002+0000] {processor.py:830} INFO - Processing file /opt/airflow/dags/welcome_dag.py for tasks to queue
[2024-09-05T12:28:26.003+0000] {logging_mixin.py:188} INFO - [2024-09-05T12:28:26.003+0000] {dagbag.py:538} INFO - Filling up the DagBag from /opt/airflow/dags/welcome_dag.py
[2024-09-05T12:28:26.023+0000] {processor.py:840} INFO - DAG(s) 'Hello_dag' retrieved from /opt/airflow/dags/welcome_dag.py
[2024-09-05T12:28:26.050+0000] {logging_mixin.py:188} INFO - [2024-09-05T12:28:26.049+0000] {dag.py:3036} INFO - Sync 1 DAGs
[2024-09-05T12:28:26.080+0000] {logging_mixin.py:188} INFO - [2024-09-05T12:28:26.080+0000] {dag.py:3823} INFO - Setting next_dagrun for Hello_dag to 2024-09-04 23:00:00+00:00, run_after=2024-09-05 23:00:00+00:00
[2024-09-05T12:28:26.104+0000] {processor.py:183} INFO - Processing /opt/airflow/dags/welcome_dag.py took 0.107 seconds
[2024-09-05T12:28:56.317+0000] {processor.py:161} INFO - Started process (PID=263) to work on /opt/airflow/dags/welcome_dag.py
[2024-09-05T12:28:56.318+0000] {processor.py:830} INFO - Processing file /opt/airflow/dags/welcome_dag.py for tasks to queue
[2024-09-05T12:28:56.319+0000] {logging_mixin.py:188} INFO - [2024-09-05T12:28:56.319+0000] {dagbag.py:538} INFO - Filling up the DagBag from /opt/airflow/dags/welcome_dag.py
[2024-09-05T12:28:56.339+0000] {processor.py:840} INFO - DAG(s) 'Hello_dag' retrieved from /opt/airflow/dags/welcome_dag.py
[2024-09-05T12:28:56.362+0000] {logging_mixin.py:188} INFO - [2024-09-05T12:28:56.362+0000] {dag.py:3036} INFO - Sync 1 DAGs
[2024-09-05T12:28:56.391+0000] {logging_mixin.py:188} INFO - [2024-09-05T12:28:56.391+0000] {dag.py:3823} INFO - Setting next_dagrun for Hello_dag to 2024-09-04 23:00:00+00:00, run_after=2024-09-05 23:00:00+00:00
[2024-09-05T12:28:56.412+0000] {processor.py:183} INFO - Processing /opt/airflow/dags/welcome_dag.py took 0.100 seconds
[2024-09-05T12:29:26.561+0000] {processor.py:161} INFO - Started process (PID=320) to work on /opt/airflow/dags/welcome_dag.py
[2024-09-05T12:29:26.564+0000] {processor.py:830} INFO - Processing file /opt/airflow/dags/welcome_dag.py for tasks to queue
[2024-09-05T12:29:26.568+0000] {logging_mixin.py:188} INFO - [2024-09-05T12:29:26.567+0000] {dagbag.py:538} INFO - Filling up the DagBag from /opt/airflow/dags/welcome_dag.py
[2024-09-05T12:29:26.614+0000] {processor.py:840} INFO - DAG(s) 'Hello_dag' retrieved from /opt/airflow/dags/welcome_dag.py
[2024-09-05T12:29:26.651+0000] {logging_mixin.py:188} INFO - [2024-09-05T12:29:26.651+0000] {dag.py:3036} INFO - Sync 1 DAGs
[2024-09-05T12:29:26.716+0000] {logging_mixin.py:188} INFO - [2024-09-05T12:29:26.715+0000] {dag.py:3823} INFO - Setting next_dagrun for Hello_dag to 2024-09-04 23:00:00+00:00, run_after=2024-09-05 23:00:00+00:00
[2024-09-05T12:29:26.744+0000] {processor.py:183} INFO - Processing /opt/airflow/dags/welcome_dag.py took 0.204 seconds
[2024-09-05T12:29:57.369+0000] {processor.py:161} INFO - Started process (PID=377) to work on /opt/airflow/dags/welcome_dag.py
[2024-09-05T12:29:57.370+0000] {processor.py:830} INFO - Processing file /opt/airflow/dags/welcome_dag.py for tasks to queue
[2024-09-05T12:29:57.371+0000] {logging_mixin.py:188} INFO - [2024-09-05T12:29:57.371+0000] {dagbag.py:538} INFO - Filling up the DagBag from /opt/airflow/dags/welcome_dag.py
[2024-09-05T12:29:57.405+0000] {processor.py:840} INFO - DAG(s) 'Hello_dag' retrieved from /opt/airflow/dags/welcome_dag.py
[2024-09-05T12:29:57.433+0000] {logging_mixin.py:188} INFO - [2024-09-05T12:29:57.433+0000] {dag.py:3036} INFO - Sync 1 DAGs
[2024-09-05T12:29:57.463+0000] {logging_mixin.py:188} INFO - [2024-09-05T12:29:57.463+0000] {dag.py:3823} INFO - Setting next_dagrun for Hello_dag to 2024-09-04 23:00:00+00:00, run_after=2024-09-05 23:00:00+00:00
[2024-09-05T12:29:57.487+0000] {processor.py:183} INFO - Processing /opt/airflow/dags/welcome_dag.py took 0.124 seconds
[2024-09-05T12:30:27.593+0000] {processor.py:161} INFO - Started process (PID=434) to work on /opt/airflow/dags/welcome_dag.py
[2024-09-05T12:30:27.595+0000] {processor.py:830} INFO - Processing file /opt/airflow/dags/welcome_dag.py for tasks to queue
[2024-09-05T12:30:27.598+0000] {logging_mixin.py:188} INFO - [2024-09-05T12:30:27.597+0000] {dagbag.py:538} INFO - Filling up the DagBag from /opt/airflow/dags/welcome_dag.py
[2024-09-05T12:30:27.623+0000] {processor.py:840} INFO - DAG(s) 'Hello_dag' retrieved from /opt/airflow/dags/welcome_dag.py
[2024-09-05T12:30:27.664+0000] {logging_mixin.py:188} INFO - [2024-09-05T12:30:27.663+0000] {dag.py:3036} INFO - Sync 1 DAGs
[2024-09-05T12:30:27.703+0000] {logging_mixin.py:188} INFO - [2024-09-05T12:30:27.703+0000] {dag.py:3823} INFO - Setting next_dagrun for Hello_dag to 2024-09-04 23:00:00+00:00, run_after=2024-09-05 23:00:00+00:00
[2024-09-05T12:30:27.726+0000] {processor.py:183} INFO - Processing /opt/airflow/dags/welcome_dag.py took 0.139 seconds
[2024-09-05T12:30:57.805+0000] {processor.py:161} INFO - Started process (PID=491) to work on /opt/airflow/dags/welcome_dag.py
[2024-09-05T12:30:57.806+0000] {processor.py:830} INFO - Processing file /opt/airflow/dags/welcome_dag.py for tasks to queue
[2024-09-05T12:30:57.807+0000] {logging_mixin.py:188} INFO - [2024-09-05T12:30:57.807+0000] {dagbag.py:538} INFO - Filling up the DagBag from /opt/airflow/dags/welcome_dag.py
[2024-09-05T12:30:57.826+0000] {processor.py:840} INFO - DAG(s) 'Hello_dag' retrieved from /opt/airflow/dags/welcome_dag.py
[2024-09-05T12:30:57.851+0000] {logging_mixin.py:188} INFO - [2024-09-05T12:30:57.851+0000] {dag.py:3036} INFO - Sync 1 DAGs
[2024-09-05T12:30:57.879+0000] {logging_mixin.py:188} INFO - [2024-09-05T12:30:57.879+0000] {dag.py:3823} INFO - Setting next_dagrun for Hello_dag to 2024-09-04 23:00:00+00:00, run_after=2024-09-05 23:00:00+00:00
[2024-09-05T12:30:57.902+0000] {processor.py:183} INFO - Processing /opt/airflow/dags/welcome_dag.py took 0.102 seconds
[2024-09-05T12:45:14.141+0000] {processor.py:161} INFO - Started process (PID=35) to work on /opt/airflow/dags/welcome_dag.py
[2024-09-05T12:45:14.142+0000] {processor.py:830} INFO - Processing file /opt/airflow/dags/welcome_dag.py for tasks to queue
[2024-09-05T12:45:14.144+0000] {logging_mixin.py:188} INFO - [2024-09-05T12:45:14.143+0000] {dagbag.py:538} INFO - Filling up the DagBag from /opt/airflow/dags/welcome_dag.py
[2024-09-05T12:45:14.208+0000] {processor.py:840} INFO - DAG(s) 'Hello_dag' retrieved from /opt/airflow/dags/welcome_dag.py
[2024-09-05T12:45:14.593+0000] {logging_mixin.py:188} INFO - [2024-09-05T12:45:14.593+0000] {dag.py:3036} INFO - Sync 1 DAGs
[2024-09-05T12:45:14.661+0000] {logging_mixin.py:188} INFO - [2024-09-05T12:45:14.660+0000] {dag.py:3823} INFO - Setting next_dagrun for Hello_dag to 2024-09-04 23:00:00+00:00, run_after=2024-09-05 23:00:00+00:00
[2024-09-05T12:45:14.733+0000] {processor.py:183} INFO - Processing /opt/airflow/dags/welcome_dag.py took 0.621 seconds
[2024-09-05T12:45:44.987+0000] {processor.py:161} INFO - Started process (PID=93) to work on /opt/airflow/dags/welcome_dag.py
[2024-09-05T12:45:44.988+0000] {processor.py:830} INFO - Processing file /opt/airflow/dags/welcome_dag.py for tasks to queue
[2024-09-05T12:45:44.990+0000] {logging_mixin.py:188} INFO - [2024-09-05T12:45:44.989+0000] {dagbag.py:538} INFO - Filling up the DagBag from /opt/airflow/dags/welcome_dag.py
[2024-09-05T12:45:45.013+0000] {processor.py:840} INFO - DAG(s) 'Hello_dag' retrieved from /opt/airflow/dags/welcome_dag.py
[2024-09-05T12:45:45.035+0000] {logging_mixin.py:188} INFO - [2024-09-05T12:45:45.035+0000] {dag.py:3036} INFO - Sync 1 DAGs
[2024-09-05T12:45:45.069+0000] {logging_mixin.py:188} INFO - [2024-09-05T12:45:45.069+0000] {dag.py:3823} INFO - Setting next_dagrun for Hello_dag to 2024-09-04 23:00:00+00:00, run_after=2024-09-05 23:00:00+00:00
[2024-09-05T12:45:45.096+0000] {processor.py:183} INFO - Processing /opt/airflow/dags/welcome_dag.py took 0.113 seconds
[2024-09-05T12:46:15.873+0000] {processor.py:161} INFO - Started process (PID=149) to work on /opt/airflow/dags/welcome_dag.py
[2024-09-05T12:46:15.874+0000] {processor.py:830} INFO - Processing file /opt/airflow/dags/welcome_dag.py for tasks to queue
[2024-09-05T12:46:15.875+0000] {logging_mixin.py:188} INFO - [2024-09-05T12:46:15.875+0000] {dagbag.py:538} INFO - Filling up the DagBag from /opt/airflow/dags/welcome_dag.py
[2024-09-05T12:46:15.898+0000] {processor.py:840} INFO - DAG(s) 'Hello_dag' retrieved from /opt/airflow/dags/welcome_dag.py
[2024-09-05T12:46:15.926+0000] {logging_mixin.py:188} INFO - [2024-09-05T12:46:15.926+0000] {dag.py:3036} INFO - Sync 1 DAGs
[2024-09-05T12:46:15.969+0000] {logging_mixin.py:188} INFO - [2024-09-05T12:46:15.968+0000] {dag.py:3823} INFO - Setting next_dagrun for Hello_dag to 2024-09-04 23:00:00+00:00, run_after=2024-09-05 23:00:00+00:00
[2024-09-05T12:46:16.006+0000] {processor.py:183} INFO - Processing /opt/airflow/dags/welcome_dag.py took 0.136 seconds
[2024-09-05T12:46:46.502+0000] {processor.py:161} INFO - Started process (PID=206) to work on /opt/airflow/dags/welcome_dag.py
[2024-09-05T12:46:46.506+0000] {processor.py:830} INFO - Processing file /opt/airflow/dags/welcome_dag.py for tasks to queue
[2024-09-05T12:46:46.508+0000] {logging_mixin.py:188} INFO - [2024-09-05T12:46:46.507+0000] {dagbag.py:538} INFO - Filling up the DagBag from /opt/airflow/dags/welcome_dag.py
[2024-09-05T12:46:46.546+0000] {processor.py:840} INFO - DAG(s) 'Hello_dag' retrieved from /opt/airflow/dags/welcome_dag.py
[2024-09-05T12:46:46.587+0000] {logging_mixin.py:188} INFO - [2024-09-05T12:46:46.586+0000] {dag.py:3036} INFO - Sync 1 DAGs
[2024-09-05T12:46:46.636+0000] {logging_mixin.py:188} INFO - [2024-09-05T12:46:46.636+0000] {dag.py:3823} INFO - Setting next_dagrun for Hello_dag to 2024-09-04 23:00:00+00:00, run_after=2024-09-05 23:00:00+00:00
[2024-09-05T12:46:46.668+0000] {processor.py:183} INFO - Processing /opt/airflow/dags/welcome_dag.py took 0.173 seconds
[2024-09-05T12:47:16.921+0000] {processor.py:161} INFO - Started process (PID=263) to work on /opt/airflow/dags/welcome_dag.py
[2024-09-05T12:47:16.922+0000] {processor.py:830} INFO - Processing file /opt/airflow/dags/welcome_dag.py for tasks to queue
[2024-09-05T12:47:16.923+0000] {logging_mixin.py:188} INFO - [2024-09-05T12:47:16.923+0000] {dagbag.py:538} INFO - Filling up the DagBag from /opt/airflow/dags/welcome_dag.py
[2024-09-05T12:47:16.948+0000] {processor.py:840} INFO - DAG(s) 'Hello_dag' retrieved from /opt/airflow/dags/welcome_dag.py
[2024-09-05T12:47:16.979+0000] {logging_mixin.py:188} INFO - [2024-09-05T12:47:16.979+0000] {dag.py:3036} INFO - Sync 1 DAGs
[2024-09-05T12:47:17.018+0000] {logging_mixin.py:188} INFO - [2024-09-05T12:47:17.017+0000] {dag.py:3823} INFO - Setting next_dagrun for Hello_dag to 2024-09-04 23:00:00+00:00, run_after=2024-09-05 23:00:00+00:00
[2024-09-05T12:47:17.044+0000] {processor.py:183} INFO - Processing /opt/airflow/dags/welcome_dag.py took 0.128 seconds
[2024-09-05T12:47:47.150+0000] {processor.py:161} INFO - Started process (PID=321) to work on /opt/airflow/dags/welcome_dag.py
[2024-09-05T12:47:47.151+0000] {processor.py:830} INFO - Processing file /opt/airflow/dags/welcome_dag.py for tasks to queue
[2024-09-05T12:47:47.152+0000] {logging_mixin.py:188} INFO - [2024-09-05T12:47:47.152+0000] {dagbag.py:538} INFO - Filling up the DagBag from /opt/airflow/dags/welcome_dag.py
[2024-09-05T12:47:47.173+0000] {processor.py:840} INFO - DAG(s) 'Hello_dag' retrieved from /opt/airflow/dags/welcome_dag.py
[2024-09-05T12:47:47.200+0000] {logging_mixin.py:188} INFO - [2024-09-05T12:47:47.200+0000] {dag.py:3036} INFO - Sync 1 DAGs
[2024-09-05T12:47:47.226+0000] {logging_mixin.py:188} INFO - [2024-09-05T12:47:47.225+0000] {dag.py:3823} INFO - Setting next_dagrun for Hello_dag to 2024-09-04 23:00:00+00:00, run_after=2024-09-05 23:00:00+00:00
[2024-09-05T12:47:47.250+0000] {processor.py:183} INFO - Processing /opt/airflow/dags/welcome_dag.py took 0.104 seconds
[2024-09-05T12:48:17.359+0000] {processor.py:161} INFO - Started process (PID=378) to work on /opt/airflow/dags/welcome_dag.py
[2024-09-05T12:48:17.359+0000] {processor.py:830} INFO - Processing file /opt/airflow/dags/welcome_dag.py for tasks to queue
[2024-09-05T12:48:17.360+0000] {logging_mixin.py:188} INFO - [2024-09-05T12:48:17.360+0000] {dagbag.py:538} INFO - Filling up the DagBag from /opt/airflow/dags/welcome_dag.py
[2024-09-05T12:48:17.379+0000] {processor.py:840} INFO - DAG(s) 'Hello_dag' retrieved from /opt/airflow/dags/welcome_dag.py
[2024-09-05T12:48:17.407+0000] {logging_mixin.py:188} INFO - [2024-09-05T12:48:17.407+0000] {dag.py:3036} INFO - Sync 1 DAGs
[2024-09-05T12:48:17.436+0000] {logging_mixin.py:188} INFO - [2024-09-05T12:48:17.436+0000] {dag.py:3823} INFO - Setting next_dagrun for Hello_dag to 2024-09-04 23:00:00+00:00, run_after=2024-09-05 23:00:00+00:00
[2024-09-05T12:48:17.458+0000] {processor.py:183} INFO - Processing /opt/airflow/dags/welcome_dag.py took 0.104 seconds
[2024-09-05T12:48:47.598+0000] {processor.py:161} INFO - Started process (PID=435) to work on /opt/airflow/dags/welcome_dag.py
[2024-09-05T12:48:47.599+0000] {processor.py:830} INFO - Processing file /opt/airflow/dags/welcome_dag.py for tasks to queue
[2024-09-05T12:48:47.600+0000] {logging_mixin.py:188} INFO - [2024-09-05T12:48:47.599+0000] {dagbag.py:538} INFO - Filling up the DagBag from /opt/airflow/dags/welcome_dag.py
[2024-09-05T12:48:47.624+0000] {processor.py:840} INFO - DAG(s) 'Hello_dag' retrieved from /opt/airflow/dags/welcome_dag.py
[2024-09-05T12:48:47.651+0000] {logging_mixin.py:188} INFO - [2024-09-05T12:48:47.651+0000] {dag.py:3036} INFO - Sync 1 DAGs
[2024-09-05T12:48:47.681+0000] {logging_mixin.py:188} INFO - [2024-09-05T12:48:47.681+0000] {dag.py:3823} INFO - Setting next_dagrun for Hello_dag to 2024-09-04 23:00:00+00:00, run_after=2024-09-05 23:00:00+00:00
[2024-09-05T12:48:47.706+0000] {processor.py:183} INFO - Processing /opt/airflow/dags/welcome_dag.py took 0.112 seconds
[2024-09-05T12:49:17.780+0000] {processor.py:161} INFO - Started process (PID=492) to work on /opt/airflow/dags/welcome_dag.py
[2024-09-05T12:49:17.781+0000] {processor.py:830} INFO - Processing file /opt/airflow/dags/welcome_dag.py for tasks to queue
[2024-09-05T12:49:17.782+0000] {logging_mixin.py:188} INFO - [2024-09-05T12:49:17.782+0000] {dagbag.py:538} INFO - Filling up the DagBag from /opt/airflow/dags/welcome_dag.py
[2024-09-05T12:49:17.805+0000] {processor.py:840} INFO - DAG(s) 'Hello_dag' retrieved from /opt/airflow/dags/welcome_dag.py
[2024-09-05T12:49:17.835+0000] {logging_mixin.py:188} INFO - [2024-09-05T12:49:17.835+0000] {dag.py:3036} INFO - Sync 1 DAGs
[2024-09-05T12:49:17.863+0000] {logging_mixin.py:188} INFO - [2024-09-05T12:49:17.863+0000] {dag.py:3823} INFO - Setting next_dagrun for Hello_dag to 2024-09-04 23:00:00+00:00, run_after=2024-09-05 23:00:00+00:00
[2024-09-05T12:49:17.885+0000] {processor.py:183} INFO - Processing /opt/airflow/dags/welcome_dag.py took 0.113 seconds
[2024-09-05T12:49:48.033+0000] {processor.py:161} INFO - Started process (PID=549) to work on /opt/airflow/dags/welcome_dag.py
[2024-09-05T12:49:48.034+0000] {processor.py:830} INFO - Processing file /opt/airflow/dags/welcome_dag.py for tasks to queue
[2024-09-05T12:49:48.035+0000] {logging_mixin.py:188} INFO - [2024-09-05T12:49:48.035+0000] {dagbag.py:538} INFO - Filling up the DagBag from /opt/airflow/dags/welcome_dag.py
[2024-09-05T12:49:48.056+0000] {processor.py:840} INFO - DAG(s) 'Hello_dag' retrieved from /opt/airflow/dags/welcome_dag.py
[2024-09-05T12:49:48.081+0000] {logging_mixin.py:188} INFO - [2024-09-05T12:49:48.081+0000] {dag.py:3036} INFO - Sync 1 DAGs
[2024-09-05T12:49:48.110+0000] {logging_mixin.py:188} INFO - [2024-09-05T12:49:48.110+0000] {dag.py:3823} INFO - Setting next_dagrun for Hello_dag to 2024-09-04 23:00:00+00:00, run_after=2024-09-05 23:00:00+00:00
[2024-09-05T12:49:48.135+0000] {processor.py:183} INFO - Processing /opt/airflow/dags/welcome_dag.py took 0.106 seconds
[2024-09-05T12:50:18.401+0000] {processor.py:161} INFO - Started process (PID=606) to work on /opt/airflow/dags/welcome_dag.py
[2024-09-05T12:50:18.402+0000] {processor.py:830} INFO - Processing file /opt/airflow/dags/welcome_dag.py for tasks to queue
[2024-09-05T12:50:18.403+0000] {logging_mixin.py:188} INFO - [2024-09-05T12:50:18.403+0000] {dagbag.py:538} INFO - Filling up the DagBag from /opt/airflow/dags/welcome_dag.py
[2024-09-05T12:50:18.426+0000] {processor.py:840} INFO - DAG(s) 'Hello_dag' retrieved from /opt/airflow/dags/welcome_dag.py
[2024-09-05T12:50:18.455+0000] {logging_mixin.py:188} INFO - [2024-09-05T12:50:18.454+0000] {dag.py:3036} INFO - Sync 1 DAGs
[2024-09-05T12:50:18.496+0000] {logging_mixin.py:188} INFO - [2024-09-05T12:50:18.496+0000] {dag.py:3823} INFO - Setting next_dagrun for Hello_dag to 2024-09-04 23:00:00+00:00, run_after=2024-09-05 23:00:00+00:00
[2024-09-05T12:50:18.525+0000] {processor.py:183} INFO - Processing /opt/airflow/dags/welcome_dag.py took 0.128 seconds
[2024-09-05T12:50:48.801+0000] {processor.py:161} INFO - Started process (PID=664) to work on /opt/airflow/dags/welcome_dag.py
[2024-09-05T12:50:48.801+0000] {processor.py:830} INFO - Processing file /opt/airflow/dags/welcome_dag.py for tasks to queue
[2024-09-05T12:50:48.802+0000] {logging_mixin.py:188} INFO - [2024-09-05T12:50:48.802+0000] {dagbag.py:538} INFO - Filling up the DagBag from /opt/airflow/dags/welcome_dag.py
[2024-09-05T12:50:48.820+0000] {processor.py:840} INFO - DAG(s) 'Hello_dag' retrieved from /opt/airflow/dags/welcome_dag.py
[2024-09-05T12:50:48.847+0000] {logging_mixin.py:188} INFO - [2024-09-05T12:50:48.847+0000] {dag.py:3036} INFO - Sync 1 DAGs
[2024-09-05T12:50:48.870+0000] {logging_mixin.py:188} INFO - [2024-09-05T12:50:48.870+0000] {dag.py:3823} INFO - Setting next_dagrun for Hello_dag to 2024-09-04 23:00:00+00:00, run_after=2024-09-05 23:00:00+00:00
[2024-09-05T12:50:48.891+0000] {processor.py:183} INFO - Processing /opt/airflow/dags/welcome_dag.py took 0.094 seconds
[2024-09-05T12:51:19.266+0000] {processor.py:161} INFO - Started process (PID=721) to work on /opt/airflow/dags/welcome_dag.py
[2024-09-05T12:51:19.267+0000] {processor.py:830} INFO - Processing file /opt/airflow/dags/welcome_dag.py for tasks to queue
[2024-09-05T12:51:19.268+0000] {logging_mixin.py:188} INFO - [2024-09-05T12:51:19.268+0000] {dagbag.py:538} INFO - Filling up the DagBag from /opt/airflow/dags/welcome_dag.py
[2024-09-05T12:51:19.289+0000] {processor.py:840} INFO - DAG(s) 'Hello_dag' retrieved from /opt/airflow/dags/welcome_dag.py
[2024-09-05T12:51:19.312+0000] {logging_mixin.py:188} INFO - [2024-09-05T12:51:19.312+0000] {dag.py:3036} INFO - Sync 1 DAGs
[2024-09-05T12:51:19.341+0000] {logging_mixin.py:188} INFO - [2024-09-05T12:51:19.341+0000] {dag.py:3823} INFO - Setting next_dagrun for Hello_dag to 2024-09-04 23:00:00+00:00, run_after=2024-09-05 23:00:00+00:00
[2024-09-05T12:51:19.361+0000] {processor.py:183} INFO - Processing /opt/airflow/dags/welcome_dag.py took 0.100 seconds
[2024-09-05T12:51:49.675+0000] {processor.py:161} INFO - Started process (PID=778) to work on /opt/airflow/dags/welcome_dag.py
[2024-09-05T12:51:49.676+0000] {processor.py:830} INFO - Processing file /opt/airflow/dags/welcome_dag.py for tasks to queue
[2024-09-05T12:51:49.677+0000] {logging_mixin.py:188} INFO - [2024-09-05T12:51:49.677+0000] {dagbag.py:538} INFO - Filling up the DagBag from /opt/airflow/dags/welcome_dag.py
[2024-09-05T12:51:49.698+0000] {processor.py:840} INFO - DAG(s) 'Hello_dag' retrieved from /opt/airflow/dags/welcome_dag.py
[2024-09-05T12:51:49.719+0000] {logging_mixin.py:188} INFO - [2024-09-05T12:51:49.719+0000] {dag.py:3036} INFO - Sync 1 DAGs
[2024-09-05T12:51:49.745+0000] {logging_mixin.py:188} INFO - [2024-09-05T12:51:49.744+0000] {dag.py:3823} INFO - Setting next_dagrun for Hello_dag to 2024-09-04 23:00:00+00:00, run_after=2024-09-05 23:00:00+00:00
[2024-09-05T12:51:49.764+0000] {processor.py:183} INFO - Processing /opt/airflow/dags/welcome_dag.py took 0.094 seconds
[2024-09-05T12:52:20.068+0000] {processor.py:161} INFO - Started process (PID=835) to work on /opt/airflow/dags/welcome_dag.py
[2024-09-05T12:52:20.069+0000] {processor.py:830} INFO - Processing file /opt/airflow/dags/welcome_dag.py for tasks to queue
[2024-09-05T12:52:20.070+0000] {logging_mixin.py:188} INFO - [2024-09-05T12:52:20.069+0000] {dagbag.py:538} INFO - Filling up the DagBag from /opt/airflow/dags/welcome_dag.py
[2024-09-05T12:52:20.088+0000] {processor.py:840} INFO - DAG(s) 'Hello_dag' retrieved from /opt/airflow/dags/welcome_dag.py
[2024-09-05T12:52:20.106+0000] {logging_mixin.py:188} INFO - [2024-09-05T12:52:20.106+0000] {dag.py:3036} INFO - Sync 1 DAGs
[2024-09-05T12:52:20.132+0000] {logging_mixin.py:188} INFO - [2024-09-05T12:52:20.131+0000] {dag.py:3823} INFO - Setting next_dagrun for Hello_dag to 2024-09-04 23:00:00+00:00, run_after=2024-09-05 23:00:00+00:00
[2024-09-05T12:52:20.156+0000] {processor.py:183} INFO - Processing /opt/airflow/dags/welcome_dag.py took 0.091 seconds
[2024-09-05T12:52:50.192+0000] {processor.py:161} INFO - Started process (PID=891) to work on /opt/airflow/dags/welcome_dag.py
[2024-09-05T12:52:50.193+0000] {processor.py:830} INFO - Processing file /opt/airflow/dags/welcome_dag.py for tasks to queue
[2024-09-05T12:52:50.194+0000] {logging_mixin.py:188} INFO - [2024-09-05T12:52:50.194+0000] {dagbag.py:538} INFO - Filling up the DagBag from /opt/airflow/dags/welcome_dag.py
[2024-09-05T12:52:50.210+0000] {processor.py:840} INFO - DAG(s) 'Hello_dag' retrieved from /opt/airflow/dags/welcome_dag.py
[2024-09-05T12:52:50.231+0000] {logging_mixin.py:188} INFO - [2024-09-05T12:52:50.230+0000] {dag.py:3036} INFO - Sync 1 DAGs
[2024-09-05T12:52:50.256+0000] {logging_mixin.py:188} INFO - [2024-09-05T12:52:50.256+0000] {dag.py:3823} INFO - Setting next_dagrun for Hello_dag to 2024-09-04 23:00:00+00:00, run_after=2024-09-05 23:00:00+00:00
[2024-09-05T12:52:50.281+0000] {processor.py:183} INFO - Processing /opt/airflow/dags/welcome_dag.py took 0.092 seconds
[2024-09-05T12:53:20.404+0000] {processor.py:161} INFO - Started process (PID=948) to work on /opt/airflow/dags/welcome_dag.py
[2024-09-05T12:53:20.405+0000] {processor.py:830} INFO - Processing file /opt/airflow/dags/welcome_dag.py for tasks to queue
[2024-09-05T12:53:20.406+0000] {logging_mixin.py:188} INFO - [2024-09-05T12:53:20.406+0000] {dagbag.py:538} INFO - Filling up the DagBag from /opt/airflow/dags/welcome_dag.py
[2024-09-05T12:53:20.428+0000] {processor.py:840} INFO - DAG(s) 'Hello_dag' retrieved from /opt/airflow/dags/welcome_dag.py
[2024-09-05T12:53:20.455+0000] {logging_mixin.py:188} INFO - [2024-09-05T12:53:20.455+0000] {dag.py:3036} INFO - Sync 1 DAGs
[2024-09-05T12:53:20.485+0000] {logging_mixin.py:188} INFO - [2024-09-05T12:53:20.485+0000] {dag.py:3823} INFO - Setting next_dagrun for Hello_dag to 2024-09-04 23:00:00+00:00, run_after=2024-09-05 23:00:00+00:00
[2024-09-05T12:53:20.528+0000] {processor.py:183} INFO - Processing /opt/airflow/dags/welcome_dag.py took 0.129 seconds
[2024-09-05T12:53:50.571+0000] {processor.py:161} INFO - Started process (PID=1005) to work on /opt/airflow/dags/welcome_dag.py
[2024-09-05T12:53:50.572+0000] {processor.py:830} INFO - Processing file /opt/airflow/dags/welcome_dag.py for tasks to queue
[2024-09-05T12:53:50.573+0000] {logging_mixin.py:188} INFO - [2024-09-05T12:53:50.572+0000] {dagbag.py:538} INFO - Filling up the DagBag from /opt/airflow/dags/welcome_dag.py
[2024-09-05T12:53:50.589+0000] {processor.py:840} INFO - DAG(s) 'Hello_dag' retrieved from /opt/airflow/dags/welcome_dag.py
[2024-09-05T12:53:50.608+0000] {logging_mixin.py:188} INFO - [2024-09-05T12:53:50.607+0000] {dag.py:3036} INFO - Sync 1 DAGs
[2024-09-05T12:53:50.637+0000] {logging_mixin.py:188} INFO - [2024-09-05T12:53:50.637+0000] {dag.py:3823} INFO - Setting next_dagrun for Hello_dag to 2024-09-04 23:00:00+00:00, run_after=2024-09-05 23:00:00+00:00
[2024-09-05T12:53:50.667+0000] {processor.py:183} INFO - Processing /opt/airflow/dags/welcome_dag.py took 0.099 seconds
[2024-09-05T12:54:20.754+0000] {processor.py:161} INFO - Started process (PID=1062) to work on /opt/airflow/dags/welcome_dag.py
[2024-09-05T12:54:20.755+0000] {processor.py:830} INFO - Processing file /opt/airflow/dags/welcome_dag.py for tasks to queue
[2024-09-05T12:54:20.756+0000] {logging_mixin.py:188} INFO - [2024-09-05T12:54:20.755+0000] {dagbag.py:538} INFO - Filling up the DagBag from /opt/airflow/dags/welcome_dag.py
[2024-09-05T12:54:20.774+0000] {processor.py:840} INFO - DAG(s) 'Hello_dag' retrieved from /opt/airflow/dags/welcome_dag.py
[2024-09-05T12:54:20.794+0000] {logging_mixin.py:188} INFO - [2024-09-05T12:54:20.794+0000] {dag.py:3036} INFO - Sync 1 DAGs
[2024-09-05T12:54:20.827+0000] {logging_mixin.py:188} INFO - [2024-09-05T12:54:20.826+0000] {dag.py:3823} INFO - Setting next_dagrun for Hello_dag to 2024-09-04 23:00:00+00:00, run_after=2024-09-05 23:00:00+00:00
[2024-09-05T12:54:20.864+0000] {processor.py:183} INFO - Processing /opt/airflow/dags/welcome_dag.py took 0.113 seconds
[2024-09-05T12:54:51.404+0000] {processor.py:161} INFO - Started process (PID=1119) to work on /opt/airflow/dags/welcome_dag.py
[2024-09-05T12:54:51.405+0000] {processor.py:830} INFO - Processing file /opt/airflow/dags/welcome_dag.py for tasks to queue
[2024-09-05T12:54:51.406+0000] {logging_mixin.py:188} INFO - [2024-09-05T12:54:51.406+0000] {dagbag.py:538} INFO - Filling up the DagBag from /opt/airflow/dags/welcome_dag.py
[2024-09-05T12:54:51.422+0000] {processor.py:840} INFO - DAG(s) 'Hello_dag' retrieved from /opt/airflow/dags/welcome_dag.py
[2024-09-05T12:54:51.443+0000] {logging_mixin.py:188} INFO - [2024-09-05T12:54:51.442+0000] {dag.py:3036} INFO - Sync 1 DAGs
[2024-09-05T12:54:51.467+0000] {logging_mixin.py:188} INFO - [2024-09-05T12:54:51.467+0000] {dag.py:3823} INFO - Setting next_dagrun for Hello_dag to 2024-09-04 23:00:00+00:00, run_after=2024-09-05 23:00:00+00:00
[2024-09-05T12:54:51.493+0000] {processor.py:183} INFO - Processing /opt/airflow/dags/welcome_dag.py took 0.092 seconds
[2024-09-05T12:55:21.558+0000] {processor.py:161} INFO - Started process (PID=1176) to work on /opt/airflow/dags/welcome_dag.py
[2024-09-05T12:55:21.559+0000] {processor.py:830} INFO - Processing file /opt/airflow/dags/welcome_dag.py for tasks to queue
[2024-09-05T12:55:21.560+0000] {logging_mixin.py:188} INFO - [2024-09-05T12:55:21.560+0000] {dagbag.py:538} INFO - Filling up the DagBag from /opt/airflow/dags/welcome_dag.py
[2024-09-05T12:55:21.581+0000] {processor.py:840} INFO - DAG(s) 'Hello_dag' retrieved from /opt/airflow/dags/welcome_dag.py
[2024-09-05T12:55:21.603+0000] {logging_mixin.py:188} INFO - [2024-09-05T12:55:21.603+0000] {dag.py:3036} INFO - Sync 1 DAGs
[2024-09-05T12:55:21.631+0000] {logging_mixin.py:188} INFO - [2024-09-05T12:55:21.631+0000] {dag.py:3823} INFO - Setting next_dagrun for Hello_dag to 2024-09-04 23:00:00+00:00, run_after=2024-09-05 23:00:00+00:00
[2024-09-05T12:55:21.655+0000] {processor.py:183} INFO - Processing /opt/airflow/dags/welcome_dag.py took 0.102 seconds
[2024-09-05T12:55:51.704+0000] {processor.py:161} INFO - Started process (PID=1233) to work on /opt/airflow/dags/welcome_dag.py
[2024-09-05T12:55:51.705+0000] {processor.py:830} INFO - Processing file /opt/airflow/dags/welcome_dag.py for tasks to queue
[2024-09-05T12:55:51.706+0000] {logging_mixin.py:188} INFO - [2024-09-05T12:55:51.706+0000] {dagbag.py:538} INFO - Filling up the DagBag from /opt/airflow/dags/welcome_dag.py
[2024-09-05T12:55:51.722+0000] {processor.py:840} INFO - DAG(s) 'Hello_dag' retrieved from /opt/airflow/dags/welcome_dag.py
[2024-09-05T12:55:51.742+0000] {logging_mixin.py:188} INFO - [2024-09-05T12:55:51.742+0000] {dag.py:3036} INFO - Sync 1 DAGs
[2024-09-05T12:55:51.771+0000] {logging_mixin.py:188} INFO - [2024-09-05T12:55:51.770+0000] {dag.py:3823} INFO - Setting next_dagrun for Hello_dag to 2024-09-04 23:00:00+00:00, run_after=2024-09-05 23:00:00+00:00
[2024-09-05T12:55:51.799+0000] {processor.py:183} INFO - Processing /opt/airflow/dags/welcome_dag.py took 0.099 seconds
[2024-09-05T12:56:21.879+0000] {processor.py:161} INFO - Started process (PID=1290) to work on /opt/airflow/dags/welcome_dag.py
[2024-09-05T12:56:21.880+0000] {processor.py:830} INFO - Processing file /opt/airflow/dags/welcome_dag.py for tasks to queue
[2024-09-05T12:56:21.881+0000] {logging_mixin.py:188} INFO - [2024-09-05T12:56:21.880+0000] {dagbag.py:538} INFO - Filling up the DagBag from /opt/airflow/dags/welcome_dag.py
[2024-09-05T12:56:21.900+0000] {processor.py:840} INFO - DAG(s) 'Hello_dag' retrieved from /opt/airflow/dags/welcome_dag.py
[2024-09-05T12:56:21.923+0000] {logging_mixin.py:188} INFO - [2024-09-05T12:56:21.922+0000] {dag.py:3036} INFO - Sync 1 DAGs
[2024-09-05T12:56:21.950+0000] {logging_mixin.py:188} INFO - [2024-09-05T12:56:21.950+0000] {dag.py:3823} INFO - Setting next_dagrun for Hello_dag to 2024-09-04 23:00:00+00:00, run_after=2024-09-05 23:00:00+00:00
[2024-09-05T12:56:21.977+0000] {processor.py:183} INFO - Processing /opt/airflow/dags/welcome_dag.py took 0.102 seconds
[2024-09-05T12:56:52.013+0000] {processor.py:161} INFO - Started process (PID=1347) to work on /opt/airflow/dags/welcome_dag.py
[2024-09-05T12:56:52.013+0000] {processor.py:830} INFO - Processing file /opt/airflow/dags/welcome_dag.py for tasks to queue
[2024-09-05T12:56:52.014+0000] {logging_mixin.py:188} INFO - [2024-09-05T12:56:52.014+0000] {dagbag.py:538} INFO - Filling up the DagBag from /opt/airflow/dags/welcome_dag.py
[2024-09-05T12:56:52.029+0000] {processor.py:840} INFO - DAG(s) 'Hello_dag' retrieved from /opt/airflow/dags/welcome_dag.py
[2024-09-05T12:56:52.048+0000] {logging_mixin.py:188} INFO - [2024-09-05T12:56:52.048+0000] {dag.py:3036} INFO - Sync 1 DAGs
[2024-09-05T12:56:52.072+0000] {logging_mixin.py:188} INFO - [2024-09-05T12:56:52.072+0000] {dag.py:3823} INFO - Setting next_dagrun for Hello_dag to 2024-09-04 23:00:00+00:00, run_after=2024-09-05 23:00:00+00:00
[2024-09-05T12:56:52.094+0000] {processor.py:183} INFO - Processing /opt/airflow/dags/welcome_dag.py took 0.085 seconds
[2024-09-05T12:57:22.290+0000] {processor.py:161} INFO - Started process (PID=1404) to work on /opt/airflow/dags/welcome_dag.py
[2024-09-05T12:57:22.291+0000] {processor.py:830} INFO - Processing file /opt/airflow/dags/welcome_dag.py for tasks to queue
[2024-09-05T12:57:22.292+0000] {logging_mixin.py:188} INFO - [2024-09-05T12:57:22.292+0000] {dagbag.py:538} INFO - Filling up the DagBag from /opt/airflow/dags/welcome_dag.py
[2024-09-05T12:57:22.308+0000] {processor.py:840} INFO - DAG(s) 'Hello_dag' retrieved from /opt/airflow/dags/welcome_dag.py
[2024-09-05T12:57:22.326+0000] {logging_mixin.py:188} INFO - [2024-09-05T12:57:22.326+0000] {dag.py:3036} INFO - Sync 1 DAGs
[2024-09-05T12:57:22.353+0000] {logging_mixin.py:188} INFO - [2024-09-05T12:57:22.353+0000] {dag.py:3823} INFO - Setting next_dagrun for Hello_dag to 2024-09-04 23:00:00+00:00, run_after=2024-09-05 23:00:00+00:00
[2024-09-05T12:57:22.379+0000] {processor.py:183} INFO - Processing /opt/airflow/dags/welcome_dag.py took 0.092 seconds
[2024-09-05T12:57:52.439+0000] {processor.py:161} INFO - Started process (PID=1459) to work on /opt/airflow/dags/welcome_dag.py
[2024-09-05T12:57:52.440+0000] {processor.py:830} INFO - Processing file /opt/airflow/dags/welcome_dag.py for tasks to queue
[2024-09-05T12:57:52.441+0000] {logging_mixin.py:188} INFO - [2024-09-05T12:57:52.441+0000] {dagbag.py:538} INFO - Filling up the DagBag from /opt/airflow/dags/welcome_dag.py
[2024-09-05T12:57:52.460+0000] {processor.py:840} INFO - DAG(s) 'Hello_dag' retrieved from /opt/airflow/dags/welcome_dag.py
[2024-09-05T12:57:52.485+0000] {logging_mixin.py:188} INFO - [2024-09-05T12:57:52.485+0000] {dag.py:3036} INFO - Sync 1 DAGs
[2024-09-05T12:57:52.512+0000] {logging_mixin.py:188} INFO - [2024-09-05T12:57:52.512+0000] {dag.py:3823} INFO - Setting next_dagrun for Hello_dag to 2024-09-04 23:00:00+00:00, run_after=2024-09-05 23:00:00+00:00
[2024-09-05T12:57:52.542+0000] {processor.py:183} INFO - Processing /opt/airflow/dags/welcome_dag.py took 0.107 seconds
[2024-09-05T12:58:23.010+0000] {processor.py:161} INFO - Started process (PID=1516) to work on /opt/airflow/dags/welcome_dag.py
[2024-09-05T12:58:23.010+0000] {processor.py:830} INFO - Processing file /opt/airflow/dags/welcome_dag.py for tasks to queue
[2024-09-05T12:58:23.012+0000] {logging_mixin.py:188} INFO - [2024-09-05T12:58:23.011+0000] {dagbag.py:538} INFO - Filling up the DagBag from /opt/airflow/dags/welcome_dag.py
[2024-09-05T12:58:23.030+0000] {processor.py:840} INFO - DAG(s) 'Hello_dag' retrieved from /opt/airflow/dags/welcome_dag.py
[2024-09-05T12:58:23.050+0000] {logging_mixin.py:188} INFO - [2024-09-05T12:58:23.050+0000] {dag.py:3036} INFO - Sync 1 DAGs
[2024-09-05T12:58:23.073+0000] {logging_mixin.py:188} INFO - [2024-09-05T12:58:23.073+0000] {dag.py:3823} INFO - Setting next_dagrun for Hello_dag to 2024-09-04 23:00:00+00:00, run_after=2024-09-05 23:00:00+00:00
[2024-09-05T12:58:23.099+0000] {processor.py:183} INFO - Processing /opt/airflow/dags/welcome_dag.py took 0.094 seconds
[2024-09-05T12:58:53.343+0000] {processor.py:161} INFO - Started process (PID=1573) to work on /opt/airflow/dags/welcome_dag.py
[2024-09-05T12:58:53.344+0000] {processor.py:830} INFO - Processing file /opt/airflow/dags/welcome_dag.py for tasks to queue
[2024-09-05T12:58:53.345+0000] {logging_mixin.py:188} INFO - [2024-09-05T12:58:53.344+0000] {dagbag.py:538} INFO - Filling up the DagBag from /opt/airflow/dags/welcome_dag.py
[2024-09-05T12:58:53.367+0000] {processor.py:840} INFO - DAG(s) 'Hello_dag' retrieved from /opt/airflow/dags/welcome_dag.py
[2024-09-05T12:58:53.389+0000] {logging_mixin.py:188} INFO - [2024-09-05T12:58:53.389+0000] {dag.py:3036} INFO - Sync 1 DAGs
[2024-09-05T12:58:53.417+0000] {logging_mixin.py:188} INFO - [2024-09-05T12:58:53.417+0000] {dag.py:3823} INFO - Setting next_dagrun for Hello_dag to 2024-09-04 23:00:00+00:00, run_after=2024-09-05 23:00:00+00:00
[2024-09-05T12:58:53.439+0000] {processor.py:183} INFO - Processing /opt/airflow/dags/welcome_dag.py took 0.101 seconds
[2024-09-05T12:59:23.806+0000] {processor.py:161} INFO - Started process (PID=1630) to work on /opt/airflow/dags/welcome_dag.py
[2024-09-05T12:59:23.807+0000] {processor.py:830} INFO - Processing file /opt/airflow/dags/welcome_dag.py for tasks to queue
[2024-09-05T12:59:23.808+0000] {logging_mixin.py:188} INFO - [2024-09-05T12:59:23.808+0000] {dagbag.py:538} INFO - Filling up the DagBag from /opt/airflow/dags/welcome_dag.py
[2024-09-05T12:59:23.827+0000] {processor.py:840} INFO - DAG(s) 'Hello_dag' retrieved from /opt/airflow/dags/welcome_dag.py
[2024-09-05T12:59:23.848+0000] {logging_mixin.py:188} INFO - [2024-09-05T12:59:23.848+0000] {dag.py:3036} INFO - Sync 1 DAGs
[2024-09-05T12:59:23.876+0000] {logging_mixin.py:188} INFO - [2024-09-05T12:59:23.876+0000] {dag.py:3823} INFO - Setting next_dagrun for Hello_dag to 2024-09-04 23:00:00+00:00, run_after=2024-09-05 23:00:00+00:00
[2024-09-05T12:59:23.899+0000] {processor.py:183} INFO - Processing /opt/airflow/dags/welcome_dag.py took 0.096 seconds
[2024-09-05T12:59:54.098+0000] {processor.py:161} INFO - Started process (PID=1687) to work on /opt/airflow/dags/welcome_dag.py
[2024-09-05T12:59:54.099+0000] {processor.py:830} INFO - Processing file /opt/airflow/dags/welcome_dag.py for tasks to queue
[2024-09-05T12:59:54.100+0000] {logging_mixin.py:188} INFO - [2024-09-05T12:59:54.099+0000] {dagbag.py:538} INFO - Filling up the DagBag from /opt/airflow/dags/welcome_dag.py
[2024-09-05T12:59:54.117+0000] {processor.py:840} INFO - DAG(s) 'Hello_dag' retrieved from /opt/airflow/dags/welcome_dag.py
[2024-09-05T12:59:54.140+0000] {logging_mixin.py:188} INFO - [2024-09-05T12:59:54.139+0000] {dag.py:3036} INFO - Sync 1 DAGs
[2024-09-05T12:59:54.168+0000] {logging_mixin.py:188} INFO - [2024-09-05T12:59:54.168+0000] {dag.py:3823} INFO - Setting next_dagrun for Hello_dag to 2024-09-04 23:00:00+00:00, run_after=2024-09-05 23:00:00+00:00
[2024-09-05T12:59:54.194+0000] {processor.py:183} INFO - Processing /opt/airflow/dags/welcome_dag.py took 0.099 seconds
[2024-09-05T13:00:24.510+0000] {processor.py:161} INFO - Started process (PID=1744) to work on /opt/airflow/dags/welcome_dag.py
[2024-09-05T13:00:24.511+0000] {processor.py:830} INFO - Processing file /opt/airflow/dags/welcome_dag.py for tasks to queue
[2024-09-05T13:00:24.512+0000] {logging_mixin.py:188} INFO - [2024-09-05T13:00:24.512+0000] {dagbag.py:538} INFO - Filling up the DagBag from /opt/airflow/dags/welcome_dag.py
[2024-09-05T13:00:24.529+0000] {processor.py:840} INFO - DAG(s) 'Hello_dag' retrieved from /opt/airflow/dags/welcome_dag.py
[2024-09-05T13:00:24.549+0000] {logging_mixin.py:188} INFO - [2024-09-05T13:00:24.549+0000] {dag.py:3036} INFO - Sync 1 DAGs
[2024-09-05T13:00:24.573+0000] {logging_mixin.py:188} INFO - [2024-09-05T13:00:24.572+0000] {dag.py:3823} INFO - Setting next_dagrun for Hello_dag to 2024-09-04 23:00:00+00:00, run_after=2024-09-05 23:00:00+00:00
[2024-09-05T13:00:24.597+0000] {processor.py:183} INFO - Processing /opt/airflow/dags/welcome_dag.py took 0.090 seconds
[2024-09-05T13:00:54.713+0000] {processor.py:161} INFO - Started process (PID=1801) to work on /opt/airflow/dags/welcome_dag.py
[2024-09-05T13:00:54.714+0000] {processor.py:830} INFO - Processing file /opt/airflow/dags/welcome_dag.py for tasks to queue
[2024-09-05T13:00:54.715+0000] {logging_mixin.py:188} INFO - [2024-09-05T13:00:54.715+0000] {dagbag.py:538} INFO - Filling up the DagBag from /opt/airflow/dags/welcome_dag.py
[2024-09-05T13:00:54.732+0000] {processor.py:840} INFO - DAG(s) 'Hello_dag' retrieved from /opt/airflow/dags/welcome_dag.py
[2024-09-05T13:00:54.762+0000] {logging_mixin.py:188} INFO - [2024-09-05T13:00:54.761+0000] {dag.py:3036} INFO - Sync 1 DAGs
[2024-09-05T13:00:54.786+0000] {logging_mixin.py:188} INFO - [2024-09-05T13:00:54.786+0000] {dag.py:3823} INFO - Setting next_dagrun for Hello_dag to 2024-09-04 23:00:00+00:00, run_after=2024-09-05 23:00:00+00:00
[2024-09-05T13:00:54.811+0000] {processor.py:183} INFO - Processing /opt/airflow/dags/welcome_dag.py took 0.102 seconds
[2024-09-05T13:01:24.933+0000] {processor.py:161} INFO - Started process (PID=1858) to work on /opt/airflow/dags/welcome_dag.py
[2024-09-05T13:01:24.934+0000] {processor.py:830} INFO - Processing file /opt/airflow/dags/welcome_dag.py for tasks to queue
[2024-09-05T13:01:24.935+0000] {logging_mixin.py:188} INFO - [2024-09-05T13:01:24.934+0000] {dagbag.py:538} INFO - Filling up the DagBag from /opt/airflow/dags/welcome_dag.py
[2024-09-05T13:01:24.952+0000] {processor.py:840} INFO - DAG(s) 'Hello_dag' retrieved from /opt/airflow/dags/welcome_dag.py
[2024-09-05T13:01:24.975+0000] {logging_mixin.py:188} INFO - [2024-09-05T13:01:24.974+0000] {dag.py:3036} INFO - Sync 1 DAGs
[2024-09-05T13:01:24.998+0000] {logging_mixin.py:188} INFO - [2024-09-05T13:01:24.998+0000] {dag.py:3823} INFO - Setting next_dagrun for Hello_dag to 2024-09-04 23:00:00+00:00, run_after=2024-09-05 23:00:00+00:00
[2024-09-05T13:01:25.025+0000] {processor.py:183} INFO - Processing /opt/airflow/dags/welcome_dag.py took 0.096 seconds
[2024-09-05T13:01:55.230+0000] {processor.py:161} INFO - Started process (PID=1914) to work on /opt/airflow/dags/welcome_dag.py
[2024-09-05T13:01:55.230+0000] {processor.py:830} INFO - Processing file /opt/airflow/dags/welcome_dag.py for tasks to queue
[2024-09-05T13:01:55.231+0000] {logging_mixin.py:188} INFO - [2024-09-05T13:01:55.231+0000] {dagbag.py:538} INFO - Filling up the DagBag from /opt/airflow/dags/welcome_dag.py
[2024-09-05T13:01:55.249+0000] {processor.py:840} INFO - DAG(s) 'Hello_dag' retrieved from /opt/airflow/dags/welcome_dag.py
[2024-09-05T13:01:55.269+0000] {logging_mixin.py:188} INFO - [2024-09-05T13:01:55.269+0000] {dag.py:3036} INFO - Sync 1 DAGs
[2024-09-05T13:01:55.292+0000] {logging_mixin.py:188} INFO - [2024-09-05T13:01:55.291+0000] {dag.py:3823} INFO - Setting next_dagrun for Hello_dag to 2024-09-04 23:00:00+00:00, run_after=2024-09-05 23:00:00+00:00
[2024-09-05T13:01:55.317+0000] {processor.py:183} INFO - Processing /opt/airflow/dags/welcome_dag.py took 0.092 seconds
[2024-09-05T13:02:25.638+0000] {processor.py:161} INFO - Started process (PID=1971) to work on /opt/airflow/dags/welcome_dag.py
[2024-09-05T13:02:25.639+0000] {processor.py:830} INFO - Processing file /opt/airflow/dags/welcome_dag.py for tasks to queue
[2024-09-05T13:02:25.640+0000] {logging_mixin.py:188} INFO - [2024-09-05T13:02:25.640+0000] {dagbag.py:538} INFO - Filling up the DagBag from /opt/airflow/dags/welcome_dag.py
[2024-09-05T13:02:25.656+0000] {processor.py:840} INFO - DAG(s) 'Hello_dag' retrieved from /opt/airflow/dags/welcome_dag.py
[2024-09-05T13:02:25.685+0000] {logging_mixin.py:188} INFO - [2024-09-05T13:02:25.679+0000] {dag.py:3036} INFO - Sync 1 DAGs
[2024-09-05T13:02:25.733+0000] {logging_mixin.py:188} INFO - [2024-09-05T13:02:25.732+0000] {dag.py:3823} INFO - Setting next_dagrun for Hello_dag to 2024-09-04 23:00:00+00:00, run_after=2024-09-05 23:00:00+00:00
[2024-09-05T13:02:25.758+0000] {processor.py:183} INFO - Processing /opt/airflow/dags/welcome_dag.py took 0.123 seconds
[2024-09-05T13:02:56.702+0000] {processor.py:161} INFO - Started process (PID=2028) to work on /opt/airflow/dags/welcome_dag.py
[2024-09-05T13:02:56.703+0000] {processor.py:830} INFO - Processing file /opt/airflow/dags/welcome_dag.py for tasks to queue
[2024-09-05T13:02:56.704+0000] {logging_mixin.py:188} INFO - [2024-09-05T13:02:56.703+0000] {dagbag.py:538} INFO - Filling up the DagBag from /opt/airflow/dags/welcome_dag.py
[2024-09-05T13:02:56.722+0000] {processor.py:840} INFO - DAG(s) 'Hello_dag' retrieved from /opt/airflow/dags/welcome_dag.py
[2024-09-05T13:02:56.743+0000] {logging_mixin.py:188} INFO - [2024-09-05T13:02:56.742+0000] {dag.py:3036} INFO - Sync 1 DAGs
[2024-09-05T13:02:56.767+0000] {logging_mixin.py:188} INFO - [2024-09-05T13:02:56.767+0000] {dag.py:3823} INFO - Setting next_dagrun for Hello_dag to 2024-09-04 23:00:00+00:00, run_after=2024-09-05 23:00:00+00:00
[2024-09-05T13:02:56.794+0000] {processor.py:183} INFO - Processing /opt/airflow/dags/welcome_dag.py took 0.096 seconds
[2024-09-05T13:03:27.051+0000] {processor.py:161} INFO - Started process (PID=2085) to work on /opt/airflow/dags/welcome_dag.py
[2024-09-05T13:03:27.051+0000] {processor.py:830} INFO - Processing file /opt/airflow/dags/welcome_dag.py for tasks to queue
[2024-09-05T13:03:27.052+0000] {logging_mixin.py:188} INFO - [2024-09-05T13:03:27.052+0000] {dagbag.py:538} INFO - Filling up the DagBag from /opt/airflow/dags/welcome_dag.py
[2024-09-05T13:03:27.068+0000] {processor.py:840} INFO - DAG(s) 'Hello_dag' retrieved from /opt/airflow/dags/welcome_dag.py
[2024-09-05T13:03:27.088+0000] {logging_mixin.py:188} INFO - [2024-09-05T13:03:27.088+0000] {dag.py:3036} INFO - Sync 1 DAGs
[2024-09-05T13:03:27.113+0000] {logging_mixin.py:188} INFO - [2024-09-05T13:03:27.113+0000] {dag.py:3823} INFO - Setting next_dagrun for Hello_dag to 2024-09-04 23:00:00+00:00, run_after=2024-09-05 23:00:00+00:00
[2024-09-05T13:03:27.136+0000] {processor.py:183} INFO - Processing /opt/airflow/dags/welcome_dag.py took 0.089 seconds
[2024-09-05T13:03:57.183+0000] {processor.py:161} INFO - Started process (PID=2142) to work on /opt/airflow/dags/welcome_dag.py
[2024-09-05T13:03:57.184+0000] {processor.py:830} INFO - Processing file /opt/airflow/dags/welcome_dag.py for tasks to queue
[2024-09-05T13:03:57.184+0000] {logging_mixin.py:188} INFO - [2024-09-05T13:03:57.184+0000] {dagbag.py:538} INFO - Filling up the DagBag from /opt/airflow/dags/welcome_dag.py
[2024-09-05T13:03:57.200+0000] {processor.py:840} INFO - DAG(s) 'Hello_dag' retrieved from /opt/airflow/dags/welcome_dag.py
[2024-09-05T13:03:57.218+0000] {logging_mixin.py:188} INFO - [2024-09-05T13:03:57.218+0000] {dag.py:3036} INFO - Sync 1 DAGs
[2024-09-05T13:03:57.241+0000] {logging_mixin.py:188} INFO - [2024-09-05T13:03:57.241+0000] {dag.py:3823} INFO - Setting next_dagrun for Hello_dag to 2024-09-04 23:00:00+00:00, run_after=2024-09-05 23:00:00+00:00
[2024-09-05T13:03:57.263+0000] {processor.py:183} INFO - Processing /opt/airflow/dags/welcome_dag.py took 0.085 seconds
[2024-09-05T13:04:27.433+0000] {processor.py:161} INFO - Started process (PID=2198) to work on /opt/airflow/dags/welcome_dag.py
[2024-09-05T13:04:27.434+0000] {processor.py:830} INFO - Processing file /opt/airflow/dags/welcome_dag.py for tasks to queue
[2024-09-05T13:04:27.436+0000] {logging_mixin.py:188} INFO - [2024-09-05T13:04:27.436+0000] {dagbag.py:538} INFO - Filling up the DagBag from /opt/airflow/dags/welcome_dag.py
[2024-09-05T13:04:27.484+0000] {processor.py:840} INFO - DAG(s) 'Hello_dag' retrieved from /opt/airflow/dags/welcome_dag.py
[2024-09-05T13:04:27.526+0000] {logging_mixin.py:188} INFO - [2024-09-05T13:04:27.526+0000] {dag.py:3036} INFO - Sync 1 DAGs
[2024-09-05T13:04:27.574+0000] {logging_mixin.py:188} INFO - [2024-09-05T13:04:27.574+0000] {dag.py:3823} INFO - Setting next_dagrun for Hello_dag to 2024-09-04 23:00:00+00:00, run_after=2024-09-05 23:00:00+00:00
[2024-09-05T13:04:27.616+0000] {processor.py:183} INFO - Processing /opt/airflow/dags/welcome_dag.py took 0.189 seconds
[2024-09-05T13:06:18.198+0000] {processor.py:161} INFO - Started process (PID=35) to work on /opt/airflow/dags/welcome_dag.py
[2024-09-05T13:06:18.202+0000] {processor.py:830} INFO - Processing file /opt/airflow/dags/welcome_dag.py for tasks to queue
[2024-09-05T13:06:18.205+0000] {logging_mixin.py:188} INFO - [2024-09-05T13:06:18.205+0000] {dagbag.py:538} INFO - Filling up the DagBag from /opt/airflow/dags/welcome_dag.py
[2024-09-05T13:06:18.281+0000] {processor.py:840} INFO - DAG(s) 'Hello_dag' retrieved from /opt/airflow/dags/welcome_dag.py
[2024-09-05T13:06:18.518+0000] {logging_mixin.py:188} INFO - [2024-09-05T13:06:18.518+0000] {dag.py:3036} INFO - Sync 1 DAGs
[2024-09-05T13:06:18.561+0000] {logging_mixin.py:188} INFO - [2024-09-05T13:06:18.560+0000] {dag.py:3823} INFO - Setting next_dagrun for Hello_dag to 2024-09-04 23:00:00+00:00, run_after=2024-09-05 23:00:00+00:00
[2024-09-05T13:06:18.599+0000] {processor.py:183} INFO - Processing /opt/airflow/dags/welcome_dag.py took 0.417 seconds
[2024-09-05T13:06:48.694+0000] {processor.py:161} INFO - Started process (PID=93) to work on /opt/airflow/dags/welcome_dag.py
[2024-09-05T13:06:48.695+0000] {processor.py:830} INFO - Processing file /opt/airflow/dags/welcome_dag.py for tasks to queue
[2024-09-05T13:06:48.696+0000] {logging_mixin.py:188} INFO - [2024-09-05T13:06:48.696+0000] {dagbag.py:538} INFO - Filling up the DagBag from /opt/airflow/dags/welcome_dag.py
[2024-09-05T13:06:48.713+0000] {processor.py:840} INFO - DAG(s) 'Hello_dag' retrieved from /opt/airflow/dags/welcome_dag.py
[2024-09-05T13:06:48.734+0000] {logging_mixin.py:188} INFO - [2024-09-05T13:06:48.734+0000] {dag.py:3036} INFO - Sync 1 DAGs
[2024-09-05T13:06:48.776+0000] {logging_mixin.py:188} INFO - [2024-09-05T13:06:48.776+0000] {dag.py:3823} INFO - Setting next_dagrun for Hello_dag to 2024-09-04 23:00:00+00:00, run_after=2024-09-05 23:00:00+00:00
[2024-09-05T13:06:48.797+0000] {processor.py:183} INFO - Processing /opt/airflow/dags/welcome_dag.py took 0.106 seconds
[2024-09-05T13:07:19.203+0000] {processor.py:161} INFO - Started process (PID=149) to work on /opt/airflow/dags/welcome_dag.py
[2024-09-05T13:07:19.203+0000] {processor.py:830} INFO - Processing file /opt/airflow/dags/welcome_dag.py for tasks to queue
[2024-09-05T13:07:19.205+0000] {logging_mixin.py:188} INFO - [2024-09-05T13:07:19.204+0000] {dagbag.py:538} INFO - Filling up the DagBag from /opt/airflow/dags/welcome_dag.py
[2024-09-05T13:07:19.226+0000] {processor.py:840} INFO - DAG(s) 'Hello_dag' retrieved from /opt/airflow/dags/welcome_dag.py
[2024-09-05T13:07:19.253+0000] {logging_mixin.py:188} INFO - [2024-09-05T13:07:19.253+0000] {dag.py:3036} INFO - Sync 1 DAGs
[2024-09-05T13:07:19.281+0000] {logging_mixin.py:188} INFO - [2024-09-05T13:07:19.281+0000] {dag.py:3823} INFO - Setting next_dagrun for Hello_dag to 2024-09-04 23:00:00+00:00, run_after=2024-09-05 23:00:00+00:00
[2024-09-05T13:07:19.304+0000] {processor.py:183} INFO - Processing /opt/airflow/dags/welcome_dag.py took 0.107 seconds
[2024-09-05T13:07:49.869+0000] {processor.py:161} INFO - Started process (PID=206) to work on /opt/airflow/dags/welcome_dag.py
[2024-09-05T13:07:49.870+0000] {processor.py:830} INFO - Processing file /opt/airflow/dags/welcome_dag.py for tasks to queue
[2024-09-05T13:07:49.871+0000] {logging_mixin.py:188} INFO - [2024-09-05T13:07:49.871+0000] {dagbag.py:538} INFO - Filling up the DagBag from /opt/airflow/dags/welcome_dag.py
[2024-09-05T13:07:49.888+0000] {processor.py:840} INFO - DAG(s) 'Hello_dag' retrieved from /opt/airflow/dags/welcome_dag.py
[2024-09-05T13:07:49.910+0000] {logging_mixin.py:188} INFO - [2024-09-05T13:07:49.909+0000] {dag.py:3036} INFO - Sync 1 DAGs
[2024-09-05T13:07:49.938+0000] {logging_mixin.py:188} INFO - [2024-09-05T13:07:49.938+0000] {dag.py:3823} INFO - Setting next_dagrun for Hello_dag to 2024-09-04 23:00:00+00:00, run_after=2024-09-05 23:00:00+00:00
[2024-09-05T13:07:49.958+0000] {processor.py:183} INFO - Processing /opt/airflow/dags/welcome_dag.py took 0.093 seconds
[2024-09-05T13:08:20.062+0000] {processor.py:161} INFO - Started process (PID=263) to work on /opt/airflow/dags/welcome_dag.py
[2024-09-05T13:08:20.063+0000] {processor.py:830} INFO - Processing file /opt/airflow/dags/welcome_dag.py for tasks to queue
[2024-09-05T13:08:20.064+0000] {logging_mixin.py:188} INFO - [2024-09-05T13:08:20.064+0000] {dagbag.py:538} INFO - Filling up the DagBag from /opt/airflow/dags/welcome_dag.py
[2024-09-05T13:08:20.086+0000] {processor.py:840} INFO - DAG(s) 'Hello_dag' retrieved from /opt/airflow/dags/welcome_dag.py
[2024-09-05T13:08:20.121+0000] {logging_mixin.py:188} INFO - [2024-09-05T13:08:20.120+0000] {dag.py:3036} INFO - Sync 1 DAGs
[2024-09-05T13:08:20.183+0000] {logging_mixin.py:188} INFO - [2024-09-05T13:08:20.182+0000] {dag.py:3823} INFO - Setting next_dagrun for Hello_dag to 2024-09-04 23:00:00+00:00, run_after=2024-09-05 23:00:00+00:00
[2024-09-05T13:08:20.224+0000] {processor.py:183} INFO - Processing /opt/airflow/dags/welcome_dag.py took 0.166 seconds
[2024-09-05T13:08:50.414+0000] {processor.py:161} INFO - Started process (PID=320) to work on /opt/airflow/dags/welcome_dag.py
[2024-09-05T13:08:50.416+0000] {processor.py:830} INFO - Processing file /opt/airflow/dags/welcome_dag.py for tasks to queue
[2024-09-05T13:08:50.418+0000] {logging_mixin.py:188} INFO - [2024-09-05T13:08:50.417+0000] {dagbag.py:538} INFO - Filling up the DagBag from /opt/airflow/dags/welcome_dag.py
[2024-09-05T13:08:50.452+0000] {processor.py:840} INFO - DAG(s) 'Hello_dag' retrieved from /opt/airflow/dags/welcome_dag.py
[2024-09-05T13:08:50.488+0000] {logging_mixin.py:188} INFO - [2024-09-05T13:08:50.488+0000] {dag.py:3036} INFO - Sync 1 DAGs
[2024-09-05T13:08:50.524+0000] {logging_mixin.py:188} INFO - [2024-09-05T13:08:50.523+0000] {dag.py:3823} INFO - Setting next_dagrun for Hello_dag to 2024-09-04 23:00:00+00:00, run_after=2024-09-05 23:00:00+00:00
[2024-09-05T13:08:50.551+0000] {processor.py:183} INFO - Processing /opt/airflow/dags/welcome_dag.py took 0.145 seconds
[2024-09-05T13:09:21.400+0000] {processor.py:161} INFO - Started process (PID=379) to work on /opt/airflow/dags/welcome_dag.py
[2024-09-05T13:09:21.401+0000] {processor.py:830} INFO - Processing file /opt/airflow/dags/welcome_dag.py for tasks to queue
[2024-09-05T13:09:21.403+0000] {logging_mixin.py:188} INFO - [2024-09-05T13:09:21.402+0000] {dagbag.py:538} INFO - Filling up the DagBag from /opt/airflow/dags/welcome_dag.py
[2024-09-05T13:09:21.426+0000] {processor.py:840} INFO - DAG(s) 'Hello_dag' retrieved from /opt/airflow/dags/welcome_dag.py
[2024-09-05T13:09:21.453+0000] {logging_mixin.py:188} INFO - [2024-09-05T13:09:21.453+0000] {dag.py:3036} INFO - Sync 1 DAGs
[2024-09-05T13:09:21.488+0000] {logging_mixin.py:188} INFO - [2024-09-05T13:09:21.488+0000] {dag.py:3823} INFO - Setting next_dagrun for Hello_dag to 2024-09-04 23:00:00+00:00, run_after=2024-09-05 23:00:00+00:00
[2024-09-05T13:09:21.529+0000] {processor.py:183} INFO - Processing /opt/airflow/dags/welcome_dag.py took 0.136 seconds
[2024-09-05T13:09:51.878+0000] {processor.py:161} INFO - Started process (PID=436) to work on /opt/airflow/dags/welcome_dag.py
[2024-09-05T13:09:51.879+0000] {processor.py:830} INFO - Processing file /opt/airflow/dags/welcome_dag.py for tasks to queue
[2024-09-05T13:09:51.880+0000] {logging_mixin.py:188} INFO - [2024-09-05T13:09:51.880+0000] {dagbag.py:538} INFO - Filling up the DagBag from /opt/airflow/dags/welcome_dag.py
[2024-09-05T13:09:51.902+0000] {processor.py:840} INFO - DAG(s) 'Hello_dag' retrieved from /opt/airflow/dags/welcome_dag.py
[2024-09-05T13:09:51.925+0000] {logging_mixin.py:188} INFO - [2024-09-05T13:09:51.925+0000] {dag.py:3036} INFO - Sync 1 DAGs
[2024-09-05T13:09:51.951+0000] {logging_mixin.py:188} INFO - [2024-09-05T13:09:51.951+0000] {dag.py:3823} INFO - Setting next_dagrun for Hello_dag to 2024-09-04 23:00:00+00:00, run_after=2024-09-05 23:00:00+00:00
[2024-09-05T13:09:51.996+0000] {processor.py:183} INFO - Processing /opt/airflow/dags/welcome_dag.py took 0.123 seconds
[2024-09-05T13:10:22.329+0000] {processor.py:161} INFO - Started process (PID=495) to work on /opt/airflow/dags/welcome_dag.py
[2024-09-05T13:10:22.330+0000] {processor.py:830} INFO - Processing file /opt/airflow/dags/welcome_dag.py for tasks to queue
[2024-09-05T13:10:22.331+0000] {logging_mixin.py:188} INFO - [2024-09-05T13:10:22.331+0000] {dagbag.py:538} INFO - Filling up the DagBag from /opt/airflow/dags/welcome_dag.py
[2024-09-05T13:10:22.348+0000] {processor.py:840} INFO - DAG(s) 'Hello_dag' retrieved from /opt/airflow/dags/welcome_dag.py
[2024-09-05T13:10:22.369+0000] {logging_mixin.py:188} INFO - [2024-09-05T13:10:22.369+0000] {dag.py:3036} INFO - Sync 1 DAGs
[2024-09-05T13:10:22.395+0000] {logging_mixin.py:188} INFO - [2024-09-05T13:10:22.395+0000] {dag.py:3823} INFO - Setting next_dagrun for Hello_dag to 2024-09-04 23:00:00+00:00, run_after=2024-09-05 23:00:00+00:00
[2024-09-05T13:10:22.428+0000] {processor.py:183} INFO - Processing /opt/airflow/dags/welcome_dag.py took 0.103 seconds
[2024-09-05T13:10:52.516+0000] {processor.py:161} INFO - Started process (PID=552) to work on /opt/airflow/dags/welcome_dag.py
[2024-09-05T13:10:52.517+0000] {processor.py:830} INFO - Processing file /opt/airflow/dags/welcome_dag.py for tasks to queue
[2024-09-05T13:10:52.518+0000] {logging_mixin.py:188} INFO - [2024-09-05T13:10:52.518+0000] {dagbag.py:538} INFO - Filling up the DagBag from /opt/airflow/dags/welcome_dag.py
[2024-09-05T13:10:52.536+0000] {processor.py:840} INFO - DAG(s) 'Hello_dag' retrieved from /opt/airflow/dags/welcome_dag.py
[2024-09-05T13:10:52.558+0000] {logging_mixin.py:188} INFO - [2024-09-05T13:10:52.557+0000] {dag.py:3036} INFO - Sync 1 DAGs
[2024-09-05T13:10:52.585+0000] {logging_mixin.py:188} INFO - [2024-09-05T13:10:52.585+0000] {dag.py:3823} INFO - Setting next_dagrun for Hello_dag to 2024-09-04 23:00:00+00:00, run_after=2024-09-05 23:00:00+00:00
[2024-09-05T13:10:52.609+0000] {processor.py:183} INFO - Processing /opt/airflow/dags/welcome_dag.py took 0.097 seconds
[2024-09-05T13:11:23.205+0000] {processor.py:161} INFO - Started process (PID=609) to work on /opt/airflow/dags/welcome_dag.py
[2024-09-05T13:11:23.206+0000] {processor.py:830} INFO - Processing file /opt/airflow/dags/welcome_dag.py for tasks to queue
[2024-09-05T13:11:23.207+0000] {logging_mixin.py:188} INFO - [2024-09-05T13:11:23.207+0000] {dagbag.py:538} INFO - Filling up the DagBag from /opt/airflow/dags/welcome_dag.py
[2024-09-05T13:11:23.227+0000] {processor.py:840} INFO - DAG(s) 'Hello_dag' retrieved from /opt/airflow/dags/welcome_dag.py
[2024-09-05T13:11:23.249+0000] {logging_mixin.py:188} INFO - [2024-09-05T13:11:23.249+0000] {dag.py:3036} INFO - Sync 1 DAGs
[2024-09-05T13:11:23.275+0000] {logging_mixin.py:188} INFO - [2024-09-05T13:11:23.275+0000] {dag.py:3823} INFO - Setting next_dagrun for Hello_dag to 2024-09-04 23:00:00+00:00, run_after=2024-09-05 23:00:00+00:00
[2024-09-05T13:11:23.300+0000] {processor.py:183} INFO - Processing /opt/airflow/dags/welcome_dag.py took 0.101 seconds
[2024-09-05T13:11:53.669+0000] {processor.py:161} INFO - Started process (PID=667) to work on /opt/airflow/dags/welcome_dag.py
[2024-09-05T13:11:53.669+0000] {processor.py:830} INFO - Processing file /opt/airflow/dags/welcome_dag.py for tasks to queue
[2024-09-05T13:11:53.670+0000] {logging_mixin.py:188} INFO - [2024-09-05T13:11:53.670+0000] {dagbag.py:538} INFO - Filling up the DagBag from /opt/airflow/dags/welcome_dag.py
[2024-09-05T13:11:53.688+0000] {processor.py:840} INFO - DAG(s) 'Hello_dag' retrieved from /opt/airflow/dags/welcome_dag.py
[2024-09-05T13:11:53.711+0000] {logging_mixin.py:188} INFO - [2024-09-05T13:11:53.710+0000] {dag.py:3036} INFO - Sync 1 DAGs
[2024-09-05T13:11:53.735+0000] {logging_mixin.py:188} INFO - [2024-09-05T13:11:53.735+0000] {dag.py:3823} INFO - Setting next_dagrun for Hello_dag to 2024-09-04 23:00:00+00:00, run_after=2024-09-05 23:00:00+00:00
[2024-09-05T13:11:53.761+0000] {processor.py:183} INFO - Processing /opt/airflow/dags/welcome_dag.py took 0.096 seconds
[2024-09-05T13:12:24.094+0000] {processor.py:161} INFO - Started process (PID=724) to work on /opt/airflow/dags/welcome_dag.py
[2024-09-05T13:12:24.095+0000] {processor.py:830} INFO - Processing file /opt/airflow/dags/welcome_dag.py for tasks to queue
[2024-09-05T13:12:24.097+0000] {logging_mixin.py:188} INFO - [2024-09-05T13:12:24.096+0000] {dagbag.py:538} INFO - Filling up the DagBag from /opt/airflow/dags/welcome_dag.py
[2024-09-05T13:12:24.115+0000] {processor.py:840} INFO - DAG(s) 'Hello_dag' retrieved from /opt/airflow/dags/welcome_dag.py
[2024-09-05T13:12:24.135+0000] {logging_mixin.py:188} INFO - [2024-09-05T13:12:24.135+0000] {dag.py:3036} INFO - Sync 1 DAGs
[2024-09-05T13:12:24.159+0000] {logging_mixin.py:188} INFO - [2024-09-05T13:12:24.158+0000] {dag.py:3823} INFO - Setting next_dagrun for Hello_dag to 2024-09-04 23:00:00+00:00, run_after=2024-09-05 23:00:00+00:00
[2024-09-05T13:12:24.183+0000] {processor.py:183} INFO - Processing /opt/airflow/dags/welcome_dag.py took 0.092 seconds
[2024-09-05T13:12:54.586+0000] {processor.py:161} INFO - Started process (PID=781) to work on /opt/airflow/dags/welcome_dag.py
[2024-09-05T13:12:54.587+0000] {processor.py:830} INFO - Processing file /opt/airflow/dags/welcome_dag.py for tasks to queue
[2024-09-05T13:12:54.588+0000] {logging_mixin.py:188} INFO - [2024-09-05T13:12:54.587+0000] {dagbag.py:538} INFO - Filling up the DagBag from /opt/airflow/dags/welcome_dag.py
[2024-09-05T13:12:54.608+0000] {processor.py:840} INFO - DAG(s) 'Hello_dag' retrieved from /opt/airflow/dags/welcome_dag.py
[2024-09-05T13:12:54.629+0000] {logging_mixin.py:188} INFO - [2024-09-05T13:12:54.629+0000] {dag.py:3036} INFO - Sync 1 DAGs
[2024-09-05T13:12:54.657+0000] {logging_mixin.py:188} INFO - [2024-09-05T13:12:54.656+0000] {dag.py:3823} INFO - Setting next_dagrun for Hello_dag to 2024-09-04 23:00:00+00:00, run_after=2024-09-05 23:00:00+00:00
[2024-09-05T13:12:54.683+0000] {processor.py:183} INFO - Processing /opt/airflow/dags/welcome_dag.py took 0.103 seconds
[2024-09-05T13:13:25.070+0000] {processor.py:161} INFO - Started process (PID=838) to work on /opt/airflow/dags/welcome_dag.py
[2024-09-05T13:13:25.070+0000] {processor.py:830} INFO - Processing file /opt/airflow/dags/welcome_dag.py for tasks to queue
[2024-09-05T13:13:25.071+0000] {logging_mixin.py:188} INFO - [2024-09-05T13:13:25.071+0000] {dagbag.py:538} INFO - Filling up the DagBag from /opt/airflow/dags/welcome_dag.py
[2024-09-05T13:13:25.087+0000] {processor.py:840} INFO - DAG(s) 'Hello_dag' retrieved from /opt/airflow/dags/welcome_dag.py
[2024-09-05T13:13:25.107+0000] {logging_mixin.py:188} INFO - [2024-09-05T13:13:25.106+0000] {dag.py:3036} INFO - Sync 1 DAGs
[2024-09-05T13:13:25.133+0000] {logging_mixin.py:188} INFO - [2024-09-05T13:13:25.133+0000] {dag.py:3823} INFO - Setting next_dagrun for Hello_dag to 2024-09-04 23:00:00+00:00, run_after=2024-09-05 23:00:00+00:00
[2024-09-05T13:13:25.157+0000] {processor.py:183} INFO - Processing /opt/airflow/dags/welcome_dag.py took 0.091 seconds
[2024-09-05T13:13:55.503+0000] {processor.py:161} INFO - Started process (PID=895) to work on /opt/airflow/dags/welcome_dag.py
[2024-09-05T13:13:55.504+0000] {processor.py:830} INFO - Processing file /opt/airflow/dags/welcome_dag.py for tasks to queue
[2024-09-05T13:13:55.504+0000] {logging_mixin.py:188} INFO - [2024-09-05T13:13:55.504+0000] {dagbag.py:538} INFO - Filling up the DagBag from /opt/airflow/dags/welcome_dag.py
[2024-09-05T13:13:55.520+0000] {processor.py:840} INFO - DAG(s) 'Hello_dag' retrieved from /opt/airflow/dags/welcome_dag.py
[2024-09-05T13:13:55.540+0000] {logging_mixin.py:188} INFO - [2024-09-05T13:13:55.539+0000] {dag.py:3036} INFO - Sync 1 DAGs
[2024-09-05T13:13:55.566+0000] {logging_mixin.py:188} INFO - [2024-09-05T13:13:55.566+0000] {dag.py:3823} INFO - Setting next_dagrun for Hello_dag to 2024-09-04 23:00:00+00:00, run_after=2024-09-05 23:00:00+00:00
[2024-09-05T13:13:55.587+0000] {processor.py:183} INFO - Processing /opt/airflow/dags/welcome_dag.py took 0.087 seconds
[2024-09-05T13:14:26.102+0000] {processor.py:161} INFO - Started process (PID=952) to work on /opt/airflow/dags/welcome_dag.py
[2024-09-05T13:14:26.103+0000] {processor.py:830} INFO - Processing file /opt/airflow/dags/welcome_dag.py for tasks to queue
[2024-09-05T13:14:26.104+0000] {logging_mixin.py:188} INFO - [2024-09-05T13:14:26.103+0000] {dagbag.py:538} INFO - Filling up the DagBag from /opt/airflow/dags/welcome_dag.py
[2024-09-05T13:14:26.122+0000] {processor.py:840} INFO - DAG(s) 'Hello_dag' retrieved from /opt/airflow/dags/welcome_dag.py
[2024-09-05T13:14:26.143+0000] {logging_mixin.py:188} INFO - [2024-09-05T13:14:26.142+0000] {dag.py:3036} INFO - Sync 1 DAGs
[2024-09-05T13:14:26.172+0000] {logging_mixin.py:188} INFO - [2024-09-05T13:14:26.171+0000] {dag.py:3823} INFO - Setting next_dagrun for Hello_dag to 2024-09-04 23:00:00+00:00, run_after=2024-09-05 23:00:00+00:00
[2024-09-05T13:14:26.195+0000] {processor.py:183} INFO - Processing /opt/airflow/dags/welcome_dag.py took 0.098 seconds
[2024-09-05T13:14:56.334+0000] {processor.py:161} INFO - Started process (PID=1010) to work on /opt/airflow/dags/welcome_dag.py
[2024-09-05T13:14:56.335+0000] {processor.py:830} INFO - Processing file /opt/airflow/dags/welcome_dag.py for tasks to queue
[2024-09-05T13:14:56.336+0000] {logging_mixin.py:188} INFO - [2024-09-05T13:14:56.336+0000] {dagbag.py:538} INFO - Filling up the DagBag from /opt/airflow/dags/welcome_dag.py
[2024-09-05T13:14:56.368+0000] {processor.py:840} INFO - DAG(s) 'Hello_dag' retrieved from /opt/airflow/dags/welcome_dag.py
[2024-09-05T13:14:56.411+0000] {logging_mixin.py:188} INFO - [2024-09-05T13:14:56.410+0000] {dag.py:3036} INFO - Sync 1 DAGs
[2024-09-05T13:14:56.449+0000] {logging_mixin.py:188} INFO - [2024-09-05T13:14:56.449+0000] {dag.py:3823} INFO - Setting next_dagrun for Hello_dag to 2024-09-04 23:00:00+00:00, run_after=2024-09-05 23:00:00+00:00
[2024-09-05T13:14:56.485+0000] {processor.py:183} INFO - Processing /opt/airflow/dags/welcome_dag.py took 0.156 seconds
[2024-09-05T13:15:27.026+0000] {processor.py:161} INFO - Started process (PID=1067) to work on /opt/airflow/dags/welcome_dag.py
[2024-09-05T13:15:27.027+0000] {processor.py:830} INFO - Processing file /opt/airflow/dags/welcome_dag.py for tasks to queue
[2024-09-05T13:15:27.029+0000] {logging_mixin.py:188} INFO - [2024-09-05T13:15:27.028+0000] {dagbag.py:538} INFO - Filling up the DagBag from /opt/airflow/dags/welcome_dag.py
[2024-09-05T13:15:27.055+0000] {processor.py:840} INFO - DAG(s) 'Hello_dag' retrieved from /opt/airflow/dags/welcome_dag.py
[2024-09-05T13:15:27.088+0000] {logging_mixin.py:188} INFO - [2024-09-05T13:15:27.087+0000] {dag.py:3036} INFO - Sync 1 DAGs
[2024-09-05T13:15:27.118+0000] {logging_mixin.py:188} INFO - [2024-09-05T13:15:27.118+0000] {dag.py:3823} INFO - Setting next_dagrun for Hello_dag to 2024-09-04 23:00:00+00:00, run_after=2024-09-05 23:00:00+00:00
[2024-09-05T13:15:27.145+0000] {processor.py:183} INFO - Processing /opt/airflow/dags/welcome_dag.py took 0.126 seconds
[2024-09-05T13:15:57.263+0000] {processor.py:161} INFO - Started process (PID=1127) to work on /opt/airflow/dags/welcome_dag.py
[2024-09-05T13:15:57.263+0000] {processor.py:830} INFO - Processing file /opt/airflow/dags/welcome_dag.py for tasks to queue
[2024-09-05T13:15:57.264+0000] {logging_mixin.py:188} INFO - [2024-09-05T13:15:57.264+0000] {dagbag.py:538} INFO - Filling up the DagBag from /opt/airflow/dags/welcome_dag.py
[2024-09-05T13:15:57.285+0000] {processor.py:840} INFO - DAG(s) 'Hello_dag' retrieved from /opt/airflow/dags/welcome_dag.py
[2024-09-05T13:15:57.306+0000] {logging_mixin.py:188} INFO - [2024-09-05T13:15:57.305+0000] {dag.py:3036} INFO - Sync 1 DAGs
[2024-09-05T13:15:57.334+0000] {logging_mixin.py:188} INFO - [2024-09-05T13:15:57.334+0000] {dag.py:3823} INFO - Setting next_dagrun for Hello_dag to 2024-09-04 23:00:00+00:00, run_after=2024-09-05 23:00:00+00:00
[2024-09-05T13:15:57.359+0000] {processor.py:183} INFO - Processing /opt/airflow/dags/welcome_dag.py took 0.100 seconds
[2024-09-05T13:16:27.515+0000] {processor.py:161} INFO - Started process (PID=1186) to work on /opt/airflow/dags/welcome_dag.py
[2024-09-05T13:16:27.515+0000] {processor.py:830} INFO - Processing file /opt/airflow/dags/welcome_dag.py for tasks to queue
[2024-09-05T13:16:27.516+0000] {logging_mixin.py:188} INFO - [2024-09-05T13:16:27.516+0000] {dagbag.py:538} INFO - Filling up the DagBag from /opt/airflow/dags/welcome_dag.py
[2024-09-05T13:16:27.532+0000] {processor.py:840} INFO - DAG(s) 'Hello_dag' retrieved from /opt/airflow/dags/welcome_dag.py
[2024-09-05T13:16:27.551+0000] {logging_mixin.py:188} INFO - [2024-09-05T13:16:27.551+0000] {dag.py:3036} INFO - Sync 1 DAGs
[2024-09-05T13:16:27.578+0000] {logging_mixin.py:188} INFO - [2024-09-05T13:16:27.577+0000] {dag.py:3823} INFO - Setting next_dagrun for Hello_dag to 2024-09-04 23:00:00+00:00, run_after=2024-09-05 23:00:00+00:00
[2024-09-05T13:16:27.602+0000] {processor.py:183} INFO - Processing /opt/airflow/dags/welcome_dag.py took 0.091 seconds
[2024-09-05T13:16:58.140+0000] {processor.py:161} INFO - Started process (PID=1243) to work on /opt/airflow/dags/welcome_dag.py
[2024-09-05T13:16:58.143+0000] {processor.py:830} INFO - Processing file /opt/airflow/dags/welcome_dag.py for tasks to queue
[2024-09-05T13:16:58.144+0000] {logging_mixin.py:188} INFO - [2024-09-05T13:16:58.144+0000] {dagbag.py:538} INFO - Filling up the DagBag from /opt/airflow/dags/welcome_dag.py
[2024-09-05T13:16:58.170+0000] {processor.py:840} INFO - DAG(s) 'Hello_dag' retrieved from /opt/airflow/dags/welcome_dag.py
[2024-09-05T13:16:58.205+0000] {logging_mixin.py:188} INFO - [2024-09-05T13:16:58.204+0000] {dag.py:3036} INFO - Sync 1 DAGs
[2024-09-05T13:16:58.235+0000] {logging_mixin.py:188} INFO - [2024-09-05T13:16:58.235+0000] {dag.py:3823} INFO - Setting next_dagrun for Hello_dag to 2024-09-04 23:00:00+00:00, run_after=2024-09-05 23:00:00+00:00
[2024-09-05T13:16:58.268+0000] {processor.py:183} INFO - Processing /opt/airflow/dags/welcome_dag.py took 0.133 seconds
[2024-09-05T13:17:28.796+0000] {processor.py:161} INFO - Started process (PID=1300) to work on /opt/airflow/dags/welcome_dag.py
[2024-09-05T13:17:28.798+0000] {processor.py:830} INFO - Processing file /opt/airflow/dags/welcome_dag.py for tasks to queue
[2024-09-05T13:17:28.799+0000] {logging_mixin.py:188} INFO - [2024-09-05T13:17:28.799+0000] {dagbag.py:538} INFO - Filling up the DagBag from /opt/airflow/dags/welcome_dag.py
[2024-09-05T13:17:28.817+0000] {processor.py:840} INFO - DAG(s) 'Hello_dag' retrieved from /opt/airflow/dags/welcome_dag.py
[2024-09-05T13:17:28.840+0000] {logging_mixin.py:188} INFO - [2024-09-05T13:17:28.840+0000] {dag.py:3036} INFO - Sync 1 DAGs
[2024-09-05T13:17:28.867+0000] {logging_mixin.py:188} INFO - [2024-09-05T13:17:28.866+0000] {dag.py:3823} INFO - Setting next_dagrun for Hello_dag to 2024-09-04 23:00:00+00:00, run_after=2024-09-05 23:00:00+00:00
[2024-09-05T13:17:28.891+0000] {processor.py:183} INFO - Processing /opt/airflow/dags/welcome_dag.py took 0.099 seconds
[2024-09-05T13:17:59.485+0000] {processor.py:161} INFO - Started process (PID=1357) to work on /opt/airflow/dags/welcome_dag.py
[2024-09-05T13:17:59.486+0000] {processor.py:830} INFO - Processing file /opt/airflow/dags/welcome_dag.py for tasks to queue
[2024-09-05T13:17:59.487+0000] {logging_mixin.py:188} INFO - [2024-09-05T13:17:59.486+0000] {dagbag.py:538} INFO - Filling up the DagBag from /opt/airflow/dags/welcome_dag.py
[2024-09-05T13:17:59.511+0000] {processor.py:840} INFO - DAG(s) 'Hello_dag' retrieved from /opt/airflow/dags/welcome_dag.py
[2024-09-05T13:17:59.540+0000] {logging_mixin.py:188} INFO - [2024-09-05T13:17:59.539+0000] {dag.py:3036} INFO - Sync 1 DAGs
[2024-09-05T13:17:59.573+0000] {logging_mixin.py:188} INFO - [2024-09-05T13:17:59.573+0000] {dag.py:3823} INFO - Setting next_dagrun for Hello_dag to 2024-09-04 23:00:00+00:00, run_after=2024-09-05 23:00:00+00:00
[2024-09-05T13:17:59.604+0000] {processor.py:183} INFO - Processing /opt/airflow/dags/welcome_dag.py took 0.124 seconds
[2024-09-05T13:18:30.098+0000] {processor.py:161} INFO - Started process (PID=1414) to work on /opt/airflow/dags/welcome_dag.py
[2024-09-05T13:18:30.099+0000] {processor.py:830} INFO - Processing file /opt/airflow/dags/welcome_dag.py for tasks to queue
[2024-09-05T13:18:30.100+0000] {logging_mixin.py:188} INFO - [2024-09-05T13:18:30.100+0000] {dagbag.py:538} INFO - Filling up the DagBag from /opt/airflow/dags/welcome_dag.py
[2024-09-05T13:18:30.118+0000] {processor.py:840} INFO - DAG(s) 'Hello_dag' retrieved from /opt/airflow/dags/welcome_dag.py
[2024-09-05T13:18:30.140+0000] {logging_mixin.py:188} INFO - [2024-09-05T13:18:30.139+0000] {dag.py:3036} INFO - Sync 1 DAGs
[2024-09-05T13:18:30.165+0000] {logging_mixin.py:188} INFO - [2024-09-05T13:18:30.164+0000] {dag.py:3823} INFO - Setting next_dagrun for Hello_dag to 2024-09-04 23:00:00+00:00, run_after=2024-09-05 23:00:00+00:00
[2024-09-05T13:18:30.189+0000] {processor.py:183} INFO - Processing /opt/airflow/dags/welcome_dag.py took 0.097 seconds
[2024-09-05T13:19:00.693+0000] {processor.py:161} INFO - Started process (PID=1471) to work on /opt/airflow/dags/welcome_dag.py
[2024-09-05T13:19:00.694+0000] {processor.py:830} INFO - Processing file /opt/airflow/dags/welcome_dag.py for tasks to queue
[2024-09-05T13:19:00.700+0000] {logging_mixin.py:188} INFO - [2024-09-05T13:19:00.699+0000] {dagbag.py:538} INFO - Filling up the DagBag from /opt/airflow/dags/welcome_dag.py
[2024-09-05T13:19:00.772+0000] {processor.py:840} INFO - DAG(s) 'Hello_dag' retrieved from /opt/airflow/dags/welcome_dag.py
[2024-09-05T13:19:00.873+0000] {logging_mixin.py:188} INFO - [2024-09-05T13:19:00.873+0000] {dag.py:3036} INFO - Sync 1 DAGs
[2024-09-05T13:19:00.967+0000] {logging_mixin.py:188} INFO - [2024-09-05T13:19:00.966+0000] {dag.py:3823} INFO - Setting next_dagrun for Hello_dag to 2024-09-04 23:00:00+00:00, run_after=2024-09-05 23:00:00+00:00
[2024-09-05T13:19:01.050+0000] {processor.py:183} INFO - Processing /opt/airflow/dags/welcome_dag.py took 0.363 seconds
[2024-09-05T13:19:31.443+0000] {processor.py:161} INFO - Started process (PID=1528) to work on /opt/airflow/dags/welcome_dag.py
[2024-09-05T13:19:31.444+0000] {processor.py:830} INFO - Processing file /opt/airflow/dags/welcome_dag.py for tasks to queue
[2024-09-05T13:19:31.445+0000] {logging_mixin.py:188} INFO - [2024-09-05T13:19:31.445+0000] {dagbag.py:538} INFO - Filling up the DagBag from /opt/airflow/dags/welcome_dag.py
[2024-09-05T13:19:31.462+0000] {processor.py:840} INFO - DAG(s) 'Hello_dag' retrieved from /opt/airflow/dags/welcome_dag.py
[2024-09-05T13:19:31.497+0000] {logging_mixin.py:188} INFO - [2024-09-05T13:19:31.497+0000] {dag.py:3036} INFO - Sync 1 DAGs
[2024-09-05T13:19:31.543+0000] {logging_mixin.py:188} INFO - [2024-09-05T13:19:31.543+0000] {dag.py:3823} INFO - Setting next_dagrun for Hello_dag to 2024-09-04 23:00:00+00:00, run_after=2024-09-05 23:00:00+00:00
[2024-09-05T13:19:31.572+0000] {processor.py:183} INFO - Processing /opt/airflow/dags/welcome_dag.py took 0.132 seconds
[2024-09-05T13:20:01.858+0000] {processor.py:161} INFO - Started process (PID=1585) to work on /opt/airflow/dags/welcome_dag.py
[2024-09-05T13:20:01.858+0000] {processor.py:830} INFO - Processing file /opt/airflow/dags/welcome_dag.py for tasks to queue
[2024-09-05T13:20:01.859+0000] {logging_mixin.py:188} INFO - [2024-09-05T13:20:01.859+0000] {dagbag.py:538} INFO - Filling up the DagBag from /opt/airflow/dags/welcome_dag.py
[2024-09-05T13:20:01.874+0000] {processor.py:840} INFO - DAG(s) 'Hello_dag' retrieved from /opt/airflow/dags/welcome_dag.py
[2024-09-05T13:20:01.894+0000] {logging_mixin.py:188} INFO - [2024-09-05T13:20:01.894+0000] {dag.py:3036} INFO - Sync 1 DAGs
[2024-09-05T13:20:01.916+0000] {logging_mixin.py:188} INFO - [2024-09-05T13:20:01.916+0000] {dag.py:3823} INFO - Setting next_dagrun for Hello_dag to 2024-09-04 23:00:00+00:00, run_after=2024-09-05 23:00:00+00:00
[2024-09-05T13:20:01.941+0000] {processor.py:183} INFO - Processing /opt/airflow/dags/welcome_dag.py took 0.086 seconds
