[2024-09-04T20:11:44.301+0000] {processor.py:161} INFO - Started process (PID=35) to work on /opt/airflow/dags/welcome_dag.py
[2024-09-04T20:11:44.303+0000] {processor.py:830} INFO - Processing file /opt/airflow/dags/welcome_dag.py for tasks to queue
[2024-09-04T20:11:44.305+0000] {logging_mixin.py:188} INFO - [2024-09-04T20:11:44.304+0000] {dagbag.py:538} INFO - Filling up the DagBag from /opt/airflow/dags/welcome_dag.py
[2024-09-04T20:11:44.344+0000] {processor.py:840} INFO - DAG(s) 'welcome_dag' retrieved from /opt/airflow/dags/welcome_dag.py
[2024-09-04T20:11:44.592+0000] {logging_mixin.py:188} INFO - [2024-09-04T20:11:44.592+0000] {dag.py:3036} INFO - Sync 1 DAGs
[2024-09-04T20:11:44.628+0000] {logging_mixin.py:188} INFO - [2024-09-04T20:11:44.627+0000] {dag.py:3823} INFO - Setting next_dagrun for welcome_dag to 2024-09-03 23:00:00+00:00, run_after=2024-09-04 23:00:00+00:00
[2024-09-04T20:11:44.663+0000] {processor.py:183} INFO - Processing /opt/airflow/dags/welcome_dag.py took 0.367 seconds
[2024-09-04T20:12:14.749+0000] {processor.py:161} INFO - Started process (PID=91) to work on /opt/airflow/dags/welcome_dag.py
[2024-09-04T20:12:14.752+0000] {processor.py:830} INFO - Processing file /opt/airflow/dags/welcome_dag.py for tasks to queue
[2024-09-04T20:12:14.759+0000] {logging_mixin.py:188} INFO - [2024-09-04T20:12:14.758+0000] {dagbag.py:538} INFO - Filling up the DagBag from /opt/airflow/dags/welcome_dag.py
[2024-09-04T20:12:14.814+0000] {processor.py:840} INFO - DAG(s) 'welcome_dag' retrieved from /opt/airflow/dags/welcome_dag.py
[2024-09-04T20:12:14.924+0000] {logging_mixin.py:188} INFO - [2024-09-04T20:12:14.924+0000] {dag.py:3036} INFO - Sync 1 DAGs
[2024-09-04T20:12:15.128+0000] {logging_mixin.py:188} INFO - [2024-09-04T20:12:15.128+0000] {dag.py:3823} INFO - Setting next_dagrun for welcome_dag to 2024-09-03 23:00:00+00:00, run_after=2024-09-04 23:00:00+00:00
[2024-09-04T20:12:15.268+0000] {processor.py:183} INFO - Processing /opt/airflow/dags/welcome_dag.py took 0.527 seconds
[2024-09-04T20:12:45.648+0000] {processor.py:161} INFO - Started process (PID=147) to work on /opt/airflow/dags/welcome_dag.py
[2024-09-04T20:12:45.697+0000] {processor.py:830} INFO - Processing file /opt/airflow/dags/welcome_dag.py for tasks to queue
[2024-09-04T20:12:45.856+0000] {logging_mixin.py:188} INFO - [2024-09-04T20:12:45.797+0000] {dagbag.py:538} INFO - Filling up the DagBag from /opt/airflow/dags/welcome_dag.py
[2024-09-04T20:12:46.335+0000] {processor.py:840} INFO - DAG(s) 'welcome_dag' retrieved from /opt/airflow/dags/welcome_dag.py
[2024-09-04T20:12:46.768+0000] {logging_mixin.py:188} INFO - [2024-09-04T20:12:46.767+0000] {dag.py:3036} INFO - Sync 1 DAGs
[2024-09-04T20:12:47.202+0000] {logging_mixin.py:188} INFO - [2024-09-04T20:12:47.195+0000] {dag.py:3823} INFO - Setting next_dagrun for welcome_dag to 2024-09-03 23:00:00+00:00, run_after=2024-09-04 23:00:00+00:00
[2024-09-04T20:12:47.290+0000] {processor.py:183} INFO - Processing /opt/airflow/dags/welcome_dag.py took 1.698 seconds
[2024-09-04T20:43:32.573+0000] {processor.py:161} INFO - Started process (PID=34) to work on /opt/airflow/dags/welcome_dag.py
[2024-09-04T20:43:32.576+0000] {processor.py:830} INFO - Processing file /opt/airflow/dags/welcome_dag.py for tasks to queue
[2024-09-04T20:43:32.580+0000] {logging_mixin.py:188} INFO - [2024-09-04T20:43:32.579+0000] {dagbag.py:538} INFO - Filling up the DagBag from /opt/airflow/dags/welcome_dag.py
[2024-09-04T20:43:32.658+0000] {processor.py:840} INFO - DAG(s) 'welcome_dag' retrieved from /opt/airflow/dags/welcome_dag.py
[2024-09-04T20:43:33.033+0000] {logging_mixin.py:188} INFO - [2024-09-04T20:43:33.033+0000] {dag.py:3036} INFO - Sync 1 DAGs
[2024-09-04T20:43:33.056+0000] {logging_mixin.py:188} INFO - [2024-09-04T20:43:33.056+0000] {dag.py:3823} INFO - Setting next_dagrun for welcome_dag to 2024-09-03 23:00:00+00:00, run_after=2024-09-04 23:00:00+00:00
[2024-09-04T20:43:33.081+0000] {processor.py:183} INFO - Processing /opt/airflow/dags/welcome_dag.py took 0.521 seconds
[2024-09-04T20:45:09.154+0000] {processor.py:161} INFO - Started process (PID=34) to work on /opt/airflow/dags/welcome_dag.py
[2024-09-04T20:45:09.157+0000] {processor.py:830} INFO - Processing file /opt/airflow/dags/welcome_dag.py for tasks to queue
[2024-09-04T20:45:09.163+0000] {logging_mixin.py:188} INFO - [2024-09-04T20:45:09.162+0000] {dagbag.py:538} INFO - Filling up the DagBag from /opt/airflow/dags/welcome_dag.py
[2024-09-04T20:45:09.216+0000] {processor.py:840} INFO - DAG(s) 'welcome_dag' retrieved from /opt/airflow/dags/welcome_dag.py
[2024-09-04T20:45:09.338+0000] {logging_mixin.py:188} INFO - [2024-09-04T20:45:09.338+0000] {dag.py:3036} INFO - Sync 1 DAGs
[2024-09-04T20:45:09.381+0000] {logging_mixin.py:188} INFO - [2024-09-04T20:45:09.379+0000] {dag.py:3823} INFO - Setting next_dagrun for welcome_dag to 2024-09-03 23:00:00+00:00, run_after=2024-09-04 23:00:00+00:00
[2024-09-04T20:45:09.437+0000] {processor.py:183} INFO - Processing /opt/airflow/dags/welcome_dag.py took 0.291 seconds
[2024-09-04T20:46:22.702+0000] {processor.py:161} INFO - Started process (PID=34) to work on /opt/airflow/dags/welcome_dag.py
[2024-09-04T20:46:22.705+0000] {processor.py:830} INFO - Processing file /opt/airflow/dags/welcome_dag.py for tasks to queue
[2024-09-04T20:46:22.709+0000] {logging_mixin.py:188} INFO - [2024-09-04T20:46:22.709+0000] {dagbag.py:538} INFO - Filling up the DagBag from /opt/airflow/dags/welcome_dag.py
[2024-09-04T20:46:22.779+0000] {processor.py:840} INFO - DAG(s) 'welcome_dag' retrieved from /opt/airflow/dags/welcome_dag.py
[2024-09-04T20:46:23.147+0000] {logging_mixin.py:188} INFO - [2024-09-04T20:46:23.146+0000] {dag.py:3036} INFO - Sync 1 DAGs
[2024-09-04T20:46:23.183+0000] {logging_mixin.py:188} INFO - [2024-09-04T20:46:23.182+0000] {dag.py:3823} INFO - Setting next_dagrun for welcome_dag to 2024-09-03 23:00:00+00:00, run_after=2024-09-04 23:00:00+00:00
[2024-09-04T20:46:23.217+0000] {processor.py:183} INFO - Processing /opt/airflow/dags/welcome_dag.py took 0.522 seconds
[2024-09-04T20:46:53.876+0000] {processor.py:161} INFO - Started process (PID=91) to work on /opt/airflow/dags/welcome_dag.py
[2024-09-04T20:46:53.883+0000] {processor.py:830} INFO - Processing file /opt/airflow/dags/welcome_dag.py for tasks to queue
[2024-09-04T20:46:53.920+0000] {logging_mixin.py:188} INFO - [2024-09-04T20:46:53.897+0000] {dagbag.py:538} INFO - Filling up the DagBag from /opt/airflow/dags/welcome_dag.py
[2024-09-04T20:46:54.106+0000] {processor.py:840} INFO - DAG(s) 'welcome_dag' retrieved from /opt/airflow/dags/welcome_dag.py
[2024-09-04T20:46:54.173+0000] {logging_mixin.py:188} INFO - [2024-09-04T20:46:54.172+0000] {dag.py:3036} INFO - Sync 1 DAGs
[2024-09-04T20:46:54.482+0000] {logging_mixin.py:188} INFO - [2024-09-04T20:46:54.478+0000] {dag.py:3823} INFO - Setting next_dagrun for welcome_dag to 2024-09-03 23:00:00+00:00, run_after=2024-09-04 23:00:00+00:00
[2024-09-04T20:46:54.700+0000] {processor.py:183} INFO - Processing /opt/airflow/dags/welcome_dag.py took 0.889 seconds
[2024-09-04T20:47:24.789+0000] {processor.py:161} INFO - Started process (PID=146) to work on /opt/airflow/dags/welcome_dag.py
[2024-09-04T20:47:24.790+0000] {processor.py:830} INFO - Processing file /opt/airflow/dags/welcome_dag.py for tasks to queue
[2024-09-04T20:47:24.793+0000] {logging_mixin.py:188} INFO - [2024-09-04T20:47:24.792+0000] {dagbag.py:538} INFO - Filling up the DagBag from /opt/airflow/dags/welcome_dag.py
[2024-09-04T20:47:24.814+0000] {processor.py:840} INFO - DAG(s) 'welcome_dag' retrieved from /opt/airflow/dags/welcome_dag.py
[2024-09-04T20:47:24.838+0000] {logging_mixin.py:188} INFO - [2024-09-04T20:47:24.837+0000] {dag.py:3036} INFO - Sync 1 DAGs
[2024-09-04T20:47:24.869+0000] {logging_mixin.py:188} INFO - [2024-09-04T20:47:24.869+0000] {dag.py:3823} INFO - Setting next_dagrun for welcome_dag to 2024-09-03 23:00:00+00:00, run_after=2024-09-04 23:00:00+00:00
[2024-09-04T20:47:24.895+0000] {processor.py:183} INFO - Processing /opt/airflow/dags/welcome_dag.py took 0.110 seconds
[2024-09-04T20:47:55.450+0000] {processor.py:161} INFO - Started process (PID=202) to work on /opt/airflow/dags/welcome_dag.py
[2024-09-04T20:47:55.452+0000] {processor.py:830} INFO - Processing file /opt/airflow/dags/welcome_dag.py for tasks to queue
[2024-09-04T20:47:55.458+0000] {logging_mixin.py:188} INFO - [2024-09-04T20:47:55.457+0000] {dagbag.py:538} INFO - Filling up the DagBag from /opt/airflow/dags/welcome_dag.py
[2024-09-04T20:47:55.511+0000] {processor.py:840} INFO - DAG(s) 'welcome_dag' retrieved from /opt/airflow/dags/welcome_dag.py
[2024-09-04T20:47:55.557+0000] {logging_mixin.py:188} INFO - [2024-09-04T20:47:55.556+0000] {dag.py:3036} INFO - Sync 1 DAGs
[2024-09-04T20:47:55.603+0000] {logging_mixin.py:188} INFO - [2024-09-04T20:47:55.602+0000] {dag.py:3823} INFO - Setting next_dagrun for welcome_dag to 2024-09-03 23:00:00+00:00, run_after=2024-09-04 23:00:00+00:00
[2024-09-04T20:47:55.653+0000] {processor.py:183} INFO - Processing /opt/airflow/dags/welcome_dag.py took 0.210 seconds
[2024-09-04T20:48:26.045+0000] {processor.py:161} INFO - Started process (PID=258) to work on /opt/airflow/dags/welcome_dag.py
[2024-09-04T20:48:26.048+0000] {processor.py:830} INFO - Processing file /opt/airflow/dags/welcome_dag.py for tasks to queue
[2024-09-04T20:48:26.054+0000] {logging_mixin.py:188} INFO - [2024-09-04T20:48:26.053+0000] {dagbag.py:538} INFO - Filling up the DagBag from /opt/airflow/dags/welcome_dag.py
[2024-09-04T20:48:26.079+0000] {processor.py:840} INFO - DAG(s) 'welcome_dag' retrieved from /opt/airflow/dags/welcome_dag.py
[2024-09-04T20:48:26.106+0000] {logging_mixin.py:188} INFO - [2024-09-04T20:48:26.105+0000] {dag.py:3036} INFO - Sync 1 DAGs
[2024-09-04T20:48:26.182+0000] {logging_mixin.py:188} INFO - [2024-09-04T20:48:26.181+0000] {dag.py:3823} INFO - Setting next_dagrun for welcome_dag to 2024-09-03 23:00:00+00:00, run_after=2024-09-04 23:00:00+00:00
[2024-09-04T20:48:26.217+0000] {processor.py:183} INFO - Processing /opt/airflow/dags/welcome_dag.py took 0.175 seconds
[2024-09-04T20:48:56.694+0000] {processor.py:161} INFO - Started process (PID=314) to work on /opt/airflow/dags/welcome_dag.py
[2024-09-04T20:48:56.695+0000] {processor.py:830} INFO - Processing file /opt/airflow/dags/welcome_dag.py for tasks to queue
[2024-09-04T20:48:56.698+0000] {logging_mixin.py:188} INFO - [2024-09-04T20:48:56.697+0000] {dagbag.py:538} INFO - Filling up the DagBag from /opt/airflow/dags/welcome_dag.py
[2024-09-04T20:48:56.720+0000] {processor.py:840} INFO - DAG(s) 'welcome_dag' retrieved from /opt/airflow/dags/welcome_dag.py
[2024-09-04T20:48:56.750+0000] {logging_mixin.py:188} INFO - [2024-09-04T20:48:56.749+0000] {dag.py:3036} INFO - Sync 1 DAGs
[2024-09-04T20:48:56.782+0000] {logging_mixin.py:188} INFO - [2024-09-04T20:48:56.782+0000] {dag.py:3823} INFO - Setting next_dagrun for welcome_dag to 2024-09-03 23:00:00+00:00, run_after=2024-09-04 23:00:00+00:00
[2024-09-04T20:48:56.809+0000] {processor.py:183} INFO - Processing /opt/airflow/dags/welcome_dag.py took 0.119 seconds
[2024-09-04T20:49:27.368+0000] {processor.py:161} INFO - Started process (PID=370) to work on /opt/airflow/dags/welcome_dag.py
[2024-09-04T20:49:27.370+0000] {processor.py:830} INFO - Processing file /opt/airflow/dags/welcome_dag.py for tasks to queue
[2024-09-04T20:49:27.375+0000] {logging_mixin.py:188} INFO - [2024-09-04T20:49:27.374+0000] {dagbag.py:538} INFO - Filling up the DagBag from /opt/airflow/dags/welcome_dag.py
[2024-09-04T20:49:27.413+0000] {processor.py:840} INFO - DAG(s) 'welcome_dag' retrieved from /opt/airflow/dags/welcome_dag.py
[2024-09-04T20:49:27.598+0000] {logging_mixin.py:188} INFO - [2024-09-04T20:49:27.597+0000] {dag.py:3036} INFO - Sync 1 DAGs
[2024-09-04T20:49:27.764+0000] {logging_mixin.py:188} INFO - [2024-09-04T20:49:27.764+0000] {dag.py:3823} INFO - Setting next_dagrun for welcome_dag to 2024-09-03 23:00:00+00:00, run_after=2024-09-04 23:00:00+00:00
[2024-09-04T20:49:27.838+0000] {processor.py:183} INFO - Processing /opt/airflow/dags/welcome_dag.py took 0.474 seconds
[2024-09-04T20:49:58.206+0000] {processor.py:161} INFO - Started process (PID=426) to work on /opt/airflow/dags/welcome_dag.py
[2024-09-04T20:49:58.208+0000] {processor.py:830} INFO - Processing file /opt/airflow/dags/welcome_dag.py for tasks to queue
[2024-09-04T20:49:58.211+0000] {logging_mixin.py:188} INFO - [2024-09-04T20:49:58.211+0000] {dagbag.py:538} INFO - Filling up the DagBag from /opt/airflow/dags/welcome_dag.py
[2024-09-04T20:49:58.237+0000] {processor.py:840} INFO - DAG(s) 'welcome_dag' retrieved from /opt/airflow/dags/welcome_dag.py
[2024-09-04T20:49:58.281+0000] {logging_mixin.py:188} INFO - [2024-09-04T20:49:58.281+0000] {dag.py:3036} INFO - Sync 1 DAGs
[2024-09-04T20:49:58.341+0000] {logging_mixin.py:188} INFO - [2024-09-04T20:49:58.341+0000] {dag.py:3823} INFO - Setting next_dagrun for welcome_dag to 2024-09-03 23:00:00+00:00, run_after=2024-09-04 23:00:00+00:00
[2024-09-04T20:49:58.385+0000] {processor.py:183} INFO - Processing /opt/airflow/dags/welcome_dag.py took 0.185 seconds
[2024-09-04T20:50:28.937+0000] {processor.py:161} INFO - Started process (PID=482) to work on /opt/airflow/dags/welcome_dag.py
[2024-09-04T20:50:28.938+0000] {processor.py:830} INFO - Processing file /opt/airflow/dags/welcome_dag.py for tasks to queue
[2024-09-04T20:50:28.941+0000] {logging_mixin.py:188} INFO - [2024-09-04T20:50:28.940+0000] {dagbag.py:538} INFO - Filling up the DagBag from /opt/airflow/dags/welcome_dag.py
[2024-09-04T20:50:28.965+0000] {processor.py:840} INFO - DAG(s) 'welcome_dag' retrieved from /opt/airflow/dags/welcome_dag.py
[2024-09-04T20:50:28.989+0000] {logging_mixin.py:188} INFO - [2024-09-04T20:50:28.989+0000] {dag.py:3036} INFO - Sync 1 DAGs
[2024-09-04T20:50:29.019+0000] {logging_mixin.py:188} INFO - [2024-09-04T20:50:29.019+0000] {dag.py:3823} INFO - Setting next_dagrun for welcome_dag to 2024-09-03 23:00:00+00:00, run_after=2024-09-04 23:00:00+00:00
[2024-09-04T20:50:29.046+0000] {processor.py:183} INFO - Processing /opt/airflow/dags/welcome_dag.py took 0.115 seconds
[2024-09-04T20:50:59.230+0000] {processor.py:161} INFO - Started process (PID=539) to work on /opt/airflow/dags/welcome_dag.py
[2024-09-04T20:50:59.231+0000] {processor.py:830} INFO - Processing file /opt/airflow/dags/welcome_dag.py for tasks to queue
[2024-09-04T20:50:59.233+0000] {logging_mixin.py:188} INFO - [2024-09-04T20:50:59.233+0000] {dagbag.py:538} INFO - Filling up the DagBag from /opt/airflow/dags/welcome_dag.py
[2024-09-04T20:50:59.248+0000] {processor.py:840} INFO - DAG(s) 'welcome_dag' retrieved from /opt/airflow/dags/welcome_dag.py
[2024-09-04T20:50:59.271+0000] {logging_mixin.py:188} INFO - [2024-09-04T20:50:59.271+0000] {dag.py:3036} INFO - Sync 1 DAGs
[2024-09-04T20:50:59.298+0000] {logging_mixin.py:188} INFO - [2024-09-04T20:50:59.298+0000] {dag.py:3823} INFO - Setting next_dagrun for welcome_dag to 2024-09-03 23:00:00+00:00, run_after=2024-09-04 23:00:00+00:00
[2024-09-04T20:50:59.323+0000] {processor.py:183} INFO - Processing /opt/airflow/dags/welcome_dag.py took 0.096 seconds
[2024-09-04T20:51:29.735+0000] {processor.py:161} INFO - Started process (PID=595) to work on /opt/airflow/dags/welcome_dag.py
[2024-09-04T20:51:29.739+0000] {processor.py:830} INFO - Processing file /opt/airflow/dags/welcome_dag.py for tasks to queue
[2024-09-04T20:51:29.742+0000] {logging_mixin.py:188} INFO - [2024-09-04T20:51:29.741+0000] {dagbag.py:538} INFO - Filling up the DagBag from /opt/airflow/dags/welcome_dag.py
[2024-09-04T20:51:29.765+0000] {processor.py:840} INFO - DAG(s) 'welcome_dag' retrieved from /opt/airflow/dags/welcome_dag.py
[2024-09-04T20:51:29.802+0000] {logging_mixin.py:188} INFO - [2024-09-04T20:51:29.802+0000] {dag.py:3036} INFO - Sync 1 DAGs
[2024-09-04T20:51:29.854+0000] {logging_mixin.py:188} INFO - [2024-09-04T20:51:29.853+0000] {dag.py:3823} INFO - Setting next_dagrun for welcome_dag to 2024-09-03 23:00:00+00:00, run_after=2024-09-04 23:00:00+00:00
[2024-09-04T20:51:29.900+0000] {processor.py:183} INFO - Processing /opt/airflow/dags/welcome_dag.py took 0.170 seconds
[2024-09-04T20:52:00.041+0000] {processor.py:161} INFO - Started process (PID=651) to work on /opt/airflow/dags/welcome_dag.py
[2024-09-04T20:52:00.043+0000] {processor.py:830} INFO - Processing file /opt/airflow/dags/welcome_dag.py for tasks to queue
[2024-09-04T20:52:00.045+0000] {logging_mixin.py:188} INFO - [2024-09-04T20:52:00.044+0000] {dagbag.py:538} INFO - Filling up the DagBag from /opt/airflow/dags/welcome_dag.py
[2024-09-04T20:52:00.063+0000] {processor.py:840} INFO - DAG(s) 'welcome_dag' retrieved from /opt/airflow/dags/welcome_dag.py
[2024-09-04T20:52:00.086+0000] {logging_mixin.py:188} INFO - [2024-09-04T20:52:00.086+0000] {dag.py:3036} INFO - Sync 1 DAGs
[2024-09-04T20:52:00.113+0000] {logging_mixin.py:188} INFO - [2024-09-04T20:52:00.113+0000] {dag.py:3823} INFO - Setting next_dagrun for welcome_dag to 2024-09-03 23:00:00+00:00, run_after=2024-09-04 23:00:00+00:00
[2024-09-04T20:52:00.137+0000] {processor.py:183} INFO - Processing /opt/airflow/dags/welcome_dag.py took 0.100 seconds
[2024-09-04T20:52:30.847+0000] {processor.py:161} INFO - Started process (PID=705) to work on /opt/airflow/dags/welcome_dag.py
[2024-09-04T20:52:30.861+0000] {processor.py:830} INFO - Processing file /opt/airflow/dags/welcome_dag.py for tasks to queue
[2024-09-04T20:52:30.866+0000] {logging_mixin.py:188} INFO - [2024-09-04T20:52:30.865+0000] {dagbag.py:538} INFO - Filling up the DagBag from /opt/airflow/dags/welcome_dag.py
[2024-09-04T20:52:30.955+0000] {processor.py:840} INFO - DAG(s) 'welcome_dag' retrieved from /opt/airflow/dags/welcome_dag.py
[2024-09-04T20:52:31.007+0000] {logging_mixin.py:188} INFO - [2024-09-04T20:52:31.007+0000] {dag.py:3036} INFO - Sync 1 DAGs
[2024-09-04T20:52:31.051+0000] {logging_mixin.py:188} INFO - [2024-09-04T20:52:31.051+0000] {dag.py:3823} INFO - Setting next_dagrun for welcome_dag to 2024-09-03 23:00:00+00:00, run_after=2024-09-04 23:00:00+00:00
[2024-09-04T20:52:31.097+0000] {processor.py:183} INFO - Processing /opt/airflow/dags/welcome_dag.py took 0.269 seconds
[2024-09-04T20:53:01.943+0000] {processor.py:161} INFO - Started process (PID=762) to work on /opt/airflow/dags/welcome_dag.py
[2024-09-04T20:53:01.945+0000] {processor.py:830} INFO - Processing file /opt/airflow/dags/welcome_dag.py for tasks to queue
[2024-09-04T20:53:01.952+0000] {logging_mixin.py:188} INFO - [2024-09-04T20:53:01.951+0000] {dagbag.py:538} INFO - Filling up the DagBag from /opt/airflow/dags/welcome_dag.py
[2024-09-04T20:53:01.981+0000] {processor.py:840} INFO - DAG(s) 'welcome_dag' retrieved from /opt/airflow/dags/welcome_dag.py
[2024-09-04T20:53:02.018+0000] {logging_mixin.py:188} INFO - [2024-09-04T20:53:02.017+0000] {dag.py:3036} INFO - Sync 1 DAGs
[2024-09-04T20:53:02.067+0000] {logging_mixin.py:188} INFO - [2024-09-04T20:53:02.066+0000] {dag.py:3823} INFO - Setting next_dagrun for welcome_dag to 2024-09-03 23:00:00+00:00, run_after=2024-09-04 23:00:00+00:00
[2024-09-04T20:53:02.124+0000] {processor.py:183} INFO - Processing /opt/airflow/dags/welcome_dag.py took 0.188 seconds
[2024-09-04T20:53:32.606+0000] {processor.py:161} INFO - Started process (PID=817) to work on /opt/airflow/dags/welcome_dag.py
[2024-09-04T20:53:32.608+0000] {processor.py:830} INFO - Processing file /opt/airflow/dags/welcome_dag.py for tasks to queue
[2024-09-04T20:53:32.610+0000] {logging_mixin.py:188} INFO - [2024-09-04T20:53:32.610+0000] {dagbag.py:538} INFO - Filling up the DagBag from /opt/airflow/dags/welcome_dag.py
[2024-09-04T20:53:32.631+0000] {processor.py:840} INFO - DAG(s) 'welcome_dag' retrieved from /opt/airflow/dags/welcome_dag.py
[2024-09-04T20:53:32.658+0000] {logging_mixin.py:188} INFO - [2024-09-04T20:53:32.658+0000] {dag.py:3036} INFO - Sync 1 DAGs
[2024-09-04T20:53:32.693+0000] {logging_mixin.py:188} INFO - [2024-09-04T20:53:32.693+0000] {dag.py:3823} INFO - Setting next_dagrun for welcome_dag to 2024-09-03 23:00:00+00:00, run_after=2024-09-04 23:00:00+00:00
[2024-09-04T20:53:32.724+0000] {processor.py:183} INFO - Processing /opt/airflow/dags/welcome_dag.py took 0.123 seconds
[2024-09-04T20:54:03.539+0000] {processor.py:161} INFO - Started process (PID=873) to work on /opt/airflow/dags/welcome_dag.py
[2024-09-04T20:54:03.541+0000] {processor.py:830} INFO - Processing file /opt/airflow/dags/welcome_dag.py for tasks to queue
[2024-09-04T20:54:03.544+0000] {logging_mixin.py:188} INFO - [2024-09-04T20:54:03.543+0000] {dagbag.py:538} INFO - Filling up the DagBag from /opt/airflow/dags/welcome_dag.py
[2024-09-04T20:54:03.570+0000] {processor.py:840} INFO - DAG(s) 'welcome_dag' retrieved from /opt/airflow/dags/welcome_dag.py
[2024-09-04T20:54:03.602+0000] {logging_mixin.py:188} INFO - [2024-09-04T20:54:03.602+0000] {dag.py:3036} INFO - Sync 1 DAGs
[2024-09-04T20:54:03.639+0000] {logging_mixin.py:188} INFO - [2024-09-04T20:54:03.639+0000] {dag.py:3823} INFO - Setting next_dagrun for welcome_dag to 2024-09-03 23:00:00+00:00, run_after=2024-09-04 23:00:00+00:00
[2024-09-04T20:54:03.671+0000] {processor.py:183} INFO - Processing /opt/airflow/dags/welcome_dag.py took 0.137 seconds
[2024-09-04T20:54:34.566+0000] {processor.py:161} INFO - Started process (PID=935) to work on /opt/airflow/dags/welcome_dag.py
[2024-09-04T20:54:34.567+0000] {processor.py:830} INFO - Processing file /opt/airflow/dags/welcome_dag.py for tasks to queue
[2024-09-04T20:54:34.570+0000] {logging_mixin.py:188} INFO - [2024-09-04T20:54:34.569+0000] {dagbag.py:538} INFO - Filling up the DagBag from /opt/airflow/dags/welcome_dag.py
[2024-09-04T20:54:34.586+0000] {processor.py:840} INFO - DAG(s) 'welcome_dag' retrieved from /opt/airflow/dags/welcome_dag.py
[2024-09-04T20:54:34.607+0000] {logging_mixin.py:188} INFO - [2024-09-04T20:54:34.607+0000] {dag.py:3036} INFO - Sync 1 DAGs
[2024-09-04T20:54:34.641+0000] {logging_mixin.py:188} INFO - [2024-09-04T20:54:34.640+0000] {dag.py:3823} INFO - Setting next_dagrun for welcome_dag to 2024-09-03 23:00:00+00:00, run_after=2024-09-04 23:00:00+00:00
[2024-09-04T20:54:34.665+0000] {processor.py:183} INFO - Processing /opt/airflow/dags/welcome_dag.py took 0.103 seconds
[2024-09-04T20:55:05.477+0000] {processor.py:161} INFO - Started process (PID=991) to work on /opt/airflow/dags/welcome_dag.py
[2024-09-04T20:55:05.478+0000] {processor.py:830} INFO - Processing file /opt/airflow/dags/welcome_dag.py for tasks to queue
[2024-09-04T20:55:05.481+0000] {logging_mixin.py:188} INFO - [2024-09-04T20:55:05.480+0000] {dagbag.py:538} INFO - Filling up the DagBag from /opt/airflow/dags/welcome_dag.py
[2024-09-04T20:55:05.499+0000] {processor.py:840} INFO - DAG(s) 'welcome_dag' retrieved from /opt/airflow/dags/welcome_dag.py
[2024-09-04T20:55:05.520+0000] {logging_mixin.py:188} INFO - [2024-09-04T20:55:05.520+0000] {dag.py:3036} INFO - Sync 1 DAGs
[2024-09-04T20:55:05.545+0000] {logging_mixin.py:188} INFO - [2024-09-04T20:55:05.545+0000] {dag.py:3823} INFO - Setting next_dagrun for welcome_dag to 2024-09-03 23:00:00+00:00, run_after=2024-09-04 23:00:00+00:00
[2024-09-04T20:55:05.570+0000] {processor.py:183} INFO - Processing /opt/airflow/dags/welcome_dag.py took 0.097 seconds
[2024-09-04T20:55:35.712+0000] {processor.py:161} INFO - Started process (PID=1047) to work on /opt/airflow/dags/welcome_dag.py
[2024-09-04T20:55:35.714+0000] {processor.py:830} INFO - Processing file /opt/airflow/dags/welcome_dag.py for tasks to queue
[2024-09-04T20:55:35.716+0000] {logging_mixin.py:188} INFO - [2024-09-04T20:55:35.716+0000] {dagbag.py:538} INFO - Filling up the DagBag from /opt/airflow/dags/welcome_dag.py
[2024-09-04T20:55:35.734+0000] {processor.py:840} INFO - DAG(s) 'welcome_dag' retrieved from /opt/airflow/dags/welcome_dag.py
[2024-09-04T20:55:35.765+0000] {logging_mixin.py:188} INFO - [2024-09-04T20:55:35.765+0000] {dag.py:3036} INFO - Sync 1 DAGs
[2024-09-04T20:55:35.808+0000] {logging_mixin.py:188} INFO - [2024-09-04T20:55:35.807+0000] {dag.py:3823} INFO - Setting next_dagrun for welcome_dag to 2024-09-03 23:00:00+00:00, run_after=2024-09-04 23:00:00+00:00
[2024-09-04T20:55:35.848+0000] {processor.py:183} INFO - Processing /opt/airflow/dags/welcome_dag.py took 0.141 seconds
[2024-09-04T20:56:06.308+0000] {processor.py:161} INFO - Started process (PID=1103) to work on /opt/airflow/dags/welcome_dag.py
[2024-09-04T20:56:06.310+0000] {processor.py:830} INFO - Processing file /opt/airflow/dags/welcome_dag.py for tasks to queue
[2024-09-04T20:56:06.313+0000] {logging_mixin.py:188} INFO - [2024-09-04T20:56:06.312+0000] {dagbag.py:538} INFO - Filling up the DagBag from /opt/airflow/dags/welcome_dag.py
[2024-09-04T20:56:06.333+0000] {processor.py:840} INFO - DAG(s) 'welcome_dag' retrieved from /opt/airflow/dags/welcome_dag.py
[2024-09-04T20:56:06.358+0000] {logging_mixin.py:188} INFO - [2024-09-04T20:56:06.358+0000] {dag.py:3036} INFO - Sync 1 DAGs
[2024-09-04T20:56:06.387+0000] {logging_mixin.py:188} INFO - [2024-09-04T20:56:06.387+0000] {dag.py:3823} INFO - Setting next_dagrun for welcome_dag to 2024-09-03 23:00:00+00:00, run_after=2024-09-04 23:00:00+00:00
[2024-09-04T20:56:06.413+0000] {processor.py:183} INFO - Processing /opt/airflow/dags/welcome_dag.py took 0.113 seconds
[2024-09-04T20:56:36.677+0000] {processor.py:161} INFO - Started process (PID=1159) to work on /opt/airflow/dags/welcome_dag.py
[2024-09-04T20:56:36.678+0000] {processor.py:830} INFO - Processing file /opt/airflow/dags/welcome_dag.py for tasks to queue
[2024-09-04T20:56:36.681+0000] {logging_mixin.py:188} INFO - [2024-09-04T20:56:36.680+0000] {dagbag.py:538} INFO - Filling up the DagBag from /opt/airflow/dags/welcome_dag.py
[2024-09-04T20:56:36.699+0000] {processor.py:840} INFO - DAG(s) 'welcome_dag' retrieved from /opt/airflow/dags/welcome_dag.py
[2024-09-04T20:56:36.722+0000] {logging_mixin.py:188} INFO - [2024-09-04T20:56:36.722+0000] {dag.py:3036} INFO - Sync 1 DAGs
[2024-09-04T20:56:36.752+0000] {logging_mixin.py:188} INFO - [2024-09-04T20:56:36.751+0000] {dag.py:3823} INFO - Setting next_dagrun for welcome_dag to 2024-09-03 23:00:00+00:00, run_after=2024-09-04 23:00:00+00:00
[2024-09-04T20:56:36.779+0000] {processor.py:183} INFO - Processing /opt/airflow/dags/welcome_dag.py took 0.106 seconds
[2024-09-04T20:57:06.855+0000] {processor.py:161} INFO - Started process (PID=1215) to work on /opt/airflow/dags/welcome_dag.py
[2024-09-04T20:57:06.856+0000] {processor.py:830} INFO - Processing file /opt/airflow/dags/welcome_dag.py for tasks to queue
[2024-09-04T20:57:06.858+0000] {logging_mixin.py:188} INFO - [2024-09-04T20:57:06.858+0000] {dagbag.py:538} INFO - Filling up the DagBag from /opt/airflow/dags/welcome_dag.py
[2024-09-04T20:57:06.875+0000] {processor.py:840} INFO - DAG(s) 'welcome_dag' retrieved from /opt/airflow/dags/welcome_dag.py
[2024-09-04T20:57:06.897+0000] {logging_mixin.py:188} INFO - [2024-09-04T20:57:06.896+0000] {dag.py:3036} INFO - Sync 1 DAGs
[2024-09-04T20:57:06.922+0000] {logging_mixin.py:188} INFO - [2024-09-04T20:57:06.921+0000] {dag.py:3823} INFO - Setting next_dagrun for welcome_dag to 2024-09-03 23:00:00+00:00, run_after=2024-09-04 23:00:00+00:00
[2024-09-04T20:57:06.949+0000] {processor.py:183} INFO - Processing /opt/airflow/dags/welcome_dag.py took 0.098 seconds
[2024-09-04T20:57:37.394+0000] {processor.py:161} INFO - Started process (PID=1271) to work on /opt/airflow/dags/welcome_dag.py
[2024-09-04T20:57:37.396+0000] {processor.py:830} INFO - Processing file /opt/airflow/dags/welcome_dag.py for tasks to queue
[2024-09-04T20:57:37.398+0000] {logging_mixin.py:188} INFO - [2024-09-04T20:57:37.398+0000] {dagbag.py:538} INFO - Filling up the DagBag from /opt/airflow/dags/welcome_dag.py
[2024-09-04T20:57:37.416+0000] {processor.py:840} INFO - DAG(s) 'welcome_dag' retrieved from /opt/airflow/dags/welcome_dag.py
[2024-09-04T20:57:37.438+0000] {logging_mixin.py:188} INFO - [2024-09-04T20:57:37.438+0000] {dag.py:3036} INFO - Sync 1 DAGs
[2024-09-04T20:57:37.464+0000] {logging_mixin.py:188} INFO - [2024-09-04T20:57:37.464+0000] {dag.py:3823} INFO - Setting next_dagrun for welcome_dag to 2024-09-03 23:00:00+00:00, run_after=2024-09-04 23:00:00+00:00
[2024-09-04T20:57:37.491+0000] {processor.py:183} INFO - Processing /opt/airflow/dags/welcome_dag.py took 0.100 seconds
[2024-09-04T20:58:08.521+0000] {processor.py:161} INFO - Started process (PID=1328) to work on /opt/airflow/dags/welcome_dag.py
[2024-09-04T20:58:08.529+0000] {processor.py:830} INFO - Processing file /opt/airflow/dags/welcome_dag.py for tasks to queue
[2024-09-04T20:58:08.534+0000] {logging_mixin.py:188} INFO - [2024-09-04T20:58:08.533+0000] {dagbag.py:538} INFO - Filling up the DagBag from /opt/airflow/dags/welcome_dag.py
[2024-09-04T20:58:08.631+0000] {processor.py:840} INFO - DAG(s) 'welcome_dag' retrieved from /opt/airflow/dags/welcome_dag.py
[2024-09-04T20:58:08.679+0000] {logging_mixin.py:188} INFO - [2024-09-04T20:58:08.679+0000] {dag.py:3036} INFO - Sync 1 DAGs
[2024-09-04T20:58:08.729+0000] {logging_mixin.py:188} INFO - [2024-09-04T20:58:08.729+0000] {dag.py:3823} INFO - Setting next_dagrun for welcome_dag to 2024-09-03 23:00:00+00:00, run_after=2024-09-04 23:00:00+00:00
[2024-09-04T20:58:08.793+0000] {processor.py:183} INFO - Processing /opt/airflow/dags/welcome_dag.py took 0.310 seconds
[2024-09-04T20:58:39.822+0000] {processor.py:161} INFO - Started process (PID=1384) to work on /opt/airflow/dags/welcome_dag.py
[2024-09-04T20:58:39.823+0000] {processor.py:830} INFO - Processing file /opt/airflow/dags/welcome_dag.py for tasks to queue
[2024-09-04T20:58:39.825+0000] {logging_mixin.py:188} INFO - [2024-09-04T20:58:39.825+0000] {dagbag.py:538} INFO - Filling up the DagBag from /opt/airflow/dags/welcome_dag.py
[2024-09-04T20:58:39.845+0000] {processor.py:840} INFO - DAG(s) 'welcome_dag' retrieved from /opt/airflow/dags/welcome_dag.py
[2024-09-04T20:58:39.873+0000] {logging_mixin.py:188} INFO - [2024-09-04T20:58:39.873+0000] {dag.py:3036} INFO - Sync 1 DAGs
[2024-09-04T20:58:39.901+0000] {logging_mixin.py:188} INFO - [2024-09-04T20:58:39.901+0000] {dag.py:3823} INFO - Setting next_dagrun for welcome_dag to 2024-09-03 23:00:00+00:00, run_after=2024-09-04 23:00:00+00:00
[2024-09-04T20:58:39.929+0000] {processor.py:183} INFO - Processing /opt/airflow/dags/welcome_dag.py took 0.110 seconds
[2024-09-04T20:59:10.460+0000] {processor.py:161} INFO - Started process (PID=1440) to work on /opt/airflow/dags/welcome_dag.py
[2024-09-04T20:59:10.462+0000] {processor.py:830} INFO - Processing file /opt/airflow/dags/welcome_dag.py for tasks to queue
[2024-09-04T20:59:10.465+0000] {logging_mixin.py:188} INFO - [2024-09-04T20:59:10.465+0000] {dagbag.py:538} INFO - Filling up the DagBag from /opt/airflow/dags/welcome_dag.py
[2024-09-04T20:59:10.495+0000] {processor.py:840} INFO - DAG(s) 'welcome_dag' retrieved from /opt/airflow/dags/welcome_dag.py
[2024-09-04T20:59:10.527+0000] {logging_mixin.py:188} INFO - [2024-09-04T20:59:10.527+0000] {dag.py:3036} INFO - Sync 1 DAGs
[2024-09-04T20:59:10.565+0000] {logging_mixin.py:188} INFO - [2024-09-04T20:59:10.564+0000] {dag.py:3823} INFO - Setting next_dagrun for welcome_dag to 2024-09-03 23:00:00+00:00, run_after=2024-09-04 23:00:00+00:00
[2024-09-04T20:59:10.598+0000] {processor.py:183} INFO - Processing /opt/airflow/dags/welcome_dag.py took 0.145 seconds
[2024-09-04T20:59:41.647+0000] {processor.py:161} INFO - Started process (PID=1496) to work on /opt/airflow/dags/welcome_dag.py
[2024-09-04T20:59:41.649+0000] {processor.py:830} INFO - Processing file /opt/airflow/dags/welcome_dag.py for tasks to queue
[2024-09-04T20:59:41.651+0000] {logging_mixin.py:188} INFO - [2024-09-04T20:59:41.650+0000] {dagbag.py:538} INFO - Filling up the DagBag from /opt/airflow/dags/welcome_dag.py
[2024-09-04T20:59:41.675+0000] {processor.py:840} INFO - DAG(s) 'welcome_dag' retrieved from /opt/airflow/dags/welcome_dag.py
[2024-09-04T20:59:41.704+0000] {logging_mixin.py:188} INFO - [2024-09-04T20:59:41.704+0000] {dag.py:3036} INFO - Sync 1 DAGs
[2024-09-04T20:59:41.745+0000] {logging_mixin.py:188} INFO - [2024-09-04T20:59:41.745+0000] {dag.py:3823} INFO - Setting next_dagrun for welcome_dag to 2024-09-03 23:00:00+00:00, run_after=2024-09-04 23:00:00+00:00
[2024-09-04T20:59:41.777+0000] {processor.py:183} INFO - Processing /opt/airflow/dags/welcome_dag.py took 0.138 seconds
[2024-09-04T21:00:11.918+0000] {processor.py:161} INFO - Started process (PID=1552) to work on /opt/airflow/dags/welcome_dag.py
[2024-09-04T21:00:11.920+0000] {processor.py:830} INFO - Processing file /opt/airflow/dags/welcome_dag.py for tasks to queue
[2024-09-04T21:00:11.922+0000] {logging_mixin.py:188} INFO - [2024-09-04T21:00:11.922+0000] {dagbag.py:538} INFO - Filling up the DagBag from /opt/airflow/dags/welcome_dag.py
[2024-09-04T21:00:11.940+0000] {processor.py:840} INFO - DAG(s) 'welcome_dag' retrieved from /opt/airflow/dags/welcome_dag.py
[2024-09-04T21:00:11.967+0000] {logging_mixin.py:188} INFO - [2024-09-04T21:00:11.966+0000] {dag.py:3036} INFO - Sync 1 DAGs
[2024-09-04T21:00:11.997+0000] {logging_mixin.py:188} INFO - [2024-09-04T21:00:11.997+0000] {dag.py:3823} INFO - Setting next_dagrun for welcome_dag to 2024-09-03 23:00:00+00:00, run_after=2024-09-04 23:00:00+00:00
[2024-09-04T21:00:12.024+0000] {processor.py:183} INFO - Processing /opt/airflow/dags/welcome_dag.py took 0.114 seconds
[2024-09-04T21:00:42.072+0000] {processor.py:161} INFO - Started process (PID=1608) to work on /opt/airflow/dags/welcome_dag.py
[2024-09-04T21:00:42.074+0000] {processor.py:830} INFO - Processing file /opt/airflow/dags/welcome_dag.py for tasks to queue
[2024-09-04T21:00:42.076+0000] {logging_mixin.py:188} INFO - [2024-09-04T21:00:42.076+0000] {dagbag.py:538} INFO - Filling up the DagBag from /opt/airflow/dags/welcome_dag.py
[2024-09-04T21:00:42.097+0000] {processor.py:840} INFO - DAG(s) 'welcome_dag' retrieved from /opt/airflow/dags/welcome_dag.py
[2024-09-04T21:00:42.125+0000] {logging_mixin.py:188} INFO - [2024-09-04T21:00:42.125+0000] {dag.py:3036} INFO - Sync 1 DAGs
[2024-09-04T21:00:42.158+0000] {logging_mixin.py:188} INFO - [2024-09-04T21:00:42.157+0000] {dag.py:3823} INFO - Setting next_dagrun for welcome_dag to 2024-09-03 23:00:00+00:00, run_after=2024-09-04 23:00:00+00:00
[2024-09-04T21:00:42.185+0000] {processor.py:183} INFO - Processing /opt/airflow/dags/welcome_dag.py took 0.118 seconds
[2024-09-04T21:01:12.307+0000] {processor.py:161} INFO - Started process (PID=1664) to work on /opt/airflow/dags/welcome_dag.py
[2024-09-04T21:01:12.313+0000] {processor.py:830} INFO - Processing file /opt/airflow/dags/welcome_dag.py for tasks to queue
[2024-09-04T21:01:12.317+0000] {logging_mixin.py:188} INFO - [2024-09-04T21:01:12.316+0000] {dagbag.py:538} INFO - Filling up the DagBag from /opt/airflow/dags/welcome_dag.py
[2024-09-04T21:01:12.365+0000] {processor.py:840} INFO - DAG(s) 'welcome_dag' retrieved from /opt/airflow/dags/welcome_dag.py
[2024-09-04T21:01:12.403+0000] {logging_mixin.py:188} INFO - [2024-09-04T21:01:12.403+0000] {dag.py:3036} INFO - Sync 1 DAGs
[2024-09-04T21:01:12.483+0000] {logging_mixin.py:188} INFO - [2024-09-04T21:01:12.482+0000] {dag.py:3823} INFO - Setting next_dagrun for welcome_dag to 2024-09-03 23:00:00+00:00, run_after=2024-09-04 23:00:00+00:00
[2024-09-04T21:01:12.546+0000] {processor.py:183} INFO - Processing /opt/airflow/dags/welcome_dag.py took 0.243 seconds
[2024-09-04T21:01:42.988+0000] {processor.py:161} INFO - Started process (PID=1720) to work on /opt/airflow/dags/welcome_dag.py
[2024-09-04T21:01:42.990+0000] {processor.py:830} INFO - Processing file /opt/airflow/dags/welcome_dag.py for tasks to queue
[2024-09-04T21:01:42.993+0000] {logging_mixin.py:188} INFO - [2024-09-04T21:01:42.993+0000] {dagbag.py:538} INFO - Filling up the DagBag from /opt/airflow/dags/welcome_dag.py
[2024-09-04T21:01:43.043+0000] {processor.py:840} INFO - DAG(s) 'welcome_dag' retrieved from /opt/airflow/dags/welcome_dag.py
[2024-09-04T21:01:43.089+0000] {logging_mixin.py:188} INFO - [2024-09-04T21:01:43.088+0000] {dag.py:3036} INFO - Sync 1 DAGs
[2024-09-04T21:01:43.134+0000] {logging_mixin.py:188} INFO - [2024-09-04T21:01:43.134+0000] {dag.py:3823} INFO - Setting next_dagrun for welcome_dag to 2024-09-03 23:00:00+00:00, run_after=2024-09-04 23:00:00+00:00
[2024-09-04T21:01:43.184+0000] {processor.py:183} INFO - Processing /opt/airflow/dags/welcome_dag.py took 0.200 seconds
[2024-09-04T21:02:13.505+0000] {processor.py:161} INFO - Started process (PID=1776) to work on /opt/airflow/dags/welcome_dag.py
[2024-09-04T21:02:13.506+0000] {processor.py:830} INFO - Processing file /opt/airflow/dags/welcome_dag.py for tasks to queue
[2024-09-04T21:02:13.508+0000] {logging_mixin.py:188} INFO - [2024-09-04T21:02:13.508+0000] {dagbag.py:538} INFO - Filling up the DagBag from /opt/airflow/dags/welcome_dag.py
[2024-09-04T21:02:13.537+0000] {processor.py:840} INFO - DAG(s) 'welcome_dag' retrieved from /opt/airflow/dags/welcome_dag.py
[2024-09-04T21:02:13.571+0000] {logging_mixin.py:188} INFO - [2024-09-04T21:02:13.570+0000] {dag.py:3036} INFO - Sync 1 DAGs
[2024-09-04T21:02:13.612+0000] {logging_mixin.py:188} INFO - [2024-09-04T21:02:13.612+0000] {dag.py:3823} INFO - Setting next_dagrun for welcome_dag to 2024-09-03 23:00:00+00:00, run_after=2024-09-04 23:00:00+00:00
[2024-09-04T21:02:13.651+0000] {processor.py:183} INFO - Processing /opt/airflow/dags/welcome_dag.py took 0.154 seconds
[2024-09-04T21:02:44.544+0000] {processor.py:161} INFO - Started process (PID=1832) to work on /opt/airflow/dags/welcome_dag.py
[2024-09-04T21:02:44.546+0000] {processor.py:830} INFO - Processing file /opt/airflow/dags/welcome_dag.py for tasks to queue
[2024-09-04T21:02:44.549+0000] {logging_mixin.py:188} INFO - [2024-09-04T21:02:44.548+0000] {dagbag.py:538} INFO - Filling up the DagBag from /opt/airflow/dags/welcome_dag.py
[2024-09-04T21:02:44.580+0000] {processor.py:840} INFO - DAG(s) 'welcome_dag' retrieved from /opt/airflow/dags/welcome_dag.py
[2024-09-04T21:02:44.618+0000] {logging_mixin.py:188} INFO - [2024-09-04T21:02:44.618+0000] {dag.py:3036} INFO - Sync 1 DAGs
[2024-09-04T21:02:44.676+0000] {logging_mixin.py:188} INFO - [2024-09-04T21:02:44.674+0000] {dag.py:3823} INFO - Setting next_dagrun for welcome_dag to 2024-09-03 23:00:00+00:00, run_after=2024-09-04 23:00:00+00:00
[2024-09-04T21:02:44.716+0000] {processor.py:183} INFO - Processing /opt/airflow/dags/welcome_dag.py took 0.180 seconds
[2024-09-04T21:03:15.010+0000] {processor.py:161} INFO - Started process (PID=1888) to work on /opt/airflow/dags/welcome_dag.py
[2024-09-04T21:03:15.012+0000] {processor.py:830} INFO - Processing file /opt/airflow/dags/welcome_dag.py for tasks to queue
[2024-09-04T21:03:15.013+0000] {logging_mixin.py:188} INFO - [2024-09-04T21:03:15.013+0000] {dagbag.py:538} INFO - Filling up the DagBag from /opt/airflow/dags/welcome_dag.py
[2024-09-04T21:03:15.030+0000] {processor.py:840} INFO - DAG(s) 'welcome_dag' retrieved from /opt/airflow/dags/welcome_dag.py
[2024-09-04T21:03:15.051+0000] {logging_mixin.py:188} INFO - [2024-09-04T21:03:15.051+0000] {dag.py:3036} INFO - Sync 1 DAGs
[2024-09-04T21:03:15.075+0000] {logging_mixin.py:188} INFO - [2024-09-04T21:03:15.075+0000] {dag.py:3823} INFO - Setting next_dagrun for welcome_dag to 2024-09-03 23:00:00+00:00, run_after=2024-09-04 23:00:00+00:00
[2024-09-04T21:03:15.099+0000] {processor.py:183} INFO - Processing /opt/airflow/dags/welcome_dag.py took 0.093 seconds
[2024-09-04T21:03:45.195+0000] {processor.py:161} INFO - Started process (PID=1944) to work on /opt/airflow/dags/welcome_dag.py
[2024-09-04T21:03:45.196+0000] {processor.py:830} INFO - Processing file /opt/airflow/dags/welcome_dag.py for tasks to queue
[2024-09-04T21:03:45.198+0000] {logging_mixin.py:188} INFO - [2024-09-04T21:03:45.198+0000] {dagbag.py:538} INFO - Filling up the DagBag from /opt/airflow/dags/welcome_dag.py
[2024-09-04T21:03:45.214+0000] {processor.py:840} INFO - DAG(s) 'welcome_dag' retrieved from /opt/airflow/dags/welcome_dag.py
[2024-09-04T21:03:45.239+0000] {logging_mixin.py:188} INFO - [2024-09-04T21:03:45.239+0000] {dag.py:3036} INFO - Sync 1 DAGs
[2024-09-04T21:03:45.266+0000] {logging_mixin.py:188} INFO - [2024-09-04T21:03:45.266+0000] {dag.py:3823} INFO - Setting next_dagrun for welcome_dag to 2024-09-03 23:00:00+00:00, run_after=2024-09-04 23:00:00+00:00
[2024-09-04T21:03:45.289+0000] {processor.py:183} INFO - Processing /opt/airflow/dags/welcome_dag.py took 0.097 seconds
[2024-09-04T21:04:15.810+0000] {processor.py:161} INFO - Started process (PID=2000) to work on /opt/airflow/dags/welcome_dag.py
[2024-09-04T21:04:15.811+0000] {processor.py:830} INFO - Processing file /opt/airflow/dags/welcome_dag.py for tasks to queue
[2024-09-04T21:04:15.814+0000] {logging_mixin.py:188} INFO - [2024-09-04T21:04:15.812+0000] {dagbag.py:538} INFO - Filling up the DagBag from /opt/airflow/dags/welcome_dag.py
[2024-09-04T21:04:15.831+0000] {processor.py:840} INFO - DAG(s) 'welcome_dag' retrieved from /opt/airflow/dags/welcome_dag.py
[2024-09-04T21:04:15.853+0000] {logging_mixin.py:188} INFO - [2024-09-04T21:04:15.853+0000] {dag.py:3036} INFO - Sync 1 DAGs
[2024-09-04T21:04:15.886+0000] {logging_mixin.py:188} INFO - [2024-09-04T21:04:15.886+0000] {dag.py:3823} INFO - Setting next_dagrun for welcome_dag to 2024-09-03 23:00:00+00:00, run_after=2024-09-04 23:00:00+00:00
[2024-09-04T21:04:15.911+0000] {processor.py:183} INFO - Processing /opt/airflow/dags/welcome_dag.py took 0.105 seconds
[2024-09-04T21:04:46.480+0000] {processor.py:161} INFO - Started process (PID=2056) to work on /opt/airflow/dags/welcome_dag.py
[2024-09-04T21:04:46.481+0000] {processor.py:830} INFO - Processing file /opt/airflow/dags/welcome_dag.py for tasks to queue
[2024-09-04T21:04:46.483+0000] {logging_mixin.py:188} INFO - [2024-09-04T21:04:46.483+0000] {dagbag.py:538} INFO - Filling up the DagBag from /opt/airflow/dags/welcome_dag.py
[2024-09-04T21:04:46.498+0000] {processor.py:840} INFO - DAG(s) 'welcome_dag' retrieved from /opt/airflow/dags/welcome_dag.py
[2024-09-04T21:04:46.519+0000] {logging_mixin.py:188} INFO - [2024-09-04T21:04:46.519+0000] {dag.py:3036} INFO - Sync 1 DAGs
[2024-09-04T21:04:46.545+0000] {logging_mixin.py:188} INFO - [2024-09-04T21:04:46.545+0000] {dag.py:3823} INFO - Setting next_dagrun for welcome_dag to 2024-09-03 23:00:00+00:00, run_after=2024-09-04 23:00:00+00:00
[2024-09-04T21:04:46.571+0000] {processor.py:183} INFO - Processing /opt/airflow/dags/welcome_dag.py took 0.094 seconds
[2024-09-04T21:05:16.918+0000] {processor.py:161} INFO - Started process (PID=2112) to work on /opt/airflow/dags/welcome_dag.py
[2024-09-04T21:05:16.919+0000] {processor.py:830} INFO - Processing file /opt/airflow/dags/welcome_dag.py for tasks to queue
[2024-09-04T21:05:16.922+0000] {logging_mixin.py:188} INFO - [2024-09-04T21:05:16.921+0000] {dagbag.py:538} INFO - Filling up the DagBag from /opt/airflow/dags/welcome_dag.py
[2024-09-04T21:05:16.937+0000] {processor.py:840} INFO - DAG(s) 'welcome_dag' retrieved from /opt/airflow/dags/welcome_dag.py
[2024-09-04T21:05:16.958+0000] {logging_mixin.py:188} INFO - [2024-09-04T21:05:16.958+0000] {dag.py:3036} INFO - Sync 1 DAGs
[2024-09-04T21:05:16.990+0000] {logging_mixin.py:188} INFO - [2024-09-04T21:05:16.989+0000] {dag.py:3823} INFO - Setting next_dagrun for welcome_dag to 2024-09-03 23:00:00+00:00, run_after=2024-09-04 23:00:00+00:00
[2024-09-04T21:05:17.015+0000] {processor.py:183} INFO - Processing /opt/airflow/dags/welcome_dag.py took 0.101 seconds
[2024-09-04T21:05:47.351+0000] {processor.py:161} INFO - Started process (PID=2168) to work on /opt/airflow/dags/welcome_dag.py
[2024-09-04T21:05:47.352+0000] {processor.py:830} INFO - Processing file /opt/airflow/dags/welcome_dag.py for tasks to queue
[2024-09-04T21:05:47.354+0000] {logging_mixin.py:188} INFO - [2024-09-04T21:05:47.354+0000] {dagbag.py:538} INFO - Filling up the DagBag from /opt/airflow/dags/welcome_dag.py
[2024-09-04T21:05:47.370+0000] {processor.py:840} INFO - DAG(s) 'welcome_dag' retrieved from /opt/airflow/dags/welcome_dag.py
[2024-09-04T21:05:47.391+0000] {logging_mixin.py:188} INFO - [2024-09-04T21:05:47.391+0000] {dag.py:3036} INFO - Sync 1 DAGs
[2024-09-04T21:05:47.417+0000] {logging_mixin.py:188} INFO - [2024-09-04T21:05:47.417+0000] {dag.py:3823} INFO - Setting next_dagrun for welcome_dag to 2024-09-03 23:00:00+00:00, run_after=2024-09-04 23:00:00+00:00
[2024-09-04T21:05:47.440+0000] {processor.py:183} INFO - Processing /opt/airflow/dags/welcome_dag.py took 0.092 seconds
[2024-09-04T21:06:17.531+0000] {processor.py:161} INFO - Started process (PID=2224) to work on /opt/airflow/dags/welcome_dag.py
[2024-09-04T21:06:17.532+0000] {processor.py:830} INFO - Processing file /opt/airflow/dags/welcome_dag.py for tasks to queue
[2024-09-04T21:06:17.535+0000] {logging_mixin.py:188} INFO - [2024-09-04T21:06:17.534+0000] {dagbag.py:538} INFO - Filling up the DagBag from /opt/airflow/dags/welcome_dag.py
[2024-09-04T21:06:17.553+0000] {processor.py:840} INFO - DAG(s) 'welcome_dag' retrieved from /opt/airflow/dags/welcome_dag.py
[2024-09-04T21:06:17.574+0000] {logging_mixin.py:188} INFO - [2024-09-04T21:06:17.574+0000] {dag.py:3036} INFO - Sync 1 DAGs
[2024-09-04T21:06:17.599+0000] {logging_mixin.py:188} INFO - [2024-09-04T21:06:17.598+0000] {dag.py:3823} INFO - Setting next_dagrun for welcome_dag to 2024-09-03 23:00:00+00:00, run_after=2024-09-04 23:00:00+00:00
[2024-09-04T21:06:17.623+0000] {processor.py:183} INFO - Processing /opt/airflow/dags/welcome_dag.py took 0.096 seconds
[2024-09-04T21:06:47.804+0000] {processor.py:161} INFO - Started process (PID=2280) to work on /opt/airflow/dags/welcome_dag.py
[2024-09-04T21:06:47.805+0000] {processor.py:830} INFO - Processing file /opt/airflow/dags/welcome_dag.py for tasks to queue
[2024-09-04T21:06:47.807+0000] {logging_mixin.py:188} INFO - [2024-09-04T21:06:47.806+0000] {dagbag.py:538} INFO - Filling up the DagBag from /opt/airflow/dags/welcome_dag.py
[2024-09-04T21:06:47.821+0000] {processor.py:840} INFO - DAG(s) 'welcome_dag' retrieved from /opt/airflow/dags/welcome_dag.py
[2024-09-04T21:06:47.842+0000] {logging_mixin.py:188} INFO - [2024-09-04T21:06:47.842+0000] {dag.py:3036} INFO - Sync 1 DAGs
[2024-09-04T21:06:47.866+0000] {logging_mixin.py:188} INFO - [2024-09-04T21:06:47.866+0000] {dag.py:3823} INFO - Setting next_dagrun for welcome_dag to 2024-09-03 23:00:00+00:00, run_after=2024-09-04 23:00:00+00:00
[2024-09-04T21:06:47.892+0000] {processor.py:183} INFO - Processing /opt/airflow/dags/welcome_dag.py took 0.091 seconds
[2024-09-04T21:07:18.372+0000] {processor.py:161} INFO - Started process (PID=2336) to work on /opt/airflow/dags/welcome_dag.py
[2024-09-04T21:07:18.374+0000] {processor.py:830} INFO - Processing file /opt/airflow/dags/welcome_dag.py for tasks to queue
[2024-09-04T21:07:18.376+0000] {logging_mixin.py:188} INFO - [2024-09-04T21:07:18.375+0000] {dagbag.py:538} INFO - Filling up the DagBag from /opt/airflow/dags/welcome_dag.py
[2024-09-04T21:07:18.393+0000] {processor.py:840} INFO - DAG(s) 'welcome_dag' retrieved from /opt/airflow/dags/welcome_dag.py
[2024-09-04T21:07:18.414+0000] {logging_mixin.py:188} INFO - [2024-09-04T21:07:18.414+0000] {dag.py:3036} INFO - Sync 1 DAGs
[2024-09-04T21:07:18.438+0000] {logging_mixin.py:188} INFO - [2024-09-04T21:07:18.438+0000] {dag.py:3823} INFO - Setting next_dagrun for welcome_dag to 2024-09-03 23:00:00+00:00, run_after=2024-09-04 23:00:00+00:00
[2024-09-04T21:07:18.466+0000] {processor.py:183} INFO - Processing /opt/airflow/dags/welcome_dag.py took 0.098 seconds
[2024-09-04T21:07:48.611+0000] {processor.py:161} INFO - Started process (PID=2392) to work on /opt/airflow/dags/welcome_dag.py
[2024-09-04T21:07:48.612+0000] {processor.py:830} INFO - Processing file /opt/airflow/dags/welcome_dag.py for tasks to queue
[2024-09-04T21:07:48.615+0000] {logging_mixin.py:188} INFO - [2024-09-04T21:07:48.614+0000] {dagbag.py:538} INFO - Filling up the DagBag from /opt/airflow/dags/welcome_dag.py
[2024-09-04T21:07:48.631+0000] {processor.py:840} INFO - DAG(s) 'welcome_dag' retrieved from /opt/airflow/dags/welcome_dag.py
[2024-09-04T21:07:48.655+0000] {logging_mixin.py:188} INFO - [2024-09-04T21:07:48.654+0000] {dag.py:3036} INFO - Sync 1 DAGs
[2024-09-04T21:07:48.680+0000] {logging_mixin.py:188} INFO - [2024-09-04T21:07:48.679+0000] {dag.py:3823} INFO - Setting next_dagrun for welcome_dag to 2024-09-03 23:00:00+00:00, run_after=2024-09-04 23:00:00+00:00
[2024-09-04T21:07:48.706+0000] {processor.py:183} INFO - Processing /opt/airflow/dags/welcome_dag.py took 0.099 seconds
[2024-09-04T21:08:18.752+0000] {processor.py:161} INFO - Started process (PID=2448) to work on /opt/airflow/dags/welcome_dag.py
[2024-09-04T21:08:18.753+0000] {processor.py:830} INFO - Processing file /opt/airflow/dags/welcome_dag.py for tasks to queue
[2024-09-04T21:08:18.756+0000] {logging_mixin.py:188} INFO - [2024-09-04T21:08:18.755+0000] {dagbag.py:538} INFO - Filling up the DagBag from /opt/airflow/dags/welcome_dag.py
[2024-09-04T21:08:18.774+0000] {processor.py:840} INFO - DAG(s) 'welcome_dag' retrieved from /opt/airflow/dags/welcome_dag.py
[2024-09-04T21:08:18.797+0000] {logging_mixin.py:188} INFO - [2024-09-04T21:08:18.796+0000] {dag.py:3036} INFO - Sync 1 DAGs
[2024-09-04T21:08:18.828+0000] {logging_mixin.py:188} INFO - [2024-09-04T21:08:18.828+0000] {dag.py:3823} INFO - Setting next_dagrun for welcome_dag to 2024-09-03 23:00:00+00:00, run_after=2024-09-04 23:00:00+00:00
[2024-09-04T21:08:18.853+0000] {processor.py:183} INFO - Processing /opt/airflow/dags/welcome_dag.py took 0.105 seconds
[2024-09-04T21:08:49.328+0000] {processor.py:161} INFO - Started process (PID=2504) to work on /opt/airflow/dags/welcome_dag.py
[2024-09-04T21:08:49.330+0000] {processor.py:830} INFO - Processing file /opt/airflow/dags/welcome_dag.py for tasks to queue
[2024-09-04T21:08:49.332+0000] {logging_mixin.py:188} INFO - [2024-09-04T21:08:49.331+0000] {dagbag.py:538} INFO - Filling up the DagBag from /opt/airflow/dags/welcome_dag.py
[2024-09-04T21:08:49.352+0000] {processor.py:840} INFO - DAG(s) 'welcome_dag' retrieved from /opt/airflow/dags/welcome_dag.py
[2024-09-04T21:08:49.372+0000] {logging_mixin.py:188} INFO - [2024-09-04T21:08:49.372+0000] {dag.py:3036} INFO - Sync 1 DAGs
[2024-09-04T21:08:49.399+0000] {logging_mixin.py:188} INFO - [2024-09-04T21:08:49.399+0000] {dag.py:3823} INFO - Setting next_dagrun for welcome_dag to 2024-09-03 23:00:00+00:00, run_after=2024-09-04 23:00:00+00:00
[2024-09-04T21:08:49.425+0000] {processor.py:183} INFO - Processing /opt/airflow/dags/welcome_dag.py took 0.101 seconds
[2024-09-04T21:09:19.672+0000] {processor.py:161} INFO - Started process (PID=2560) to work on /opt/airflow/dags/welcome_dag.py
[2024-09-04T21:09:19.673+0000] {processor.py:830} INFO - Processing file /opt/airflow/dags/welcome_dag.py for tasks to queue
[2024-09-04T21:09:19.675+0000] {logging_mixin.py:188} INFO - [2024-09-04T21:09:19.674+0000] {dagbag.py:538} INFO - Filling up the DagBag from /opt/airflow/dags/welcome_dag.py
[2024-09-04T21:09:19.691+0000] {processor.py:840} INFO - DAG(s) 'welcome_dag' retrieved from /opt/airflow/dags/welcome_dag.py
[2024-09-04T21:09:19.713+0000] {logging_mixin.py:188} INFO - [2024-09-04T21:09:19.713+0000] {dag.py:3036} INFO - Sync 1 DAGs
[2024-09-04T21:09:19.737+0000] {logging_mixin.py:188} INFO - [2024-09-04T21:09:19.736+0000] {dag.py:3823} INFO - Setting next_dagrun for welcome_dag to 2024-09-03 23:00:00+00:00, run_after=2024-09-04 23:00:00+00:00
[2024-09-04T21:09:19.759+0000] {processor.py:183} INFO - Processing /opt/airflow/dags/welcome_dag.py took 0.090 seconds
[2024-09-04T21:09:50.125+0000] {processor.py:161} INFO - Started process (PID=2616) to work on /opt/airflow/dags/welcome_dag.py
[2024-09-04T21:09:50.126+0000] {processor.py:830} INFO - Processing file /opt/airflow/dags/welcome_dag.py for tasks to queue
[2024-09-04T21:09:50.128+0000] {logging_mixin.py:188} INFO - [2024-09-04T21:09:50.127+0000] {dagbag.py:538} INFO - Filling up the DagBag from /opt/airflow/dags/welcome_dag.py
[2024-09-04T21:09:50.143+0000] {processor.py:840} INFO - DAG(s) 'welcome_dag' retrieved from /opt/airflow/dags/welcome_dag.py
[2024-09-04T21:09:50.164+0000] {logging_mixin.py:188} INFO - [2024-09-04T21:09:50.163+0000] {dag.py:3036} INFO - Sync 1 DAGs
[2024-09-04T21:09:50.328+0000] {logging_mixin.py:188} INFO - [2024-09-04T21:09:50.327+0000] {dag.py:3823} INFO - Setting next_dagrun for welcome_dag to 2024-09-03 23:00:00+00:00, run_after=2024-09-04 23:00:00+00:00
[2024-09-04T21:09:50.349+0000] {processor.py:183} INFO - Processing /opt/airflow/dags/welcome_dag.py took 0.227 seconds
[2024-09-04T21:10:20.399+0000] {processor.py:161} INFO - Started process (PID=2672) to work on /opt/airflow/dags/welcome_dag.py
[2024-09-04T21:10:20.400+0000] {processor.py:830} INFO - Processing file /opt/airflow/dags/welcome_dag.py for tasks to queue
[2024-09-04T21:10:20.402+0000] {logging_mixin.py:188} INFO - [2024-09-04T21:10:20.402+0000] {dagbag.py:538} INFO - Filling up the DagBag from /opt/airflow/dags/welcome_dag.py
[2024-09-04T21:10:20.418+0000] {processor.py:840} INFO - DAG(s) 'welcome_dag' retrieved from /opt/airflow/dags/welcome_dag.py
[2024-09-04T21:10:20.438+0000] {logging_mixin.py:188} INFO - [2024-09-04T21:10:20.438+0000] {dag.py:3036} INFO - Sync 1 DAGs
[2024-09-04T21:10:20.590+0000] {logging_mixin.py:188} INFO - [2024-09-04T21:10:20.590+0000] {dag.py:3823} INFO - Setting next_dagrun for welcome_dag to 2024-09-03 23:00:00+00:00, run_after=2024-09-04 23:00:00+00:00
[2024-09-04T21:10:20.616+0000] {processor.py:183} INFO - Processing /opt/airflow/dags/welcome_dag.py took 0.219 seconds
[2024-09-04T21:10:50.733+0000] {processor.py:161} INFO - Started process (PID=2728) to work on /opt/airflow/dags/welcome_dag.py
[2024-09-04T21:10:50.735+0000] {processor.py:830} INFO - Processing file /opt/airflow/dags/welcome_dag.py for tasks to queue
[2024-09-04T21:10:50.737+0000] {logging_mixin.py:188} INFO - [2024-09-04T21:10:50.736+0000] {dagbag.py:538} INFO - Filling up the DagBag from /opt/airflow/dags/welcome_dag.py
[2024-09-04T21:10:50.755+0000] {processor.py:840} INFO - DAG(s) 'welcome_dag' retrieved from /opt/airflow/dags/welcome_dag.py
[2024-09-04T21:10:50.777+0000] {logging_mixin.py:188} INFO - [2024-09-04T21:10:50.777+0000] {dag.py:3036} INFO - Sync 1 DAGs
[2024-09-04T21:10:50.802+0000] {logging_mixin.py:188} INFO - [2024-09-04T21:10:50.802+0000] {dag.py:3823} INFO - Setting next_dagrun for welcome_dag to 2024-09-03 23:00:00+00:00, run_after=2024-09-04 23:00:00+00:00
[2024-09-04T21:10:50.825+0000] {processor.py:183} INFO - Processing /opt/airflow/dags/welcome_dag.py took 0.096 seconds
[2024-09-04T21:11:20.907+0000] {processor.py:161} INFO - Started process (PID=2784) to work on /opt/airflow/dags/welcome_dag.py
[2024-09-04T21:11:20.908+0000] {processor.py:830} INFO - Processing file /opt/airflow/dags/welcome_dag.py for tasks to queue
[2024-09-04T21:11:20.910+0000] {logging_mixin.py:188} INFO - [2024-09-04T21:11:20.910+0000] {dagbag.py:538} INFO - Filling up the DagBag from /opt/airflow/dags/welcome_dag.py
[2024-09-04T21:11:20.927+0000] {processor.py:840} INFO - DAG(s) 'welcome_dag' retrieved from /opt/airflow/dags/welcome_dag.py
[2024-09-04T21:11:20.954+0000] {logging_mixin.py:188} INFO - [2024-09-04T21:11:20.953+0000] {dag.py:3036} INFO - Sync 1 DAGs
[2024-09-04T21:11:20.985+0000] {logging_mixin.py:188} INFO - [2024-09-04T21:11:20.985+0000] {dag.py:3823} INFO - Setting next_dagrun for welcome_dag to 2024-09-03 23:00:00+00:00, run_after=2024-09-04 23:00:00+00:00
[2024-09-04T21:11:21.013+0000] {processor.py:183} INFO - Processing /opt/airflow/dags/welcome_dag.py took 0.109 seconds
[2024-09-04T21:11:51.186+0000] {processor.py:161} INFO - Started process (PID=2840) to work on /opt/airflow/dags/welcome_dag.py
[2024-09-04T21:11:51.187+0000] {processor.py:830} INFO - Processing file /opt/airflow/dags/welcome_dag.py for tasks to queue
[2024-09-04T21:11:51.189+0000] {logging_mixin.py:188} INFO - [2024-09-04T21:11:51.189+0000] {dagbag.py:538} INFO - Filling up the DagBag from /opt/airflow/dags/welcome_dag.py
[2024-09-04T21:11:51.206+0000] {processor.py:840} INFO - DAG(s) 'welcome_dag' retrieved from /opt/airflow/dags/welcome_dag.py
[2024-09-04T21:11:51.226+0000] {logging_mixin.py:188} INFO - [2024-09-04T21:11:51.226+0000] {dag.py:3036} INFO - Sync 1 DAGs
[2024-09-04T21:11:51.254+0000] {logging_mixin.py:188} INFO - [2024-09-04T21:11:51.253+0000] {dag.py:3823} INFO - Setting next_dagrun for welcome_dag to 2024-09-03 23:00:00+00:00, run_after=2024-09-04 23:00:00+00:00
[2024-09-04T21:11:51.279+0000] {processor.py:183} INFO - Processing /opt/airflow/dags/welcome_dag.py took 0.098 seconds
[2024-09-04T21:12:21.505+0000] {processor.py:161} INFO - Started process (PID=2896) to work on /opt/airflow/dags/welcome_dag.py
[2024-09-04T21:12:21.506+0000] {processor.py:830} INFO - Processing file /opt/airflow/dags/welcome_dag.py for tasks to queue
[2024-09-04T21:12:21.508+0000] {logging_mixin.py:188} INFO - [2024-09-04T21:12:21.508+0000] {dagbag.py:538} INFO - Filling up the DagBag from /opt/airflow/dags/welcome_dag.py
[2024-09-04T21:12:21.525+0000] {processor.py:840} INFO - DAG(s) 'welcome_dag' retrieved from /opt/airflow/dags/welcome_dag.py
[2024-09-04T21:12:21.548+0000] {logging_mixin.py:188} INFO - [2024-09-04T21:12:21.547+0000] {dag.py:3036} INFO - Sync 1 DAGs
[2024-09-04T21:12:21.572+0000] {logging_mixin.py:188} INFO - [2024-09-04T21:12:21.572+0000] {dag.py:3823} INFO - Setting next_dagrun for welcome_dag to 2024-09-03 23:00:00+00:00, run_after=2024-09-04 23:00:00+00:00
[2024-09-04T21:12:21.597+0000] {processor.py:183} INFO - Processing /opt/airflow/dags/welcome_dag.py took 0.096 seconds
[2024-09-04T21:12:51.737+0000] {processor.py:161} INFO - Started process (PID=2953) to work on /opt/airflow/dags/welcome_dag.py
[2024-09-04T21:12:51.738+0000] {processor.py:830} INFO - Processing file /opt/airflow/dags/welcome_dag.py for tasks to queue
[2024-09-04T21:12:51.741+0000] {logging_mixin.py:188} INFO - [2024-09-04T21:12:51.741+0000] {dagbag.py:538} INFO - Filling up the DagBag from /opt/airflow/dags/welcome_dag.py
[2024-09-04T21:12:51.764+0000] {processor.py:840} INFO - DAG(s) 'welcome_dag' retrieved from /opt/airflow/dags/welcome_dag.py
[2024-09-04T21:12:51.786+0000] {logging_mixin.py:188} INFO - [2024-09-04T21:12:51.786+0000] {dag.py:3036} INFO - Sync 1 DAGs
[2024-09-04T21:12:51.810+0000] {logging_mixin.py:188} INFO - [2024-09-04T21:12:51.810+0000] {dag.py:3823} INFO - Setting next_dagrun for welcome_dag to 2024-09-03 23:00:00+00:00, run_after=2024-09-04 23:00:00+00:00
[2024-09-04T21:12:51.833+0000] {processor.py:183} INFO - Processing /opt/airflow/dags/welcome_dag.py took 0.099 seconds
[2024-09-04T21:13:21.913+0000] {processor.py:161} INFO - Started process (PID=3009) to work on /opt/airflow/dags/welcome_dag.py
[2024-09-04T21:13:21.915+0000] {processor.py:830} INFO - Processing file /opt/airflow/dags/welcome_dag.py for tasks to queue
[2024-09-04T21:13:21.917+0000] {logging_mixin.py:188} INFO - [2024-09-04T21:13:21.917+0000] {dagbag.py:538} INFO - Filling up the DagBag from /opt/airflow/dags/welcome_dag.py
[2024-09-04T21:13:21.935+0000] {processor.py:840} INFO - DAG(s) 'welcome_dag' retrieved from /opt/airflow/dags/welcome_dag.py
[2024-09-04T21:13:21.958+0000] {logging_mixin.py:188} INFO - [2024-09-04T21:13:21.958+0000] {dag.py:3036} INFO - Sync 1 DAGs
[2024-09-04T21:13:21.987+0000] {logging_mixin.py:188} INFO - [2024-09-04T21:13:21.986+0000] {dag.py:3823} INFO - Setting next_dagrun for welcome_dag to 2024-09-03 23:00:00+00:00, run_after=2024-09-04 23:00:00+00:00
[2024-09-04T21:13:22.010+0000] {processor.py:183} INFO - Processing /opt/airflow/dags/welcome_dag.py took 0.101 seconds
[2024-09-04T21:13:52.268+0000] {processor.py:161} INFO - Started process (PID=3065) to work on /opt/airflow/dags/welcome_dag.py
[2024-09-04T21:13:52.269+0000] {processor.py:830} INFO - Processing file /opt/airflow/dags/welcome_dag.py for tasks to queue
[2024-09-04T21:13:52.272+0000] {logging_mixin.py:188} INFO - [2024-09-04T21:13:52.271+0000] {dagbag.py:538} INFO - Filling up the DagBag from /opt/airflow/dags/welcome_dag.py
[2024-09-04T21:13:52.287+0000] {processor.py:840} INFO - DAG(s) 'welcome_dag' retrieved from /opt/airflow/dags/welcome_dag.py
[2024-09-04T21:13:52.310+0000] {logging_mixin.py:188} INFO - [2024-09-04T21:13:52.309+0000] {dag.py:3036} INFO - Sync 1 DAGs
[2024-09-04T21:13:52.335+0000] {logging_mixin.py:188} INFO - [2024-09-04T21:13:52.335+0000] {dag.py:3823} INFO - Setting next_dagrun for welcome_dag to 2024-09-03 23:00:00+00:00, run_after=2024-09-04 23:00:00+00:00
[2024-09-04T21:13:52.360+0000] {processor.py:183} INFO - Processing /opt/airflow/dags/welcome_dag.py took 0.096 seconds
[2024-09-04T21:14:22.927+0000] {processor.py:161} INFO - Started process (PID=3121) to work on /opt/airflow/dags/welcome_dag.py
[2024-09-04T21:14:22.929+0000] {processor.py:830} INFO - Processing file /opt/airflow/dags/welcome_dag.py for tasks to queue
[2024-09-04T21:14:22.931+0000] {logging_mixin.py:188} INFO - [2024-09-04T21:14:22.931+0000] {dagbag.py:538} INFO - Filling up the DagBag from /opt/airflow/dags/welcome_dag.py
[2024-09-04T21:14:22.949+0000] {processor.py:840} INFO - DAG(s) 'welcome_dag' retrieved from /opt/airflow/dags/welcome_dag.py
[2024-09-04T21:14:22.971+0000] {logging_mixin.py:188} INFO - [2024-09-04T21:14:22.971+0000] {dag.py:3036} INFO - Sync 1 DAGs
[2024-09-04T21:14:22.996+0000] {logging_mixin.py:188} INFO - [2024-09-04T21:14:22.995+0000] {dag.py:3823} INFO - Setting next_dagrun for welcome_dag to 2024-09-03 23:00:00+00:00, run_after=2024-09-04 23:00:00+00:00
[2024-09-04T21:14:23.021+0000] {processor.py:183} INFO - Processing /opt/airflow/dags/welcome_dag.py took 0.098 seconds
[2024-09-04T21:14:53.536+0000] {processor.py:161} INFO - Started process (PID=3177) to work on /opt/airflow/dags/welcome_dag.py
[2024-09-04T21:14:53.537+0000] {processor.py:830} INFO - Processing file /opt/airflow/dags/welcome_dag.py for tasks to queue
[2024-09-04T21:14:53.539+0000] {logging_mixin.py:188} INFO - [2024-09-04T21:14:53.539+0000] {dagbag.py:538} INFO - Filling up the DagBag from /opt/airflow/dags/welcome_dag.py
[2024-09-04T21:14:53.555+0000] {processor.py:840} INFO - DAG(s) 'welcome_dag' retrieved from /opt/airflow/dags/welcome_dag.py
[2024-09-04T21:14:53.577+0000] {logging_mixin.py:188} INFO - [2024-09-04T21:14:53.577+0000] {dag.py:3036} INFO - Sync 1 DAGs
[2024-09-04T21:14:53.602+0000] {logging_mixin.py:188} INFO - [2024-09-04T21:14:53.601+0000] {dag.py:3823} INFO - Setting next_dagrun for welcome_dag to 2024-09-03 23:00:00+00:00, run_after=2024-09-04 23:00:00+00:00
[2024-09-04T21:14:53.625+0000] {processor.py:183} INFO - Processing /opt/airflow/dags/welcome_dag.py took 0.093 seconds
[2024-09-04T21:15:24.043+0000] {processor.py:161} INFO - Started process (PID=3233) to work on /opt/airflow/dags/welcome_dag.py
[2024-09-04T21:15:24.044+0000] {processor.py:830} INFO - Processing file /opt/airflow/dags/welcome_dag.py for tasks to queue
[2024-09-04T21:15:24.046+0000] {logging_mixin.py:188} INFO - [2024-09-04T21:15:24.045+0000] {dagbag.py:538} INFO - Filling up the DagBag from /opt/airflow/dags/welcome_dag.py
[2024-09-04T21:15:24.059+0000] {processor.py:840} INFO - DAG(s) 'welcome_dag' retrieved from /opt/airflow/dags/welcome_dag.py
[2024-09-04T21:15:24.080+0000] {logging_mixin.py:188} INFO - [2024-09-04T21:15:24.080+0000] {dag.py:3036} INFO - Sync 1 DAGs
[2024-09-04T21:15:24.106+0000] {logging_mixin.py:188} INFO - [2024-09-04T21:15:24.105+0000] {dag.py:3823} INFO - Setting next_dagrun for welcome_dag to 2024-09-03 23:00:00+00:00, run_after=2024-09-04 23:00:00+00:00
[2024-09-04T21:15:24.127+0000] {processor.py:183} INFO - Processing /opt/airflow/dags/welcome_dag.py took 0.089 seconds
[2024-09-04T21:15:54.774+0000] {processor.py:161} INFO - Started process (PID=3289) to work on /opt/airflow/dags/welcome_dag.py
[2024-09-04T21:15:54.775+0000] {processor.py:830} INFO - Processing file /opt/airflow/dags/welcome_dag.py for tasks to queue
[2024-09-04T21:15:54.777+0000] {logging_mixin.py:188} INFO - [2024-09-04T21:15:54.776+0000] {dagbag.py:538} INFO - Filling up the DagBag from /opt/airflow/dags/welcome_dag.py
[2024-09-04T21:15:54.792+0000] {processor.py:840} INFO - DAG(s) 'welcome_dag' retrieved from /opt/airflow/dags/welcome_dag.py
[2024-09-04T21:15:54.812+0000] {logging_mixin.py:188} INFO - [2024-09-04T21:15:54.811+0000] {dag.py:3036} INFO - Sync 1 DAGs
[2024-09-04T21:15:54.836+0000] {logging_mixin.py:188} INFO - [2024-09-04T21:15:54.835+0000] {dag.py:3823} INFO - Setting next_dagrun for welcome_dag to 2024-09-03 23:00:00+00:00, run_after=2024-09-04 23:00:00+00:00
[2024-09-04T21:15:54.858+0000] {processor.py:183} INFO - Processing /opt/airflow/dags/welcome_dag.py took 0.089 seconds
[2024-09-04T21:16:25.345+0000] {processor.py:161} INFO - Started process (PID=3345) to work on /opt/airflow/dags/welcome_dag.py
[2024-09-04T21:16:25.347+0000] {processor.py:830} INFO - Processing file /opt/airflow/dags/welcome_dag.py for tasks to queue
[2024-09-04T21:16:25.349+0000] {logging_mixin.py:188} INFO - [2024-09-04T21:16:25.349+0000] {dagbag.py:538} INFO - Filling up the DagBag from /opt/airflow/dags/welcome_dag.py
[2024-09-04T21:16:25.365+0000] {processor.py:840} INFO - DAG(s) 'welcome_dag' retrieved from /opt/airflow/dags/welcome_dag.py
[2024-09-04T21:16:25.388+0000] {logging_mixin.py:188} INFO - [2024-09-04T21:16:25.387+0000] {dag.py:3036} INFO - Sync 1 DAGs
[2024-09-04T21:16:25.412+0000] {logging_mixin.py:188} INFO - [2024-09-04T21:16:25.412+0000] {dag.py:3823} INFO - Setting next_dagrun for welcome_dag to 2024-09-03 23:00:00+00:00, run_after=2024-09-04 23:00:00+00:00
[2024-09-04T21:16:25.435+0000] {processor.py:183} INFO - Processing /opt/airflow/dags/welcome_dag.py took 0.093 seconds
[2024-09-04T21:16:56.037+0000] {processor.py:161} INFO - Started process (PID=3401) to work on /opt/airflow/dags/welcome_dag.py
[2024-09-04T21:16:56.038+0000] {processor.py:830} INFO - Processing file /opt/airflow/dags/welcome_dag.py for tasks to queue
[2024-09-04T21:16:56.041+0000] {logging_mixin.py:188} INFO - [2024-09-04T21:16:56.040+0000] {dagbag.py:538} INFO - Filling up the DagBag from /opt/airflow/dags/welcome_dag.py
[2024-09-04T21:16:56.059+0000] {processor.py:840} INFO - DAG(s) 'welcome_dag' retrieved from /opt/airflow/dags/welcome_dag.py
[2024-09-04T21:16:56.088+0000] {logging_mixin.py:188} INFO - [2024-09-04T21:16:56.088+0000] {dag.py:3036} INFO - Sync 1 DAGs
[2024-09-04T21:16:56.118+0000] {logging_mixin.py:188} INFO - [2024-09-04T21:16:56.118+0000] {dag.py:3823} INFO - Setting next_dagrun for welcome_dag to 2024-09-03 23:00:00+00:00, run_after=2024-09-04 23:00:00+00:00
[2024-09-04T21:16:56.146+0000] {processor.py:183} INFO - Processing /opt/airflow/dags/welcome_dag.py took 0.114 seconds
[2024-09-04T21:17:26.581+0000] {processor.py:161} INFO - Started process (PID=3457) to work on /opt/airflow/dags/welcome_dag.py
[2024-09-04T21:17:26.583+0000] {processor.py:830} INFO - Processing file /opt/airflow/dags/welcome_dag.py for tasks to queue
[2024-09-04T21:17:26.585+0000] {logging_mixin.py:188} INFO - [2024-09-04T21:17:26.585+0000] {dagbag.py:538} INFO - Filling up the DagBag from /opt/airflow/dags/welcome_dag.py
[2024-09-04T21:17:26.602+0000] {processor.py:840} INFO - DAG(s) 'welcome_dag' retrieved from /opt/airflow/dags/welcome_dag.py
[2024-09-04T21:17:26.623+0000] {logging_mixin.py:188} INFO - [2024-09-04T21:17:26.623+0000] {dag.py:3036} INFO - Sync 1 DAGs
[2024-09-04T21:17:26.649+0000] {logging_mixin.py:188} INFO - [2024-09-04T21:17:26.648+0000] {dag.py:3823} INFO - Setting next_dagrun for welcome_dag to 2024-09-03 23:00:00+00:00, run_after=2024-09-04 23:00:00+00:00
[2024-09-04T21:17:26.671+0000] {processor.py:183} INFO - Processing /opt/airflow/dags/welcome_dag.py took 0.094 seconds
[2024-09-04T21:17:56.721+0000] {processor.py:161} INFO - Started process (PID=3513) to work on /opt/airflow/dags/welcome_dag.py
[2024-09-04T21:17:56.722+0000] {processor.py:830} INFO - Processing file /opt/airflow/dags/welcome_dag.py for tasks to queue
[2024-09-04T21:17:56.724+0000] {logging_mixin.py:188} INFO - [2024-09-04T21:17:56.723+0000] {dagbag.py:538} INFO - Filling up the DagBag from /opt/airflow/dags/welcome_dag.py
[2024-09-04T21:17:56.739+0000] {processor.py:840} INFO - DAG(s) 'welcome_dag' retrieved from /opt/airflow/dags/welcome_dag.py
[2024-09-04T21:17:56.758+0000] {logging_mixin.py:188} INFO - [2024-09-04T21:17:56.758+0000] {dag.py:3036} INFO - Sync 1 DAGs
[2024-09-04T21:17:56.786+0000] {logging_mixin.py:188} INFO - [2024-09-04T21:17:56.786+0000] {dag.py:3823} INFO - Setting next_dagrun for welcome_dag to 2024-09-03 23:00:00+00:00, run_after=2024-09-04 23:00:00+00:00
[2024-09-04T21:17:56.809+0000] {processor.py:183} INFO - Processing /opt/airflow/dags/welcome_dag.py took 0.091 seconds
[2024-09-04T21:18:27.281+0000] {processor.py:161} INFO - Started process (PID=3569) to work on /opt/airflow/dags/welcome_dag.py
[2024-09-04T21:18:27.282+0000] {processor.py:830} INFO - Processing file /opt/airflow/dags/welcome_dag.py for tasks to queue
[2024-09-04T21:18:27.283+0000] {logging_mixin.py:188} INFO - [2024-09-04T21:18:27.283+0000] {dagbag.py:538} INFO - Filling up the DagBag from /opt/airflow/dags/welcome_dag.py
[2024-09-04T21:18:27.300+0000] {processor.py:840} INFO - DAG(s) 'welcome_dag' retrieved from /opt/airflow/dags/welcome_dag.py
[2024-09-04T21:18:27.322+0000] {logging_mixin.py:188} INFO - [2024-09-04T21:18:27.322+0000] {dag.py:3036} INFO - Sync 1 DAGs
[2024-09-04T21:18:27.346+0000] {logging_mixin.py:188} INFO - [2024-09-04T21:18:27.346+0000] {dag.py:3823} INFO - Setting next_dagrun for welcome_dag to 2024-09-03 23:00:00+00:00, run_after=2024-09-04 23:00:00+00:00
[2024-09-04T21:18:27.369+0000] {processor.py:183} INFO - Processing /opt/airflow/dags/welcome_dag.py took 0.092 seconds
[2024-09-04T21:18:57.870+0000] {processor.py:161} INFO - Started process (PID=3625) to work on /opt/airflow/dags/welcome_dag.py
[2024-09-04T21:18:57.871+0000] {processor.py:830} INFO - Processing file /opt/airflow/dags/welcome_dag.py for tasks to queue
[2024-09-04T21:18:57.873+0000] {logging_mixin.py:188} INFO - [2024-09-04T21:18:57.873+0000] {dagbag.py:538} INFO - Filling up the DagBag from /opt/airflow/dags/welcome_dag.py
[2024-09-04T21:18:57.887+0000] {processor.py:840} INFO - DAG(s) 'welcome_dag' retrieved from /opt/airflow/dags/welcome_dag.py
[2024-09-04T21:18:57.908+0000] {logging_mixin.py:188} INFO - [2024-09-04T21:18:57.908+0000] {dag.py:3036} INFO - Sync 1 DAGs
[2024-09-04T21:18:57.931+0000] {logging_mixin.py:188} INFO - [2024-09-04T21:18:57.931+0000] {dag.py:3823} INFO - Setting next_dagrun for welcome_dag to 2024-09-03 23:00:00+00:00, run_after=2024-09-04 23:00:00+00:00
[2024-09-04T21:18:57.953+0000] {processor.py:183} INFO - Processing /opt/airflow/dags/welcome_dag.py took 0.088 seconds
[2024-09-04T21:19:28.324+0000] {processor.py:161} INFO - Started process (PID=3681) to work on /opt/airflow/dags/welcome_dag.py
[2024-09-04T21:19:28.325+0000] {processor.py:830} INFO - Processing file /opt/airflow/dags/welcome_dag.py for tasks to queue
[2024-09-04T21:19:28.327+0000] {logging_mixin.py:188} INFO - [2024-09-04T21:19:28.327+0000] {dagbag.py:538} INFO - Filling up the DagBag from /opt/airflow/dags/welcome_dag.py
[2024-09-04T21:19:28.343+0000] {processor.py:840} INFO - DAG(s) 'welcome_dag' retrieved from /opt/airflow/dags/welcome_dag.py
[2024-09-04T21:19:28.364+0000] {logging_mixin.py:188} INFO - [2024-09-04T21:19:28.364+0000] {dag.py:3036} INFO - Sync 1 DAGs
[2024-09-04T21:19:28.387+0000] {logging_mixin.py:188} INFO - [2024-09-04T21:19:28.387+0000] {dag.py:3823} INFO - Setting next_dagrun for welcome_dag to 2024-09-03 23:00:00+00:00, run_after=2024-09-04 23:00:00+00:00
[2024-09-04T21:19:28.409+0000] {processor.py:183} INFO - Processing /opt/airflow/dags/welcome_dag.py took 0.088 seconds
[2024-09-04T21:19:58.815+0000] {processor.py:161} INFO - Started process (PID=3737) to work on /opt/airflow/dags/welcome_dag.py
[2024-09-04T21:19:58.816+0000] {processor.py:830} INFO - Processing file /opt/airflow/dags/welcome_dag.py for tasks to queue
[2024-09-04T21:19:58.818+0000] {logging_mixin.py:188} INFO - [2024-09-04T21:19:58.817+0000] {dagbag.py:538} INFO - Filling up the DagBag from /opt/airflow/dags/welcome_dag.py
[2024-09-04T21:19:58.832+0000] {processor.py:840} INFO - DAG(s) 'welcome_dag' retrieved from /opt/airflow/dags/welcome_dag.py
[2024-09-04T21:19:58.851+0000] {logging_mixin.py:188} INFO - [2024-09-04T21:19:58.851+0000] {dag.py:3036} INFO - Sync 1 DAGs
[2024-09-04T21:19:58.874+0000] {logging_mixin.py:188} INFO - [2024-09-04T21:19:58.874+0000] {dag.py:3823} INFO - Setting next_dagrun for welcome_dag to 2024-09-03 23:00:00+00:00, run_after=2024-09-04 23:00:00+00:00
[2024-09-04T21:19:58.895+0000] {processor.py:183} INFO - Processing /opt/airflow/dags/welcome_dag.py took 0.084 seconds
[2024-09-04T21:20:29.013+0000] {processor.py:161} INFO - Started process (PID=3793) to work on /opt/airflow/dags/welcome_dag.py
[2024-09-04T21:20:29.014+0000] {processor.py:830} INFO - Processing file /opt/airflow/dags/welcome_dag.py for tasks to queue
[2024-09-04T21:20:29.016+0000] {logging_mixin.py:188} INFO - [2024-09-04T21:20:29.016+0000] {dagbag.py:538} INFO - Filling up the DagBag from /opt/airflow/dags/welcome_dag.py
[2024-09-04T21:20:29.034+0000] {processor.py:840} INFO - DAG(s) 'welcome_dag' retrieved from /opt/airflow/dags/welcome_dag.py
[2024-09-04T21:20:29.056+0000] {logging_mixin.py:188} INFO - [2024-09-04T21:20:29.056+0000] {dag.py:3036} INFO - Sync 1 DAGs
[2024-09-04T21:20:29.081+0000] {logging_mixin.py:188} INFO - [2024-09-04T21:20:29.080+0000] {dag.py:3823} INFO - Setting next_dagrun for welcome_dag to 2024-09-03 23:00:00+00:00, run_after=2024-09-04 23:00:00+00:00
[2024-09-04T21:20:29.107+0000] {processor.py:183} INFO - Processing /opt/airflow/dags/welcome_dag.py took 0.099 seconds
[2024-09-04T21:23:52.735+0000] {processor.py:161} INFO - Started process (PID=34) to work on /opt/airflow/dags/welcome_dag.py
[2024-09-04T21:23:52.744+0000] {processor.py:830} INFO - Processing file /opt/airflow/dags/welcome_dag.py for tasks to queue
[2024-09-04T21:23:52.754+0000] {logging_mixin.py:188} INFO - [2024-09-04T21:23:52.750+0000] {dagbag.py:538} INFO - Filling up the DagBag from /opt/airflow/dags/welcome_dag.py
[2024-09-04T21:23:53.332+0000] {processor.py:840} INFO - DAG(s) 'welcome_dag' retrieved from /opt/airflow/dags/welcome_dag.py
[2024-09-04T21:23:55.282+0000] {logging_mixin.py:188} INFO - [2024-09-04T21:23:55.281+0000] {override.py:1769} INFO - Created Permission View: can edit on DAG:welcome_dag
[2024-09-04T21:23:55.375+0000] {logging_mixin.py:188} INFO - [2024-09-04T21:23:55.374+0000] {override.py:1769} INFO - Created Permission View: can delete on DAG:welcome_dag
[2024-09-04T21:23:55.470+0000] {logging_mixin.py:188} INFO - [2024-09-04T21:23:55.470+0000] {override.py:1769} INFO - Created Permission View: can read on DAG:welcome_dag
[2024-09-04T21:23:55.471+0000] {logging_mixin.py:188} INFO - [2024-09-04T21:23:55.471+0000] {dag.py:3036} INFO - Sync 1 DAGs
[2024-09-04T21:23:55.621+0000] {logging_mixin.py:188} INFO - [2024-09-04T21:23:55.620+0000] {dag.py:3058} INFO - Creating ORM DAG for welcome_dag
[2024-09-04T21:23:55.656+0000] {logging_mixin.py:188} INFO - [2024-09-04T21:23:55.656+0000] {dag.py:3823} INFO - Setting next_dagrun for welcome_dag to 2024-09-03 23:00:00+00:00, run_after=2024-09-04 23:00:00+00:00
[2024-09-04T21:23:55.770+0000] {processor.py:183} INFO - Processing /opt/airflow/dags/welcome_dag.py took 3.110 seconds
[2024-09-04T21:24:28.397+0000] {processor.py:161} INFO - Started process (PID=90) to work on /opt/airflow/dags/welcome_dag.py
[2024-09-04T21:24:28.408+0000] {processor.py:830} INFO - Processing file /opt/airflow/dags/welcome_dag.py for tasks to queue
[2024-09-04T21:24:28.414+0000] {logging_mixin.py:188} INFO - [2024-09-04T21:24:28.412+0000] {dagbag.py:538} INFO - Filling up the DagBag from /opt/airflow/dags/welcome_dag.py
[2024-09-04T21:24:28.551+0000] {processor.py:840} INFO - DAG(s) 'welcome_dag' retrieved from /opt/airflow/dags/welcome_dag.py
[2024-09-04T21:24:28.935+0000] {logging_mixin.py:188} INFO - [2024-09-04T21:24:28.934+0000] {dag.py:3036} INFO - Sync 1 DAGs
[2024-09-04T21:24:29.048+0000] {logging_mixin.py:188} INFO - [2024-09-04T21:24:29.048+0000] {dag.py:3823} INFO - Setting next_dagrun for welcome_dag to 2024-09-03 23:00:00+00:00, run_after=2024-09-04 23:00:00+00:00
[2024-09-04T21:24:29.086+0000] {processor.py:183} INFO - Processing /opt/airflow/dags/welcome_dag.py took 0.836 seconds
[2024-09-04T21:24:59.440+0000] {processor.py:161} INFO - Started process (PID=150) to work on /opt/airflow/dags/welcome_dag.py
[2024-09-04T21:24:59.442+0000] {processor.py:830} INFO - Processing file /opt/airflow/dags/welcome_dag.py for tasks to queue
[2024-09-04T21:24:59.443+0000] {logging_mixin.py:188} INFO - [2024-09-04T21:24:59.443+0000] {dagbag.py:538} INFO - Filling up the DagBag from /opt/airflow/dags/welcome_dag.py
[2024-09-04T21:24:59.467+0000] {processor.py:840} INFO - DAG(s) 'welcome_dag' retrieved from /opt/airflow/dags/welcome_dag.py
[2024-09-04T21:24:59.494+0000] {logging_mixin.py:188} INFO - [2024-09-04T21:24:59.494+0000] {dag.py:3036} INFO - Sync 1 DAGs
[2024-09-04T21:24:59.519+0000] {logging_mixin.py:188} INFO - [2024-09-04T21:24:59.519+0000] {dag.py:3823} INFO - Setting next_dagrun for welcome_dag to 2024-09-03 23:00:00+00:00, run_after=2024-09-04 23:00:00+00:00
[2024-09-04T21:24:59.544+0000] {processor.py:183} INFO - Processing /opt/airflow/dags/welcome_dag.py took 0.108 seconds
[2024-09-04T21:25:29.587+0000] {processor.py:161} INFO - Started process (PID=206) to work on /opt/airflow/dags/welcome_dag.py
[2024-09-04T21:25:29.588+0000] {processor.py:830} INFO - Processing file /opt/airflow/dags/welcome_dag.py for tasks to queue
[2024-09-04T21:25:29.589+0000] {logging_mixin.py:188} INFO - [2024-09-04T21:25:29.588+0000] {dagbag.py:538} INFO - Filling up the DagBag from /opt/airflow/dags/welcome_dag.py
[2024-09-04T21:25:29.607+0000] {processor.py:840} INFO - DAG(s) 'welcome_dag' retrieved from /opt/airflow/dags/welcome_dag.py
[2024-09-04T21:25:29.637+0000] {logging_mixin.py:188} INFO - [2024-09-04T21:25:29.637+0000] {dag.py:3036} INFO - Sync 1 DAGs
[2024-09-04T21:25:29.673+0000] {logging_mixin.py:188} INFO - [2024-09-04T21:25:29.673+0000] {dag.py:3823} INFO - Setting next_dagrun for welcome_dag to 2024-09-03 23:00:00+00:00, run_after=2024-09-04 23:00:00+00:00
[2024-09-04T21:25:29.703+0000] {processor.py:183} INFO - Processing /opt/airflow/dags/welcome_dag.py took 0.120 seconds
[2024-09-04T21:25:33.472+0000] {processor.py:161} INFO - Started process (PID=216) to work on /opt/airflow/dags/welcome_dag.py
[2024-09-04T21:25:33.473+0000] {processor.py:830} INFO - Processing file /opt/airflow/dags/welcome_dag.py for tasks to queue
[2024-09-04T21:25:33.474+0000] {logging_mixin.py:188} INFO - [2024-09-04T21:25:33.474+0000] {dagbag.py:538} INFO - Filling up the DagBag from /opt/airflow/dags/welcome_dag.py
[2024-09-04T21:25:33.517+0000] {processor.py:840} INFO - DAG(s) 'Hello_dag' retrieved from /opt/airflow/dags/welcome_dag.py
[2024-09-04T21:25:33.647+0000] {logging_mixin.py:188} INFO - [2024-09-04T21:25:33.646+0000] {override.py:1769} INFO - Created Permission View: can edit on DAG:Hello_dag
[2024-09-04T21:25:33.659+0000] {logging_mixin.py:188} INFO - [2024-09-04T21:25:33.658+0000] {override.py:1769} INFO - Created Permission View: can delete on DAG:Hello_dag
[2024-09-04T21:25:33.684+0000] {logging_mixin.py:188} INFO - [2024-09-04T21:25:33.684+0000] {override.py:1769} INFO - Created Permission View: can read on DAG:Hello_dag
[2024-09-04T21:25:33.686+0000] {logging_mixin.py:188} INFO - [2024-09-04T21:25:33.685+0000] {dag.py:3036} INFO - Sync 1 DAGs
[2024-09-04T21:25:33.703+0000] {logging_mixin.py:188} INFO - [2024-09-04T21:25:33.703+0000] {dag.py:3058} INFO - Creating ORM DAG for Hello_dag
[2024-09-04T21:25:33.722+0000] {logging_mixin.py:188} INFO - [2024-09-04T21:25:33.721+0000] {dag.py:3823} INFO - Setting next_dagrun for Hello_dag to 2024-09-03 23:00:00+00:00, run_after=2024-09-04 23:00:00+00:00
[2024-09-04T21:25:33.749+0000] {processor.py:183} INFO - Processing /opt/airflow/dags/welcome_dag.py took 0.281 seconds
[2024-09-04T21:27:05.481+0000] {processor.py:161} INFO - Started process (PID=33) to work on /opt/airflow/dags/welcome_dag.py
[2024-09-04T21:27:05.484+0000] {processor.py:830} INFO - Processing file /opt/airflow/dags/welcome_dag.py for tasks to queue
[2024-09-04T21:27:05.487+0000] {logging_mixin.py:188} INFO - [2024-09-04T21:27:05.487+0000] {dagbag.py:538} INFO - Filling up the DagBag from /opt/airflow/dags/welcome_dag.py
[2024-09-04T21:27:05.592+0000] {processor.py:840} INFO - DAG(s) 'Hello_dag' retrieved from /opt/airflow/dags/welcome_dag.py
[2024-09-04T21:27:06.197+0000] {logging_mixin.py:188} INFO - [2024-09-04T21:27:06.196+0000] {dag.py:3036} INFO - Sync 1 DAGs
[2024-09-04T21:27:06.269+0000] {logging_mixin.py:188} INFO - [2024-09-04T21:27:06.268+0000] {dag.py:3823} INFO - Setting next_dagrun for Hello_dag to 2024-09-03 23:00:00+00:00, run_after=2024-09-04 23:00:00+00:00
[2024-09-04T21:27:06.361+0000] {processor.py:183} INFO - Processing /opt/airflow/dags/welcome_dag.py took 0.891 seconds
[2024-09-04T21:27:37.121+0000] {processor.py:161} INFO - Started process (PID=90) to work on /opt/airflow/dags/welcome_dag.py
[2024-09-04T21:27:37.122+0000] {processor.py:830} INFO - Processing file /opt/airflow/dags/welcome_dag.py for tasks to queue
[2024-09-04T21:27:37.123+0000] {logging_mixin.py:188} INFO - [2024-09-04T21:27:37.123+0000] {dagbag.py:538} INFO - Filling up the DagBag from /opt/airflow/dags/welcome_dag.py
[2024-09-04T21:27:37.151+0000] {processor.py:840} INFO - DAG(s) 'Hello_dag' retrieved from /opt/airflow/dags/welcome_dag.py
[2024-09-04T21:27:37.180+0000] {logging_mixin.py:188} INFO - [2024-09-04T21:27:37.180+0000] {dag.py:3036} INFO - Sync 1 DAGs
[2024-09-04T21:27:37.214+0000] {logging_mixin.py:188} INFO - [2024-09-04T21:27:37.214+0000] {dag.py:3823} INFO - Setting next_dagrun for Hello_dag to 2024-09-03 23:00:00+00:00, run_after=2024-09-04 23:00:00+00:00
[2024-09-04T21:27:37.237+0000] {processor.py:183} INFO - Processing /opt/airflow/dags/welcome_dag.py took 0.121 seconds
[2024-09-04T21:28:07.405+0000] {processor.py:161} INFO - Started process (PID=146) to work on /opt/airflow/dags/welcome_dag.py
[2024-09-04T21:28:07.407+0000] {processor.py:830} INFO - Processing file /opt/airflow/dags/welcome_dag.py for tasks to queue
[2024-09-04T21:28:07.408+0000] {logging_mixin.py:188} INFO - [2024-09-04T21:28:07.407+0000] {dagbag.py:538} INFO - Filling up the DagBag from /opt/airflow/dags/welcome_dag.py
[2024-09-04T21:28:07.433+0000] {processor.py:840} INFO - DAG(s) 'Hello_dag' retrieved from /opt/airflow/dags/welcome_dag.py
[2024-09-04T21:28:07.459+0000] {logging_mixin.py:188} INFO - [2024-09-04T21:28:07.458+0000] {dag.py:3036} INFO - Sync 1 DAGs
[2024-09-04T21:28:07.498+0000] {logging_mixin.py:188} INFO - [2024-09-04T21:28:07.498+0000] {dag.py:3823} INFO - Setting next_dagrun for Hello_dag to 2024-09-03 23:00:00+00:00, run_after=2024-09-04 23:00:00+00:00
[2024-09-04T21:28:07.532+0000] {processor.py:183} INFO - Processing /opt/airflow/dags/welcome_dag.py took 0.133 seconds
[2024-09-04T21:28:38.013+0000] {processor.py:161} INFO - Started process (PID=202) to work on /opt/airflow/dags/welcome_dag.py
[2024-09-04T21:28:38.014+0000] {processor.py:830} INFO - Processing file /opt/airflow/dags/welcome_dag.py for tasks to queue
[2024-09-04T21:28:38.015+0000] {logging_mixin.py:188} INFO - [2024-09-04T21:28:38.015+0000] {dagbag.py:538} INFO - Filling up the DagBag from /opt/airflow/dags/welcome_dag.py
[2024-09-04T21:28:38.063+0000] {processor.py:840} INFO - DAG(s) 'Hello_dag' retrieved from /opt/airflow/dags/welcome_dag.py
[2024-09-04T21:28:38.103+0000] {logging_mixin.py:188} INFO - [2024-09-04T21:28:38.101+0000] {dag.py:3036} INFO - Sync 1 DAGs
[2024-09-04T21:28:38.254+0000] {logging_mixin.py:188} INFO - [2024-09-04T21:28:38.253+0000] {dag.py:3823} INFO - Setting next_dagrun for Hello_dag to 2024-09-03 23:00:00+00:00, run_after=2024-09-04 23:00:00+00:00
[2024-09-04T21:28:38.282+0000] {processor.py:183} INFO - Processing /opt/airflow/dags/welcome_dag.py took 0.274 seconds
[2024-09-04T21:29:08.656+0000] {processor.py:161} INFO - Started process (PID=258) to work on /opt/airflow/dags/welcome_dag.py
[2024-09-04T21:29:08.657+0000] {processor.py:830} INFO - Processing file /opt/airflow/dags/welcome_dag.py for tasks to queue
[2024-09-04T21:29:08.659+0000] {logging_mixin.py:188} INFO - [2024-09-04T21:29:08.659+0000] {dagbag.py:538} INFO - Filling up the DagBag from /opt/airflow/dags/welcome_dag.py
[2024-09-04T21:29:08.687+0000] {processor.py:840} INFO - DAG(s) 'Hello_dag' retrieved from /opt/airflow/dags/welcome_dag.py
[2024-09-04T21:29:08.711+0000] {logging_mixin.py:188} INFO - [2024-09-04T21:29:08.711+0000] {dag.py:3036} INFO - Sync 1 DAGs
[2024-09-04T21:29:08.745+0000] {logging_mixin.py:188} INFO - [2024-09-04T21:29:08.745+0000] {dag.py:3823} INFO - Setting next_dagrun for Hello_dag to 2024-09-03 23:00:00+00:00, run_after=2024-09-04 23:00:00+00:00
[2024-09-04T21:29:08.770+0000] {processor.py:183} INFO - Processing /opt/airflow/dags/welcome_dag.py took 0.119 seconds
