[2024-09-08T13:22:43.238+0000] {processor.py:161} INFO - Started process (PID=53) to work on /home/airflow/.local/lib/python3.8/site-packages/airflow/example_dags/example_params_ui_tutorial.py
[2024-09-08T13:22:43.239+0000] {processor.py:830} INFO - Processing file /home/airflow/.local/lib/python3.8/site-packages/airflow/example_dags/example_params_ui_tutorial.py for tasks to queue
[2024-09-08T13:22:43.250+0000] {logging_mixin.py:188} INFO - [2024-09-08T13:22:43.249+0000] {dagbag.py:538} INFO - Filling up the DagBag from /home/airflow/.local/lib/python3.8/site-packages/airflow/example_dags/example_params_ui_tutorial.py
[2024-09-08T13:22:43.366+0000] {processor.py:840} INFO - DAG(s) 'example_params_ui_tutorial' retrieved from /home/airflow/.local/lib/python3.8/site-packages/airflow/example_dags/example_params_ui_tutorial.py
[2024-09-08T13:22:43.906+0000] {logging_mixin.py:188} INFO - [2024-09-08T13:22:43.905+0000] {dag.py:3036} INFO - Sync 1 DAGs
[2024-09-08T13:22:44.046+0000] {logging_mixin.py:188} INFO - [2024-09-08T13:22:44.045+0000] {dag.py:3823} INFO - Setting next_dagrun for example_params_ui_tutorial to None, run_after=None
[2024-09-08T13:22:44.324+0000] {processor.py:183} INFO - Processing /home/airflow/.local/lib/python3.8/site-packages/airflow/example_dags/example_params_ui_tutorial.py took 1.091 seconds
[2024-09-08T13:23:14.664+0000] {processor.py:161} INFO - Started process (PID=110) to work on /home/airflow/.local/lib/python3.8/site-packages/airflow/example_dags/example_params_ui_tutorial.py
[2024-09-08T13:23:14.665+0000] {processor.py:830} INFO - Processing file /home/airflow/.local/lib/python3.8/site-packages/airflow/example_dags/example_params_ui_tutorial.py for tasks to queue
[2024-09-08T13:23:14.667+0000] {logging_mixin.py:188} INFO - [2024-09-08T13:23:14.667+0000] {dagbag.py:538} INFO - Filling up the DagBag from /home/airflow/.local/lib/python3.8/site-packages/airflow/example_dags/example_params_ui_tutorial.py
[2024-09-08T13:23:14.683+0000] {processor.py:840} INFO - DAG(s) 'example_params_ui_tutorial' retrieved from /home/airflow/.local/lib/python3.8/site-packages/airflow/example_dags/example_params_ui_tutorial.py
[2024-09-08T13:23:14.775+0000] {logging_mixin.py:188} INFO - [2024-09-08T13:23:14.775+0000] {dag.py:3036} INFO - Sync 1 DAGs
[2024-09-08T13:23:14.795+0000] {logging_mixin.py:188} INFO - [2024-09-08T13:23:14.794+0000] {dag.py:3823} INFO - Setting next_dagrun for example_params_ui_tutorial to None, run_after=None
[2024-09-08T13:23:14.820+0000] {processor.py:183} INFO - Processing /home/airflow/.local/lib/python3.8/site-packages/airflow/example_dags/example_params_ui_tutorial.py took 0.160 seconds
[2024-09-08T13:23:44.915+0000] {processor.py:161} INFO - Started process (PID=167) to work on /home/airflow/.local/lib/python3.8/site-packages/airflow/example_dags/example_params_ui_tutorial.py
[2024-09-08T13:23:44.916+0000] {processor.py:830} INFO - Processing file /home/airflow/.local/lib/python3.8/site-packages/airflow/example_dags/example_params_ui_tutorial.py for tasks to queue
[2024-09-08T13:23:44.918+0000] {logging_mixin.py:188} INFO - [2024-09-08T13:23:44.917+0000] {dagbag.py:538} INFO - Filling up the DagBag from /home/airflow/.local/lib/python3.8/site-packages/airflow/example_dags/example_params_ui_tutorial.py
[2024-09-08T13:23:44.933+0000] {processor.py:840} INFO - DAG(s) 'example_params_ui_tutorial' retrieved from /home/airflow/.local/lib/python3.8/site-packages/airflow/example_dags/example_params_ui_tutorial.py
[2024-09-08T13:23:45.015+0000] {logging_mixin.py:188} INFO - [2024-09-08T13:23:45.014+0000] {dag.py:3036} INFO - Sync 1 DAGs
[2024-09-08T13:23:45.029+0000] {logging_mixin.py:188} INFO - [2024-09-08T13:23:45.029+0000] {dag.py:3823} INFO - Setting next_dagrun for example_params_ui_tutorial to None, run_after=None
[2024-09-08T13:23:45.059+0000] {processor.py:183} INFO - Processing /home/airflow/.local/lib/python3.8/site-packages/airflow/example_dags/example_params_ui_tutorial.py took 0.148 seconds
[2024-09-08T13:24:15.336+0000] {processor.py:161} INFO - Started process (PID=224) to work on /home/airflow/.local/lib/python3.8/site-packages/airflow/example_dags/example_params_ui_tutorial.py
[2024-09-08T13:24:15.337+0000] {processor.py:830} INFO - Processing file /home/airflow/.local/lib/python3.8/site-packages/airflow/example_dags/example_params_ui_tutorial.py for tasks to queue
[2024-09-08T13:24:15.338+0000] {logging_mixin.py:188} INFO - [2024-09-08T13:24:15.338+0000] {dagbag.py:538} INFO - Filling up the DagBag from /home/airflow/.local/lib/python3.8/site-packages/airflow/example_dags/example_params_ui_tutorial.py
[2024-09-08T13:24:15.354+0000] {processor.py:840} INFO - DAG(s) 'example_params_ui_tutorial' retrieved from /home/airflow/.local/lib/python3.8/site-packages/airflow/example_dags/example_params_ui_tutorial.py
[2024-09-08T13:24:15.454+0000] {logging_mixin.py:188} INFO - [2024-09-08T13:24:15.454+0000] {dag.py:3036} INFO - Sync 1 DAGs
[2024-09-08T13:24:15.472+0000] {logging_mixin.py:188} INFO - [2024-09-08T13:24:15.472+0000] {dag.py:3823} INFO - Setting next_dagrun for example_params_ui_tutorial to None, run_after=None
[2024-09-08T13:24:15.498+0000] {processor.py:183} INFO - Processing /home/airflow/.local/lib/python3.8/site-packages/airflow/example_dags/example_params_ui_tutorial.py took 0.166 seconds
[2024-09-08T13:24:45.792+0000] {processor.py:161} INFO - Started process (PID=281) to work on /home/airflow/.local/lib/python3.8/site-packages/airflow/example_dags/example_params_ui_tutorial.py
[2024-09-08T13:24:45.793+0000] {processor.py:830} INFO - Processing file /home/airflow/.local/lib/python3.8/site-packages/airflow/example_dags/example_params_ui_tutorial.py for tasks to queue
[2024-09-08T13:24:45.796+0000] {logging_mixin.py:188} INFO - [2024-09-08T13:24:45.795+0000] {dagbag.py:538} INFO - Filling up the DagBag from /home/airflow/.local/lib/python3.8/site-packages/airflow/example_dags/example_params_ui_tutorial.py
[2024-09-08T13:24:45.814+0000] {processor.py:840} INFO - DAG(s) 'example_params_ui_tutorial' retrieved from /home/airflow/.local/lib/python3.8/site-packages/airflow/example_dags/example_params_ui_tutorial.py
[2024-09-08T13:24:45.928+0000] {logging_mixin.py:188} INFO - [2024-09-08T13:24:45.927+0000] {dag.py:3036} INFO - Sync 1 DAGs
[2024-09-08T13:24:45.952+0000] {logging_mixin.py:188} INFO - [2024-09-08T13:24:45.952+0000] {dag.py:3823} INFO - Setting next_dagrun for example_params_ui_tutorial to None, run_after=None
[2024-09-08T13:24:45.990+0000] {processor.py:183} INFO - Processing /home/airflow/.local/lib/python3.8/site-packages/airflow/example_dags/example_params_ui_tutorial.py took 0.202 seconds
[2024-09-08T13:25:16.421+0000] {processor.py:161} INFO - Started process (PID=338) to work on /home/airflow/.local/lib/python3.8/site-packages/airflow/example_dags/example_params_ui_tutorial.py
[2024-09-08T13:25:16.422+0000] {processor.py:830} INFO - Processing file /home/airflow/.local/lib/python3.8/site-packages/airflow/example_dags/example_params_ui_tutorial.py for tasks to queue
[2024-09-08T13:25:16.424+0000] {logging_mixin.py:188} INFO - [2024-09-08T13:25:16.423+0000] {dagbag.py:538} INFO - Filling up the DagBag from /home/airflow/.local/lib/python3.8/site-packages/airflow/example_dags/example_params_ui_tutorial.py
[2024-09-08T13:25:16.446+0000] {processor.py:840} INFO - DAG(s) 'example_params_ui_tutorial' retrieved from /home/airflow/.local/lib/python3.8/site-packages/airflow/example_dags/example_params_ui_tutorial.py
[2024-09-08T13:25:16.531+0000] {logging_mixin.py:188} INFO - [2024-09-08T13:25:16.531+0000] {dag.py:3036} INFO - Sync 1 DAGs
[2024-09-08T13:25:16.548+0000] {logging_mixin.py:188} INFO - [2024-09-08T13:25:16.548+0000] {dag.py:3823} INFO - Setting next_dagrun for example_params_ui_tutorial to None, run_after=None
[2024-09-08T13:25:16.577+0000] {processor.py:183} INFO - Processing /home/airflow/.local/lib/python3.8/site-packages/airflow/example_dags/example_params_ui_tutorial.py took 0.161 seconds
[2024-09-08T13:25:47.204+0000] {processor.py:161} INFO - Started process (PID=395) to work on /home/airflow/.local/lib/python3.8/site-packages/airflow/example_dags/example_params_ui_tutorial.py
[2024-09-08T13:25:47.205+0000] {processor.py:830} INFO - Processing file /home/airflow/.local/lib/python3.8/site-packages/airflow/example_dags/example_params_ui_tutorial.py for tasks to queue
[2024-09-08T13:25:47.207+0000] {logging_mixin.py:188} INFO - [2024-09-08T13:25:47.206+0000] {dagbag.py:538} INFO - Filling up the DagBag from /home/airflow/.local/lib/python3.8/site-packages/airflow/example_dags/example_params_ui_tutorial.py
[2024-09-08T13:25:47.227+0000] {processor.py:840} INFO - DAG(s) 'example_params_ui_tutorial' retrieved from /home/airflow/.local/lib/python3.8/site-packages/airflow/example_dags/example_params_ui_tutorial.py
[2024-09-08T13:25:47.313+0000] {logging_mixin.py:188} INFO - [2024-09-08T13:25:47.312+0000] {dag.py:3036} INFO - Sync 1 DAGs
[2024-09-08T13:25:47.330+0000] {logging_mixin.py:188} INFO - [2024-09-08T13:25:47.330+0000] {dag.py:3823} INFO - Setting next_dagrun for example_params_ui_tutorial to None, run_after=None
[2024-09-08T13:25:47.365+0000] {processor.py:183} INFO - Processing /home/airflow/.local/lib/python3.8/site-packages/airflow/example_dags/example_params_ui_tutorial.py took 0.165 seconds
[2024-09-08T13:26:17.624+0000] {processor.py:161} INFO - Started process (PID=452) to work on /home/airflow/.local/lib/python3.8/site-packages/airflow/example_dags/example_params_ui_tutorial.py
[2024-09-08T13:26:17.628+0000] {processor.py:830} INFO - Processing file /home/airflow/.local/lib/python3.8/site-packages/airflow/example_dags/example_params_ui_tutorial.py for tasks to queue
[2024-09-08T13:26:17.631+0000] {logging_mixin.py:188} INFO - [2024-09-08T13:26:17.631+0000] {dagbag.py:538} INFO - Filling up the DagBag from /home/airflow/.local/lib/python3.8/site-packages/airflow/example_dags/example_params_ui_tutorial.py
[2024-09-08T13:26:17.665+0000] {processor.py:840} INFO - DAG(s) 'example_params_ui_tutorial' retrieved from /home/airflow/.local/lib/python3.8/site-packages/airflow/example_dags/example_params_ui_tutorial.py
[2024-09-08T13:26:17.800+0000] {logging_mixin.py:188} INFO - [2024-09-08T13:26:17.800+0000] {dag.py:3036} INFO - Sync 1 DAGs
[2024-09-08T13:26:17.825+0000] {logging_mixin.py:188} INFO - [2024-09-08T13:26:17.824+0000] {dag.py:3823} INFO - Setting next_dagrun for example_params_ui_tutorial to None, run_after=None
[2024-09-08T13:26:17.863+0000] {processor.py:183} INFO - Processing /home/airflow/.local/lib/python3.8/site-packages/airflow/example_dags/example_params_ui_tutorial.py took 0.251 seconds
[2024-09-08T13:26:48.645+0000] {processor.py:161} INFO - Started process (PID=509) to work on /home/airflow/.local/lib/python3.8/site-packages/airflow/example_dags/example_params_ui_tutorial.py
[2024-09-08T13:26:48.647+0000] {processor.py:830} INFO - Processing file /home/airflow/.local/lib/python3.8/site-packages/airflow/example_dags/example_params_ui_tutorial.py for tasks to queue
[2024-09-08T13:26:48.650+0000] {logging_mixin.py:188} INFO - [2024-09-08T13:26:48.649+0000] {dagbag.py:538} INFO - Filling up the DagBag from /home/airflow/.local/lib/python3.8/site-packages/airflow/example_dags/example_params_ui_tutorial.py
[2024-09-08T13:26:48.667+0000] {processor.py:840} INFO - DAG(s) 'example_params_ui_tutorial' retrieved from /home/airflow/.local/lib/python3.8/site-packages/airflow/example_dags/example_params_ui_tutorial.py
[2024-09-08T13:26:48.761+0000] {logging_mixin.py:188} INFO - [2024-09-08T13:26:48.760+0000] {dag.py:3036} INFO - Sync 1 DAGs
[2024-09-08T13:26:48.784+0000] {logging_mixin.py:188} INFO - [2024-09-08T13:26:48.784+0000] {dag.py:3823} INFO - Setting next_dagrun for example_params_ui_tutorial to None, run_after=None
[2024-09-08T13:26:48.815+0000] {processor.py:183} INFO - Processing /home/airflow/.local/lib/python3.8/site-packages/airflow/example_dags/example_params_ui_tutorial.py took 0.174 seconds
[2024-09-08T13:27:19.261+0000] {processor.py:161} INFO - Started process (PID=566) to work on /home/airflow/.local/lib/python3.8/site-packages/airflow/example_dags/example_params_ui_tutorial.py
[2024-09-08T13:27:19.263+0000] {processor.py:830} INFO - Processing file /home/airflow/.local/lib/python3.8/site-packages/airflow/example_dags/example_params_ui_tutorial.py for tasks to queue
[2024-09-08T13:27:19.265+0000] {logging_mixin.py:188} INFO - [2024-09-08T13:27:19.264+0000] {dagbag.py:538} INFO - Filling up the DagBag from /home/airflow/.local/lib/python3.8/site-packages/airflow/example_dags/example_params_ui_tutorial.py
[2024-09-08T13:27:19.285+0000] {processor.py:840} INFO - DAG(s) 'example_params_ui_tutorial' retrieved from /home/airflow/.local/lib/python3.8/site-packages/airflow/example_dags/example_params_ui_tutorial.py
[2024-09-08T13:27:19.387+0000] {logging_mixin.py:188} INFO - [2024-09-08T13:27:19.387+0000] {dag.py:3036} INFO - Sync 1 DAGs
[2024-09-08T13:27:19.409+0000] {logging_mixin.py:188} INFO - [2024-09-08T13:27:19.409+0000] {dag.py:3823} INFO - Setting next_dagrun for example_params_ui_tutorial to None, run_after=None
[2024-09-08T13:27:19.441+0000] {processor.py:183} INFO - Processing /home/airflow/.local/lib/python3.8/site-packages/airflow/example_dags/example_params_ui_tutorial.py took 0.186 seconds
[2024-09-08T13:27:49.491+0000] {processor.py:161} INFO - Started process (PID=623) to work on /home/airflow/.local/lib/python3.8/site-packages/airflow/example_dags/example_params_ui_tutorial.py
[2024-09-08T13:27:49.492+0000] {processor.py:830} INFO - Processing file /home/airflow/.local/lib/python3.8/site-packages/airflow/example_dags/example_params_ui_tutorial.py for tasks to queue
[2024-09-08T13:27:49.493+0000] {logging_mixin.py:188} INFO - [2024-09-08T13:27:49.493+0000] {dagbag.py:538} INFO - Filling up the DagBag from /home/airflow/.local/lib/python3.8/site-packages/airflow/example_dags/example_params_ui_tutorial.py
[2024-09-08T13:27:49.508+0000] {processor.py:840} INFO - DAG(s) 'example_params_ui_tutorial' retrieved from /home/airflow/.local/lib/python3.8/site-packages/airflow/example_dags/example_params_ui_tutorial.py
[2024-09-08T13:27:49.591+0000] {logging_mixin.py:188} INFO - [2024-09-08T13:27:49.590+0000] {dag.py:3036} INFO - Sync 1 DAGs
[2024-09-08T13:27:49.606+0000] {logging_mixin.py:188} INFO - [2024-09-08T13:27:49.605+0000] {dag.py:3823} INFO - Setting next_dagrun for example_params_ui_tutorial to None, run_after=None
[2024-09-08T13:27:49.628+0000] {processor.py:183} INFO - Processing /home/airflow/.local/lib/python3.8/site-packages/airflow/example_dags/example_params_ui_tutorial.py took 0.141 seconds
[2024-09-08T13:28:19.897+0000] {processor.py:161} INFO - Started process (PID=680) to work on /home/airflow/.local/lib/python3.8/site-packages/airflow/example_dags/example_params_ui_tutorial.py
[2024-09-08T13:28:19.898+0000] {processor.py:830} INFO - Processing file /home/airflow/.local/lib/python3.8/site-packages/airflow/example_dags/example_params_ui_tutorial.py for tasks to queue
[2024-09-08T13:28:19.899+0000] {logging_mixin.py:188} INFO - [2024-09-08T13:28:19.899+0000] {dagbag.py:538} INFO - Filling up the DagBag from /home/airflow/.local/lib/python3.8/site-packages/airflow/example_dags/example_params_ui_tutorial.py
[2024-09-08T13:28:19.913+0000] {processor.py:840} INFO - DAG(s) 'example_params_ui_tutorial' retrieved from /home/airflow/.local/lib/python3.8/site-packages/airflow/example_dags/example_params_ui_tutorial.py
[2024-09-08T13:28:19.992+0000] {logging_mixin.py:188} INFO - [2024-09-08T13:28:19.992+0000] {dag.py:3036} INFO - Sync 1 DAGs
[2024-09-08T13:28:20.007+0000] {logging_mixin.py:188} INFO - [2024-09-08T13:28:20.007+0000] {dag.py:3823} INFO - Setting next_dagrun for example_params_ui_tutorial to None, run_after=None
[2024-09-08T13:28:20.031+0000] {processor.py:183} INFO - Processing /home/airflow/.local/lib/python3.8/site-packages/airflow/example_dags/example_params_ui_tutorial.py took 0.138 seconds
[2024-09-08T13:28:50.369+0000] {processor.py:161} INFO - Started process (PID=737) to work on /home/airflow/.local/lib/python3.8/site-packages/airflow/example_dags/example_params_ui_tutorial.py
[2024-09-08T13:28:50.371+0000] {processor.py:830} INFO - Processing file /home/airflow/.local/lib/python3.8/site-packages/airflow/example_dags/example_params_ui_tutorial.py for tasks to queue
[2024-09-08T13:28:50.388+0000] {logging_mixin.py:188} INFO - [2024-09-08T13:28:50.385+0000] {dagbag.py:538} INFO - Filling up the DagBag from /home/airflow/.local/lib/python3.8/site-packages/airflow/example_dags/example_params_ui_tutorial.py
[2024-09-08T13:28:50.415+0000] {processor.py:840} INFO - DAG(s) 'example_params_ui_tutorial' retrieved from /home/airflow/.local/lib/python3.8/site-packages/airflow/example_dags/example_params_ui_tutorial.py
[2024-09-08T13:28:50.530+0000] {logging_mixin.py:188} INFO - [2024-09-08T13:28:50.529+0000] {dag.py:3036} INFO - Sync 1 DAGs
[2024-09-08T13:28:50.553+0000] {logging_mixin.py:188} INFO - [2024-09-08T13:28:50.552+0000] {dag.py:3823} INFO - Setting next_dagrun for example_params_ui_tutorial to None, run_after=None
[2024-09-08T13:28:50.584+0000] {processor.py:183} INFO - Processing /home/airflow/.local/lib/python3.8/site-packages/airflow/example_dags/example_params_ui_tutorial.py took 0.228 seconds
[2024-09-08T13:29:20.830+0000] {processor.py:161} INFO - Started process (PID=794) to work on /home/airflow/.local/lib/python3.8/site-packages/airflow/example_dags/example_params_ui_tutorial.py
[2024-09-08T13:29:20.831+0000] {processor.py:830} INFO - Processing file /home/airflow/.local/lib/python3.8/site-packages/airflow/example_dags/example_params_ui_tutorial.py for tasks to queue
[2024-09-08T13:29:20.832+0000] {logging_mixin.py:188} INFO - [2024-09-08T13:29:20.832+0000] {dagbag.py:538} INFO - Filling up the DagBag from /home/airflow/.local/lib/python3.8/site-packages/airflow/example_dags/example_params_ui_tutorial.py
[2024-09-08T13:29:20.852+0000] {processor.py:840} INFO - DAG(s) 'example_params_ui_tutorial' retrieved from /home/airflow/.local/lib/python3.8/site-packages/airflow/example_dags/example_params_ui_tutorial.py
[2024-09-08T13:29:20.947+0000] {logging_mixin.py:188} INFO - [2024-09-08T13:29:20.947+0000] {dag.py:3036} INFO - Sync 1 DAGs
[2024-09-08T13:29:20.963+0000] {logging_mixin.py:188} INFO - [2024-09-08T13:29:20.963+0000] {dag.py:3823} INFO - Setting next_dagrun for example_params_ui_tutorial to None, run_after=None
[2024-09-08T13:29:21.005+0000] {processor.py:183} INFO - Processing /home/airflow/.local/lib/python3.8/site-packages/airflow/example_dags/example_params_ui_tutorial.py took 0.181 seconds
