[2024-09-08T13:22:39.586+0000] {processor.py:161} INFO - Started process (PID=40) to work on /home/airflow/.local/lib/python3.8/site-packages/airflow/example_dags/example_branch_datetime_operator.py
[2024-09-08T13:22:39.588+0000] {processor.py:830} INFO - Processing file /home/airflow/.local/lib/python3.8/site-packages/airflow/example_dags/example_branch_datetime_operator.py for tasks to queue
[2024-09-08T13:22:39.591+0000] {logging_mixin.py:188} INFO - [2024-09-08T13:22:39.590+0000] {dagbag.py:538} INFO - Filling up the DagBag from /home/airflow/.local/lib/python3.8/site-packages/airflow/example_dags/example_branch_datetime_operator.py
[2024-09-08T13:22:39.638+0000] {processor.py:840} INFO - DAG(s) 'example_branch_datetime_operator_2', 'example_branch_datetime_operator', 'example_branch_datetime_operator_3' retrieved from /home/airflow/.local/lib/python3.8/site-packages/airflow/example_dags/example_branch_datetime_operator.py
[2024-09-08T13:22:39.760+0000] {logging_mixin.py:188} INFO - [2024-09-08T13:22:39.760+0000] {dag.py:3036} INFO - Sync 3 DAGs
[2024-09-08T13:22:39.829+0000] {logging_mixin.py:188} INFO - [2024-09-08T13:22:39.828+0000] {dag.py:3823} INFO - Setting next_dagrun for example_branch_datetime_operator to 2024-09-07 00:00:00+00:00, run_after=2024-09-08 00:00:00+00:00
[2024-09-08T13:22:39.842+0000] {logging_mixin.py:188} INFO - [2024-09-08T13:22:39.842+0000] {dag.py:3823} INFO - Setting next_dagrun for example_branch_datetime_operator_2 to 2024-09-07 00:00:00+00:00, run_after=2024-09-08 00:00:00+00:00
[2024-09-08T13:22:39.850+0000] {logging_mixin.py:188} INFO - [2024-09-08T13:22:39.850+0000] {dag.py:3823} INFO - Setting next_dagrun for example_branch_datetime_operator_3 to 2024-09-07 00:00:00+00:00, run_after=2024-09-08 00:00:00+00:00
[2024-09-08T13:22:39.910+0000] {processor.py:183} INFO - Processing /home/airflow/.local/lib/python3.8/site-packages/airflow/example_dags/example_branch_datetime_operator.py took 0.344 seconds
[2024-09-08T13:23:10.776+0000] {processor.py:161} INFO - Started process (PID=97) to work on /home/airflow/.local/lib/python3.8/site-packages/airflow/example_dags/example_branch_datetime_operator.py
[2024-09-08T13:23:10.777+0000] {processor.py:830} INFO - Processing file /home/airflow/.local/lib/python3.8/site-packages/airflow/example_dags/example_branch_datetime_operator.py for tasks to queue
[2024-09-08T13:23:10.780+0000] {logging_mixin.py:188} INFO - [2024-09-08T13:23:10.779+0000] {dagbag.py:538} INFO - Filling up the DagBag from /home/airflow/.local/lib/python3.8/site-packages/airflow/example_dags/example_branch_datetime_operator.py
[2024-09-08T13:23:10.794+0000] {processor.py:840} INFO - DAG(s) 'example_branch_datetime_operator_2', 'example_branch_datetime_operator_3', 'example_branch_datetime_operator' retrieved from /home/airflow/.local/lib/python3.8/site-packages/airflow/example_dags/example_branch_datetime_operator.py
[2024-09-08T13:23:10.831+0000] {logging_mixin.py:188} INFO - [2024-09-08T13:23:10.831+0000] {dag.py:3036} INFO - Sync 3 DAGs
[2024-09-08T13:23:10.876+0000] {logging_mixin.py:188} INFO - [2024-09-08T13:23:10.876+0000] {dag.py:3823} INFO - Setting next_dagrun for example_branch_datetime_operator to 2024-09-07 00:00:00+00:00, run_after=2024-09-08 00:00:00+00:00
[2024-09-08T13:23:10.885+0000] {logging_mixin.py:188} INFO - [2024-09-08T13:23:10.884+0000] {dag.py:3823} INFO - Setting next_dagrun for example_branch_datetime_operator_2 to 2024-09-07 00:00:00+00:00, run_after=2024-09-08 00:00:00+00:00
[2024-09-08T13:23:10.889+0000] {logging_mixin.py:188} INFO - [2024-09-08T13:23:10.889+0000] {dag.py:3823} INFO - Setting next_dagrun for example_branch_datetime_operator_3 to 2024-09-07 00:00:00+00:00, run_after=2024-09-08 00:00:00+00:00
[2024-09-08T13:23:10.917+0000] {processor.py:183} INFO - Processing /home/airflow/.local/lib/python3.8/site-packages/airflow/example_dags/example_branch_datetime_operator.py took 0.145 seconds
[2024-09-08T13:23:41.076+0000] {processor.py:161} INFO - Started process (PID=154) to work on /home/airflow/.local/lib/python3.8/site-packages/airflow/example_dags/example_branch_datetime_operator.py
[2024-09-08T13:23:41.077+0000] {processor.py:830} INFO - Processing file /home/airflow/.local/lib/python3.8/site-packages/airflow/example_dags/example_branch_datetime_operator.py for tasks to queue
[2024-09-08T13:23:41.078+0000] {logging_mixin.py:188} INFO - [2024-09-08T13:23:41.078+0000] {dagbag.py:538} INFO - Filling up the DagBag from /home/airflow/.local/lib/python3.8/site-packages/airflow/example_dags/example_branch_datetime_operator.py
[2024-09-08T13:23:41.089+0000] {processor.py:840} INFO - DAG(s) 'example_branch_datetime_operator_3', 'example_branch_datetime_operator', 'example_branch_datetime_operator_2' retrieved from /home/airflow/.local/lib/python3.8/site-packages/airflow/example_dags/example_branch_datetime_operator.py
[2024-09-08T13:23:41.128+0000] {logging_mixin.py:188} INFO - [2024-09-08T13:23:41.128+0000] {dag.py:3036} INFO - Sync 3 DAGs
[2024-09-08T13:23:41.166+0000] {logging_mixin.py:188} INFO - [2024-09-08T13:23:41.166+0000] {dag.py:3823} INFO - Setting next_dagrun for example_branch_datetime_operator to 2024-09-07 00:00:00+00:00, run_after=2024-09-08 00:00:00+00:00
[2024-09-08T13:23:41.177+0000] {logging_mixin.py:188} INFO - [2024-09-08T13:23:41.177+0000] {dag.py:3823} INFO - Setting next_dagrun for example_branch_datetime_operator_2 to 2024-09-07 00:00:00+00:00, run_after=2024-09-08 00:00:00+00:00
[2024-09-08T13:23:41.187+0000] {logging_mixin.py:188} INFO - [2024-09-08T13:23:41.187+0000] {dag.py:3823} INFO - Setting next_dagrun for example_branch_datetime_operator_3 to 2024-09-07 00:00:00+00:00, run_after=2024-09-08 00:00:00+00:00
[2024-09-08T13:23:41.220+0000] {processor.py:183} INFO - Processing /home/airflow/.local/lib/python3.8/site-packages/airflow/example_dags/example_branch_datetime_operator.py took 0.148 seconds
[2024-09-08T13:24:11.397+0000] {processor.py:161} INFO - Started process (PID=211) to work on /home/airflow/.local/lib/python3.8/site-packages/airflow/example_dags/example_branch_datetime_operator.py
[2024-09-08T13:24:11.399+0000] {processor.py:830} INFO - Processing file /home/airflow/.local/lib/python3.8/site-packages/airflow/example_dags/example_branch_datetime_operator.py for tasks to queue
[2024-09-08T13:24:11.400+0000] {logging_mixin.py:188} INFO - [2024-09-08T13:24:11.400+0000] {dagbag.py:538} INFO - Filling up the DagBag from /home/airflow/.local/lib/python3.8/site-packages/airflow/example_dags/example_branch_datetime_operator.py
[2024-09-08T13:24:11.420+0000] {processor.py:840} INFO - DAG(s) 'example_branch_datetime_operator_3', 'example_branch_datetime_operator', 'example_branch_datetime_operator_2' retrieved from /home/airflow/.local/lib/python3.8/site-packages/airflow/example_dags/example_branch_datetime_operator.py
[2024-09-08T13:24:11.471+0000] {logging_mixin.py:188} INFO - [2024-09-08T13:24:11.470+0000] {dag.py:3036} INFO - Sync 3 DAGs
[2024-09-08T13:24:11.510+0000] {logging_mixin.py:188} INFO - [2024-09-08T13:24:11.509+0000] {dag.py:3823} INFO - Setting next_dagrun for example_branch_datetime_operator to 2024-09-07 00:00:00+00:00, run_after=2024-09-08 00:00:00+00:00
[2024-09-08T13:24:11.517+0000] {logging_mixin.py:188} INFO - [2024-09-08T13:24:11.516+0000] {dag.py:3823} INFO - Setting next_dagrun for example_branch_datetime_operator_2 to 2024-09-07 00:00:00+00:00, run_after=2024-09-08 00:00:00+00:00
[2024-09-08T13:24:11.523+0000] {logging_mixin.py:188} INFO - [2024-09-08T13:24:11.523+0000] {dag.py:3823} INFO - Setting next_dagrun for example_branch_datetime_operator_3 to 2024-09-07 00:00:00+00:00, run_after=2024-09-08 00:00:00+00:00
[2024-09-08T13:24:11.553+0000] {processor.py:183} INFO - Processing /home/airflow/.local/lib/python3.8/site-packages/airflow/example_dags/example_branch_datetime_operator.py took 0.160 seconds
[2024-09-08T13:24:41.683+0000] {processor.py:161} INFO - Started process (PID=268) to work on /home/airflow/.local/lib/python3.8/site-packages/airflow/example_dags/example_branch_datetime_operator.py
[2024-09-08T13:24:41.685+0000] {processor.py:830} INFO - Processing file /home/airflow/.local/lib/python3.8/site-packages/airflow/example_dags/example_branch_datetime_operator.py for tasks to queue
[2024-09-08T13:24:41.687+0000] {logging_mixin.py:188} INFO - [2024-09-08T13:24:41.686+0000] {dagbag.py:538} INFO - Filling up the DagBag from /home/airflow/.local/lib/python3.8/site-packages/airflow/example_dags/example_branch_datetime_operator.py
[2024-09-08T13:24:41.707+0000] {processor.py:840} INFO - DAG(s) 'example_branch_datetime_operator', 'example_branch_datetime_operator_2', 'example_branch_datetime_operator_3' retrieved from /home/airflow/.local/lib/python3.8/site-packages/airflow/example_dags/example_branch_datetime_operator.py
[2024-09-08T13:24:41.749+0000] {logging_mixin.py:188} INFO - [2024-09-08T13:24:41.748+0000] {dag.py:3036} INFO - Sync 3 DAGs
[2024-09-08T13:24:41.785+0000] {logging_mixin.py:188} INFO - [2024-09-08T13:24:41.785+0000] {dag.py:3823} INFO - Setting next_dagrun for example_branch_datetime_operator to 2024-09-07 00:00:00+00:00, run_after=2024-09-08 00:00:00+00:00
[2024-09-08T13:24:41.794+0000] {logging_mixin.py:188} INFO - [2024-09-08T13:24:41.794+0000] {dag.py:3823} INFO - Setting next_dagrun for example_branch_datetime_operator_2 to 2024-09-07 00:00:00+00:00, run_after=2024-09-08 00:00:00+00:00
[2024-09-08T13:24:41.799+0000] {logging_mixin.py:188} INFO - [2024-09-08T13:24:41.798+0000] {dag.py:3823} INFO - Setting next_dagrun for example_branch_datetime_operator_3 to 2024-09-07 00:00:00+00:00, run_after=2024-09-08 00:00:00+00:00
[2024-09-08T13:24:41.823+0000] {processor.py:183} INFO - Processing /home/airflow/.local/lib/python3.8/site-packages/airflow/example_dags/example_branch_datetime_operator.py took 0.145 seconds
[2024-09-08T13:25:12.514+0000] {processor.py:161} INFO - Started process (PID=325) to work on /home/airflow/.local/lib/python3.8/site-packages/airflow/example_dags/example_branch_datetime_operator.py
[2024-09-08T13:25:12.515+0000] {processor.py:830} INFO - Processing file /home/airflow/.local/lib/python3.8/site-packages/airflow/example_dags/example_branch_datetime_operator.py for tasks to queue
[2024-09-08T13:25:12.516+0000] {logging_mixin.py:188} INFO - [2024-09-08T13:25:12.516+0000] {dagbag.py:538} INFO - Filling up the DagBag from /home/airflow/.local/lib/python3.8/site-packages/airflow/example_dags/example_branch_datetime_operator.py
[2024-09-08T13:25:12.529+0000] {processor.py:840} INFO - DAG(s) 'example_branch_datetime_operator_3', 'example_branch_datetime_operator', 'example_branch_datetime_operator_2' retrieved from /home/airflow/.local/lib/python3.8/site-packages/airflow/example_dags/example_branch_datetime_operator.py
[2024-09-08T13:25:12.570+0000] {logging_mixin.py:188} INFO - [2024-09-08T13:25:12.570+0000] {dag.py:3036} INFO - Sync 3 DAGs
[2024-09-08T13:25:12.616+0000] {logging_mixin.py:188} INFO - [2024-09-08T13:25:12.616+0000] {dag.py:3823} INFO - Setting next_dagrun for example_branch_datetime_operator to 2024-09-07 00:00:00+00:00, run_after=2024-09-08 00:00:00+00:00
[2024-09-08T13:25:12.625+0000] {logging_mixin.py:188} INFO - [2024-09-08T13:25:12.624+0000] {dag.py:3823} INFO - Setting next_dagrun for example_branch_datetime_operator_2 to 2024-09-07 00:00:00+00:00, run_after=2024-09-08 00:00:00+00:00
[2024-09-08T13:25:12.631+0000] {logging_mixin.py:188} INFO - [2024-09-08T13:25:12.630+0000] {dag.py:3823} INFO - Setting next_dagrun for example_branch_datetime_operator_3 to 2024-09-07 00:00:00+00:00, run_after=2024-09-08 00:00:00+00:00
[2024-09-08T13:25:12.656+0000] {processor.py:183} INFO - Processing /home/airflow/.local/lib/python3.8/site-packages/airflow/example_dags/example_branch_datetime_operator.py took 0.147 seconds
[2024-09-08T13:25:42.934+0000] {processor.py:161} INFO - Started process (PID=382) to work on /home/airflow/.local/lib/python3.8/site-packages/airflow/example_dags/example_branch_datetime_operator.py
[2024-09-08T13:25:42.935+0000] {processor.py:830} INFO - Processing file /home/airflow/.local/lib/python3.8/site-packages/airflow/example_dags/example_branch_datetime_operator.py for tasks to queue
[2024-09-08T13:25:42.937+0000] {logging_mixin.py:188} INFO - [2024-09-08T13:25:42.937+0000] {dagbag.py:538} INFO - Filling up the DagBag from /home/airflow/.local/lib/python3.8/site-packages/airflow/example_dags/example_branch_datetime_operator.py
[2024-09-08T13:25:42.969+0000] {processor.py:840} INFO - DAG(s) 'example_branch_datetime_operator_2', 'example_branch_datetime_operator', 'example_branch_datetime_operator_3' retrieved from /home/airflow/.local/lib/python3.8/site-packages/airflow/example_dags/example_branch_datetime_operator.py
[2024-09-08T13:25:43.030+0000] {logging_mixin.py:188} INFO - [2024-09-08T13:25:43.029+0000] {dag.py:3036} INFO - Sync 3 DAGs
[2024-09-08T13:25:43.080+0000] {logging_mixin.py:188} INFO - [2024-09-08T13:25:43.079+0000] {dag.py:3823} INFO - Setting next_dagrun for example_branch_datetime_operator to 2024-09-07 00:00:00+00:00, run_after=2024-09-08 00:00:00+00:00
[2024-09-08T13:25:43.092+0000] {logging_mixin.py:188} INFO - [2024-09-08T13:25:43.092+0000] {dag.py:3823} INFO - Setting next_dagrun for example_branch_datetime_operator_2 to 2024-09-07 00:00:00+00:00, run_after=2024-09-08 00:00:00+00:00
[2024-09-08T13:25:43.099+0000] {logging_mixin.py:188} INFO - [2024-09-08T13:25:43.098+0000] {dag.py:3823} INFO - Setting next_dagrun for example_branch_datetime_operator_3 to 2024-09-07 00:00:00+00:00, run_after=2024-09-08 00:00:00+00:00
[2024-09-08T13:25:43.150+0000] {processor.py:183} INFO - Processing /home/airflow/.local/lib/python3.8/site-packages/airflow/example_dags/example_branch_datetime_operator.py took 0.220 seconds
[2024-09-08T13:26:13.310+0000] {processor.py:161} INFO - Started process (PID=439) to work on /home/airflow/.local/lib/python3.8/site-packages/airflow/example_dags/example_branch_datetime_operator.py
[2024-09-08T13:26:13.312+0000] {processor.py:830} INFO - Processing file /home/airflow/.local/lib/python3.8/site-packages/airflow/example_dags/example_branch_datetime_operator.py for tasks to queue
[2024-09-08T13:26:13.313+0000] {logging_mixin.py:188} INFO - [2024-09-08T13:26:13.313+0000] {dagbag.py:538} INFO - Filling up the DagBag from /home/airflow/.local/lib/python3.8/site-packages/airflow/example_dags/example_branch_datetime_operator.py
[2024-09-08T13:26:13.337+0000] {processor.py:840} INFO - DAG(s) 'example_branch_datetime_operator', 'example_branch_datetime_operator_2', 'example_branch_datetime_operator_3' retrieved from /home/airflow/.local/lib/python3.8/site-packages/airflow/example_dags/example_branch_datetime_operator.py
[2024-09-08T13:26:13.377+0000] {logging_mixin.py:188} INFO - [2024-09-08T13:26:13.377+0000] {dag.py:3036} INFO - Sync 3 DAGs
[2024-09-08T13:26:13.412+0000] {logging_mixin.py:188} INFO - [2024-09-08T13:26:13.412+0000] {dag.py:3823} INFO - Setting next_dagrun for example_branch_datetime_operator to 2024-09-07 00:00:00+00:00, run_after=2024-09-08 00:00:00+00:00
[2024-09-08T13:26:13.419+0000] {logging_mixin.py:188} INFO - [2024-09-08T13:26:13.419+0000] {dag.py:3823} INFO - Setting next_dagrun for example_branch_datetime_operator_2 to 2024-09-07 00:00:00+00:00, run_after=2024-09-08 00:00:00+00:00
[2024-09-08T13:26:13.424+0000] {logging_mixin.py:188} INFO - [2024-09-08T13:26:13.424+0000] {dag.py:3823} INFO - Setting next_dagrun for example_branch_datetime_operator_3 to 2024-09-07 00:00:00+00:00, run_after=2024-09-08 00:00:00+00:00
[2024-09-08T13:26:13.447+0000] {processor.py:183} INFO - Processing /home/airflow/.local/lib/python3.8/site-packages/airflow/example_dags/example_branch_datetime_operator.py took 0.142 seconds
[2024-09-08T13:26:43.635+0000] {processor.py:161} INFO - Started process (PID=496) to work on /home/airflow/.local/lib/python3.8/site-packages/airflow/example_dags/example_branch_datetime_operator.py
[2024-09-08T13:26:43.636+0000] {processor.py:830} INFO - Processing file /home/airflow/.local/lib/python3.8/site-packages/airflow/example_dags/example_branch_datetime_operator.py for tasks to queue
[2024-09-08T13:26:43.638+0000] {logging_mixin.py:188} INFO - [2024-09-08T13:26:43.638+0000] {dagbag.py:538} INFO - Filling up the DagBag from /home/airflow/.local/lib/python3.8/site-packages/airflow/example_dags/example_branch_datetime_operator.py
[2024-09-08T13:26:43.654+0000] {processor.py:840} INFO - DAG(s) 'example_branch_datetime_operator_2', 'example_branch_datetime_operator_3', 'example_branch_datetime_operator' retrieved from /home/airflow/.local/lib/python3.8/site-packages/airflow/example_dags/example_branch_datetime_operator.py
[2024-09-08T13:26:43.700+0000] {logging_mixin.py:188} INFO - [2024-09-08T13:26:43.700+0000] {dag.py:3036} INFO - Sync 3 DAGs
[2024-09-08T13:26:43.738+0000] {logging_mixin.py:188} INFO - [2024-09-08T13:26:43.737+0000] {dag.py:3823} INFO - Setting next_dagrun for example_branch_datetime_operator to 2024-09-07 00:00:00+00:00, run_after=2024-09-08 00:00:00+00:00
[2024-09-08T13:26:43.746+0000] {logging_mixin.py:188} INFO - [2024-09-08T13:26:43.745+0000] {dag.py:3823} INFO - Setting next_dagrun for example_branch_datetime_operator_2 to 2024-09-07 00:00:00+00:00, run_after=2024-09-08 00:00:00+00:00
[2024-09-08T13:26:43.752+0000] {logging_mixin.py:188} INFO - [2024-09-08T13:26:43.752+0000] {dag.py:3823} INFO - Setting next_dagrun for example_branch_datetime_operator_3 to 2024-09-07 00:00:00+00:00, run_after=2024-09-08 00:00:00+00:00
[2024-09-08T13:26:43.781+0000] {processor.py:183} INFO - Processing /home/airflow/.local/lib/python3.8/site-packages/airflow/example_dags/example_branch_datetime_operator.py took 0.150 seconds
[2024-09-08T13:27:14.374+0000] {processor.py:161} INFO - Started process (PID=553) to work on /home/airflow/.local/lib/python3.8/site-packages/airflow/example_dags/example_branch_datetime_operator.py
[2024-09-08T13:27:14.375+0000] {processor.py:830} INFO - Processing file /home/airflow/.local/lib/python3.8/site-packages/airflow/example_dags/example_branch_datetime_operator.py for tasks to queue
[2024-09-08T13:27:14.377+0000] {logging_mixin.py:188} INFO - [2024-09-08T13:27:14.376+0000] {dagbag.py:538} INFO - Filling up the DagBag from /home/airflow/.local/lib/python3.8/site-packages/airflow/example_dags/example_branch_datetime_operator.py
[2024-09-08T13:27:14.392+0000] {processor.py:840} INFO - DAG(s) 'example_branch_datetime_operator', 'example_branch_datetime_operator_2', 'example_branch_datetime_operator_3' retrieved from /home/airflow/.local/lib/python3.8/site-packages/airflow/example_dags/example_branch_datetime_operator.py
[2024-09-08T13:27:14.448+0000] {logging_mixin.py:188} INFO - [2024-09-08T13:27:14.447+0000] {dag.py:3036} INFO - Sync 3 DAGs
[2024-09-08T13:27:14.489+0000] {logging_mixin.py:188} INFO - [2024-09-08T13:27:14.488+0000] {dag.py:3823} INFO - Setting next_dagrun for example_branch_datetime_operator to 2024-09-07 00:00:00+00:00, run_after=2024-09-08 00:00:00+00:00
[2024-09-08T13:27:14.502+0000] {logging_mixin.py:188} INFO - [2024-09-08T13:27:14.502+0000] {dag.py:3823} INFO - Setting next_dagrun for example_branch_datetime_operator_2 to 2024-09-07 00:00:00+00:00, run_after=2024-09-08 00:00:00+00:00
[2024-09-08T13:27:14.506+0000] {logging_mixin.py:188} INFO - [2024-09-08T13:27:14.506+0000] {dag.py:3823} INFO - Setting next_dagrun for example_branch_datetime_operator_3 to 2024-09-07 00:00:00+00:00, run_after=2024-09-08 00:00:00+00:00
[2024-09-08T13:27:14.532+0000] {processor.py:183} INFO - Processing /home/airflow/.local/lib/python3.8/site-packages/airflow/example_dags/example_branch_datetime_operator.py took 0.163 seconds
[2024-09-08T13:27:44.594+0000] {processor.py:161} INFO - Started process (PID=611) to work on /home/airflow/.local/lib/python3.8/site-packages/airflow/example_dags/example_branch_datetime_operator.py
[2024-09-08T13:27:44.595+0000] {processor.py:830} INFO - Processing file /home/airflow/.local/lib/python3.8/site-packages/airflow/example_dags/example_branch_datetime_operator.py for tasks to queue
[2024-09-08T13:27:44.597+0000] {logging_mixin.py:188} INFO - [2024-09-08T13:27:44.596+0000] {dagbag.py:538} INFO - Filling up the DagBag from /home/airflow/.local/lib/python3.8/site-packages/airflow/example_dags/example_branch_datetime_operator.py
[2024-09-08T13:27:44.609+0000] {processor.py:840} INFO - DAG(s) 'example_branch_datetime_operator_3', 'example_branch_datetime_operator', 'example_branch_datetime_operator_2' retrieved from /home/airflow/.local/lib/python3.8/site-packages/airflow/example_dags/example_branch_datetime_operator.py
[2024-09-08T13:27:44.647+0000] {logging_mixin.py:188} INFO - [2024-09-08T13:27:44.646+0000] {dag.py:3036} INFO - Sync 3 DAGs
[2024-09-08T13:27:44.691+0000] {logging_mixin.py:188} INFO - [2024-09-08T13:27:44.690+0000] {dag.py:3823} INFO - Setting next_dagrun for example_branch_datetime_operator to 2024-09-07 00:00:00+00:00, run_after=2024-09-08 00:00:00+00:00
[2024-09-08T13:27:44.701+0000] {logging_mixin.py:188} INFO - [2024-09-08T13:27:44.701+0000] {dag.py:3823} INFO - Setting next_dagrun for example_branch_datetime_operator_2 to 2024-09-07 00:00:00+00:00, run_after=2024-09-08 00:00:00+00:00
[2024-09-08T13:27:44.707+0000] {logging_mixin.py:188} INFO - [2024-09-08T13:27:44.706+0000] {dag.py:3823} INFO - Setting next_dagrun for example_branch_datetime_operator_3 to 2024-09-07 00:00:00+00:00, run_after=2024-09-08 00:00:00+00:00
[2024-09-08T13:27:44.732+0000] {processor.py:183} INFO - Processing /home/airflow/.local/lib/python3.8/site-packages/airflow/example_dags/example_branch_datetime_operator.py took 0.142 seconds
[2024-09-08T13:28:15.034+0000] {processor.py:161} INFO - Started process (PID=667) to work on /home/airflow/.local/lib/python3.8/site-packages/airflow/example_dags/example_branch_datetime_operator.py
[2024-09-08T13:28:15.035+0000] {processor.py:830} INFO - Processing file /home/airflow/.local/lib/python3.8/site-packages/airflow/example_dags/example_branch_datetime_operator.py for tasks to queue
[2024-09-08T13:28:15.036+0000] {logging_mixin.py:188} INFO - [2024-09-08T13:28:15.036+0000] {dagbag.py:538} INFO - Filling up the DagBag from /home/airflow/.local/lib/python3.8/site-packages/airflow/example_dags/example_branch_datetime_operator.py
[2024-09-08T13:28:15.049+0000] {processor.py:840} INFO - DAG(s) 'example_branch_datetime_operator_2', 'example_branch_datetime_operator_3', 'example_branch_datetime_operator' retrieved from /home/airflow/.local/lib/python3.8/site-packages/airflow/example_dags/example_branch_datetime_operator.py
[2024-09-08T13:28:15.091+0000] {logging_mixin.py:188} INFO - [2024-09-08T13:28:15.091+0000] {dag.py:3036} INFO - Sync 3 DAGs
[2024-09-08T13:28:15.126+0000] {logging_mixin.py:188} INFO - [2024-09-08T13:28:15.125+0000] {dag.py:3823} INFO - Setting next_dagrun for example_branch_datetime_operator to 2024-09-07 00:00:00+00:00, run_after=2024-09-08 00:00:00+00:00
[2024-09-08T13:28:15.133+0000] {logging_mixin.py:188} INFO - [2024-09-08T13:28:15.133+0000] {dag.py:3823} INFO - Setting next_dagrun for example_branch_datetime_operator_2 to 2024-09-07 00:00:00+00:00, run_after=2024-09-08 00:00:00+00:00
[2024-09-08T13:28:15.138+0000] {logging_mixin.py:188} INFO - [2024-09-08T13:28:15.138+0000] {dag.py:3823} INFO - Setting next_dagrun for example_branch_datetime_operator_3 to 2024-09-07 00:00:00+00:00, run_after=2024-09-08 00:00:00+00:00
[2024-09-08T13:28:15.161+0000] {processor.py:183} INFO - Processing /home/airflow/.local/lib/python3.8/site-packages/airflow/example_dags/example_branch_datetime_operator.py took 0.131 seconds
[2024-09-08T13:28:45.357+0000] {processor.py:161} INFO - Started process (PID=725) to work on /home/airflow/.local/lib/python3.8/site-packages/airflow/example_dags/example_branch_datetime_operator.py
[2024-09-08T13:28:45.359+0000] {processor.py:830} INFO - Processing file /home/airflow/.local/lib/python3.8/site-packages/airflow/example_dags/example_branch_datetime_operator.py for tasks to queue
[2024-09-08T13:28:45.361+0000] {logging_mixin.py:188} INFO - [2024-09-08T13:28:45.360+0000] {dagbag.py:538} INFO - Filling up the DagBag from /home/airflow/.local/lib/python3.8/site-packages/airflow/example_dags/example_branch_datetime_operator.py
[2024-09-08T13:28:45.390+0000] {processor.py:840} INFO - DAG(s) 'example_branch_datetime_operator', 'example_branch_datetime_operator_3', 'example_branch_datetime_operator_2' retrieved from /home/airflow/.local/lib/python3.8/site-packages/airflow/example_dags/example_branch_datetime_operator.py
[2024-09-08T13:28:45.445+0000] {logging_mixin.py:188} INFO - [2024-09-08T13:28:45.445+0000] {dag.py:3036} INFO - Sync 3 DAGs
[2024-09-08T13:28:45.517+0000] {logging_mixin.py:188} INFO - [2024-09-08T13:28:45.516+0000] {dag.py:3823} INFO - Setting next_dagrun for example_branch_datetime_operator to 2024-09-07 00:00:00+00:00, run_after=2024-09-08 00:00:00+00:00
[2024-09-08T13:28:45.532+0000] {logging_mixin.py:188} INFO - [2024-09-08T13:28:45.532+0000] {dag.py:3823} INFO - Setting next_dagrun for example_branch_datetime_operator_2 to 2024-09-07 00:00:00+00:00, run_after=2024-09-08 00:00:00+00:00
[2024-09-08T13:28:45.555+0000] {logging_mixin.py:188} INFO - [2024-09-08T13:28:45.555+0000] {dag.py:3823} INFO - Setting next_dagrun for example_branch_datetime_operator_3 to 2024-09-07 00:00:00+00:00, run_after=2024-09-08 00:00:00+00:00
[2024-09-08T13:28:45.621+0000] {processor.py:183} INFO - Processing /home/airflow/.local/lib/python3.8/site-packages/airflow/example_dags/example_branch_datetime_operator.py took 0.271 seconds
[2024-09-08T13:29:15.684+0000] {processor.py:161} INFO - Started process (PID=781) to work on /home/airflow/.local/lib/python3.8/site-packages/airflow/example_dags/example_branch_datetime_operator.py
[2024-09-08T13:29:15.685+0000] {processor.py:830} INFO - Processing file /home/airflow/.local/lib/python3.8/site-packages/airflow/example_dags/example_branch_datetime_operator.py for tasks to queue
[2024-09-08T13:29:15.686+0000] {logging_mixin.py:188} INFO - [2024-09-08T13:29:15.686+0000] {dagbag.py:538} INFO - Filling up the DagBag from /home/airflow/.local/lib/python3.8/site-packages/airflow/example_dags/example_branch_datetime_operator.py
[2024-09-08T13:29:15.708+0000] {processor.py:840} INFO - DAG(s) 'example_branch_datetime_operator_3', 'example_branch_datetime_operator', 'example_branch_datetime_operator_2' retrieved from /home/airflow/.local/lib/python3.8/site-packages/airflow/example_dags/example_branch_datetime_operator.py
[2024-09-08T13:29:15.753+0000] {logging_mixin.py:188} INFO - [2024-09-08T13:29:15.753+0000] {dag.py:3036} INFO - Sync 3 DAGs
[2024-09-08T13:29:15.788+0000] {logging_mixin.py:188} INFO - [2024-09-08T13:29:15.788+0000] {dag.py:3823} INFO - Setting next_dagrun for example_branch_datetime_operator to 2024-09-07 00:00:00+00:00, run_after=2024-09-08 00:00:00+00:00
[2024-09-08T13:29:15.795+0000] {logging_mixin.py:188} INFO - [2024-09-08T13:29:15.795+0000] {dag.py:3823} INFO - Setting next_dagrun for example_branch_datetime_operator_2 to 2024-09-07 00:00:00+00:00, run_after=2024-09-08 00:00:00+00:00
[2024-09-08T13:29:15.799+0000] {logging_mixin.py:188} INFO - [2024-09-08T13:29:15.799+0000] {dag.py:3823} INFO - Setting next_dagrun for example_branch_datetime_operator_3 to 2024-09-07 00:00:00+00:00, run_after=2024-09-08 00:00:00+00:00
[2024-09-08T13:29:15.840+0000] {processor.py:183} INFO - Processing /home/airflow/.local/lib/python3.8/site-packages/airflow/example_dags/example_branch_datetime_operator.py took 0.159 seconds
[2024-09-08T13:29:46.096+0000] {processor.py:161} INFO - Started process (PID=838) to work on /home/airflow/.local/lib/python3.8/site-packages/airflow/example_dags/example_branch_datetime_operator.py
[2024-09-08T13:29:46.097+0000] {processor.py:830} INFO - Processing file /home/airflow/.local/lib/python3.8/site-packages/airflow/example_dags/example_branch_datetime_operator.py for tasks to queue
[2024-09-08T13:29:46.100+0000] {logging_mixin.py:188} INFO - [2024-09-08T13:29:46.099+0000] {dagbag.py:538} INFO - Filling up the DagBag from /home/airflow/.local/lib/python3.8/site-packages/airflow/example_dags/example_branch_datetime_operator.py
[2024-09-08T13:29:46.119+0000] {processor.py:840} INFO - DAG(s) 'example_branch_datetime_operator_3', 'example_branch_datetime_operator', 'example_branch_datetime_operator_2' retrieved from /home/airflow/.local/lib/python3.8/site-packages/airflow/example_dags/example_branch_datetime_operator.py
[2024-09-08T13:29:46.187+0000] {logging_mixin.py:188} INFO - [2024-09-08T13:29:46.186+0000] {dag.py:3036} INFO - Sync 3 DAGs
[2024-09-08T13:29:46.234+0000] {logging_mixin.py:188} INFO - [2024-09-08T13:29:46.233+0000] {dag.py:3823} INFO - Setting next_dagrun for example_branch_datetime_operator to 2024-09-07 00:00:00+00:00, run_after=2024-09-08 00:00:00+00:00
[2024-09-08T13:29:46.244+0000] {logging_mixin.py:188} INFO - [2024-09-08T13:29:46.244+0000] {dag.py:3823} INFO - Setting next_dagrun for example_branch_datetime_operator_2 to 2024-09-07 00:00:00+00:00, run_after=2024-09-08 00:00:00+00:00
[2024-09-08T13:29:46.250+0000] {logging_mixin.py:188} INFO - [2024-09-08T13:29:46.250+0000] {dag.py:3823} INFO - Setting next_dagrun for example_branch_datetime_operator_3 to 2024-09-07 00:00:00+00:00, run_after=2024-09-08 00:00:00+00:00
[2024-09-08T13:29:46.281+0000] {processor.py:183} INFO - Processing /home/airflow/.local/lib/python3.8/site-packages/airflow/example_dags/example_branch_datetime_operator.py took 0.191 seconds
