[2024-09-08T13:22:48.150+0000] {processor.py:161} INFO - Started process (PID=60) to work on /home/airflow/.local/lib/python3.8/site-packages/airflow/example_dags/example_sensors.py
[2024-09-08T13:22:48.152+0000] {processor.py:830} INFO - Processing file /home/airflow/.local/lib/python3.8/site-packages/airflow/example_dags/example_sensors.py for tasks to queue
[2024-09-08T13:22:48.156+0000] {logging_mixin.py:188} INFO - [2024-09-08T13:22:48.155+0000] {dagbag.py:538} INFO - Filling up the DagBag from /home/airflow/.local/lib/python3.8/site-packages/airflow/example_dags/example_sensors.py
[2024-09-08T13:22:48.279+0000] {processor.py:840} INFO - DAG(s) 'example_sensors' retrieved from /home/airflow/.local/lib/python3.8/site-packages/airflow/example_dags/example_sensors.py
[2024-09-08T13:22:48.549+0000] {logging_mixin.py:188} INFO - [2024-09-08T13:22:48.549+0000] {dag.py:3036} INFO - Sync 1 DAGs
[2024-09-08T13:22:48.622+0000] {logging_mixin.py:188} INFO - [2024-09-08T13:22:48.622+0000] {dag.py:3823} INFO - Setting next_dagrun for example_sensors to None, run_after=None
[2024-09-08T13:22:48.686+0000] {processor.py:183} INFO - Processing /home/airflow/.local/lib/python3.8/site-packages/airflow/example_dags/example_sensors.py took 0.543 seconds
[2024-09-08T13:23:19.215+0000] {processor.py:161} INFO - Started process (PID=117) to work on /home/airflow/.local/lib/python3.8/site-packages/airflow/example_dags/example_sensors.py
[2024-09-08T13:23:19.216+0000] {processor.py:830} INFO - Processing file /home/airflow/.local/lib/python3.8/site-packages/airflow/example_dags/example_sensors.py for tasks to queue
[2024-09-08T13:23:19.218+0000] {logging_mixin.py:188} INFO - [2024-09-08T13:23:19.217+0000] {dagbag.py:538} INFO - Filling up the DagBag from /home/airflow/.local/lib/python3.8/site-packages/airflow/example_dags/example_sensors.py
[2024-09-08T13:23:19.233+0000] {processor.py:840} INFO - DAG(s) 'example_sensors' retrieved from /home/airflow/.local/lib/python3.8/site-packages/airflow/example_dags/example_sensors.py
[2024-09-08T13:23:19.273+0000] {logging_mixin.py:188} INFO - [2024-09-08T13:23:19.273+0000] {dag.py:3036} INFO - Sync 1 DAGs
[2024-09-08T13:23:19.287+0000] {logging_mixin.py:188} INFO - [2024-09-08T13:23:19.287+0000] {dag.py:3823} INFO - Setting next_dagrun for example_sensors to None, run_after=None
[2024-09-08T13:23:19.317+0000] {processor.py:183} INFO - Processing /home/airflow/.local/lib/python3.8/site-packages/airflow/example_dags/example_sensors.py took 0.106 seconds
[2024-09-08T13:23:49.455+0000] {processor.py:161} INFO - Started process (PID=174) to work on /home/airflow/.local/lib/python3.8/site-packages/airflow/example_dags/example_sensors.py
[2024-09-08T13:23:49.456+0000] {processor.py:830} INFO - Processing file /home/airflow/.local/lib/python3.8/site-packages/airflow/example_dags/example_sensors.py for tasks to queue
[2024-09-08T13:23:49.458+0000] {logging_mixin.py:188} INFO - [2024-09-08T13:23:49.458+0000] {dagbag.py:538} INFO - Filling up the DagBag from /home/airflow/.local/lib/python3.8/site-packages/airflow/example_dags/example_sensors.py
[2024-09-08T13:23:49.472+0000] {processor.py:840} INFO - DAG(s) 'example_sensors' retrieved from /home/airflow/.local/lib/python3.8/site-packages/airflow/example_dags/example_sensors.py
[2024-09-08T13:23:49.508+0000] {logging_mixin.py:188} INFO - [2024-09-08T13:23:49.508+0000] {dag.py:3036} INFO - Sync 1 DAGs
[2024-09-08T13:23:49.524+0000] {logging_mixin.py:188} INFO - [2024-09-08T13:23:49.523+0000] {dag.py:3823} INFO - Setting next_dagrun for example_sensors to None, run_after=None
[2024-09-08T13:23:49.560+0000] {processor.py:183} INFO - Processing /home/airflow/.local/lib/python3.8/site-packages/airflow/example_dags/example_sensors.py took 0.109 seconds
[2024-09-08T13:24:19.734+0000] {processor.py:161} INFO - Started process (PID=231) to work on /home/airflow/.local/lib/python3.8/site-packages/airflow/example_dags/example_sensors.py
[2024-09-08T13:24:19.735+0000] {processor.py:830} INFO - Processing file /home/airflow/.local/lib/python3.8/site-packages/airflow/example_dags/example_sensors.py for tasks to queue
[2024-09-08T13:24:19.736+0000] {logging_mixin.py:188} INFO - [2024-09-08T13:24:19.736+0000] {dagbag.py:538} INFO - Filling up the DagBag from /home/airflow/.local/lib/python3.8/site-packages/airflow/example_dags/example_sensors.py
[2024-09-08T13:24:19.753+0000] {processor.py:840} INFO - DAG(s) 'example_sensors' retrieved from /home/airflow/.local/lib/python3.8/site-packages/airflow/example_dags/example_sensors.py
[2024-09-08T13:24:19.794+0000] {logging_mixin.py:188} INFO - [2024-09-08T13:24:19.793+0000] {dag.py:3036} INFO - Sync 1 DAGs
[2024-09-08T13:24:19.813+0000] {logging_mixin.py:188} INFO - [2024-09-08T13:24:19.813+0000] {dag.py:3823} INFO - Setting next_dagrun for example_sensors to None, run_after=None
[2024-09-08T13:24:19.847+0000] {processor.py:183} INFO - Processing /home/airflow/.local/lib/python3.8/site-packages/airflow/example_dags/example_sensors.py took 0.117 seconds
[2024-09-08T13:24:50.212+0000] {processor.py:161} INFO - Started process (PID=288) to work on /home/airflow/.local/lib/python3.8/site-packages/airflow/example_dags/example_sensors.py
[2024-09-08T13:24:50.213+0000] {processor.py:830} INFO - Processing file /home/airflow/.local/lib/python3.8/site-packages/airflow/example_dags/example_sensors.py for tasks to queue
[2024-09-08T13:24:50.214+0000] {logging_mixin.py:188} INFO - [2024-09-08T13:24:50.214+0000] {dagbag.py:538} INFO - Filling up the DagBag from /home/airflow/.local/lib/python3.8/site-packages/airflow/example_dags/example_sensors.py
[2024-09-08T13:24:50.232+0000] {processor.py:840} INFO - DAG(s) 'example_sensors' retrieved from /home/airflow/.local/lib/python3.8/site-packages/airflow/example_dags/example_sensors.py
[2024-09-08T13:24:50.275+0000] {logging_mixin.py:188} INFO - [2024-09-08T13:24:50.274+0000] {dag.py:3036} INFO - Sync 1 DAGs
[2024-09-08T13:24:50.294+0000] {logging_mixin.py:188} INFO - [2024-09-08T13:24:50.293+0000] {dag.py:3823} INFO - Setting next_dagrun for example_sensors to None, run_after=None
[2024-09-08T13:24:50.323+0000] {processor.py:183} INFO - Processing /home/airflow/.local/lib/python3.8/site-packages/airflow/example_dags/example_sensors.py took 0.117 seconds
[2024-09-08T13:25:20.807+0000] {processor.py:161} INFO - Started process (PID=345) to work on /home/airflow/.local/lib/python3.8/site-packages/airflow/example_dags/example_sensors.py
[2024-09-08T13:25:20.808+0000] {processor.py:830} INFO - Processing file /home/airflow/.local/lib/python3.8/site-packages/airflow/example_dags/example_sensors.py for tasks to queue
[2024-09-08T13:25:20.810+0000] {logging_mixin.py:188} INFO - [2024-09-08T13:25:20.809+0000] {dagbag.py:538} INFO - Filling up the DagBag from /home/airflow/.local/lib/python3.8/site-packages/airflow/example_dags/example_sensors.py
[2024-09-08T13:25:20.822+0000] {processor.py:840} INFO - DAG(s) 'example_sensors' retrieved from /home/airflow/.local/lib/python3.8/site-packages/airflow/example_dags/example_sensors.py
[2024-09-08T13:25:20.870+0000] {logging_mixin.py:188} INFO - [2024-09-08T13:25:20.870+0000] {dag.py:3036} INFO - Sync 1 DAGs
[2024-09-08T13:25:20.891+0000] {logging_mixin.py:188} INFO - [2024-09-08T13:25:20.891+0000] {dag.py:3823} INFO - Setting next_dagrun for example_sensors to None, run_after=None
[2024-09-08T13:25:20.922+0000] {processor.py:183} INFO - Processing /home/airflow/.local/lib/python3.8/site-packages/airflow/example_dags/example_sensors.py took 0.118 seconds
[2024-09-08T13:25:51.467+0000] {processor.py:161} INFO - Started process (PID=402) to work on /home/airflow/.local/lib/python3.8/site-packages/airflow/example_dags/example_sensors.py
[2024-09-08T13:25:51.468+0000] {processor.py:830} INFO - Processing file /home/airflow/.local/lib/python3.8/site-packages/airflow/example_dags/example_sensors.py for tasks to queue
[2024-09-08T13:25:51.471+0000] {logging_mixin.py:188} INFO - [2024-09-08T13:25:51.470+0000] {dagbag.py:538} INFO - Filling up the DagBag from /home/airflow/.local/lib/python3.8/site-packages/airflow/example_dags/example_sensors.py
[2024-09-08T13:25:51.490+0000] {processor.py:840} INFO - DAG(s) 'example_sensors' retrieved from /home/airflow/.local/lib/python3.8/site-packages/airflow/example_dags/example_sensors.py
[2024-09-08T13:25:51.555+0000] {logging_mixin.py:188} INFO - [2024-09-08T13:25:51.554+0000] {dag.py:3036} INFO - Sync 1 DAGs
[2024-09-08T13:25:51.599+0000] {logging_mixin.py:188} INFO - [2024-09-08T13:25:51.599+0000] {dag.py:3823} INFO - Setting next_dagrun for example_sensors to None, run_after=None
[2024-09-08T13:25:51.641+0000] {processor.py:183} INFO - Processing /home/airflow/.local/lib/python3.8/site-packages/airflow/example_dags/example_sensors.py took 0.178 seconds
[2024-09-08T13:26:22.215+0000] {processor.py:161} INFO - Started process (PID=465) to work on /home/airflow/.local/lib/python3.8/site-packages/airflow/example_dags/example_sensors.py
[2024-09-08T13:26:22.216+0000] {processor.py:830} INFO - Processing file /home/airflow/.local/lib/python3.8/site-packages/airflow/example_dags/example_sensors.py for tasks to queue
[2024-09-08T13:26:22.217+0000] {logging_mixin.py:188} INFO - [2024-09-08T13:26:22.217+0000] {dagbag.py:538} INFO - Filling up the DagBag from /home/airflow/.local/lib/python3.8/site-packages/airflow/example_dags/example_sensors.py
[2024-09-08T13:26:22.229+0000] {processor.py:840} INFO - DAG(s) 'example_sensors' retrieved from /home/airflow/.local/lib/python3.8/site-packages/airflow/example_dags/example_sensors.py
[2024-09-08T13:26:22.266+0000] {logging_mixin.py:188} INFO - [2024-09-08T13:26:22.266+0000] {dag.py:3036} INFO - Sync 1 DAGs
[2024-09-08T13:26:22.280+0000] {logging_mixin.py:188} INFO - [2024-09-08T13:26:22.280+0000] {dag.py:3823} INFO - Setting next_dagrun for example_sensors to None, run_after=None
[2024-09-08T13:26:22.314+0000] {processor.py:183} INFO - Processing /home/airflow/.local/lib/python3.8/site-packages/airflow/example_dags/example_sensors.py took 0.104 seconds
[2024-09-08T13:26:52.958+0000] {processor.py:161} INFO - Started process (PID=522) to work on /home/airflow/.local/lib/python3.8/site-packages/airflow/example_dags/example_sensors.py
[2024-09-08T13:26:52.960+0000] {processor.py:830} INFO - Processing file /home/airflow/.local/lib/python3.8/site-packages/airflow/example_dags/example_sensors.py for tasks to queue
[2024-09-08T13:26:52.961+0000] {logging_mixin.py:188} INFO - [2024-09-08T13:26:52.961+0000] {dagbag.py:538} INFO - Filling up the DagBag from /home/airflow/.local/lib/python3.8/site-packages/airflow/example_dags/example_sensors.py
[2024-09-08T13:26:52.976+0000] {processor.py:840} INFO - DAG(s) 'example_sensors' retrieved from /home/airflow/.local/lib/python3.8/site-packages/airflow/example_dags/example_sensors.py
[2024-09-08T13:26:53.023+0000] {logging_mixin.py:188} INFO - [2024-09-08T13:26:53.023+0000] {dag.py:3036} INFO - Sync 1 DAGs
[2024-09-08T13:26:53.050+0000] {logging_mixin.py:188} INFO - [2024-09-08T13:26:53.050+0000] {dag.py:3823} INFO - Setting next_dagrun for example_sensors to None, run_after=None
[2024-09-08T13:26:53.105+0000] {processor.py:183} INFO - Processing /home/airflow/.local/lib/python3.8/site-packages/airflow/example_dags/example_sensors.py took 0.155 seconds
[2024-09-08T13:27:23.827+0000] {processor.py:161} INFO - Started process (PID=579) to work on /home/airflow/.local/lib/python3.8/site-packages/airflow/example_dags/example_sensors.py
[2024-09-08T13:27:23.828+0000] {processor.py:830} INFO - Processing file /home/airflow/.local/lib/python3.8/site-packages/airflow/example_dags/example_sensors.py for tasks to queue
[2024-09-08T13:27:23.830+0000] {logging_mixin.py:188} INFO - [2024-09-08T13:27:23.829+0000] {dagbag.py:538} INFO - Filling up the DagBag from /home/airflow/.local/lib/python3.8/site-packages/airflow/example_dags/example_sensors.py
[2024-09-08T13:27:23.858+0000] {processor.py:840} INFO - DAG(s) 'example_sensors' retrieved from /home/airflow/.local/lib/python3.8/site-packages/airflow/example_dags/example_sensors.py
[2024-09-08T13:27:23.914+0000] {logging_mixin.py:188} INFO - [2024-09-08T13:27:23.914+0000] {dag.py:3036} INFO - Sync 1 DAGs
[2024-09-08T13:27:23.941+0000] {logging_mixin.py:188} INFO - [2024-09-08T13:27:23.941+0000] {dag.py:3823} INFO - Setting next_dagrun for example_sensors to None, run_after=None
[2024-09-08T13:27:23.985+0000] {processor.py:183} INFO - Processing /home/airflow/.local/lib/python3.8/site-packages/airflow/example_dags/example_sensors.py took 0.164 seconds
[2024-09-08T13:27:54.154+0000] {processor.py:161} INFO - Started process (PID=636) to work on /home/airflow/.local/lib/python3.8/site-packages/airflow/example_dags/example_sensors.py
[2024-09-08T13:27:54.155+0000] {processor.py:830} INFO - Processing file /home/airflow/.local/lib/python3.8/site-packages/airflow/example_dags/example_sensors.py for tasks to queue
[2024-09-08T13:27:54.158+0000] {logging_mixin.py:188} INFO - [2024-09-08T13:27:54.157+0000] {dagbag.py:538} INFO - Filling up the DagBag from /home/airflow/.local/lib/python3.8/site-packages/airflow/example_dags/example_sensors.py
[2024-09-08T13:27:54.173+0000] {processor.py:840} INFO - DAG(s) 'example_sensors' retrieved from /home/airflow/.local/lib/python3.8/site-packages/airflow/example_dags/example_sensors.py
[2024-09-08T13:27:54.212+0000] {logging_mixin.py:188} INFO - [2024-09-08T13:27:54.212+0000] {dag.py:3036} INFO - Sync 1 DAGs
[2024-09-08T13:27:54.229+0000] {logging_mixin.py:188} INFO - [2024-09-08T13:27:54.228+0000] {dag.py:3823} INFO - Setting next_dagrun for example_sensors to None, run_after=None
[2024-09-08T13:27:54.253+0000] {processor.py:183} INFO - Processing /home/airflow/.local/lib/python3.8/site-packages/airflow/example_dags/example_sensors.py took 0.104 seconds
[2024-09-08T13:28:24.865+0000] {processor.py:161} INFO - Started process (PID=693) to work on /home/airflow/.local/lib/python3.8/site-packages/airflow/example_dags/example_sensors.py
[2024-09-08T13:28:24.866+0000] {processor.py:830} INFO - Processing file /home/airflow/.local/lib/python3.8/site-packages/airflow/example_dags/example_sensors.py for tasks to queue
[2024-09-08T13:28:24.871+0000] {logging_mixin.py:188} INFO - [2024-09-08T13:28:24.870+0000] {dagbag.py:538} INFO - Filling up the DagBag from /home/airflow/.local/lib/python3.8/site-packages/airflow/example_dags/example_sensors.py
[2024-09-08T13:28:24.900+0000] {processor.py:840} INFO - DAG(s) 'example_sensors' retrieved from /home/airflow/.local/lib/python3.8/site-packages/airflow/example_dags/example_sensors.py
[2024-09-08T13:28:24.950+0000] {logging_mixin.py:188} INFO - [2024-09-08T13:28:24.950+0000] {dag.py:3036} INFO - Sync 1 DAGs
[2024-09-08T13:28:24.981+0000] {logging_mixin.py:188} INFO - [2024-09-08T13:28:24.980+0000] {dag.py:3823} INFO - Setting next_dagrun for example_sensors to None, run_after=None
[2024-09-08T13:28:25.065+0000] {processor.py:183} INFO - Processing /home/airflow/.local/lib/python3.8/site-packages/airflow/example_dags/example_sensors.py took 0.207 seconds
[2024-09-08T13:28:55.782+0000] {processor.py:161} INFO - Started process (PID=750) to work on /home/airflow/.local/lib/python3.8/site-packages/airflow/example_dags/example_sensors.py
[2024-09-08T13:28:55.784+0000] {processor.py:830} INFO - Processing file /home/airflow/.local/lib/python3.8/site-packages/airflow/example_dags/example_sensors.py for tasks to queue
[2024-09-08T13:28:55.787+0000] {logging_mixin.py:188} INFO - [2024-09-08T13:28:55.786+0000] {dagbag.py:538} INFO - Filling up the DagBag from /home/airflow/.local/lib/python3.8/site-packages/airflow/example_dags/example_sensors.py
[2024-09-08T13:28:55.803+0000] {processor.py:840} INFO - DAG(s) 'example_sensors' retrieved from /home/airflow/.local/lib/python3.8/site-packages/airflow/example_dags/example_sensors.py
[2024-09-08T13:28:55.880+0000] {logging_mixin.py:188} INFO - [2024-09-08T13:28:55.880+0000] {dag.py:3036} INFO - Sync 1 DAGs
[2024-09-08T13:28:55.899+0000] {logging_mixin.py:188} INFO - [2024-09-08T13:28:55.899+0000] {dag.py:3823} INFO - Setting next_dagrun for example_sensors to None, run_after=None
[2024-09-08T13:28:56.043+0000] {processor.py:183} INFO - Processing /home/airflow/.local/lib/python3.8/site-packages/airflow/example_dags/example_sensors.py took 0.270 seconds
[2024-09-08T13:29:26.343+0000] {processor.py:161} INFO - Started process (PID=807) to work on /home/airflow/.local/lib/python3.8/site-packages/airflow/example_dags/example_sensors.py
[2024-09-08T13:29:26.344+0000] {processor.py:830} INFO - Processing file /home/airflow/.local/lib/python3.8/site-packages/airflow/example_dags/example_sensors.py for tasks to queue
[2024-09-08T13:29:26.346+0000] {logging_mixin.py:188} INFO - [2024-09-08T13:29:26.345+0000] {dagbag.py:538} INFO - Filling up the DagBag from /home/airflow/.local/lib/python3.8/site-packages/airflow/example_dags/example_sensors.py
[2024-09-08T13:29:26.365+0000] {processor.py:840} INFO - DAG(s) 'example_sensors' retrieved from /home/airflow/.local/lib/python3.8/site-packages/airflow/example_dags/example_sensors.py
[2024-09-08T13:29:26.412+0000] {logging_mixin.py:188} INFO - [2024-09-08T13:29:26.411+0000] {dag.py:3036} INFO - Sync 1 DAGs
[2024-09-08T13:29:26.432+0000] {logging_mixin.py:188} INFO - [2024-09-08T13:29:26.432+0000] {dag.py:3823} INFO - Setting next_dagrun for example_sensors to None, run_after=None
[2024-09-08T13:29:26.463+0000] {processor.py:183} INFO - Processing /home/airflow/.local/lib/python3.8/site-packages/airflow/example_dags/example_sensors.py took 0.126 seconds
