[2024-09-08T13:22:48.997+0000] {processor.py:161} INFO - Started process (PID=62) to work on /home/airflow/.local/lib/python3.8/site-packages/airflow/example_dags/example_local_kubernetes_executor.py
[2024-09-08T13:22:49.001+0000] {processor.py:830} INFO - Processing file /home/airflow/.local/lib/python3.8/site-packages/airflow/example_dags/example_local_kubernetes_executor.py for tasks to queue
[2024-09-08T13:22:49.016+0000] {logging_mixin.py:188} INFO - [2024-09-08T13:22:49.008+0000] {dagbag.py:538} INFO - Filling up the DagBag from /home/airflow/.local/lib/python3.8/site-packages/airflow/example_dags/example_local_kubernetes_executor.py
[2024-09-08T13:22:49.141+0000] {processor.py:840} INFO - DAG(s) 'example_local_kubernetes_executor' retrieved from /home/airflow/.local/lib/python3.8/site-packages/airflow/example_dags/example_local_kubernetes_executor.py
[2024-09-08T13:22:49.297+0000] {logging_mixin.py:188} INFO - [2024-09-08T13:22:49.297+0000] {dag.py:3036} INFO - Sync 1 DAGs
[2024-09-08T13:22:49.342+0000] {logging_mixin.py:188} INFO - [2024-09-08T13:22:49.342+0000] {dag.py:3823} INFO - Setting next_dagrun for example_local_kubernetes_executor to None, run_after=None
[2024-09-08T13:22:49.407+0000] {processor.py:183} INFO - Processing /home/airflow/.local/lib/python3.8/site-packages/airflow/example_dags/example_local_kubernetes_executor.py took 0.437 seconds
[2024-09-08T13:23:19.474+0000] {processor.py:161} INFO - Started process (PID=119) to work on /home/airflow/.local/lib/python3.8/site-packages/airflow/example_dags/example_local_kubernetes_executor.py
[2024-09-08T13:23:19.475+0000] {processor.py:830} INFO - Processing file /home/airflow/.local/lib/python3.8/site-packages/airflow/example_dags/example_local_kubernetes_executor.py for tasks to queue
[2024-09-08T13:23:19.476+0000] {logging_mixin.py:188} INFO - [2024-09-08T13:23:19.476+0000] {dagbag.py:538} INFO - Filling up the DagBag from /home/airflow/.local/lib/python3.8/site-packages/airflow/example_dags/example_local_kubernetes_executor.py
[2024-09-08T13:23:19.487+0000] {processor.py:840} INFO - DAG(s) 'example_local_kubernetes_executor' retrieved from /home/airflow/.local/lib/python3.8/site-packages/airflow/example_dags/example_local_kubernetes_executor.py
[2024-09-08T13:23:19.529+0000] {logging_mixin.py:188} INFO - [2024-09-08T13:23:19.528+0000] {dag.py:3036} INFO - Sync 1 DAGs
[2024-09-08T13:23:19.545+0000] {logging_mixin.py:188} INFO - [2024-09-08T13:23:19.545+0000] {dag.py:3823} INFO - Setting next_dagrun for example_local_kubernetes_executor to None, run_after=None
[2024-09-08T13:23:19.572+0000] {processor.py:183} INFO - Processing /home/airflow/.local/lib/python3.8/site-packages/airflow/example_dags/example_local_kubernetes_executor.py took 0.101 seconds
[2024-09-08T13:23:49.726+0000] {processor.py:161} INFO - Started process (PID=176) to work on /home/airflow/.local/lib/python3.8/site-packages/airflow/example_dags/example_local_kubernetes_executor.py
[2024-09-08T13:23:49.727+0000] {processor.py:830} INFO - Processing file /home/airflow/.local/lib/python3.8/site-packages/airflow/example_dags/example_local_kubernetes_executor.py for tasks to queue
[2024-09-08T13:23:49.728+0000] {logging_mixin.py:188} INFO - [2024-09-08T13:23:49.728+0000] {dagbag.py:538} INFO - Filling up the DagBag from /home/airflow/.local/lib/python3.8/site-packages/airflow/example_dags/example_local_kubernetes_executor.py
[2024-09-08T13:23:49.738+0000] {processor.py:840} INFO - DAG(s) 'example_local_kubernetes_executor' retrieved from /home/airflow/.local/lib/python3.8/site-packages/airflow/example_dags/example_local_kubernetes_executor.py
[2024-09-08T13:23:49.779+0000] {logging_mixin.py:188} INFO - [2024-09-08T13:23:49.778+0000] {dag.py:3036} INFO - Sync 1 DAGs
[2024-09-08T13:23:49.796+0000] {logging_mixin.py:188} INFO - [2024-09-08T13:23:49.795+0000] {dag.py:3823} INFO - Setting next_dagrun for example_local_kubernetes_executor to None, run_after=None
[2024-09-08T13:23:49.820+0000] {processor.py:183} INFO - Processing /home/airflow/.local/lib/python3.8/site-packages/airflow/example_dags/example_local_kubernetes_executor.py took 0.097 seconds
[2024-09-08T13:24:19.890+0000] {processor.py:161} INFO - Started process (PID=233) to work on /home/airflow/.local/lib/python3.8/site-packages/airflow/example_dags/example_local_kubernetes_executor.py
[2024-09-08T13:24:19.891+0000] {processor.py:830} INFO - Processing file /home/airflow/.local/lib/python3.8/site-packages/airflow/example_dags/example_local_kubernetes_executor.py for tasks to queue
[2024-09-08T13:24:19.893+0000] {logging_mixin.py:188} INFO - [2024-09-08T13:24:19.892+0000] {dagbag.py:538} INFO - Filling up the DagBag from /home/airflow/.local/lib/python3.8/site-packages/airflow/example_dags/example_local_kubernetes_executor.py
[2024-09-08T13:24:19.902+0000] {processor.py:840} INFO - DAG(s) 'example_local_kubernetes_executor' retrieved from /home/airflow/.local/lib/python3.8/site-packages/airflow/example_dags/example_local_kubernetes_executor.py
[2024-09-08T13:24:19.943+0000] {logging_mixin.py:188} INFO - [2024-09-08T13:24:19.943+0000] {dag.py:3036} INFO - Sync 1 DAGs
[2024-09-08T13:24:19.962+0000] {logging_mixin.py:188} INFO - [2024-09-08T13:24:19.962+0000] {dag.py:3823} INFO - Setting next_dagrun for example_local_kubernetes_executor to None, run_after=None
[2024-09-08T13:24:19.989+0000] {processor.py:183} INFO - Processing /home/airflow/.local/lib/python3.8/site-packages/airflow/example_dags/example_local_kubernetes_executor.py took 0.103 seconds
[2024-09-08T13:24:50.508+0000] {processor.py:161} INFO - Started process (PID=290) to work on /home/airflow/.local/lib/python3.8/site-packages/airflow/example_dags/example_local_kubernetes_executor.py
[2024-09-08T13:24:50.509+0000] {processor.py:830} INFO - Processing file /home/airflow/.local/lib/python3.8/site-packages/airflow/example_dags/example_local_kubernetes_executor.py for tasks to queue
[2024-09-08T13:24:50.511+0000] {logging_mixin.py:188} INFO - [2024-09-08T13:24:50.510+0000] {dagbag.py:538} INFO - Filling up the DagBag from /home/airflow/.local/lib/python3.8/site-packages/airflow/example_dags/example_local_kubernetes_executor.py
[2024-09-08T13:24:50.521+0000] {processor.py:840} INFO - DAG(s) 'example_local_kubernetes_executor' retrieved from /home/airflow/.local/lib/python3.8/site-packages/airflow/example_dags/example_local_kubernetes_executor.py
[2024-09-08T13:24:50.575+0000] {logging_mixin.py:188} INFO - [2024-09-08T13:24:50.575+0000] {dag.py:3036} INFO - Sync 1 DAGs
[2024-09-08T13:24:50.595+0000] {logging_mixin.py:188} INFO - [2024-09-08T13:24:50.595+0000] {dag.py:3823} INFO - Setting next_dagrun for example_local_kubernetes_executor to None, run_after=None
[2024-09-08T13:24:50.622+0000] {processor.py:183} INFO - Processing /home/airflow/.local/lib/python3.8/site-packages/airflow/example_dags/example_local_kubernetes_executor.py took 0.120 seconds
[2024-09-08T13:25:20.960+0000] {processor.py:161} INFO - Started process (PID=347) to work on /home/airflow/.local/lib/python3.8/site-packages/airflow/example_dags/example_local_kubernetes_executor.py
[2024-09-08T13:25:20.961+0000] {processor.py:830} INFO - Processing file /home/airflow/.local/lib/python3.8/site-packages/airflow/example_dags/example_local_kubernetes_executor.py for tasks to queue
[2024-09-08T13:25:20.963+0000] {logging_mixin.py:188} INFO - [2024-09-08T13:25:20.963+0000] {dagbag.py:538} INFO - Filling up the DagBag from /home/airflow/.local/lib/python3.8/site-packages/airflow/example_dags/example_local_kubernetes_executor.py
[2024-09-08T13:25:20.974+0000] {processor.py:840} INFO - DAG(s) 'example_local_kubernetes_executor' retrieved from /home/airflow/.local/lib/python3.8/site-packages/airflow/example_dags/example_local_kubernetes_executor.py
[2024-09-08T13:25:21.022+0000] {logging_mixin.py:188} INFO - [2024-09-08T13:25:21.021+0000] {dag.py:3036} INFO - Sync 1 DAGs
[2024-09-08T13:25:21.043+0000] {logging_mixin.py:188} INFO - [2024-09-08T13:25:21.043+0000] {dag.py:3823} INFO - Setting next_dagrun for example_local_kubernetes_executor to None, run_after=None
[2024-09-08T13:25:21.080+0000] {processor.py:183} INFO - Processing /home/airflow/.local/lib/python3.8/site-packages/airflow/example_dags/example_local_kubernetes_executor.py took 0.124 seconds
[2024-09-08T13:25:51.844+0000] {processor.py:161} INFO - Started process (PID=410) to work on /home/airflow/.local/lib/python3.8/site-packages/airflow/example_dags/example_local_kubernetes_executor.py
[2024-09-08T13:25:51.845+0000] {processor.py:830} INFO - Processing file /home/airflow/.local/lib/python3.8/site-packages/airflow/example_dags/example_local_kubernetes_executor.py for tasks to queue
[2024-09-08T13:25:51.846+0000] {logging_mixin.py:188} INFO - [2024-09-08T13:25:51.846+0000] {dagbag.py:538} INFO - Filling up the DagBag from /home/airflow/.local/lib/python3.8/site-packages/airflow/example_dags/example_local_kubernetes_executor.py
[2024-09-08T13:25:51.863+0000] {processor.py:840} INFO - DAG(s) 'example_local_kubernetes_executor' retrieved from /home/airflow/.local/lib/python3.8/site-packages/airflow/example_dags/example_local_kubernetes_executor.py
[2024-09-08T13:25:51.931+0000] {logging_mixin.py:188} INFO - [2024-09-08T13:25:51.931+0000] {dag.py:3036} INFO - Sync 1 DAGs
[2024-09-08T13:25:51.967+0000] {logging_mixin.py:188} INFO - [2024-09-08T13:25:51.966+0000] {dag.py:3823} INFO - Setting next_dagrun for example_local_kubernetes_executor to None, run_after=None
[2024-09-08T13:25:52.010+0000] {processor.py:183} INFO - Processing /home/airflow/.local/lib/python3.8/site-packages/airflow/example_dags/example_local_kubernetes_executor.py took 0.172 seconds
[2024-09-08T13:26:22.489+0000] {processor.py:161} INFO - Started process (PID=467) to work on /home/airflow/.local/lib/python3.8/site-packages/airflow/example_dags/example_local_kubernetes_executor.py
[2024-09-08T13:26:22.490+0000] {processor.py:830} INFO - Processing file /home/airflow/.local/lib/python3.8/site-packages/airflow/example_dags/example_local_kubernetes_executor.py for tasks to queue
[2024-09-08T13:26:22.492+0000] {logging_mixin.py:188} INFO - [2024-09-08T13:26:22.491+0000] {dagbag.py:538} INFO - Filling up the DagBag from /home/airflow/.local/lib/python3.8/site-packages/airflow/example_dags/example_local_kubernetes_executor.py
[2024-09-08T13:26:22.501+0000] {processor.py:840} INFO - DAG(s) 'example_local_kubernetes_executor' retrieved from /home/airflow/.local/lib/python3.8/site-packages/airflow/example_dags/example_local_kubernetes_executor.py
[2024-09-08T13:26:22.544+0000] {logging_mixin.py:188} INFO - [2024-09-08T13:26:22.544+0000] {dag.py:3036} INFO - Sync 1 DAGs
[2024-09-08T13:26:22.565+0000] {logging_mixin.py:188} INFO - [2024-09-08T13:26:22.565+0000] {dag.py:3823} INFO - Setting next_dagrun for example_local_kubernetes_executor to None, run_after=None
[2024-09-08T13:26:22.598+0000] {processor.py:183} INFO - Processing /home/airflow/.local/lib/python3.8/site-packages/airflow/example_dags/example_local_kubernetes_executor.py took 0.113 seconds
[2024-09-08T13:26:53.386+0000] {processor.py:161} INFO - Started process (PID=524) to work on /home/airflow/.local/lib/python3.8/site-packages/airflow/example_dags/example_local_kubernetes_executor.py
[2024-09-08T13:26:53.388+0000] {processor.py:830} INFO - Processing file /home/airflow/.local/lib/python3.8/site-packages/airflow/example_dags/example_local_kubernetes_executor.py for tasks to queue
[2024-09-08T13:26:53.390+0000] {logging_mixin.py:188} INFO - [2024-09-08T13:26:53.389+0000] {dagbag.py:538} INFO - Filling up the DagBag from /home/airflow/.local/lib/python3.8/site-packages/airflow/example_dags/example_local_kubernetes_executor.py
[2024-09-08T13:26:53.409+0000] {processor.py:840} INFO - DAG(s) 'example_local_kubernetes_executor' retrieved from /home/airflow/.local/lib/python3.8/site-packages/airflow/example_dags/example_local_kubernetes_executor.py
[2024-09-08T13:26:53.490+0000] {logging_mixin.py:188} INFO - [2024-09-08T13:26:53.490+0000] {dag.py:3036} INFO - Sync 1 DAGs
[2024-09-08T13:26:53.520+0000] {logging_mixin.py:188} INFO - [2024-09-08T13:26:53.519+0000] {dag.py:3823} INFO - Setting next_dagrun for example_local_kubernetes_executor to None, run_after=None
[2024-09-08T13:26:53.563+0000] {processor.py:183} INFO - Processing /home/airflow/.local/lib/python3.8/site-packages/airflow/example_dags/example_local_kubernetes_executor.py took 0.184 seconds
[2024-09-08T13:27:24.022+0000] {processor.py:161} INFO - Started process (PID=581) to work on /home/airflow/.local/lib/python3.8/site-packages/airflow/example_dags/example_local_kubernetes_executor.py
[2024-09-08T13:27:24.024+0000] {processor.py:830} INFO - Processing file /home/airflow/.local/lib/python3.8/site-packages/airflow/example_dags/example_local_kubernetes_executor.py for tasks to queue
[2024-09-08T13:27:24.025+0000] {logging_mixin.py:188} INFO - [2024-09-08T13:27:24.025+0000] {dagbag.py:538} INFO - Filling up the DagBag from /home/airflow/.local/lib/python3.8/site-packages/airflow/example_dags/example_local_kubernetes_executor.py
[2024-09-08T13:27:24.037+0000] {processor.py:840} INFO - DAG(s) 'example_local_kubernetes_executor' retrieved from /home/airflow/.local/lib/python3.8/site-packages/airflow/example_dags/example_local_kubernetes_executor.py
[2024-09-08T13:27:24.129+0000] {logging_mixin.py:188} INFO - [2024-09-08T13:27:24.129+0000] {dag.py:3036} INFO - Sync 1 DAGs
[2024-09-08T13:27:24.154+0000] {logging_mixin.py:188} INFO - [2024-09-08T13:27:24.154+0000] {dag.py:3823} INFO - Setting next_dagrun for example_local_kubernetes_executor to None, run_after=None
[2024-09-08T13:27:24.188+0000] {processor.py:183} INFO - Processing /home/airflow/.local/lib/python3.8/site-packages/airflow/example_dags/example_local_kubernetes_executor.py took 0.171 seconds
[2024-09-08T13:27:54.429+0000] {processor.py:161} INFO - Started process (PID=638) to work on /home/airflow/.local/lib/python3.8/site-packages/airflow/example_dags/example_local_kubernetes_executor.py
[2024-09-08T13:27:54.430+0000] {processor.py:830} INFO - Processing file /home/airflow/.local/lib/python3.8/site-packages/airflow/example_dags/example_local_kubernetes_executor.py for tasks to queue
[2024-09-08T13:27:54.432+0000] {logging_mixin.py:188} INFO - [2024-09-08T13:27:54.431+0000] {dagbag.py:538} INFO - Filling up the DagBag from /home/airflow/.local/lib/python3.8/site-packages/airflow/example_dags/example_local_kubernetes_executor.py
[2024-09-08T13:27:54.441+0000] {processor.py:840} INFO - DAG(s) 'example_local_kubernetes_executor' retrieved from /home/airflow/.local/lib/python3.8/site-packages/airflow/example_dags/example_local_kubernetes_executor.py
[2024-09-08T13:27:54.486+0000] {logging_mixin.py:188} INFO - [2024-09-08T13:27:54.486+0000] {dag.py:3036} INFO - Sync 1 DAGs
[2024-09-08T13:27:54.508+0000] {logging_mixin.py:188} INFO - [2024-09-08T13:27:54.508+0000] {dag.py:3823} INFO - Setting next_dagrun for example_local_kubernetes_executor to None, run_after=None
[2024-09-08T13:27:54.536+0000] {processor.py:183} INFO - Processing /home/airflow/.local/lib/python3.8/site-packages/airflow/example_dags/example_local_kubernetes_executor.py took 0.112 seconds
[2024-09-08T13:28:25.109+0000] {processor.py:161} INFO - Started process (PID=695) to work on /home/airflow/.local/lib/python3.8/site-packages/airflow/example_dags/example_local_kubernetes_executor.py
[2024-09-08T13:28:25.110+0000] {processor.py:830} INFO - Processing file /home/airflow/.local/lib/python3.8/site-packages/airflow/example_dags/example_local_kubernetes_executor.py for tasks to queue
[2024-09-08T13:28:25.112+0000] {logging_mixin.py:188} INFO - [2024-09-08T13:28:25.111+0000] {dagbag.py:538} INFO - Filling up the DagBag from /home/airflow/.local/lib/python3.8/site-packages/airflow/example_dags/example_local_kubernetes_executor.py
[2024-09-08T13:28:25.126+0000] {processor.py:840} INFO - DAG(s) 'example_local_kubernetes_executor' retrieved from /home/airflow/.local/lib/python3.8/site-packages/airflow/example_dags/example_local_kubernetes_executor.py
[2024-09-08T13:28:25.180+0000] {logging_mixin.py:188} INFO - [2024-09-08T13:28:25.179+0000] {dag.py:3036} INFO - Sync 1 DAGs
[2024-09-08T13:28:25.204+0000] {logging_mixin.py:188} INFO - [2024-09-08T13:28:25.204+0000] {dag.py:3823} INFO - Setting next_dagrun for example_local_kubernetes_executor to None, run_after=None
[2024-09-08T13:28:25.234+0000] {processor.py:183} INFO - Processing /home/airflow/.local/lib/python3.8/site-packages/airflow/example_dags/example_local_kubernetes_executor.py took 0.130 seconds
[2024-09-08T13:28:56.258+0000] {processor.py:161} INFO - Started process (PID=752) to work on /home/airflow/.local/lib/python3.8/site-packages/airflow/example_dags/example_local_kubernetes_executor.py
[2024-09-08T13:28:56.260+0000] {processor.py:830} INFO - Processing file /home/airflow/.local/lib/python3.8/site-packages/airflow/example_dags/example_local_kubernetes_executor.py for tasks to queue
[2024-09-08T13:28:56.261+0000] {logging_mixin.py:188} INFO - [2024-09-08T13:28:56.261+0000] {dagbag.py:538} INFO - Filling up the DagBag from /home/airflow/.local/lib/python3.8/site-packages/airflow/example_dags/example_local_kubernetes_executor.py
[2024-09-08T13:28:56.281+0000] {processor.py:840} INFO - DAG(s) 'example_local_kubernetes_executor' retrieved from /home/airflow/.local/lib/python3.8/site-packages/airflow/example_dags/example_local_kubernetes_executor.py
[2024-09-08T13:28:56.377+0000] {logging_mixin.py:188} INFO - [2024-09-08T13:28:56.377+0000] {dag.py:3036} INFO - Sync 1 DAGs
[2024-09-08T13:28:56.408+0000] {logging_mixin.py:188} INFO - [2024-09-08T13:28:56.407+0000] {dag.py:3823} INFO - Setting next_dagrun for example_local_kubernetes_executor to None, run_after=None
[2024-09-08T13:28:56.448+0000] {processor.py:183} INFO - Processing /home/airflow/.local/lib/python3.8/site-packages/airflow/example_dags/example_local_kubernetes_executor.py took 0.197 seconds
[2024-09-08T13:29:26.665+0000] {processor.py:161} INFO - Started process (PID=809) to work on /home/airflow/.local/lib/python3.8/site-packages/airflow/example_dags/example_local_kubernetes_executor.py
[2024-09-08T13:29:26.667+0000] {processor.py:830} INFO - Processing file /home/airflow/.local/lib/python3.8/site-packages/airflow/example_dags/example_local_kubernetes_executor.py for tasks to queue
[2024-09-08T13:29:26.668+0000] {logging_mixin.py:188} INFO - [2024-09-08T13:29:26.668+0000] {dagbag.py:538} INFO - Filling up the DagBag from /home/airflow/.local/lib/python3.8/site-packages/airflow/example_dags/example_local_kubernetes_executor.py
[2024-09-08T13:29:26.680+0000] {processor.py:840} INFO - DAG(s) 'example_local_kubernetes_executor' retrieved from /home/airflow/.local/lib/python3.8/site-packages/airflow/example_dags/example_local_kubernetes_executor.py
[2024-09-08T13:29:26.738+0000] {logging_mixin.py:188} INFO - [2024-09-08T13:29:26.738+0000] {dag.py:3036} INFO - Sync 1 DAGs
[2024-09-08T13:29:26.761+0000] {logging_mixin.py:188} INFO - [2024-09-08T13:29:26.760+0000] {dag.py:3823} INFO - Setting next_dagrun for example_local_kubernetes_executor to None, run_after=None
[2024-09-08T13:29:26.792+0000] {processor.py:183} INFO - Processing /home/airflow/.local/lib/python3.8/site-packages/airflow/example_dags/example_local_kubernetes_executor.py took 0.132 seconds
