[2024-09-08T13:22:51.219+0000] {processor.py:161} INFO - Started process (PID=75) to work on /home/airflow/.local/lib/python3.8/site-packages/airflow/example_dags/example_short_circuit_decorator.py
[2024-09-08T13:22:51.220+0000] {processor.py:830} INFO - Processing file /home/airflow/.local/lib/python3.8/site-packages/airflow/example_dags/example_short_circuit_decorator.py for tasks to queue
[2024-09-08T13:22:51.221+0000] {logging_mixin.py:188} INFO - [2024-09-08T13:22:51.221+0000] {dagbag.py:538} INFO - Filling up the DagBag from /home/airflow/.local/lib/python3.8/site-packages/airflow/example_dags/example_short_circuit_decorator.py
[2024-09-08T13:22:51.247+0000] {processor.py:840} INFO - DAG(s) 'example_short_circuit_decorator' retrieved from /home/airflow/.local/lib/python3.8/site-packages/airflow/example_dags/example_short_circuit_decorator.py
[2024-09-08T13:22:51.292+0000] {logging_mixin.py:188} INFO - [2024-09-08T13:22:51.292+0000] {dag.py:3036} INFO - Sync 1 DAGs
[2024-09-08T13:22:51.366+0000] {logging_mixin.py:188} INFO - [2024-09-08T13:22:51.366+0000] {dag.py:3823} INFO - Setting next_dagrun for example_short_circuit_decorator to 2024-09-07 00:00:00+00:00, run_after=2024-09-08 00:00:00+00:00
[2024-09-08T13:22:51.431+0000] {processor.py:183} INFO - Processing /home/airflow/.local/lib/python3.8/site-packages/airflow/example_dags/example_short_circuit_decorator.py took 0.217 seconds
[2024-09-08T13:23:22.061+0000] {processor.py:161} INFO - Started process (PID=132) to work on /home/airflow/.local/lib/python3.8/site-packages/airflow/example_dags/example_short_circuit_decorator.py
[2024-09-08T13:23:22.063+0000] {processor.py:830} INFO - Processing file /home/airflow/.local/lib/python3.8/site-packages/airflow/example_dags/example_short_circuit_decorator.py for tasks to queue
[2024-09-08T13:23:22.064+0000] {logging_mixin.py:188} INFO - [2024-09-08T13:23:22.064+0000] {dagbag.py:538} INFO - Filling up the DagBag from /home/airflow/.local/lib/python3.8/site-packages/airflow/example_dags/example_short_circuit_decorator.py
[2024-09-08T13:23:22.081+0000] {processor.py:840} INFO - DAG(s) 'example_short_circuit_decorator' retrieved from /home/airflow/.local/lib/python3.8/site-packages/airflow/example_dags/example_short_circuit_decorator.py
[2024-09-08T13:23:22.111+0000] {logging_mixin.py:188} INFO - [2024-09-08T13:23:22.111+0000] {dag.py:3036} INFO - Sync 1 DAGs
[2024-09-08T13:23:22.146+0000] {logging_mixin.py:188} INFO - [2024-09-08T13:23:22.145+0000] {dag.py:3823} INFO - Setting next_dagrun for example_short_circuit_decorator to 2024-09-07 00:00:00+00:00, run_after=2024-09-08 00:00:00+00:00
[2024-09-08T13:23:22.176+0000] {processor.py:183} INFO - Processing /home/airflow/.local/lib/python3.8/site-packages/airflow/example_dags/example_short_circuit_decorator.py took 0.122 seconds
[2024-09-08T13:23:52.334+0000] {processor.py:161} INFO - Started process (PID=189) to work on /home/airflow/.local/lib/python3.8/site-packages/airflow/example_dags/example_short_circuit_decorator.py
[2024-09-08T13:23:52.335+0000] {processor.py:830} INFO - Processing file /home/airflow/.local/lib/python3.8/site-packages/airflow/example_dags/example_short_circuit_decorator.py for tasks to queue
[2024-09-08T13:23:52.337+0000] {logging_mixin.py:188} INFO - [2024-09-08T13:23:52.336+0000] {dagbag.py:538} INFO - Filling up the DagBag from /home/airflow/.local/lib/python3.8/site-packages/airflow/example_dags/example_short_circuit_decorator.py
[2024-09-08T13:23:52.351+0000] {processor.py:840} INFO - DAG(s) 'example_short_circuit_decorator' retrieved from /home/airflow/.local/lib/python3.8/site-packages/airflow/example_dags/example_short_circuit_decorator.py
[2024-09-08T13:23:52.384+0000] {logging_mixin.py:188} INFO - [2024-09-08T13:23:52.384+0000] {dag.py:3036} INFO - Sync 1 DAGs
[2024-09-08T13:23:52.415+0000] {logging_mixin.py:188} INFO - [2024-09-08T13:23:52.415+0000] {dag.py:3823} INFO - Setting next_dagrun for example_short_circuit_decorator to 2024-09-07 00:00:00+00:00, run_after=2024-09-08 00:00:00+00:00
[2024-09-08T13:23:52.440+0000] {processor.py:183} INFO - Processing /home/airflow/.local/lib/python3.8/site-packages/airflow/example_dags/example_short_circuit_decorator.py took 0.110 seconds
[2024-09-08T13:24:23.503+0000] {processor.py:161} INFO - Started process (PID=246) to work on /home/airflow/.local/lib/python3.8/site-packages/airflow/example_dags/example_short_circuit_decorator.py
[2024-09-08T13:24:23.504+0000] {processor.py:830} INFO - Processing file /home/airflow/.local/lib/python3.8/site-packages/airflow/example_dags/example_short_circuit_decorator.py for tasks to queue
[2024-09-08T13:24:23.505+0000] {logging_mixin.py:188} INFO - [2024-09-08T13:24:23.505+0000] {dagbag.py:538} INFO - Filling up the DagBag from /home/airflow/.local/lib/python3.8/site-packages/airflow/example_dags/example_short_circuit_decorator.py
[2024-09-08T13:24:23.517+0000] {processor.py:840} INFO - DAG(s) 'example_short_circuit_decorator' retrieved from /home/airflow/.local/lib/python3.8/site-packages/airflow/example_dags/example_short_circuit_decorator.py
[2024-09-08T13:24:23.546+0000] {logging_mixin.py:188} INFO - [2024-09-08T13:24:23.545+0000] {dag.py:3036} INFO - Sync 1 DAGs
[2024-09-08T13:24:23.582+0000] {logging_mixin.py:188} INFO - [2024-09-08T13:24:23.582+0000] {dag.py:3823} INFO - Setting next_dagrun for example_short_circuit_decorator to 2024-09-07 00:00:00+00:00, run_after=2024-09-08 00:00:00+00:00
[2024-09-08T13:24:23.609+0000] {processor.py:183} INFO - Processing /home/airflow/.local/lib/python3.8/site-packages/airflow/example_dags/example_short_circuit_decorator.py took 0.110 seconds
[2024-09-08T13:24:54.072+0000] {processor.py:161} INFO - Started process (PID=303) to work on /home/airflow/.local/lib/python3.8/site-packages/airflow/example_dags/example_short_circuit_decorator.py
[2024-09-08T13:24:54.073+0000] {processor.py:830} INFO - Processing file /home/airflow/.local/lib/python3.8/site-packages/airflow/example_dags/example_short_circuit_decorator.py for tasks to queue
[2024-09-08T13:24:54.074+0000] {logging_mixin.py:188} INFO - [2024-09-08T13:24:54.074+0000] {dagbag.py:538} INFO - Filling up the DagBag from /home/airflow/.local/lib/python3.8/site-packages/airflow/example_dags/example_short_circuit_decorator.py
[2024-09-08T13:24:54.087+0000] {processor.py:840} INFO - DAG(s) 'example_short_circuit_decorator' retrieved from /home/airflow/.local/lib/python3.8/site-packages/airflow/example_dags/example_short_circuit_decorator.py
[2024-09-08T13:24:54.122+0000] {logging_mixin.py:188} INFO - [2024-09-08T13:24:54.122+0000] {dag.py:3036} INFO - Sync 1 DAGs
[2024-09-08T13:24:54.152+0000] {logging_mixin.py:188} INFO - [2024-09-08T13:24:54.152+0000] {dag.py:3823} INFO - Setting next_dagrun for example_short_circuit_decorator to 2024-09-07 00:00:00+00:00, run_after=2024-09-08 00:00:00+00:00
[2024-09-08T13:24:54.189+0000] {processor.py:183} INFO - Processing /home/airflow/.local/lib/python3.8/site-packages/airflow/example_dags/example_short_circuit_decorator.py took 0.122 seconds
[2024-09-08T13:25:24.616+0000] {processor.py:161} INFO - Started process (PID=360) to work on /home/airflow/.local/lib/python3.8/site-packages/airflow/example_dags/example_short_circuit_decorator.py
[2024-09-08T13:25:24.617+0000] {processor.py:830} INFO - Processing file /home/airflow/.local/lib/python3.8/site-packages/airflow/example_dags/example_short_circuit_decorator.py for tasks to queue
[2024-09-08T13:25:24.618+0000] {logging_mixin.py:188} INFO - [2024-09-08T13:25:24.618+0000] {dagbag.py:538} INFO - Filling up the DagBag from /home/airflow/.local/lib/python3.8/site-packages/airflow/example_dags/example_short_circuit_decorator.py
[2024-09-08T13:25:24.630+0000] {processor.py:840} INFO - DAG(s) 'example_short_circuit_decorator' retrieved from /home/airflow/.local/lib/python3.8/site-packages/airflow/example_dags/example_short_circuit_decorator.py
[2024-09-08T13:25:24.659+0000] {logging_mixin.py:188} INFO - [2024-09-08T13:25:24.658+0000] {dag.py:3036} INFO - Sync 1 DAGs
[2024-09-08T13:25:24.690+0000] {logging_mixin.py:188} INFO - [2024-09-08T13:25:24.690+0000] {dag.py:3823} INFO - Setting next_dagrun for example_short_circuit_decorator to 2024-09-07 00:00:00+00:00, run_after=2024-09-08 00:00:00+00:00
[2024-09-08T13:25:24.715+0000] {processor.py:183} INFO - Processing /home/airflow/.local/lib/python3.8/site-packages/airflow/example_dags/example_short_circuit_decorator.py took 0.103 seconds
[2024-09-08T13:25:54.896+0000] {processor.py:161} INFO - Started process (PID=417) to work on /home/airflow/.local/lib/python3.8/site-packages/airflow/example_dags/example_short_circuit_decorator.py
[2024-09-08T13:25:54.897+0000] {processor.py:830} INFO - Processing file /home/airflow/.local/lib/python3.8/site-packages/airflow/example_dags/example_short_circuit_decorator.py for tasks to queue
[2024-09-08T13:25:54.900+0000] {logging_mixin.py:188} INFO - [2024-09-08T13:25:54.899+0000] {dagbag.py:538} INFO - Filling up the DagBag from /home/airflow/.local/lib/python3.8/site-packages/airflow/example_dags/example_short_circuit_decorator.py
[2024-09-08T13:25:54.932+0000] {processor.py:840} INFO - DAG(s) 'example_short_circuit_decorator' retrieved from /home/airflow/.local/lib/python3.8/site-packages/airflow/example_dags/example_short_circuit_decorator.py
[2024-09-08T13:25:54.990+0000] {logging_mixin.py:188} INFO - [2024-09-08T13:25:54.989+0000] {dag.py:3036} INFO - Sync 1 DAGs
[2024-09-08T13:25:55.046+0000] {logging_mixin.py:188} INFO - [2024-09-08T13:25:55.045+0000] {dag.py:3823} INFO - Setting next_dagrun for example_short_circuit_decorator to 2024-09-07 00:00:00+00:00, run_after=2024-09-08 00:00:00+00:00
[2024-09-08T13:25:55.094+0000] {processor.py:183} INFO - Processing /home/airflow/.local/lib/python3.8/site-packages/airflow/example_dags/example_short_circuit_decorator.py took 0.204 seconds
[2024-09-08T13:26:26.135+0000] {processor.py:161} INFO - Started process (PID=474) to work on /home/airflow/.local/lib/python3.8/site-packages/airflow/example_dags/example_short_circuit_decorator.py
[2024-09-08T13:26:26.136+0000] {processor.py:830} INFO - Processing file /home/airflow/.local/lib/python3.8/site-packages/airflow/example_dags/example_short_circuit_decorator.py for tasks to queue
[2024-09-08T13:26:26.138+0000] {logging_mixin.py:188} INFO - [2024-09-08T13:26:26.137+0000] {dagbag.py:538} INFO - Filling up the DagBag from /home/airflow/.local/lib/python3.8/site-packages/airflow/example_dags/example_short_circuit_decorator.py
[2024-09-08T13:26:26.152+0000] {processor.py:840} INFO - DAG(s) 'example_short_circuit_decorator' retrieved from /home/airflow/.local/lib/python3.8/site-packages/airflow/example_dags/example_short_circuit_decorator.py
[2024-09-08T13:26:26.244+0000] {logging_mixin.py:188} INFO - [2024-09-08T13:26:26.244+0000] {dag.py:3036} INFO - Sync 1 DAGs
[2024-09-08T13:26:26.295+0000] {logging_mixin.py:188} INFO - [2024-09-08T13:26:26.295+0000] {dag.py:3823} INFO - Setting next_dagrun for example_short_circuit_decorator to 2024-09-07 00:00:00+00:00, run_after=2024-09-08 00:00:00+00:00
[2024-09-08T13:26:26.340+0000] {processor.py:183} INFO - Processing /home/airflow/.local/lib/python3.8/site-packages/airflow/example_dags/example_short_circuit_decorator.py took 0.209 seconds
[2024-09-08T13:26:57.041+0000] {processor.py:161} INFO - Started process (PID=531) to work on /home/airflow/.local/lib/python3.8/site-packages/airflow/example_dags/example_short_circuit_decorator.py
[2024-09-08T13:26:57.042+0000] {processor.py:830} INFO - Processing file /home/airflow/.local/lib/python3.8/site-packages/airflow/example_dags/example_short_circuit_decorator.py for tasks to queue
[2024-09-08T13:26:57.044+0000] {logging_mixin.py:188} INFO - [2024-09-08T13:26:57.043+0000] {dagbag.py:538} INFO - Filling up the DagBag from /home/airflow/.local/lib/python3.8/site-packages/airflow/example_dags/example_short_circuit_decorator.py
[2024-09-08T13:26:57.060+0000] {processor.py:840} INFO - DAG(s) 'example_short_circuit_decorator' retrieved from /home/airflow/.local/lib/python3.8/site-packages/airflow/example_dags/example_short_circuit_decorator.py
[2024-09-08T13:26:57.095+0000] {logging_mixin.py:188} INFO - [2024-09-08T13:26:57.095+0000] {dag.py:3036} INFO - Sync 1 DAGs
[2024-09-08T13:26:57.128+0000] {logging_mixin.py:188} INFO - [2024-09-08T13:26:57.128+0000] {dag.py:3823} INFO - Setting next_dagrun for example_short_circuit_decorator to 2024-09-07 00:00:00+00:00, run_after=2024-09-08 00:00:00+00:00
[2024-09-08T13:26:57.156+0000] {processor.py:183} INFO - Processing /home/airflow/.local/lib/python3.8/site-packages/airflow/example_dags/example_short_circuit_decorator.py took 0.119 seconds
[2024-09-08T13:27:27.768+0000] {processor.py:161} INFO - Started process (PID=588) to work on /home/airflow/.local/lib/python3.8/site-packages/airflow/example_dags/example_short_circuit_decorator.py
[2024-09-08T13:27:27.770+0000] {processor.py:830} INFO - Processing file /home/airflow/.local/lib/python3.8/site-packages/airflow/example_dags/example_short_circuit_decorator.py for tasks to queue
[2024-09-08T13:27:27.771+0000] {logging_mixin.py:188} INFO - [2024-09-08T13:27:27.771+0000] {dagbag.py:538} INFO - Filling up the DagBag from /home/airflow/.local/lib/python3.8/site-packages/airflow/example_dags/example_short_circuit_decorator.py
[2024-09-08T13:27:27.786+0000] {processor.py:840} INFO - DAG(s) 'example_short_circuit_decorator' retrieved from /home/airflow/.local/lib/python3.8/site-packages/airflow/example_dags/example_short_circuit_decorator.py
[2024-09-08T13:27:27.818+0000] {logging_mixin.py:188} INFO - [2024-09-08T13:27:27.818+0000] {dag.py:3036} INFO - Sync 1 DAGs
[2024-09-08T13:27:27.852+0000] {logging_mixin.py:188} INFO - [2024-09-08T13:27:27.852+0000] {dag.py:3823} INFO - Setting next_dagrun for example_short_circuit_decorator to 2024-09-07 00:00:00+00:00, run_after=2024-09-08 00:00:00+00:00
[2024-09-08T13:27:27.886+0000] {processor.py:183} INFO - Processing /home/airflow/.local/lib/python3.8/site-packages/airflow/example_dags/example_short_circuit_decorator.py took 0.121 seconds
[2024-09-08T13:27:58.060+0000] {processor.py:161} INFO - Started process (PID=645) to work on /home/airflow/.local/lib/python3.8/site-packages/airflow/example_dags/example_short_circuit_decorator.py
[2024-09-08T13:27:58.062+0000] {processor.py:830} INFO - Processing file /home/airflow/.local/lib/python3.8/site-packages/airflow/example_dags/example_short_circuit_decorator.py for tasks to queue
[2024-09-08T13:27:58.064+0000] {logging_mixin.py:188} INFO - [2024-09-08T13:27:58.064+0000] {dagbag.py:538} INFO - Filling up the DagBag from /home/airflow/.local/lib/python3.8/site-packages/airflow/example_dags/example_short_circuit_decorator.py
[2024-09-08T13:27:58.081+0000] {processor.py:840} INFO - DAG(s) 'example_short_circuit_decorator' retrieved from /home/airflow/.local/lib/python3.8/site-packages/airflow/example_dags/example_short_circuit_decorator.py
[2024-09-08T13:27:58.117+0000] {logging_mixin.py:188} INFO - [2024-09-08T13:27:58.116+0000] {dag.py:3036} INFO - Sync 1 DAGs
[2024-09-08T13:27:58.153+0000] {logging_mixin.py:188} INFO - [2024-09-08T13:27:58.152+0000] {dag.py:3823} INFO - Setting next_dagrun for example_short_circuit_decorator to 2024-09-07 00:00:00+00:00, run_after=2024-09-08 00:00:00+00:00
[2024-09-08T13:27:58.185+0000] {processor.py:183} INFO - Processing /home/airflow/.local/lib/python3.8/site-packages/airflow/example_dags/example_short_circuit_decorator.py took 0.129 seconds
[2024-09-08T13:28:28.934+0000] {processor.py:161} INFO - Started process (PID=702) to work on /home/airflow/.local/lib/python3.8/site-packages/airflow/example_dags/example_short_circuit_decorator.py
[2024-09-08T13:28:28.935+0000] {processor.py:830} INFO - Processing file /home/airflow/.local/lib/python3.8/site-packages/airflow/example_dags/example_short_circuit_decorator.py for tasks to queue
[2024-09-08T13:28:28.937+0000] {logging_mixin.py:188} INFO - [2024-09-08T13:28:28.936+0000] {dagbag.py:538} INFO - Filling up the DagBag from /home/airflow/.local/lib/python3.8/site-packages/airflow/example_dags/example_short_circuit_decorator.py
[2024-09-08T13:28:28.957+0000] {processor.py:840} INFO - DAG(s) 'example_short_circuit_decorator' retrieved from /home/airflow/.local/lib/python3.8/site-packages/airflow/example_dags/example_short_circuit_decorator.py
[2024-09-08T13:28:29.001+0000] {logging_mixin.py:188} INFO - [2024-09-08T13:28:29.000+0000] {dag.py:3036} INFO - Sync 1 DAGs
[2024-09-08T13:28:29.045+0000] {logging_mixin.py:188} INFO - [2024-09-08T13:28:29.045+0000] {dag.py:3823} INFO - Setting next_dagrun for example_short_circuit_decorator to 2024-09-07 00:00:00+00:00, run_after=2024-09-08 00:00:00+00:00
[2024-09-08T13:28:29.089+0000] {processor.py:183} INFO - Processing /home/airflow/.local/lib/python3.8/site-packages/airflow/example_dags/example_short_circuit_decorator.py took 0.159 seconds
[2024-09-08T13:29:00.185+0000] {processor.py:161} INFO - Started process (PID=759) to work on /home/airflow/.local/lib/python3.8/site-packages/airflow/example_dags/example_short_circuit_decorator.py
[2024-09-08T13:29:00.187+0000] {processor.py:830} INFO - Processing file /home/airflow/.local/lib/python3.8/site-packages/airflow/example_dags/example_short_circuit_decorator.py for tasks to queue
[2024-09-08T13:29:00.189+0000] {logging_mixin.py:188} INFO - [2024-09-08T13:29:00.188+0000] {dagbag.py:538} INFO - Filling up the DagBag from /home/airflow/.local/lib/python3.8/site-packages/airflow/example_dags/example_short_circuit_decorator.py
[2024-09-08T13:29:00.207+0000] {processor.py:840} INFO - DAG(s) 'example_short_circuit_decorator' retrieved from /home/airflow/.local/lib/python3.8/site-packages/airflow/example_dags/example_short_circuit_decorator.py
[2024-09-08T13:29:00.246+0000] {logging_mixin.py:188} INFO - [2024-09-08T13:29:00.245+0000] {dag.py:3036} INFO - Sync 1 DAGs
[2024-09-08T13:29:00.292+0000] {logging_mixin.py:188} INFO - [2024-09-08T13:29:00.291+0000] {dag.py:3823} INFO - Setting next_dagrun for example_short_circuit_decorator to 2024-09-07 00:00:00+00:00, run_after=2024-09-08 00:00:00+00:00
[2024-09-08T13:29:00.333+0000] {processor.py:183} INFO - Processing /home/airflow/.local/lib/python3.8/site-packages/airflow/example_dags/example_short_circuit_decorator.py took 0.152 seconds
[2024-09-08T13:29:31.329+0000] {processor.py:161} INFO - Started process (PID=816) to work on /home/airflow/.local/lib/python3.8/site-packages/airflow/example_dags/example_short_circuit_decorator.py
[2024-09-08T13:29:31.330+0000] {processor.py:830} INFO - Processing file /home/airflow/.local/lib/python3.8/site-packages/airflow/example_dags/example_short_circuit_decorator.py for tasks to queue
[2024-09-08T13:29:31.331+0000] {logging_mixin.py:188} INFO - [2024-09-08T13:29:31.331+0000] {dagbag.py:538} INFO - Filling up the DagBag from /home/airflow/.local/lib/python3.8/site-packages/airflow/example_dags/example_short_circuit_decorator.py
[2024-09-08T13:29:31.345+0000] {processor.py:840} INFO - DAG(s) 'example_short_circuit_decorator' retrieved from /home/airflow/.local/lib/python3.8/site-packages/airflow/example_dags/example_short_circuit_decorator.py
[2024-09-08T13:29:31.377+0000] {logging_mixin.py:188} INFO - [2024-09-08T13:29:31.377+0000] {dag.py:3036} INFO - Sync 1 DAGs
[2024-09-08T13:29:31.410+0000] {logging_mixin.py:188} INFO - [2024-09-08T13:29:31.409+0000] {dag.py:3823} INFO - Setting next_dagrun for example_short_circuit_decorator to 2024-09-07 00:00:00+00:00, run_after=2024-09-08 00:00:00+00:00
[2024-09-08T13:29:31.441+0000] {processor.py:183} INFO - Processing /home/airflow/.local/lib/python3.8/site-packages/airflow/example_dags/example_short_circuit_decorator.py took 0.116 seconds
