[2024-09-08T13:22:51.508+0000] {processor.py:161} INFO - Started process (PID=77) to work on /home/airflow/.local/lib/python3.8/site-packages/airflow/example_dags/example_subdag_operator.py
[2024-09-08T13:22:51.510+0000] {processor.py:830} INFO - Processing file /home/airflow/.local/lib/python3.8/site-packages/airflow/example_dags/example_subdag_operator.py for tasks to queue
[2024-09-08T13:22:51.512+0000] {logging_mixin.py:188} INFO - [2024-09-08T13:22:51.511+0000] {dagbag.py:538} INFO - Filling up the DagBag from /home/airflow/.local/lib/python3.8/site-packages/airflow/example_dags/example_subdag_operator.py
[2024-09-08T13:22:51.555+0000] {processor.py:840} INFO - DAG(s) 'example_subdag_operator.section-1', 'example_subdag_operator.section-2', 'example_subdag_operator' retrieved from /home/airflow/.local/lib/python3.8/site-packages/airflow/example_dags/example_subdag_operator.py
[2024-09-08T13:22:51.593+0000] {logging_mixin.py:188} INFO - [2024-09-08T13:22:51.593+0000] {dag.py:3036} INFO - Sync 3 DAGs
[2024-09-08T13:22:51.632+0000] {logging_mixin.py:188} INFO - [2024-09-08T13:22:51.631+0000] {dag.py:3823} INFO - Setting next_dagrun for example_subdag_operator to 2022-01-01 00:00:00+00:00, run_after=2022-01-01 00:00:00+00:00
[2024-09-08T13:22:51.640+0000] {logging_mixin.py:188} INFO - [2024-09-08T13:22:51.639+0000] {dag.py:3823} INFO - Setting next_dagrun for example_subdag_operator.section-1 to None, run_after=None
[2024-09-08T13:22:51.644+0000] {logging_mixin.py:188} INFO - [2024-09-08T13:22:51.643+0000] {dag.py:3823} INFO - Setting next_dagrun for example_subdag_operator.section-2 to None, run_after=None
[2024-09-08T13:22:51.660+0000] {logging_mixin.py:188} INFO - [2024-09-08T13:22:51.659+0000] {dag.py:3036} INFO - Sync 2 DAGs
[2024-09-08T13:22:51.672+0000] {logging_mixin.py:188} INFO - [2024-09-08T13:22:51.672+0000] {dag.py:3823} INFO - Setting next_dagrun for example_subdag_operator.section-1 to None, run_after=None
[2024-09-08T13:22:51.673+0000] {logging_mixin.py:188} INFO - [2024-09-08T13:22:51.673+0000] {dag.py:3823} INFO - Setting next_dagrun for example_subdag_operator.section-2 to None, run_after=None
[2024-09-08T13:22:51.698+0000] {processor.py:183} INFO - Processing /home/airflow/.local/lib/python3.8/site-packages/airflow/example_dags/example_subdag_operator.py took 0.195 seconds
[2024-09-08T13:23:22.215+0000] {processor.py:161} INFO - Started process (PID=134) to work on /home/airflow/.local/lib/python3.8/site-packages/airflow/example_dags/example_subdag_operator.py
[2024-09-08T13:23:22.216+0000] {processor.py:830} INFO - Processing file /home/airflow/.local/lib/python3.8/site-packages/airflow/example_dags/example_subdag_operator.py for tasks to queue
[2024-09-08T13:23:22.217+0000] {logging_mixin.py:188} INFO - [2024-09-08T13:23:22.216+0000] {dagbag.py:538} INFO - Filling up the DagBag from /home/airflow/.local/lib/python3.8/site-packages/airflow/example_dags/example_subdag_operator.py
[2024-09-08T13:23:22.245+0000] {processor.py:840} INFO - DAG(s) 'example_subdag_operator.section-1', 'example_subdag_operator.section-2', 'example_subdag_operator' retrieved from /home/airflow/.local/lib/python3.8/site-packages/airflow/example_dags/example_subdag_operator.py
[2024-09-08T13:23:22.267+0000] {logging_mixin.py:188} INFO - [2024-09-08T13:23:22.267+0000] {dag.py:3036} INFO - Sync 3 DAGs
[2024-09-08T13:23:22.295+0000] {logging_mixin.py:188} INFO - [2024-09-08T13:23:22.294+0000] {dag.py:3823} INFO - Setting next_dagrun for example_subdag_operator to 2022-01-01 00:00:00+00:00, run_after=2022-01-01 00:00:00+00:00
[2024-09-08T13:23:22.300+0000] {logging_mixin.py:188} INFO - [2024-09-08T13:23:22.299+0000] {dag.py:3823} INFO - Setting next_dagrun for example_subdag_operator.section-1 to None, run_after=None
[2024-09-08T13:23:22.302+0000] {logging_mixin.py:188} INFO - [2024-09-08T13:23:22.302+0000] {dag.py:3823} INFO - Setting next_dagrun for example_subdag_operator.section-2 to None, run_after=None
[2024-09-08T13:23:22.311+0000] {logging_mixin.py:188} INFO - [2024-09-08T13:23:22.311+0000] {dag.py:3036} INFO - Sync 2 DAGs
[2024-09-08T13:23:22.318+0000] {logging_mixin.py:188} INFO - [2024-09-08T13:23:22.317+0000] {dag.py:3823} INFO - Setting next_dagrun for example_subdag_operator.section-1 to None, run_after=None
[2024-09-08T13:23:22.319+0000] {logging_mixin.py:188} INFO - [2024-09-08T13:23:22.318+0000] {dag.py:3823} INFO - Setting next_dagrun for example_subdag_operator.section-2 to None, run_after=None
[2024-09-08T13:23:22.332+0000] {processor.py:183} INFO - Processing /home/airflow/.local/lib/python3.8/site-packages/airflow/example_dags/example_subdag_operator.py took 0.121 seconds
[2024-09-08T13:23:52.475+0000] {processor.py:161} INFO - Started process (PID=191) to work on /home/airflow/.local/lib/python3.8/site-packages/airflow/example_dags/example_subdag_operator.py
[2024-09-08T13:23:52.476+0000] {processor.py:830} INFO - Processing file /home/airflow/.local/lib/python3.8/site-packages/airflow/example_dags/example_subdag_operator.py for tasks to queue
[2024-09-08T13:23:52.477+0000] {logging_mixin.py:188} INFO - [2024-09-08T13:23:52.477+0000] {dagbag.py:538} INFO - Filling up the DagBag from /home/airflow/.local/lib/python3.8/site-packages/airflow/example_dags/example_subdag_operator.py
[2024-09-08T13:23:52.509+0000] {processor.py:840} INFO - DAG(s) 'example_subdag_operator.section-1', 'example_subdag_operator.section-2', 'example_subdag_operator' retrieved from /home/airflow/.local/lib/python3.8/site-packages/airflow/example_dags/example_subdag_operator.py
[2024-09-08T13:23:52.529+0000] {logging_mixin.py:188} INFO - [2024-09-08T13:23:52.528+0000] {dag.py:3036} INFO - Sync 3 DAGs
[2024-09-08T13:23:52.555+0000] {logging_mixin.py:188} INFO - [2024-09-08T13:23:52.554+0000] {dag.py:3823} INFO - Setting next_dagrun for example_subdag_operator to 2022-01-01 00:00:00+00:00, run_after=2022-01-01 00:00:00+00:00
[2024-09-08T13:23:52.560+0000] {logging_mixin.py:188} INFO - [2024-09-08T13:23:52.559+0000] {dag.py:3823} INFO - Setting next_dagrun for example_subdag_operator.section-1 to None, run_after=None
[2024-09-08T13:23:52.563+0000] {logging_mixin.py:188} INFO - [2024-09-08T13:23:52.562+0000] {dag.py:3823} INFO - Setting next_dagrun for example_subdag_operator.section-2 to None, run_after=None
[2024-09-08T13:23:52.575+0000] {logging_mixin.py:188} INFO - [2024-09-08T13:23:52.575+0000] {dag.py:3036} INFO - Sync 2 DAGs
[2024-09-08T13:23:52.583+0000] {logging_mixin.py:188} INFO - [2024-09-08T13:23:52.583+0000] {dag.py:3823} INFO - Setting next_dagrun for example_subdag_operator.section-1 to None, run_after=None
[2024-09-08T13:23:52.584+0000] {logging_mixin.py:188} INFO - [2024-09-08T13:23:52.584+0000] {dag.py:3823} INFO - Setting next_dagrun for example_subdag_operator.section-2 to None, run_after=None
[2024-09-08T13:23:52.599+0000] {processor.py:183} INFO - Processing /home/airflow/.local/lib/python3.8/site-packages/airflow/example_dags/example_subdag_operator.py took 0.128 seconds
[2024-09-08T13:24:23.650+0000] {processor.py:161} INFO - Started process (PID=248) to work on /home/airflow/.local/lib/python3.8/site-packages/airflow/example_dags/example_subdag_operator.py
[2024-09-08T13:24:23.651+0000] {processor.py:830} INFO - Processing file /home/airflow/.local/lib/python3.8/site-packages/airflow/example_dags/example_subdag_operator.py for tasks to queue
[2024-09-08T13:24:23.654+0000] {logging_mixin.py:188} INFO - [2024-09-08T13:24:23.652+0000] {dagbag.py:538} INFO - Filling up the DagBag from /home/airflow/.local/lib/python3.8/site-packages/airflow/example_dags/example_subdag_operator.py
[2024-09-08T13:24:23.687+0000] {processor.py:840} INFO - DAG(s) 'example_subdag_operator.section-1', 'example_subdag_operator.section-2', 'example_subdag_operator' retrieved from /home/airflow/.local/lib/python3.8/site-packages/airflow/example_dags/example_subdag_operator.py
[2024-09-08T13:24:23.707+0000] {logging_mixin.py:188} INFO - [2024-09-08T13:24:23.707+0000] {dag.py:3036} INFO - Sync 3 DAGs
[2024-09-08T13:24:23.732+0000] {logging_mixin.py:188} INFO - [2024-09-08T13:24:23.732+0000] {dag.py:3823} INFO - Setting next_dagrun for example_subdag_operator to 2022-01-01 00:00:00+00:00, run_after=2022-01-01 00:00:00+00:00
[2024-09-08T13:24:23.737+0000] {logging_mixin.py:188} INFO - [2024-09-08T13:24:23.737+0000] {dag.py:3823} INFO - Setting next_dagrun for example_subdag_operator.section-1 to None, run_after=None
[2024-09-08T13:24:23.740+0000] {logging_mixin.py:188} INFO - [2024-09-08T13:24:23.739+0000] {dag.py:3823} INFO - Setting next_dagrun for example_subdag_operator.section-2 to None, run_after=None
[2024-09-08T13:24:23.749+0000] {logging_mixin.py:188} INFO - [2024-09-08T13:24:23.748+0000] {dag.py:3036} INFO - Sync 2 DAGs
[2024-09-08T13:24:23.757+0000] {logging_mixin.py:188} INFO - [2024-09-08T13:24:23.757+0000] {dag.py:3823} INFO - Setting next_dagrun for example_subdag_operator.section-1 to None, run_after=None
[2024-09-08T13:24:23.758+0000] {logging_mixin.py:188} INFO - [2024-09-08T13:24:23.758+0000] {dag.py:3823} INFO - Setting next_dagrun for example_subdag_operator.section-2 to None, run_after=None
[2024-09-08T13:24:23.773+0000] {processor.py:183} INFO - Processing /home/airflow/.local/lib/python3.8/site-packages/airflow/example_dags/example_subdag_operator.py took 0.127 seconds
[2024-09-08T13:24:54.227+0000] {processor.py:161} INFO - Started process (PID=305) to work on /home/airflow/.local/lib/python3.8/site-packages/airflow/example_dags/example_subdag_operator.py
[2024-09-08T13:24:54.228+0000] {processor.py:830} INFO - Processing file /home/airflow/.local/lib/python3.8/site-packages/airflow/example_dags/example_subdag_operator.py for tasks to queue
[2024-09-08T13:24:54.229+0000] {logging_mixin.py:188} INFO - [2024-09-08T13:24:54.229+0000] {dagbag.py:538} INFO - Filling up the DagBag from /home/airflow/.local/lib/python3.8/site-packages/airflow/example_dags/example_subdag_operator.py
[2024-09-08T13:24:54.260+0000] {processor.py:840} INFO - DAG(s) 'example_subdag_operator.section-1', 'example_subdag_operator.section-2', 'example_subdag_operator' retrieved from /home/airflow/.local/lib/python3.8/site-packages/airflow/example_dags/example_subdag_operator.py
[2024-09-08T13:24:54.290+0000] {logging_mixin.py:188} INFO - [2024-09-08T13:24:54.289+0000] {dag.py:3036} INFO - Sync 3 DAGs
[2024-09-08T13:24:54.323+0000] {logging_mixin.py:188} INFO - [2024-09-08T13:24:54.322+0000] {dag.py:3823} INFO - Setting next_dagrun for example_subdag_operator to 2022-01-01 00:00:00+00:00, run_after=2022-01-01 00:00:00+00:00
[2024-09-08T13:24:54.328+0000] {logging_mixin.py:188} INFO - [2024-09-08T13:24:54.327+0000] {dag.py:3823} INFO - Setting next_dagrun for example_subdag_operator.section-1 to None, run_after=None
[2024-09-08T13:24:54.330+0000] {logging_mixin.py:188} INFO - [2024-09-08T13:24:54.330+0000] {dag.py:3823} INFO - Setting next_dagrun for example_subdag_operator.section-2 to None, run_after=None
[2024-09-08T13:24:54.341+0000] {logging_mixin.py:188} INFO - [2024-09-08T13:24:54.341+0000] {dag.py:3036} INFO - Sync 2 DAGs
[2024-09-08T13:24:54.350+0000] {logging_mixin.py:188} INFO - [2024-09-08T13:24:54.349+0000] {dag.py:3823} INFO - Setting next_dagrun for example_subdag_operator.section-1 to None, run_after=None
[2024-09-08T13:24:54.351+0000] {logging_mixin.py:188} INFO - [2024-09-08T13:24:54.351+0000] {dag.py:3823} INFO - Setting next_dagrun for example_subdag_operator.section-2 to None, run_after=None
[2024-09-08T13:24:54.369+0000] {processor.py:183} INFO - Processing /home/airflow/.local/lib/python3.8/site-packages/airflow/example_dags/example_subdag_operator.py took 0.147 seconds
[2024-09-08T13:25:24.755+0000] {processor.py:161} INFO - Started process (PID=362) to work on /home/airflow/.local/lib/python3.8/site-packages/airflow/example_dags/example_subdag_operator.py
[2024-09-08T13:25:24.756+0000] {processor.py:830} INFO - Processing file /home/airflow/.local/lib/python3.8/site-packages/airflow/example_dags/example_subdag_operator.py for tasks to queue
[2024-09-08T13:25:24.757+0000] {logging_mixin.py:188} INFO - [2024-09-08T13:25:24.757+0000] {dagbag.py:538} INFO - Filling up the DagBag from /home/airflow/.local/lib/python3.8/site-packages/airflow/example_dags/example_subdag_operator.py
[2024-09-08T13:25:24.792+0000] {processor.py:840} INFO - DAG(s) 'example_subdag_operator.section-1', 'example_subdag_operator.section-2', 'example_subdag_operator' retrieved from /home/airflow/.local/lib/python3.8/site-packages/airflow/example_dags/example_subdag_operator.py
[2024-09-08T13:25:24.813+0000] {logging_mixin.py:188} INFO - [2024-09-08T13:25:24.813+0000] {dag.py:3036} INFO - Sync 3 DAGs
[2024-09-08T13:25:24.842+0000] {logging_mixin.py:188} INFO - [2024-09-08T13:25:24.842+0000] {dag.py:3823} INFO - Setting next_dagrun for example_subdag_operator to 2022-01-01 00:00:00+00:00, run_after=2022-01-01 00:00:00+00:00
[2024-09-08T13:25:24.848+0000] {logging_mixin.py:188} INFO - [2024-09-08T13:25:24.848+0000] {dag.py:3823} INFO - Setting next_dagrun for example_subdag_operator.section-1 to None, run_after=None
[2024-09-08T13:25:24.850+0000] {logging_mixin.py:188} INFO - [2024-09-08T13:25:24.850+0000] {dag.py:3823} INFO - Setting next_dagrun for example_subdag_operator.section-2 to None, run_after=None
[2024-09-08T13:25:24.860+0000] {logging_mixin.py:188} INFO - [2024-09-08T13:25:24.859+0000] {dag.py:3036} INFO - Sync 2 DAGs
[2024-09-08T13:25:24.871+0000] {logging_mixin.py:188} INFO - [2024-09-08T13:25:24.870+0000] {dag.py:3823} INFO - Setting next_dagrun for example_subdag_operator.section-1 to None, run_after=None
[2024-09-08T13:25:24.871+0000] {logging_mixin.py:188} INFO - [2024-09-08T13:25:24.871+0000] {dag.py:3823} INFO - Setting next_dagrun for example_subdag_operator.section-2 to None, run_after=None
[2024-09-08T13:25:24.892+0000] {processor.py:183} INFO - Processing /home/airflow/.local/lib/python3.8/site-packages/airflow/example_dags/example_subdag_operator.py took 0.142 seconds
[2024-09-08T13:25:55.131+0000] {processor.py:161} INFO - Started process (PID=419) to work on /home/airflow/.local/lib/python3.8/site-packages/airflow/example_dags/example_subdag_operator.py
[2024-09-08T13:25:55.132+0000] {processor.py:830} INFO - Processing file /home/airflow/.local/lib/python3.8/site-packages/airflow/example_dags/example_subdag_operator.py for tasks to queue
[2024-09-08T13:25:55.133+0000] {logging_mixin.py:188} INFO - [2024-09-08T13:25:55.133+0000] {dagbag.py:538} INFO - Filling up the DagBag from /home/airflow/.local/lib/python3.8/site-packages/airflow/example_dags/example_subdag_operator.py
[2024-09-08T13:25:55.170+0000] {processor.py:840} INFO - DAG(s) 'example_subdag_operator.section-1', 'example_subdag_operator.section-2', 'example_subdag_operator' retrieved from /home/airflow/.local/lib/python3.8/site-packages/airflow/example_dags/example_subdag_operator.py
[2024-09-08T13:25:55.196+0000] {logging_mixin.py:188} INFO - [2024-09-08T13:25:55.195+0000] {dag.py:3036} INFO - Sync 3 DAGs
[2024-09-08T13:25:55.232+0000] {logging_mixin.py:188} INFO - [2024-09-08T13:25:55.232+0000] {dag.py:3823} INFO - Setting next_dagrun for example_subdag_operator to 2022-01-01 00:00:00+00:00, run_after=2022-01-01 00:00:00+00:00
[2024-09-08T13:25:55.239+0000] {logging_mixin.py:188} INFO - [2024-09-08T13:25:55.239+0000] {dag.py:3823} INFO - Setting next_dagrun for example_subdag_operator.section-1 to None, run_after=None
[2024-09-08T13:25:55.241+0000] {logging_mixin.py:188} INFO - [2024-09-08T13:25:55.241+0000] {dag.py:3823} INFO - Setting next_dagrun for example_subdag_operator.section-2 to None, run_after=None
[2024-09-08T13:25:55.252+0000] {logging_mixin.py:188} INFO - [2024-09-08T13:25:55.251+0000] {dag.py:3036} INFO - Sync 2 DAGs
[2024-09-08T13:25:55.261+0000] {logging_mixin.py:188} INFO - [2024-09-08T13:25:55.260+0000] {dag.py:3823} INFO - Setting next_dagrun for example_subdag_operator.section-1 to None, run_after=None
[2024-09-08T13:25:55.261+0000] {logging_mixin.py:188} INFO - [2024-09-08T13:25:55.261+0000] {dag.py:3823} INFO - Setting next_dagrun for example_subdag_operator.section-2 to None, run_after=None
[2024-09-08T13:25:55.280+0000] {processor.py:183} INFO - Processing /home/airflow/.local/lib/python3.8/site-packages/airflow/example_dags/example_subdag_operator.py took 0.154 seconds
[2024-09-08T13:26:26.356+0000] {processor.py:161} INFO - Started process (PID=476) to work on /home/airflow/.local/lib/python3.8/site-packages/airflow/example_dags/example_subdag_operator.py
[2024-09-08T13:26:26.358+0000] {processor.py:830} INFO - Processing file /home/airflow/.local/lib/python3.8/site-packages/airflow/example_dags/example_subdag_operator.py for tasks to queue
[2024-09-08T13:26:26.360+0000] {logging_mixin.py:188} INFO - [2024-09-08T13:26:26.359+0000] {dagbag.py:538} INFO - Filling up the DagBag from /home/airflow/.local/lib/python3.8/site-packages/airflow/example_dags/example_subdag_operator.py
[2024-09-08T13:26:26.411+0000] {processor.py:840} INFO - DAG(s) 'example_subdag_operator.section-1', 'example_subdag_operator.section-2', 'example_subdag_operator' retrieved from /home/airflow/.local/lib/python3.8/site-packages/airflow/example_dags/example_subdag_operator.py
[2024-09-08T13:26:26.440+0000] {logging_mixin.py:188} INFO - [2024-09-08T13:26:26.439+0000] {dag.py:3036} INFO - Sync 3 DAGs
[2024-09-08T13:26:26.487+0000] {logging_mixin.py:188} INFO - [2024-09-08T13:26:26.486+0000] {dag.py:3823} INFO - Setting next_dagrun for example_subdag_operator to 2022-01-01 00:00:00+00:00, run_after=2022-01-01 00:00:00+00:00
[2024-09-08T13:26:26.495+0000] {logging_mixin.py:188} INFO - [2024-09-08T13:26:26.495+0000] {dag.py:3823} INFO - Setting next_dagrun for example_subdag_operator.section-1 to None, run_after=None
[2024-09-08T13:26:26.497+0000] {logging_mixin.py:188} INFO - [2024-09-08T13:26:26.497+0000] {dag.py:3823} INFO - Setting next_dagrun for example_subdag_operator.section-2 to None, run_after=None
[2024-09-08T13:26:26.509+0000] {logging_mixin.py:188} INFO - [2024-09-08T13:26:26.508+0000] {dag.py:3036} INFO - Sync 2 DAGs
[2024-09-08T13:26:26.518+0000] {logging_mixin.py:188} INFO - [2024-09-08T13:26:26.518+0000] {dag.py:3823} INFO - Setting next_dagrun for example_subdag_operator.section-1 to None, run_after=None
[2024-09-08T13:26:26.519+0000] {logging_mixin.py:188} INFO - [2024-09-08T13:26:26.519+0000] {dag.py:3823} INFO - Setting next_dagrun for example_subdag_operator.section-2 to None, run_after=None
[2024-09-08T13:26:26.536+0000] {processor.py:183} INFO - Processing /home/airflow/.local/lib/python3.8/site-packages/airflow/example_dags/example_subdag_operator.py took 0.188 seconds
[2024-09-08T13:26:57.200+0000] {processor.py:161} INFO - Started process (PID=533) to work on /home/airflow/.local/lib/python3.8/site-packages/airflow/example_dags/example_subdag_operator.py
[2024-09-08T13:26:57.201+0000] {processor.py:830} INFO - Processing file /home/airflow/.local/lib/python3.8/site-packages/airflow/example_dags/example_subdag_operator.py for tasks to queue
[2024-09-08T13:26:57.202+0000] {logging_mixin.py:188} INFO - [2024-09-08T13:26:57.202+0000] {dagbag.py:538} INFO - Filling up the DagBag from /home/airflow/.local/lib/python3.8/site-packages/airflow/example_dags/example_subdag_operator.py
[2024-09-08T13:26:57.232+0000] {processor.py:840} INFO - DAG(s) 'example_subdag_operator.section-1', 'example_subdag_operator.section-2', 'example_subdag_operator' retrieved from /home/airflow/.local/lib/python3.8/site-packages/airflow/example_dags/example_subdag_operator.py
[2024-09-08T13:26:57.253+0000] {logging_mixin.py:188} INFO - [2024-09-08T13:26:57.252+0000] {dag.py:3036} INFO - Sync 3 DAGs
[2024-09-08T13:26:57.287+0000] {logging_mixin.py:188} INFO - [2024-09-08T13:26:57.286+0000] {dag.py:3823} INFO - Setting next_dagrun for example_subdag_operator to 2022-01-01 00:00:00+00:00, run_after=2022-01-01 00:00:00+00:00
[2024-09-08T13:26:57.291+0000] {logging_mixin.py:188} INFO - [2024-09-08T13:26:57.291+0000] {dag.py:3823} INFO - Setting next_dagrun for example_subdag_operator.section-1 to None, run_after=None
[2024-09-08T13:26:57.294+0000] {logging_mixin.py:188} INFO - [2024-09-08T13:26:57.294+0000] {dag.py:3823} INFO - Setting next_dagrun for example_subdag_operator.section-2 to None, run_after=None
[2024-09-08T13:26:57.301+0000] {logging_mixin.py:188} INFO - [2024-09-08T13:26:57.301+0000] {dag.py:3036} INFO - Sync 2 DAGs
[2024-09-08T13:26:57.308+0000] {logging_mixin.py:188} INFO - [2024-09-08T13:26:57.308+0000] {dag.py:3823} INFO - Setting next_dagrun for example_subdag_operator.section-1 to None, run_after=None
[2024-09-08T13:26:57.309+0000] {logging_mixin.py:188} INFO - [2024-09-08T13:26:57.309+0000] {dag.py:3823} INFO - Setting next_dagrun for example_subdag_operator.section-2 to None, run_after=None
[2024-09-08T13:26:57.324+0000] {processor.py:183} INFO - Processing /home/airflow/.local/lib/python3.8/site-packages/airflow/example_dags/example_subdag_operator.py took 0.128 seconds
[2024-09-08T13:27:27.926+0000] {processor.py:161} INFO - Started process (PID=590) to work on /home/airflow/.local/lib/python3.8/site-packages/airflow/example_dags/example_subdag_operator.py
[2024-09-08T13:27:27.927+0000] {processor.py:830} INFO - Processing file /home/airflow/.local/lib/python3.8/site-packages/airflow/example_dags/example_subdag_operator.py for tasks to queue
[2024-09-08T13:27:27.928+0000] {logging_mixin.py:188} INFO - [2024-09-08T13:27:27.928+0000] {dagbag.py:538} INFO - Filling up the DagBag from /home/airflow/.local/lib/python3.8/site-packages/airflow/example_dags/example_subdag_operator.py
[2024-09-08T13:27:27.955+0000] {processor.py:840} INFO - DAG(s) 'example_subdag_operator.section-1', 'example_subdag_operator.section-2', 'example_subdag_operator' retrieved from /home/airflow/.local/lib/python3.8/site-packages/airflow/example_dags/example_subdag_operator.py
[2024-09-08T13:27:27.980+0000] {logging_mixin.py:188} INFO - [2024-09-08T13:27:27.979+0000] {dag.py:3036} INFO - Sync 3 DAGs
[2024-09-08T13:27:28.007+0000] {logging_mixin.py:188} INFO - [2024-09-08T13:27:28.006+0000] {dag.py:3823} INFO - Setting next_dagrun for example_subdag_operator to 2022-01-01 00:00:00+00:00, run_after=2022-01-01 00:00:00+00:00
[2024-09-08T13:27:28.011+0000] {logging_mixin.py:188} INFO - [2024-09-08T13:27:28.011+0000] {dag.py:3823} INFO - Setting next_dagrun for example_subdag_operator.section-1 to None, run_after=None
[2024-09-08T13:27:28.013+0000] {logging_mixin.py:188} INFO - [2024-09-08T13:27:28.013+0000] {dag.py:3823} INFO - Setting next_dagrun for example_subdag_operator.section-2 to None, run_after=None
[2024-09-08T13:27:28.023+0000] {logging_mixin.py:188} INFO - [2024-09-08T13:27:28.023+0000] {dag.py:3036} INFO - Sync 2 DAGs
[2024-09-08T13:27:28.029+0000] {logging_mixin.py:188} INFO - [2024-09-08T13:27:28.029+0000] {dag.py:3823} INFO - Setting next_dagrun for example_subdag_operator.section-1 to None, run_after=None
[2024-09-08T13:27:28.030+0000] {logging_mixin.py:188} INFO - [2024-09-08T13:27:28.030+0000] {dag.py:3823} INFO - Setting next_dagrun for example_subdag_operator.section-2 to None, run_after=None
[2024-09-08T13:27:28.044+0000] {processor.py:183} INFO - Processing /home/airflow/.local/lib/python3.8/site-packages/airflow/example_dags/example_subdag_operator.py took 0.122 seconds
[2024-09-08T13:27:58.228+0000] {processor.py:161} INFO - Started process (PID=647) to work on /home/airflow/.local/lib/python3.8/site-packages/airflow/example_dags/example_subdag_operator.py
[2024-09-08T13:27:58.228+0000] {processor.py:830} INFO - Processing file /home/airflow/.local/lib/python3.8/site-packages/airflow/example_dags/example_subdag_operator.py for tasks to queue
[2024-09-08T13:27:58.230+0000] {logging_mixin.py:188} INFO - [2024-09-08T13:27:58.229+0000] {dagbag.py:538} INFO - Filling up the DagBag from /home/airflow/.local/lib/python3.8/site-packages/airflow/example_dags/example_subdag_operator.py
[2024-09-08T13:27:58.260+0000] {processor.py:840} INFO - DAG(s) 'example_subdag_operator.section-1', 'example_subdag_operator.section-2', 'example_subdag_operator' retrieved from /home/airflow/.local/lib/python3.8/site-packages/airflow/example_dags/example_subdag_operator.py
[2024-09-08T13:27:58.281+0000] {logging_mixin.py:188} INFO - [2024-09-08T13:27:58.280+0000] {dag.py:3036} INFO - Sync 3 DAGs
[2024-09-08T13:27:58.311+0000] {logging_mixin.py:188} INFO - [2024-09-08T13:27:58.311+0000] {dag.py:3823} INFO - Setting next_dagrun for example_subdag_operator to 2022-01-01 00:00:00+00:00, run_after=2022-01-01 00:00:00+00:00
[2024-09-08T13:27:58.316+0000] {logging_mixin.py:188} INFO - [2024-09-08T13:27:58.316+0000] {dag.py:3823} INFO - Setting next_dagrun for example_subdag_operator.section-1 to None, run_after=None
[2024-09-08T13:27:58.319+0000] {logging_mixin.py:188} INFO - [2024-09-08T13:27:58.318+0000] {dag.py:3823} INFO - Setting next_dagrun for example_subdag_operator.section-2 to None, run_after=None
[2024-09-08T13:27:58.329+0000] {logging_mixin.py:188} INFO - [2024-09-08T13:27:58.329+0000] {dag.py:3036} INFO - Sync 2 DAGs
[2024-09-08T13:27:58.336+0000] {logging_mixin.py:188} INFO - [2024-09-08T13:27:58.335+0000] {dag.py:3823} INFO - Setting next_dagrun for example_subdag_operator.section-1 to None, run_after=None
[2024-09-08T13:27:58.337+0000] {logging_mixin.py:188} INFO - [2024-09-08T13:27:58.336+0000] {dag.py:3823} INFO - Setting next_dagrun for example_subdag_operator.section-2 to None, run_after=None
[2024-09-08T13:27:58.353+0000] {processor.py:183} INFO - Processing /home/airflow/.local/lib/python3.8/site-packages/airflow/example_dags/example_subdag_operator.py took 0.130 seconds
[2024-09-08T13:28:29.137+0000] {processor.py:161} INFO - Started process (PID=704) to work on /home/airflow/.local/lib/python3.8/site-packages/airflow/example_dags/example_subdag_operator.py
[2024-09-08T13:28:29.138+0000] {processor.py:830} INFO - Processing file /home/airflow/.local/lib/python3.8/site-packages/airflow/example_dags/example_subdag_operator.py for tasks to queue
[2024-09-08T13:28:29.139+0000] {logging_mixin.py:188} INFO - [2024-09-08T13:28:29.139+0000] {dagbag.py:538} INFO - Filling up the DagBag from /home/airflow/.local/lib/python3.8/site-packages/airflow/example_dags/example_subdag_operator.py
[2024-09-08T13:28:29.179+0000] {processor.py:840} INFO - DAG(s) 'example_subdag_operator.section-1', 'example_subdag_operator.section-2', 'example_subdag_operator' retrieved from /home/airflow/.local/lib/python3.8/site-packages/airflow/example_dags/example_subdag_operator.py
[2024-09-08T13:28:29.202+0000] {logging_mixin.py:188} INFO - [2024-09-08T13:28:29.201+0000] {dag.py:3036} INFO - Sync 3 DAGs
[2024-09-08T13:28:29.239+0000] {logging_mixin.py:188} INFO - [2024-09-08T13:28:29.239+0000] {dag.py:3823} INFO - Setting next_dagrun for example_subdag_operator to 2022-01-01 00:00:00+00:00, run_after=2022-01-01 00:00:00+00:00
[2024-09-08T13:28:29.245+0000] {logging_mixin.py:188} INFO - [2024-09-08T13:28:29.244+0000] {dag.py:3823} INFO - Setting next_dagrun for example_subdag_operator.section-1 to None, run_after=None
[2024-09-08T13:28:29.247+0000] {logging_mixin.py:188} INFO - [2024-09-08T13:28:29.247+0000] {dag.py:3823} INFO - Setting next_dagrun for example_subdag_operator.section-2 to None, run_after=None
[2024-09-08T13:28:29.258+0000] {logging_mixin.py:188} INFO - [2024-09-08T13:28:29.257+0000] {dag.py:3036} INFO - Sync 2 DAGs
[2024-09-08T13:28:29.265+0000] {logging_mixin.py:188} INFO - [2024-09-08T13:28:29.265+0000] {dag.py:3823} INFO - Setting next_dagrun for example_subdag_operator.section-1 to None, run_after=None
[2024-09-08T13:28:29.266+0000] {logging_mixin.py:188} INFO - [2024-09-08T13:28:29.266+0000] {dag.py:3823} INFO - Setting next_dagrun for example_subdag_operator.section-2 to None, run_after=None
[2024-09-08T13:28:29.287+0000] {processor.py:183} INFO - Processing /home/airflow/.local/lib/python3.8/site-packages/airflow/example_dags/example_subdag_operator.py took 0.155 seconds
[2024-09-08T13:29:00.375+0000] {processor.py:161} INFO - Started process (PID=761) to work on /home/airflow/.local/lib/python3.8/site-packages/airflow/example_dags/example_subdag_operator.py
[2024-09-08T13:29:00.376+0000] {processor.py:830} INFO - Processing file /home/airflow/.local/lib/python3.8/site-packages/airflow/example_dags/example_subdag_operator.py for tasks to queue
[2024-09-08T13:29:00.378+0000] {logging_mixin.py:188} INFO - [2024-09-08T13:29:00.378+0000] {dagbag.py:538} INFO - Filling up the DagBag from /home/airflow/.local/lib/python3.8/site-packages/airflow/example_dags/example_subdag_operator.py
[2024-09-08T13:29:00.417+0000] {processor.py:840} INFO - DAG(s) 'example_subdag_operator.section-1', 'example_subdag_operator.section-2', 'example_subdag_operator' retrieved from /home/airflow/.local/lib/python3.8/site-packages/airflow/example_dags/example_subdag_operator.py
[2024-09-08T13:29:00.442+0000] {logging_mixin.py:188} INFO - [2024-09-08T13:29:00.442+0000] {dag.py:3036} INFO - Sync 3 DAGs
[2024-09-08T13:29:00.474+0000] {logging_mixin.py:188} INFO - [2024-09-08T13:29:00.474+0000] {dag.py:3823} INFO - Setting next_dagrun for example_subdag_operator to 2022-01-01 00:00:00+00:00, run_after=2022-01-01 00:00:00+00:00
[2024-09-08T13:29:00.480+0000] {logging_mixin.py:188} INFO - [2024-09-08T13:29:00.479+0000] {dag.py:3823} INFO - Setting next_dagrun for example_subdag_operator.section-1 to None, run_after=None
[2024-09-08T13:29:00.482+0000] {logging_mixin.py:188} INFO - [2024-09-08T13:29:00.482+0000] {dag.py:3823} INFO - Setting next_dagrun for example_subdag_operator.section-2 to None, run_after=None
[2024-09-08T13:29:00.497+0000] {logging_mixin.py:188} INFO - [2024-09-08T13:29:00.497+0000] {dag.py:3036} INFO - Sync 2 DAGs
[2024-09-08T13:29:00.507+0000] {logging_mixin.py:188} INFO - [2024-09-08T13:29:00.507+0000] {dag.py:3823} INFO - Setting next_dagrun for example_subdag_operator.section-1 to None, run_after=None
[2024-09-08T13:29:00.508+0000] {logging_mixin.py:188} INFO - [2024-09-08T13:29:00.508+0000] {dag.py:3823} INFO - Setting next_dagrun for example_subdag_operator.section-2 to None, run_after=None
[2024-09-08T13:29:00.531+0000] {processor.py:183} INFO - Processing /home/airflow/.local/lib/python3.8/site-packages/airflow/example_dags/example_subdag_operator.py took 0.160 seconds
[2024-09-08T13:29:31.473+0000] {processor.py:161} INFO - Started process (PID=818) to work on /home/airflow/.local/lib/python3.8/site-packages/airflow/example_dags/example_subdag_operator.py
[2024-09-08T13:29:31.474+0000] {processor.py:830} INFO - Processing file /home/airflow/.local/lib/python3.8/site-packages/airflow/example_dags/example_subdag_operator.py for tasks to queue
[2024-09-08T13:29:31.476+0000] {logging_mixin.py:188} INFO - [2024-09-08T13:29:31.475+0000] {dagbag.py:538} INFO - Filling up the DagBag from /home/airflow/.local/lib/python3.8/site-packages/airflow/example_dags/example_subdag_operator.py
[2024-09-08T13:29:31.506+0000] {processor.py:840} INFO - DAG(s) 'example_subdag_operator.section-1', 'example_subdag_operator.section-2', 'example_subdag_operator' retrieved from /home/airflow/.local/lib/python3.8/site-packages/airflow/example_dags/example_subdag_operator.py
[2024-09-08T13:29:31.528+0000] {logging_mixin.py:188} INFO - [2024-09-08T13:29:31.528+0000] {dag.py:3036} INFO - Sync 3 DAGs
[2024-09-08T13:29:31.558+0000] {logging_mixin.py:188} INFO - [2024-09-08T13:29:31.558+0000] {dag.py:3823} INFO - Setting next_dagrun for example_subdag_operator to 2022-01-01 00:00:00+00:00, run_after=2022-01-01 00:00:00+00:00
[2024-09-08T13:29:31.563+0000] {logging_mixin.py:188} INFO - [2024-09-08T13:29:31.563+0000] {dag.py:3823} INFO - Setting next_dagrun for example_subdag_operator.section-1 to None, run_after=None
[2024-09-08T13:29:31.565+0000] {logging_mixin.py:188} INFO - [2024-09-08T13:29:31.565+0000] {dag.py:3823} INFO - Setting next_dagrun for example_subdag_operator.section-2 to None, run_after=None
[2024-09-08T13:29:31.576+0000] {logging_mixin.py:188} INFO - [2024-09-08T13:29:31.576+0000] {dag.py:3036} INFO - Sync 2 DAGs
[2024-09-08T13:29:31.584+0000] {logging_mixin.py:188} INFO - [2024-09-08T13:29:31.584+0000] {dag.py:3823} INFO - Setting next_dagrun for example_subdag_operator.section-1 to None, run_after=None
[2024-09-08T13:29:31.585+0000] {logging_mixin.py:188} INFO - [2024-09-08T13:29:31.585+0000] {dag.py:3823} INFO - Setting next_dagrun for example_subdag_operator.section-2 to None, run_after=None
[2024-09-08T13:29:31.602+0000] {processor.py:183} INFO - Processing /home/airflow/.local/lib/python3.8/site-packages/airflow/example_dags/example_subdag_operator.py took 0.133 seconds
