[2024-09-08T13:22:41.696+0000] {processor.py:161} INFO - Started process (PID=47) to work on /home/airflow/.local/lib/python3.8/site-packages/airflow/example_dags/example_nested_branch_dag.py
[2024-09-08T13:22:41.698+0000] {processor.py:830} INFO - Processing file /home/airflow/.local/lib/python3.8/site-packages/airflow/example_dags/example_nested_branch_dag.py for tasks to queue
[2024-09-08T13:22:41.700+0000] {logging_mixin.py:188} INFO - [2024-09-08T13:22:41.700+0000] {dagbag.py:538} INFO - Filling up the DagBag from /home/airflow/.local/lib/python3.8/site-packages/airflow/example_dags/example_nested_branch_dag.py
[2024-09-08T13:22:41.742+0000] {processor.py:840} INFO - DAG(s) 'example_nested_branch_dag' retrieved from /home/airflow/.local/lib/python3.8/site-packages/airflow/example_dags/example_nested_branch_dag.py
[2024-09-08T13:22:41.948+0000] {logging_mixin.py:188} INFO - [2024-09-08T13:22:41.946+0000] {dag.py:3036} INFO - Sync 1 DAGs
[2024-09-08T13:22:42.080+0000] {logging_mixin.py:188} INFO - [2024-09-08T13:22:42.080+0000] {dag.py:3823} INFO - Setting next_dagrun for example_nested_branch_dag to 2024-09-07 00:00:00+00:00, run_after=2024-09-08 00:00:00+00:00
[2024-09-08T13:22:42.118+0000] {processor.py:183} INFO - Processing /home/airflow/.local/lib/python3.8/site-packages/airflow/example_dags/example_nested_branch_dag.py took 0.429 seconds
[2024-09-08T13:23:12.257+0000] {processor.py:161} INFO - Started process (PID=104) to work on /home/airflow/.local/lib/python3.8/site-packages/airflow/example_dags/example_nested_branch_dag.py
[2024-09-08T13:23:12.259+0000] {processor.py:830} INFO - Processing file /home/airflow/.local/lib/python3.8/site-packages/airflow/example_dags/example_nested_branch_dag.py for tasks to queue
[2024-09-08T13:23:12.261+0000] {logging_mixin.py:188} INFO - [2024-09-08T13:23:12.260+0000] {dagbag.py:538} INFO - Filling up the DagBag from /home/airflow/.local/lib/python3.8/site-packages/airflow/example_dags/example_nested_branch_dag.py
[2024-09-08T13:23:12.277+0000] {processor.py:840} INFO - DAG(s) 'example_nested_branch_dag' retrieved from /home/airflow/.local/lib/python3.8/site-packages/airflow/example_dags/example_nested_branch_dag.py
[2024-09-08T13:23:12.309+0000] {logging_mixin.py:188} INFO - [2024-09-08T13:23:12.309+0000] {dag.py:3036} INFO - Sync 1 DAGs
[2024-09-08T13:23:12.345+0000] {logging_mixin.py:188} INFO - [2024-09-08T13:23:12.344+0000] {dag.py:3823} INFO - Setting next_dagrun for example_nested_branch_dag to 2024-09-07 00:00:00+00:00, run_after=2024-09-08 00:00:00+00:00
[2024-09-08T13:23:12.374+0000] {processor.py:183} INFO - Processing /home/airflow/.local/lib/python3.8/site-packages/airflow/example_dags/example_nested_branch_dag.py took 0.122 seconds
[2024-09-08T13:23:42.535+0000] {processor.py:161} INFO - Started process (PID=161) to work on /home/airflow/.local/lib/python3.8/site-packages/airflow/example_dags/example_nested_branch_dag.py
[2024-09-08T13:23:42.536+0000] {processor.py:830} INFO - Processing file /home/airflow/.local/lib/python3.8/site-packages/airflow/example_dags/example_nested_branch_dag.py for tasks to queue
[2024-09-08T13:23:42.537+0000] {logging_mixin.py:188} INFO - [2024-09-08T13:23:42.537+0000] {dagbag.py:538} INFO - Filling up the DagBag from /home/airflow/.local/lib/python3.8/site-packages/airflow/example_dags/example_nested_branch_dag.py
[2024-09-08T13:23:42.553+0000] {processor.py:840} INFO - DAG(s) 'example_nested_branch_dag' retrieved from /home/airflow/.local/lib/python3.8/site-packages/airflow/example_dags/example_nested_branch_dag.py
[2024-09-08T13:23:42.583+0000] {logging_mixin.py:188} INFO - [2024-09-08T13:23:42.583+0000] {dag.py:3036} INFO - Sync 1 DAGs
[2024-09-08T13:23:42.621+0000] {logging_mixin.py:188} INFO - [2024-09-08T13:23:42.620+0000] {dag.py:3823} INFO - Setting next_dagrun for example_nested_branch_dag to 2024-09-07 00:00:00+00:00, run_after=2024-09-08 00:00:00+00:00
[2024-09-08T13:23:42.644+0000] {processor.py:183} INFO - Processing /home/airflow/.local/lib/python3.8/site-packages/airflow/example_dags/example_nested_branch_dag.py took 0.114 seconds
[2024-09-08T13:24:12.913+0000] {processor.py:161} INFO - Started process (PID=218) to work on /home/airflow/.local/lib/python3.8/site-packages/airflow/example_dags/example_nested_branch_dag.py
[2024-09-08T13:24:12.914+0000] {processor.py:830} INFO - Processing file /home/airflow/.local/lib/python3.8/site-packages/airflow/example_dags/example_nested_branch_dag.py for tasks to queue
[2024-09-08T13:24:12.916+0000] {logging_mixin.py:188} INFO - [2024-09-08T13:24:12.915+0000] {dagbag.py:538} INFO - Filling up the DagBag from /home/airflow/.local/lib/python3.8/site-packages/airflow/example_dags/example_nested_branch_dag.py
[2024-09-08T13:24:12.935+0000] {processor.py:840} INFO - DAG(s) 'example_nested_branch_dag' retrieved from /home/airflow/.local/lib/python3.8/site-packages/airflow/example_dags/example_nested_branch_dag.py
[2024-09-08T13:24:12.976+0000] {logging_mixin.py:188} INFO - [2024-09-08T13:24:12.976+0000] {dag.py:3036} INFO - Sync 1 DAGs
[2024-09-08T13:24:13.019+0000] {logging_mixin.py:188} INFO - [2024-09-08T13:24:13.018+0000] {dag.py:3823} INFO - Setting next_dagrun for example_nested_branch_dag to 2024-09-07 00:00:00+00:00, run_after=2024-09-08 00:00:00+00:00
[2024-09-08T13:24:13.055+0000] {processor.py:183} INFO - Processing /home/airflow/.local/lib/python3.8/site-packages/airflow/example_dags/example_nested_branch_dag.py took 0.149 seconds
[2024-09-08T13:24:43.220+0000] {processor.py:161} INFO - Started process (PID=275) to work on /home/airflow/.local/lib/python3.8/site-packages/airflow/example_dags/example_nested_branch_dag.py
[2024-09-08T13:24:43.221+0000] {processor.py:830} INFO - Processing file /home/airflow/.local/lib/python3.8/site-packages/airflow/example_dags/example_nested_branch_dag.py for tasks to queue
[2024-09-08T13:24:43.223+0000] {logging_mixin.py:188} INFO - [2024-09-08T13:24:43.222+0000] {dagbag.py:538} INFO - Filling up the DagBag from /home/airflow/.local/lib/python3.8/site-packages/airflow/example_dags/example_nested_branch_dag.py
[2024-09-08T13:24:43.244+0000] {processor.py:840} INFO - DAG(s) 'example_nested_branch_dag' retrieved from /home/airflow/.local/lib/python3.8/site-packages/airflow/example_dags/example_nested_branch_dag.py
[2024-09-08T13:24:43.287+0000] {logging_mixin.py:188} INFO - [2024-09-08T13:24:43.287+0000] {dag.py:3036} INFO - Sync 1 DAGs
[2024-09-08T13:24:43.332+0000] {logging_mixin.py:188} INFO - [2024-09-08T13:24:43.331+0000] {dag.py:3823} INFO - Setting next_dagrun for example_nested_branch_dag to 2024-09-07 00:00:00+00:00, run_after=2024-09-08 00:00:00+00:00
[2024-09-08T13:24:43.364+0000] {processor.py:183} INFO - Processing /home/airflow/.local/lib/python3.8/site-packages/airflow/example_dags/example_nested_branch_dag.py took 0.149 seconds
[2024-09-08T13:25:13.998+0000] {processor.py:161} INFO - Started process (PID=332) to work on /home/airflow/.local/lib/python3.8/site-packages/airflow/example_dags/example_nested_branch_dag.py
[2024-09-08T13:25:13.999+0000] {processor.py:830} INFO - Processing file /home/airflow/.local/lib/python3.8/site-packages/airflow/example_dags/example_nested_branch_dag.py for tasks to queue
[2024-09-08T13:25:14.001+0000] {logging_mixin.py:188} INFO - [2024-09-08T13:25:14.000+0000] {dagbag.py:538} INFO - Filling up the DagBag from /home/airflow/.local/lib/python3.8/site-packages/airflow/example_dags/example_nested_branch_dag.py
[2024-09-08T13:25:14.015+0000] {processor.py:840} INFO - DAG(s) 'example_nested_branch_dag' retrieved from /home/airflow/.local/lib/python3.8/site-packages/airflow/example_dags/example_nested_branch_dag.py
[2024-09-08T13:25:14.045+0000] {logging_mixin.py:188} INFO - [2024-09-08T13:25:14.045+0000] {dag.py:3036} INFO - Sync 1 DAGs
[2024-09-08T13:25:14.084+0000] {logging_mixin.py:188} INFO - [2024-09-08T13:25:14.084+0000] {dag.py:3823} INFO - Setting next_dagrun for example_nested_branch_dag to 2024-09-07 00:00:00+00:00, run_after=2024-09-08 00:00:00+00:00
[2024-09-08T13:25:14.113+0000] {processor.py:183} INFO - Processing /home/airflow/.local/lib/python3.8/site-packages/airflow/example_dags/example_nested_branch_dag.py took 0.120 seconds
[2024-09-08T13:25:44.633+0000] {processor.py:161} INFO - Started process (PID=389) to work on /home/airflow/.local/lib/python3.8/site-packages/airflow/example_dags/example_nested_branch_dag.py
[2024-09-08T13:25:44.634+0000] {processor.py:830} INFO - Processing file /home/airflow/.local/lib/python3.8/site-packages/airflow/example_dags/example_nested_branch_dag.py for tasks to queue
[2024-09-08T13:25:44.635+0000] {logging_mixin.py:188} INFO - [2024-09-08T13:25:44.635+0000] {dagbag.py:538} INFO - Filling up the DagBag from /home/airflow/.local/lib/python3.8/site-packages/airflow/example_dags/example_nested_branch_dag.py
[2024-09-08T13:25:44.655+0000] {processor.py:840} INFO - DAG(s) 'example_nested_branch_dag' retrieved from /home/airflow/.local/lib/python3.8/site-packages/airflow/example_dags/example_nested_branch_dag.py
[2024-09-08T13:25:44.698+0000] {logging_mixin.py:188} INFO - [2024-09-08T13:25:44.698+0000] {dag.py:3036} INFO - Sync 1 DAGs
[2024-09-08T13:25:44.742+0000] {logging_mixin.py:188} INFO - [2024-09-08T13:25:44.742+0000] {dag.py:3823} INFO - Setting next_dagrun for example_nested_branch_dag to 2024-09-07 00:00:00+00:00, run_after=2024-09-08 00:00:00+00:00
[2024-09-08T13:25:44.786+0000] {processor.py:183} INFO - Processing /home/airflow/.local/lib/python3.8/site-packages/airflow/example_dags/example_nested_branch_dag.py took 0.157 seconds
[2024-09-08T13:26:14.966+0000] {processor.py:161} INFO - Started process (PID=446) to work on /home/airflow/.local/lib/python3.8/site-packages/airflow/example_dags/example_nested_branch_dag.py
[2024-09-08T13:26:14.967+0000] {processor.py:830} INFO - Processing file /home/airflow/.local/lib/python3.8/site-packages/airflow/example_dags/example_nested_branch_dag.py for tasks to queue
[2024-09-08T13:26:14.970+0000] {logging_mixin.py:188} INFO - [2024-09-08T13:26:14.968+0000] {dagbag.py:538} INFO - Filling up the DagBag from /home/airflow/.local/lib/python3.8/site-packages/airflow/example_dags/example_nested_branch_dag.py
[2024-09-08T13:26:14.983+0000] {processor.py:840} INFO - DAG(s) 'example_nested_branch_dag' retrieved from /home/airflow/.local/lib/python3.8/site-packages/airflow/example_dags/example_nested_branch_dag.py
[2024-09-08T13:26:15.017+0000] {logging_mixin.py:188} INFO - [2024-09-08T13:26:15.016+0000] {dag.py:3036} INFO - Sync 1 DAGs
[2024-09-08T13:26:15.060+0000] {logging_mixin.py:188} INFO - [2024-09-08T13:26:15.059+0000] {dag.py:3823} INFO - Setting next_dagrun for example_nested_branch_dag to 2024-09-07 00:00:00+00:00, run_after=2024-09-08 00:00:00+00:00
[2024-09-08T13:26:15.095+0000] {processor.py:183} INFO - Processing /home/airflow/.local/lib/python3.8/site-packages/airflow/example_dags/example_nested_branch_dag.py took 0.134 seconds
[2024-09-08T13:26:45.183+0000] {processor.py:161} INFO - Started process (PID=503) to work on /home/airflow/.local/lib/python3.8/site-packages/airflow/example_dags/example_nested_branch_dag.py
[2024-09-08T13:26:45.184+0000] {processor.py:830} INFO - Processing file /home/airflow/.local/lib/python3.8/site-packages/airflow/example_dags/example_nested_branch_dag.py for tasks to queue
[2024-09-08T13:26:45.185+0000] {logging_mixin.py:188} INFO - [2024-09-08T13:26:45.185+0000] {dagbag.py:538} INFO - Filling up the DagBag from /home/airflow/.local/lib/python3.8/site-packages/airflow/example_dags/example_nested_branch_dag.py
[2024-09-08T13:26:45.201+0000] {processor.py:840} INFO - DAG(s) 'example_nested_branch_dag' retrieved from /home/airflow/.local/lib/python3.8/site-packages/airflow/example_dags/example_nested_branch_dag.py
[2024-09-08T13:26:45.231+0000] {logging_mixin.py:188} INFO - [2024-09-08T13:26:45.231+0000] {dag.py:3036} INFO - Sync 1 DAGs
[2024-09-08T13:26:45.265+0000] {logging_mixin.py:188} INFO - [2024-09-08T13:26:45.265+0000] {dag.py:3823} INFO - Setting next_dagrun for example_nested_branch_dag to 2024-09-07 00:00:00+00:00, run_after=2024-09-08 00:00:00+00:00
[2024-09-08T13:26:45.296+0000] {processor.py:183} INFO - Processing /home/airflow/.local/lib/python3.8/site-packages/airflow/example_dags/example_nested_branch_dag.py took 0.117 seconds
[2024-09-08T13:27:15.840+0000] {processor.py:161} INFO - Started process (PID=560) to work on /home/airflow/.local/lib/python3.8/site-packages/airflow/example_dags/example_nested_branch_dag.py
[2024-09-08T13:27:15.840+0000] {processor.py:830} INFO - Processing file /home/airflow/.local/lib/python3.8/site-packages/airflow/example_dags/example_nested_branch_dag.py for tasks to queue
[2024-09-08T13:27:15.842+0000] {logging_mixin.py:188} INFO - [2024-09-08T13:27:15.841+0000] {dagbag.py:538} INFO - Filling up the DagBag from /home/airflow/.local/lib/python3.8/site-packages/airflow/example_dags/example_nested_branch_dag.py
[2024-09-08T13:27:15.855+0000] {processor.py:840} INFO - DAG(s) 'example_nested_branch_dag' retrieved from /home/airflow/.local/lib/python3.8/site-packages/airflow/example_dags/example_nested_branch_dag.py
[2024-09-08T13:27:15.888+0000] {logging_mixin.py:188} INFO - [2024-09-08T13:27:15.887+0000] {dag.py:3036} INFO - Sync 1 DAGs
[2024-09-08T13:27:15.919+0000] {logging_mixin.py:188} INFO - [2024-09-08T13:27:15.919+0000] {dag.py:3823} INFO - Setting next_dagrun for example_nested_branch_dag to 2024-09-07 00:00:00+00:00, run_after=2024-09-08 00:00:00+00:00
[2024-09-08T13:27:15.944+0000] {processor.py:183} INFO - Processing /home/airflow/.local/lib/python3.8/site-packages/airflow/example_dags/example_nested_branch_dag.py took 0.109 seconds
[2024-09-08T13:27:46.083+0000] {processor.py:161} INFO - Started process (PID=617) to work on /home/airflow/.local/lib/python3.8/site-packages/airflow/example_dags/example_nested_branch_dag.py
[2024-09-08T13:27:46.084+0000] {processor.py:830} INFO - Processing file /home/airflow/.local/lib/python3.8/site-packages/airflow/example_dags/example_nested_branch_dag.py for tasks to queue
[2024-09-08T13:27:46.086+0000] {logging_mixin.py:188} INFO - [2024-09-08T13:27:46.085+0000] {dagbag.py:538} INFO - Filling up the DagBag from /home/airflow/.local/lib/python3.8/site-packages/airflow/example_dags/example_nested_branch_dag.py
[2024-09-08T13:27:46.102+0000] {processor.py:840} INFO - DAG(s) 'example_nested_branch_dag' retrieved from /home/airflow/.local/lib/python3.8/site-packages/airflow/example_dags/example_nested_branch_dag.py
[2024-09-08T13:27:46.133+0000] {logging_mixin.py:188} INFO - [2024-09-08T13:27:46.133+0000] {dag.py:3036} INFO - Sync 1 DAGs
[2024-09-08T13:27:46.164+0000] {logging_mixin.py:188} INFO - [2024-09-08T13:27:46.163+0000] {dag.py:3823} INFO - Setting next_dagrun for example_nested_branch_dag to 2024-09-07 00:00:00+00:00, run_after=2024-09-08 00:00:00+00:00
[2024-09-08T13:27:46.190+0000] {processor.py:183} INFO - Processing /home/airflow/.local/lib/python3.8/site-packages/airflow/example_dags/example_nested_branch_dag.py took 0.112 seconds
[2024-09-08T13:28:16.502+0000] {processor.py:161} INFO - Started process (PID=674) to work on /home/airflow/.local/lib/python3.8/site-packages/airflow/example_dags/example_nested_branch_dag.py
[2024-09-08T13:28:16.503+0000] {processor.py:830} INFO - Processing file /home/airflow/.local/lib/python3.8/site-packages/airflow/example_dags/example_nested_branch_dag.py for tasks to queue
[2024-09-08T13:28:16.505+0000] {logging_mixin.py:188} INFO - [2024-09-08T13:28:16.504+0000] {dagbag.py:538} INFO - Filling up the DagBag from /home/airflow/.local/lib/python3.8/site-packages/airflow/example_dags/example_nested_branch_dag.py
[2024-09-08T13:28:16.518+0000] {processor.py:840} INFO - DAG(s) 'example_nested_branch_dag' retrieved from /home/airflow/.local/lib/python3.8/site-packages/airflow/example_dags/example_nested_branch_dag.py
[2024-09-08T13:28:16.549+0000] {logging_mixin.py:188} INFO - [2024-09-08T13:28:16.548+0000] {dag.py:3036} INFO - Sync 1 DAGs
[2024-09-08T13:28:16.590+0000] {logging_mixin.py:188} INFO - [2024-09-08T13:28:16.590+0000] {dag.py:3823} INFO - Setting next_dagrun for example_nested_branch_dag to 2024-09-07 00:00:00+00:00, run_after=2024-09-08 00:00:00+00:00
[2024-09-08T13:28:16.616+0000] {processor.py:183} INFO - Processing /home/airflow/.local/lib/python3.8/site-packages/airflow/example_dags/example_nested_branch_dag.py took 0.119 seconds
[2024-09-08T13:28:46.980+0000] {processor.py:161} INFO - Started process (PID=731) to work on /home/airflow/.local/lib/python3.8/site-packages/airflow/example_dags/example_nested_branch_dag.py
[2024-09-08T13:28:46.982+0000] {processor.py:830} INFO - Processing file /home/airflow/.local/lib/python3.8/site-packages/airflow/example_dags/example_nested_branch_dag.py for tasks to queue
[2024-09-08T13:28:46.984+0000] {logging_mixin.py:188} INFO - [2024-09-08T13:28:46.984+0000] {dagbag.py:538} INFO - Filling up the DagBag from /home/airflow/.local/lib/python3.8/site-packages/airflow/example_dags/example_nested_branch_dag.py
[2024-09-08T13:28:47.010+0000] {processor.py:840} INFO - DAG(s) 'example_nested_branch_dag' retrieved from /home/airflow/.local/lib/python3.8/site-packages/airflow/example_dags/example_nested_branch_dag.py
[2024-09-08T13:28:47.063+0000] {logging_mixin.py:188} INFO - [2024-09-08T13:28:47.063+0000] {dag.py:3036} INFO - Sync 1 DAGs
[2024-09-08T13:28:47.109+0000] {logging_mixin.py:188} INFO - [2024-09-08T13:28:47.108+0000] {dag.py:3823} INFO - Setting next_dagrun for example_nested_branch_dag to 2024-09-07 00:00:00+00:00, run_after=2024-09-08 00:00:00+00:00
[2024-09-08T13:28:47.160+0000] {processor.py:183} INFO - Processing /home/airflow/.local/lib/python3.8/site-packages/airflow/example_dags/example_nested_branch_dag.py took 0.188 seconds
[2024-09-08T13:29:17.312+0000] {processor.py:161} INFO - Started process (PID=788) to work on /home/airflow/.local/lib/python3.8/site-packages/airflow/example_dags/example_nested_branch_dag.py
[2024-09-08T13:29:17.313+0000] {processor.py:830} INFO - Processing file /home/airflow/.local/lib/python3.8/site-packages/airflow/example_dags/example_nested_branch_dag.py for tasks to queue
[2024-09-08T13:29:17.315+0000] {logging_mixin.py:188} INFO - [2024-09-08T13:29:17.315+0000] {dagbag.py:538} INFO - Filling up the DagBag from /home/airflow/.local/lib/python3.8/site-packages/airflow/example_dags/example_nested_branch_dag.py
[2024-09-08T13:29:17.335+0000] {processor.py:840} INFO - DAG(s) 'example_nested_branch_dag' retrieved from /home/airflow/.local/lib/python3.8/site-packages/airflow/example_dags/example_nested_branch_dag.py
[2024-09-08T13:29:17.369+0000] {logging_mixin.py:188} INFO - [2024-09-08T13:29:17.369+0000] {dag.py:3036} INFO - Sync 1 DAGs
[2024-09-08T13:29:17.412+0000] {logging_mixin.py:188} INFO - [2024-09-08T13:29:17.411+0000] {dag.py:3823} INFO - Setting next_dagrun for example_nested_branch_dag to 2024-09-07 00:00:00+00:00, run_after=2024-09-08 00:00:00+00:00
[2024-09-08T13:29:17.445+0000] {processor.py:183} INFO - Processing /home/airflow/.local/lib/python3.8/site-packages/airflow/example_dags/example_nested_branch_dag.py took 0.138 seconds
[2024-09-08T13:29:48.066+0000] {processor.py:161} INFO - Started process (PID=845) to work on /home/airflow/.local/lib/python3.8/site-packages/airflow/example_dags/example_nested_branch_dag.py
[2024-09-08T13:29:48.067+0000] {processor.py:830} INFO - Processing file /home/airflow/.local/lib/python3.8/site-packages/airflow/example_dags/example_nested_branch_dag.py for tasks to queue
[2024-09-08T13:29:48.068+0000] {logging_mixin.py:188} INFO - [2024-09-08T13:29:48.068+0000] {dagbag.py:538} INFO - Filling up the DagBag from /home/airflow/.local/lib/python3.8/site-packages/airflow/example_dags/example_nested_branch_dag.py
[2024-09-08T13:29:48.083+0000] {processor.py:840} INFO - DAG(s) 'example_nested_branch_dag' retrieved from /home/airflow/.local/lib/python3.8/site-packages/airflow/example_dags/example_nested_branch_dag.py
[2024-09-08T13:29:48.112+0000] {logging_mixin.py:188} INFO - [2024-09-08T13:29:48.112+0000] {dag.py:3036} INFO - Sync 1 DAGs
[2024-09-08T13:29:48.139+0000] {logging_mixin.py:188} INFO - [2024-09-08T13:29:48.139+0000] {dag.py:3823} INFO - Setting next_dagrun for example_nested_branch_dag to 2024-09-07 00:00:00+00:00, run_after=2024-09-08 00:00:00+00:00
[2024-09-08T13:29:48.220+0000] {processor.py:183} INFO - Processing /home/airflow/.local/lib/python3.8/site-packages/airflow/example_dags/example_nested_branch_dag.py took 0.159 seconds
