[2024-09-08T13:22:39.723+0000] {processor.py:161} INFO - Started process (PID=41) to work on /home/airflow/.local/lib/python3.8/site-packages/airflow/example_dags/example_python_decorator.py
[2024-09-08T13:22:39.725+0000] {processor.py:830} INFO - Processing file /home/airflow/.local/lib/python3.8/site-packages/airflow/example_dags/example_python_decorator.py for tasks to queue
[2024-09-08T13:22:39.733+0000] {logging_mixin.py:188} INFO - [2024-09-08T13:22:39.727+0000] {dagbag.py:538} INFO - Filling up the DagBag from /home/airflow/.local/lib/python3.8/site-packages/airflow/example_dags/example_python_decorator.py
[2024-09-08T13:22:39.794+0000] {processor.py:840} INFO - DAG(s) 'example_python_decorator' retrieved from /home/airflow/.local/lib/python3.8/site-packages/airflow/example_dags/example_python_decorator.py
[2024-09-08T13:22:40.154+0000] {logging_mixin.py:188} INFO - [2024-09-08T13:22:40.153+0000] {dag.py:3036} INFO - Sync 1 DAGs
[2024-09-08T13:22:40.203+0000] {logging_mixin.py:188} INFO - [2024-09-08T13:22:40.203+0000] {dag.py:3823} INFO - Setting next_dagrun for example_python_decorator to None, run_after=None
[2024-09-08T13:22:40.277+0000] {processor.py:183} INFO - Processing /home/airflow/.local/lib/python3.8/site-packages/airflow/example_dags/example_python_decorator.py took 0.563 seconds
[2024-09-08T13:23:10.776+0000] {processor.py:161} INFO - Started process (PID=98) to work on /home/airflow/.local/lib/python3.8/site-packages/airflow/example_dags/example_python_decorator.py
[2024-09-08T13:23:10.777+0000] {processor.py:830} INFO - Processing file /home/airflow/.local/lib/python3.8/site-packages/airflow/example_dags/example_python_decorator.py for tasks to queue
[2024-09-08T13:23:10.780+0000] {logging_mixin.py:188} INFO - [2024-09-08T13:23:10.779+0000] {dagbag.py:538} INFO - Filling up the DagBag from /home/airflow/.local/lib/python3.8/site-packages/airflow/example_dags/example_python_decorator.py
[2024-09-08T13:23:10.800+0000] {processor.py:840} INFO - DAG(s) 'example_python_decorator' retrieved from /home/airflow/.local/lib/python3.8/site-packages/airflow/example_dags/example_python_decorator.py
[2024-09-08T13:23:10.832+0000] {logging_mixin.py:188} INFO - [2024-09-08T13:23:10.831+0000] {dag.py:3036} INFO - Sync 1 DAGs
[2024-09-08T13:23:10.866+0000] {logging_mixin.py:188} INFO - [2024-09-08T13:23:10.866+0000] {dag.py:3823} INFO - Setting next_dagrun for example_python_decorator to None, run_after=None
[2024-09-08T13:23:10.894+0000] {processor.py:183} INFO - Processing /home/airflow/.local/lib/python3.8/site-packages/airflow/example_dags/example_python_decorator.py took 0.122 seconds
[2024-09-08T13:23:41.077+0000] {processor.py:161} INFO - Started process (PID=155) to work on /home/airflow/.local/lib/python3.8/site-packages/airflow/example_dags/example_python_decorator.py
[2024-09-08T13:23:41.078+0000] {processor.py:830} INFO - Processing file /home/airflow/.local/lib/python3.8/site-packages/airflow/example_dags/example_python_decorator.py for tasks to queue
[2024-09-08T13:23:41.080+0000] {logging_mixin.py:188} INFO - [2024-09-08T13:23:41.079+0000] {dagbag.py:538} INFO - Filling up the DagBag from /home/airflow/.local/lib/python3.8/site-packages/airflow/example_dags/example_python_decorator.py
[2024-09-08T13:23:41.095+0000] {processor.py:840} INFO - DAG(s) 'example_python_decorator' retrieved from /home/airflow/.local/lib/python3.8/site-packages/airflow/example_dags/example_python_decorator.py
[2024-09-08T13:23:41.121+0000] {logging_mixin.py:188} INFO - [2024-09-08T13:23:41.120+0000] {dag.py:3036} INFO - Sync 1 DAGs
[2024-09-08T13:23:41.141+0000] {logging_mixin.py:188} INFO - [2024-09-08T13:23:41.140+0000] {dag.py:3823} INFO - Setting next_dagrun for example_python_decorator to None, run_after=None
[2024-09-08T13:23:41.177+0000] {processor.py:183} INFO - Processing /home/airflow/.local/lib/python3.8/site-packages/airflow/example_dags/example_python_decorator.py took 0.104 seconds
[2024-09-08T13:24:11.400+0000] {processor.py:161} INFO - Started process (PID=212) to work on /home/airflow/.local/lib/python3.8/site-packages/airflow/example_dags/example_python_decorator.py
[2024-09-08T13:24:11.401+0000] {processor.py:830} INFO - Processing file /home/airflow/.local/lib/python3.8/site-packages/airflow/example_dags/example_python_decorator.py for tasks to queue
[2024-09-08T13:24:11.403+0000] {logging_mixin.py:188} INFO - [2024-09-08T13:24:11.402+0000] {dagbag.py:538} INFO - Filling up the DagBag from /home/airflow/.local/lib/python3.8/site-packages/airflow/example_dags/example_python_decorator.py
[2024-09-08T13:24:11.428+0000] {processor.py:840} INFO - DAG(s) 'example_python_decorator' retrieved from /home/airflow/.local/lib/python3.8/site-packages/airflow/example_dags/example_python_decorator.py
[2024-09-08T13:24:11.465+0000] {logging_mixin.py:188} INFO - [2024-09-08T13:24:11.465+0000] {dag.py:3036} INFO - Sync 1 DAGs
[2024-09-08T13:24:11.488+0000] {logging_mixin.py:188} INFO - [2024-09-08T13:24:11.488+0000] {dag.py:3823} INFO - Setting next_dagrun for example_python_decorator to None, run_after=None
[2024-09-08T13:24:11.518+0000] {processor.py:183} INFO - Processing /home/airflow/.local/lib/python3.8/site-packages/airflow/example_dags/example_python_decorator.py took 0.123 seconds
[2024-09-08T13:24:41.683+0000] {processor.py:161} INFO - Started process (PID=269) to work on /home/airflow/.local/lib/python3.8/site-packages/airflow/example_dags/example_python_decorator.py
[2024-09-08T13:24:41.684+0000] {processor.py:830} INFO - Processing file /home/airflow/.local/lib/python3.8/site-packages/airflow/example_dags/example_python_decorator.py for tasks to queue
[2024-09-08T13:24:41.686+0000] {logging_mixin.py:188} INFO - [2024-09-08T13:24:41.686+0000] {dagbag.py:538} INFO - Filling up the DagBag from /home/airflow/.local/lib/python3.8/site-packages/airflow/example_dags/example_python_decorator.py
[2024-09-08T13:24:41.707+0000] {processor.py:840} INFO - DAG(s) 'example_python_decorator' retrieved from /home/airflow/.local/lib/python3.8/site-packages/airflow/example_dags/example_python_decorator.py
[2024-09-08T13:24:41.738+0000] {logging_mixin.py:188} INFO - [2024-09-08T13:24:41.738+0000] {dag.py:3036} INFO - Sync 1 DAGs
[2024-09-08T13:24:41.761+0000] {logging_mixin.py:188} INFO - [2024-09-08T13:24:41.761+0000] {dag.py:3823} INFO - Setting next_dagrun for example_python_decorator to None, run_after=None
[2024-09-08T13:24:41.789+0000] {processor.py:183} INFO - Processing /home/airflow/.local/lib/python3.8/site-packages/airflow/example_dags/example_python_decorator.py took 0.110 seconds
[2024-09-08T13:25:12.514+0000] {processor.py:161} INFO - Started process (PID=326) to work on /home/airflow/.local/lib/python3.8/site-packages/airflow/example_dags/example_python_decorator.py
[2024-09-08T13:25:12.515+0000] {processor.py:830} INFO - Processing file /home/airflow/.local/lib/python3.8/site-packages/airflow/example_dags/example_python_decorator.py for tasks to queue
[2024-09-08T13:25:12.516+0000] {logging_mixin.py:188} INFO - [2024-09-08T13:25:12.516+0000] {dagbag.py:538} INFO - Filling up the DagBag from /home/airflow/.local/lib/python3.8/site-packages/airflow/example_dags/example_python_decorator.py
[2024-09-08T13:25:12.540+0000] {processor.py:840} INFO - DAG(s) 'example_python_decorator' retrieved from /home/airflow/.local/lib/python3.8/site-packages/airflow/example_dags/example_python_decorator.py
[2024-09-08T13:25:12.570+0000] {logging_mixin.py:188} INFO - [2024-09-08T13:25:12.570+0000] {dag.py:3036} INFO - Sync 1 DAGs
[2024-09-08T13:25:12.591+0000] {logging_mixin.py:188} INFO - [2024-09-08T13:25:12.590+0000] {dag.py:3823} INFO - Setting next_dagrun for example_python_decorator to None, run_after=None
[2024-09-08T13:25:12.626+0000] {processor.py:183} INFO - Processing /home/airflow/.local/lib/python3.8/site-packages/airflow/example_dags/example_python_decorator.py took 0.116 seconds
[2024-09-08T13:25:42.936+0000] {processor.py:161} INFO - Started process (PID=383) to work on /home/airflow/.local/lib/python3.8/site-packages/airflow/example_dags/example_python_decorator.py
[2024-09-08T13:25:42.937+0000] {processor.py:830} INFO - Processing file /home/airflow/.local/lib/python3.8/site-packages/airflow/example_dags/example_python_decorator.py for tasks to queue
[2024-09-08T13:25:42.939+0000] {logging_mixin.py:188} INFO - [2024-09-08T13:25:42.939+0000] {dagbag.py:538} INFO - Filling up the DagBag from /home/airflow/.local/lib/python3.8/site-packages/airflow/example_dags/example_python_decorator.py
[2024-09-08T13:25:42.967+0000] {processor.py:840} INFO - DAG(s) 'example_python_decorator' retrieved from /home/airflow/.local/lib/python3.8/site-packages/airflow/example_dags/example_python_decorator.py
[2024-09-08T13:25:43.009+0000] {logging_mixin.py:188} INFO - [2024-09-08T13:25:43.009+0000] {dag.py:3036} INFO - Sync 1 DAGs
[2024-09-08T13:25:43.037+0000] {logging_mixin.py:188} INFO - [2024-09-08T13:25:43.036+0000] {dag.py:3823} INFO - Setting next_dagrun for example_python_decorator to None, run_after=None
[2024-09-08T13:25:43.079+0000] {processor.py:183} INFO - Processing /home/airflow/.local/lib/python3.8/site-packages/airflow/example_dags/example_python_decorator.py took 0.147 seconds
[2024-09-08T13:26:13.310+0000] {processor.py:161} INFO - Started process (PID=440) to work on /home/airflow/.local/lib/python3.8/site-packages/airflow/example_dags/example_python_decorator.py
[2024-09-08T13:26:13.311+0000] {processor.py:830} INFO - Processing file /home/airflow/.local/lib/python3.8/site-packages/airflow/example_dags/example_python_decorator.py for tasks to queue
[2024-09-08T13:26:13.313+0000] {logging_mixin.py:188} INFO - [2024-09-08T13:26:13.313+0000] {dagbag.py:538} INFO - Filling up the DagBag from /home/airflow/.local/lib/python3.8/site-packages/airflow/example_dags/example_python_decorator.py
[2024-09-08T13:26:13.342+0000] {processor.py:840} INFO - DAG(s) 'example_python_decorator' retrieved from /home/airflow/.local/lib/python3.8/site-packages/airflow/example_dags/example_python_decorator.py
[2024-09-08T13:26:13.372+0000] {logging_mixin.py:188} INFO - [2024-09-08T13:26:13.371+0000] {dag.py:3036} INFO - Sync 1 DAGs
[2024-09-08T13:26:13.392+0000] {logging_mixin.py:188} INFO - [2024-09-08T13:26:13.392+0000] {dag.py:3823} INFO - Setting next_dagrun for example_python_decorator to None, run_after=None
[2024-09-08T13:26:13.418+0000] {processor.py:183} INFO - Processing /home/airflow/.local/lib/python3.8/site-packages/airflow/example_dags/example_python_decorator.py took 0.112 seconds
[2024-09-08T13:26:43.636+0000] {processor.py:161} INFO - Started process (PID=497) to work on /home/airflow/.local/lib/python3.8/site-packages/airflow/example_dags/example_python_decorator.py
[2024-09-08T13:26:43.637+0000] {processor.py:830} INFO - Processing file /home/airflow/.local/lib/python3.8/site-packages/airflow/example_dags/example_python_decorator.py for tasks to queue
[2024-09-08T13:26:43.639+0000] {logging_mixin.py:188} INFO - [2024-09-08T13:26:43.639+0000] {dagbag.py:538} INFO - Filling up the DagBag from /home/airflow/.local/lib/python3.8/site-packages/airflow/example_dags/example_python_decorator.py
[2024-09-08T13:26:43.668+0000] {processor.py:840} INFO - DAG(s) 'example_python_decorator' retrieved from /home/airflow/.local/lib/python3.8/site-packages/airflow/example_dags/example_python_decorator.py
[2024-09-08T13:26:43.700+0000] {logging_mixin.py:188} INFO - [2024-09-08T13:26:43.699+0000] {dag.py:3036} INFO - Sync 1 DAGs
[2024-09-08T13:26:43.718+0000] {logging_mixin.py:188} INFO - [2024-09-08T13:26:43.717+0000] {dag.py:3823} INFO - Setting next_dagrun for example_python_decorator to None, run_after=None
[2024-09-08T13:26:43.752+0000] {processor.py:183} INFO - Processing /home/airflow/.local/lib/python3.8/site-packages/airflow/example_dags/example_python_decorator.py took 0.120 seconds
[2024-09-08T13:27:14.375+0000] {processor.py:161} INFO - Started process (PID=554) to work on /home/airflow/.local/lib/python3.8/site-packages/airflow/example_dags/example_python_decorator.py
[2024-09-08T13:27:14.376+0000] {processor.py:830} INFO - Processing file /home/airflow/.local/lib/python3.8/site-packages/airflow/example_dags/example_python_decorator.py for tasks to queue
[2024-09-08T13:27:14.377+0000] {logging_mixin.py:188} INFO - [2024-09-08T13:27:14.377+0000] {dagbag.py:538} INFO - Filling up the DagBag from /home/airflow/.local/lib/python3.8/site-packages/airflow/example_dags/example_python_decorator.py
[2024-09-08T13:27:14.400+0000] {processor.py:840} INFO - DAG(s) 'example_python_decorator' retrieved from /home/airflow/.local/lib/python3.8/site-packages/airflow/example_dags/example_python_decorator.py
[2024-09-08T13:27:14.443+0000] {logging_mixin.py:188} INFO - [2024-09-08T13:27:14.443+0000] {dag.py:3036} INFO - Sync 1 DAGs
[2024-09-08T13:27:14.460+0000] {logging_mixin.py:188} INFO - [2024-09-08T13:27:14.459+0000] {dag.py:3823} INFO - Setting next_dagrun for example_python_decorator to None, run_after=None
[2024-09-08T13:27:14.493+0000] {processor.py:183} INFO - Processing /home/airflow/.local/lib/python3.8/site-packages/airflow/example_dags/example_python_decorator.py took 0.122 seconds
[2024-09-08T13:27:44.567+0000] {processor.py:161} INFO - Started process (PID=610) to work on /home/airflow/.local/lib/python3.8/site-packages/airflow/example_dags/example_python_decorator.py
[2024-09-08T13:27:44.569+0000] {processor.py:830} INFO - Processing file /home/airflow/.local/lib/python3.8/site-packages/airflow/example_dags/example_python_decorator.py for tasks to queue
[2024-09-08T13:27:44.571+0000] {logging_mixin.py:188} INFO - [2024-09-08T13:27:44.570+0000] {dagbag.py:538} INFO - Filling up the DagBag from /home/airflow/.local/lib/python3.8/site-packages/airflow/example_dags/example_python_decorator.py
[2024-09-08T13:27:44.590+0000] {processor.py:840} INFO - DAG(s) 'example_python_decorator' retrieved from /home/airflow/.local/lib/python3.8/site-packages/airflow/example_dags/example_python_decorator.py
[2024-09-08T13:27:44.618+0000] {logging_mixin.py:188} INFO - [2024-09-08T13:27:44.617+0000] {dag.py:3036} INFO - Sync 1 DAGs
[2024-09-08T13:27:44.635+0000] {logging_mixin.py:188} INFO - [2024-09-08T13:27:44.635+0000] {dag.py:3823} INFO - Setting next_dagrun for example_python_decorator to None, run_after=None
[2024-09-08T13:27:44.669+0000] {processor.py:183} INFO - Processing /home/airflow/.local/lib/python3.8/site-packages/airflow/example_dags/example_python_decorator.py took 0.106 seconds
[2024-09-08T13:28:15.034+0000] {processor.py:161} INFO - Started process (PID=668) to work on /home/airflow/.local/lib/python3.8/site-packages/airflow/example_dags/example_python_decorator.py
[2024-09-08T13:28:15.035+0000] {processor.py:830} INFO - Processing file /home/airflow/.local/lib/python3.8/site-packages/airflow/example_dags/example_python_decorator.py for tasks to queue
[2024-09-08T13:28:15.036+0000] {logging_mixin.py:188} INFO - [2024-09-08T13:28:15.036+0000] {dagbag.py:538} INFO - Filling up the DagBag from /home/airflow/.local/lib/python3.8/site-packages/airflow/example_dags/example_python_decorator.py
[2024-09-08T13:28:15.055+0000] {processor.py:840} INFO - DAG(s) 'example_python_decorator' retrieved from /home/airflow/.local/lib/python3.8/site-packages/airflow/example_dags/example_python_decorator.py
[2024-09-08T13:28:15.083+0000] {logging_mixin.py:188} INFO - [2024-09-08T13:28:15.083+0000] {dag.py:3036} INFO - Sync 1 DAGs
[2024-09-08T13:28:15.104+0000] {logging_mixin.py:188} INFO - [2024-09-08T13:28:15.104+0000] {dag.py:3823} INFO - Setting next_dagrun for example_python_decorator to None, run_after=None
[2024-09-08T13:28:15.129+0000] {processor.py:183} INFO - Processing /home/airflow/.local/lib/python3.8/site-packages/airflow/example_dags/example_python_decorator.py took 0.099 seconds
[2024-09-08T13:28:45.189+0000] {processor.py:161} INFO - Started process (PID=724) to work on /home/airflow/.local/lib/python3.8/site-packages/airflow/example_dags/example_python_decorator.py
[2024-09-08T13:28:45.190+0000] {processor.py:830} INFO - Processing file /home/airflow/.local/lib/python3.8/site-packages/airflow/example_dags/example_python_decorator.py for tasks to queue
[2024-09-08T13:28:45.192+0000] {logging_mixin.py:188} INFO - [2024-09-08T13:28:45.191+0000] {dagbag.py:538} INFO - Filling up the DagBag from /home/airflow/.local/lib/python3.8/site-packages/airflow/example_dags/example_python_decorator.py
[2024-09-08T13:28:45.226+0000] {processor.py:840} INFO - DAG(s) 'example_python_decorator' retrieved from /home/airflow/.local/lib/python3.8/site-packages/airflow/example_dags/example_python_decorator.py
[2024-09-08T13:28:45.259+0000] {logging_mixin.py:188} INFO - [2024-09-08T13:28:45.259+0000] {dag.py:3036} INFO - Sync 1 DAGs
[2024-09-08T13:28:45.290+0000] {logging_mixin.py:188} INFO - [2024-09-08T13:28:45.289+0000] {dag.py:3823} INFO - Setting next_dagrun for example_python_decorator to None, run_after=None
[2024-09-08T13:28:45.314+0000] {processor.py:183} INFO - Processing /home/airflow/.local/lib/python3.8/site-packages/airflow/example_dags/example_python_decorator.py took 0.130 seconds
[2024-09-08T13:29:15.788+0000] {processor.py:161} INFO - Started process (PID=782) to work on /home/airflow/.local/lib/python3.8/site-packages/airflow/example_dags/example_python_decorator.py
[2024-09-08T13:29:15.789+0000] {processor.py:830} INFO - Processing file /home/airflow/.local/lib/python3.8/site-packages/airflow/example_dags/example_python_decorator.py for tasks to queue
[2024-09-08T13:29:15.790+0000] {logging_mixin.py:188} INFO - [2024-09-08T13:29:15.790+0000] {dagbag.py:538} INFO - Filling up the DagBag from /home/airflow/.local/lib/python3.8/site-packages/airflow/example_dags/example_python_decorator.py
[2024-09-08T13:29:15.808+0000] {processor.py:840} INFO - DAG(s) 'example_python_decorator' retrieved from /home/airflow/.local/lib/python3.8/site-packages/airflow/example_dags/example_python_decorator.py
[2024-09-08T13:29:15.838+0000] {logging_mixin.py:188} INFO - [2024-09-08T13:29:15.838+0000] {dag.py:3036} INFO - Sync 1 DAGs
[2024-09-08T13:29:15.858+0000] {logging_mixin.py:188} INFO - [2024-09-08T13:29:15.857+0000] {dag.py:3823} INFO - Setting next_dagrun for example_python_decorator to None, run_after=None
[2024-09-08T13:29:15.887+0000] {processor.py:183} INFO - Processing /home/airflow/.local/lib/python3.8/site-packages/airflow/example_dags/example_python_decorator.py took 0.103 seconds
[2024-09-08T13:29:46.265+0000] {processor.py:161} INFO - Started process (PID=839) to work on /home/airflow/.local/lib/python3.8/site-packages/airflow/example_dags/example_python_decorator.py
[2024-09-08T13:29:46.266+0000] {processor.py:830} INFO - Processing file /home/airflow/.local/lib/python3.8/site-packages/airflow/example_dags/example_python_decorator.py for tasks to queue
[2024-09-08T13:29:46.267+0000] {logging_mixin.py:188} INFO - [2024-09-08T13:29:46.267+0000] {dagbag.py:538} INFO - Filling up the DagBag from /home/airflow/.local/lib/python3.8/site-packages/airflow/example_dags/example_python_decorator.py
[2024-09-08T13:29:46.295+0000] {processor.py:840} INFO - DAG(s) 'example_python_decorator' retrieved from /home/airflow/.local/lib/python3.8/site-packages/airflow/example_dags/example_python_decorator.py
[2024-09-08T13:29:46.336+0000] {logging_mixin.py:188} INFO - [2024-09-08T13:29:46.336+0000] {dag.py:3036} INFO - Sync 1 DAGs
[2024-09-08T13:29:46.373+0000] {logging_mixin.py:188} INFO - [2024-09-08T13:29:46.371+0000] {dag.py:3823} INFO - Setting next_dagrun for example_python_decorator to None, run_after=None
[2024-09-08T13:29:46.432+0000] {processor.py:183} INFO - Processing /home/airflow/.local/lib/python3.8/site-packages/airflow/example_dags/example_python_decorator.py took 0.171 seconds
