[2024-09-08T13:22:51.573+0000] {processor.py:161} INFO - Started process (PID=78) to work on /home/airflow/.local/lib/python3.8/site-packages/airflow/example_dags/example_branch_day_of_week_operator.py
[2024-09-08T13:22:51.574+0000] {processor.py:830} INFO - Processing file /home/airflow/.local/lib/python3.8/site-packages/airflow/example_dags/example_branch_day_of_week_operator.py for tasks to queue
[2024-09-08T13:22:51.576+0000] {logging_mixin.py:188} INFO - [2024-09-08T13:22:51.575+0000] {dagbag.py:538} INFO - Filling up the DagBag from /home/airflow/.local/lib/python3.8/site-packages/airflow/example_dags/example_branch_day_of_week_operator.py
[2024-09-08T13:22:51.596+0000] {processor.py:840} INFO - DAG(s) 'example_weekday_branch_operator' retrieved from /home/airflow/.local/lib/python3.8/site-packages/airflow/example_dags/example_branch_day_of_week_operator.py
[2024-09-08T13:22:51.652+0000] {logging_mixin.py:188} INFO - [2024-09-08T13:22:51.651+0000] {dag.py:3036} INFO - Sync 1 DAGs
[2024-09-08T13:22:51.720+0000] {logging_mixin.py:188} INFO - [2024-09-08T13:22:51.720+0000] {dag.py:3823} INFO - Setting next_dagrun for example_weekday_branch_operator to 2024-09-07 00:00:00+00:00, run_after=2024-09-08 00:00:00+00:00
[2024-09-08T13:22:51.769+0000] {processor.py:183} INFO - Processing /home/airflow/.local/lib/python3.8/site-packages/airflow/example_dags/example_branch_day_of_week_operator.py took 0.200 seconds
[2024-09-08T13:23:22.372+0000] {processor.py:161} INFO - Started process (PID=135) to work on /home/airflow/.local/lib/python3.8/site-packages/airflow/example_dags/example_branch_day_of_week_operator.py
[2024-09-08T13:23:22.374+0000] {processor.py:830} INFO - Processing file /home/airflow/.local/lib/python3.8/site-packages/airflow/example_dags/example_branch_day_of_week_operator.py for tasks to queue
[2024-09-08T13:23:22.376+0000] {logging_mixin.py:188} INFO - [2024-09-08T13:23:22.375+0000] {dagbag.py:538} INFO - Filling up the DagBag from /home/airflow/.local/lib/python3.8/site-packages/airflow/example_dags/example_branch_day_of_week_operator.py
[2024-09-08T13:23:22.387+0000] {processor.py:840} INFO - DAG(s) 'example_weekday_branch_operator' retrieved from /home/airflow/.local/lib/python3.8/site-packages/airflow/example_dags/example_branch_day_of_week_operator.py
[2024-09-08T13:23:22.419+0000] {logging_mixin.py:188} INFO - [2024-09-08T13:23:22.418+0000] {dag.py:3036} INFO - Sync 1 DAGs
[2024-09-08T13:23:22.460+0000] {logging_mixin.py:188} INFO - [2024-09-08T13:23:22.460+0000] {dag.py:3823} INFO - Setting next_dagrun for example_weekday_branch_operator to 2024-09-07 00:00:00+00:00, run_after=2024-09-08 00:00:00+00:00
[2024-09-08T13:23:22.491+0000] {processor.py:183} INFO - Processing /home/airflow/.local/lib/python3.8/site-packages/airflow/example_dags/example_branch_day_of_week_operator.py took 0.123 seconds
[2024-09-08T13:23:52.639+0000] {processor.py:161} INFO - Started process (PID=192) to work on /home/airflow/.local/lib/python3.8/site-packages/airflow/example_dags/example_branch_day_of_week_operator.py
[2024-09-08T13:23:52.641+0000] {processor.py:830} INFO - Processing file /home/airflow/.local/lib/python3.8/site-packages/airflow/example_dags/example_branch_day_of_week_operator.py for tasks to queue
[2024-09-08T13:23:52.642+0000] {logging_mixin.py:188} INFO - [2024-09-08T13:23:52.642+0000] {dagbag.py:538} INFO - Filling up the DagBag from /home/airflow/.local/lib/python3.8/site-packages/airflow/example_dags/example_branch_day_of_week_operator.py
[2024-09-08T13:23:52.655+0000] {processor.py:840} INFO - DAG(s) 'example_weekday_branch_operator' retrieved from /home/airflow/.local/lib/python3.8/site-packages/airflow/example_dags/example_branch_day_of_week_operator.py
[2024-09-08T13:23:52.689+0000] {logging_mixin.py:188} INFO - [2024-09-08T13:23:52.688+0000] {dag.py:3036} INFO - Sync 1 DAGs
[2024-09-08T13:23:52.730+0000] {logging_mixin.py:188} INFO - [2024-09-08T13:23:52.729+0000] {dag.py:3823} INFO - Setting next_dagrun for example_weekday_branch_operator to 2024-09-07 00:00:00+00:00, run_after=2024-09-08 00:00:00+00:00
[2024-09-08T13:23:52.771+0000] {processor.py:183} INFO - Processing /home/airflow/.local/lib/python3.8/site-packages/airflow/example_dags/example_branch_day_of_week_operator.py took 0.136 seconds
[2024-09-08T13:24:23.812+0000] {processor.py:161} INFO - Started process (PID=249) to work on /home/airflow/.local/lib/python3.8/site-packages/airflow/example_dags/example_branch_day_of_week_operator.py
[2024-09-08T13:24:23.813+0000] {processor.py:830} INFO - Processing file /home/airflow/.local/lib/python3.8/site-packages/airflow/example_dags/example_branch_day_of_week_operator.py for tasks to queue
[2024-09-08T13:24:23.814+0000] {logging_mixin.py:188} INFO - [2024-09-08T13:24:23.814+0000] {dagbag.py:538} INFO - Filling up the DagBag from /home/airflow/.local/lib/python3.8/site-packages/airflow/example_dags/example_branch_day_of_week_operator.py
[2024-09-08T13:24:23.824+0000] {processor.py:840} INFO - DAG(s) 'example_weekday_branch_operator' retrieved from /home/airflow/.local/lib/python3.8/site-packages/airflow/example_dags/example_branch_day_of_week_operator.py
[2024-09-08T13:24:23.856+0000] {logging_mixin.py:188} INFO - [2024-09-08T13:24:23.855+0000] {dag.py:3036} INFO - Sync 1 DAGs
[2024-09-08T13:24:23.886+0000] {logging_mixin.py:188} INFO - [2024-09-08T13:24:23.886+0000] {dag.py:3823} INFO - Setting next_dagrun for example_weekday_branch_operator to 2024-09-07 00:00:00+00:00, run_after=2024-09-08 00:00:00+00:00
[2024-09-08T13:24:23.912+0000] {processor.py:183} INFO - Processing /home/airflow/.local/lib/python3.8/site-packages/airflow/example_dags/example_branch_day_of_week_operator.py took 0.104 seconds
[2024-09-08T13:24:54.342+0000] {processor.py:161} INFO - Started process (PID=306) to work on /home/airflow/.local/lib/python3.8/site-packages/airflow/example_dags/example_branch_day_of_week_operator.py
[2024-09-08T13:24:54.343+0000] {processor.py:830} INFO - Processing file /home/airflow/.local/lib/python3.8/site-packages/airflow/example_dags/example_branch_day_of_week_operator.py for tasks to queue
[2024-09-08T13:24:54.344+0000] {logging_mixin.py:188} INFO - [2024-09-08T13:24:54.344+0000] {dagbag.py:538} INFO - Filling up the DagBag from /home/airflow/.local/lib/python3.8/site-packages/airflow/example_dags/example_branch_day_of_week_operator.py
[2024-09-08T13:24:54.357+0000] {processor.py:840} INFO - DAG(s) 'example_weekday_branch_operator' retrieved from /home/airflow/.local/lib/python3.8/site-packages/airflow/example_dags/example_branch_day_of_week_operator.py
[2024-09-08T13:24:54.389+0000] {logging_mixin.py:188} INFO - [2024-09-08T13:24:54.388+0000] {dag.py:3036} INFO - Sync 1 DAGs
[2024-09-08T13:24:54.418+0000] {logging_mixin.py:188} INFO - [2024-09-08T13:24:54.417+0000] {dag.py:3823} INFO - Setting next_dagrun for example_weekday_branch_operator to 2024-09-07 00:00:00+00:00, run_after=2024-09-08 00:00:00+00:00
[2024-09-08T13:24:54.441+0000] {processor.py:183} INFO - Processing /home/airflow/.local/lib/python3.8/site-packages/airflow/example_dags/example_branch_day_of_week_operator.py took 0.103 seconds
[2024-09-08T13:25:24.893+0000] {processor.py:161} INFO - Started process (PID=363) to work on /home/airflow/.local/lib/python3.8/site-packages/airflow/example_dags/example_branch_day_of_week_operator.py
[2024-09-08T13:25:24.894+0000] {processor.py:830} INFO - Processing file /home/airflow/.local/lib/python3.8/site-packages/airflow/example_dags/example_branch_day_of_week_operator.py for tasks to queue
[2024-09-08T13:25:24.896+0000] {logging_mixin.py:188} INFO - [2024-09-08T13:25:24.895+0000] {dagbag.py:538} INFO - Filling up the DagBag from /home/airflow/.local/lib/python3.8/site-packages/airflow/example_dags/example_branch_day_of_week_operator.py
[2024-09-08T13:25:24.908+0000] {processor.py:840} INFO - DAG(s) 'example_weekday_branch_operator' retrieved from /home/airflow/.local/lib/python3.8/site-packages/airflow/example_dags/example_branch_day_of_week_operator.py
[2024-09-08T13:25:24.939+0000] {logging_mixin.py:188} INFO - [2024-09-08T13:25:24.938+0000] {dag.py:3036} INFO - Sync 1 DAGs
[2024-09-08T13:25:24.975+0000] {logging_mixin.py:188} INFO - [2024-09-08T13:25:24.975+0000] {dag.py:3823} INFO - Setting next_dagrun for example_weekday_branch_operator to 2024-09-07 00:00:00+00:00, run_after=2024-09-08 00:00:00+00:00
[2024-09-08T13:25:25.004+0000] {processor.py:183} INFO - Processing /home/airflow/.local/lib/python3.8/site-packages/airflow/example_dags/example_branch_day_of_week_operator.py took 0.116 seconds
[2024-09-08T13:25:55.244+0000] {processor.py:161} INFO - Started process (PID=420) to work on /home/airflow/.local/lib/python3.8/site-packages/airflow/example_dags/example_branch_day_of_week_operator.py
[2024-09-08T13:25:55.244+0000] {processor.py:830} INFO - Processing file /home/airflow/.local/lib/python3.8/site-packages/airflow/example_dags/example_branch_day_of_week_operator.py for tasks to queue
[2024-09-08T13:25:55.246+0000] {logging_mixin.py:188} INFO - [2024-09-08T13:25:55.246+0000] {dagbag.py:538} INFO - Filling up the DagBag from /home/airflow/.local/lib/python3.8/site-packages/airflow/example_dags/example_branch_day_of_week_operator.py
[2024-09-08T13:25:55.258+0000] {processor.py:840} INFO - DAG(s) 'example_weekday_branch_operator' retrieved from /home/airflow/.local/lib/python3.8/site-packages/airflow/example_dags/example_branch_day_of_week_operator.py
[2024-09-08T13:25:55.295+0000] {logging_mixin.py:188} INFO - [2024-09-08T13:25:55.294+0000] {dag.py:3036} INFO - Sync 1 DAGs
[2024-09-08T13:25:55.338+0000] {logging_mixin.py:188} INFO - [2024-09-08T13:25:55.337+0000] {dag.py:3823} INFO - Setting next_dagrun for example_weekday_branch_operator to 2024-09-07 00:00:00+00:00, run_after=2024-09-08 00:00:00+00:00
[2024-09-08T13:25:55.375+0000] {processor.py:183} INFO - Processing /home/airflow/.local/lib/python3.8/site-packages/airflow/example_dags/example_branch_day_of_week_operator.py took 0.135 seconds
[2024-09-08T13:26:26.397+0000] {processor.py:161} INFO - Started process (PID=477) to work on /home/airflow/.local/lib/python3.8/site-packages/airflow/example_dags/example_branch_day_of_week_operator.py
[2024-09-08T13:26:26.400+0000] {processor.py:830} INFO - Processing file /home/airflow/.local/lib/python3.8/site-packages/airflow/example_dags/example_branch_day_of_week_operator.py for tasks to queue
[2024-09-08T13:26:26.404+0000] {logging_mixin.py:188} INFO - [2024-09-08T13:26:26.403+0000] {dagbag.py:538} INFO - Filling up the DagBag from /home/airflow/.local/lib/python3.8/site-packages/airflow/example_dags/example_branch_day_of_week_operator.py
[2024-09-08T13:26:26.416+0000] {processor.py:840} INFO - DAG(s) 'example_weekday_branch_operator' retrieved from /home/airflow/.local/lib/python3.8/site-packages/airflow/example_dags/example_branch_day_of_week_operator.py
[2024-09-08T13:26:26.460+0000] {logging_mixin.py:188} INFO - [2024-09-08T13:26:26.460+0000] {dag.py:3036} INFO - Sync 1 DAGs
[2024-09-08T13:26:26.508+0000] {logging_mixin.py:188} INFO - [2024-09-08T13:26:26.507+0000] {dag.py:3823} INFO - Setting next_dagrun for example_weekday_branch_operator to 2024-09-07 00:00:00+00:00, run_after=2024-09-08 00:00:00+00:00
[2024-09-08T13:26:26.543+0000] {processor.py:183} INFO - Processing /home/airflow/.local/lib/python3.8/site-packages/airflow/example_dags/example_branch_day_of_week_operator.py took 0.151 seconds
[2024-09-08T13:26:57.360+0000] {processor.py:161} INFO - Started process (PID=534) to work on /home/airflow/.local/lib/python3.8/site-packages/airflow/example_dags/example_branch_day_of_week_operator.py
[2024-09-08T13:26:57.361+0000] {processor.py:830} INFO - Processing file /home/airflow/.local/lib/python3.8/site-packages/airflow/example_dags/example_branch_day_of_week_operator.py for tasks to queue
[2024-09-08T13:26:57.362+0000] {logging_mixin.py:188} INFO - [2024-09-08T13:26:57.362+0000] {dagbag.py:538} INFO - Filling up the DagBag from /home/airflow/.local/lib/python3.8/site-packages/airflow/example_dags/example_branch_day_of_week_operator.py
[2024-09-08T13:26:57.374+0000] {processor.py:840} INFO - DAG(s) 'example_weekday_branch_operator' retrieved from /home/airflow/.local/lib/python3.8/site-packages/airflow/example_dags/example_branch_day_of_week_operator.py
[2024-09-08T13:26:57.405+0000] {logging_mixin.py:188} INFO - [2024-09-08T13:26:57.404+0000] {dag.py:3036} INFO - Sync 1 DAGs
[2024-09-08T13:26:57.436+0000] {logging_mixin.py:188} INFO - [2024-09-08T13:26:57.435+0000] {dag.py:3823} INFO - Setting next_dagrun for example_weekday_branch_operator to 2024-09-07 00:00:00+00:00, run_after=2024-09-08 00:00:00+00:00
[2024-09-08T13:26:57.466+0000] {processor.py:183} INFO - Processing /home/airflow/.local/lib/python3.8/site-packages/airflow/example_dags/example_branch_day_of_week_operator.py took 0.110 seconds
[2024-09-08T13:27:28.090+0000] {processor.py:161} INFO - Started process (PID=591) to work on /home/airflow/.local/lib/python3.8/site-packages/airflow/example_dags/example_branch_day_of_week_operator.py
[2024-09-08T13:27:28.091+0000] {processor.py:830} INFO - Processing file /home/airflow/.local/lib/python3.8/site-packages/airflow/example_dags/example_branch_day_of_week_operator.py for tasks to queue
[2024-09-08T13:27:28.093+0000] {logging_mixin.py:188} INFO - [2024-09-08T13:27:28.093+0000] {dagbag.py:538} INFO - Filling up the DagBag from /home/airflow/.local/lib/python3.8/site-packages/airflow/example_dags/example_branch_day_of_week_operator.py
[2024-09-08T13:27:28.103+0000] {processor.py:840} INFO - DAG(s) 'example_weekday_branch_operator' retrieved from /home/airflow/.local/lib/python3.8/site-packages/airflow/example_dags/example_branch_day_of_week_operator.py
[2024-09-08T13:27:28.132+0000] {logging_mixin.py:188} INFO - [2024-09-08T13:27:28.132+0000] {dag.py:3036} INFO - Sync 1 DAGs
[2024-09-08T13:27:28.164+0000] {logging_mixin.py:188} INFO - [2024-09-08T13:27:28.164+0000] {dag.py:3823} INFO - Setting next_dagrun for example_weekday_branch_operator to 2024-09-07 00:00:00+00:00, run_after=2024-09-08 00:00:00+00:00
[2024-09-08T13:27:28.192+0000] {processor.py:183} INFO - Processing /home/airflow/.local/lib/python3.8/site-packages/airflow/example_dags/example_branch_day_of_week_operator.py took 0.106 seconds
[2024-09-08T13:27:58.408+0000] {processor.py:161} INFO - Started process (PID=648) to work on /home/airflow/.local/lib/python3.8/site-packages/airflow/example_dags/example_branch_day_of_week_operator.py
[2024-09-08T13:27:58.409+0000] {processor.py:830} INFO - Processing file /home/airflow/.local/lib/python3.8/site-packages/airflow/example_dags/example_branch_day_of_week_operator.py for tasks to queue
[2024-09-08T13:27:58.411+0000] {logging_mixin.py:188} INFO - [2024-09-08T13:27:58.411+0000] {dagbag.py:538} INFO - Filling up the DagBag from /home/airflow/.local/lib/python3.8/site-packages/airflow/example_dags/example_branch_day_of_week_operator.py
[2024-09-08T13:27:58.423+0000] {processor.py:840} INFO - DAG(s) 'example_weekday_branch_operator' retrieved from /home/airflow/.local/lib/python3.8/site-packages/airflow/example_dags/example_branch_day_of_week_operator.py
[2024-09-08T13:27:58.454+0000] {logging_mixin.py:188} INFO - [2024-09-08T13:27:58.454+0000] {dag.py:3036} INFO - Sync 1 DAGs
[2024-09-08T13:27:58.498+0000] {logging_mixin.py:188} INFO - [2024-09-08T13:27:58.498+0000] {dag.py:3823} INFO - Setting next_dagrun for example_weekday_branch_operator to 2024-09-07 00:00:00+00:00, run_after=2024-09-08 00:00:00+00:00
[2024-09-08T13:27:58.537+0000] {processor.py:183} INFO - Processing /home/airflow/.local/lib/python3.8/site-packages/airflow/example_dags/example_branch_day_of_week_operator.py took 0.134 seconds
[2024-09-08T13:28:29.329+0000] {processor.py:161} INFO - Started process (PID=705) to work on /home/airflow/.local/lib/python3.8/site-packages/airflow/example_dags/example_branch_day_of_week_operator.py
[2024-09-08T13:28:29.330+0000] {processor.py:830} INFO - Processing file /home/airflow/.local/lib/python3.8/site-packages/airflow/example_dags/example_branch_day_of_week_operator.py for tasks to queue
[2024-09-08T13:28:29.331+0000] {logging_mixin.py:188} INFO - [2024-09-08T13:28:29.331+0000] {dagbag.py:538} INFO - Filling up the DagBag from /home/airflow/.local/lib/python3.8/site-packages/airflow/example_dags/example_branch_day_of_week_operator.py
[2024-09-08T13:28:29.355+0000] {processor.py:840} INFO - DAG(s) 'example_weekday_branch_operator' retrieved from /home/airflow/.local/lib/python3.8/site-packages/airflow/example_dags/example_branch_day_of_week_operator.py
[2024-09-08T13:28:29.404+0000] {logging_mixin.py:188} INFO - [2024-09-08T13:28:29.403+0000] {dag.py:3036} INFO - Sync 1 DAGs
[2024-09-08T13:28:29.446+0000] {logging_mixin.py:188} INFO - [2024-09-08T13:28:29.445+0000] {dag.py:3823} INFO - Setting next_dagrun for example_weekday_branch_operator to 2024-09-07 00:00:00+00:00, run_after=2024-09-08 00:00:00+00:00
[2024-09-08T13:28:29.475+0000] {processor.py:183} INFO - Processing /home/airflow/.local/lib/python3.8/site-packages/airflow/example_dags/example_branch_day_of_week_operator.py took 0.151 seconds
[2024-09-08T13:29:00.576+0000] {processor.py:161} INFO - Started process (PID=762) to work on /home/airflow/.local/lib/python3.8/site-packages/airflow/example_dags/example_branch_day_of_week_operator.py
[2024-09-08T13:29:00.577+0000] {processor.py:830} INFO - Processing file /home/airflow/.local/lib/python3.8/site-packages/airflow/example_dags/example_branch_day_of_week_operator.py for tasks to queue
[2024-09-08T13:29:00.579+0000] {logging_mixin.py:188} INFO - [2024-09-08T13:29:00.578+0000] {dagbag.py:538} INFO - Filling up the DagBag from /home/airflow/.local/lib/python3.8/site-packages/airflow/example_dags/example_branch_day_of_week_operator.py
[2024-09-08T13:29:00.591+0000] {processor.py:840} INFO - DAG(s) 'example_weekday_branch_operator' retrieved from /home/airflow/.local/lib/python3.8/site-packages/airflow/example_dags/example_branch_day_of_week_operator.py
[2024-09-08T13:29:00.623+0000] {logging_mixin.py:188} INFO - [2024-09-08T13:29:00.623+0000] {dag.py:3036} INFO - Sync 1 DAGs
[2024-09-08T13:29:00.660+0000] {logging_mixin.py:188} INFO - [2024-09-08T13:29:00.660+0000] {dag.py:3823} INFO - Setting next_dagrun for example_weekday_branch_operator to 2024-09-07 00:00:00+00:00, run_after=2024-09-08 00:00:00+00:00
[2024-09-08T13:29:00.688+0000] {processor.py:183} INFO - Processing /home/airflow/.local/lib/python3.8/site-packages/airflow/example_dags/example_branch_day_of_week_operator.py took 0.117 seconds
[2024-09-08T13:29:31.552+0000] {processor.py:161} INFO - Started process (PID=819) to work on /home/airflow/.local/lib/python3.8/site-packages/airflow/example_dags/example_branch_day_of_week_operator.py
[2024-09-08T13:29:31.553+0000] {processor.py:830} INFO - Processing file /home/airflow/.local/lib/python3.8/site-packages/airflow/example_dags/example_branch_day_of_week_operator.py for tasks to queue
[2024-09-08T13:29:31.554+0000] {logging_mixin.py:188} INFO - [2024-09-08T13:29:31.554+0000] {dagbag.py:538} INFO - Filling up the DagBag from /home/airflow/.local/lib/python3.8/site-packages/airflow/example_dags/example_branch_day_of_week_operator.py
[2024-09-08T13:29:31.565+0000] {processor.py:840} INFO - DAG(s) 'example_weekday_branch_operator' retrieved from /home/airflow/.local/lib/python3.8/site-packages/airflow/example_dags/example_branch_day_of_week_operator.py
[2024-09-08T13:29:31.596+0000] {logging_mixin.py:188} INFO - [2024-09-08T13:29:31.596+0000] {dag.py:3036} INFO - Sync 1 DAGs
[2024-09-08T13:29:31.631+0000] {logging_mixin.py:188} INFO - [2024-09-08T13:29:31.631+0000] {dag.py:3823} INFO - Setting next_dagrun for example_weekday_branch_operator to 2024-09-07 00:00:00+00:00, run_after=2024-09-08 00:00:00+00:00
[2024-09-08T13:29:31.663+0000] {processor.py:183} INFO - Processing /home/airflow/.local/lib/python3.8/site-packages/airflow/example_dags/example_branch_day_of_week_operator.py took 0.115 seconds
