[2024-09-08T13:22:51.263+0000] {processor.py:161} INFO - Started process (PID=76) to work on /home/airflow/.local/lib/python3.8/site-packages/airflow/example_dags/example_branch_labels.py
[2024-09-08T13:22:51.264+0000] {processor.py:830} INFO - Processing file /home/airflow/.local/lib/python3.8/site-packages/airflow/example_dags/example_branch_labels.py for tasks to queue
[2024-09-08T13:22:51.266+0000] {logging_mixin.py:188} INFO - [2024-09-08T13:22:51.265+0000] {dagbag.py:538} INFO - Filling up the DagBag from /home/airflow/.local/lib/python3.8/site-packages/airflow/example_dags/example_branch_labels.py
[2024-09-08T13:22:51.287+0000] {processor.py:840} INFO - DAG(s) 'example_branch_labels' retrieved from /home/airflow/.local/lib/python3.8/site-packages/airflow/example_dags/example_branch_labels.py
[2024-09-08T13:22:51.374+0000] {logging_mixin.py:188} INFO - [2024-09-08T13:22:51.374+0000] {dag.py:3036} INFO - Sync 1 DAGs
[2024-09-08T13:22:51.477+0000] {logging_mixin.py:188} INFO - [2024-09-08T13:22:51.476+0000] {dag.py:3823} INFO - Setting next_dagrun for example_branch_labels to 2024-09-07 00:00:00+00:00, run_after=2024-09-08 00:00:00+00:00
[2024-09-08T13:22:51.524+0000] {processor.py:183} INFO - Processing /home/airflow/.local/lib/python3.8/site-packages/airflow/example_dags/example_branch_labels.py took 0.272 seconds
[2024-09-08T13:23:22.061+0000] {processor.py:161} INFO - Started process (PID=133) to work on /home/airflow/.local/lib/python3.8/site-packages/airflow/example_dags/example_branch_labels.py
[2024-09-08T13:23:22.062+0000] {processor.py:830} INFO - Processing file /home/airflow/.local/lib/python3.8/site-packages/airflow/example_dags/example_branch_labels.py for tasks to queue
[2024-09-08T13:23:22.064+0000] {logging_mixin.py:188} INFO - [2024-09-08T13:23:22.063+0000] {dagbag.py:538} INFO - Filling up the DagBag from /home/airflow/.local/lib/python3.8/site-packages/airflow/example_dags/example_branch_labels.py
[2024-09-08T13:23:22.079+0000] {processor.py:840} INFO - DAG(s) 'example_branch_labels' retrieved from /home/airflow/.local/lib/python3.8/site-packages/airflow/example_dags/example_branch_labels.py
[2024-09-08T13:23:22.108+0000] {logging_mixin.py:188} INFO - [2024-09-08T13:23:22.108+0000] {dag.py:3036} INFO - Sync 1 DAGs
[2024-09-08T13:23:22.141+0000] {logging_mixin.py:188} INFO - [2024-09-08T13:23:22.140+0000] {dag.py:3823} INFO - Setting next_dagrun for example_branch_labels to 2024-09-07 00:00:00+00:00, run_after=2024-09-08 00:00:00+00:00
[2024-09-08T13:23:22.174+0000] {processor.py:183} INFO - Processing /home/airflow/.local/lib/python3.8/site-packages/airflow/example_dags/example_branch_labels.py took 0.119 seconds
[2024-09-08T13:23:52.334+0000] {processor.py:161} INFO - Started process (PID=190) to work on /home/airflow/.local/lib/python3.8/site-packages/airflow/example_dags/example_branch_labels.py
[2024-09-08T13:23:52.335+0000] {processor.py:830} INFO - Processing file /home/airflow/.local/lib/python3.8/site-packages/airflow/example_dags/example_branch_labels.py for tasks to queue
[2024-09-08T13:23:52.336+0000] {logging_mixin.py:188} INFO - [2024-09-08T13:23:52.336+0000] {dagbag.py:538} INFO - Filling up the DagBag from /home/airflow/.local/lib/python3.8/site-packages/airflow/example_dags/example_branch_labels.py
[2024-09-08T13:23:52.349+0000] {processor.py:840} INFO - DAG(s) 'example_branch_labels' retrieved from /home/airflow/.local/lib/python3.8/site-packages/airflow/example_dags/example_branch_labels.py
[2024-09-08T13:23:52.379+0000] {logging_mixin.py:188} INFO - [2024-09-08T13:23:52.379+0000] {dag.py:3036} INFO - Sync 1 DAGs
[2024-09-08T13:23:52.410+0000] {logging_mixin.py:188} INFO - [2024-09-08T13:23:52.410+0000] {dag.py:3823} INFO - Setting next_dagrun for example_branch_labels to 2024-09-07 00:00:00+00:00, run_after=2024-09-08 00:00:00+00:00
[2024-09-08T13:23:52.434+0000] {processor.py:183} INFO - Processing /home/airflow/.local/lib/python3.8/site-packages/airflow/example_dags/example_branch_labels.py took 0.103 seconds
[2024-09-08T13:24:23.504+0000] {processor.py:161} INFO - Started process (PID=247) to work on /home/airflow/.local/lib/python3.8/site-packages/airflow/example_dags/example_branch_labels.py
[2024-09-08T13:24:23.505+0000] {processor.py:830} INFO - Processing file /home/airflow/.local/lib/python3.8/site-packages/airflow/example_dags/example_branch_labels.py for tasks to queue
[2024-09-08T13:24:23.506+0000] {logging_mixin.py:188} INFO - [2024-09-08T13:24:23.506+0000] {dagbag.py:538} INFO - Filling up the DagBag from /home/airflow/.local/lib/python3.8/site-packages/airflow/example_dags/example_branch_labels.py
[2024-09-08T13:24:23.516+0000] {processor.py:840} INFO - DAG(s) 'example_branch_labels' retrieved from /home/airflow/.local/lib/python3.8/site-packages/airflow/example_dags/example_branch_labels.py
[2024-09-08T13:24:23.543+0000] {logging_mixin.py:188} INFO - [2024-09-08T13:24:23.542+0000] {dag.py:3036} INFO - Sync 1 DAGs
[2024-09-08T13:24:23.584+0000] {logging_mixin.py:188} INFO - [2024-09-08T13:24:23.584+0000] {dag.py:3823} INFO - Setting next_dagrun for example_branch_labels to 2024-09-07 00:00:00+00:00, run_after=2024-09-08 00:00:00+00:00
[2024-09-08T13:24:23.610+0000] {processor.py:183} INFO - Processing /home/airflow/.local/lib/python3.8/site-packages/airflow/example_dags/example_branch_labels.py took 0.110 seconds
[2024-09-08T13:24:54.204+0000] {processor.py:161} INFO - Started process (PID=304) to work on /home/airflow/.local/lib/python3.8/site-packages/airflow/example_dags/example_branch_labels.py
[2024-09-08T13:24:54.205+0000] {processor.py:830} INFO - Processing file /home/airflow/.local/lib/python3.8/site-packages/airflow/example_dags/example_branch_labels.py for tasks to queue
[2024-09-08T13:24:54.207+0000] {logging_mixin.py:188} INFO - [2024-09-08T13:24:54.206+0000] {dagbag.py:538} INFO - Filling up the DagBag from /home/airflow/.local/lib/python3.8/site-packages/airflow/example_dags/example_branch_labels.py
[2024-09-08T13:24:54.216+0000] {processor.py:840} INFO - DAG(s) 'example_branch_labels' retrieved from /home/airflow/.local/lib/python3.8/site-packages/airflow/example_dags/example_branch_labels.py
[2024-09-08T13:24:54.245+0000] {logging_mixin.py:188} INFO - [2024-09-08T13:24:54.244+0000] {dag.py:3036} INFO - Sync 1 DAGs
[2024-09-08T13:24:54.282+0000] {logging_mixin.py:188} INFO - [2024-09-08T13:24:54.281+0000] {dag.py:3823} INFO - Setting next_dagrun for example_branch_labels to 2024-09-07 00:00:00+00:00, run_after=2024-09-08 00:00:00+00:00
[2024-09-08T13:24:54.311+0000] {processor.py:183} INFO - Processing /home/airflow/.local/lib/python3.8/site-packages/airflow/example_dags/example_branch_labels.py took 0.110 seconds
[2024-09-08T13:25:24.755+0000] {processor.py:161} INFO - Started process (PID=361) to work on /home/airflow/.local/lib/python3.8/site-packages/airflow/example_dags/example_branch_labels.py
[2024-09-08T13:25:24.756+0000] {processor.py:830} INFO - Processing file /home/airflow/.local/lib/python3.8/site-packages/airflow/example_dags/example_branch_labels.py for tasks to queue
[2024-09-08T13:25:24.757+0000] {logging_mixin.py:188} INFO - [2024-09-08T13:25:24.757+0000] {dagbag.py:538} INFO - Filling up the DagBag from /home/airflow/.local/lib/python3.8/site-packages/airflow/example_dags/example_branch_labels.py
[2024-09-08T13:25:24.770+0000] {processor.py:840} INFO - DAG(s) 'example_branch_labels' retrieved from /home/airflow/.local/lib/python3.8/site-packages/airflow/example_dags/example_branch_labels.py
[2024-09-08T13:25:24.799+0000] {logging_mixin.py:188} INFO - [2024-09-08T13:25:24.799+0000] {dag.py:3036} INFO - Sync 1 DAGs
[2024-09-08T13:25:24.830+0000] {logging_mixin.py:188} INFO - [2024-09-08T13:25:24.829+0000] {dag.py:3823} INFO - Setting next_dagrun for example_branch_labels to 2024-09-07 00:00:00+00:00, run_after=2024-09-08 00:00:00+00:00
[2024-09-08T13:25:24.854+0000] {processor.py:183} INFO - Processing /home/airflow/.local/lib/python3.8/site-packages/airflow/example_dags/example_branch_labels.py took 0.104 seconds
[2024-09-08T13:25:55.089+0000] {processor.py:161} INFO - Started process (PID=418) to work on /home/airflow/.local/lib/python3.8/site-packages/airflow/example_dags/example_branch_labels.py
[2024-09-08T13:25:55.090+0000] {processor.py:830} INFO - Processing file /home/airflow/.local/lib/python3.8/site-packages/airflow/example_dags/example_branch_labels.py for tasks to queue
[2024-09-08T13:25:55.092+0000] {logging_mixin.py:188} INFO - [2024-09-08T13:25:55.091+0000] {dagbag.py:538} INFO - Filling up the DagBag from /home/airflow/.local/lib/python3.8/site-packages/airflow/example_dags/example_branch_labels.py
[2024-09-08T13:25:55.106+0000] {processor.py:840} INFO - DAG(s) 'example_branch_labels' retrieved from /home/airflow/.local/lib/python3.8/site-packages/airflow/example_dags/example_branch_labels.py
[2024-09-08T13:25:55.137+0000] {logging_mixin.py:188} INFO - [2024-09-08T13:25:55.136+0000] {dag.py:3036} INFO - Sync 1 DAGs
[2024-09-08T13:25:55.177+0000] {logging_mixin.py:188} INFO - [2024-09-08T13:25:55.177+0000] {dag.py:3823} INFO - Setting next_dagrun for example_branch_labels to 2024-09-07 00:00:00+00:00, run_after=2024-09-08 00:00:00+00:00
[2024-09-08T13:25:55.207+0000] {processor.py:183} INFO - Processing /home/airflow/.local/lib/python3.8/site-packages/airflow/example_dags/example_branch_labels.py took 0.125 seconds
[2024-09-08T13:26:26.137+0000] {processor.py:161} INFO - Started process (PID=475) to work on /home/airflow/.local/lib/python3.8/site-packages/airflow/example_dags/example_branch_labels.py
[2024-09-08T13:26:26.138+0000] {processor.py:830} INFO - Processing file /home/airflow/.local/lib/python3.8/site-packages/airflow/example_dags/example_branch_labels.py for tasks to queue
[2024-09-08T13:26:26.139+0000] {logging_mixin.py:188} INFO - [2024-09-08T13:26:26.139+0000] {dagbag.py:538} INFO - Filling up the DagBag from /home/airflow/.local/lib/python3.8/site-packages/airflow/example_dags/example_branch_labels.py
[2024-09-08T13:26:26.152+0000] {processor.py:840} INFO - DAG(s) 'example_branch_labels' retrieved from /home/airflow/.local/lib/python3.8/site-packages/airflow/example_dags/example_branch_labels.py
[2024-09-08T13:26:26.211+0000] {logging_mixin.py:188} INFO - [2024-09-08T13:26:26.210+0000] {dag.py:3036} INFO - Sync 1 DAGs
[2024-09-08T13:26:26.258+0000] {logging_mixin.py:188} INFO - [2024-09-08T13:26:26.257+0000] {dag.py:3823} INFO - Setting next_dagrun for example_branch_labels to 2024-09-07 00:00:00+00:00, run_after=2024-09-08 00:00:00+00:00
[2024-09-08T13:26:26.306+0000] {processor.py:183} INFO - Processing /home/airflow/.local/lib/python3.8/site-packages/airflow/example_dags/example_branch_labels.py took 0.173 seconds
[2024-09-08T13:26:57.041+0000] {processor.py:161} INFO - Started process (PID=532) to work on /home/airflow/.local/lib/python3.8/site-packages/airflow/example_dags/example_branch_labels.py
[2024-09-08T13:26:57.043+0000] {processor.py:830} INFO - Processing file /home/airflow/.local/lib/python3.8/site-packages/airflow/example_dags/example_branch_labels.py for tasks to queue
[2024-09-08T13:26:57.045+0000] {logging_mixin.py:188} INFO - [2024-09-08T13:26:57.044+0000] {dagbag.py:538} INFO - Filling up the DagBag from /home/airflow/.local/lib/python3.8/site-packages/airflow/example_dags/example_branch_labels.py
[2024-09-08T13:26:57.056+0000] {processor.py:840} INFO - DAG(s) 'example_branch_labels' retrieved from /home/airflow/.local/lib/python3.8/site-packages/airflow/example_dags/example_branch_labels.py
[2024-09-08T13:26:57.092+0000] {logging_mixin.py:188} INFO - [2024-09-08T13:26:57.092+0000] {dag.py:3036} INFO - Sync 1 DAGs
[2024-09-08T13:26:57.126+0000] {logging_mixin.py:188} INFO - [2024-09-08T13:26:57.126+0000] {dag.py:3823} INFO - Setting next_dagrun for example_branch_labels to 2024-09-07 00:00:00+00:00, run_after=2024-09-08 00:00:00+00:00
[2024-09-08T13:26:57.155+0000] {processor.py:183} INFO - Processing /home/airflow/.local/lib/python3.8/site-packages/airflow/example_dags/example_branch_labels.py took 0.118 seconds
[2024-09-08T13:27:27.769+0000] {processor.py:161} INFO - Started process (PID=589) to work on /home/airflow/.local/lib/python3.8/site-packages/airflow/example_dags/example_branch_labels.py
[2024-09-08T13:27:27.770+0000] {processor.py:830} INFO - Processing file /home/airflow/.local/lib/python3.8/site-packages/airflow/example_dags/example_branch_labels.py for tasks to queue
[2024-09-08T13:27:27.771+0000] {logging_mixin.py:188} INFO - [2024-09-08T13:27:27.771+0000] {dagbag.py:538} INFO - Filling up the DagBag from /home/airflow/.local/lib/python3.8/site-packages/airflow/example_dags/example_branch_labels.py
[2024-09-08T13:27:27.782+0000] {processor.py:840} INFO - DAG(s) 'example_branch_labels' retrieved from /home/airflow/.local/lib/python3.8/site-packages/airflow/example_dags/example_branch_labels.py
[2024-09-08T13:27:27.818+0000] {logging_mixin.py:188} INFO - [2024-09-08T13:27:27.818+0000] {dag.py:3036} INFO - Sync 1 DAGs
[2024-09-08T13:27:27.854+0000] {logging_mixin.py:188} INFO - [2024-09-08T13:27:27.853+0000] {dag.py:3823} INFO - Setting next_dagrun for example_branch_labels to 2024-09-07 00:00:00+00:00, run_after=2024-09-08 00:00:00+00:00
[2024-09-08T13:27:27.886+0000] {processor.py:183} INFO - Processing /home/airflow/.local/lib/python3.8/site-packages/airflow/example_dags/example_branch_labels.py took 0.121 seconds
[2024-09-08T13:27:58.062+0000] {processor.py:161} INFO - Started process (PID=646) to work on /home/airflow/.local/lib/python3.8/site-packages/airflow/example_dags/example_branch_labels.py
[2024-09-08T13:27:58.063+0000] {processor.py:830} INFO - Processing file /home/airflow/.local/lib/python3.8/site-packages/airflow/example_dags/example_branch_labels.py for tasks to queue
[2024-09-08T13:27:58.065+0000] {logging_mixin.py:188} INFO - [2024-09-08T13:27:58.065+0000] {dagbag.py:538} INFO - Filling up the DagBag from /home/airflow/.local/lib/python3.8/site-packages/airflow/example_dags/example_branch_labels.py
[2024-09-08T13:27:58.077+0000] {processor.py:840} INFO - DAG(s) 'example_branch_labels' retrieved from /home/airflow/.local/lib/python3.8/site-packages/airflow/example_dags/example_branch_labels.py
[2024-09-08T13:27:58.110+0000] {logging_mixin.py:188} INFO - [2024-09-08T13:27:58.110+0000] {dag.py:3036} INFO - Sync 1 DAGs
[2024-09-08T13:27:58.143+0000] {logging_mixin.py:188} INFO - [2024-09-08T13:27:58.142+0000] {dag.py:3823} INFO - Setting next_dagrun for example_branch_labels to 2024-09-07 00:00:00+00:00, run_after=2024-09-08 00:00:00+00:00
[2024-09-08T13:27:58.177+0000] {processor.py:183} INFO - Processing /home/airflow/.local/lib/python3.8/site-packages/airflow/example_dags/example_branch_labels.py took 0.120 seconds
[2024-09-08T13:28:28.935+0000] {processor.py:161} INFO - Started process (PID=703) to work on /home/airflow/.local/lib/python3.8/site-packages/airflow/example_dags/example_branch_labels.py
[2024-09-08T13:28:28.936+0000] {processor.py:830} INFO - Processing file /home/airflow/.local/lib/python3.8/site-packages/airflow/example_dags/example_branch_labels.py for tasks to queue
[2024-09-08T13:28:28.938+0000] {logging_mixin.py:188} INFO - [2024-09-08T13:28:28.937+0000] {dagbag.py:538} INFO - Filling up the DagBag from /home/airflow/.local/lib/python3.8/site-packages/airflow/example_dags/example_branch_labels.py
[2024-09-08T13:28:28.955+0000] {processor.py:840} INFO - DAG(s) 'example_branch_labels' retrieved from /home/airflow/.local/lib/python3.8/site-packages/airflow/example_dags/example_branch_labels.py
[2024-09-08T13:28:28.997+0000] {logging_mixin.py:188} INFO - [2024-09-08T13:28:28.997+0000] {dag.py:3036} INFO - Sync 1 DAGs
[2024-09-08T13:28:29.045+0000] {logging_mixin.py:188} INFO - [2024-09-08T13:28:29.045+0000] {dag.py:3823} INFO - Setting next_dagrun for example_branch_labels to 2024-09-07 00:00:00+00:00, run_after=2024-09-08 00:00:00+00:00
[2024-09-08T13:28:29.094+0000] {processor.py:183} INFO - Processing /home/airflow/.local/lib/python3.8/site-packages/airflow/example_dags/example_branch_labels.py took 0.164 seconds
[2024-09-08T13:29:00.185+0000] {processor.py:161} INFO - Started process (PID=760) to work on /home/airflow/.local/lib/python3.8/site-packages/airflow/example_dags/example_branch_labels.py
[2024-09-08T13:29:00.187+0000] {processor.py:830} INFO - Processing file /home/airflow/.local/lib/python3.8/site-packages/airflow/example_dags/example_branch_labels.py for tasks to queue
[2024-09-08T13:29:00.188+0000] {logging_mixin.py:188} INFO - [2024-09-08T13:29:00.188+0000] {dagbag.py:538} INFO - Filling up the DagBag from /home/airflow/.local/lib/python3.8/site-packages/airflow/example_dags/example_branch_labels.py
[2024-09-08T13:29:00.203+0000] {processor.py:840} INFO - DAG(s) 'example_branch_labels' retrieved from /home/airflow/.local/lib/python3.8/site-packages/airflow/example_dags/example_branch_labels.py
[2024-09-08T13:29:00.239+0000] {logging_mixin.py:188} INFO - [2024-09-08T13:29:00.239+0000] {dag.py:3036} INFO - Sync 1 DAGs
[2024-09-08T13:29:00.285+0000] {logging_mixin.py:188} INFO - [2024-09-08T13:29:00.284+0000] {dag.py:3823} INFO - Setting next_dagrun for example_branch_labels to 2024-09-07 00:00:00+00:00, run_after=2024-09-08 00:00:00+00:00
[2024-09-08T13:29:00.325+0000] {processor.py:183} INFO - Processing /home/airflow/.local/lib/python3.8/site-packages/airflow/example_dags/example_branch_labels.py took 0.144 seconds
[2024-09-08T13:29:31.421+0000] {processor.py:161} INFO - Started process (PID=817) to work on /home/airflow/.local/lib/python3.8/site-packages/airflow/example_dags/example_branch_labels.py
[2024-09-08T13:29:31.422+0000] {processor.py:830} INFO - Processing file /home/airflow/.local/lib/python3.8/site-packages/airflow/example_dags/example_branch_labels.py for tasks to queue
[2024-09-08T13:29:31.424+0000] {logging_mixin.py:188} INFO - [2024-09-08T13:29:31.423+0000] {dagbag.py:538} INFO - Filling up the DagBag from /home/airflow/.local/lib/python3.8/site-packages/airflow/example_dags/example_branch_labels.py
[2024-09-08T13:29:31.436+0000] {processor.py:840} INFO - DAG(s) 'example_branch_labels' retrieved from /home/airflow/.local/lib/python3.8/site-packages/airflow/example_dags/example_branch_labels.py
[2024-09-08T13:29:31.466+0000] {logging_mixin.py:188} INFO - [2024-09-08T13:29:31.466+0000] {dag.py:3036} INFO - Sync 1 DAGs
[2024-09-08T13:29:31.497+0000] {logging_mixin.py:188} INFO - [2024-09-08T13:29:31.497+0000] {dag.py:3823} INFO - Setting next_dagrun for example_branch_labels to 2024-09-07 00:00:00+00:00, run_after=2024-09-08 00:00:00+00:00
[2024-09-08T13:29:31.521+0000] {processor.py:183} INFO - Processing /home/airflow/.local/lib/python3.8/site-packages/airflow/example_dags/example_branch_labels.py took 0.104 seconds
