[2024-09-08T13:22:39.279+0000] {processor.py:161} INFO - Started process (PID=38) to work on /home/airflow/.local/lib/python3.8/site-packages/airflow/example_dags/example_task_group_decorator.py
[2024-09-08T13:22:39.281+0000] {processor.py:830} INFO - Processing file /home/airflow/.local/lib/python3.8/site-packages/airflow/example_dags/example_task_group_decorator.py for tasks to queue
[2024-09-08T13:22:39.299+0000] {logging_mixin.py:188} INFO - [2024-09-08T13:22:39.299+0000] {dagbag.py:538} INFO - Filling up the DagBag from /home/airflow/.local/lib/python3.8/site-packages/airflow/example_dags/example_task_group_decorator.py
[2024-09-08T13:22:39.352+0000] {processor.py:840} INFO - DAG(s) 'example_task_group_decorator' retrieved from /home/airflow/.local/lib/python3.8/site-packages/airflow/example_dags/example_task_group_decorator.py
[2024-09-08T13:22:39.423+0000] {logging_mixin.py:188} INFO - [2024-09-08T13:22:39.423+0000] {dag.py:3036} INFO - Sync 1 DAGs
[2024-09-08T13:22:39.466+0000] {logging_mixin.py:188} INFO - [2024-09-08T13:22:39.466+0000] {dag.py:3823} INFO - Setting next_dagrun for example_task_group_decorator to 2024-09-07 00:00:00+00:00, run_after=2024-09-08 00:00:00+00:00
[2024-09-08T13:22:39.507+0000] {processor.py:183} INFO - Processing /home/airflow/.local/lib/python3.8/site-packages/airflow/example_dags/example_task_group_decorator.py took 0.235 seconds
[2024-09-08T13:23:09.609+0000] {processor.py:161} INFO - Started process (PID=95) to work on /home/airflow/.local/lib/python3.8/site-packages/airflow/example_dags/example_task_group_decorator.py
[2024-09-08T13:23:09.610+0000] {processor.py:830} INFO - Processing file /home/airflow/.local/lib/python3.8/site-packages/airflow/example_dags/example_task_group_decorator.py for tasks to queue
[2024-09-08T13:23:09.612+0000] {logging_mixin.py:188} INFO - [2024-09-08T13:23:09.611+0000] {dagbag.py:538} INFO - Filling up the DagBag from /home/airflow/.local/lib/python3.8/site-packages/airflow/example_dags/example_task_group_decorator.py
[2024-09-08T13:23:09.637+0000] {processor.py:840} INFO - DAG(s) 'example_task_group_decorator' retrieved from /home/airflow/.local/lib/python3.8/site-packages/airflow/example_dags/example_task_group_decorator.py
[2024-09-08T13:23:09.673+0000] {logging_mixin.py:188} INFO - [2024-09-08T13:23:09.673+0000] {dag.py:3036} INFO - Sync 1 DAGs
[2024-09-08T13:23:09.705+0000] {logging_mixin.py:188} INFO - [2024-09-08T13:23:09.705+0000] {dag.py:3823} INFO - Setting next_dagrun for example_task_group_decorator to 2024-09-07 00:00:00+00:00, run_after=2024-09-08 00:00:00+00:00
[2024-09-08T13:23:09.729+0000] {processor.py:183} INFO - Processing /home/airflow/.local/lib/python3.8/site-packages/airflow/example_dags/example_task_group_decorator.py took 0.124 seconds
[2024-09-08T13:23:39.925+0000] {processor.py:161} INFO - Started process (PID=152) to work on /home/airflow/.local/lib/python3.8/site-packages/airflow/example_dags/example_task_group_decorator.py
[2024-09-08T13:23:39.926+0000] {processor.py:830} INFO - Processing file /home/airflow/.local/lib/python3.8/site-packages/airflow/example_dags/example_task_group_decorator.py for tasks to queue
[2024-09-08T13:23:39.927+0000] {logging_mixin.py:188} INFO - [2024-09-08T13:23:39.927+0000] {dagbag.py:538} INFO - Filling up the DagBag from /home/airflow/.local/lib/python3.8/site-packages/airflow/example_dags/example_task_group_decorator.py
[2024-09-08T13:23:39.945+0000] {processor.py:840} INFO - DAG(s) 'example_task_group_decorator' retrieved from /home/airflow/.local/lib/python3.8/site-packages/airflow/example_dags/example_task_group_decorator.py
[2024-09-08T13:23:39.975+0000] {logging_mixin.py:188} INFO - [2024-09-08T13:23:39.974+0000] {dag.py:3036} INFO - Sync 1 DAGs
[2024-09-08T13:23:40.001+0000] {logging_mixin.py:188} INFO - [2024-09-08T13:23:40.001+0000] {dag.py:3823} INFO - Setting next_dagrun for example_task_group_decorator to 2024-09-07 00:00:00+00:00, run_after=2024-09-08 00:00:00+00:00
[2024-09-08T13:23:40.022+0000] {processor.py:183} INFO - Processing /home/airflow/.local/lib/python3.8/site-packages/airflow/example_dags/example_task_group_decorator.py took 0.101 seconds
[2024-09-08T13:24:10.231+0000] {processor.py:161} INFO - Started process (PID=209) to work on /home/airflow/.local/lib/python3.8/site-packages/airflow/example_dags/example_task_group_decorator.py
[2024-09-08T13:24:10.232+0000] {processor.py:830} INFO - Processing file /home/airflow/.local/lib/python3.8/site-packages/airflow/example_dags/example_task_group_decorator.py for tasks to queue
[2024-09-08T13:24:10.234+0000] {logging_mixin.py:188} INFO - [2024-09-08T13:24:10.233+0000] {dagbag.py:538} INFO - Filling up the DagBag from /home/airflow/.local/lib/python3.8/site-packages/airflow/example_dags/example_task_group_decorator.py
[2024-09-08T13:24:10.254+0000] {processor.py:840} INFO - DAG(s) 'example_task_group_decorator' retrieved from /home/airflow/.local/lib/python3.8/site-packages/airflow/example_dags/example_task_group_decorator.py
[2024-09-08T13:24:10.288+0000] {logging_mixin.py:188} INFO - [2024-09-08T13:24:10.288+0000] {dag.py:3036} INFO - Sync 1 DAGs
[2024-09-08T13:24:10.318+0000] {logging_mixin.py:188} INFO - [2024-09-08T13:24:10.318+0000] {dag.py:3823} INFO - Setting next_dagrun for example_task_group_decorator to 2024-09-07 00:00:00+00:00, run_after=2024-09-08 00:00:00+00:00
[2024-09-08T13:24:10.341+0000] {processor.py:183} INFO - Processing /home/airflow/.local/lib/python3.8/site-packages/airflow/example_dags/example_task_group_decorator.py took 0.114 seconds
[2024-09-08T13:24:40.518+0000] {processor.py:161} INFO - Started process (PID=266) to work on /home/airflow/.local/lib/python3.8/site-packages/airflow/example_dags/example_task_group_decorator.py
[2024-09-08T13:24:40.519+0000] {processor.py:830} INFO - Processing file /home/airflow/.local/lib/python3.8/site-packages/airflow/example_dags/example_task_group_decorator.py for tasks to queue
[2024-09-08T13:24:40.520+0000] {logging_mixin.py:188} INFO - [2024-09-08T13:24:40.520+0000] {dagbag.py:538} INFO - Filling up the DagBag from /home/airflow/.local/lib/python3.8/site-packages/airflow/example_dags/example_task_group_decorator.py
[2024-09-08T13:24:40.539+0000] {processor.py:840} INFO - DAG(s) 'example_task_group_decorator' retrieved from /home/airflow/.local/lib/python3.8/site-packages/airflow/example_dags/example_task_group_decorator.py
[2024-09-08T13:24:40.574+0000] {logging_mixin.py:188} INFO - [2024-09-08T13:24:40.574+0000] {dag.py:3036} INFO - Sync 1 DAGs
[2024-09-08T13:24:40.603+0000] {logging_mixin.py:188} INFO - [2024-09-08T13:24:40.602+0000] {dag.py:3823} INFO - Setting next_dagrun for example_task_group_decorator to 2024-09-07 00:00:00+00:00, run_after=2024-09-08 00:00:00+00:00
[2024-09-08T13:24:40.628+0000] {processor.py:183} INFO - Processing /home/airflow/.local/lib/python3.8/site-packages/airflow/example_dags/example_task_group_decorator.py took 0.114 seconds
[2024-09-08T13:25:11.328+0000] {processor.py:161} INFO - Started process (PID=323) to work on /home/airflow/.local/lib/python3.8/site-packages/airflow/example_dags/example_task_group_decorator.py
[2024-09-08T13:25:11.328+0000] {processor.py:830} INFO - Processing file /home/airflow/.local/lib/python3.8/site-packages/airflow/example_dags/example_task_group_decorator.py for tasks to queue
[2024-09-08T13:25:11.330+0000] {logging_mixin.py:188} INFO - [2024-09-08T13:25:11.329+0000] {dagbag.py:538} INFO - Filling up the DagBag from /home/airflow/.local/lib/python3.8/site-packages/airflow/example_dags/example_task_group_decorator.py
[2024-09-08T13:25:11.350+0000] {processor.py:840} INFO - DAG(s) 'example_task_group_decorator' retrieved from /home/airflow/.local/lib/python3.8/site-packages/airflow/example_dags/example_task_group_decorator.py
[2024-09-08T13:25:11.388+0000] {logging_mixin.py:188} INFO - [2024-09-08T13:25:11.388+0000] {dag.py:3036} INFO - Sync 1 DAGs
[2024-09-08T13:25:11.425+0000] {logging_mixin.py:188} INFO - [2024-09-08T13:25:11.425+0000] {dag.py:3823} INFO - Setting next_dagrun for example_task_group_decorator to 2024-09-07 00:00:00+00:00, run_after=2024-09-08 00:00:00+00:00
[2024-09-08T13:25:11.456+0000] {processor.py:183} INFO - Processing /home/airflow/.local/lib/python3.8/site-packages/airflow/example_dags/example_task_group_decorator.py took 0.132 seconds
[2024-09-08T13:25:41.761+0000] {processor.py:161} INFO - Started process (PID=380) to work on /home/airflow/.local/lib/python3.8/site-packages/airflow/example_dags/example_task_group_decorator.py
[2024-09-08T13:25:41.761+0000] {processor.py:830} INFO - Processing file /home/airflow/.local/lib/python3.8/site-packages/airflow/example_dags/example_task_group_decorator.py for tasks to queue
[2024-09-08T13:25:41.763+0000] {logging_mixin.py:188} INFO - [2024-09-08T13:25:41.762+0000] {dagbag.py:538} INFO - Filling up the DagBag from /home/airflow/.local/lib/python3.8/site-packages/airflow/example_dags/example_task_group_decorator.py
[2024-09-08T13:25:41.784+0000] {processor.py:840} INFO - DAG(s) 'example_task_group_decorator' retrieved from /home/airflow/.local/lib/python3.8/site-packages/airflow/example_dags/example_task_group_decorator.py
[2024-09-08T13:25:41.819+0000] {logging_mixin.py:188} INFO - [2024-09-08T13:25:41.818+0000] {dag.py:3036} INFO - Sync 1 DAGs
[2024-09-08T13:25:41.853+0000] {logging_mixin.py:188} INFO - [2024-09-08T13:25:41.853+0000] {dag.py:3823} INFO - Setting next_dagrun for example_task_group_decorator to 2024-09-07 00:00:00+00:00, run_after=2024-09-08 00:00:00+00:00
[2024-09-08T13:25:41.880+0000] {processor.py:183} INFO - Processing /home/airflow/.local/lib/python3.8/site-packages/airflow/example_dags/example_task_group_decorator.py took 0.124 seconds
[2024-09-08T13:26:12.135+0000] {processor.py:161} INFO - Started process (PID=437) to work on /home/airflow/.local/lib/python3.8/site-packages/airflow/example_dags/example_task_group_decorator.py
[2024-09-08T13:26:12.136+0000] {processor.py:830} INFO - Processing file /home/airflow/.local/lib/python3.8/site-packages/airflow/example_dags/example_task_group_decorator.py for tasks to queue
[2024-09-08T13:26:12.138+0000] {logging_mixin.py:188} INFO - [2024-09-08T13:26:12.137+0000] {dagbag.py:538} INFO - Filling up the DagBag from /home/airflow/.local/lib/python3.8/site-packages/airflow/example_dags/example_task_group_decorator.py
[2024-09-08T13:26:12.161+0000] {processor.py:840} INFO - DAG(s) 'example_task_group_decorator' retrieved from /home/airflow/.local/lib/python3.8/site-packages/airflow/example_dags/example_task_group_decorator.py
[2024-09-08T13:26:12.197+0000] {logging_mixin.py:188} INFO - [2024-09-08T13:26:12.197+0000] {dag.py:3036} INFO - Sync 1 DAGs
[2024-09-08T13:26:12.228+0000] {logging_mixin.py:188} INFO - [2024-09-08T13:26:12.228+0000] {dag.py:3823} INFO - Setting next_dagrun for example_task_group_decorator to 2024-09-07 00:00:00+00:00, run_after=2024-09-08 00:00:00+00:00
[2024-09-08T13:26:12.254+0000] {processor.py:183} INFO - Processing /home/airflow/.local/lib/python3.8/site-packages/airflow/example_dags/example_task_group_decorator.py took 0.123 seconds
[2024-09-08T13:26:42.458+0000] {processor.py:161} INFO - Started process (PID=494) to work on /home/airflow/.local/lib/python3.8/site-packages/airflow/example_dags/example_task_group_decorator.py
[2024-09-08T13:26:42.460+0000] {processor.py:830} INFO - Processing file /home/airflow/.local/lib/python3.8/site-packages/airflow/example_dags/example_task_group_decorator.py for tasks to queue
[2024-09-08T13:26:42.461+0000] {logging_mixin.py:188} INFO - [2024-09-08T13:26:42.461+0000] {dagbag.py:538} INFO - Filling up the DagBag from /home/airflow/.local/lib/python3.8/site-packages/airflow/example_dags/example_task_group_decorator.py
[2024-09-08T13:26:42.486+0000] {processor.py:840} INFO - DAG(s) 'example_task_group_decorator' retrieved from /home/airflow/.local/lib/python3.8/site-packages/airflow/example_dags/example_task_group_decorator.py
[2024-09-08T13:26:42.520+0000] {logging_mixin.py:188} INFO - [2024-09-08T13:26:42.520+0000] {dag.py:3036} INFO - Sync 1 DAGs
[2024-09-08T13:26:42.550+0000] {logging_mixin.py:188} INFO - [2024-09-08T13:26:42.550+0000] {dag.py:3823} INFO - Setting next_dagrun for example_task_group_decorator to 2024-09-07 00:00:00+00:00, run_after=2024-09-08 00:00:00+00:00
[2024-09-08T13:26:42.581+0000] {processor.py:183} INFO - Processing /home/airflow/.local/lib/python3.8/site-packages/airflow/example_dags/example_task_group_decorator.py took 0.126 seconds
[2024-09-08T13:27:13.146+0000] {processor.py:161} INFO - Started process (PID=551) to work on /home/airflow/.local/lib/python3.8/site-packages/airflow/example_dags/example_task_group_decorator.py
[2024-09-08T13:27:13.148+0000] {processor.py:830} INFO - Processing file /home/airflow/.local/lib/python3.8/site-packages/airflow/example_dags/example_task_group_decorator.py for tasks to queue
[2024-09-08T13:27:13.150+0000] {logging_mixin.py:188} INFO - [2024-09-08T13:27:13.149+0000] {dagbag.py:538} INFO - Filling up the DagBag from /home/airflow/.local/lib/python3.8/site-packages/airflow/example_dags/example_task_group_decorator.py
[2024-09-08T13:27:13.183+0000] {processor.py:840} INFO - DAG(s) 'example_task_group_decorator' retrieved from /home/airflow/.local/lib/python3.8/site-packages/airflow/example_dags/example_task_group_decorator.py
[2024-09-08T13:27:13.229+0000] {logging_mixin.py:188} INFO - [2024-09-08T13:27:13.228+0000] {dag.py:3036} INFO - Sync 1 DAGs
[2024-09-08T13:27:13.282+0000] {logging_mixin.py:188} INFO - [2024-09-08T13:27:13.281+0000] {dag.py:3823} INFO - Setting next_dagrun for example_task_group_decorator to 2024-09-07 00:00:00+00:00, run_after=2024-09-08 00:00:00+00:00
[2024-09-08T13:27:13.319+0000] {processor.py:183} INFO - Processing /home/airflow/.local/lib/python3.8/site-packages/airflow/example_dags/example_task_group_decorator.py took 0.178 seconds
[2024-09-08T13:27:43.380+0000] {processor.py:161} INFO - Started process (PID=608) to work on /home/airflow/.local/lib/python3.8/site-packages/airflow/example_dags/example_task_group_decorator.py
[2024-09-08T13:27:43.381+0000] {processor.py:830} INFO - Processing file /home/airflow/.local/lib/python3.8/site-packages/airflow/example_dags/example_task_group_decorator.py for tasks to queue
[2024-09-08T13:27:43.383+0000] {logging_mixin.py:188} INFO - [2024-09-08T13:27:43.382+0000] {dagbag.py:538} INFO - Filling up the DagBag from /home/airflow/.local/lib/python3.8/site-packages/airflow/example_dags/example_task_group_decorator.py
[2024-09-08T13:27:43.415+0000] {processor.py:840} INFO - DAG(s) 'example_task_group_decorator' retrieved from /home/airflow/.local/lib/python3.8/site-packages/airflow/example_dags/example_task_group_decorator.py
[2024-09-08T13:27:43.453+0000] {logging_mixin.py:188} INFO - [2024-09-08T13:27:43.452+0000] {dag.py:3036} INFO - Sync 1 DAGs
[2024-09-08T13:27:43.494+0000] {logging_mixin.py:188} INFO - [2024-09-08T13:27:43.494+0000] {dag.py:3823} INFO - Setting next_dagrun for example_task_group_decorator to 2024-09-07 00:00:00+00:00, run_after=2024-09-08 00:00:00+00:00
[2024-09-08T13:27:43.517+0000] {processor.py:183} INFO - Processing /home/airflow/.local/lib/python3.8/site-packages/airflow/example_dags/example_task_group_decorator.py took 0.146 seconds
[2024-09-08T13:28:13.873+0000] {processor.py:161} INFO - Started process (PID=665) to work on /home/airflow/.local/lib/python3.8/site-packages/airflow/example_dags/example_task_group_decorator.py
[2024-09-08T13:28:13.874+0000] {processor.py:830} INFO - Processing file /home/airflow/.local/lib/python3.8/site-packages/airflow/example_dags/example_task_group_decorator.py for tasks to queue
[2024-09-08T13:28:13.875+0000] {logging_mixin.py:188} INFO - [2024-09-08T13:28:13.875+0000] {dagbag.py:538} INFO - Filling up the DagBag from /home/airflow/.local/lib/python3.8/site-packages/airflow/example_dags/example_task_group_decorator.py
[2024-09-08T13:28:13.898+0000] {processor.py:840} INFO - DAG(s) 'example_task_group_decorator' retrieved from /home/airflow/.local/lib/python3.8/site-packages/airflow/example_dags/example_task_group_decorator.py
[2024-09-08T13:28:13.932+0000] {logging_mixin.py:188} INFO - [2024-09-08T13:28:13.932+0000] {dag.py:3036} INFO - Sync 1 DAGs
[2024-09-08T13:28:13.969+0000] {logging_mixin.py:188} INFO - [2024-09-08T13:28:13.969+0000] {dag.py:3823} INFO - Setting next_dagrun for example_task_group_decorator to 2024-09-07 00:00:00+00:00, run_after=2024-09-08 00:00:00+00:00
[2024-09-08T13:28:13.999+0000] {processor.py:183} INFO - Processing /home/airflow/.local/lib/python3.8/site-packages/airflow/example_dags/example_task_group_decorator.py took 0.129 seconds
[2024-09-08T13:28:44.913+0000] {processor.py:161} INFO - Started process (PID=722) to work on /home/airflow/.local/lib/python3.8/site-packages/airflow/example_dags/example_task_group_decorator.py
[2024-09-08T13:28:44.915+0000] {processor.py:830} INFO - Processing file /home/airflow/.local/lib/python3.8/site-packages/airflow/example_dags/example_task_group_decorator.py for tasks to queue
[2024-09-08T13:28:44.917+0000] {logging_mixin.py:188} INFO - [2024-09-08T13:28:44.917+0000] {dagbag.py:538} INFO - Filling up the DagBag from /home/airflow/.local/lib/python3.8/site-packages/airflow/example_dags/example_task_group_decorator.py
[2024-09-08T13:28:44.958+0000] {processor.py:840} INFO - DAG(s) 'example_task_group_decorator' retrieved from /home/airflow/.local/lib/python3.8/site-packages/airflow/example_dags/example_task_group_decorator.py
[2024-09-08T13:28:45.011+0000] {logging_mixin.py:188} INFO - [2024-09-08T13:28:45.011+0000] {dag.py:3036} INFO - Sync 1 DAGs
[2024-09-08T13:28:45.054+0000] {logging_mixin.py:188} INFO - [2024-09-08T13:28:45.054+0000] {dag.py:3823} INFO - Setting next_dagrun for example_task_group_decorator to 2024-09-07 00:00:00+00:00, run_after=2024-09-08 00:00:00+00:00
[2024-09-08T13:28:45.093+0000] {processor.py:183} INFO - Processing /home/airflow/.local/lib/python3.8/site-packages/airflow/example_dags/example_task_group_decorator.py took 0.185 seconds
[2024-09-08T13:29:15.527+0000] {processor.py:161} INFO - Started process (PID=779) to work on /home/airflow/.local/lib/python3.8/site-packages/airflow/example_dags/example_task_group_decorator.py
[2024-09-08T13:29:15.528+0000] {processor.py:830} INFO - Processing file /home/airflow/.local/lib/python3.8/site-packages/airflow/example_dags/example_task_group_decorator.py for tasks to queue
[2024-09-08T13:29:15.530+0000] {logging_mixin.py:188} INFO - [2024-09-08T13:29:15.529+0000] {dagbag.py:538} INFO - Filling up the DagBag from /home/airflow/.local/lib/python3.8/site-packages/airflow/example_dags/example_task_group_decorator.py
[2024-09-08T13:29:15.550+0000] {processor.py:840} INFO - DAG(s) 'example_task_group_decorator' retrieved from /home/airflow/.local/lib/python3.8/site-packages/airflow/example_dags/example_task_group_decorator.py
[2024-09-08T13:29:15.586+0000] {logging_mixin.py:188} INFO - [2024-09-08T13:29:15.585+0000] {dag.py:3036} INFO - Sync 1 DAGs
[2024-09-08T13:29:15.617+0000] {logging_mixin.py:188} INFO - [2024-09-08T13:29:15.617+0000] {dag.py:3823} INFO - Setting next_dagrun for example_task_group_decorator to 2024-09-07 00:00:00+00:00, run_after=2024-09-08 00:00:00+00:00
[2024-09-08T13:29:15.644+0000] {processor.py:183} INFO - Processing /home/airflow/.local/lib/python3.8/site-packages/airflow/example_dags/example_task_group_decorator.py took 0.123 seconds
[2024-09-08T13:29:45.856+0000] {processor.py:161} INFO - Started process (PID=836) to work on /home/airflow/.local/lib/python3.8/site-packages/airflow/example_dags/example_task_group_decorator.py
[2024-09-08T13:29:45.857+0000] {processor.py:830} INFO - Processing file /home/airflow/.local/lib/python3.8/site-packages/airflow/example_dags/example_task_group_decorator.py for tasks to queue
[2024-09-08T13:29:45.858+0000] {logging_mixin.py:188} INFO - [2024-09-08T13:29:45.858+0000] {dagbag.py:538} INFO - Filling up the DagBag from /home/airflow/.local/lib/python3.8/site-packages/airflow/example_dags/example_task_group_decorator.py
[2024-09-08T13:29:45.880+0000] {processor.py:840} INFO - DAG(s) 'example_task_group_decorator' retrieved from /home/airflow/.local/lib/python3.8/site-packages/airflow/example_dags/example_task_group_decorator.py
[2024-09-08T13:29:45.914+0000] {logging_mixin.py:188} INFO - [2024-09-08T13:29:45.914+0000] {dag.py:3036} INFO - Sync 1 DAGs
[2024-09-08T13:29:45.941+0000] {logging_mixin.py:188} INFO - [2024-09-08T13:29:45.941+0000] {dag.py:3823} INFO - Setting next_dagrun for example_task_group_decorator to 2024-09-07 00:00:00+00:00, run_after=2024-09-08 00:00:00+00:00
[2024-09-08T13:29:46.048+0000] {processor.py:183} INFO - Processing /home/airflow/.local/lib/python3.8/site-packages/airflow/example_dags/example_task_group_decorator.py took 0.196 seconds
