[2024-09-08T13:22:48.666+0000] {processor.py:161} INFO - Started process (PID=61) to work on /home/airflow/.local/lib/python3.8/site-packages/airflow/example_dags/example_setup_teardown.py
[2024-09-08T13:22:48.668+0000] {processor.py:830} INFO - Processing file /home/airflow/.local/lib/python3.8/site-packages/airflow/example_dags/example_setup_teardown.py for tasks to queue
[2024-09-08T13:22:48.671+0000] {logging_mixin.py:188} INFO - [2024-09-08T13:22:48.670+0000] {dagbag.py:538} INFO - Filling up the DagBag from /home/airflow/.local/lib/python3.8/site-packages/airflow/example_dags/example_setup_teardown.py
[2024-09-08T13:22:48.712+0000] {processor.py:840} INFO - DAG(s) 'example_setup_teardown' retrieved from /home/airflow/.local/lib/python3.8/site-packages/airflow/example_dags/example_setup_teardown.py
[2024-09-08T13:22:48.976+0000] {logging_mixin.py:188} INFO - [2024-09-08T13:22:48.976+0000] {dag.py:3036} INFO - Sync 1 DAGs
[2024-09-08T13:22:49.100+0000] {logging_mixin.py:188} INFO - [2024-09-08T13:22:49.100+0000] {dag.py:3823} INFO - Setting next_dagrun for example_setup_teardown to 2024-09-07 00:00:00+00:00, run_after=2024-09-08 00:00:00+00:00
[2024-09-08T13:22:49.147+0000] {processor.py:183} INFO - Processing /home/airflow/.local/lib/python3.8/site-packages/airflow/example_dags/example_setup_teardown.py took 0.490 seconds
[2024-09-08T13:23:19.348+0000] {processor.py:161} INFO - Started process (PID=118) to work on /home/airflow/.local/lib/python3.8/site-packages/airflow/example_dags/example_setup_teardown.py
[2024-09-08T13:23:19.349+0000] {processor.py:830} INFO - Processing file /home/airflow/.local/lib/python3.8/site-packages/airflow/example_dags/example_setup_teardown.py for tasks to queue
[2024-09-08T13:23:19.350+0000] {logging_mixin.py:188} INFO - [2024-09-08T13:23:19.350+0000] {dagbag.py:538} INFO - Filling up the DagBag from /home/airflow/.local/lib/python3.8/site-packages/airflow/example_dags/example_setup_teardown.py
[2024-09-08T13:23:19.361+0000] {processor.py:840} INFO - DAG(s) 'example_setup_teardown' retrieved from /home/airflow/.local/lib/python3.8/site-packages/airflow/example_dags/example_setup_teardown.py
[2024-09-08T13:23:19.386+0000] {logging_mixin.py:188} INFO - [2024-09-08T13:23:19.386+0000] {dag.py:3036} INFO - Sync 1 DAGs
[2024-09-08T13:23:19.413+0000] {logging_mixin.py:188} INFO - [2024-09-08T13:23:19.413+0000] {dag.py:3823} INFO - Setting next_dagrun for example_setup_teardown to 2024-09-07 00:00:00+00:00, run_after=2024-09-08 00:00:00+00:00
[2024-09-08T13:23:19.434+0000] {processor.py:183} INFO - Processing /home/airflow/.local/lib/python3.8/site-packages/airflow/example_dags/example_setup_teardown.py took 0.091 seconds
[2024-09-08T13:23:49.594+0000] {processor.py:161} INFO - Started process (PID=175) to work on /home/airflow/.local/lib/python3.8/site-packages/airflow/example_dags/example_setup_teardown.py
[2024-09-08T13:23:49.595+0000] {processor.py:830} INFO - Processing file /home/airflow/.local/lib/python3.8/site-packages/airflow/example_dags/example_setup_teardown.py for tasks to queue
[2024-09-08T13:23:49.596+0000] {logging_mixin.py:188} INFO - [2024-09-08T13:23:49.596+0000] {dagbag.py:538} INFO - Filling up the DagBag from /home/airflow/.local/lib/python3.8/site-packages/airflow/example_dags/example_setup_teardown.py
[2024-09-08T13:23:49.605+0000] {processor.py:840} INFO - DAG(s) 'example_setup_teardown' retrieved from /home/airflow/.local/lib/python3.8/site-packages/airflow/example_dags/example_setup_teardown.py
[2024-09-08T13:23:49.632+0000] {logging_mixin.py:188} INFO - [2024-09-08T13:23:49.632+0000] {dag.py:3036} INFO - Sync 1 DAGs
[2024-09-08T13:23:49.664+0000] {logging_mixin.py:188} INFO - [2024-09-08T13:23:49.664+0000] {dag.py:3823} INFO - Setting next_dagrun for example_setup_teardown to 2024-09-07 00:00:00+00:00, run_after=2024-09-08 00:00:00+00:00
[2024-09-08T13:23:49.687+0000] {processor.py:183} INFO - Processing /home/airflow/.local/lib/python3.8/site-packages/airflow/example_dags/example_setup_teardown.py took 0.096 seconds
[2024-09-08T13:24:19.884+0000] {processor.py:161} INFO - Started process (PID=232) to work on /home/airflow/.local/lib/python3.8/site-packages/airflow/example_dags/example_setup_teardown.py
[2024-09-08T13:24:19.884+0000] {processor.py:830} INFO - Processing file /home/airflow/.local/lib/python3.8/site-packages/airflow/example_dags/example_setup_teardown.py for tasks to queue
[2024-09-08T13:24:19.886+0000] {logging_mixin.py:188} INFO - [2024-09-08T13:24:19.885+0000] {dagbag.py:538} INFO - Filling up the DagBag from /home/airflow/.local/lib/python3.8/site-packages/airflow/example_dags/example_setup_teardown.py
[2024-09-08T13:24:19.894+0000] {processor.py:840} INFO - DAG(s) 'example_setup_teardown' retrieved from /home/airflow/.local/lib/python3.8/site-packages/airflow/example_dags/example_setup_teardown.py
[2024-09-08T13:24:19.919+0000] {logging_mixin.py:188} INFO - [2024-09-08T13:24:19.919+0000] {dag.py:3036} INFO - Sync 1 DAGs
[2024-09-08T13:24:19.948+0000] {logging_mixin.py:188} INFO - [2024-09-08T13:24:19.948+0000] {dag.py:3823} INFO - Setting next_dagrun for example_setup_teardown to 2024-09-07 00:00:00+00:00, run_after=2024-09-08 00:00:00+00:00
[2024-09-08T13:24:19.977+0000] {processor.py:183} INFO - Processing /home/airflow/.local/lib/python3.8/site-packages/airflow/example_dags/example_setup_teardown.py took 0.097 seconds
[2024-09-08T13:24:50.361+0000] {processor.py:161} INFO - Started process (PID=289) to work on /home/airflow/.local/lib/python3.8/site-packages/airflow/example_dags/example_setup_teardown.py
[2024-09-08T13:24:50.362+0000] {processor.py:830} INFO - Processing file /home/airflow/.local/lib/python3.8/site-packages/airflow/example_dags/example_setup_teardown.py for tasks to queue
[2024-09-08T13:24:50.363+0000] {logging_mixin.py:188} INFO - [2024-09-08T13:24:50.363+0000] {dagbag.py:538} INFO - Filling up the DagBag from /home/airflow/.local/lib/python3.8/site-packages/airflow/example_dags/example_setup_teardown.py
[2024-09-08T13:24:50.373+0000] {processor.py:840} INFO - DAG(s) 'example_setup_teardown' retrieved from /home/airflow/.local/lib/python3.8/site-packages/airflow/example_dags/example_setup_teardown.py
[2024-09-08T13:24:50.403+0000] {logging_mixin.py:188} INFO - [2024-09-08T13:24:50.403+0000] {dag.py:3036} INFO - Sync 1 DAGs
[2024-09-08T13:24:50.434+0000] {logging_mixin.py:188} INFO - [2024-09-08T13:24:50.434+0000] {dag.py:3823} INFO - Setting next_dagrun for example_setup_teardown to 2024-09-07 00:00:00+00:00, run_after=2024-09-08 00:00:00+00:00
[2024-09-08T13:24:50.466+0000] {processor.py:183} INFO - Processing /home/airflow/.local/lib/python3.8/site-packages/airflow/example_dags/example_setup_teardown.py took 0.111 seconds
[2024-09-08T13:25:20.960+0000] {processor.py:161} INFO - Started process (PID=346) to work on /home/airflow/.local/lib/python3.8/site-packages/airflow/example_dags/example_setup_teardown.py
[2024-09-08T13:25:20.961+0000] {processor.py:830} INFO - Processing file /home/airflow/.local/lib/python3.8/site-packages/airflow/example_dags/example_setup_teardown.py for tasks to queue
[2024-09-08T13:25:20.962+0000] {logging_mixin.py:188} INFO - [2024-09-08T13:25:20.962+0000] {dagbag.py:538} INFO - Filling up the DagBag from /home/airflow/.local/lib/python3.8/site-packages/airflow/example_dags/example_setup_teardown.py
[2024-09-08T13:25:20.972+0000] {processor.py:840} INFO - DAG(s) 'example_setup_teardown' retrieved from /home/airflow/.local/lib/python3.8/site-packages/airflow/example_dags/example_setup_teardown.py
[2024-09-08T13:25:21.004+0000] {logging_mixin.py:188} INFO - [2024-09-08T13:25:21.003+0000] {dag.py:3036} INFO - Sync 1 DAGs
[2024-09-08T13:25:21.036+0000] {logging_mixin.py:188} INFO - [2024-09-08T13:25:21.035+0000] {dag.py:3823} INFO - Setting next_dagrun for example_setup_teardown to 2024-09-07 00:00:00+00:00, run_after=2024-09-08 00:00:00+00:00
[2024-09-08T13:25:21.074+0000] {processor.py:183} INFO - Processing /home/airflow/.local/lib/python3.8/site-packages/airflow/example_dags/example_setup_teardown.py took 0.118 seconds
[2024-09-08T13:25:51.680+0000] {processor.py:161} INFO - Started process (PID=409) to work on /home/airflow/.local/lib/python3.8/site-packages/airflow/example_dags/example_setup_teardown.py
[2024-09-08T13:25:51.681+0000] {processor.py:830} INFO - Processing file /home/airflow/.local/lib/python3.8/site-packages/airflow/example_dags/example_setup_teardown.py for tasks to queue
[2024-09-08T13:25:51.683+0000] {logging_mixin.py:188} INFO - [2024-09-08T13:25:51.682+0000] {dagbag.py:538} INFO - Filling up the DagBag from /home/airflow/.local/lib/python3.8/site-packages/airflow/example_dags/example_setup_teardown.py
[2024-09-08T13:25:51.695+0000] {processor.py:840} INFO - DAG(s) 'example_setup_teardown' retrieved from /home/airflow/.local/lib/python3.8/site-packages/airflow/example_dags/example_setup_teardown.py
[2024-09-08T13:25:51.726+0000] {logging_mixin.py:188} INFO - [2024-09-08T13:25:51.726+0000] {dag.py:3036} INFO - Sync 1 DAGs
[2024-09-08T13:25:51.768+0000] {logging_mixin.py:188} INFO - [2024-09-08T13:25:51.768+0000] {dag.py:3823} INFO - Setting next_dagrun for example_setup_teardown to 2024-09-07 00:00:00+00:00, run_after=2024-09-08 00:00:00+00:00
[2024-09-08T13:25:51.801+0000] {processor.py:183} INFO - Processing /home/airflow/.local/lib/python3.8/site-packages/airflow/example_dags/example_setup_teardown.py took 0.125 seconds
[2024-09-08T13:26:22.352+0000] {processor.py:161} INFO - Started process (PID=466) to work on /home/airflow/.local/lib/python3.8/site-packages/airflow/example_dags/example_setup_teardown.py
[2024-09-08T13:26:22.353+0000] {processor.py:830} INFO - Processing file /home/airflow/.local/lib/python3.8/site-packages/airflow/example_dags/example_setup_teardown.py for tasks to queue
[2024-09-08T13:26:22.355+0000] {logging_mixin.py:188} INFO - [2024-09-08T13:26:22.354+0000] {dagbag.py:538} INFO - Filling up the DagBag from /home/airflow/.local/lib/python3.8/site-packages/airflow/example_dags/example_setup_teardown.py
[2024-09-08T13:26:22.364+0000] {processor.py:840} INFO - DAG(s) 'example_setup_teardown' retrieved from /home/airflow/.local/lib/python3.8/site-packages/airflow/example_dags/example_setup_teardown.py
[2024-09-08T13:26:22.394+0000] {logging_mixin.py:188} INFO - [2024-09-08T13:26:22.394+0000] {dag.py:3036} INFO - Sync 1 DAGs
[2024-09-08T13:26:22.421+0000] {logging_mixin.py:188} INFO - [2024-09-08T13:26:22.421+0000] {dag.py:3823} INFO - Setting next_dagrun for example_setup_teardown to 2024-09-07 00:00:00+00:00, run_after=2024-09-08 00:00:00+00:00
[2024-09-08T13:26:22.447+0000] {processor.py:183} INFO - Processing /home/airflow/.local/lib/python3.8/site-packages/airflow/example_dags/example_setup_teardown.py took 0.099 seconds
[2024-09-08T13:26:53.161+0000] {processor.py:161} INFO - Started process (PID=523) to work on /home/airflow/.local/lib/python3.8/site-packages/airflow/example_dags/example_setup_teardown.py
[2024-09-08T13:26:53.167+0000] {processor.py:830} INFO - Processing file /home/airflow/.local/lib/python3.8/site-packages/airflow/example_dags/example_setup_teardown.py for tasks to queue
[2024-09-08T13:26:53.170+0000] {logging_mixin.py:188} INFO - [2024-09-08T13:26:53.169+0000] {dagbag.py:538} INFO - Filling up the DagBag from /home/airflow/.local/lib/python3.8/site-packages/airflow/example_dags/example_setup_teardown.py
[2024-09-08T13:26:53.186+0000] {processor.py:840} INFO - DAG(s) 'example_setup_teardown' retrieved from /home/airflow/.local/lib/python3.8/site-packages/airflow/example_dags/example_setup_teardown.py
[2024-09-08T13:26:53.225+0000] {logging_mixin.py:188} INFO - [2024-09-08T13:26:53.225+0000] {dag.py:3036} INFO - Sync 1 DAGs
[2024-09-08T13:26:53.270+0000] {logging_mixin.py:188} INFO - [2024-09-08T13:26:53.270+0000] {dag.py:3823} INFO - Setting next_dagrun for example_setup_teardown to 2024-09-07 00:00:00+00:00, run_after=2024-09-08 00:00:00+00:00
[2024-09-08T13:26:53.316+0000] {processor.py:183} INFO - Processing /home/airflow/.local/lib/python3.8/site-packages/airflow/example_dags/example_setup_teardown.py took 0.161 seconds
[2024-09-08T13:27:24.005+0000] {processor.py:161} INFO - Started process (PID=580) to work on /home/airflow/.local/lib/python3.8/site-packages/airflow/example_dags/example_setup_teardown.py
[2024-09-08T13:27:24.006+0000] {processor.py:830} INFO - Processing file /home/airflow/.local/lib/python3.8/site-packages/airflow/example_dags/example_setup_teardown.py for tasks to queue
[2024-09-08T13:27:24.008+0000] {logging_mixin.py:188} INFO - [2024-09-08T13:27:24.007+0000] {dagbag.py:538} INFO - Filling up the DagBag from /home/airflow/.local/lib/python3.8/site-packages/airflow/example_dags/example_setup_teardown.py
[2024-09-08T13:27:24.019+0000] {processor.py:840} INFO - DAG(s) 'example_setup_teardown' retrieved from /home/airflow/.local/lib/python3.8/site-packages/airflow/example_dags/example_setup_teardown.py
[2024-09-08T13:27:24.048+0000] {logging_mixin.py:188} INFO - [2024-09-08T13:27:24.047+0000] {dag.py:3036} INFO - Sync 1 DAGs
[2024-09-08T13:27:24.096+0000] {logging_mixin.py:188} INFO - [2024-09-08T13:27:24.096+0000] {dag.py:3823} INFO - Setting next_dagrun for example_setup_teardown to 2024-09-07 00:00:00+00:00, run_after=2024-09-08 00:00:00+00:00
[2024-09-08T13:27:24.137+0000] {processor.py:183} INFO - Processing /home/airflow/.local/lib/python3.8/site-packages/airflow/example_dags/example_setup_teardown.py took 0.136 seconds
[2024-09-08T13:27:54.291+0000] {processor.py:161} INFO - Started process (PID=637) to work on /home/airflow/.local/lib/python3.8/site-packages/airflow/example_dags/example_setup_teardown.py
[2024-09-08T13:27:54.291+0000] {processor.py:830} INFO - Processing file /home/airflow/.local/lib/python3.8/site-packages/airflow/example_dags/example_setup_teardown.py for tasks to queue
[2024-09-08T13:27:54.293+0000] {logging_mixin.py:188} INFO - [2024-09-08T13:27:54.292+0000] {dagbag.py:538} INFO - Filling up the DagBag from /home/airflow/.local/lib/python3.8/site-packages/airflow/example_dags/example_setup_teardown.py
[2024-09-08T13:27:54.302+0000] {processor.py:840} INFO - DAG(s) 'example_setup_teardown' retrieved from /home/airflow/.local/lib/python3.8/site-packages/airflow/example_dags/example_setup_teardown.py
[2024-09-08T13:27:54.329+0000] {logging_mixin.py:188} INFO - [2024-09-08T13:27:54.328+0000] {dag.py:3036} INFO - Sync 1 DAGs
[2024-09-08T13:27:54.358+0000] {logging_mixin.py:188} INFO - [2024-09-08T13:27:54.358+0000] {dag.py:3823} INFO - Setting next_dagrun for example_setup_teardown to 2024-09-07 00:00:00+00:00, run_after=2024-09-08 00:00:00+00:00
[2024-09-08T13:27:54.391+0000] {processor.py:183} INFO - Processing /home/airflow/.local/lib/python3.8/site-packages/airflow/example_dags/example_setup_teardown.py took 0.104 seconds
[2024-09-08T13:28:25.084+0000] {processor.py:161} INFO - Started process (PID=694) to work on /home/airflow/.local/lib/python3.8/site-packages/airflow/example_dags/example_setup_teardown.py
[2024-09-08T13:28:25.085+0000] {processor.py:830} INFO - Processing file /home/airflow/.local/lib/python3.8/site-packages/airflow/example_dags/example_setup_teardown.py for tasks to queue
[2024-09-08T13:28:25.087+0000] {logging_mixin.py:188} INFO - [2024-09-08T13:28:25.087+0000] {dagbag.py:538} INFO - Filling up the DagBag from /home/airflow/.local/lib/python3.8/site-packages/airflow/example_dags/example_setup_teardown.py
[2024-09-08T13:28:25.100+0000] {processor.py:840} INFO - DAG(s) 'example_setup_teardown' retrieved from /home/airflow/.local/lib/python3.8/site-packages/airflow/example_dags/example_setup_teardown.py
[2024-09-08T13:28:25.129+0000] {logging_mixin.py:188} INFO - [2024-09-08T13:28:25.129+0000] {dag.py:3036} INFO - Sync 1 DAGs
[2024-09-08T13:28:25.171+0000] {logging_mixin.py:188} INFO - [2024-09-08T13:28:25.170+0000] {dag.py:3823} INFO - Setting next_dagrun for example_setup_teardown to 2024-09-07 00:00:00+00:00, run_after=2024-09-08 00:00:00+00:00
[2024-09-08T13:28:25.199+0000] {processor.py:183} INFO - Processing /home/airflow/.local/lib/python3.8/site-packages/airflow/example_dags/example_setup_teardown.py took 0.119 seconds
[2024-09-08T13:28:56.088+0000] {processor.py:161} INFO - Started process (PID=751) to work on /home/airflow/.local/lib/python3.8/site-packages/airflow/example_dags/example_setup_teardown.py
[2024-09-08T13:28:56.089+0000] {processor.py:830} INFO - Processing file /home/airflow/.local/lib/python3.8/site-packages/airflow/example_dags/example_setup_teardown.py for tasks to queue
[2024-09-08T13:28:56.090+0000] {logging_mixin.py:188} INFO - [2024-09-08T13:28:56.090+0000] {dagbag.py:538} INFO - Filling up the DagBag from /home/airflow/.local/lib/python3.8/site-packages/airflow/example_dags/example_setup_teardown.py
[2024-09-08T13:28:56.099+0000] {processor.py:840} INFO - DAG(s) 'example_setup_teardown' retrieved from /home/airflow/.local/lib/python3.8/site-packages/airflow/example_dags/example_setup_teardown.py
[2024-09-08T13:28:56.131+0000] {logging_mixin.py:188} INFO - [2024-09-08T13:28:56.131+0000] {dag.py:3036} INFO - Sync 1 DAGs
[2024-09-08T13:28:56.171+0000] {logging_mixin.py:188} INFO - [2024-09-08T13:28:56.171+0000] {dag.py:3823} INFO - Setting next_dagrun for example_setup_teardown to 2024-09-07 00:00:00+00:00, run_after=2024-09-08 00:00:00+00:00
[2024-09-08T13:28:56.213+0000] {processor.py:183} INFO - Processing /home/airflow/.local/lib/python3.8/site-packages/airflow/example_dags/example_setup_teardown.py took 0.129 seconds
[2024-09-08T13:29:26.512+0000] {processor.py:161} INFO - Started process (PID=808) to work on /home/airflow/.local/lib/python3.8/site-packages/airflow/example_dags/example_setup_teardown.py
[2024-09-08T13:29:26.513+0000] {processor.py:830} INFO - Processing file /home/airflow/.local/lib/python3.8/site-packages/airflow/example_dags/example_setup_teardown.py for tasks to queue
[2024-09-08T13:29:26.515+0000] {logging_mixin.py:188} INFO - [2024-09-08T13:29:26.515+0000] {dagbag.py:538} INFO - Filling up the DagBag from /home/airflow/.local/lib/python3.8/site-packages/airflow/example_dags/example_setup_teardown.py
[2024-09-08T13:29:26.528+0000] {processor.py:840} INFO - DAG(s) 'example_setup_teardown' retrieved from /home/airflow/.local/lib/python3.8/site-packages/airflow/example_dags/example_setup_teardown.py
[2024-09-08T13:29:26.558+0000] {logging_mixin.py:188} INFO - [2024-09-08T13:29:26.558+0000] {dag.py:3036} INFO - Sync 1 DAGs
[2024-09-08T13:29:26.593+0000] {logging_mixin.py:188} INFO - [2024-09-08T13:29:26.593+0000] {dag.py:3823} INFO - Setting next_dagrun for example_setup_teardown to 2024-09-07 00:00:00+00:00, run_after=2024-09-08 00:00:00+00:00
[2024-09-08T13:29:26.622+0000] {processor.py:183} INFO - Processing /home/airflow/.local/lib/python3.8/site-packages/airflow/example_dags/example_setup_teardown.py took 0.114 seconds
