[2024-09-08T13:22:42.954+0000] {processor.py:161} INFO - Started process (PID=51) to work on /home/airflow/.local/lib/python3.8/site-packages/airflow/example_dags/example_external_task_marker_dag.py
[2024-09-08T13:22:42.956+0000] {processor.py:830} INFO - Processing file /home/airflow/.local/lib/python3.8/site-packages/airflow/example_dags/example_external_task_marker_dag.py for tasks to queue
[2024-09-08T13:22:42.962+0000] {logging_mixin.py:188} INFO - [2024-09-08T13:22:42.959+0000] {dagbag.py:538} INFO - Filling up the DagBag from /home/airflow/.local/lib/python3.8/site-packages/airflow/example_dags/example_external_task_marker_dag.py
[2024-09-08T13:22:42.991+0000] {processor.py:840} INFO - DAG(s) 'example_external_task_marker_parent', 'example_external_task_marker_child' retrieved from /home/airflow/.local/lib/python3.8/site-packages/airflow/example_dags/example_external_task_marker_dag.py
[2024-09-08T13:22:43.050+0000] {logging_mixin.py:188} INFO - [2024-09-08T13:22:43.048+0000] {dag.py:3036} INFO - Sync 2 DAGs
[2024-09-08T13:22:43.085+0000] {logging_mixin.py:188} INFO - [2024-09-08T13:22:43.085+0000] {dag.py:3823} INFO - Setting next_dagrun for example_external_task_marker_child to None, run_after=None
[2024-09-08T13:22:43.099+0000] {logging_mixin.py:188} INFO - [2024-09-08T13:22:43.093+0000] {dag.py:3823} INFO - Setting next_dagrun for example_external_task_marker_parent to None, run_after=None
[2024-09-08T13:22:43.158+0000] {processor.py:183} INFO - Processing /home/airflow/.local/lib/python3.8/site-packages/airflow/example_dags/example_external_task_marker_dag.py took 0.213 seconds
[2024-09-08T13:23:13.521+0000] {processor.py:161} INFO - Started process (PID=108) to work on /home/airflow/.local/lib/python3.8/site-packages/airflow/example_dags/example_external_task_marker_dag.py
[2024-09-08T13:23:13.523+0000] {processor.py:830} INFO - Processing file /home/airflow/.local/lib/python3.8/site-packages/airflow/example_dags/example_external_task_marker_dag.py for tasks to queue
[2024-09-08T13:23:13.525+0000] {logging_mixin.py:188} INFO - [2024-09-08T13:23:13.525+0000] {dagbag.py:538} INFO - Filling up the DagBag from /home/airflow/.local/lib/python3.8/site-packages/airflow/example_dags/example_external_task_marker_dag.py
[2024-09-08T13:23:13.533+0000] {processor.py:840} INFO - DAG(s) 'example_external_task_marker_child', 'example_external_task_marker_parent' retrieved from /home/airflow/.local/lib/python3.8/site-packages/airflow/example_dags/example_external_task_marker_dag.py
[2024-09-08T13:23:13.568+0000] {logging_mixin.py:188} INFO - [2024-09-08T13:23:13.568+0000] {dag.py:3036} INFO - Sync 2 DAGs
[2024-09-08T13:23:13.589+0000] {logging_mixin.py:188} INFO - [2024-09-08T13:23:13.588+0000] {dag.py:3823} INFO - Setting next_dagrun for example_external_task_marker_child to None, run_after=None
[2024-09-08T13:23:13.593+0000] {logging_mixin.py:188} INFO - [2024-09-08T13:23:13.593+0000] {dag.py:3823} INFO - Setting next_dagrun for example_external_task_marker_parent to None, run_after=None
[2024-09-08T13:23:13.618+0000] {processor.py:183} INFO - Processing /home/airflow/.local/lib/python3.8/site-packages/airflow/example_dags/example_external_task_marker_dag.py took 0.101 seconds
[2024-09-08T13:23:43.787+0000] {processor.py:161} INFO - Started process (PID=165) to work on /home/airflow/.local/lib/python3.8/site-packages/airflow/example_dags/example_external_task_marker_dag.py
[2024-09-08T13:23:43.788+0000] {processor.py:830} INFO - Processing file /home/airflow/.local/lib/python3.8/site-packages/airflow/example_dags/example_external_task_marker_dag.py for tasks to queue
[2024-09-08T13:23:43.790+0000] {logging_mixin.py:188} INFO - [2024-09-08T13:23:43.790+0000] {dagbag.py:538} INFO - Filling up the DagBag from /home/airflow/.local/lib/python3.8/site-packages/airflow/example_dags/example_external_task_marker_dag.py
[2024-09-08T13:23:43.798+0000] {processor.py:840} INFO - DAG(s) 'example_external_task_marker_parent', 'example_external_task_marker_child' retrieved from /home/airflow/.local/lib/python3.8/site-packages/airflow/example_dags/example_external_task_marker_dag.py
[2024-09-08T13:23:43.830+0000] {logging_mixin.py:188} INFO - [2024-09-08T13:23:43.830+0000] {dag.py:3036} INFO - Sync 2 DAGs
[2024-09-08T13:23:43.846+0000] {logging_mixin.py:188} INFO - [2024-09-08T13:23:43.845+0000] {dag.py:3823} INFO - Setting next_dagrun for example_external_task_marker_child to None, run_after=None
[2024-09-08T13:23:43.851+0000] {logging_mixin.py:188} INFO - [2024-09-08T13:23:43.850+0000] {dag.py:3823} INFO - Setting next_dagrun for example_external_task_marker_parent to None, run_after=None
[2024-09-08T13:23:43.878+0000] {processor.py:183} INFO - Processing /home/airflow/.local/lib/python3.8/site-packages/airflow/example_dags/example_external_task_marker_dag.py took 0.095 seconds
[2024-09-08T13:24:14.188+0000] {processor.py:161} INFO - Started process (PID=222) to work on /home/airflow/.local/lib/python3.8/site-packages/airflow/example_dags/example_external_task_marker_dag.py
[2024-09-08T13:24:14.189+0000] {processor.py:830} INFO - Processing file /home/airflow/.local/lib/python3.8/site-packages/airflow/example_dags/example_external_task_marker_dag.py for tasks to queue
[2024-09-08T13:24:14.191+0000] {logging_mixin.py:188} INFO - [2024-09-08T13:24:14.190+0000] {dagbag.py:538} INFO - Filling up the DagBag from /home/airflow/.local/lib/python3.8/site-packages/airflow/example_dags/example_external_task_marker_dag.py
[2024-09-08T13:24:14.200+0000] {processor.py:840} INFO - DAG(s) 'example_external_task_marker_parent', 'example_external_task_marker_child' retrieved from /home/airflow/.local/lib/python3.8/site-packages/airflow/example_dags/example_external_task_marker_dag.py
[2024-09-08T13:24:14.233+0000] {logging_mixin.py:188} INFO - [2024-09-08T13:24:14.233+0000] {dag.py:3036} INFO - Sync 2 DAGs
[2024-09-08T13:24:14.258+0000] {logging_mixin.py:188} INFO - [2024-09-08T13:24:14.258+0000] {dag.py:3823} INFO - Setting next_dagrun for example_external_task_marker_child to None, run_after=None
[2024-09-08T13:24:14.265+0000] {logging_mixin.py:188} INFO - [2024-09-08T13:24:14.264+0000] {dag.py:3823} INFO - Setting next_dagrun for example_external_task_marker_parent to None, run_after=None
[2024-09-08T13:24:14.289+0000] {processor.py:183} INFO - Processing /home/airflow/.local/lib/python3.8/site-packages/airflow/example_dags/example_external_task_marker_dag.py took 0.104 seconds
[2024-09-08T13:24:44.631+0000] {processor.py:161} INFO - Started process (PID=279) to work on /home/airflow/.local/lib/python3.8/site-packages/airflow/example_dags/example_external_task_marker_dag.py
[2024-09-08T13:24:44.632+0000] {processor.py:830} INFO - Processing file /home/airflow/.local/lib/python3.8/site-packages/airflow/example_dags/example_external_task_marker_dag.py for tasks to queue
[2024-09-08T13:24:44.633+0000] {logging_mixin.py:188} INFO - [2024-09-08T13:24:44.633+0000] {dagbag.py:538} INFO - Filling up the DagBag from /home/airflow/.local/lib/python3.8/site-packages/airflow/example_dags/example_external_task_marker_dag.py
[2024-09-08T13:24:44.644+0000] {processor.py:840} INFO - DAG(s) 'example_external_task_marker_child', 'example_external_task_marker_parent' retrieved from /home/airflow/.local/lib/python3.8/site-packages/airflow/example_dags/example_external_task_marker_dag.py
[2024-09-08T13:24:44.686+0000] {logging_mixin.py:188} INFO - [2024-09-08T13:24:44.685+0000] {dag.py:3036} INFO - Sync 2 DAGs
[2024-09-08T13:24:44.702+0000] {logging_mixin.py:188} INFO - [2024-09-08T13:24:44.702+0000] {dag.py:3823} INFO - Setting next_dagrun for example_external_task_marker_child to None, run_after=None
[2024-09-08T13:24:44.707+0000] {logging_mixin.py:188} INFO - [2024-09-08T13:24:44.707+0000] {dag.py:3823} INFO - Setting next_dagrun for example_external_task_marker_parent to None, run_after=None
[2024-09-08T13:24:44.728+0000] {processor.py:183} INFO - Processing /home/airflow/.local/lib/python3.8/site-packages/airflow/example_dags/example_external_task_marker_dag.py took 0.102 seconds
[2024-09-08T13:25:15.256+0000] {processor.py:161} INFO - Started process (PID=336) to work on /home/airflow/.local/lib/python3.8/site-packages/airflow/example_dags/example_external_task_marker_dag.py
[2024-09-08T13:25:15.257+0000] {processor.py:830} INFO - Processing file /home/airflow/.local/lib/python3.8/site-packages/airflow/example_dags/example_external_task_marker_dag.py for tasks to queue
[2024-09-08T13:25:15.259+0000] {logging_mixin.py:188} INFO - [2024-09-08T13:25:15.259+0000] {dagbag.py:538} INFO - Filling up the DagBag from /home/airflow/.local/lib/python3.8/site-packages/airflow/example_dags/example_external_task_marker_dag.py
[2024-09-08T13:25:15.268+0000] {processor.py:840} INFO - DAG(s) 'example_external_task_marker_parent', 'example_external_task_marker_child' retrieved from /home/airflow/.local/lib/python3.8/site-packages/airflow/example_dags/example_external_task_marker_dag.py
[2024-09-08T13:25:15.301+0000] {logging_mixin.py:188} INFO - [2024-09-08T13:25:15.300+0000] {dag.py:3036} INFO - Sync 2 DAGs
[2024-09-08T13:25:15.320+0000] {logging_mixin.py:188} INFO - [2024-09-08T13:25:15.320+0000] {dag.py:3823} INFO - Setting next_dagrun for example_external_task_marker_child to None, run_after=None
[2024-09-08T13:25:15.331+0000] {logging_mixin.py:188} INFO - [2024-09-08T13:25:15.330+0000] {dag.py:3823} INFO - Setting next_dagrun for example_external_task_marker_parent to None, run_after=None
[2024-09-08T13:25:15.358+0000] {processor.py:183} INFO - Processing /home/airflow/.local/lib/python3.8/site-packages/airflow/example_dags/example_external_task_marker_dag.py took 0.107 seconds
[2024-09-08T13:25:45.993+0000] {processor.py:161} INFO - Started process (PID=393) to work on /home/airflow/.local/lib/python3.8/site-packages/airflow/example_dags/example_external_task_marker_dag.py
[2024-09-08T13:25:45.996+0000] {processor.py:830} INFO - Processing file /home/airflow/.local/lib/python3.8/site-packages/airflow/example_dags/example_external_task_marker_dag.py for tasks to queue
[2024-09-08T13:25:45.998+0000] {logging_mixin.py:188} INFO - [2024-09-08T13:25:45.998+0000] {dagbag.py:538} INFO - Filling up the DagBag from /home/airflow/.local/lib/python3.8/site-packages/airflow/example_dags/example_external_task_marker_dag.py
[2024-09-08T13:25:46.012+0000] {processor.py:840} INFO - DAG(s) 'example_external_task_marker_child', 'example_external_task_marker_parent' retrieved from /home/airflow/.local/lib/python3.8/site-packages/airflow/example_dags/example_external_task_marker_dag.py
[2024-09-08T13:25:46.066+0000] {logging_mixin.py:188} INFO - [2024-09-08T13:25:46.065+0000] {dag.py:3036} INFO - Sync 2 DAGs
[2024-09-08T13:25:46.107+0000] {logging_mixin.py:188} INFO - [2024-09-08T13:25:46.106+0000] {dag.py:3823} INFO - Setting next_dagrun for example_external_task_marker_child to None, run_after=None
[2024-09-08T13:25:46.113+0000] {logging_mixin.py:188} INFO - [2024-09-08T13:25:46.113+0000] {dag.py:3823} INFO - Setting next_dagrun for example_external_task_marker_parent to None, run_after=None
[2024-09-08T13:25:46.143+0000] {processor.py:183} INFO - Processing /home/airflow/.local/lib/python3.8/site-packages/airflow/example_dags/example_external_task_marker_dag.py took 0.158 seconds
[2024-09-08T13:26:16.408+0000] {processor.py:161} INFO - Started process (PID=450) to work on /home/airflow/.local/lib/python3.8/site-packages/airflow/example_dags/example_external_task_marker_dag.py
[2024-09-08T13:26:16.409+0000] {processor.py:830} INFO - Processing file /home/airflow/.local/lib/python3.8/site-packages/airflow/example_dags/example_external_task_marker_dag.py for tasks to queue
[2024-09-08T13:26:16.411+0000] {logging_mixin.py:188} INFO - [2024-09-08T13:26:16.410+0000] {dagbag.py:538} INFO - Filling up the DagBag from /home/airflow/.local/lib/python3.8/site-packages/airflow/example_dags/example_external_task_marker_dag.py
[2024-09-08T13:26:16.420+0000] {processor.py:840} INFO - DAG(s) 'example_external_task_marker_child', 'example_external_task_marker_parent' retrieved from /home/airflow/.local/lib/python3.8/site-packages/airflow/example_dags/example_external_task_marker_dag.py
[2024-09-08T13:26:16.463+0000] {logging_mixin.py:188} INFO - [2024-09-08T13:26:16.462+0000] {dag.py:3036} INFO - Sync 2 DAGs
[2024-09-08T13:26:16.492+0000] {logging_mixin.py:188} INFO - [2024-09-08T13:26:16.492+0000] {dag.py:3823} INFO - Setting next_dagrun for example_external_task_marker_child to None, run_after=None
[2024-09-08T13:26:16.501+0000] {logging_mixin.py:188} INFO - [2024-09-08T13:26:16.500+0000] {dag.py:3823} INFO - Setting next_dagrun for example_external_task_marker_parent to None, run_after=None
[2024-09-08T13:26:16.541+0000] {processor.py:183} INFO - Processing /home/airflow/.local/lib/python3.8/site-packages/airflow/example_dags/example_external_task_marker_dag.py took 0.138 seconds
[2024-09-08T13:26:47.493+0000] {processor.py:161} INFO - Started process (PID=507) to work on /home/airflow/.local/lib/python3.8/site-packages/airflow/example_dags/example_external_task_marker_dag.py
[2024-09-08T13:26:47.494+0000] {processor.py:830} INFO - Processing file /home/airflow/.local/lib/python3.8/site-packages/airflow/example_dags/example_external_task_marker_dag.py for tasks to queue
[2024-09-08T13:26:47.496+0000] {logging_mixin.py:188} INFO - [2024-09-08T13:26:47.495+0000] {dagbag.py:538} INFO - Filling up the DagBag from /home/airflow/.local/lib/python3.8/site-packages/airflow/example_dags/example_external_task_marker_dag.py
[2024-09-08T13:26:47.505+0000] {processor.py:840} INFO - DAG(s) 'example_external_task_marker_parent', 'example_external_task_marker_child' retrieved from /home/airflow/.local/lib/python3.8/site-packages/airflow/example_dags/example_external_task_marker_dag.py
[2024-09-08T13:26:47.537+0000] {logging_mixin.py:188} INFO - [2024-09-08T13:26:47.537+0000] {dag.py:3036} INFO - Sync 2 DAGs
[2024-09-08T13:26:47.562+0000] {logging_mixin.py:188} INFO - [2024-09-08T13:26:47.561+0000] {dag.py:3823} INFO - Setting next_dagrun for example_external_task_marker_child to None, run_after=None
[2024-09-08T13:26:47.567+0000] {logging_mixin.py:188} INFO - [2024-09-08T13:26:47.567+0000] {dag.py:3823} INFO - Setting next_dagrun for example_external_task_marker_parent to None, run_after=None
[2024-09-08T13:26:47.592+0000] {processor.py:183} INFO - Processing /home/airflow/.local/lib/python3.8/site-packages/airflow/example_dags/example_external_task_marker_dag.py took 0.105 seconds
[2024-09-08T13:27:18.101+0000] {processor.py:161} INFO - Started process (PID=564) to work on /home/airflow/.local/lib/python3.8/site-packages/airflow/example_dags/example_external_task_marker_dag.py
[2024-09-08T13:27:18.103+0000] {processor.py:830} INFO - Processing file /home/airflow/.local/lib/python3.8/site-packages/airflow/example_dags/example_external_task_marker_dag.py for tasks to queue
[2024-09-08T13:27:18.104+0000] {logging_mixin.py:188} INFO - [2024-09-08T13:27:18.104+0000] {dagbag.py:538} INFO - Filling up the DagBag from /home/airflow/.local/lib/python3.8/site-packages/airflow/example_dags/example_external_task_marker_dag.py
[2024-09-08T13:27:18.112+0000] {processor.py:840} INFO - DAG(s) 'example_external_task_marker_child', 'example_external_task_marker_parent' retrieved from /home/airflow/.local/lib/python3.8/site-packages/airflow/example_dags/example_external_task_marker_dag.py
[2024-09-08T13:27:18.145+0000] {logging_mixin.py:188} INFO - [2024-09-08T13:27:18.145+0000] {dag.py:3036} INFO - Sync 2 DAGs
[2024-09-08T13:27:18.169+0000] {logging_mixin.py:188} INFO - [2024-09-08T13:27:18.169+0000] {dag.py:3823} INFO - Setting next_dagrun for example_external_task_marker_child to None, run_after=None
[2024-09-08T13:27:18.175+0000] {logging_mixin.py:188} INFO - [2024-09-08T13:27:18.174+0000] {dag.py:3823} INFO - Setting next_dagrun for example_external_task_marker_parent to None, run_after=None
[2024-09-08T13:27:18.199+0000] {processor.py:183} INFO - Processing /home/airflow/.local/lib/python3.8/site-packages/airflow/example_dags/example_external_task_marker_dag.py took 0.102 seconds
[2024-09-08T13:27:48.338+0000] {processor.py:161} INFO - Started process (PID=621) to work on /home/airflow/.local/lib/python3.8/site-packages/airflow/example_dags/example_external_task_marker_dag.py
[2024-09-08T13:27:48.339+0000] {processor.py:830} INFO - Processing file /home/airflow/.local/lib/python3.8/site-packages/airflow/example_dags/example_external_task_marker_dag.py for tasks to queue
[2024-09-08T13:27:48.340+0000] {logging_mixin.py:188} INFO - [2024-09-08T13:27:48.340+0000] {dagbag.py:538} INFO - Filling up the DagBag from /home/airflow/.local/lib/python3.8/site-packages/airflow/example_dags/example_external_task_marker_dag.py
[2024-09-08T13:27:48.347+0000] {processor.py:840} INFO - DAG(s) 'example_external_task_marker_parent', 'example_external_task_marker_child' retrieved from /home/airflow/.local/lib/python3.8/site-packages/airflow/example_dags/example_external_task_marker_dag.py
[2024-09-08T13:27:48.382+0000] {logging_mixin.py:188} INFO - [2024-09-08T13:27:48.382+0000] {dag.py:3036} INFO - Sync 2 DAGs
[2024-09-08T13:27:48.403+0000] {logging_mixin.py:188} INFO - [2024-09-08T13:27:48.402+0000] {dag.py:3823} INFO - Setting next_dagrun for example_external_task_marker_child to None, run_after=None
[2024-09-08T13:27:48.409+0000] {logging_mixin.py:188} INFO - [2024-09-08T13:27:48.408+0000] {dag.py:3823} INFO - Setting next_dagrun for example_external_task_marker_parent to None, run_after=None
[2024-09-08T13:27:48.435+0000] {processor.py:183} INFO - Processing /home/airflow/.local/lib/python3.8/site-packages/airflow/example_dags/example_external_task_marker_dag.py took 0.102 seconds
[2024-09-08T13:28:18.757+0000] {processor.py:161} INFO - Started process (PID=678) to work on /home/airflow/.local/lib/python3.8/site-packages/airflow/example_dags/example_external_task_marker_dag.py
[2024-09-08T13:28:18.758+0000] {processor.py:830} INFO - Processing file /home/airflow/.local/lib/python3.8/site-packages/airflow/example_dags/example_external_task_marker_dag.py for tasks to queue
[2024-09-08T13:28:18.759+0000] {logging_mixin.py:188} INFO - [2024-09-08T13:28:18.759+0000] {dagbag.py:538} INFO - Filling up the DagBag from /home/airflow/.local/lib/python3.8/site-packages/airflow/example_dags/example_external_task_marker_dag.py
[2024-09-08T13:28:18.767+0000] {processor.py:840} INFO - DAG(s) 'example_external_task_marker_parent', 'example_external_task_marker_child' retrieved from /home/airflow/.local/lib/python3.8/site-packages/airflow/example_dags/example_external_task_marker_dag.py
[2024-09-08T13:28:18.802+0000] {logging_mixin.py:188} INFO - [2024-09-08T13:28:18.802+0000] {dag.py:3036} INFO - Sync 2 DAGs
[2024-09-08T13:28:18.818+0000] {logging_mixin.py:188} INFO - [2024-09-08T13:28:18.818+0000] {dag.py:3823} INFO - Setting next_dagrun for example_external_task_marker_child to None, run_after=None
[2024-09-08T13:28:18.824+0000] {logging_mixin.py:188} INFO - [2024-09-08T13:28:18.824+0000] {dag.py:3823} INFO - Setting next_dagrun for example_external_task_marker_parent to None, run_after=None
[2024-09-08T13:28:18.847+0000] {processor.py:183} INFO - Processing /home/airflow/.local/lib/python3.8/site-packages/airflow/example_dags/example_external_task_marker_dag.py took 0.095 seconds
[2024-09-08T13:28:49.191+0000] {processor.py:161} INFO - Started process (PID=735) to work on /home/airflow/.local/lib/python3.8/site-packages/airflow/example_dags/example_external_task_marker_dag.py
[2024-09-08T13:28:49.192+0000] {processor.py:830} INFO - Processing file /home/airflow/.local/lib/python3.8/site-packages/airflow/example_dags/example_external_task_marker_dag.py for tasks to queue
[2024-09-08T13:28:49.193+0000] {logging_mixin.py:188} INFO - [2024-09-08T13:28:49.193+0000] {dagbag.py:538} INFO - Filling up the DagBag from /home/airflow/.local/lib/python3.8/site-packages/airflow/example_dags/example_external_task_marker_dag.py
[2024-09-08T13:28:49.201+0000] {processor.py:840} INFO - DAG(s) 'example_external_task_marker_parent', 'example_external_task_marker_child' retrieved from /home/airflow/.local/lib/python3.8/site-packages/airflow/example_dags/example_external_task_marker_dag.py
[2024-09-08T13:28:49.240+0000] {logging_mixin.py:188} INFO - [2024-09-08T13:28:49.239+0000] {dag.py:3036} INFO - Sync 2 DAGs
[2024-09-08T13:28:49.263+0000] {logging_mixin.py:188} INFO - [2024-09-08T13:28:49.262+0000] {dag.py:3823} INFO - Setting next_dagrun for example_external_task_marker_child to None, run_after=None
[2024-09-08T13:28:49.269+0000] {logging_mixin.py:188} INFO - [2024-09-08T13:28:49.269+0000] {dag.py:3823} INFO - Setting next_dagrun for example_external_task_marker_parent to None, run_after=None
[2024-09-08T13:28:49.296+0000] {processor.py:183} INFO - Processing /home/airflow/.local/lib/python3.8/site-packages/airflow/example_dags/example_external_task_marker_dag.py took 0.109 seconds
[2024-09-08T13:29:19.649+0000] {processor.py:161} INFO - Started process (PID=792) to work on /home/airflow/.local/lib/python3.8/site-packages/airflow/example_dags/example_external_task_marker_dag.py
[2024-09-08T13:29:19.650+0000] {processor.py:830} INFO - Processing file /home/airflow/.local/lib/python3.8/site-packages/airflow/example_dags/example_external_task_marker_dag.py for tasks to queue
[2024-09-08T13:29:19.652+0000] {logging_mixin.py:188} INFO - [2024-09-08T13:29:19.651+0000] {dagbag.py:538} INFO - Filling up the DagBag from /home/airflow/.local/lib/python3.8/site-packages/airflow/example_dags/example_external_task_marker_dag.py
[2024-09-08T13:29:19.664+0000] {processor.py:840} INFO - DAG(s) 'example_external_task_marker_parent', 'example_external_task_marker_child' retrieved from /home/airflow/.local/lib/python3.8/site-packages/airflow/example_dags/example_external_task_marker_dag.py
[2024-09-08T13:29:19.703+0000] {logging_mixin.py:188} INFO - [2024-09-08T13:29:19.702+0000] {dag.py:3036} INFO - Sync 2 DAGs
[2024-09-08T13:29:19.723+0000] {logging_mixin.py:188} INFO - [2024-09-08T13:29:19.722+0000] {dag.py:3823} INFO - Setting next_dagrun for example_external_task_marker_child to None, run_after=None
[2024-09-08T13:29:19.728+0000] {logging_mixin.py:188} INFO - [2024-09-08T13:29:19.728+0000] {dag.py:3823} INFO - Setting next_dagrun for example_external_task_marker_parent to None, run_after=None
[2024-09-08T13:29:19.769+0000] {processor.py:183} INFO - Processing /home/airflow/.local/lib/python3.8/site-packages/airflow/example_dags/example_external_task_marker_dag.py took 0.124 seconds
[2024-09-08T13:29:50.448+0000] {processor.py:161} INFO - Started process (PID=849) to work on /home/airflow/.local/lib/python3.8/site-packages/airflow/example_dags/example_external_task_marker_dag.py
[2024-09-08T13:29:50.449+0000] {processor.py:830} INFO - Processing file /home/airflow/.local/lib/python3.8/site-packages/airflow/example_dags/example_external_task_marker_dag.py for tasks to queue
[2024-09-08T13:29:50.451+0000] {logging_mixin.py:188} INFO - [2024-09-08T13:29:50.450+0000] {dagbag.py:538} INFO - Filling up the DagBag from /home/airflow/.local/lib/python3.8/site-packages/airflow/example_dags/example_external_task_marker_dag.py
[2024-09-08T13:29:50.466+0000] {processor.py:840} INFO - DAG(s) 'example_external_task_marker_parent', 'example_external_task_marker_child' retrieved from /home/airflow/.local/lib/python3.8/site-packages/airflow/example_dags/example_external_task_marker_dag.py
[2024-09-08T13:29:50.511+0000] {logging_mixin.py:188} INFO - [2024-09-08T13:29:50.511+0000] {dag.py:3036} INFO - Sync 2 DAGs
[2024-09-08T13:29:52.720+0000] {logging_mixin.py:188} INFO - [2024-09-08T13:29:52.719+0000] {process_utils.py:262} INFO - Waiting up to 5 seconds for processes to exit...
[2024-09-08T13:29:52.763+0000] {logging_mixin.py:188} INFO - [2024-09-08T13:29:52.762+0000] {process_utils.py:262} INFO - Waiting up to 5 seconds for processes to exit...
