[2024-09-08T13:22:42.577+0000] {processor.py:161} INFO - Started process (PID=49) to work on /home/airflow/.local/lib/python3.8/site-packages/airflow/example_dags/example_trigger_target_dag.py
[2024-09-08T13:22:42.578+0000] {processor.py:830} INFO - Processing file /home/airflow/.local/lib/python3.8/site-packages/airflow/example_dags/example_trigger_target_dag.py for tasks to queue
[2024-09-08T13:22:42.585+0000] {logging_mixin.py:188} INFO - [2024-09-08T13:22:42.584+0000] {dagbag.py:538} INFO - Filling up the DagBag from /home/airflow/.local/lib/python3.8/site-packages/airflow/example_dags/example_trigger_target_dag.py
[2024-09-08T13:22:42.614+0000] {processor.py:840} INFO - DAG(s) 'example_trigger_target_dag' retrieved from /home/airflow/.local/lib/python3.8/site-packages/airflow/example_dags/example_trigger_target_dag.py
[2024-09-08T13:22:42.668+0000] {logging_mixin.py:188} INFO - [2024-09-08T13:22:42.667+0000] {dag.py:3036} INFO - Sync 1 DAGs
[2024-09-08T13:22:42.697+0000] {logging_mixin.py:188} INFO - [2024-09-08T13:22:42.696+0000] {dag.py:3823} INFO - Setting next_dagrun for example_trigger_target_dag to None, run_after=None
[2024-09-08T13:22:42.797+0000] {processor.py:183} INFO - Processing /home/airflow/.local/lib/python3.8/site-packages/airflow/example_dags/example_trigger_target_dag.py took 0.226 seconds
[2024-09-08T13:23:13.382+0000] {processor.py:161} INFO - Started process (PID=106) to work on /home/airflow/.local/lib/python3.8/site-packages/airflow/example_dags/example_trigger_target_dag.py
[2024-09-08T13:23:13.384+0000] {processor.py:830} INFO - Processing file /home/airflow/.local/lib/python3.8/site-packages/airflow/example_dags/example_trigger_target_dag.py for tasks to queue
[2024-09-08T13:23:13.386+0000] {logging_mixin.py:188} INFO - [2024-09-08T13:23:13.385+0000] {dagbag.py:538} INFO - Filling up the DagBag from /home/airflow/.local/lib/python3.8/site-packages/airflow/example_dags/example_trigger_target_dag.py
[2024-09-08T13:23:13.393+0000] {processor.py:840} INFO - DAG(s) 'example_trigger_target_dag' retrieved from /home/airflow/.local/lib/python3.8/site-packages/airflow/example_dags/example_trigger_target_dag.py
[2024-09-08T13:23:13.422+0000] {logging_mixin.py:188} INFO - [2024-09-08T13:23:13.421+0000] {dag.py:3036} INFO - Sync 1 DAGs
[2024-09-08T13:23:13.437+0000] {logging_mixin.py:188} INFO - [2024-09-08T13:23:13.436+0000] {dag.py:3823} INFO - Setting next_dagrun for example_trigger_target_dag to None, run_after=None
[2024-09-08T13:23:13.466+0000] {processor.py:183} INFO - Processing /home/airflow/.local/lib/python3.8/site-packages/airflow/example_dags/example_trigger_target_dag.py took 0.088 seconds
[2024-09-08T13:23:43.646+0000] {processor.py:161} INFO - Started process (PID=163) to work on /home/airflow/.local/lib/python3.8/site-packages/airflow/example_dags/example_trigger_target_dag.py
[2024-09-08T13:23:43.647+0000] {processor.py:830} INFO - Processing file /home/airflow/.local/lib/python3.8/site-packages/airflow/example_dags/example_trigger_target_dag.py for tasks to queue
[2024-09-08T13:23:43.649+0000] {logging_mixin.py:188} INFO - [2024-09-08T13:23:43.648+0000] {dagbag.py:538} INFO - Filling up the DagBag from /home/airflow/.local/lib/python3.8/site-packages/airflow/example_dags/example_trigger_target_dag.py
[2024-09-08T13:23:43.655+0000] {processor.py:840} INFO - DAG(s) 'example_trigger_target_dag' retrieved from /home/airflow/.local/lib/python3.8/site-packages/airflow/example_dags/example_trigger_target_dag.py
[2024-09-08T13:23:43.686+0000] {logging_mixin.py:188} INFO - [2024-09-08T13:23:43.686+0000] {dag.py:3036} INFO - Sync 1 DAGs
[2024-09-08T13:23:43.701+0000] {logging_mixin.py:188} INFO - [2024-09-08T13:23:43.701+0000] {dag.py:3823} INFO - Setting next_dagrun for example_trigger_target_dag to None, run_after=None
[2024-09-08T13:23:43.729+0000] {processor.py:183} INFO - Processing /home/airflow/.local/lib/python3.8/site-packages/airflow/example_dags/example_trigger_target_dag.py took 0.087 seconds
[2024-09-08T13:24:14.054+0000] {processor.py:161} INFO - Started process (PID=220) to work on /home/airflow/.local/lib/python3.8/site-packages/airflow/example_dags/example_trigger_target_dag.py
[2024-09-08T13:24:14.056+0000] {processor.py:830} INFO - Processing file /home/airflow/.local/lib/python3.8/site-packages/airflow/example_dags/example_trigger_target_dag.py for tasks to queue
[2024-09-08T13:24:14.059+0000] {logging_mixin.py:188} INFO - [2024-09-08T13:24:14.058+0000] {dagbag.py:538} INFO - Filling up the DagBag from /home/airflow/.local/lib/python3.8/site-packages/airflow/example_dags/example_trigger_target_dag.py
[2024-09-08T13:24:14.069+0000] {processor.py:840} INFO - DAG(s) 'example_trigger_target_dag' retrieved from /home/airflow/.local/lib/python3.8/site-packages/airflow/example_dags/example_trigger_target_dag.py
[2024-09-08T13:24:14.096+0000] {logging_mixin.py:188} INFO - [2024-09-08T13:24:14.096+0000] {dag.py:3036} INFO - Sync 1 DAGs
[2024-09-08T13:24:14.113+0000] {logging_mixin.py:188} INFO - [2024-09-08T13:24:14.113+0000] {dag.py:3823} INFO - Setting next_dagrun for example_trigger_target_dag to None, run_after=None
[2024-09-08T13:24:14.137+0000] {processor.py:183} INFO - Processing /home/airflow/.local/lib/python3.8/site-packages/airflow/example_dags/example_trigger_target_dag.py took 0.088 seconds
[2024-09-08T13:24:44.374+0000] {processor.py:161} INFO - Started process (PID=277) to work on /home/airflow/.local/lib/python3.8/site-packages/airflow/example_dags/example_trigger_target_dag.py
[2024-09-08T13:24:44.375+0000] {processor.py:830} INFO - Processing file /home/airflow/.local/lib/python3.8/site-packages/airflow/example_dags/example_trigger_target_dag.py for tasks to queue
[2024-09-08T13:24:44.376+0000] {logging_mixin.py:188} INFO - [2024-09-08T13:24:44.376+0000] {dagbag.py:538} INFO - Filling up the DagBag from /home/airflow/.local/lib/python3.8/site-packages/airflow/example_dags/example_trigger_target_dag.py
[2024-09-08T13:24:44.384+0000] {processor.py:840} INFO - DAG(s) 'example_trigger_target_dag' retrieved from /home/airflow/.local/lib/python3.8/site-packages/airflow/example_dags/example_trigger_target_dag.py
[2024-09-08T13:24:44.409+0000] {logging_mixin.py:188} INFO - [2024-09-08T13:24:44.409+0000] {dag.py:3036} INFO - Sync 1 DAGs
[2024-09-08T13:24:44.428+0000] {logging_mixin.py:188} INFO - [2024-09-08T13:24:44.428+0000] {dag.py:3823} INFO - Setting next_dagrun for example_trigger_target_dag to None, run_after=None
[2024-09-08T13:24:44.467+0000] {processor.py:183} INFO - Processing /home/airflow/.local/lib/python3.8/site-packages/airflow/example_dags/example_trigger_target_dag.py took 0.098 seconds
[2024-09-08T13:25:15.117+0000] {processor.py:161} INFO - Started process (PID=334) to work on /home/airflow/.local/lib/python3.8/site-packages/airflow/example_dags/example_trigger_target_dag.py
[2024-09-08T13:25:15.119+0000] {processor.py:830} INFO - Processing file /home/airflow/.local/lib/python3.8/site-packages/airflow/example_dags/example_trigger_target_dag.py for tasks to queue
[2024-09-08T13:25:15.121+0000] {logging_mixin.py:188} INFO - [2024-09-08T13:25:15.120+0000] {dagbag.py:538} INFO - Filling up the DagBag from /home/airflow/.local/lib/python3.8/site-packages/airflow/example_dags/example_trigger_target_dag.py
[2024-09-08T13:25:15.128+0000] {processor.py:840} INFO - DAG(s) 'example_trigger_target_dag' retrieved from /home/airflow/.local/lib/python3.8/site-packages/airflow/example_dags/example_trigger_target_dag.py
[2024-09-08T13:25:15.152+0000] {logging_mixin.py:188} INFO - [2024-09-08T13:25:15.152+0000] {dag.py:3036} INFO - Sync 1 DAGs
[2024-09-08T13:25:15.171+0000] {logging_mixin.py:188} INFO - [2024-09-08T13:25:15.171+0000] {dag.py:3823} INFO - Setting next_dagrun for example_trigger_target_dag to None, run_after=None
[2024-09-08T13:25:15.200+0000] {processor.py:183} INFO - Processing /home/airflow/.local/lib/python3.8/site-packages/airflow/example_dags/example_trigger_target_dag.py took 0.087 seconds
[2024-09-08T13:25:45.655+0000] {processor.py:161} INFO - Started process (PID=391) to work on /home/airflow/.local/lib/python3.8/site-packages/airflow/example_dags/example_trigger_target_dag.py
[2024-09-08T13:25:45.656+0000] {processor.py:830} INFO - Processing file /home/airflow/.local/lib/python3.8/site-packages/airflow/example_dags/example_trigger_target_dag.py for tasks to queue
[2024-09-08T13:25:45.658+0000] {logging_mixin.py:188} INFO - [2024-09-08T13:25:45.658+0000] {dagbag.py:538} INFO - Filling up the DagBag from /home/airflow/.local/lib/python3.8/site-packages/airflow/example_dags/example_trigger_target_dag.py
[2024-09-08T13:25:45.679+0000] {processor.py:840} INFO - DAG(s) 'example_trigger_target_dag' retrieved from /home/airflow/.local/lib/python3.8/site-packages/airflow/example_dags/example_trigger_target_dag.py
[2024-09-08T13:25:45.735+0000] {logging_mixin.py:188} INFO - [2024-09-08T13:25:45.734+0000] {dag.py:3036} INFO - Sync 1 DAGs
[2024-09-08T13:25:45.753+0000] {logging_mixin.py:188} INFO - [2024-09-08T13:25:45.752+0000] {dag.py:3823} INFO - Setting next_dagrun for example_trigger_target_dag to None, run_after=None
[2024-09-08T13:25:45.787+0000] {processor.py:183} INFO - Processing /home/airflow/.local/lib/python3.8/site-packages/airflow/example_dags/example_trigger_target_dag.py took 0.136 seconds
[2024-09-08T13:26:16.189+0000] {processor.py:161} INFO - Started process (PID=448) to work on /home/airflow/.local/lib/python3.8/site-packages/airflow/example_dags/example_trigger_target_dag.py
[2024-09-08T13:26:16.191+0000] {processor.py:830} INFO - Processing file /home/airflow/.local/lib/python3.8/site-packages/airflow/example_dags/example_trigger_target_dag.py for tasks to queue
[2024-09-08T13:26:16.196+0000] {logging_mixin.py:188} INFO - [2024-09-08T13:26:16.193+0000] {dagbag.py:538} INFO - Filling up the DagBag from /home/airflow/.local/lib/python3.8/site-packages/airflow/example_dags/example_trigger_target_dag.py
[2024-09-08T13:26:16.209+0000] {processor.py:840} INFO - DAG(s) 'example_trigger_target_dag' retrieved from /home/airflow/.local/lib/python3.8/site-packages/airflow/example_dags/example_trigger_target_dag.py
[2024-09-08T13:26:16.249+0000] {logging_mixin.py:188} INFO - [2024-09-08T13:26:16.249+0000] {dag.py:3036} INFO - Sync 1 DAGs
[2024-09-08T13:26:16.280+0000] {logging_mixin.py:188} INFO - [2024-09-08T13:26:16.280+0000] {dag.py:3823} INFO - Setting next_dagrun for example_trigger_target_dag to None, run_after=None
[2024-09-08T13:26:16.345+0000] {processor.py:183} INFO - Processing /home/airflow/.local/lib/python3.8/site-packages/airflow/example_dags/example_trigger_target_dag.py took 0.161 seconds
[2024-09-08T13:26:47.221+0000] {processor.py:161} INFO - Started process (PID=505) to work on /home/airflow/.local/lib/python3.8/site-packages/airflow/example_dags/example_trigger_target_dag.py
[2024-09-08T13:26:47.222+0000] {processor.py:830} INFO - Processing file /home/airflow/.local/lib/python3.8/site-packages/airflow/example_dags/example_trigger_target_dag.py for tasks to queue
[2024-09-08T13:26:47.223+0000] {logging_mixin.py:188} INFO - [2024-09-08T13:26:47.223+0000] {dagbag.py:538} INFO - Filling up the DagBag from /home/airflow/.local/lib/python3.8/site-packages/airflow/example_dags/example_trigger_target_dag.py
[2024-09-08T13:26:47.232+0000] {processor.py:840} INFO - DAG(s) 'example_trigger_target_dag' retrieved from /home/airflow/.local/lib/python3.8/site-packages/airflow/example_dags/example_trigger_target_dag.py
[2024-09-08T13:26:47.267+0000] {logging_mixin.py:188} INFO - [2024-09-08T13:26:47.266+0000] {dag.py:3036} INFO - Sync 1 DAGs
[2024-09-08T13:26:47.285+0000] {logging_mixin.py:188} INFO - [2024-09-08T13:26:47.284+0000] {dag.py:3823} INFO - Setting next_dagrun for example_trigger_target_dag to None, run_after=None
[2024-09-08T13:26:47.315+0000] {processor.py:183} INFO - Processing /home/airflow/.local/lib/python3.8/site-packages/airflow/example_dags/example_trigger_target_dag.py took 0.099 seconds
[2024-09-08T13:27:17.968+0000] {processor.py:161} INFO - Started process (PID=562) to work on /home/airflow/.local/lib/python3.8/site-packages/airflow/example_dags/example_trigger_target_dag.py
[2024-09-08T13:27:17.969+0000] {processor.py:830} INFO - Processing file /home/airflow/.local/lib/python3.8/site-packages/airflow/example_dags/example_trigger_target_dag.py for tasks to queue
[2024-09-08T13:27:17.971+0000] {logging_mixin.py:188} INFO - [2024-09-08T13:27:17.970+0000] {dagbag.py:538} INFO - Filling up the DagBag from /home/airflow/.local/lib/python3.8/site-packages/airflow/example_dags/example_trigger_target_dag.py
[2024-09-08T13:27:17.982+0000] {processor.py:840} INFO - DAG(s) 'example_trigger_target_dag' retrieved from /home/airflow/.local/lib/python3.8/site-packages/airflow/example_dags/example_trigger_target_dag.py
[2024-09-08T13:27:18.006+0000] {logging_mixin.py:188} INFO - [2024-09-08T13:27:18.005+0000] {dag.py:3036} INFO - Sync 1 DAGs
[2024-09-08T13:27:18.022+0000] {logging_mixin.py:188} INFO - [2024-09-08T13:27:18.021+0000] {dag.py:3823} INFO - Setting next_dagrun for example_trigger_target_dag to None, run_after=None
[2024-09-08T13:27:18.048+0000] {processor.py:183} INFO - Processing /home/airflow/.local/lib/python3.8/site-packages/airflow/example_dags/example_trigger_target_dag.py took 0.085 seconds
[2024-09-08T13:27:48.208+0000] {processor.py:161} INFO - Started process (PID=619) to work on /home/airflow/.local/lib/python3.8/site-packages/airflow/example_dags/example_trigger_target_dag.py
[2024-09-08T13:27:48.209+0000] {processor.py:830} INFO - Processing file /home/airflow/.local/lib/python3.8/site-packages/airflow/example_dags/example_trigger_target_dag.py for tasks to queue
[2024-09-08T13:27:48.211+0000] {logging_mixin.py:188} INFO - [2024-09-08T13:27:48.210+0000] {dagbag.py:538} INFO - Filling up the DagBag from /home/airflow/.local/lib/python3.8/site-packages/airflow/example_dags/example_trigger_target_dag.py
[2024-09-08T13:27:48.218+0000] {processor.py:840} INFO - DAG(s) 'example_trigger_target_dag' retrieved from /home/airflow/.local/lib/python3.8/site-packages/airflow/example_dags/example_trigger_target_dag.py
[2024-09-08T13:27:48.242+0000] {logging_mixin.py:188} INFO - [2024-09-08T13:27:48.242+0000] {dag.py:3036} INFO - Sync 1 DAGs
[2024-09-08T13:27:48.261+0000] {logging_mixin.py:188} INFO - [2024-09-08T13:27:48.260+0000] {dag.py:3823} INFO - Setting next_dagrun for example_trigger_target_dag to None, run_after=None
[2024-09-08T13:27:48.289+0000] {processor.py:183} INFO - Processing /home/airflow/.local/lib/python3.8/site-packages/airflow/example_dags/example_trigger_target_dag.py took 0.084 seconds
[2024-09-08T13:28:18.625+0000] {processor.py:161} INFO - Started process (PID=676) to work on /home/airflow/.local/lib/python3.8/site-packages/airflow/example_dags/example_trigger_target_dag.py
[2024-09-08T13:28:18.626+0000] {processor.py:830} INFO - Processing file /home/airflow/.local/lib/python3.8/site-packages/airflow/example_dags/example_trigger_target_dag.py for tasks to queue
[2024-09-08T13:28:18.627+0000] {logging_mixin.py:188} INFO - [2024-09-08T13:28:18.627+0000] {dagbag.py:538} INFO - Filling up the DagBag from /home/airflow/.local/lib/python3.8/site-packages/airflow/example_dags/example_trigger_target_dag.py
[2024-09-08T13:28:18.634+0000] {processor.py:840} INFO - DAG(s) 'example_trigger_target_dag' retrieved from /home/airflow/.local/lib/python3.8/site-packages/airflow/example_dags/example_trigger_target_dag.py
[2024-09-08T13:28:18.662+0000] {logging_mixin.py:188} INFO - [2024-09-08T13:28:18.661+0000] {dag.py:3036} INFO - Sync 1 DAGs
[2024-09-08T13:28:18.684+0000] {logging_mixin.py:188} INFO - [2024-09-08T13:28:18.683+0000] {dag.py:3823} INFO - Setting next_dagrun for example_trigger_target_dag to None, run_after=None
[2024-09-08T13:28:18.710+0000] {processor.py:183} INFO - Processing /home/airflow/.local/lib/python3.8/site-packages/airflow/example_dags/example_trigger_target_dag.py took 0.088 seconds
[2024-09-08T13:28:49.024+0000] {processor.py:161} INFO - Started process (PID=733) to work on /home/airflow/.local/lib/python3.8/site-packages/airflow/example_dags/example_trigger_target_dag.py
[2024-09-08T13:28:49.025+0000] {processor.py:830} INFO - Processing file /home/airflow/.local/lib/python3.8/site-packages/airflow/example_dags/example_trigger_target_dag.py for tasks to queue
[2024-09-08T13:28:49.027+0000] {logging_mixin.py:188} INFO - [2024-09-08T13:28:49.027+0000] {dagbag.py:538} INFO - Filling up the DagBag from /home/airflow/.local/lib/python3.8/site-packages/airflow/example_dags/example_trigger_target_dag.py
[2024-09-08T13:28:49.041+0000] {processor.py:840} INFO - DAG(s) 'example_trigger_target_dag' retrieved from /home/airflow/.local/lib/python3.8/site-packages/airflow/example_dags/example_trigger_target_dag.py
[2024-09-08T13:28:49.085+0000] {logging_mixin.py:188} INFO - [2024-09-08T13:28:49.084+0000] {dag.py:3036} INFO - Sync 1 DAGs
[2024-09-08T13:28:49.106+0000] {logging_mixin.py:188} INFO - [2024-09-08T13:28:49.105+0000] {dag.py:3823} INFO - Setting next_dagrun for example_trigger_target_dag to None, run_after=None
[2024-09-08T13:28:49.134+0000] {processor.py:183} INFO - Processing /home/airflow/.local/lib/python3.8/site-packages/airflow/example_dags/example_trigger_target_dag.py took 0.117 seconds
[2024-09-08T13:29:19.490+0000] {processor.py:161} INFO - Started process (PID=790) to work on /home/airflow/.local/lib/python3.8/site-packages/airflow/example_dags/example_trigger_target_dag.py
[2024-09-08T13:29:19.491+0000] {processor.py:830} INFO - Processing file /home/airflow/.local/lib/python3.8/site-packages/airflow/example_dags/example_trigger_target_dag.py for tasks to queue
[2024-09-08T13:29:19.493+0000] {logging_mixin.py:188} INFO - [2024-09-08T13:29:19.493+0000] {dagbag.py:538} INFO - Filling up the DagBag from /home/airflow/.local/lib/python3.8/site-packages/airflow/example_dags/example_trigger_target_dag.py
[2024-09-08T13:29:19.504+0000] {processor.py:840} INFO - DAG(s) 'example_trigger_target_dag' retrieved from /home/airflow/.local/lib/python3.8/site-packages/airflow/example_dags/example_trigger_target_dag.py
[2024-09-08T13:29:19.536+0000] {logging_mixin.py:188} INFO - [2024-09-08T13:29:19.536+0000] {dag.py:3036} INFO - Sync 1 DAGs
[2024-09-08T13:29:19.556+0000] {logging_mixin.py:188} INFO - [2024-09-08T13:29:19.556+0000] {dag.py:3823} INFO - Setting next_dagrun for example_trigger_target_dag to None, run_after=None
[2024-09-08T13:29:19.585+0000] {processor.py:183} INFO - Processing /home/airflow/.local/lib/python3.8/site-packages/airflow/example_dags/example_trigger_target_dag.py took 0.100 seconds
[2024-09-08T13:29:50.229+0000] {processor.py:161} INFO - Started process (PID=847) to work on /home/airflow/.local/lib/python3.8/site-packages/airflow/example_dags/example_trigger_target_dag.py
[2024-09-08T13:29:50.230+0000] {processor.py:830} INFO - Processing file /home/airflow/.local/lib/python3.8/site-packages/airflow/example_dags/example_trigger_target_dag.py for tasks to queue
[2024-09-08T13:29:50.232+0000] {logging_mixin.py:188} INFO - [2024-09-08T13:29:50.232+0000] {dagbag.py:538} INFO - Filling up the DagBag from /home/airflow/.local/lib/python3.8/site-packages/airflow/example_dags/example_trigger_target_dag.py
[2024-09-08T13:29:50.247+0000] {processor.py:840} INFO - DAG(s) 'example_trigger_target_dag' retrieved from /home/airflow/.local/lib/python3.8/site-packages/airflow/example_dags/example_trigger_target_dag.py
[2024-09-08T13:29:50.297+0000] {logging_mixin.py:188} INFO - [2024-09-08T13:29:50.297+0000] {dag.py:3036} INFO - Sync 1 DAGs
[2024-09-08T13:29:50.328+0000] {logging_mixin.py:188} INFO - [2024-09-08T13:29:50.327+0000] {dag.py:3823} INFO - Setting next_dagrun for example_trigger_target_dag to None, run_after=None
[2024-09-08T13:29:50.375+0000] {processor.py:183} INFO - Processing /home/airflow/.local/lib/python3.8/site-packages/airflow/example_dags/example_trigger_target_dag.py took 0.156 seconds
