[2024-09-08T13:22:52.144+0000] {processor.py:161} INFO - Started process (PID=82) to work on /home/airflow/.local/lib/python3.8/site-packages/airflow/example_dags/example_datasets.py
[2024-09-08T13:22:52.145+0000] {processor.py:830} INFO - Processing file /home/airflow/.local/lib/python3.8/site-packages/airflow/example_dags/example_datasets.py for tasks to queue
[2024-09-08T13:22:52.149+0000] {logging_mixin.py:188} INFO - [2024-09-08T13:22:52.149+0000] {dagbag.py:538} INFO - Filling up the DagBag from /home/airflow/.local/lib/python3.8/site-packages/airflow/example_dags/example_datasets.py
[2024-09-08T13:22:52.200+0000] {processor.py:840} INFO - DAG(s) 'dataset_consumes_1_never_scheduled', 'dataset_consumes_1_and_2', 'dataset_consumes_1', 'dataset_produces_2', 'dataset_consumes_unknown_never_scheduled', 'dataset_produces_1' retrieved from /home/airflow/.local/lib/python3.8/site-packages/airflow/example_dags/example_datasets.py
[2024-09-08T13:22:52.328+0000] {logging_mixin.py:188} INFO - [2024-09-08T13:22:52.328+0000] {dag.py:3036} INFO - Sync 6 DAGs
[2024-09-08T13:22:52.398+0000] {logging_mixin.py:188} INFO - [2024-09-08T13:22:52.398+0000] {dag.py:3823} INFO - Setting next_dagrun for dataset_consumes_1 to None, run_after=None
[2024-09-08T13:22:52.407+0000] {logging_mixin.py:188} INFO - [2024-09-08T13:22:52.407+0000] {dag.py:3823} INFO - Setting next_dagrun for dataset_consumes_1_and_2 to None, run_after=None
[2024-09-08T13:22:52.411+0000] {logging_mixin.py:188} INFO - [2024-09-08T13:22:52.411+0000] {dag.py:3823} INFO - Setting next_dagrun for dataset_consumes_1_never_scheduled to None, run_after=None
[2024-09-08T13:22:52.414+0000] {logging_mixin.py:188} INFO - [2024-09-08T13:22:52.414+0000] {dag.py:3823} INFO - Setting next_dagrun for dataset_consumes_unknown_never_scheduled to None, run_after=None
[2024-09-08T13:22:52.421+0000] {logging_mixin.py:188} INFO - [2024-09-08T13:22:52.420+0000] {dag.py:3823} INFO - Setting next_dagrun for dataset_produces_1 to 2024-09-07 00:00:00+00:00, run_after=2024-09-08 00:00:00+00:00
[2024-09-08T13:22:52.424+0000] {logging_mixin.py:188} INFO - [2024-09-08T13:22:52.423+0000] {dag.py:3823} INFO - Setting next_dagrun for dataset_produces_2 to None, run_after=None
[2024-09-08T13:22:52.525+0000] {processor.py:183} INFO - Processing /home/airflow/.local/lib/python3.8/site-packages/airflow/example_dags/example_datasets.py took 0.388 seconds
[2024-09-08T13:23:22.859+0000] {processor.py:161} INFO - Started process (PID=139) to work on /home/airflow/.local/lib/python3.8/site-packages/airflow/example_dags/example_datasets.py
[2024-09-08T13:23:22.860+0000] {processor.py:830} INFO - Processing file /home/airflow/.local/lib/python3.8/site-packages/airflow/example_dags/example_datasets.py for tasks to queue
[2024-09-08T13:23:22.862+0000] {logging_mixin.py:188} INFO - [2024-09-08T13:23:22.862+0000] {dagbag.py:538} INFO - Filling up the DagBag from /home/airflow/.local/lib/python3.8/site-packages/airflow/example_dags/example_datasets.py
[2024-09-08T13:23:22.880+0000] {processor.py:840} INFO - DAG(s) 'dataset_produces_1', 'dataset_consumes_unknown_never_scheduled', 'dataset_consumes_1_and_2', 'dataset_consumes_1_never_scheduled', 'dataset_consumes_1', 'dataset_produces_2' retrieved from /home/airflow/.local/lib/python3.8/site-packages/airflow/example_dags/example_datasets.py
[2024-09-08T13:23:22.951+0000] {logging_mixin.py:188} INFO - [2024-09-08T13:23:22.951+0000] {dag.py:3036} INFO - Sync 6 DAGs
[2024-09-08T13:23:22.998+0000] {logging_mixin.py:188} INFO - [2024-09-08T13:23:22.998+0000] {dag.py:3823} INFO - Setting next_dagrun for dataset_consumes_1 to None, run_after=None
[2024-09-08T13:23:23.005+0000] {logging_mixin.py:188} INFO - [2024-09-08T13:23:23.005+0000] {dag.py:3823} INFO - Setting next_dagrun for dataset_consumes_1_and_2 to None, run_after=None
[2024-09-08T13:23:23.008+0000] {logging_mixin.py:188} INFO - [2024-09-08T13:23:23.008+0000] {dag.py:3823} INFO - Setting next_dagrun for dataset_consumes_1_never_scheduled to None, run_after=None
[2024-09-08T13:23:23.012+0000] {logging_mixin.py:188} INFO - [2024-09-08T13:23:23.012+0000] {dag.py:3823} INFO - Setting next_dagrun for dataset_consumes_unknown_never_scheduled to None, run_after=None
[2024-09-08T13:23:23.021+0000] {logging_mixin.py:188} INFO - [2024-09-08T13:23:23.020+0000] {dag.py:3823} INFO - Setting next_dagrun for dataset_produces_1 to 2024-09-07 00:00:00+00:00, run_after=2024-09-08 00:00:00+00:00
[2024-09-08T13:23:23.029+0000] {logging_mixin.py:188} INFO - [2024-09-08T13:23:23.028+0000] {dag.py:3823} INFO - Setting next_dagrun for dataset_produces_2 to None, run_after=None
[2024-09-08T13:23:23.116+0000] {processor.py:183} INFO - Processing /home/airflow/.local/lib/python3.8/site-packages/airflow/example_dags/example_datasets.py took 0.264 seconds
[2024-09-08T13:23:53.190+0000] {processor.py:161} INFO - Started process (PID=196) to work on /home/airflow/.local/lib/python3.8/site-packages/airflow/example_dags/example_datasets.py
[2024-09-08T13:23:53.192+0000] {processor.py:830} INFO - Processing file /home/airflow/.local/lib/python3.8/site-packages/airflow/example_dags/example_datasets.py for tasks to queue
[2024-09-08T13:23:53.194+0000] {logging_mixin.py:188} INFO - [2024-09-08T13:23:53.194+0000] {dagbag.py:538} INFO - Filling up the DagBag from /home/airflow/.local/lib/python3.8/site-packages/airflow/example_dags/example_datasets.py
[2024-09-08T13:23:53.215+0000] {processor.py:840} INFO - DAG(s) 'dataset_consumes_1_never_scheduled', 'dataset_consumes_1_and_2', 'dataset_produces_1', 'dataset_consumes_1', 'dataset_produces_2', 'dataset_consumes_unknown_never_scheduled' retrieved from /home/airflow/.local/lib/python3.8/site-packages/airflow/example_dags/example_datasets.py
[2024-09-08T13:23:53.291+0000] {logging_mixin.py:188} INFO - [2024-09-08T13:23:53.291+0000] {dag.py:3036} INFO - Sync 6 DAGs
[2024-09-08T13:23:53.328+0000] {logging_mixin.py:188} INFO - [2024-09-08T13:23:53.328+0000] {dag.py:3823} INFO - Setting next_dagrun for dataset_consumes_1 to None, run_after=None
[2024-09-08T13:23:53.334+0000] {logging_mixin.py:188} INFO - [2024-09-08T13:23:53.333+0000] {dag.py:3823} INFO - Setting next_dagrun for dataset_consumes_1_and_2 to None, run_after=None
[2024-09-08T13:23:53.336+0000] {logging_mixin.py:188} INFO - [2024-09-08T13:23:53.335+0000] {dag.py:3823} INFO - Setting next_dagrun for dataset_consumes_1_never_scheduled to None, run_after=None
[2024-09-08T13:23:53.337+0000] {logging_mixin.py:188} INFO - [2024-09-08T13:23:53.337+0000] {dag.py:3823} INFO - Setting next_dagrun for dataset_consumes_unknown_never_scheduled to None, run_after=None
[2024-09-08T13:23:53.342+0000] {logging_mixin.py:188} INFO - [2024-09-08T13:23:53.342+0000] {dag.py:3823} INFO - Setting next_dagrun for dataset_produces_1 to 2024-09-07 00:00:00+00:00, run_after=2024-09-08 00:00:00+00:00
[2024-09-08T13:23:53.347+0000] {logging_mixin.py:188} INFO - [2024-09-08T13:23:53.347+0000] {dag.py:3823} INFO - Setting next_dagrun for dataset_produces_2 to None, run_after=None
[2024-09-08T13:23:53.398+0000] {processor.py:183} INFO - Processing /home/airflow/.local/lib/python3.8/site-packages/airflow/example_dags/example_datasets.py took 0.213 seconds
[2024-09-08T13:24:24.092+0000] {processor.py:161} INFO - Started process (PID=253) to work on /home/airflow/.local/lib/python3.8/site-packages/airflow/example_dags/example_datasets.py
[2024-09-08T13:24:24.093+0000] {processor.py:830} INFO - Processing file /home/airflow/.local/lib/python3.8/site-packages/airflow/example_dags/example_datasets.py for tasks to queue
[2024-09-08T13:24:24.094+0000] {logging_mixin.py:188} INFO - [2024-09-08T13:24:24.094+0000] {dagbag.py:538} INFO - Filling up the DagBag from /home/airflow/.local/lib/python3.8/site-packages/airflow/example_dags/example_datasets.py
[2024-09-08T13:24:24.105+0000] {processor.py:840} INFO - DAG(s) 'dataset_consumes_1_never_scheduled', 'dataset_consumes_unknown_never_scheduled', 'dataset_consumes_1', 'dataset_produces_2', 'dataset_produces_1', 'dataset_consumes_1_and_2' retrieved from /home/airflow/.local/lib/python3.8/site-packages/airflow/example_dags/example_datasets.py
[2024-09-08T13:24:24.144+0000] {logging_mixin.py:188} INFO - [2024-09-08T13:24:24.144+0000] {dag.py:3036} INFO - Sync 6 DAGs
[2024-09-08T13:24:24.176+0000] {logging_mixin.py:188} INFO - [2024-09-08T13:24:24.176+0000] {dag.py:3823} INFO - Setting next_dagrun for dataset_consumes_1 to None, run_after=None
[2024-09-08T13:24:24.181+0000] {logging_mixin.py:188} INFO - [2024-09-08T13:24:24.181+0000] {dag.py:3823} INFO - Setting next_dagrun for dataset_consumes_1_and_2 to None, run_after=None
[2024-09-08T13:24:24.183+0000] {logging_mixin.py:188} INFO - [2024-09-08T13:24:24.183+0000] {dag.py:3823} INFO - Setting next_dagrun for dataset_consumes_1_never_scheduled to None, run_after=None
[2024-09-08T13:24:24.185+0000] {logging_mixin.py:188} INFO - [2024-09-08T13:24:24.184+0000] {dag.py:3823} INFO - Setting next_dagrun for dataset_consumes_unknown_never_scheduled to None, run_after=None
[2024-09-08T13:24:24.188+0000] {logging_mixin.py:188} INFO - [2024-09-08T13:24:24.188+0000] {dag.py:3823} INFO - Setting next_dagrun for dataset_produces_1 to 2024-09-07 00:00:00+00:00, run_after=2024-09-08 00:00:00+00:00
[2024-09-08T13:24:24.190+0000] {logging_mixin.py:188} INFO - [2024-09-08T13:24:24.190+0000] {dag.py:3823} INFO - Setting next_dagrun for dataset_produces_2 to None, run_after=None
[2024-09-08T13:24:24.232+0000] {processor.py:183} INFO - Processing /home/airflow/.local/lib/python3.8/site-packages/airflow/example_dags/example_datasets.py took 0.144 seconds
[2024-09-08T13:24:54.607+0000] {processor.py:161} INFO - Started process (PID=310) to work on /home/airflow/.local/lib/python3.8/site-packages/airflow/example_dags/example_datasets.py
[2024-09-08T13:24:54.608+0000] {processor.py:830} INFO - Processing file /home/airflow/.local/lib/python3.8/site-packages/airflow/example_dags/example_datasets.py for tasks to queue
[2024-09-08T13:24:54.610+0000] {logging_mixin.py:188} INFO - [2024-09-08T13:24:54.609+0000] {dagbag.py:538} INFO - Filling up the DagBag from /home/airflow/.local/lib/python3.8/site-packages/airflow/example_dags/example_datasets.py
[2024-09-08T13:24:54.622+0000] {processor.py:840} INFO - DAG(s) 'dataset_produces_1', 'dataset_produces_2', 'dataset_consumes_1', 'dataset_consumes_1_and_2', 'dataset_consumes_unknown_never_scheduled', 'dataset_consumes_1_never_scheduled' retrieved from /home/airflow/.local/lib/python3.8/site-packages/airflow/example_dags/example_datasets.py
[2024-09-08T13:24:54.683+0000] {logging_mixin.py:188} INFO - [2024-09-08T13:24:54.682+0000] {dag.py:3036} INFO - Sync 6 DAGs
[2024-09-08T13:24:54.713+0000] {logging_mixin.py:188} INFO - [2024-09-08T13:24:54.713+0000] {dag.py:3823} INFO - Setting next_dagrun for dataset_consumes_1 to None, run_after=None
[2024-09-08T13:24:54.717+0000] {logging_mixin.py:188} INFO - [2024-09-08T13:24:54.717+0000] {dag.py:3823} INFO - Setting next_dagrun for dataset_consumes_1_and_2 to None, run_after=None
[2024-09-08T13:24:54.719+0000] {logging_mixin.py:188} INFO - [2024-09-08T13:24:54.719+0000] {dag.py:3823} INFO - Setting next_dagrun for dataset_consumes_1_never_scheduled to None, run_after=None
[2024-09-08T13:24:54.722+0000] {logging_mixin.py:188} INFO - [2024-09-08T13:24:54.721+0000] {dag.py:3823} INFO - Setting next_dagrun for dataset_consumes_unknown_never_scheduled to None, run_after=None
[2024-09-08T13:24:54.726+0000] {logging_mixin.py:188} INFO - [2024-09-08T13:24:54.726+0000] {dag.py:3823} INFO - Setting next_dagrun for dataset_produces_1 to 2024-09-07 00:00:00+00:00, run_after=2024-09-08 00:00:00+00:00
[2024-09-08T13:24:54.729+0000] {logging_mixin.py:188} INFO - [2024-09-08T13:24:54.728+0000] {dag.py:3823} INFO - Setting next_dagrun for dataset_produces_2 to None, run_after=None
[2024-09-08T13:24:54.782+0000] {processor.py:183} INFO - Processing /home/airflow/.local/lib/python3.8/site-packages/airflow/example_dags/example_datasets.py took 0.179 seconds
[2024-09-08T13:25:25.200+0000] {processor.py:161} INFO - Started process (PID=367) to work on /home/airflow/.local/lib/python3.8/site-packages/airflow/example_dags/example_datasets.py
[2024-09-08T13:25:25.201+0000] {processor.py:830} INFO - Processing file /home/airflow/.local/lib/python3.8/site-packages/airflow/example_dags/example_datasets.py for tasks to queue
[2024-09-08T13:25:25.203+0000] {logging_mixin.py:188} INFO - [2024-09-08T13:25:25.202+0000] {dagbag.py:538} INFO - Filling up the DagBag from /home/airflow/.local/lib/python3.8/site-packages/airflow/example_dags/example_datasets.py
[2024-09-08T13:25:25.219+0000] {processor.py:840} INFO - DAG(s) 'dataset_consumes_1_and_2', 'dataset_produces_2', 'dataset_consumes_1', 'dataset_consumes_1_never_scheduled', 'dataset_consumes_unknown_never_scheduled', 'dataset_produces_1' retrieved from /home/airflow/.local/lib/python3.8/site-packages/airflow/example_dags/example_datasets.py
[2024-09-08T13:25:25.300+0000] {logging_mixin.py:188} INFO - [2024-09-08T13:25:25.300+0000] {dag.py:3036} INFO - Sync 6 DAGs
[2024-09-08T13:25:25.339+0000] {logging_mixin.py:188} INFO - [2024-09-08T13:25:25.339+0000] {dag.py:3823} INFO - Setting next_dagrun for dataset_consumes_1 to None, run_after=None
[2024-09-08T13:25:25.345+0000] {logging_mixin.py:188} INFO - [2024-09-08T13:25:25.345+0000] {dag.py:3823} INFO - Setting next_dagrun for dataset_consumes_1_and_2 to None, run_after=None
[2024-09-08T13:25:25.348+0000] {logging_mixin.py:188} INFO - [2024-09-08T13:25:25.347+0000] {dag.py:3823} INFO - Setting next_dagrun for dataset_consumes_1_never_scheduled to None, run_after=None
[2024-09-08T13:25:25.351+0000] {logging_mixin.py:188} INFO - [2024-09-08T13:25:25.350+0000] {dag.py:3823} INFO - Setting next_dagrun for dataset_consumes_unknown_never_scheduled to None, run_after=None
[2024-09-08T13:25:25.358+0000] {logging_mixin.py:188} INFO - [2024-09-08T13:25:25.358+0000] {dag.py:3823} INFO - Setting next_dagrun for dataset_produces_1 to 2024-09-07 00:00:00+00:00, run_after=2024-09-08 00:00:00+00:00
[2024-09-08T13:25:25.360+0000] {logging_mixin.py:188} INFO - [2024-09-08T13:25:25.360+0000] {dag.py:3823} INFO - Setting next_dagrun for dataset_produces_2 to None, run_after=None
[2024-09-08T13:25:25.411+0000] {processor.py:183} INFO - Processing /home/airflow/.local/lib/python3.8/site-packages/airflow/example_dags/example_datasets.py took 0.216 seconds
[2024-09-08T13:25:55.587+0000] {processor.py:161} INFO - Started process (PID=424) to work on /home/airflow/.local/lib/python3.8/site-packages/airflow/example_dags/example_datasets.py
[2024-09-08T13:25:55.588+0000] {processor.py:830} INFO - Processing file /home/airflow/.local/lib/python3.8/site-packages/airflow/example_dags/example_datasets.py for tasks to queue
[2024-09-08T13:25:55.589+0000] {logging_mixin.py:188} INFO - [2024-09-08T13:25:55.589+0000] {dagbag.py:538} INFO - Filling up the DagBag from /home/airflow/.local/lib/python3.8/site-packages/airflow/example_dags/example_datasets.py
[2024-09-08T13:25:55.604+0000] {processor.py:840} INFO - DAG(s) 'dataset_produces_2', 'dataset_consumes_1_never_scheduled', 'dataset_consumes_unknown_never_scheduled', 'dataset_produces_1', 'dataset_consumes_1', 'dataset_consumes_1_and_2' retrieved from /home/airflow/.local/lib/python3.8/site-packages/airflow/example_dags/example_datasets.py
[2024-09-08T13:25:55.659+0000] {logging_mixin.py:188} INFO - [2024-09-08T13:25:55.658+0000] {dag.py:3036} INFO - Sync 6 DAGs
[2024-09-08T13:25:55.693+0000] {logging_mixin.py:188} INFO - [2024-09-08T13:25:55.692+0000] {dag.py:3823} INFO - Setting next_dagrun for dataset_consumes_1 to None, run_after=None
[2024-09-08T13:25:55.697+0000] {logging_mixin.py:188} INFO - [2024-09-08T13:25:55.697+0000] {dag.py:3823} INFO - Setting next_dagrun for dataset_consumes_1_and_2 to None, run_after=None
[2024-09-08T13:25:55.699+0000] {logging_mixin.py:188} INFO - [2024-09-08T13:25:55.699+0000] {dag.py:3823} INFO - Setting next_dagrun for dataset_consumes_1_never_scheduled to None, run_after=None
[2024-09-08T13:25:55.701+0000] {logging_mixin.py:188} INFO - [2024-09-08T13:25:55.700+0000] {dag.py:3823} INFO - Setting next_dagrun for dataset_consumes_unknown_never_scheduled to None, run_after=None
[2024-09-08T13:25:55.705+0000] {logging_mixin.py:188} INFO - [2024-09-08T13:25:55.705+0000] {dag.py:3823} INFO - Setting next_dagrun for dataset_produces_1 to 2024-09-07 00:00:00+00:00, run_after=2024-09-08 00:00:00+00:00
[2024-09-08T13:25:55.707+0000] {logging_mixin.py:188} INFO - [2024-09-08T13:25:55.707+0000] {dag.py:3823} INFO - Setting next_dagrun for dataset_produces_2 to None, run_after=None
[2024-09-08T13:25:55.750+0000] {processor.py:183} INFO - Processing /home/airflow/.local/lib/python3.8/site-packages/airflow/example_dags/example_datasets.py took 0.170 seconds
[2024-09-08T13:26:26.875+0000] {processor.py:161} INFO - Started process (PID=481) to work on /home/airflow/.local/lib/python3.8/site-packages/airflow/example_dags/example_datasets.py
[2024-09-08T13:26:26.875+0000] {processor.py:830} INFO - Processing file /home/airflow/.local/lib/python3.8/site-packages/airflow/example_dags/example_datasets.py for tasks to queue
[2024-09-08T13:26:26.877+0000] {logging_mixin.py:188} INFO - [2024-09-08T13:26:26.876+0000] {dagbag.py:538} INFO - Filling up the DagBag from /home/airflow/.local/lib/python3.8/site-packages/airflow/example_dags/example_datasets.py
[2024-09-08T13:26:26.891+0000] {processor.py:840} INFO - DAG(s) 'dataset_consumes_1_and_2', 'dataset_consumes_1', 'dataset_consumes_1_never_scheduled', 'dataset_produces_2', 'dataset_produces_1', 'dataset_consumes_unknown_never_scheduled' retrieved from /home/airflow/.local/lib/python3.8/site-packages/airflow/example_dags/example_datasets.py
[2024-09-08T13:26:26.935+0000] {logging_mixin.py:188} INFO - [2024-09-08T13:26:26.935+0000] {dag.py:3036} INFO - Sync 6 DAGs
[2024-09-08T13:26:26.967+0000] {logging_mixin.py:188} INFO - [2024-09-08T13:26:26.967+0000] {dag.py:3823} INFO - Setting next_dagrun for dataset_consumes_1 to None, run_after=None
[2024-09-08T13:26:26.974+0000] {logging_mixin.py:188} INFO - [2024-09-08T13:26:26.973+0000] {dag.py:3823} INFO - Setting next_dagrun for dataset_consumes_1_and_2 to None, run_after=None
[2024-09-08T13:26:26.976+0000] {logging_mixin.py:188} INFO - [2024-09-08T13:26:26.976+0000] {dag.py:3823} INFO - Setting next_dagrun for dataset_consumes_1_never_scheduled to None, run_after=None
[2024-09-08T13:26:26.978+0000] {logging_mixin.py:188} INFO - [2024-09-08T13:26:26.978+0000] {dag.py:3823} INFO - Setting next_dagrun for dataset_consumes_unknown_never_scheduled to None, run_after=None
[2024-09-08T13:26:26.982+0000] {logging_mixin.py:188} INFO - [2024-09-08T13:26:26.981+0000] {dag.py:3823} INFO - Setting next_dagrun for dataset_produces_1 to 2024-09-07 00:00:00+00:00, run_after=2024-09-08 00:00:00+00:00
[2024-09-08T13:26:26.988+0000] {logging_mixin.py:188} INFO - [2024-09-08T13:26:26.987+0000] {dag.py:3823} INFO - Setting next_dagrun for dataset_produces_2 to None, run_after=None
[2024-09-08T13:26:27.034+0000] {processor.py:183} INFO - Processing /home/airflow/.local/lib/python3.8/site-packages/airflow/example_dags/example_datasets.py took 0.163 seconds
[2024-09-08T13:26:57.639+0000] {processor.py:161} INFO - Started process (PID=538) to work on /home/airflow/.local/lib/python3.8/site-packages/airflow/example_dags/example_datasets.py
[2024-09-08T13:26:57.640+0000] {processor.py:830} INFO - Processing file /home/airflow/.local/lib/python3.8/site-packages/airflow/example_dags/example_datasets.py for tasks to queue
[2024-09-08T13:26:57.642+0000] {logging_mixin.py:188} INFO - [2024-09-08T13:26:57.641+0000] {dagbag.py:538} INFO - Filling up the DagBag from /home/airflow/.local/lib/python3.8/site-packages/airflow/example_dags/example_datasets.py
[2024-09-08T13:26:57.658+0000] {processor.py:840} INFO - DAG(s) 'dataset_consumes_1_never_scheduled', 'dataset_consumes_1', 'dataset_consumes_1_and_2', 'dataset_produces_1', 'dataset_consumes_unknown_never_scheduled', 'dataset_produces_2' retrieved from /home/airflow/.local/lib/python3.8/site-packages/airflow/example_dags/example_datasets.py
[2024-09-08T13:26:57.708+0000] {logging_mixin.py:188} INFO - [2024-09-08T13:26:57.708+0000] {dag.py:3036} INFO - Sync 6 DAGs
[2024-09-08T13:26:57.740+0000] {logging_mixin.py:188} INFO - [2024-09-08T13:26:57.740+0000] {dag.py:3823} INFO - Setting next_dagrun for dataset_consumes_1 to None, run_after=None
[2024-09-08T13:26:57.746+0000] {logging_mixin.py:188} INFO - [2024-09-08T13:26:57.746+0000] {dag.py:3823} INFO - Setting next_dagrun for dataset_consumes_1_and_2 to None, run_after=None
[2024-09-08T13:26:57.748+0000] {logging_mixin.py:188} INFO - [2024-09-08T13:26:57.748+0000] {dag.py:3823} INFO - Setting next_dagrun for dataset_consumes_1_never_scheduled to None, run_after=None
[2024-09-08T13:26:57.750+0000] {logging_mixin.py:188} INFO - [2024-09-08T13:26:57.750+0000] {dag.py:3823} INFO - Setting next_dagrun for dataset_consumes_unknown_never_scheduled to None, run_after=None
[2024-09-08T13:26:57.754+0000] {logging_mixin.py:188} INFO - [2024-09-08T13:26:57.754+0000] {dag.py:3823} INFO - Setting next_dagrun for dataset_produces_1 to 2024-09-07 00:00:00+00:00, run_after=2024-09-08 00:00:00+00:00
[2024-09-08T13:26:57.757+0000] {logging_mixin.py:188} INFO - [2024-09-08T13:26:57.757+0000] {dag.py:3823} INFO - Setting next_dagrun for dataset_produces_2 to None, run_after=None
[2024-09-08T13:26:57.811+0000] {processor.py:183} INFO - Processing /home/airflow/.local/lib/python3.8/site-packages/airflow/example_dags/example_datasets.py took 0.175 seconds
[2024-09-08T13:27:28.364+0000] {processor.py:161} INFO - Started process (PID=595) to work on /home/airflow/.local/lib/python3.8/site-packages/airflow/example_dags/example_datasets.py
[2024-09-08T13:27:28.365+0000] {processor.py:830} INFO - Processing file /home/airflow/.local/lib/python3.8/site-packages/airflow/example_dags/example_datasets.py for tasks to queue
[2024-09-08T13:27:28.367+0000] {logging_mixin.py:188} INFO - [2024-09-08T13:27:28.366+0000] {dagbag.py:538} INFO - Filling up the DagBag from /home/airflow/.local/lib/python3.8/site-packages/airflow/example_dags/example_datasets.py
[2024-09-08T13:27:28.381+0000] {processor.py:840} INFO - DAG(s) 'dataset_consumes_1', 'dataset_produces_1', 'dataset_consumes_unknown_never_scheduled', 'dataset_consumes_1_and_2', 'dataset_produces_2', 'dataset_consumes_1_never_scheduled' retrieved from /home/airflow/.local/lib/python3.8/site-packages/airflow/example_dags/example_datasets.py
[2024-09-08T13:27:28.429+0000] {logging_mixin.py:188} INFO - [2024-09-08T13:27:28.428+0000] {dag.py:3036} INFO - Sync 6 DAGs
[2024-09-08T13:27:28.467+0000] {logging_mixin.py:188} INFO - [2024-09-08T13:27:28.466+0000] {dag.py:3823} INFO - Setting next_dagrun for dataset_consumes_1 to None, run_after=None
[2024-09-08T13:27:28.474+0000] {logging_mixin.py:188} INFO - [2024-09-08T13:27:28.474+0000] {dag.py:3823} INFO - Setting next_dagrun for dataset_consumes_1_and_2 to None, run_after=None
[2024-09-08T13:27:28.476+0000] {logging_mixin.py:188} INFO - [2024-09-08T13:27:28.476+0000] {dag.py:3823} INFO - Setting next_dagrun for dataset_consumes_1_never_scheduled to None, run_after=None
[2024-09-08T13:27:28.479+0000] {logging_mixin.py:188} INFO - [2024-09-08T13:27:28.478+0000] {dag.py:3823} INFO - Setting next_dagrun for dataset_consumes_unknown_never_scheduled to None, run_after=None
[2024-09-08T13:27:28.483+0000] {logging_mixin.py:188} INFO - [2024-09-08T13:27:28.482+0000] {dag.py:3823} INFO - Setting next_dagrun for dataset_produces_1 to 2024-09-07 00:00:00+00:00, run_after=2024-09-08 00:00:00+00:00
[2024-09-08T13:27:28.486+0000] {logging_mixin.py:188} INFO - [2024-09-08T13:27:28.486+0000] {dag.py:3823} INFO - Setting next_dagrun for dataset_produces_2 to None, run_after=None
[2024-09-08T13:27:28.529+0000] {processor.py:183} INFO - Processing /home/airflow/.local/lib/python3.8/site-packages/airflow/example_dags/example_datasets.py took 0.169 seconds
[2024-09-08T13:27:58.751+0000] {processor.py:161} INFO - Started process (PID=652) to work on /home/airflow/.local/lib/python3.8/site-packages/airflow/example_dags/example_datasets.py
[2024-09-08T13:27:58.754+0000] {processor.py:830} INFO - Processing file /home/airflow/.local/lib/python3.8/site-packages/airflow/example_dags/example_datasets.py for tasks to queue
[2024-09-08T13:27:58.757+0000] {logging_mixin.py:188} INFO - [2024-09-08T13:27:58.756+0000] {dagbag.py:538} INFO - Filling up the DagBag from /home/airflow/.local/lib/python3.8/site-packages/airflow/example_dags/example_datasets.py
[2024-09-08T13:27:58.773+0000] {processor.py:840} INFO - DAG(s) 'dataset_consumes_1_and_2', 'dataset_produces_1', 'dataset_consumes_unknown_never_scheduled', 'dataset_consumes_1_never_scheduled', 'dataset_consumes_1', 'dataset_produces_2' retrieved from /home/airflow/.local/lib/python3.8/site-packages/airflow/example_dags/example_datasets.py
[2024-09-08T13:27:58.833+0000] {logging_mixin.py:188} INFO - [2024-09-08T13:27:58.833+0000] {dag.py:3036} INFO - Sync 6 DAGs
[2024-09-08T13:27:58.873+0000] {logging_mixin.py:188} INFO - [2024-09-08T13:27:58.872+0000] {dag.py:3823} INFO - Setting next_dagrun for dataset_consumes_1 to None, run_after=None
[2024-09-08T13:27:58.881+0000] {logging_mixin.py:188} INFO - [2024-09-08T13:27:58.881+0000] {dag.py:3823} INFO - Setting next_dagrun for dataset_consumes_1_and_2 to None, run_after=None
[2024-09-08T13:27:58.884+0000] {logging_mixin.py:188} INFO - [2024-09-08T13:27:58.883+0000] {dag.py:3823} INFO - Setting next_dagrun for dataset_consumes_1_never_scheduled to None, run_after=None
[2024-09-08T13:27:58.887+0000] {logging_mixin.py:188} INFO - [2024-09-08T13:27:58.887+0000] {dag.py:3823} INFO - Setting next_dagrun for dataset_consumes_unknown_never_scheduled to None, run_after=None
[2024-09-08T13:27:58.893+0000] {logging_mixin.py:188} INFO - [2024-09-08T13:27:58.892+0000] {dag.py:3823} INFO - Setting next_dagrun for dataset_produces_1 to 2024-09-07 00:00:00+00:00, run_after=2024-09-08 00:00:00+00:00
[2024-09-08T13:27:58.898+0000] {logging_mixin.py:188} INFO - [2024-09-08T13:27:58.897+0000] {dag.py:3823} INFO - Setting next_dagrun for dataset_produces_2 to None, run_after=None
[2024-09-08T13:27:58.966+0000] {processor.py:183} INFO - Processing /home/airflow/.local/lib/python3.8/site-packages/airflow/example_dags/example_datasets.py took 0.221 seconds
[2024-09-08T13:28:29.682+0000] {processor.py:161} INFO - Started process (PID=709) to work on /home/airflow/.local/lib/python3.8/site-packages/airflow/example_dags/example_datasets.py
[2024-09-08T13:28:29.683+0000] {processor.py:830} INFO - Processing file /home/airflow/.local/lib/python3.8/site-packages/airflow/example_dags/example_datasets.py for tasks to queue
[2024-09-08T13:28:29.684+0000] {logging_mixin.py:188} INFO - [2024-09-08T13:28:29.684+0000] {dagbag.py:538} INFO - Filling up the DagBag from /home/airflow/.local/lib/python3.8/site-packages/airflow/example_dags/example_datasets.py
[2024-09-08T13:28:29.699+0000] {processor.py:840} INFO - DAG(s) 'dataset_produces_1', 'dataset_consumes_1_never_scheduled', 'dataset_produces_2', 'dataset_consumes_unknown_never_scheduled', 'dataset_consumes_1', 'dataset_consumes_1_and_2' retrieved from /home/airflow/.local/lib/python3.8/site-packages/airflow/example_dags/example_datasets.py
[2024-09-08T13:28:29.760+0000] {logging_mixin.py:188} INFO - [2024-09-08T13:28:29.760+0000] {dag.py:3036} INFO - Sync 6 DAGs
[2024-09-08T13:28:29.816+0000] {logging_mixin.py:188} INFO - [2024-09-08T13:28:29.816+0000] {dag.py:3823} INFO - Setting next_dagrun for dataset_consumes_1 to None, run_after=None
[2024-09-08T13:28:29.823+0000] {logging_mixin.py:188} INFO - [2024-09-08T13:28:29.823+0000] {dag.py:3823} INFO - Setting next_dagrun for dataset_consumes_1_and_2 to None, run_after=None
[2024-09-08T13:28:29.827+0000] {logging_mixin.py:188} INFO - [2024-09-08T13:28:29.826+0000] {dag.py:3823} INFO - Setting next_dagrun for dataset_consumes_1_never_scheduled to None, run_after=None
[2024-09-08T13:28:29.830+0000] {logging_mixin.py:188} INFO - [2024-09-08T13:28:29.830+0000] {dag.py:3823} INFO - Setting next_dagrun for dataset_consumes_unknown_never_scheduled to None, run_after=None
[2024-09-08T13:28:29.836+0000] {logging_mixin.py:188} INFO - [2024-09-08T13:28:29.835+0000] {dag.py:3823} INFO - Setting next_dagrun for dataset_produces_1 to 2024-09-07 00:00:00+00:00, run_after=2024-09-08 00:00:00+00:00
[2024-09-08T13:28:29.838+0000] {logging_mixin.py:188} INFO - [2024-09-08T13:28:29.838+0000] {dag.py:3823} INFO - Setting next_dagrun for dataset_produces_2 to None, run_after=None
[2024-09-08T13:28:29.905+0000] {processor.py:183} INFO - Processing /home/airflow/.local/lib/python3.8/site-packages/airflow/example_dags/example_datasets.py took 0.227 seconds
[2024-09-08T13:29:00.884+0000] {processor.py:161} INFO - Started process (PID=766) to work on /home/airflow/.local/lib/python3.8/site-packages/airflow/example_dags/example_datasets.py
[2024-09-08T13:29:00.885+0000] {processor.py:830} INFO - Processing file /home/airflow/.local/lib/python3.8/site-packages/airflow/example_dags/example_datasets.py for tasks to queue
[2024-09-08T13:29:00.887+0000] {logging_mixin.py:188} INFO - [2024-09-08T13:29:00.886+0000] {dagbag.py:538} INFO - Filling up the DagBag from /home/airflow/.local/lib/python3.8/site-packages/airflow/example_dags/example_datasets.py
[2024-09-08T13:29:00.904+0000] {processor.py:840} INFO - DAG(s) 'dataset_consumes_1_and_2', 'dataset_consumes_1_never_scheduled', 'dataset_consumes_unknown_never_scheduled', 'dataset_produces_1', 'dataset_consumes_1', 'dataset_produces_2' retrieved from /home/airflow/.local/lib/python3.8/site-packages/airflow/example_dags/example_datasets.py
[2024-09-08T13:29:00.957+0000] {logging_mixin.py:188} INFO - [2024-09-08T13:29:00.957+0000] {dag.py:3036} INFO - Sync 6 DAGs
[2024-09-08T13:29:00.990+0000] {logging_mixin.py:188} INFO - [2024-09-08T13:29:00.990+0000] {dag.py:3823} INFO - Setting next_dagrun for dataset_consumes_1 to None, run_after=None
[2024-09-08T13:29:00.996+0000] {logging_mixin.py:188} INFO - [2024-09-08T13:29:00.996+0000] {dag.py:3823} INFO - Setting next_dagrun for dataset_consumes_1_and_2 to None, run_after=None
[2024-09-08T13:29:01.000+0000] {logging_mixin.py:188} INFO - [2024-09-08T13:29:01.000+0000] {dag.py:3823} INFO - Setting next_dagrun for dataset_consumes_1_never_scheduled to None, run_after=None
[2024-09-08T13:29:01.003+0000] {logging_mixin.py:188} INFO - [2024-09-08T13:29:01.003+0000] {dag.py:3823} INFO - Setting next_dagrun for dataset_consumes_unknown_never_scheduled to None, run_after=None
[2024-09-08T13:29:01.008+0000] {logging_mixin.py:188} INFO - [2024-09-08T13:29:01.007+0000] {dag.py:3823} INFO - Setting next_dagrun for dataset_produces_1 to 2024-09-07 00:00:00+00:00, run_after=2024-09-08 00:00:00+00:00
[2024-09-08T13:29:01.010+0000] {logging_mixin.py:188} INFO - [2024-09-08T13:29:01.010+0000] {dag.py:3823} INFO - Setting next_dagrun for dataset_produces_2 to None, run_after=None
[2024-09-08T13:29:01.068+0000] {processor.py:183} INFO - Processing /home/airflow/.local/lib/python3.8/site-packages/airflow/example_dags/example_datasets.py took 0.188 seconds
[2024-09-08T13:29:31.826+0000] {processor.py:161} INFO - Started process (PID=823) to work on /home/airflow/.local/lib/python3.8/site-packages/airflow/example_dags/example_datasets.py
[2024-09-08T13:29:31.827+0000] {processor.py:830} INFO - Processing file /home/airflow/.local/lib/python3.8/site-packages/airflow/example_dags/example_datasets.py for tasks to queue
[2024-09-08T13:29:31.828+0000] {logging_mixin.py:188} INFO - [2024-09-08T13:29:31.828+0000] {dagbag.py:538} INFO - Filling up the DagBag from /home/airflow/.local/lib/python3.8/site-packages/airflow/example_dags/example_datasets.py
[2024-09-08T13:29:31.840+0000] {processor.py:840} INFO - DAG(s) 'dataset_consumes_1_never_scheduled', 'dataset_produces_2', 'dataset_consumes_1', 'dataset_produces_1', 'dataset_consumes_unknown_never_scheduled', 'dataset_consumes_1_and_2' retrieved from /home/airflow/.local/lib/python3.8/site-packages/airflow/example_dags/example_datasets.py
[2024-09-08T13:29:31.894+0000] {logging_mixin.py:188} INFO - [2024-09-08T13:29:31.893+0000] {dag.py:3036} INFO - Sync 6 DAGs
[2024-09-08T13:29:31.924+0000] {logging_mixin.py:188} INFO - [2024-09-08T13:29:31.924+0000] {dag.py:3823} INFO - Setting next_dagrun for dataset_consumes_1 to None, run_after=None
[2024-09-08T13:29:31.929+0000] {logging_mixin.py:188} INFO - [2024-09-08T13:29:31.929+0000] {dag.py:3823} INFO - Setting next_dagrun for dataset_consumes_1_and_2 to None, run_after=None
[2024-09-08T13:29:31.932+0000] {logging_mixin.py:188} INFO - [2024-09-08T13:29:31.931+0000] {dag.py:3823} INFO - Setting next_dagrun for dataset_consumes_1_never_scheduled to None, run_after=None
[2024-09-08T13:29:31.934+0000] {logging_mixin.py:188} INFO - [2024-09-08T13:29:31.934+0000] {dag.py:3823} INFO - Setting next_dagrun for dataset_consumes_unknown_never_scheduled to None, run_after=None
[2024-09-08T13:29:31.938+0000] {logging_mixin.py:188} INFO - [2024-09-08T13:29:31.937+0000] {dag.py:3823} INFO - Setting next_dagrun for dataset_produces_1 to 2024-09-07 00:00:00+00:00, run_after=2024-09-08 00:00:00+00:00
[2024-09-08T13:29:31.940+0000] {logging_mixin.py:188} INFO - [2024-09-08T13:29:31.940+0000] {dag.py:3823} INFO - Setting next_dagrun for dataset_produces_2 to None, run_after=None
[2024-09-08T13:29:31.983+0000] {processor.py:183} INFO - Processing /home/airflow/.local/lib/python3.8/site-packages/airflow/example_dags/example_datasets.py took 0.161 seconds
