[2024-09-08T13:22:52.633+0000] {processor.py:161} INFO - Started process (PID=84) to work on /home/airflow/.local/lib/python3.8/site-packages/airflow/example_dags/example_skip_dag.py
[2024-09-08T13:22:52.634+0000] {processor.py:830} INFO - Processing file /home/airflow/.local/lib/python3.8/site-packages/airflow/example_dags/example_skip_dag.py for tasks to queue
[2024-09-08T13:22:52.636+0000] {logging_mixin.py:188} INFO - [2024-09-08T13:22:52.635+0000] {dagbag.py:538} INFO - Filling up the DagBag from /home/airflow/.local/lib/python3.8/site-packages/airflow/example_dags/example_skip_dag.py
[2024-09-08T13:22:52.668+0000] {processor.py:840} INFO - DAG(s) 'example_skip_dag' retrieved from /home/airflow/.local/lib/python3.8/site-packages/airflow/example_dags/example_skip_dag.py
[2024-09-08T13:22:52.718+0000] {logging_mixin.py:188} INFO - [2024-09-08T13:22:52.717+0000] {dag.py:3036} INFO - Sync 1 DAGs
[2024-09-08T13:22:52.763+0000] {logging_mixin.py:188} INFO - [2024-09-08T13:22:52.763+0000] {dag.py:3823} INFO - Setting next_dagrun for example_skip_dag to 2024-09-07 00:00:00+00:00, run_after=2024-09-08 00:00:00+00:00
[2024-09-08T13:22:52.826+0000] {processor.py:183} INFO - Processing /home/airflow/.local/lib/python3.8/site-packages/airflow/example_dags/example_skip_dag.py took 0.203 seconds
[2024-09-08T13:23:23.100+0000] {processor.py:161} INFO - Started process (PID=141) to work on /home/airflow/.local/lib/python3.8/site-packages/airflow/example_dags/example_skip_dag.py
[2024-09-08T13:23:23.102+0000] {processor.py:830} INFO - Processing file /home/airflow/.local/lib/python3.8/site-packages/airflow/example_dags/example_skip_dag.py for tasks to queue
[2024-09-08T13:23:23.104+0000] {logging_mixin.py:188} INFO - [2024-09-08T13:23:23.103+0000] {dagbag.py:538} INFO - Filling up the DagBag from /home/airflow/.local/lib/python3.8/site-packages/airflow/example_dags/example_skip_dag.py
[2024-09-08T13:23:23.119+0000] {processor.py:840} INFO - DAG(s) 'example_skip_dag' retrieved from /home/airflow/.local/lib/python3.8/site-packages/airflow/example_dags/example_skip_dag.py
[2024-09-08T13:23:23.168+0000] {logging_mixin.py:188} INFO - [2024-09-08T13:23:23.168+0000] {dag.py:3036} INFO - Sync 1 DAGs
[2024-09-08T13:23:23.211+0000] {logging_mixin.py:188} INFO - [2024-09-08T13:23:23.210+0000] {dag.py:3823} INFO - Setting next_dagrun for example_skip_dag to 2024-09-07 00:00:00+00:00, run_after=2024-09-08 00:00:00+00:00
[2024-09-08T13:23:23.248+0000] {processor.py:183} INFO - Processing /home/airflow/.local/lib/python3.8/site-packages/airflow/example_dags/example_skip_dag.py took 0.153 seconds
[2024-09-08T13:23:53.395+0000] {processor.py:161} INFO - Started process (PID=198) to work on /home/airflow/.local/lib/python3.8/site-packages/airflow/example_dags/example_skip_dag.py
[2024-09-08T13:23:53.396+0000] {processor.py:830} INFO - Processing file /home/airflow/.local/lib/python3.8/site-packages/airflow/example_dags/example_skip_dag.py for tasks to queue
[2024-09-08T13:23:53.398+0000] {logging_mixin.py:188} INFO - [2024-09-08T13:23:53.398+0000] {dagbag.py:538} INFO - Filling up the DagBag from /home/airflow/.local/lib/python3.8/site-packages/airflow/example_dags/example_skip_dag.py
[2024-09-08T13:23:53.409+0000] {processor.py:840} INFO - DAG(s) 'example_skip_dag' retrieved from /home/airflow/.local/lib/python3.8/site-packages/airflow/example_dags/example_skip_dag.py
[2024-09-08T13:23:53.435+0000] {logging_mixin.py:188} INFO - [2024-09-08T13:23:53.435+0000] {dag.py:3036} INFO - Sync 1 DAGs
[2024-09-08T13:23:53.467+0000] {logging_mixin.py:188} INFO - [2024-09-08T13:23:53.466+0000] {dag.py:3823} INFO - Setting next_dagrun for example_skip_dag to 2024-09-07 00:00:00+00:00, run_after=2024-09-08 00:00:00+00:00
[2024-09-08T13:23:53.491+0000] {processor.py:183} INFO - Processing /home/airflow/.local/lib/python3.8/site-packages/airflow/example_dags/example_skip_dag.py took 0.100 seconds
[2024-09-08T13:24:24.271+0000] {processor.py:161} INFO - Started process (PID=255) to work on /home/airflow/.local/lib/python3.8/site-packages/airflow/example_dags/example_skip_dag.py
[2024-09-08T13:24:24.273+0000] {processor.py:830} INFO - Processing file /home/airflow/.local/lib/python3.8/site-packages/airflow/example_dags/example_skip_dag.py for tasks to queue
[2024-09-08T13:24:24.274+0000] {logging_mixin.py:188} INFO - [2024-09-08T13:24:24.274+0000] {dagbag.py:538} INFO - Filling up the DagBag from /home/airflow/.local/lib/python3.8/site-packages/airflow/example_dags/example_skip_dag.py
[2024-09-08T13:24:24.285+0000] {processor.py:840} INFO - DAG(s) 'example_skip_dag' retrieved from /home/airflow/.local/lib/python3.8/site-packages/airflow/example_dags/example_skip_dag.py
[2024-09-08T13:24:24.316+0000] {logging_mixin.py:188} INFO - [2024-09-08T13:24:24.315+0000] {dag.py:3036} INFO - Sync 1 DAGs
[2024-09-08T13:24:24.354+0000] {logging_mixin.py:188} INFO - [2024-09-08T13:24:24.354+0000] {dag.py:3823} INFO - Setting next_dagrun for example_skip_dag to 2024-09-07 00:00:00+00:00, run_after=2024-09-08 00:00:00+00:00
[2024-09-08T13:24:24.395+0000] {processor.py:183} INFO - Processing /home/airflow/.local/lib/python3.8/site-packages/airflow/example_dags/example_skip_dag.py took 0.128 seconds
[2024-09-08T13:24:54.817+0000] {processor.py:161} INFO - Started process (PID=312) to work on /home/airflow/.local/lib/python3.8/site-packages/airflow/example_dags/example_skip_dag.py
[2024-09-08T13:24:54.818+0000] {processor.py:830} INFO - Processing file /home/airflow/.local/lib/python3.8/site-packages/airflow/example_dags/example_skip_dag.py for tasks to queue
[2024-09-08T13:24:54.820+0000] {logging_mixin.py:188} INFO - [2024-09-08T13:24:54.820+0000] {dagbag.py:538} INFO - Filling up the DagBag from /home/airflow/.local/lib/python3.8/site-packages/airflow/example_dags/example_skip_dag.py
[2024-09-08T13:24:54.831+0000] {processor.py:840} INFO - DAG(s) 'example_skip_dag' retrieved from /home/airflow/.local/lib/python3.8/site-packages/airflow/example_dags/example_skip_dag.py
[2024-09-08T13:24:54.863+0000] {logging_mixin.py:188} INFO - [2024-09-08T13:24:54.862+0000] {dag.py:3036} INFO - Sync 1 DAGs
[2024-09-08T13:24:54.890+0000] {logging_mixin.py:188} INFO - [2024-09-08T13:24:54.890+0000] {dag.py:3823} INFO - Setting next_dagrun for example_skip_dag to 2024-09-07 00:00:00+00:00, run_after=2024-09-08 00:00:00+00:00
[2024-09-08T13:24:54.912+0000] {processor.py:183} INFO - Processing /home/airflow/.local/lib/python3.8/site-packages/airflow/example_dags/example_skip_dag.py took 0.099 seconds
[2024-09-08T13:25:25.435+0000] {processor.py:161} INFO - Started process (PID=369) to work on /home/airflow/.local/lib/python3.8/site-packages/airflow/example_dags/example_skip_dag.py
[2024-09-08T13:25:25.437+0000] {processor.py:830} INFO - Processing file /home/airflow/.local/lib/python3.8/site-packages/airflow/example_dags/example_skip_dag.py for tasks to queue
[2024-09-08T13:25:25.438+0000] {logging_mixin.py:188} INFO - [2024-09-08T13:25:25.438+0000] {dagbag.py:538} INFO - Filling up the DagBag from /home/airflow/.local/lib/python3.8/site-packages/airflow/example_dags/example_skip_dag.py
[2024-09-08T13:25:25.453+0000] {processor.py:840} INFO - DAG(s) 'example_skip_dag' retrieved from /home/airflow/.local/lib/python3.8/site-packages/airflow/example_dags/example_skip_dag.py
[2024-09-08T13:25:25.491+0000] {logging_mixin.py:188} INFO - [2024-09-08T13:25:25.490+0000] {dag.py:3036} INFO - Sync 1 DAGs
[2024-09-08T13:25:25.530+0000] {logging_mixin.py:188} INFO - [2024-09-08T13:25:25.529+0000] {dag.py:3823} INFO - Setting next_dagrun for example_skip_dag to 2024-09-07 00:00:00+00:00, run_after=2024-09-08 00:00:00+00:00
[2024-09-08T13:25:25.563+0000] {processor.py:183} INFO - Processing /home/airflow/.local/lib/python3.8/site-packages/airflow/example_dags/example_skip_dag.py took 0.132 seconds
[2024-09-08T13:25:55.788+0000] {processor.py:161} INFO - Started process (PID=426) to work on /home/airflow/.local/lib/python3.8/site-packages/airflow/example_dags/example_skip_dag.py
[2024-09-08T13:25:55.789+0000] {processor.py:830} INFO - Processing file /home/airflow/.local/lib/python3.8/site-packages/airflow/example_dags/example_skip_dag.py for tasks to queue
[2024-09-08T13:25:55.791+0000] {logging_mixin.py:188} INFO - [2024-09-08T13:25:55.790+0000] {dagbag.py:538} INFO - Filling up the DagBag from /home/airflow/.local/lib/python3.8/site-packages/airflow/example_dags/example_skip_dag.py
[2024-09-08T13:25:55.800+0000] {processor.py:840} INFO - DAG(s) 'example_skip_dag' retrieved from /home/airflow/.local/lib/python3.8/site-packages/airflow/example_dags/example_skip_dag.py
[2024-09-08T13:25:55.829+0000] {logging_mixin.py:188} INFO - [2024-09-08T13:25:55.829+0000] {dag.py:3036} INFO - Sync 1 DAGs
[2024-09-08T13:25:55.875+0000] {logging_mixin.py:188} INFO - [2024-09-08T13:25:55.874+0000] {dag.py:3823} INFO - Setting next_dagrun for example_skip_dag to 2024-09-07 00:00:00+00:00, run_after=2024-09-08 00:00:00+00:00
[2024-09-08T13:25:55.926+0000] {processor.py:183} INFO - Processing /home/airflow/.local/lib/python3.8/site-packages/airflow/example_dags/example_skip_dag.py took 0.142 seconds
[2024-09-08T13:26:27.083+0000] {processor.py:161} INFO - Started process (PID=483) to work on /home/airflow/.local/lib/python3.8/site-packages/airflow/example_dags/example_skip_dag.py
[2024-09-08T13:26:27.084+0000] {processor.py:830} INFO - Processing file /home/airflow/.local/lib/python3.8/site-packages/airflow/example_dags/example_skip_dag.py for tasks to queue
[2024-09-08T13:26:27.085+0000] {logging_mixin.py:188} INFO - [2024-09-08T13:26:27.085+0000] {dagbag.py:538} INFO - Filling up the DagBag from /home/airflow/.local/lib/python3.8/site-packages/airflow/example_dags/example_skip_dag.py
[2024-09-08T13:26:27.096+0000] {processor.py:840} INFO - DAG(s) 'example_skip_dag' retrieved from /home/airflow/.local/lib/python3.8/site-packages/airflow/example_dags/example_skip_dag.py
[2024-09-08T13:26:27.127+0000] {logging_mixin.py:188} INFO - [2024-09-08T13:26:27.127+0000] {dag.py:3036} INFO - Sync 1 DAGs
[2024-09-08T13:26:27.161+0000] {logging_mixin.py:188} INFO - [2024-09-08T13:26:27.160+0000] {dag.py:3823} INFO - Setting next_dagrun for example_skip_dag to 2024-09-07 00:00:00+00:00, run_after=2024-09-08 00:00:00+00:00
[2024-09-08T13:26:27.188+0000] {processor.py:183} INFO - Processing /home/airflow/.local/lib/python3.8/site-packages/airflow/example_dags/example_skip_dag.py took 0.110 seconds
[2024-09-08T13:26:57.840+0000] {processor.py:161} INFO - Started process (PID=540) to work on /home/airflow/.local/lib/python3.8/site-packages/airflow/example_dags/example_skip_dag.py
[2024-09-08T13:26:57.841+0000] {processor.py:830} INFO - Processing file /home/airflow/.local/lib/python3.8/site-packages/airflow/example_dags/example_skip_dag.py for tasks to queue
[2024-09-08T13:26:57.843+0000] {logging_mixin.py:188} INFO - [2024-09-08T13:26:57.842+0000] {dagbag.py:538} INFO - Filling up the DagBag from /home/airflow/.local/lib/python3.8/site-packages/airflow/example_dags/example_skip_dag.py
[2024-09-08T13:26:57.852+0000] {processor.py:840} INFO - DAG(s) 'example_skip_dag' retrieved from /home/airflow/.local/lib/python3.8/site-packages/airflow/example_dags/example_skip_dag.py
[2024-09-08T13:26:57.885+0000] {logging_mixin.py:188} INFO - [2024-09-08T13:26:57.884+0000] {dag.py:3036} INFO - Sync 1 DAGs
[2024-09-08T13:26:57.923+0000] {logging_mixin.py:188} INFO - [2024-09-08T13:26:57.923+0000] {dag.py:3823} INFO - Setting next_dagrun for example_skip_dag to 2024-09-07 00:00:00+00:00, run_after=2024-09-08 00:00:00+00:00
[2024-09-08T13:26:57.959+0000] {processor.py:183} INFO - Processing /home/airflow/.local/lib/python3.8/site-packages/airflow/example_dags/example_skip_dag.py took 0.122 seconds
[2024-09-08T13:27:28.562+0000] {processor.py:161} INFO - Started process (PID=597) to work on /home/airflow/.local/lib/python3.8/site-packages/airflow/example_dags/example_skip_dag.py
[2024-09-08T13:27:28.563+0000] {processor.py:830} INFO - Processing file /home/airflow/.local/lib/python3.8/site-packages/airflow/example_dags/example_skip_dag.py for tasks to queue
[2024-09-08T13:27:28.565+0000] {logging_mixin.py:188} INFO - [2024-09-08T13:27:28.565+0000] {dagbag.py:538} INFO - Filling up the DagBag from /home/airflow/.local/lib/python3.8/site-packages/airflow/example_dags/example_skip_dag.py
[2024-09-08T13:27:28.578+0000] {processor.py:840} INFO - DAG(s) 'example_skip_dag' retrieved from /home/airflow/.local/lib/python3.8/site-packages/airflow/example_dags/example_skip_dag.py
[2024-09-08T13:27:28.611+0000] {logging_mixin.py:188} INFO - [2024-09-08T13:27:28.610+0000] {dag.py:3036} INFO - Sync 1 DAGs
[2024-09-08T13:27:28.646+0000] {logging_mixin.py:188} INFO - [2024-09-08T13:27:28.645+0000] {dag.py:3823} INFO - Setting next_dagrun for example_skip_dag to 2024-09-07 00:00:00+00:00, run_after=2024-09-08 00:00:00+00:00
[2024-09-08T13:27:28.679+0000] {processor.py:183} INFO - Processing /home/airflow/.local/lib/python3.8/site-packages/airflow/example_dags/example_skip_dag.py took 0.121 seconds
[2024-09-08T13:27:59.007+0000] {processor.py:161} INFO - Started process (PID=654) to work on /home/airflow/.local/lib/python3.8/site-packages/airflow/example_dags/example_skip_dag.py
[2024-09-08T13:27:59.008+0000] {processor.py:830} INFO - Processing file /home/airflow/.local/lib/python3.8/site-packages/airflow/example_dags/example_skip_dag.py for tasks to queue
[2024-09-08T13:27:59.010+0000] {logging_mixin.py:188} INFO - [2024-09-08T13:27:59.009+0000] {dagbag.py:538} INFO - Filling up the DagBag from /home/airflow/.local/lib/python3.8/site-packages/airflow/example_dags/example_skip_dag.py
[2024-09-08T13:27:59.022+0000] {processor.py:840} INFO - DAG(s) 'example_skip_dag' retrieved from /home/airflow/.local/lib/python3.8/site-packages/airflow/example_dags/example_skip_dag.py
[2024-09-08T13:27:59.058+0000] {logging_mixin.py:188} INFO - [2024-09-08T13:27:59.058+0000] {dag.py:3036} INFO - Sync 1 DAGs
[2024-09-08T13:27:59.102+0000] {logging_mixin.py:188} INFO - [2024-09-08T13:27:59.102+0000] {dag.py:3823} INFO - Setting next_dagrun for example_skip_dag to 2024-09-07 00:00:00+00:00, run_after=2024-09-08 00:00:00+00:00
[2024-09-08T13:27:59.127+0000] {processor.py:183} INFO - Processing /home/airflow/.local/lib/python3.8/site-packages/airflow/example_dags/example_skip_dag.py took 0.126 seconds
[2024-09-08T13:28:29.954+0000] {processor.py:161} INFO - Started process (PID=711) to work on /home/airflow/.local/lib/python3.8/site-packages/airflow/example_dags/example_skip_dag.py
[2024-09-08T13:28:29.956+0000] {processor.py:830} INFO - Processing file /home/airflow/.local/lib/python3.8/site-packages/airflow/example_dags/example_skip_dag.py for tasks to queue
[2024-09-08T13:28:29.958+0000] {logging_mixin.py:188} INFO - [2024-09-08T13:28:29.958+0000] {dagbag.py:538} INFO - Filling up the DagBag from /home/airflow/.local/lib/python3.8/site-packages/airflow/example_dags/example_skip_dag.py
[2024-09-08T13:28:29.971+0000] {processor.py:840} INFO - DAG(s) 'example_skip_dag' retrieved from /home/airflow/.local/lib/python3.8/site-packages/airflow/example_dags/example_skip_dag.py
[2024-09-08T13:28:30.013+0000] {logging_mixin.py:188} INFO - [2024-09-08T13:28:30.012+0000] {dag.py:3036} INFO - Sync 1 DAGs
[2024-09-08T13:28:30.059+0000] {logging_mixin.py:188} INFO - [2024-09-08T13:28:30.058+0000] {dag.py:3823} INFO - Setting next_dagrun for example_skip_dag to 2024-09-07 00:00:00+00:00, run_after=2024-09-08 00:00:00+00:00
[2024-09-08T13:28:30.092+0000] {processor.py:183} INFO - Processing /home/airflow/.local/lib/python3.8/site-packages/airflow/example_dags/example_skip_dag.py took 0.144 seconds
[2024-09-08T13:29:01.105+0000] {processor.py:161} INFO - Started process (PID=768) to work on /home/airflow/.local/lib/python3.8/site-packages/airflow/example_dags/example_skip_dag.py
[2024-09-08T13:29:01.107+0000] {processor.py:830} INFO - Processing file /home/airflow/.local/lib/python3.8/site-packages/airflow/example_dags/example_skip_dag.py for tasks to queue
[2024-09-08T13:29:01.108+0000] {logging_mixin.py:188} INFO - [2024-09-08T13:29:01.108+0000] {dagbag.py:538} INFO - Filling up the DagBag from /home/airflow/.local/lib/python3.8/site-packages/airflow/example_dags/example_skip_dag.py
[2024-09-08T13:29:01.121+0000] {processor.py:840} INFO - DAG(s) 'example_skip_dag' retrieved from /home/airflow/.local/lib/python3.8/site-packages/airflow/example_dags/example_skip_dag.py
[2024-09-08T13:29:01.151+0000] {logging_mixin.py:188} INFO - [2024-09-08T13:29:01.150+0000] {dag.py:3036} INFO - Sync 1 DAGs
[2024-09-08T13:29:01.185+0000] {logging_mixin.py:188} INFO - [2024-09-08T13:29:01.184+0000] {dag.py:3823} INFO - Setting next_dagrun for example_skip_dag to 2024-09-07 00:00:00+00:00, run_after=2024-09-08 00:00:00+00:00
[2024-09-08T13:29:01.213+0000] {processor.py:183} INFO - Processing /home/airflow/.local/lib/python3.8/site-packages/airflow/example_dags/example_skip_dag.py took 0.113 seconds
[2024-09-08T13:29:32.013+0000] {processor.py:161} INFO - Started process (PID=825) to work on /home/airflow/.local/lib/python3.8/site-packages/airflow/example_dags/example_skip_dag.py
[2024-09-08T13:29:32.015+0000] {processor.py:830} INFO - Processing file /home/airflow/.local/lib/python3.8/site-packages/airflow/example_dags/example_skip_dag.py for tasks to queue
[2024-09-08T13:29:32.017+0000] {logging_mixin.py:188} INFO - [2024-09-08T13:29:32.016+0000] {dagbag.py:538} INFO - Filling up the DagBag from /home/airflow/.local/lib/python3.8/site-packages/airflow/example_dags/example_skip_dag.py
[2024-09-08T13:29:32.028+0000] {processor.py:840} INFO - DAG(s) 'example_skip_dag' retrieved from /home/airflow/.local/lib/python3.8/site-packages/airflow/example_dags/example_skip_dag.py
[2024-09-08T13:29:32.060+0000] {logging_mixin.py:188} INFO - [2024-09-08T13:29:32.060+0000] {dag.py:3036} INFO - Sync 1 DAGs
[2024-09-08T13:29:32.093+0000] {logging_mixin.py:188} INFO - [2024-09-08T13:29:32.093+0000] {dag.py:3823} INFO - Setting next_dagrun for example_skip_dag to 2024-09-07 00:00:00+00:00, run_after=2024-09-08 00:00:00+00:00
[2024-09-08T13:29:32.184+0000] {processor.py:183} INFO - Processing /home/airflow/.local/lib/python3.8/site-packages/airflow/example_dags/example_skip_dag.py took 0.175 seconds
