[2024-09-08T13:22:49.780+0000] {processor.py:161} INFO - Started process (PID=66) to work on /home/airflow/.local/lib/python3.8/site-packages/airflow/example_dags/example_branch_operator.py
[2024-09-08T13:22:49.781+0000] {processor.py:830} INFO - Processing file /home/airflow/.local/lib/python3.8/site-packages/airflow/example_dags/example_branch_operator.py for tasks to queue
[2024-09-08T13:22:49.783+0000] {logging_mixin.py:188} INFO - [2024-09-08T13:22:49.783+0000] {dagbag.py:538} INFO - Filling up the DagBag from /home/airflow/.local/lib/python3.8/site-packages/airflow/example_dags/example_branch_operator.py
[2024-09-08T13:22:49.825+0000] {processor.py:840} INFO - DAG(s) 'example_branch_operator' retrieved from /home/airflow/.local/lib/python3.8/site-packages/airflow/example_dags/example_branch_operator.py
[2024-09-08T13:22:50.254+0000] {logging_mixin.py:188} INFO - [2024-09-08T13:22:50.251+0000] {dag.py:3036} INFO - Sync 1 DAGs
[2024-09-08T13:22:50.441+0000] {logging_mixin.py:188} INFO - [2024-09-08T13:22:50.440+0000] {dag.py:3823} INFO - Setting next_dagrun for example_branch_operator to 2024-09-07 00:00:00+00:00, run_after=2024-09-08 00:00:00+00:00
[2024-09-08T13:22:50.798+0000] {processor.py:183} INFO - Processing /home/airflow/.local/lib/python3.8/site-packages/airflow/example_dags/example_branch_operator.py took 1.024 seconds
[2024-09-08T13:23:21.759+0000] {processor.py:161} INFO - Started process (PID=129) to work on /home/airflow/.local/lib/python3.8/site-packages/airflow/example_dags/example_branch_operator.py
[2024-09-08T13:23:21.760+0000] {processor.py:830} INFO - Processing file /home/airflow/.local/lib/python3.8/site-packages/airflow/example_dags/example_branch_operator.py for tasks to queue
[2024-09-08T13:23:21.762+0000] {logging_mixin.py:188} INFO - [2024-09-08T13:23:21.761+0000] {dagbag.py:538} INFO - Filling up the DagBag from /home/airflow/.local/lib/python3.8/site-packages/airflow/example_dags/example_branch_operator.py
[2024-09-08T13:23:21.784+0000] {processor.py:840} INFO - DAG(s) 'example_branch_operator' retrieved from /home/airflow/.local/lib/python3.8/site-packages/airflow/example_dags/example_branch_operator.py
[2024-09-08T13:23:21.827+0000] {logging_mixin.py:188} INFO - [2024-09-08T13:23:21.827+0000] {dag.py:3036} INFO - Sync 1 DAGs
[2024-09-08T13:23:21.864+0000] {logging_mixin.py:188} INFO - [2024-09-08T13:23:21.864+0000] {dag.py:3823} INFO - Setting next_dagrun for example_branch_operator to 2024-09-07 00:00:00+00:00, run_after=2024-09-08 00:00:00+00:00
[2024-09-08T13:23:21.888+0000] {processor.py:183} INFO - Processing /home/airflow/.local/lib/python3.8/site-packages/airflow/example_dags/example_branch_operator.py took 0.134 seconds
[2024-09-08T13:23:52.007+0000] {processor.py:161} INFO - Started process (PID=186) to work on /home/airflow/.local/lib/python3.8/site-packages/airflow/example_dags/example_branch_operator.py
[2024-09-08T13:23:52.008+0000] {processor.py:830} INFO - Processing file /home/airflow/.local/lib/python3.8/site-packages/airflow/example_dags/example_branch_operator.py for tasks to queue
[2024-09-08T13:23:52.009+0000] {logging_mixin.py:188} INFO - [2024-09-08T13:23:52.009+0000] {dagbag.py:538} INFO - Filling up the DagBag from /home/airflow/.local/lib/python3.8/site-packages/airflow/example_dags/example_branch_operator.py
[2024-09-08T13:23:52.031+0000] {processor.py:840} INFO - DAG(s) 'example_branch_operator' retrieved from /home/airflow/.local/lib/python3.8/site-packages/airflow/example_dags/example_branch_operator.py
[2024-09-08T13:23:52.104+0000] {logging_mixin.py:188} INFO - [2024-09-08T13:23:52.104+0000] {dag.py:3036} INFO - Sync 1 DAGs
[2024-09-08T13:23:52.142+0000] {logging_mixin.py:188} INFO - [2024-09-08T13:23:52.142+0000] {dag.py:3823} INFO - Setting next_dagrun for example_branch_operator to 2024-09-07 00:00:00+00:00, run_after=2024-09-08 00:00:00+00:00
[2024-09-08T13:23:52.171+0000] {processor.py:183} INFO - Processing /home/airflow/.local/lib/python3.8/site-packages/airflow/example_dags/example_branch_operator.py took 0.167 seconds
[2024-09-08T13:24:23.199+0000] {processor.py:161} INFO - Started process (PID=243) to work on /home/airflow/.local/lib/python3.8/site-packages/airflow/example_dags/example_branch_operator.py
[2024-09-08T13:24:23.201+0000] {processor.py:830} INFO - Processing file /home/airflow/.local/lib/python3.8/site-packages/airflow/example_dags/example_branch_operator.py for tasks to queue
[2024-09-08T13:24:23.202+0000] {logging_mixin.py:188} INFO - [2024-09-08T13:24:23.202+0000] {dagbag.py:538} INFO - Filling up the DagBag from /home/airflow/.local/lib/python3.8/site-packages/airflow/example_dags/example_branch_operator.py
[2024-09-08T13:24:23.232+0000] {processor.py:840} INFO - DAG(s) 'example_branch_operator' retrieved from /home/airflow/.local/lib/python3.8/site-packages/airflow/example_dags/example_branch_operator.py
[2024-09-08T13:24:23.283+0000] {logging_mixin.py:188} INFO - [2024-09-08T13:24:23.282+0000] {dag.py:3036} INFO - Sync 1 DAGs
[2024-09-08T13:24:23.313+0000] {logging_mixin.py:188} INFO - [2024-09-08T13:24:23.313+0000] {dag.py:3823} INFO - Setting next_dagrun for example_branch_operator to 2024-09-07 00:00:00+00:00, run_after=2024-09-08 00:00:00+00:00
[2024-09-08T13:24:23.337+0000] {processor.py:183} INFO - Processing /home/airflow/.local/lib/python3.8/site-packages/airflow/example_dags/example_branch_operator.py took 0.146 seconds
[2024-09-08T13:24:53.801+0000] {processor.py:161} INFO - Started process (PID=300) to work on /home/airflow/.local/lib/python3.8/site-packages/airflow/example_dags/example_branch_operator.py
[2024-09-08T13:24:53.802+0000] {processor.py:830} INFO - Processing file /home/airflow/.local/lib/python3.8/site-packages/airflow/example_dags/example_branch_operator.py for tasks to queue
[2024-09-08T13:24:53.804+0000] {logging_mixin.py:188} INFO - [2024-09-08T13:24:53.803+0000] {dagbag.py:538} INFO - Filling up the DagBag from /home/airflow/.local/lib/python3.8/site-packages/airflow/example_dags/example_branch_operator.py
[2024-09-08T13:24:53.833+0000] {processor.py:840} INFO - DAG(s) 'example_branch_operator' retrieved from /home/airflow/.local/lib/python3.8/site-packages/airflow/example_dags/example_branch_operator.py
[2024-09-08T13:24:53.903+0000] {logging_mixin.py:188} INFO - [2024-09-08T13:24:53.903+0000] {dag.py:3036} INFO - Sync 1 DAGs
[2024-09-08T13:24:53.964+0000] {logging_mixin.py:188} INFO - [2024-09-08T13:24:53.963+0000] {dag.py:3823} INFO - Setting next_dagrun for example_branch_operator to 2024-09-07 00:00:00+00:00, run_after=2024-09-08 00:00:00+00:00
[2024-09-08T13:24:54.016+0000] {processor.py:183} INFO - Processing /home/airflow/.local/lib/python3.8/site-packages/airflow/example_dags/example_branch_operator.py took 0.220 seconds
[2024-09-08T13:25:24.289+0000] {processor.py:161} INFO - Started process (PID=357) to work on /home/airflow/.local/lib/python3.8/site-packages/airflow/example_dags/example_branch_operator.py
[2024-09-08T13:25:24.290+0000] {processor.py:830} INFO - Processing file /home/airflow/.local/lib/python3.8/site-packages/airflow/example_dags/example_branch_operator.py for tasks to queue
[2024-09-08T13:25:24.292+0000] {logging_mixin.py:188} INFO - [2024-09-08T13:25:24.291+0000] {dagbag.py:538} INFO - Filling up the DagBag from /home/airflow/.local/lib/python3.8/site-packages/airflow/example_dags/example_branch_operator.py
[2024-09-08T13:25:24.313+0000] {processor.py:840} INFO - DAG(s) 'example_branch_operator' retrieved from /home/airflow/.local/lib/python3.8/site-packages/airflow/example_dags/example_branch_operator.py
[2024-09-08T13:25:24.358+0000] {logging_mixin.py:188} INFO - [2024-09-08T13:25:24.358+0000] {dag.py:3036} INFO - Sync 1 DAGs
[2024-09-08T13:25:24.391+0000] {logging_mixin.py:188} INFO - [2024-09-08T13:25:24.391+0000] {dag.py:3823} INFO - Setting next_dagrun for example_branch_operator to 2024-09-07 00:00:00+00:00, run_after=2024-09-08 00:00:00+00:00
[2024-09-08T13:25:24.424+0000] {processor.py:183} INFO - Processing /home/airflow/.local/lib/python3.8/site-packages/airflow/example_dags/example_branch_operator.py took 0.139 seconds
[2024-09-08T13:25:54.535+0000] {processor.py:161} INFO - Started process (PID=414) to work on /home/airflow/.local/lib/python3.8/site-packages/airflow/example_dags/example_branch_operator.py
[2024-09-08T13:25:54.537+0000] {processor.py:830} INFO - Processing file /home/airflow/.local/lib/python3.8/site-packages/airflow/example_dags/example_branch_operator.py for tasks to queue
[2024-09-08T13:25:54.539+0000] {logging_mixin.py:188} INFO - [2024-09-08T13:25:54.538+0000] {dagbag.py:538} INFO - Filling up the DagBag from /home/airflow/.local/lib/python3.8/site-packages/airflow/example_dags/example_branch_operator.py
[2024-09-08T13:25:54.601+0000] {processor.py:840} INFO - DAG(s) 'example_branch_operator' retrieved from /home/airflow/.local/lib/python3.8/site-packages/airflow/example_dags/example_branch_operator.py
[2024-09-08T13:25:54.693+0000] {logging_mixin.py:188} INFO - [2024-09-08T13:25:54.693+0000] {dag.py:3036} INFO - Sync 1 DAGs
[2024-09-08T13:25:54.745+0000] {logging_mixin.py:188} INFO - [2024-09-08T13:25:54.745+0000] {dag.py:3823} INFO - Setting next_dagrun for example_branch_operator to 2024-09-07 00:00:00+00:00, run_after=2024-09-08 00:00:00+00:00
[2024-09-08T13:25:54.812+0000] {processor.py:183} INFO - Processing /home/airflow/.local/lib/python3.8/site-packages/airflow/example_dags/example_branch_operator.py took 0.288 seconds
[2024-09-08T13:26:25.800+0000] {processor.py:161} INFO - Started process (PID=471) to work on /home/airflow/.local/lib/python3.8/site-packages/airflow/example_dags/example_branch_operator.py
[2024-09-08T13:26:25.801+0000] {processor.py:830} INFO - Processing file /home/airflow/.local/lib/python3.8/site-packages/airflow/example_dags/example_branch_operator.py for tasks to queue
[2024-09-08T13:26:25.802+0000] {logging_mixin.py:188} INFO - [2024-09-08T13:26:25.802+0000] {dagbag.py:538} INFO - Filling up the DagBag from /home/airflow/.local/lib/python3.8/site-packages/airflow/example_dags/example_branch_operator.py
[2024-09-08T13:26:25.827+0000] {processor.py:840} INFO - DAG(s) 'example_branch_operator' retrieved from /home/airflow/.local/lib/python3.8/site-packages/airflow/example_dags/example_branch_operator.py
[2024-09-08T13:26:25.876+0000] {logging_mixin.py:188} INFO - [2024-09-08T13:26:25.876+0000] {dag.py:3036} INFO - Sync 1 DAGs
[2024-09-08T13:26:25.919+0000] {logging_mixin.py:188} INFO - [2024-09-08T13:26:25.919+0000] {dag.py:3823} INFO - Setting next_dagrun for example_branch_operator to 2024-09-07 00:00:00+00:00, run_after=2024-09-08 00:00:00+00:00
[2024-09-08T13:26:25.956+0000] {processor.py:183} INFO - Processing /home/airflow/.local/lib/python3.8/site-packages/airflow/example_dags/example_branch_operator.py took 0.161 seconds
[2024-09-08T13:26:56.724+0000] {processor.py:161} INFO - Started process (PID=528) to work on /home/airflow/.local/lib/python3.8/site-packages/airflow/example_dags/example_branch_operator.py
[2024-09-08T13:26:56.725+0000] {processor.py:830} INFO - Processing file /home/airflow/.local/lib/python3.8/site-packages/airflow/example_dags/example_branch_operator.py for tasks to queue
[2024-09-08T13:26:56.727+0000] {logging_mixin.py:188} INFO - [2024-09-08T13:26:56.726+0000] {dagbag.py:538} INFO - Filling up the DagBag from /home/airflow/.local/lib/python3.8/site-packages/airflow/example_dags/example_branch_operator.py
[2024-09-08T13:26:56.750+0000] {processor.py:840} INFO - DAG(s) 'example_branch_operator' retrieved from /home/airflow/.local/lib/python3.8/site-packages/airflow/example_dags/example_branch_operator.py
[2024-09-08T13:26:56.797+0000] {logging_mixin.py:188} INFO - [2024-09-08T13:26:56.797+0000] {dag.py:3036} INFO - Sync 1 DAGs
[2024-09-08T13:26:56.830+0000] {logging_mixin.py:188} INFO - [2024-09-08T13:26:56.830+0000] {dag.py:3823} INFO - Setting next_dagrun for example_branch_operator to 2024-09-07 00:00:00+00:00, run_after=2024-09-08 00:00:00+00:00
[2024-09-08T13:26:56.864+0000] {processor.py:183} INFO - Processing /home/airflow/.local/lib/python3.8/site-packages/airflow/example_dags/example_branch_operator.py took 0.144 seconds
[2024-09-08T13:27:27.392+0000] {processor.py:161} INFO - Started process (PID=585) to work on /home/airflow/.local/lib/python3.8/site-packages/airflow/example_dags/example_branch_operator.py
[2024-09-08T13:27:27.393+0000] {processor.py:830} INFO - Processing file /home/airflow/.local/lib/python3.8/site-packages/airflow/example_dags/example_branch_operator.py for tasks to queue
[2024-09-08T13:27:27.395+0000] {logging_mixin.py:188} INFO - [2024-09-08T13:27:27.395+0000] {dagbag.py:538} INFO - Filling up the DagBag from /home/airflow/.local/lib/python3.8/site-packages/airflow/example_dags/example_branch_operator.py
[2024-09-08T13:27:27.429+0000] {processor.py:840} INFO - DAG(s) 'example_branch_operator' retrieved from /home/airflow/.local/lib/python3.8/site-packages/airflow/example_dags/example_branch_operator.py
[2024-09-08T13:27:27.489+0000] {logging_mixin.py:188} INFO - [2024-09-08T13:27:27.488+0000] {dag.py:3036} INFO - Sync 1 DAGs
[2024-09-08T13:27:27.528+0000] {logging_mixin.py:188} INFO - [2024-09-08T13:27:27.527+0000] {dag.py:3823} INFO - Setting next_dagrun for example_branch_operator to 2024-09-07 00:00:00+00:00, run_after=2024-09-08 00:00:00+00:00
[2024-09-08T13:27:27.560+0000] {processor.py:183} INFO - Processing /home/airflow/.local/lib/python3.8/site-packages/airflow/example_dags/example_branch_operator.py took 0.174 seconds
[2024-09-08T13:27:57.744+0000] {processor.py:161} INFO - Started process (PID=642) to work on /home/airflow/.local/lib/python3.8/site-packages/airflow/example_dags/example_branch_operator.py
[2024-09-08T13:27:57.745+0000] {processor.py:830} INFO - Processing file /home/airflow/.local/lib/python3.8/site-packages/airflow/example_dags/example_branch_operator.py for tasks to queue
[2024-09-08T13:27:57.747+0000] {logging_mixin.py:188} INFO - [2024-09-08T13:27:57.746+0000] {dagbag.py:538} INFO - Filling up the DagBag from /home/airflow/.local/lib/python3.8/site-packages/airflow/example_dags/example_branch_operator.py
[2024-09-08T13:27:57.770+0000] {processor.py:840} INFO - DAG(s) 'example_branch_operator' retrieved from /home/airflow/.local/lib/python3.8/site-packages/airflow/example_dags/example_branch_operator.py
[2024-09-08T13:27:57.809+0000] {logging_mixin.py:188} INFO - [2024-09-08T13:27:57.809+0000] {dag.py:3036} INFO - Sync 1 DAGs
[2024-09-08T13:27:57.840+0000] {logging_mixin.py:188} INFO - [2024-09-08T13:27:57.840+0000] {dag.py:3823} INFO - Setting next_dagrun for example_branch_operator to 2024-09-07 00:00:00+00:00, run_after=2024-09-08 00:00:00+00:00
[2024-09-08T13:27:57.875+0000] {processor.py:183} INFO - Processing /home/airflow/.local/lib/python3.8/site-packages/airflow/example_dags/example_branch_operator.py took 0.135 seconds
[2024-09-08T13:28:28.547+0000] {processor.py:161} INFO - Started process (PID=699) to work on /home/airflow/.local/lib/python3.8/site-packages/airflow/example_dags/example_branch_operator.py
[2024-09-08T13:28:28.549+0000] {processor.py:830} INFO - Processing file /home/airflow/.local/lib/python3.8/site-packages/airflow/example_dags/example_branch_operator.py for tasks to queue
[2024-09-08T13:28:28.550+0000] {logging_mixin.py:188} INFO - [2024-09-08T13:28:28.550+0000] {dagbag.py:538} INFO - Filling up the DagBag from /home/airflow/.local/lib/python3.8/site-packages/airflow/example_dags/example_branch_operator.py
[2024-09-08T13:28:28.589+0000] {processor.py:840} INFO - DAG(s) 'example_branch_operator' retrieved from /home/airflow/.local/lib/python3.8/site-packages/airflow/example_dags/example_branch_operator.py
[2024-09-08T13:28:28.648+0000] {logging_mixin.py:188} INFO - [2024-09-08T13:28:28.647+0000] {dag.py:3036} INFO - Sync 1 DAGs
[2024-09-08T13:28:28.708+0000] {logging_mixin.py:188} INFO - [2024-09-08T13:28:28.707+0000] {dag.py:3823} INFO - Setting next_dagrun for example_branch_operator to 2024-09-07 00:00:00+00:00, run_after=2024-09-08 00:00:00+00:00
[2024-09-08T13:28:28.742+0000] {processor.py:183} INFO - Processing /home/airflow/.local/lib/python3.8/site-packages/airflow/example_dags/example_branch_operator.py took 0.210 seconds
[2024-09-08T13:28:59.677+0000] {processor.py:161} INFO - Started process (PID=756) to work on /home/airflow/.local/lib/python3.8/site-packages/airflow/example_dags/example_branch_operator.py
[2024-09-08T13:28:59.678+0000] {processor.py:830} INFO - Processing file /home/airflow/.local/lib/python3.8/site-packages/airflow/example_dags/example_branch_operator.py for tasks to queue
[2024-09-08T13:28:59.700+0000] {logging_mixin.py:188} INFO - [2024-09-08T13:28:59.679+0000] {dagbag.py:538} INFO - Filling up the DagBag from /home/airflow/.local/lib/python3.8/site-packages/airflow/example_dags/example_branch_operator.py
[2024-09-08T13:28:59.849+0000] {processor.py:840} INFO - DAG(s) 'example_branch_operator' retrieved from /home/airflow/.local/lib/python3.8/site-packages/airflow/example_dags/example_branch_operator.py
[2024-09-08T13:28:59.901+0000] {logging_mixin.py:188} INFO - [2024-09-08T13:28:59.900+0000] {dag.py:3036} INFO - Sync 1 DAGs
[2024-09-08T13:28:59.940+0000] {logging_mixin.py:188} INFO - [2024-09-08T13:28:59.939+0000] {dag.py:3823} INFO - Setting next_dagrun for example_branch_operator to 2024-09-07 00:00:00+00:00, run_after=2024-09-08 00:00:00+00:00
[2024-09-08T13:28:59.979+0000] {processor.py:183} INFO - Processing /home/airflow/.local/lib/python3.8/site-packages/airflow/example_dags/example_branch_operator.py took 0.308 seconds
[2024-09-08T13:29:30.969+0000] {processor.py:161} INFO - Started process (PID=813) to work on /home/airflow/.local/lib/python3.8/site-packages/airflow/example_dags/example_branch_operator.py
[2024-09-08T13:29:30.970+0000] {processor.py:830} INFO - Processing file /home/airflow/.local/lib/python3.8/site-packages/airflow/example_dags/example_branch_operator.py for tasks to queue
[2024-09-08T13:29:30.972+0000] {logging_mixin.py:188} INFO - [2024-09-08T13:29:30.971+0000] {dagbag.py:538} INFO - Filling up the DagBag from /home/airflow/.local/lib/python3.8/site-packages/airflow/example_dags/example_branch_operator.py
[2024-09-08T13:29:30.995+0000] {processor.py:840} INFO - DAG(s) 'example_branch_operator' retrieved from /home/airflow/.local/lib/python3.8/site-packages/airflow/example_dags/example_branch_operator.py
[2024-09-08T13:29:31.031+0000] {logging_mixin.py:188} INFO - [2024-09-08T13:29:31.031+0000] {dag.py:3036} INFO - Sync 1 DAGs
[2024-09-08T13:29:31.059+0000] {logging_mixin.py:188} INFO - [2024-09-08T13:29:31.059+0000] {dag.py:3823} INFO - Setting next_dagrun for example_branch_operator to 2024-09-07 00:00:00+00:00, run_after=2024-09-08 00:00:00+00:00
[2024-09-08T13:29:31.193+0000] {processor.py:183} INFO - Processing /home/airflow/.local/lib/python3.8/site-packages/airflow/example_dags/example_branch_operator.py took 0.227 seconds
