[2024-09-08T13:22:51.743+0000] {processor.py:161} INFO - Started process (PID=79) to work on /home/airflow/.local/lib/python3.8/site-packages/airflow/example_dags/example_sla_dag.py
[2024-09-08T13:22:51.746+0000] {processor.py:830} INFO - Processing file /home/airflow/.local/lib/python3.8/site-packages/airflow/example_dags/example_sla_dag.py for tasks to queue
[2024-09-08T13:22:51.749+0000] {logging_mixin.py:188} INFO - [2024-09-08T13:22:51.748+0000] {dagbag.py:538} INFO - Filling up the DagBag from /home/airflow/.local/lib/python3.8/site-packages/airflow/example_dags/example_sla_dag.py
[2024-09-08T13:22:51.790+0000] {processor.py:840} INFO - DAG(s) 'example_sla_dag' retrieved from /home/airflow/.local/lib/python3.8/site-packages/airflow/example_dags/example_sla_dag.py
[2024-09-08T13:22:51.825+0000] {logging_mixin.py:188} INFO - [2024-09-08T13:22:51.825+0000] {dag.py:3036} INFO - Sync 1 DAGs
[2024-09-08T13:22:51.888+0000] {logging_mixin.py:188} INFO - [2024-09-08T13:22:51.888+0000] {dag.py:3823} INFO - Setting next_dagrun for example_sla_dag to 2024-09-08 13:20:00+00:00, run_after=2024-09-08 13:22:00+00:00
[2024-09-08T13:22:51.935+0000] {processor.py:183} INFO - Processing /home/airflow/.local/lib/python3.8/site-packages/airflow/example_dags/example_sla_dag.py took 0.198 seconds
[2024-09-08T13:23:22.372+0000] {processor.py:161} INFO - Started process (PID=136) to work on /home/airflow/.local/lib/python3.8/site-packages/airflow/example_dags/example_sla_dag.py
[2024-09-08T13:23:22.374+0000] {processor.py:830} INFO - Processing file /home/airflow/.local/lib/python3.8/site-packages/airflow/example_dags/example_sla_dag.py for tasks to queue
[2024-09-08T13:23:22.376+0000] {logging_mixin.py:188} INFO - [2024-09-08T13:23:22.375+0000] {dagbag.py:538} INFO - Filling up the DagBag from /home/airflow/.local/lib/python3.8/site-packages/airflow/example_dags/example_sla_dag.py
[2024-09-08T13:23:22.388+0000] {processor.py:840} INFO - DAG(s) 'example_sla_dag' retrieved from /home/airflow/.local/lib/python3.8/site-packages/airflow/example_dags/example_sla_dag.py
[2024-09-08T13:23:22.417+0000] {logging_mixin.py:188} INFO - [2024-09-08T13:23:22.417+0000] {dag.py:3036} INFO - Sync 1 DAGs
[2024-09-08T13:23:22.462+0000] {logging_mixin.py:188} INFO - [2024-09-08T13:23:22.461+0000] {dag.py:3823} INFO - Setting next_dagrun for example_sla_dag to 2024-09-08 13:20:00+00:00, run_after=2024-09-08 13:22:00+00:00
[2024-09-08T13:23:22.489+0000] {processor.py:183} INFO - Processing /home/airflow/.local/lib/python3.8/site-packages/airflow/example_dags/example_sla_dag.py took 0.122 seconds
[2024-09-08T13:23:52.639+0000] {processor.py:161} INFO - Started process (PID=193) to work on /home/airflow/.local/lib/python3.8/site-packages/airflow/example_dags/example_sla_dag.py
[2024-09-08T13:23:52.641+0000] {processor.py:830} INFO - Processing file /home/airflow/.local/lib/python3.8/site-packages/airflow/example_dags/example_sla_dag.py for tasks to queue
[2024-09-08T13:23:52.642+0000] {logging_mixin.py:188} INFO - [2024-09-08T13:23:52.642+0000] {dagbag.py:538} INFO - Filling up the DagBag from /home/airflow/.local/lib/python3.8/site-packages/airflow/example_dags/example_sla_dag.py
[2024-09-08T13:23:52.656+0000] {processor.py:840} INFO - DAG(s) 'example_sla_dag' retrieved from /home/airflow/.local/lib/python3.8/site-packages/airflow/example_dags/example_sla_dag.py
[2024-09-08T13:23:52.684+0000] {logging_mixin.py:188} INFO - [2024-09-08T13:23:52.684+0000] {dag.py:3036} INFO - Sync 1 DAGs
[2024-09-08T13:23:52.727+0000] {logging_mixin.py:188} INFO - [2024-09-08T13:23:52.727+0000] {dag.py:3823} INFO - Setting next_dagrun for example_sla_dag to 2024-09-08 13:20:00+00:00, run_after=2024-09-08 13:22:00+00:00
[2024-09-08T13:23:52.764+0000] {processor.py:183} INFO - Processing /home/airflow/.local/lib/python3.8/site-packages/airflow/example_dags/example_sla_dag.py took 0.130 seconds
[2024-09-08T13:24:23.812+0000] {processor.py:161} INFO - Started process (PID=250) to work on /home/airflow/.local/lib/python3.8/site-packages/airflow/example_dags/example_sla_dag.py
[2024-09-08T13:24:23.813+0000] {processor.py:830} INFO - Processing file /home/airflow/.local/lib/python3.8/site-packages/airflow/example_dags/example_sla_dag.py for tasks to queue
[2024-09-08T13:24:23.814+0000] {logging_mixin.py:188} INFO - [2024-09-08T13:24:23.814+0000] {dagbag.py:538} INFO - Filling up the DagBag from /home/airflow/.local/lib/python3.8/site-packages/airflow/example_dags/example_sla_dag.py
[2024-09-08T13:24:23.825+0000] {processor.py:840} INFO - DAG(s) 'example_sla_dag' retrieved from /home/airflow/.local/lib/python3.8/site-packages/airflow/example_dags/example_sla_dag.py
[2024-09-08T13:24:23.852+0000] {logging_mixin.py:188} INFO - [2024-09-08T13:24:23.851+0000] {dag.py:3036} INFO - Sync 1 DAGs
[2024-09-08T13:24:23.887+0000] {logging_mixin.py:188} INFO - [2024-09-08T13:24:23.887+0000] {dag.py:3823} INFO - Setting next_dagrun for example_sla_dag to 2024-09-08 13:22:00+00:00, run_after=2024-09-08 13:24:00+00:00
[2024-09-08T13:24:23.911+0000] {processor.py:183} INFO - Processing /home/airflow/.local/lib/python3.8/site-packages/airflow/example_dags/example_sla_dag.py took 0.104 seconds
[2024-09-08T13:24:54.400+0000] {processor.py:161} INFO - Started process (PID=307) to work on /home/airflow/.local/lib/python3.8/site-packages/airflow/example_dags/example_sla_dag.py
[2024-09-08T13:24:54.401+0000] {processor.py:830} INFO - Processing file /home/airflow/.local/lib/python3.8/site-packages/airflow/example_dags/example_sla_dag.py for tasks to queue
[2024-09-08T13:24:54.403+0000] {logging_mixin.py:188} INFO - [2024-09-08T13:24:54.402+0000] {dagbag.py:538} INFO - Filling up the DagBag from /home/airflow/.local/lib/python3.8/site-packages/airflow/example_dags/example_sla_dag.py
[2024-09-08T13:24:54.413+0000] {processor.py:840} INFO - DAG(s) 'example_sla_dag' retrieved from /home/airflow/.local/lib/python3.8/site-packages/airflow/example_dags/example_sla_dag.py
[2024-09-08T13:24:54.437+0000] {logging_mixin.py:188} INFO - [2024-09-08T13:24:54.437+0000] {dag.py:3036} INFO - Sync 1 DAGs
[2024-09-08T13:24:54.475+0000] {logging_mixin.py:188} INFO - [2024-09-08T13:24:54.474+0000] {dag.py:3823} INFO - Setting next_dagrun for example_sla_dag to 2024-09-08 13:22:00+00:00, run_after=2024-09-08 13:24:00+00:00
[2024-09-08T13:24:54.501+0000] {processor.py:183} INFO - Processing /home/airflow/.local/lib/python3.8/site-packages/airflow/example_dags/example_sla_dag.py took 0.104 seconds
[2024-09-08T13:25:24.929+0000] {processor.py:161} INFO - Started process (PID=364) to work on /home/airflow/.local/lib/python3.8/site-packages/airflow/example_dags/example_sla_dag.py
[2024-09-08T13:25:24.930+0000] {processor.py:830} INFO - Processing file /home/airflow/.local/lib/python3.8/site-packages/airflow/example_dags/example_sla_dag.py for tasks to queue
[2024-09-08T13:25:24.931+0000] {logging_mixin.py:188} INFO - [2024-09-08T13:25:24.931+0000] {dagbag.py:538} INFO - Filling up the DagBag from /home/airflow/.local/lib/python3.8/site-packages/airflow/example_dags/example_sla_dag.py
[2024-09-08T13:25:24.943+0000] {processor.py:840} INFO - DAG(s) 'example_sla_dag' retrieved from /home/airflow/.local/lib/python3.8/site-packages/airflow/example_dags/example_sla_dag.py
[2024-09-08T13:25:24.975+0000] {logging_mixin.py:188} INFO - [2024-09-08T13:25:24.975+0000] {dag.py:3036} INFO - Sync 1 DAGs
[2024-09-08T13:25:25.014+0000] {logging_mixin.py:188} INFO - [2024-09-08T13:25:25.013+0000] {dag.py:3823} INFO - Setting next_dagrun for example_sla_dag to 2024-09-08 13:22:00+00:00, run_after=2024-09-08 13:24:00+00:00
[2024-09-08T13:25:25.043+0000] {processor.py:183} INFO - Processing /home/airflow/.local/lib/python3.8/site-packages/airflow/example_dags/example_sla_dag.py took 0.118 seconds
[2024-09-08T13:25:55.322+0000] {processor.py:161} INFO - Started process (PID=421) to work on /home/airflow/.local/lib/python3.8/site-packages/airflow/example_dags/example_sla_dag.py
[2024-09-08T13:25:55.324+0000] {processor.py:830} INFO - Processing file /home/airflow/.local/lib/python3.8/site-packages/airflow/example_dags/example_sla_dag.py for tasks to queue
[2024-09-08T13:25:55.325+0000] {logging_mixin.py:188} INFO - [2024-09-08T13:25:55.325+0000] {dagbag.py:538} INFO - Filling up the DagBag from /home/airflow/.local/lib/python3.8/site-packages/airflow/example_dags/example_sla_dag.py
[2024-09-08T13:25:55.341+0000] {processor.py:840} INFO - DAG(s) 'example_sla_dag' retrieved from /home/airflow/.local/lib/python3.8/site-packages/airflow/example_dags/example_sla_dag.py
[2024-09-08T13:25:55.393+0000] {logging_mixin.py:188} INFO - [2024-09-08T13:25:55.393+0000] {dag.py:3036} INFO - Sync 1 DAGs
[2024-09-08T13:25:55.440+0000] {logging_mixin.py:188} INFO - [2024-09-08T13:25:55.439+0000] {dag.py:3823} INFO - Setting next_dagrun for example_sla_dag to 2024-09-08 13:22:00+00:00, run_after=2024-09-08 13:24:00+00:00
[2024-09-08T13:25:55.485+0000] {processor.py:183} INFO - Processing /home/airflow/.local/lib/python3.8/site-packages/airflow/example_dags/example_sla_dag.py took 0.168 seconds
[2024-09-08T13:26:26.582+0000] {processor.py:161} INFO - Started process (PID=478) to work on /home/airflow/.local/lib/python3.8/site-packages/airflow/example_dags/example_sla_dag.py
[2024-09-08T13:26:26.583+0000] {processor.py:830} INFO - Processing file /home/airflow/.local/lib/python3.8/site-packages/airflow/example_dags/example_sla_dag.py for tasks to queue
[2024-09-08T13:26:26.584+0000] {logging_mixin.py:188} INFO - [2024-09-08T13:26:26.584+0000] {dagbag.py:538} INFO - Filling up the DagBag from /home/airflow/.local/lib/python3.8/site-packages/airflow/example_dags/example_sla_dag.py
[2024-09-08T13:26:26.594+0000] {processor.py:840} INFO - DAG(s) 'example_sla_dag' retrieved from /home/airflow/.local/lib/python3.8/site-packages/airflow/example_dags/example_sla_dag.py
[2024-09-08T13:26:26.625+0000] {logging_mixin.py:188} INFO - [2024-09-08T13:26:26.625+0000] {dag.py:3036} INFO - Sync 1 DAGs
[2024-09-08T13:26:26.661+0000] {logging_mixin.py:188} INFO - [2024-09-08T13:26:26.660+0000] {dag.py:3823} INFO - Setting next_dagrun for example_sla_dag to 2024-09-08 13:24:00+00:00, run_after=2024-09-08 13:26:00+00:00
[2024-09-08T13:26:26.686+0000] {processor.py:183} INFO - Processing /home/airflow/.local/lib/python3.8/site-packages/airflow/example_dags/example_sla_dag.py took 0.109 seconds
[2024-09-08T13:26:57.360+0000] {processor.py:161} INFO - Started process (PID=535) to work on /home/airflow/.local/lib/python3.8/site-packages/airflow/example_dags/example_sla_dag.py
[2024-09-08T13:26:57.361+0000] {processor.py:830} INFO - Processing file /home/airflow/.local/lib/python3.8/site-packages/airflow/example_dags/example_sla_dag.py for tasks to queue
[2024-09-08T13:26:57.363+0000] {logging_mixin.py:188} INFO - [2024-09-08T13:26:57.362+0000] {dagbag.py:538} INFO - Filling up the DagBag from /home/airflow/.local/lib/python3.8/site-packages/airflow/example_dags/example_sla_dag.py
[2024-09-08T13:26:57.376+0000] {processor.py:840} INFO - DAG(s) 'example_sla_dag' retrieved from /home/airflow/.local/lib/python3.8/site-packages/airflow/example_dags/example_sla_dag.py
[2024-09-08T13:26:57.405+0000] {logging_mixin.py:188} INFO - [2024-09-08T13:26:57.405+0000] {dag.py:3036} INFO - Sync 1 DAGs
[2024-09-08T13:26:57.438+0000] {logging_mixin.py:188} INFO - [2024-09-08T13:26:57.437+0000] {dag.py:3823} INFO - Setting next_dagrun for example_sla_dag to 2024-09-08 13:24:00+00:00, run_after=2024-09-08 13:26:00+00:00
[2024-09-08T13:26:57.468+0000] {processor.py:183} INFO - Processing /home/airflow/.local/lib/python3.8/site-packages/airflow/example_dags/example_sla_dag.py took 0.111 seconds
[2024-09-08T13:27:28.090+0000] {processor.py:161} INFO - Started process (PID=592) to work on /home/airflow/.local/lib/python3.8/site-packages/airflow/example_dags/example_sla_dag.py
[2024-09-08T13:27:28.091+0000] {processor.py:830} INFO - Processing file /home/airflow/.local/lib/python3.8/site-packages/airflow/example_dags/example_sla_dag.py for tasks to queue
[2024-09-08T13:27:28.093+0000] {logging_mixin.py:188} INFO - [2024-09-08T13:27:28.092+0000] {dagbag.py:538} INFO - Filling up the DagBag from /home/airflow/.local/lib/python3.8/site-packages/airflow/example_dags/example_sla_dag.py
[2024-09-08T13:27:28.104+0000] {processor.py:840} INFO - DAG(s) 'example_sla_dag' retrieved from /home/airflow/.local/lib/python3.8/site-packages/airflow/example_dags/example_sla_dag.py
[2024-09-08T13:27:28.130+0000] {logging_mixin.py:188} INFO - [2024-09-08T13:27:28.129+0000] {dag.py:3036} INFO - Sync 1 DAGs
[2024-09-08T13:27:28.163+0000] {logging_mixin.py:188} INFO - [2024-09-08T13:27:28.163+0000] {dag.py:3823} INFO - Setting next_dagrun for example_sla_dag to 2024-09-08 13:24:00+00:00, run_after=2024-09-08 13:26:00+00:00
[2024-09-08T13:27:28.191+0000] {processor.py:183} INFO - Processing /home/airflow/.local/lib/python3.8/site-packages/airflow/example_dags/example_sla_dag.py took 0.105 seconds
[2024-09-08T13:27:58.409+0000] {processor.py:161} INFO - Started process (PID=649) to work on /home/airflow/.local/lib/python3.8/site-packages/airflow/example_dags/example_sla_dag.py
[2024-09-08T13:27:58.411+0000] {processor.py:830} INFO - Processing file /home/airflow/.local/lib/python3.8/site-packages/airflow/example_dags/example_sla_dag.py for tasks to queue
[2024-09-08T13:27:58.412+0000] {logging_mixin.py:188} INFO - [2024-09-08T13:27:58.412+0000] {dagbag.py:538} INFO - Filling up the DagBag from /home/airflow/.local/lib/python3.8/site-packages/airflow/example_dags/example_sla_dag.py
[2024-09-08T13:27:58.427+0000] {processor.py:840} INFO - DAG(s) 'example_sla_dag' retrieved from /home/airflow/.local/lib/python3.8/site-packages/airflow/example_dags/example_sla_dag.py
[2024-09-08T13:27:58.457+0000] {logging_mixin.py:188} INFO - [2024-09-08T13:27:58.457+0000] {dag.py:3036} INFO - Sync 1 DAGs
[2024-09-08T13:27:58.501+0000] {logging_mixin.py:188} INFO - [2024-09-08T13:27:58.501+0000] {dag.py:3823} INFO - Setting next_dagrun for example_sla_dag to 2024-09-08 13:24:00+00:00, run_after=2024-09-08 13:26:00+00:00
[2024-09-08T13:27:58.535+0000] {processor.py:183} INFO - Processing /home/airflow/.local/lib/python3.8/site-packages/airflow/example_dags/example_sla_dag.py took 0.131 seconds
[2024-09-08T13:28:29.329+0000] {processor.py:161} INFO - Started process (PID=706) to work on /home/airflow/.local/lib/python3.8/site-packages/airflow/example_dags/example_sla_dag.py
[2024-09-08T13:28:29.330+0000] {processor.py:830} INFO - Processing file /home/airflow/.local/lib/python3.8/site-packages/airflow/example_dags/example_sla_dag.py for tasks to queue
[2024-09-08T13:28:29.331+0000] {logging_mixin.py:188} INFO - [2024-09-08T13:28:29.331+0000] {dagbag.py:538} INFO - Filling up the DagBag from /home/airflow/.local/lib/python3.8/site-packages/airflow/example_dags/example_sla_dag.py
[2024-09-08T13:28:29.367+0000] {processor.py:840} INFO - DAG(s) 'example_sla_dag' retrieved from /home/airflow/.local/lib/python3.8/site-packages/airflow/example_dags/example_sla_dag.py
[2024-09-08T13:28:29.404+0000] {logging_mixin.py:188} INFO - [2024-09-08T13:28:29.404+0000] {dag.py:3036} INFO - Sync 1 DAGs
[2024-09-08T13:28:29.450+0000] {logging_mixin.py:188} INFO - [2024-09-08T13:28:29.449+0000] {dag.py:3823} INFO - Setting next_dagrun for example_sla_dag to 2024-09-08 13:26:00+00:00, run_after=2024-09-08 13:28:00+00:00
[2024-09-08T13:28:29.482+0000] {processor.py:183} INFO - Processing /home/airflow/.local/lib/python3.8/site-packages/airflow/example_dags/example_sla_dag.py took 0.157 seconds
[2024-09-08T13:29:00.576+0000] {processor.py:161} INFO - Started process (PID=763) to work on /home/airflow/.local/lib/python3.8/site-packages/airflow/example_dags/example_sla_dag.py
[2024-09-08T13:29:00.577+0000] {processor.py:830} INFO - Processing file /home/airflow/.local/lib/python3.8/site-packages/airflow/example_dags/example_sla_dag.py for tasks to queue
[2024-09-08T13:29:00.579+0000] {logging_mixin.py:188} INFO - [2024-09-08T13:29:00.578+0000] {dagbag.py:538} INFO - Filling up the DagBag from /home/airflow/.local/lib/python3.8/site-packages/airflow/example_dags/example_sla_dag.py
[2024-09-08T13:29:00.593+0000] {processor.py:840} INFO - DAG(s) 'example_sla_dag' retrieved from /home/airflow/.local/lib/python3.8/site-packages/airflow/example_dags/example_sla_dag.py
[2024-09-08T13:29:00.623+0000] {logging_mixin.py:188} INFO - [2024-09-08T13:29:00.623+0000] {dag.py:3036} INFO - Sync 1 DAGs
[2024-09-08T13:29:00.665+0000] {logging_mixin.py:188} INFO - [2024-09-08T13:29:00.664+0000] {dag.py:3823} INFO - Setting next_dagrun for example_sla_dag to 2024-09-08 13:26:00+00:00, run_after=2024-09-08 13:28:00+00:00
[2024-09-08T13:29:00.696+0000] {processor.py:183} INFO - Processing /home/airflow/.local/lib/python3.8/site-packages/airflow/example_dags/example_sla_dag.py took 0.124 seconds
[2024-09-08T13:29:31.635+0000] {processor.py:161} INFO - Started process (PID=820) to work on /home/airflow/.local/lib/python3.8/site-packages/airflow/example_dags/example_sla_dag.py
[2024-09-08T13:29:31.636+0000] {processor.py:830} INFO - Processing file /home/airflow/.local/lib/python3.8/site-packages/airflow/example_dags/example_sla_dag.py for tasks to queue
[2024-09-08T13:29:31.638+0000] {logging_mixin.py:188} INFO - [2024-09-08T13:29:31.637+0000] {dagbag.py:538} INFO - Filling up the DagBag from /home/airflow/.local/lib/python3.8/site-packages/airflow/example_dags/example_sla_dag.py
[2024-09-08T13:29:31.651+0000] {processor.py:840} INFO - DAG(s) 'example_sla_dag' retrieved from /home/airflow/.local/lib/python3.8/site-packages/airflow/example_dags/example_sla_dag.py
[2024-09-08T13:29:31.679+0000] {logging_mixin.py:188} INFO - [2024-09-08T13:29:31.679+0000] {dag.py:3036} INFO - Sync 1 DAGs
[2024-09-08T13:29:31.712+0000] {logging_mixin.py:188} INFO - [2024-09-08T13:29:31.712+0000] {dag.py:3823} INFO - Setting next_dagrun for example_sla_dag to 2024-09-08 13:26:00+00:00, run_after=2024-09-08 13:28:00+00:00
[2024-09-08T13:29:31.738+0000] {processor.py:183} INFO - Processing /home/airflow/.local/lib/python3.8/site-packages/airflow/example_dags/example_sla_dag.py took 0.108 seconds
