[2024-09-08T13:22:43.668+0000] {processor.py:161} INFO - Started process (PID=54) to work on /home/airflow/.local/lib/python3.8/site-packages/airflow/example_dags/example_dag_decorator.py
[2024-09-08T13:22:43.670+0000] {processor.py:830} INFO - Processing file /home/airflow/.local/lib/python3.8/site-packages/airflow/example_dags/example_dag_decorator.py for tasks to queue
[2024-09-08T13:22:43.671+0000] {logging_mixin.py:188} INFO - [2024-09-08T13:22:43.671+0000] {dagbag.py:538} INFO - Filling up the DagBag from /home/airflow/.local/lib/python3.8/site-packages/airflow/example_dags/example_dag_decorator.py
[2024-09-08T13:22:44.798+0000] {processor.py:840} INFO - DAG(s) 'example_dag_decorator' retrieved from /home/airflow/.local/lib/python3.8/site-packages/airflow/example_dags/example_dag_decorator.py
[2024-09-08T13:22:45.381+0000] {logging_mixin.py:188} INFO - [2024-09-08T13:22:45.373+0000] {dag.py:3036} INFO - Sync 1 DAGs
[2024-09-08T13:22:45.476+0000] {logging_mixin.py:188} INFO - [2024-09-08T13:22:45.476+0000] {dag.py:3823} INFO - Setting next_dagrun for example_dag_decorator to None, run_after=None
[2024-09-08T13:22:45.566+0000] {processor.py:183} INFO - Processing /home/airflow/.local/lib/python3.8/site-packages/airflow/example_dags/example_dag_decorator.py took 1.914 seconds
[2024-09-08T13:23:15.832+0000] {processor.py:161} INFO - Started process (PID=111) to work on /home/airflow/.local/lib/python3.8/site-packages/airflow/example_dags/example_dag_decorator.py
[2024-09-08T13:23:15.834+0000] {processor.py:830} INFO - Processing file /home/airflow/.local/lib/python3.8/site-packages/airflow/example_dags/example_dag_decorator.py for tasks to queue
[2024-09-08T13:23:15.837+0000] {logging_mixin.py:188} INFO - [2024-09-08T13:23:15.837+0000] {dagbag.py:538} INFO - Filling up the DagBag from /home/airflow/.local/lib/python3.8/site-packages/airflow/example_dags/example_dag_decorator.py
[2024-09-08T13:23:16.062+0000] {processor.py:840} INFO - DAG(s) 'example_dag_decorator' retrieved from /home/airflow/.local/lib/python3.8/site-packages/airflow/example_dags/example_dag_decorator.py
[2024-09-08T13:23:16.194+0000] {logging_mixin.py:188} INFO - [2024-09-08T13:23:16.194+0000] {dag.py:3036} INFO - Sync 1 DAGs
[2024-09-08T13:23:16.207+0000] {logging_mixin.py:188} INFO - [2024-09-08T13:23:16.207+0000] {dag.py:3823} INFO - Setting next_dagrun for example_dag_decorator to None, run_after=None
[2024-09-08T13:23:16.231+0000] {processor.py:183} INFO - Processing /home/airflow/.local/lib/python3.8/site-packages/airflow/example_dags/example_dag_decorator.py took 0.404 seconds
[2024-09-08T13:23:47.115+0000] {processor.py:161} INFO - Started process (PID=169) to work on /home/airflow/.local/lib/python3.8/site-packages/airflow/example_dags/example_dag_decorator.py
[2024-09-08T13:23:47.116+0000] {processor.py:830} INFO - Processing file /home/airflow/.local/lib/python3.8/site-packages/airflow/example_dags/example_dag_decorator.py for tasks to queue
[2024-09-08T13:23:47.117+0000] {logging_mixin.py:188} INFO - [2024-09-08T13:23:47.117+0000] {dagbag.py:538} INFO - Filling up the DagBag from /home/airflow/.local/lib/python3.8/site-packages/airflow/example_dags/example_dag_decorator.py
[2024-09-08T13:23:47.263+0000] {processor.py:840} INFO - DAG(s) 'example_dag_decorator' retrieved from /home/airflow/.local/lib/python3.8/site-packages/airflow/example_dags/example_dag_decorator.py
[2024-09-08T13:23:47.390+0000] {logging_mixin.py:188} INFO - [2024-09-08T13:23:47.389+0000] {dag.py:3036} INFO - Sync 1 DAGs
[2024-09-08T13:23:47.403+0000] {logging_mixin.py:188} INFO - [2024-09-08T13:23:47.402+0000] {dag.py:3823} INFO - Setting next_dagrun for example_dag_decorator to None, run_after=None
[2024-09-08T13:23:47.426+0000] {processor.py:183} INFO - Processing /home/airflow/.local/lib/python3.8/site-packages/airflow/example_dags/example_dag_decorator.py took 0.316 seconds
[2024-09-08T13:24:17.556+0000] {processor.py:161} INFO - Started process (PID=226) to work on /home/airflow/.local/lib/python3.8/site-packages/airflow/example_dags/example_dag_decorator.py
[2024-09-08T13:24:17.558+0000] {processor.py:830} INFO - Processing file /home/airflow/.local/lib/python3.8/site-packages/airflow/example_dags/example_dag_decorator.py for tasks to queue
[2024-09-08T13:24:17.559+0000] {logging_mixin.py:188} INFO - [2024-09-08T13:24:17.559+0000] {dagbag.py:538} INFO - Filling up the DagBag from /home/airflow/.local/lib/python3.8/site-packages/airflow/example_dags/example_dag_decorator.py
[2024-09-08T13:24:17.715+0000] {processor.py:840} INFO - DAG(s) 'example_dag_decorator' retrieved from /home/airflow/.local/lib/python3.8/site-packages/airflow/example_dags/example_dag_decorator.py
[2024-09-08T13:24:17.864+0000] {logging_mixin.py:188} INFO - [2024-09-08T13:24:17.863+0000] {dag.py:3036} INFO - Sync 1 DAGs
[2024-09-08T13:24:17.883+0000] {logging_mixin.py:188} INFO - [2024-09-08T13:24:17.882+0000] {dag.py:3823} INFO - Setting next_dagrun for example_dag_decorator to None, run_after=None
[2024-09-08T13:24:17.910+0000] {processor.py:183} INFO - Processing /home/airflow/.local/lib/python3.8/site-packages/airflow/example_dags/example_dag_decorator.py took 0.359 seconds
[2024-09-08T13:24:48.047+0000] {processor.py:161} INFO - Started process (PID=283) to work on /home/airflow/.local/lib/python3.8/site-packages/airflow/example_dags/example_dag_decorator.py
[2024-09-08T13:24:48.048+0000] {processor.py:830} INFO - Processing file /home/airflow/.local/lib/python3.8/site-packages/airflow/example_dags/example_dag_decorator.py for tasks to queue
[2024-09-08T13:24:48.049+0000] {logging_mixin.py:188} INFO - [2024-09-08T13:24:48.049+0000] {dagbag.py:538} INFO - Filling up the DagBag from /home/airflow/.local/lib/python3.8/site-packages/airflow/example_dags/example_dag_decorator.py
[2024-09-08T13:24:48.188+0000] {processor.py:840} INFO - DAG(s) 'example_dag_decorator' retrieved from /home/airflow/.local/lib/python3.8/site-packages/airflow/example_dags/example_dag_decorator.py
[2024-09-08T13:24:48.318+0000] {logging_mixin.py:188} INFO - [2024-09-08T13:24:48.318+0000] {dag.py:3036} INFO - Sync 1 DAGs
[2024-09-08T13:24:48.332+0000] {logging_mixin.py:188} INFO - [2024-09-08T13:24:48.332+0000] {dag.py:3823} INFO - Setting next_dagrun for example_dag_decorator to None, run_after=None
[2024-09-08T13:24:48.357+0000] {processor.py:183} INFO - Processing /home/airflow/.local/lib/python3.8/site-packages/airflow/example_dags/example_dag_decorator.py took 0.315 seconds
[2024-09-08T13:25:18.643+0000] {processor.py:161} INFO - Started process (PID=340) to work on /home/airflow/.local/lib/python3.8/site-packages/airflow/example_dags/example_dag_decorator.py
[2024-09-08T13:25:18.644+0000] {processor.py:830} INFO - Processing file /home/airflow/.local/lib/python3.8/site-packages/airflow/example_dags/example_dag_decorator.py for tasks to queue
[2024-09-08T13:25:18.646+0000] {logging_mixin.py:188} INFO - [2024-09-08T13:25:18.646+0000] {dagbag.py:538} INFO - Filling up the DagBag from /home/airflow/.local/lib/python3.8/site-packages/airflow/example_dags/example_dag_decorator.py
[2024-09-08T13:25:18.786+0000] {processor.py:840} INFO - DAG(s) 'example_dag_decorator' retrieved from /home/airflow/.local/lib/python3.8/site-packages/airflow/example_dags/example_dag_decorator.py
[2024-09-08T13:25:18.926+0000] {logging_mixin.py:188} INFO - [2024-09-08T13:25:18.926+0000] {dag.py:3036} INFO - Sync 1 DAGs
[2024-09-08T13:25:18.939+0000] {logging_mixin.py:188} INFO - [2024-09-08T13:25:18.939+0000] {dag.py:3823} INFO - Setting next_dagrun for example_dag_decorator to None, run_after=None
[2024-09-08T13:25:18.968+0000] {processor.py:183} INFO - Processing /home/airflow/.local/lib/python3.8/site-packages/airflow/example_dags/example_dag_decorator.py took 0.330 seconds
[2024-09-08T13:25:49.250+0000] {processor.py:161} INFO - Started process (PID=397) to work on /home/airflow/.local/lib/python3.8/site-packages/airflow/example_dags/example_dag_decorator.py
[2024-09-08T13:25:49.252+0000] {processor.py:830} INFO - Processing file /home/airflow/.local/lib/python3.8/site-packages/airflow/example_dags/example_dag_decorator.py for tasks to queue
[2024-09-08T13:25:49.253+0000] {logging_mixin.py:188} INFO - [2024-09-08T13:25:49.253+0000] {dagbag.py:538} INFO - Filling up the DagBag from /home/airflow/.local/lib/python3.8/site-packages/airflow/example_dags/example_dag_decorator.py
[2024-09-08T13:25:49.417+0000] {processor.py:840} INFO - DAG(s) 'example_dag_decorator' retrieved from /home/airflow/.local/lib/python3.8/site-packages/airflow/example_dags/example_dag_decorator.py
[2024-09-08T13:25:49.610+0000] {logging_mixin.py:188} INFO - [2024-09-08T13:25:49.609+0000] {dag.py:3036} INFO - Sync 1 DAGs
[2024-09-08T13:25:49.635+0000] {logging_mixin.py:188} INFO - [2024-09-08T13:25:49.635+0000] {dag.py:3823} INFO - Setting next_dagrun for example_dag_decorator to None, run_after=None
[2024-09-08T13:25:49.690+0000] {processor.py:183} INFO - Processing /home/airflow/.local/lib/python3.8/site-packages/airflow/example_dags/example_dag_decorator.py took 0.444 seconds
[2024-09-08T13:26:19.930+0000] {processor.py:161} INFO - Started process (PID=454) to work on /home/airflow/.local/lib/python3.8/site-packages/airflow/example_dags/example_dag_decorator.py
[2024-09-08T13:26:19.931+0000] {processor.py:830} INFO - Processing file /home/airflow/.local/lib/python3.8/site-packages/airflow/example_dags/example_dag_decorator.py for tasks to queue
[2024-09-08T13:26:19.932+0000] {logging_mixin.py:188} INFO - [2024-09-08T13:26:19.932+0000] {dagbag.py:538} INFO - Filling up the DagBag from /home/airflow/.local/lib/python3.8/site-packages/airflow/example_dags/example_dag_decorator.py
[2024-09-08T13:26:20.080+0000] {processor.py:840} INFO - DAG(s) 'example_dag_decorator' retrieved from /home/airflow/.local/lib/python3.8/site-packages/airflow/example_dags/example_dag_decorator.py
[2024-09-08T13:26:20.112+0000] {logging_mixin.py:188} INFO - [2024-09-08T13:26:20.111+0000] {dag.py:3036} INFO - Sync 1 DAGs
[2024-09-08T13:26:20.128+0000] {logging_mixin.py:188} INFO - [2024-09-08T13:26:20.128+0000] {dag.py:3823} INFO - Setting next_dagrun for example_dag_decorator to None, run_after=None
[2024-09-08T13:26:20.153+0000] {processor.py:183} INFO - Processing /home/airflow/.local/lib/python3.8/site-packages/airflow/example_dags/example_dag_decorator.py took 0.228 seconds
[2024-09-08T13:26:50.709+0000] {processor.py:161} INFO - Started process (PID=511) to work on /home/airflow/.local/lib/python3.8/site-packages/airflow/example_dags/example_dag_decorator.py
[2024-09-08T13:26:50.711+0000] {processor.py:830} INFO - Processing file /home/airflow/.local/lib/python3.8/site-packages/airflow/example_dags/example_dag_decorator.py for tasks to queue
[2024-09-08T13:26:50.713+0000] {logging_mixin.py:188} INFO - [2024-09-08T13:26:50.712+0000] {dagbag.py:538} INFO - Filling up the DagBag from /home/airflow/.local/lib/python3.8/site-packages/airflow/example_dags/example_dag_decorator.py
[2024-09-08T13:26:50.962+0000] {processor.py:840} INFO - DAG(s) 'example_dag_decorator' retrieved from /home/airflow/.local/lib/python3.8/site-packages/airflow/example_dags/example_dag_decorator.py
[2024-09-08T13:26:51.012+0000] {logging_mixin.py:188} INFO - [2024-09-08T13:26:51.011+0000] {dag.py:3036} INFO - Sync 1 DAGs
[2024-09-08T13:26:51.037+0000] {logging_mixin.py:188} INFO - [2024-09-08T13:26:51.037+0000] {dag.py:3823} INFO - Setting next_dagrun for example_dag_decorator to None, run_after=None
[2024-09-08T13:26:51.080+0000] {processor.py:183} INFO - Processing /home/airflow/.local/lib/python3.8/site-packages/airflow/example_dags/example_dag_decorator.py took 0.380 seconds
[2024-09-08T13:27:21.509+0000] {processor.py:161} INFO - Started process (PID=568) to work on /home/airflow/.local/lib/python3.8/site-packages/airflow/example_dags/example_dag_decorator.py
[2024-09-08T13:27:21.511+0000] {processor.py:830} INFO - Processing file /home/airflow/.local/lib/python3.8/site-packages/airflow/example_dags/example_dag_decorator.py for tasks to queue
[2024-09-08T13:27:21.512+0000] {logging_mixin.py:188} INFO - [2024-09-08T13:27:21.512+0000] {dagbag.py:538} INFO - Filling up the DagBag from /home/airflow/.local/lib/python3.8/site-packages/airflow/example_dags/example_dag_decorator.py
[2024-09-08T13:27:21.671+0000] {processor.py:840} INFO - DAG(s) 'example_dag_decorator' retrieved from /home/airflow/.local/lib/python3.8/site-packages/airflow/example_dags/example_dag_decorator.py
[2024-09-08T13:27:21.828+0000] {logging_mixin.py:188} INFO - [2024-09-08T13:27:21.828+0000] {dag.py:3036} INFO - Sync 1 DAGs
[2024-09-08T13:27:21.842+0000] {logging_mixin.py:188} INFO - [2024-09-08T13:27:21.842+0000] {dag.py:3823} INFO - Setting next_dagrun for example_dag_decorator to None, run_after=None
[2024-09-08T13:27:21.872+0000] {processor.py:183} INFO - Processing /home/airflow/.local/lib/python3.8/site-packages/airflow/example_dags/example_dag_decorator.py took 0.367 seconds
[2024-09-08T13:27:52.747+0000] {processor.py:161} INFO - Started process (PID=632) to work on /home/airflow/.local/lib/python3.8/site-packages/airflow/example_dags/example_dag_decorator.py
[2024-09-08T13:27:52.748+0000] {processor.py:830} INFO - Processing file /home/airflow/.local/lib/python3.8/site-packages/airflow/example_dags/example_dag_decorator.py for tasks to queue
[2024-09-08T13:27:52.750+0000] {logging_mixin.py:188} INFO - [2024-09-08T13:27:52.749+0000] {dagbag.py:538} INFO - Filling up the DagBag from /home/airflow/.local/lib/python3.8/site-packages/airflow/example_dags/example_dag_decorator.py
[2024-09-08T13:27:52.885+0000] {processor.py:840} INFO - DAG(s) 'example_dag_decorator' retrieved from /home/airflow/.local/lib/python3.8/site-packages/airflow/example_dags/example_dag_decorator.py
[2024-09-08T13:27:53.030+0000] {logging_mixin.py:188} INFO - [2024-09-08T13:27:53.030+0000] {dag.py:3036} INFO - Sync 1 DAGs
[2024-09-08T13:27:53.051+0000] {logging_mixin.py:188} INFO - [2024-09-08T13:27:53.051+0000] {dag.py:3823} INFO - Setting next_dagrun for example_dag_decorator to None, run_after=None
[2024-09-08T13:27:53.094+0000] {processor.py:183} INFO - Processing /home/airflow/.local/lib/python3.8/site-packages/airflow/example_dags/example_dag_decorator.py took 0.351 seconds
[2024-09-08T13:28:23.322+0000] {processor.py:161} INFO - Started process (PID=689) to work on /home/airflow/.local/lib/python3.8/site-packages/airflow/example_dags/example_dag_decorator.py
[2024-09-08T13:28:23.324+0000] {processor.py:830} INFO - Processing file /home/airflow/.local/lib/python3.8/site-packages/airflow/example_dags/example_dag_decorator.py for tasks to queue
[2024-09-08T13:28:23.328+0000] {logging_mixin.py:188} INFO - [2024-09-08T13:28:23.327+0000] {dagbag.py:538} INFO - Filling up the DagBag from /home/airflow/.local/lib/python3.8/site-packages/airflow/example_dags/example_dag_decorator.py
[2024-09-08T13:28:23.630+0000] {processor.py:840} INFO - DAG(s) 'example_dag_decorator' retrieved from /home/airflow/.local/lib/python3.8/site-packages/airflow/example_dags/example_dag_decorator.py
[2024-09-08T13:28:23.840+0000] {logging_mixin.py:188} INFO - [2024-09-08T13:28:23.839+0000] {dag.py:3036} INFO - Sync 1 DAGs
[2024-09-08T13:28:23.856+0000] {logging_mixin.py:188} INFO - [2024-09-08T13:28:23.856+0000] {dag.py:3823} INFO - Setting next_dagrun for example_dag_decorator to None, run_after=None
[2024-09-08T13:28:23.882+0000] {processor.py:183} INFO - Processing /home/airflow/.local/lib/python3.8/site-packages/airflow/example_dags/example_dag_decorator.py took 0.596 seconds
[2024-09-08T13:28:54.060+0000] {processor.py:161} INFO - Started process (PID=748) to work on /home/airflow/.local/lib/python3.8/site-packages/airflow/example_dags/example_dag_decorator.py
[2024-09-08T13:28:54.061+0000] {processor.py:830} INFO - Processing file /home/airflow/.local/lib/python3.8/site-packages/airflow/example_dags/example_dag_decorator.py for tasks to queue
[2024-09-08T13:28:54.062+0000] {logging_mixin.py:188} INFO - [2024-09-08T13:28:54.062+0000] {dagbag.py:538} INFO - Filling up the DagBag from /home/airflow/.local/lib/python3.8/site-packages/airflow/example_dags/example_dag_decorator.py
[2024-09-08T13:28:54.268+0000] {processor.py:840} INFO - DAG(s) 'example_dag_decorator' retrieved from /home/airflow/.local/lib/python3.8/site-packages/airflow/example_dags/example_dag_decorator.py
[2024-09-08T13:28:54.525+0000] {logging_mixin.py:188} INFO - [2024-09-08T13:28:54.524+0000] {dag.py:3036} INFO - Sync 1 DAGs
[2024-09-08T13:28:54.549+0000] {logging_mixin.py:188} INFO - [2024-09-08T13:28:54.548+0000] {dag.py:3823} INFO - Setting next_dagrun for example_dag_decorator to None, run_after=None
[2024-09-08T13:28:54.711+0000] {processor.py:183} INFO - Processing /home/airflow/.local/lib/python3.8/site-packages/airflow/example_dags/example_dag_decorator.py took 0.655 seconds
[2024-09-08T13:29:25.314+0000] {processor.py:161} INFO - Started process (PID=805) to work on /home/airflow/.local/lib/python3.8/site-packages/airflow/example_dags/example_dag_decorator.py
[2024-09-08T13:29:25.315+0000] {processor.py:830} INFO - Processing file /home/airflow/.local/lib/python3.8/site-packages/airflow/example_dags/example_dag_decorator.py for tasks to queue
[2024-09-08T13:29:25.316+0000] {logging_mixin.py:188} INFO - [2024-09-08T13:29:25.316+0000] {dagbag.py:538} INFO - Filling up the DagBag from /home/airflow/.local/lib/python3.8/site-packages/airflow/example_dags/example_dag_decorator.py
[2024-09-08T13:29:25.638+0000] {processor.py:840} INFO - DAG(s) 'example_dag_decorator' retrieved from /home/airflow/.local/lib/python3.8/site-packages/airflow/example_dags/example_dag_decorator.py
[2024-09-08T13:29:25.857+0000] {logging_mixin.py:188} INFO - [2024-09-08T13:29:25.856+0000] {dag.py:3036} INFO - Sync 1 DAGs
[2024-09-08T13:29:25.873+0000] {logging_mixin.py:188} INFO - [2024-09-08T13:29:25.873+0000] {dag.py:3823} INFO - Setting next_dagrun for example_dag_decorator to None, run_after=None
[2024-09-08T13:29:25.906+0000] {processor.py:183} INFO - Processing /home/airflow/.local/lib/python3.8/site-packages/airflow/example_dags/example_dag_decorator.py took 0.597 seconds
