[2024-09-08T13:22:49.478+0000] {processor.py:161} INFO - Started process (PID=64) to work on /home/airflow/.local/lib/python3.8/site-packages/airflow/example_dags/example_xcom.py
[2024-09-08T13:22:49.480+0000] {processor.py:830} INFO - Processing file /home/airflow/.local/lib/python3.8/site-packages/airflow/example_dags/example_xcom.py for tasks to queue
[2024-09-08T13:22:49.482+0000] {logging_mixin.py:188} INFO - [2024-09-08T13:22:49.481+0000] {dagbag.py:538} INFO - Filling up the DagBag from /home/airflow/.local/lib/python3.8/site-packages/airflow/example_dags/example_xcom.py
[2024-09-08T13:22:49.501+0000] {processor.py:840} INFO - DAG(s) 'example_xcom' retrieved from /home/airflow/.local/lib/python3.8/site-packages/airflow/example_dags/example_xcom.py
[2024-09-08T13:22:49.543+0000] {logging_mixin.py:188} INFO - [2024-09-08T13:22:49.543+0000] {dag.py:3036} INFO - Sync 1 DAGs
[2024-09-08T13:22:49.624+0000] {logging_mixin.py:188} INFO - [2024-09-08T13:22:49.624+0000] {dag.py:3823} INFO - Setting next_dagrun for example_xcom to 2021-01-01 00:00:00+00:00, run_after=2021-01-01 00:00:00+00:00
[2024-09-08T13:22:49.727+0000] {processor.py:183} INFO - Processing /home/airflow/.local/lib/python3.8/site-packages/airflow/example_dags/example_xcom.py took 0.255 seconds
[2024-09-08T13:23:20.623+0000] {processor.py:161} INFO - Started process (PID=121) to work on /home/airflow/.local/lib/python3.8/site-packages/airflow/example_dags/example_xcom.py
[2024-09-08T13:23:20.624+0000] {processor.py:830} INFO - Processing file /home/airflow/.local/lib/python3.8/site-packages/airflow/example_dags/example_xcom.py for tasks to queue
[2024-09-08T13:23:20.626+0000] {logging_mixin.py:188} INFO - [2024-09-08T13:23:20.625+0000] {dagbag.py:538} INFO - Filling up the DagBag from /home/airflow/.local/lib/python3.8/site-packages/airflow/example_dags/example_xcom.py
[2024-09-08T13:23:20.636+0000] {processor.py:840} INFO - DAG(s) 'example_xcom' retrieved from /home/airflow/.local/lib/python3.8/site-packages/airflow/example_dags/example_xcom.py
[2024-09-08T13:23:20.669+0000] {logging_mixin.py:188} INFO - [2024-09-08T13:23:20.668+0000] {dag.py:3036} INFO - Sync 1 DAGs
[2024-09-08T13:23:20.701+0000] {logging_mixin.py:188} INFO - [2024-09-08T13:23:20.700+0000] {dag.py:3823} INFO - Setting next_dagrun for example_xcom to 2021-01-01 00:00:00+00:00, run_after=2021-01-01 00:00:00+00:00
[2024-09-08T13:23:20.727+0000] {processor.py:183} INFO - Processing /home/airflow/.local/lib/python3.8/site-packages/airflow/example_dags/example_xcom.py took 0.108 seconds
[2024-09-08T13:23:50.875+0000] {processor.py:161} INFO - Started process (PID=178) to work on /home/airflow/.local/lib/python3.8/site-packages/airflow/example_dags/example_xcom.py
[2024-09-08T13:23:50.876+0000] {processor.py:830} INFO - Processing file /home/airflow/.local/lib/python3.8/site-packages/airflow/example_dags/example_xcom.py for tasks to queue
[2024-09-08T13:23:50.878+0000] {logging_mixin.py:188} INFO - [2024-09-08T13:23:50.877+0000] {dagbag.py:538} INFO - Filling up the DagBag from /home/airflow/.local/lib/python3.8/site-packages/airflow/example_dags/example_xcom.py
[2024-09-08T13:23:50.887+0000] {processor.py:840} INFO - DAG(s) 'example_xcom' retrieved from /home/airflow/.local/lib/python3.8/site-packages/airflow/example_dags/example_xcom.py
[2024-09-08T13:23:50.917+0000] {logging_mixin.py:188} INFO - [2024-09-08T13:23:50.916+0000] {dag.py:3036} INFO - Sync 1 DAGs
[2024-09-08T13:23:50.944+0000] {logging_mixin.py:188} INFO - [2024-09-08T13:23:50.944+0000] {dag.py:3823} INFO - Setting next_dagrun for example_xcom to 2021-01-01 00:00:00+00:00, run_after=2021-01-01 00:00:00+00:00
[2024-09-08T13:23:50.973+0000] {processor.py:183} INFO - Processing /home/airflow/.local/lib/python3.8/site-packages/airflow/example_dags/example_xcom.py took 0.101 seconds
[2024-09-08T13:24:21.039+0000] {processor.py:161} INFO - Started process (PID=235) to work on /home/airflow/.local/lib/python3.8/site-packages/airflow/example_dags/example_xcom.py
[2024-09-08T13:24:21.040+0000] {processor.py:830} INFO - Processing file /home/airflow/.local/lib/python3.8/site-packages/airflow/example_dags/example_xcom.py for tasks to queue
[2024-09-08T13:24:21.041+0000] {logging_mixin.py:188} INFO - [2024-09-08T13:24:21.040+0000] {dagbag.py:538} INFO - Filling up the DagBag from /home/airflow/.local/lib/python3.8/site-packages/airflow/example_dags/example_xcom.py
[2024-09-08T13:24:21.052+0000] {processor.py:840} INFO - DAG(s) 'example_xcom' retrieved from /home/airflow/.local/lib/python3.8/site-packages/airflow/example_dags/example_xcom.py
[2024-09-08T13:24:21.083+0000] {logging_mixin.py:188} INFO - [2024-09-08T13:24:21.082+0000] {dag.py:3036} INFO - Sync 1 DAGs
[2024-09-08T13:24:21.114+0000] {logging_mixin.py:188} INFO - [2024-09-08T13:24:21.113+0000] {dag.py:3823} INFO - Setting next_dagrun for example_xcom to 2021-01-01 00:00:00+00:00, run_after=2021-01-01 00:00:00+00:00
[2024-09-08T13:24:21.140+0000] {processor.py:183} INFO - Processing /home/airflow/.local/lib/python3.8/site-packages/airflow/example_dags/example_xcom.py took 0.105 seconds
[2024-09-08T13:24:51.652+0000] {processor.py:161} INFO - Started process (PID=298) to work on /home/airflow/.local/lib/python3.8/site-packages/airflow/example_dags/example_xcom.py
[2024-09-08T13:24:51.653+0000] {processor.py:830} INFO - Processing file /home/airflow/.local/lib/python3.8/site-packages/airflow/example_dags/example_xcom.py for tasks to queue
[2024-09-08T13:24:51.655+0000] {logging_mixin.py:188} INFO - [2024-09-08T13:24:51.654+0000] {dagbag.py:538} INFO - Filling up the DagBag from /home/airflow/.local/lib/python3.8/site-packages/airflow/example_dags/example_xcom.py
[2024-09-08T13:24:51.668+0000] {processor.py:840} INFO - DAG(s) 'example_xcom' retrieved from /home/airflow/.local/lib/python3.8/site-packages/airflow/example_dags/example_xcom.py
[2024-09-08T13:24:51.697+0000] {logging_mixin.py:188} INFO - [2024-09-08T13:24:51.697+0000] {dag.py:3036} INFO - Sync 1 DAGs
[2024-09-08T13:24:51.729+0000] {logging_mixin.py:188} INFO - [2024-09-08T13:24:51.728+0000] {dag.py:3823} INFO - Setting next_dagrun for example_xcom to 2021-01-01 00:00:00+00:00, run_after=2021-01-01 00:00:00+00:00
[2024-09-08T13:24:51.760+0000] {processor.py:183} INFO - Processing /home/airflow/.local/lib/python3.8/site-packages/airflow/example_dags/example_xcom.py took 0.113 seconds
[2024-09-08T13:25:22.134+0000] {processor.py:161} INFO - Started process (PID=355) to work on /home/airflow/.local/lib/python3.8/site-packages/airflow/example_dags/example_xcom.py
[2024-09-08T13:25:22.135+0000] {processor.py:830} INFO - Processing file /home/airflow/.local/lib/python3.8/site-packages/airflow/example_dags/example_xcom.py for tasks to queue
[2024-09-08T13:25:22.137+0000] {logging_mixin.py:188} INFO - [2024-09-08T13:25:22.137+0000] {dagbag.py:538} INFO - Filling up the DagBag from /home/airflow/.local/lib/python3.8/site-packages/airflow/example_dags/example_xcom.py
[2024-09-08T13:25:22.146+0000] {processor.py:840} INFO - DAG(s) 'example_xcom' retrieved from /home/airflow/.local/lib/python3.8/site-packages/airflow/example_dags/example_xcom.py
[2024-09-08T13:25:22.179+0000] {logging_mixin.py:188} INFO - [2024-09-08T13:25:22.178+0000] {dag.py:3036} INFO - Sync 1 DAGs
[2024-09-08T13:25:22.218+0000] {logging_mixin.py:188} INFO - [2024-09-08T13:25:22.217+0000] {dag.py:3823} INFO - Setting next_dagrun for example_xcom to 2021-01-01 00:00:00+00:00, run_after=2021-01-01 00:00:00+00:00
[2024-09-08T13:25:22.255+0000] {processor.py:183} INFO - Processing /home/airflow/.local/lib/python3.8/site-packages/airflow/example_dags/example_xcom.py took 0.125 seconds
[2024-09-08T13:25:53.150+0000] {processor.py:161} INFO - Started process (PID=412) to work on /home/airflow/.local/lib/python3.8/site-packages/airflow/example_dags/example_xcom.py
[2024-09-08T13:25:53.152+0000] {processor.py:830} INFO - Processing file /home/airflow/.local/lib/python3.8/site-packages/airflow/example_dags/example_xcom.py for tasks to queue
[2024-09-08T13:25:53.158+0000] {logging_mixin.py:188} INFO - [2024-09-08T13:25:53.157+0000] {dagbag.py:538} INFO - Filling up the DagBag from /home/airflow/.local/lib/python3.8/site-packages/airflow/example_dags/example_xcom.py
[2024-09-08T13:25:53.178+0000] {processor.py:840} INFO - DAG(s) 'example_xcom' retrieved from /home/airflow/.local/lib/python3.8/site-packages/airflow/example_dags/example_xcom.py
[2024-09-08T13:25:53.286+0000] {logging_mixin.py:188} INFO - [2024-09-08T13:25:53.286+0000] {dag.py:3036} INFO - Sync 1 DAGs
[2024-09-08T13:25:53.379+0000] {logging_mixin.py:188} INFO - [2024-09-08T13:25:53.378+0000] {dag.py:3823} INFO - Setting next_dagrun for example_xcom to 2021-01-01 00:00:00+00:00, run_after=2021-01-01 00:00:00+00:00
[2024-09-08T13:25:53.452+0000] {processor.py:183} INFO - Processing /home/airflow/.local/lib/python3.8/site-packages/airflow/example_dags/example_xcom.py took 0.321 seconds
[2024-09-08T13:26:23.629+0000] {processor.py:161} INFO - Started process (PID=469) to work on /home/airflow/.local/lib/python3.8/site-packages/airflow/example_dags/example_xcom.py
[2024-09-08T13:26:23.630+0000] {processor.py:830} INFO - Processing file /home/airflow/.local/lib/python3.8/site-packages/airflow/example_dags/example_xcom.py for tasks to queue
[2024-09-08T13:26:23.633+0000] {logging_mixin.py:188} INFO - [2024-09-08T13:26:23.632+0000] {dagbag.py:538} INFO - Filling up the DagBag from /home/airflow/.local/lib/python3.8/site-packages/airflow/example_dags/example_xcom.py
[2024-09-08T13:26:23.647+0000] {processor.py:840} INFO - DAG(s) 'example_xcom' retrieved from /home/airflow/.local/lib/python3.8/site-packages/airflow/example_dags/example_xcom.py
[2024-09-08T13:26:23.690+0000] {logging_mixin.py:188} INFO - [2024-09-08T13:26:23.690+0000] {dag.py:3036} INFO - Sync 1 DAGs
[2024-09-08T13:26:23.722+0000] {logging_mixin.py:188} INFO - [2024-09-08T13:26:23.722+0000] {dag.py:3823} INFO - Setting next_dagrun for example_xcom to 2021-01-01 00:00:00+00:00, run_after=2021-01-01 00:00:00+00:00
[2024-09-08T13:26:23.755+0000] {processor.py:183} INFO - Processing /home/airflow/.local/lib/python3.8/site-packages/airflow/example_dags/example_xcom.py took 0.132 seconds
[2024-09-08T13:26:54.586+0000] {processor.py:161} INFO - Started process (PID=526) to work on /home/airflow/.local/lib/python3.8/site-packages/airflow/example_dags/example_xcom.py
[2024-09-08T13:26:54.587+0000] {processor.py:830} INFO - Processing file /home/airflow/.local/lib/python3.8/site-packages/airflow/example_dags/example_xcom.py for tasks to queue
[2024-09-08T13:26:54.588+0000] {logging_mixin.py:188} INFO - [2024-09-08T13:26:54.587+0000] {dagbag.py:538} INFO - Filling up the DagBag from /home/airflow/.local/lib/python3.8/site-packages/airflow/example_dags/example_xcom.py
[2024-09-08T13:26:54.598+0000] {processor.py:840} INFO - DAG(s) 'example_xcom' retrieved from /home/airflow/.local/lib/python3.8/site-packages/airflow/example_dags/example_xcom.py
[2024-09-08T13:26:54.625+0000] {logging_mixin.py:188} INFO - [2024-09-08T13:26:54.625+0000] {dag.py:3036} INFO - Sync 1 DAGs
[2024-09-08T13:26:54.657+0000] {logging_mixin.py:188} INFO - [2024-09-08T13:26:54.656+0000] {dag.py:3823} INFO - Setting next_dagrun for example_xcom to 2021-01-01 00:00:00+00:00, run_after=2021-01-01 00:00:00+00:00
[2024-09-08T13:26:54.684+0000] {processor.py:183} INFO - Processing /home/airflow/.local/lib/python3.8/site-packages/airflow/example_dags/example_xcom.py took 0.102 seconds
[2024-09-08T13:27:25.237+0000] {processor.py:161} INFO - Started process (PID=583) to work on /home/airflow/.local/lib/python3.8/site-packages/airflow/example_dags/example_xcom.py
[2024-09-08T13:27:25.238+0000] {processor.py:830} INFO - Processing file /home/airflow/.local/lib/python3.8/site-packages/airflow/example_dags/example_xcom.py for tasks to queue
[2024-09-08T13:27:25.239+0000] {logging_mixin.py:188} INFO - [2024-09-08T13:27:25.239+0000] {dagbag.py:538} INFO - Filling up the DagBag from /home/airflow/.local/lib/python3.8/site-packages/airflow/example_dags/example_xcom.py
[2024-09-08T13:27:25.252+0000] {processor.py:840} INFO - DAG(s) 'example_xcom' retrieved from /home/airflow/.local/lib/python3.8/site-packages/airflow/example_dags/example_xcom.py
[2024-09-08T13:27:25.288+0000] {logging_mixin.py:188} INFO - [2024-09-08T13:27:25.288+0000] {dag.py:3036} INFO - Sync 1 DAGs
[2024-09-08T13:27:25.323+0000] {logging_mixin.py:188} INFO - [2024-09-08T13:27:25.323+0000] {dag.py:3823} INFO - Setting next_dagrun for example_xcom to 2021-01-01 00:00:00+00:00, run_after=2021-01-01 00:00:00+00:00
[2024-09-08T13:27:25.353+0000] {processor.py:183} INFO - Processing /home/airflow/.local/lib/python3.8/site-packages/airflow/example_dags/example_xcom.py took 0.121 seconds
[2024-09-08T13:27:55.597+0000] {processor.py:161} INFO - Started process (PID=640) to work on /home/airflow/.local/lib/python3.8/site-packages/airflow/example_dags/example_xcom.py
[2024-09-08T13:27:55.599+0000] {processor.py:830} INFO - Processing file /home/airflow/.local/lib/python3.8/site-packages/airflow/example_dags/example_xcom.py for tasks to queue
[2024-09-08T13:27:55.600+0000] {logging_mixin.py:188} INFO - [2024-09-08T13:27:55.600+0000] {dagbag.py:538} INFO - Filling up the DagBag from /home/airflow/.local/lib/python3.8/site-packages/airflow/example_dags/example_xcom.py
[2024-09-08T13:27:55.610+0000] {processor.py:840} INFO - DAG(s) 'example_xcom' retrieved from /home/airflow/.local/lib/python3.8/site-packages/airflow/example_dags/example_xcom.py
[2024-09-08T13:27:55.642+0000] {logging_mixin.py:188} INFO - [2024-09-08T13:27:55.642+0000] {dag.py:3036} INFO - Sync 1 DAGs
[2024-09-08T13:27:55.674+0000] {logging_mixin.py:188} INFO - [2024-09-08T13:27:55.674+0000] {dag.py:3823} INFO - Setting next_dagrun for example_xcom to 2021-01-01 00:00:00+00:00, run_after=2021-01-01 00:00:00+00:00
[2024-09-08T13:27:55.706+0000] {processor.py:183} INFO - Processing /home/airflow/.local/lib/python3.8/site-packages/airflow/example_dags/example_xcom.py took 0.113 seconds
[2024-09-08T13:28:26.319+0000] {processor.py:161} INFO - Started process (PID=697) to work on /home/airflow/.local/lib/python3.8/site-packages/airflow/example_dags/example_xcom.py
[2024-09-08T13:28:26.321+0000] {processor.py:830} INFO - Processing file /home/airflow/.local/lib/python3.8/site-packages/airflow/example_dags/example_xcom.py for tasks to queue
[2024-09-08T13:28:26.324+0000] {logging_mixin.py:188} INFO - [2024-09-08T13:28:26.323+0000] {dagbag.py:538} INFO - Filling up the DagBag from /home/airflow/.local/lib/python3.8/site-packages/airflow/example_dags/example_xcom.py
[2024-09-08T13:28:26.351+0000] {processor.py:840} INFO - DAG(s) 'example_xcom' retrieved from /home/airflow/.local/lib/python3.8/site-packages/airflow/example_dags/example_xcom.py
[2024-09-08T13:28:26.399+0000] {logging_mixin.py:188} INFO - [2024-09-08T13:28:26.398+0000] {dag.py:3036} INFO - Sync 1 DAGs
[2024-09-08T13:28:26.445+0000] {logging_mixin.py:188} INFO - [2024-09-08T13:28:26.445+0000] {dag.py:3823} INFO - Setting next_dagrun for example_xcom to 2021-01-01 00:00:00+00:00, run_after=2021-01-01 00:00:00+00:00
[2024-09-08T13:28:26.480+0000] {processor.py:183} INFO - Processing /home/airflow/.local/lib/python3.8/site-packages/airflow/example_dags/example_xcom.py took 0.191 seconds
[2024-09-08T13:28:57.474+0000] {processor.py:161} INFO - Started process (PID=754) to work on /home/airflow/.local/lib/python3.8/site-packages/airflow/example_dags/example_xcom.py
[2024-09-08T13:28:57.476+0000] {processor.py:830} INFO - Processing file /home/airflow/.local/lib/python3.8/site-packages/airflow/example_dags/example_xcom.py for tasks to queue
[2024-09-08T13:28:57.479+0000] {logging_mixin.py:188} INFO - [2024-09-08T13:28:57.478+0000] {dagbag.py:538} INFO - Filling up the DagBag from /home/airflow/.local/lib/python3.8/site-packages/airflow/example_dags/example_xcom.py
[2024-09-08T13:28:57.499+0000] {processor.py:840} INFO - DAG(s) 'example_xcom' retrieved from /home/airflow/.local/lib/python3.8/site-packages/airflow/example_dags/example_xcom.py
[2024-09-08T13:28:57.540+0000] {logging_mixin.py:188} INFO - [2024-09-08T13:28:57.540+0000] {dag.py:3036} INFO - Sync 1 DAGs
[2024-09-08T13:28:57.594+0000] {logging_mixin.py:188} INFO - [2024-09-08T13:28:57.594+0000] {dag.py:3823} INFO - Setting next_dagrun for example_xcom to 2021-01-01 00:00:00+00:00, run_after=2021-01-01 00:00:00+00:00
[2024-09-08T13:28:57.627+0000] {processor.py:183} INFO - Processing /home/airflow/.local/lib/python3.8/site-packages/airflow/example_dags/example_xcom.py took 0.163 seconds
[2024-09-08T13:29:27.817+0000] {processor.py:161} INFO - Started process (PID=811) to work on /home/airflow/.local/lib/python3.8/site-packages/airflow/example_dags/example_xcom.py
[2024-09-08T13:29:27.818+0000] {processor.py:830} INFO - Processing file /home/airflow/.local/lib/python3.8/site-packages/airflow/example_dags/example_xcom.py for tasks to queue
[2024-09-08T13:29:27.820+0000] {logging_mixin.py:188} INFO - [2024-09-08T13:29:27.819+0000] {dagbag.py:538} INFO - Filling up the DagBag from /home/airflow/.local/lib/python3.8/site-packages/airflow/example_dags/example_xcom.py
[2024-09-08T13:29:27.834+0000] {processor.py:840} INFO - DAG(s) 'example_xcom' retrieved from /home/airflow/.local/lib/python3.8/site-packages/airflow/example_dags/example_xcom.py
[2024-09-08T13:29:27.864+0000] {logging_mixin.py:188} INFO - [2024-09-08T13:29:27.864+0000] {dag.py:3036} INFO - Sync 1 DAGs
[2024-09-08T13:29:27.893+0000] {logging_mixin.py:188} INFO - [2024-09-08T13:29:27.893+0000] {dag.py:3823} INFO - Setting next_dagrun for example_xcom to 2021-01-01 00:00:00+00:00, run_after=2021-01-01 00:00:00+00:00
[2024-09-08T13:29:27.923+0000] {processor.py:183} INFO - Processing /home/airflow/.local/lib/python3.8/site-packages/airflow/example_dags/example_xcom.py took 0.112 seconds
