[2024-09-08T13:22:43.229+0000] {processor.py:161} INFO - Started process (PID=52) to work on /home/airflow/.local/lib/python3.8/site-packages/airflow/example_dags/example_branch_python_dop_operator_3.py
[2024-09-08T13:22:43.231+0000] {processor.py:830} INFO - Processing file /home/airflow/.local/lib/python3.8/site-packages/airflow/example_dags/example_branch_python_dop_operator_3.py for tasks to queue
[2024-09-08T13:22:43.233+0000] {logging_mixin.py:188} INFO - [2024-09-08T13:22:43.232+0000] {dagbag.py:538} INFO - Filling up the DagBag from /home/airflow/.local/lib/python3.8/site-packages/airflow/example_dags/example_branch_python_dop_operator_3.py
[2024-09-08T13:22:43.274+0000] {processor.py:840} INFO - DAG(s) 'example_branch_dop_operator_v3' retrieved from /home/airflow/.local/lib/python3.8/site-packages/airflow/example_dags/example_branch_python_dop_operator_3.py
[2024-09-08T13:22:43.401+0000] {logging_mixin.py:188} INFO - [2024-09-08T13:22:43.400+0000] {dag.py:3036} INFO - Sync 1 DAGs
[2024-09-08T13:22:43.559+0000] {logging_mixin.py:188} INFO - [2024-09-08T13:22:43.559+0000] {dag.py:3823} INFO - Setting next_dagrun for example_branch_dop_operator_v3 to 2024-09-08 13:21:00+00:00, run_after=2024-09-08 13:22:00+00:00
[2024-09-08T13:22:43.613+0000] {processor.py:183} INFO - Processing /home/airflow/.local/lib/python3.8/site-packages/airflow/example_dags/example_branch_python_dop_operator_3.py took 0.390 seconds
[2024-09-08T13:23:13.654+0000] {processor.py:161} INFO - Started process (PID=109) to work on /home/airflow/.local/lib/python3.8/site-packages/airflow/example_dags/example_branch_python_dop_operator_3.py
[2024-09-08T13:23:13.655+0000] {processor.py:830} INFO - Processing file /home/airflow/.local/lib/python3.8/site-packages/airflow/example_dags/example_branch_python_dop_operator_3.py for tasks to queue
[2024-09-08T13:23:13.658+0000] {logging_mixin.py:188} INFO - [2024-09-08T13:23:13.657+0000] {dagbag.py:538} INFO - Filling up the DagBag from /home/airflow/.local/lib/python3.8/site-packages/airflow/example_dags/example_branch_python_dop_operator_3.py
[2024-09-08T13:23:13.669+0000] {processor.py:840} INFO - DAG(s) 'example_branch_dop_operator_v3' retrieved from /home/airflow/.local/lib/python3.8/site-packages/airflow/example_dags/example_branch_python_dop_operator_3.py
[2024-09-08T13:23:13.696+0000] {logging_mixin.py:188} INFO - [2024-09-08T13:23:13.696+0000] {dag.py:3036} INFO - Sync 1 DAGs
[2024-09-08T13:23:13.731+0000] {logging_mixin.py:188} INFO - [2024-09-08T13:23:13.730+0000] {dag.py:3823} INFO - Setting next_dagrun for example_branch_dop_operator_v3 to 2024-09-08 13:22:00+00:00, run_after=2024-09-08 13:23:00+00:00
[2024-09-08T13:23:13.759+0000] {processor.py:183} INFO - Processing /home/airflow/.local/lib/python3.8/site-packages/airflow/example_dags/example_branch_python_dop_operator_3.py took 0.109 seconds
[2024-09-08T13:23:43.908+0000] {processor.py:161} INFO - Started process (PID=166) to work on /home/airflow/.local/lib/python3.8/site-packages/airflow/example_dags/example_branch_python_dop_operator_3.py
[2024-09-08T13:23:43.909+0000] {processor.py:830} INFO - Processing file /home/airflow/.local/lib/python3.8/site-packages/airflow/example_dags/example_branch_python_dop_operator_3.py for tasks to queue
[2024-09-08T13:23:43.910+0000] {logging_mixin.py:188} INFO - [2024-09-08T13:23:43.910+0000] {dagbag.py:538} INFO - Filling up the DagBag from /home/airflow/.local/lib/python3.8/site-packages/airflow/example_dags/example_branch_python_dop_operator_3.py
[2024-09-08T13:23:43.919+0000] {processor.py:840} INFO - DAG(s) 'example_branch_dop_operator_v3' retrieved from /home/airflow/.local/lib/python3.8/site-packages/airflow/example_dags/example_branch_python_dop_operator_3.py
[2024-09-08T13:23:43.943+0000] {logging_mixin.py:188} INFO - [2024-09-08T13:23:43.943+0000] {dag.py:3036} INFO - Sync 1 DAGs
[2024-09-08T13:23:43.979+0000] {logging_mixin.py:188} INFO - [2024-09-08T13:23:43.979+0000] {dag.py:3823} INFO - Setting next_dagrun for example_branch_dop_operator_v3 to 2024-09-08 13:22:00+00:00, run_after=2024-09-08 13:23:00+00:00
[2024-09-08T13:23:44.002+0000] {processor.py:183} INFO - Processing /home/airflow/.local/lib/python3.8/site-packages/airflow/example_dags/example_branch_python_dop_operator_3.py took 0.098 seconds
[2024-09-08T13:24:14.318+0000] {processor.py:161} INFO - Started process (PID=223) to work on /home/airflow/.local/lib/python3.8/site-packages/airflow/example_dags/example_branch_python_dop_operator_3.py
[2024-09-08T13:24:14.319+0000] {processor.py:830} INFO - Processing file /home/airflow/.local/lib/python3.8/site-packages/airflow/example_dags/example_branch_python_dop_operator_3.py for tasks to queue
[2024-09-08T13:24:14.321+0000] {logging_mixin.py:188} INFO - [2024-09-08T13:24:14.320+0000] {dagbag.py:538} INFO - Filling up the DagBag from /home/airflow/.local/lib/python3.8/site-packages/airflow/example_dags/example_branch_python_dop_operator_3.py
[2024-09-08T13:24:14.332+0000] {processor.py:840} INFO - DAG(s) 'example_branch_dop_operator_v3' retrieved from /home/airflow/.local/lib/python3.8/site-packages/airflow/example_dags/example_branch_python_dop_operator_3.py
[2024-09-08T13:24:14.358+0000] {logging_mixin.py:188} INFO - [2024-09-08T13:24:14.357+0000] {dag.py:3036} INFO - Sync 1 DAGs
[2024-09-08T13:24:14.391+0000] {logging_mixin.py:188} INFO - [2024-09-08T13:24:14.390+0000] {dag.py:3823} INFO - Setting next_dagrun for example_branch_dop_operator_v3 to 2024-09-08 13:23:00+00:00, run_after=2024-09-08 13:24:00+00:00
[2024-09-08T13:24:14.415+0000] {processor.py:183} INFO - Processing /home/airflow/.local/lib/python3.8/site-packages/airflow/example_dags/example_branch_python_dop_operator_3.py took 0.100 seconds
[2024-09-08T13:24:44.772+0000] {processor.py:161} INFO - Started process (PID=280) to work on /home/airflow/.local/lib/python3.8/site-packages/airflow/example_dags/example_branch_python_dop_operator_3.py
[2024-09-08T13:24:44.772+0000] {processor.py:830} INFO - Processing file /home/airflow/.local/lib/python3.8/site-packages/airflow/example_dags/example_branch_python_dop_operator_3.py for tasks to queue
[2024-09-08T13:24:44.774+0000] {logging_mixin.py:188} INFO - [2024-09-08T13:24:44.773+0000] {dagbag.py:538} INFO - Filling up the DagBag from /home/airflow/.local/lib/python3.8/site-packages/airflow/example_dags/example_branch_python_dop_operator_3.py
[2024-09-08T13:24:44.785+0000] {processor.py:840} INFO - DAG(s) 'example_branch_dop_operator_v3' retrieved from /home/airflow/.local/lib/python3.8/site-packages/airflow/example_dags/example_branch_python_dop_operator_3.py
[2024-09-08T13:24:44.810+0000] {logging_mixin.py:188} INFO - [2024-09-08T13:24:44.810+0000] {dag.py:3036} INFO - Sync 1 DAGs
[2024-09-08T13:24:44.845+0000] {logging_mixin.py:188} INFO - [2024-09-08T13:24:44.845+0000] {dag.py:3823} INFO - Setting next_dagrun for example_branch_dop_operator_v3 to 2024-09-08 13:23:00+00:00, run_after=2024-09-08 13:24:00+00:00
[2024-09-08T13:24:44.871+0000] {processor.py:183} INFO - Processing /home/airflow/.local/lib/python3.8/site-packages/airflow/example_dags/example_branch_python_dop_operator_3.py took 0.103 seconds
[2024-09-08T13:25:15.391+0000] {processor.py:161} INFO - Started process (PID=337) to work on /home/airflow/.local/lib/python3.8/site-packages/airflow/example_dags/example_branch_python_dop_operator_3.py
[2024-09-08T13:25:15.392+0000] {processor.py:830} INFO - Processing file /home/airflow/.local/lib/python3.8/site-packages/airflow/example_dags/example_branch_python_dop_operator_3.py for tasks to queue
[2024-09-08T13:25:15.393+0000] {logging_mixin.py:188} INFO - [2024-09-08T13:25:15.393+0000] {dagbag.py:538} INFO - Filling up the DagBag from /home/airflow/.local/lib/python3.8/site-packages/airflow/example_dags/example_branch_python_dop_operator_3.py
[2024-09-08T13:25:15.405+0000] {processor.py:840} INFO - DAG(s) 'example_branch_dop_operator_v3' retrieved from /home/airflow/.local/lib/python3.8/site-packages/airflow/example_dags/example_branch_python_dop_operator_3.py
[2024-09-08T13:25:15.430+0000] {logging_mixin.py:188} INFO - [2024-09-08T13:25:15.430+0000] {dag.py:3036} INFO - Sync 1 DAGs
[2024-09-08T13:25:15.468+0000] {logging_mixin.py:188} INFO - [2024-09-08T13:25:15.467+0000] {dag.py:3823} INFO - Setting next_dagrun for example_branch_dop_operator_v3 to 2024-09-08 13:24:00+00:00, run_after=2024-09-08 13:25:00+00:00
[2024-09-08T13:25:15.498+0000] {processor.py:183} INFO - Processing /home/airflow/.local/lib/python3.8/site-packages/airflow/example_dags/example_branch_python_dop_operator_3.py took 0.111 seconds
[2024-09-08T13:25:46.000+0000] {processor.py:161} INFO - Started process (PID=394) to work on /home/airflow/.local/lib/python3.8/site-packages/airflow/example_dags/example_branch_python_dop_operator_3.py
[2024-09-08T13:25:46.003+0000] {processor.py:830} INFO - Processing file /home/airflow/.local/lib/python3.8/site-packages/airflow/example_dags/example_branch_python_dop_operator_3.py for tasks to queue
[2024-09-08T13:25:46.005+0000] {logging_mixin.py:188} INFO - [2024-09-08T13:25:46.005+0000] {dagbag.py:538} INFO - Filling up the DagBag from /home/airflow/.local/lib/python3.8/site-packages/airflow/example_dags/example_branch_python_dop_operator_3.py
[2024-09-08T13:25:46.023+0000] {processor.py:840} INFO - DAG(s) 'example_branch_dop_operator_v3' retrieved from /home/airflow/.local/lib/python3.8/site-packages/airflow/example_dags/example_branch_python_dop_operator_3.py
[2024-09-08T13:25:46.073+0000] {logging_mixin.py:188} INFO - [2024-09-08T13:25:46.073+0000] {dag.py:3036} INFO - Sync 1 DAGs
[2024-09-08T13:25:46.135+0000] {logging_mixin.py:188} INFO - [2024-09-08T13:25:46.135+0000] {dag.py:3823} INFO - Setting next_dagrun for example_branch_dop_operator_v3 to 2024-09-08 13:24:00+00:00, run_after=2024-09-08 13:25:00+00:00
[2024-09-08T13:25:46.170+0000] {processor.py:183} INFO - Processing /home/airflow/.local/lib/python3.8/site-packages/airflow/example_dags/example_branch_python_dop_operator_3.py took 0.181 seconds
[2024-09-08T13:26:16.591+0000] {processor.py:161} INFO - Started process (PID=451) to work on /home/airflow/.local/lib/python3.8/site-packages/airflow/example_dags/example_branch_python_dop_operator_3.py
[2024-09-08T13:26:16.592+0000] {processor.py:830} INFO - Processing file /home/airflow/.local/lib/python3.8/site-packages/airflow/example_dags/example_branch_python_dop_operator_3.py for tasks to queue
[2024-09-08T13:26:16.594+0000] {logging_mixin.py:188} INFO - [2024-09-08T13:26:16.593+0000] {dagbag.py:538} INFO - Filling up the DagBag from /home/airflow/.local/lib/python3.8/site-packages/airflow/example_dags/example_branch_python_dop_operator_3.py
[2024-09-08T13:26:16.606+0000] {processor.py:840} INFO - DAG(s) 'example_branch_dop_operator_v3' retrieved from /home/airflow/.local/lib/python3.8/site-packages/airflow/example_dags/example_branch_python_dop_operator_3.py
[2024-09-08T13:26:16.633+0000] {logging_mixin.py:188} INFO - [2024-09-08T13:26:16.633+0000] {dag.py:3036} INFO - Sync 1 DAGs
[2024-09-08T13:26:16.677+0000] {logging_mixin.py:188} INFO - [2024-09-08T13:26:16.676+0000] {dag.py:3823} INFO - Setting next_dagrun for example_branch_dop_operator_v3 to 2024-09-08 13:25:00+00:00, run_after=2024-09-08 13:26:00+00:00
[2024-09-08T13:26:16.713+0000] {processor.py:183} INFO - Processing /home/airflow/.local/lib/python3.8/site-packages/airflow/example_dags/example_branch_python_dop_operator_3.py took 0.127 seconds
[2024-09-08T13:26:47.494+0000] {processor.py:161} INFO - Started process (PID=508) to work on /home/airflow/.local/lib/python3.8/site-packages/airflow/example_dags/example_branch_python_dop_operator_3.py
[2024-09-08T13:26:47.495+0000] {processor.py:830} INFO - Processing file /home/airflow/.local/lib/python3.8/site-packages/airflow/example_dags/example_branch_python_dop_operator_3.py for tasks to queue
[2024-09-08T13:26:47.496+0000] {logging_mixin.py:188} INFO - [2024-09-08T13:26:47.495+0000] {dagbag.py:538} INFO - Filling up the DagBag from /home/airflow/.local/lib/python3.8/site-packages/airflow/example_dags/example_branch_python_dop_operator_3.py
[2024-09-08T13:26:47.508+0000] {processor.py:840} INFO - DAG(s) 'example_branch_dop_operator_v3' retrieved from /home/airflow/.local/lib/python3.8/site-packages/airflow/example_dags/example_branch_python_dop_operator_3.py
[2024-09-08T13:26:47.537+0000] {logging_mixin.py:188} INFO - [2024-09-08T13:26:47.537+0000] {dag.py:3036} INFO - Sync 1 DAGs
[2024-09-08T13:26:47.580+0000] {logging_mixin.py:188} INFO - [2024-09-08T13:26:47.580+0000] {dag.py:3823} INFO - Setting next_dagrun for example_branch_dop_operator_v3 to 2024-09-08 13:25:00+00:00, run_after=2024-09-08 13:26:00+00:00
[2024-09-08T13:26:47.609+0000] {processor.py:183} INFO - Processing /home/airflow/.local/lib/python3.8/site-packages/airflow/example_dags/example_branch_python_dop_operator_3.py took 0.121 seconds
[2024-09-08T13:27:18.216+0000] {processor.py:161} INFO - Started process (PID=565) to work on /home/airflow/.local/lib/python3.8/site-packages/airflow/example_dags/example_branch_python_dop_operator_3.py
[2024-09-08T13:27:18.217+0000] {processor.py:830} INFO - Processing file /home/airflow/.local/lib/python3.8/site-packages/airflow/example_dags/example_branch_python_dop_operator_3.py for tasks to queue
[2024-09-08T13:27:18.218+0000] {logging_mixin.py:188} INFO - [2024-09-08T13:27:18.217+0000] {dagbag.py:538} INFO - Filling up the DagBag from /home/airflow/.local/lib/python3.8/site-packages/airflow/example_dags/example_branch_python_dop_operator_3.py
[2024-09-08T13:27:18.233+0000] {processor.py:840} INFO - DAG(s) 'example_branch_dop_operator_v3' retrieved from /home/airflow/.local/lib/python3.8/site-packages/airflow/example_dags/example_branch_python_dop_operator_3.py
[2024-09-08T13:27:18.258+0000] {logging_mixin.py:188} INFO - [2024-09-08T13:27:18.257+0000] {dag.py:3036} INFO - Sync 1 DAGs
[2024-09-08T13:27:18.296+0000] {logging_mixin.py:188} INFO - [2024-09-08T13:27:18.295+0000] {dag.py:3823} INFO - Setting next_dagrun for example_branch_dop_operator_v3 to 2024-09-08 13:26:00+00:00, run_after=2024-09-08 13:27:00+00:00
[2024-09-08T13:27:18.321+0000] {processor.py:183} INFO - Processing /home/airflow/.local/lib/python3.8/site-packages/airflow/example_dags/example_branch_python_dop_operator_3.py took 0.110 seconds
[2024-09-08T13:27:48.453+0000] {processor.py:161} INFO - Started process (PID=622) to work on /home/airflow/.local/lib/python3.8/site-packages/airflow/example_dags/example_branch_python_dop_operator_3.py
[2024-09-08T13:27:48.453+0000] {processor.py:830} INFO - Processing file /home/airflow/.local/lib/python3.8/site-packages/airflow/example_dags/example_branch_python_dop_operator_3.py for tasks to queue
[2024-09-08T13:27:48.454+0000] {logging_mixin.py:188} INFO - [2024-09-08T13:27:48.454+0000] {dagbag.py:538} INFO - Filling up the DagBag from /home/airflow/.local/lib/python3.8/site-packages/airflow/example_dags/example_branch_python_dop_operator_3.py
[2024-09-08T13:27:48.465+0000] {processor.py:840} INFO - DAG(s) 'example_branch_dop_operator_v3' retrieved from /home/airflow/.local/lib/python3.8/site-packages/airflow/example_dags/example_branch_python_dop_operator_3.py
[2024-09-08T13:27:48.490+0000] {logging_mixin.py:188} INFO - [2024-09-08T13:27:48.490+0000] {dag.py:3036} INFO - Sync 1 DAGs
[2024-09-08T13:27:48.524+0000] {logging_mixin.py:188} INFO - [2024-09-08T13:27:48.524+0000] {dag.py:3823} INFO - Setting next_dagrun for example_branch_dop_operator_v3 to 2024-09-08 13:26:00+00:00, run_after=2024-09-08 13:27:00+00:00
[2024-09-08T13:27:48.548+0000] {processor.py:183} INFO - Processing /home/airflow/.local/lib/python3.8/site-packages/airflow/example_dags/example_branch_python_dop_operator_3.py took 0.100 seconds
[2024-09-08T13:28:18.880+0000] {processor.py:161} INFO - Started process (PID=679) to work on /home/airflow/.local/lib/python3.8/site-packages/airflow/example_dags/example_branch_python_dop_operator_3.py
[2024-09-08T13:28:18.881+0000] {processor.py:830} INFO - Processing file /home/airflow/.local/lib/python3.8/site-packages/airflow/example_dags/example_branch_python_dop_operator_3.py for tasks to queue
[2024-09-08T13:28:18.883+0000] {logging_mixin.py:188} INFO - [2024-09-08T13:28:18.882+0000] {dagbag.py:538} INFO - Filling up the DagBag from /home/airflow/.local/lib/python3.8/site-packages/airflow/example_dags/example_branch_python_dop_operator_3.py
[2024-09-08T13:28:18.896+0000] {processor.py:840} INFO - DAG(s) 'example_branch_dop_operator_v3' retrieved from /home/airflow/.local/lib/python3.8/site-packages/airflow/example_dags/example_branch_python_dop_operator_3.py
[2024-09-08T13:28:18.921+0000] {logging_mixin.py:188} INFO - [2024-09-08T13:28:18.921+0000] {dag.py:3036} INFO - Sync 1 DAGs
[2024-09-08T13:28:18.952+0000] {logging_mixin.py:188} INFO - [2024-09-08T13:28:18.952+0000] {dag.py:3823} INFO - Setting next_dagrun for example_branch_dop_operator_v3 to 2024-09-08 13:27:00+00:00, run_after=2024-09-08 13:28:00+00:00
[2024-09-08T13:28:18.981+0000] {processor.py:183} INFO - Processing /home/airflow/.local/lib/python3.8/site-packages/airflow/example_dags/example_branch_python_dop_operator_3.py took 0.104 seconds
[2024-09-08T13:28:49.332+0000] {processor.py:161} INFO - Started process (PID=736) to work on /home/airflow/.local/lib/python3.8/site-packages/airflow/example_dags/example_branch_python_dop_operator_3.py
[2024-09-08T13:28:49.332+0000] {processor.py:830} INFO - Processing file /home/airflow/.local/lib/python3.8/site-packages/airflow/example_dags/example_branch_python_dop_operator_3.py for tasks to queue
[2024-09-08T13:28:49.334+0000] {logging_mixin.py:188} INFO - [2024-09-08T13:28:49.333+0000] {dagbag.py:538} INFO - Filling up the DagBag from /home/airflow/.local/lib/python3.8/site-packages/airflow/example_dags/example_branch_python_dop_operator_3.py
[2024-09-08T13:28:49.346+0000] {processor.py:840} INFO - DAG(s) 'example_branch_dop_operator_v3' retrieved from /home/airflow/.local/lib/python3.8/site-packages/airflow/example_dags/example_branch_python_dop_operator_3.py
[2024-09-08T13:28:49.374+0000] {logging_mixin.py:188} INFO - [2024-09-08T13:28:49.374+0000] {dag.py:3036} INFO - Sync 1 DAGs
[2024-09-08T13:28:49.417+0000] {logging_mixin.py:188} INFO - [2024-09-08T13:28:49.417+0000] {dag.py:3823} INFO - Setting next_dagrun for example_branch_dop_operator_v3 to 2024-09-08 13:27:00+00:00, run_after=2024-09-08 13:28:00+00:00
[2024-09-08T13:28:49.448+0000] {processor.py:183} INFO - Processing /home/airflow/.local/lib/python3.8/site-packages/airflow/example_dags/example_branch_python_dop_operator_3.py took 0.121 seconds
[2024-09-08T13:29:19.771+0000] {processor.py:161} INFO - Started process (PID=793) to work on /home/airflow/.local/lib/python3.8/site-packages/airflow/example_dags/example_branch_python_dop_operator_3.py
[2024-09-08T13:29:19.772+0000] {processor.py:830} INFO - Processing file /home/airflow/.local/lib/python3.8/site-packages/airflow/example_dags/example_branch_python_dop_operator_3.py for tasks to queue
[2024-09-08T13:29:19.774+0000] {logging_mixin.py:188} INFO - [2024-09-08T13:29:19.774+0000] {dagbag.py:538} INFO - Filling up the DagBag from /home/airflow/.local/lib/python3.8/site-packages/airflow/example_dags/example_branch_python_dop_operator_3.py
[2024-09-08T13:29:19.787+0000] {processor.py:840} INFO - DAG(s) 'example_branch_dop_operator_v3' retrieved from /home/airflow/.local/lib/python3.8/site-packages/airflow/example_dags/example_branch_python_dop_operator_3.py
[2024-09-08T13:29:19.811+0000] {logging_mixin.py:188} INFO - [2024-09-08T13:29:19.811+0000] {dag.py:3036} INFO - Sync 1 DAGs
[2024-09-08T13:29:19.844+0000] {logging_mixin.py:188} INFO - [2024-09-08T13:29:19.844+0000] {dag.py:3823} INFO - Setting next_dagrun for example_branch_dop_operator_v3 to 2024-09-08 13:28:00+00:00, run_after=2024-09-08 13:29:00+00:00
[2024-09-08T13:29:19.899+0000] {processor.py:183} INFO - Processing /home/airflow/.local/lib/python3.8/site-packages/airflow/example_dags/example_branch_python_dop_operator_3.py took 0.133 seconds
