[2024-09-08T13:22:49.252+0000] {processor.py:161} INFO - Started process (PID=63) to work on /home/airflow/.local/lib/python3.8/site-packages/airflow/example_dags/tutorial_taskflow_api.py
[2024-09-08T13:22:49.255+0000] {processor.py:830} INFO - Processing file /home/airflow/.local/lib/python3.8/site-packages/airflow/example_dags/tutorial_taskflow_api.py for tasks to queue
[2024-09-08T13:22:49.259+0000] {logging_mixin.py:188} INFO - [2024-09-08T13:22:49.258+0000] {dagbag.py:538} INFO - Filling up the DagBag from /home/airflow/.local/lib/python3.8/site-packages/airflow/example_dags/tutorial_taskflow_api.py
[2024-09-08T13:22:49.308+0000] {processor.py:840} INFO - DAG(s) 'tutorial_taskflow_api' retrieved from /home/airflow/.local/lib/python3.8/site-packages/airflow/example_dags/tutorial_taskflow_api.py
[2024-09-08T13:22:49.423+0000] {logging_mixin.py:188} INFO - [2024-09-08T13:22:49.423+0000] {dag.py:3036} INFO - Sync 1 DAGs
[2024-09-08T13:22:49.457+0000] {logging_mixin.py:188} INFO - [2024-09-08T13:22:49.456+0000] {dag.py:3823} INFO - Setting next_dagrun for tutorial_taskflow_api to None, run_after=None
[2024-09-08T13:22:49.502+0000] {processor.py:183} INFO - Processing /home/airflow/.local/lib/python3.8/site-packages/airflow/example_dags/tutorial_taskflow_api.py took 0.285 seconds
[2024-09-08T13:23:19.615+0000] {processor.py:161} INFO - Started process (PID=120) to work on /home/airflow/.local/lib/python3.8/site-packages/airflow/example_dags/tutorial_taskflow_api.py
[2024-09-08T13:23:19.616+0000] {processor.py:830} INFO - Processing file /home/airflow/.local/lib/python3.8/site-packages/airflow/example_dags/tutorial_taskflow_api.py for tasks to queue
[2024-09-08T13:23:19.617+0000] {logging_mixin.py:188} INFO - [2024-09-08T13:23:19.616+0000] {dagbag.py:538} INFO - Filling up the DagBag from /home/airflow/.local/lib/python3.8/site-packages/airflow/example_dags/tutorial_taskflow_api.py
[2024-09-08T13:23:19.625+0000] {processor.py:840} INFO - DAG(s) 'tutorial_taskflow_api' retrieved from /home/airflow/.local/lib/python3.8/site-packages/airflow/example_dags/tutorial_taskflow_api.py
[2024-09-08T13:23:19.650+0000] {logging_mixin.py:188} INFO - [2024-09-08T13:23:19.650+0000] {dag.py:3036} INFO - Sync 1 DAGs
[2024-09-08T13:23:19.672+0000] {logging_mixin.py:188} INFO - [2024-09-08T13:23:19.671+0000] {dag.py:3823} INFO - Setting next_dagrun for tutorial_taskflow_api to None, run_after=None
[2024-09-08T13:23:19.700+0000] {processor.py:183} INFO - Processing /home/airflow/.local/lib/python3.8/site-packages/airflow/example_dags/tutorial_taskflow_api.py took 0.090 seconds
[2024-09-08T13:23:49.865+0000] {processor.py:161} INFO - Started process (PID=177) to work on /home/airflow/.local/lib/python3.8/site-packages/airflow/example_dags/tutorial_taskflow_api.py
[2024-09-08T13:23:49.866+0000] {processor.py:830} INFO - Processing file /home/airflow/.local/lib/python3.8/site-packages/airflow/example_dags/tutorial_taskflow_api.py for tasks to queue
[2024-09-08T13:23:49.867+0000] {logging_mixin.py:188} INFO - [2024-09-08T13:23:49.867+0000] {dagbag.py:538} INFO - Filling up the DagBag from /home/airflow/.local/lib/python3.8/site-packages/airflow/example_dags/tutorial_taskflow_api.py
[2024-09-08T13:23:49.875+0000] {processor.py:840} INFO - DAG(s) 'tutorial_taskflow_api' retrieved from /home/airflow/.local/lib/python3.8/site-packages/airflow/example_dags/tutorial_taskflow_api.py
[2024-09-08T13:23:49.899+0000] {logging_mixin.py:188} INFO - [2024-09-08T13:23:49.898+0000] {dag.py:3036} INFO - Sync 1 DAGs
[2024-09-08T13:23:49.912+0000] {logging_mixin.py:188} INFO - [2024-09-08T13:23:49.912+0000] {dag.py:3823} INFO - Setting next_dagrun for tutorial_taskflow_api to None, run_after=None
[2024-09-08T13:23:49.933+0000] {processor.py:183} INFO - Processing /home/airflow/.local/lib/python3.8/site-packages/airflow/example_dags/tutorial_taskflow_api.py took 0.073 seconds
[2024-09-08T13:24:20.018+0000] {processor.py:161} INFO - Started process (PID=234) to work on /home/airflow/.local/lib/python3.8/site-packages/airflow/example_dags/tutorial_taskflow_api.py
[2024-09-08T13:24:20.019+0000] {processor.py:830} INFO - Processing file /home/airflow/.local/lib/python3.8/site-packages/airflow/example_dags/tutorial_taskflow_api.py for tasks to queue
[2024-09-08T13:24:20.021+0000] {logging_mixin.py:188} INFO - [2024-09-08T13:24:20.020+0000] {dagbag.py:538} INFO - Filling up the DagBag from /home/airflow/.local/lib/python3.8/site-packages/airflow/example_dags/tutorial_taskflow_api.py
[2024-09-08T13:24:20.028+0000] {processor.py:840} INFO - DAG(s) 'tutorial_taskflow_api' retrieved from /home/airflow/.local/lib/python3.8/site-packages/airflow/example_dags/tutorial_taskflow_api.py
[2024-09-08T13:24:20.050+0000] {logging_mixin.py:188} INFO - [2024-09-08T13:24:20.050+0000] {dag.py:3036} INFO - Sync 1 DAGs
[2024-09-08T13:24:20.067+0000] {logging_mixin.py:188} INFO - [2024-09-08T13:24:20.067+0000] {dag.py:3823} INFO - Setting next_dagrun for tutorial_taskflow_api to None, run_after=None
[2024-09-08T13:24:20.093+0000] {processor.py:183} INFO - Processing /home/airflow/.local/lib/python3.8/site-packages/airflow/example_dags/tutorial_taskflow_api.py took 0.079 seconds
[2024-09-08T13:24:50.508+0000] {processor.py:161} INFO - Started process (PID=291) to work on /home/airflow/.local/lib/python3.8/site-packages/airflow/example_dags/tutorial_taskflow_api.py
[2024-09-08T13:24:50.509+0000] {processor.py:830} INFO - Processing file /home/airflow/.local/lib/python3.8/site-packages/airflow/example_dags/tutorial_taskflow_api.py for tasks to queue
[2024-09-08T13:24:50.511+0000] {logging_mixin.py:188} INFO - [2024-09-08T13:24:50.510+0000] {dagbag.py:538} INFO - Filling up the DagBag from /home/airflow/.local/lib/python3.8/site-packages/airflow/example_dags/tutorial_taskflow_api.py
[2024-09-08T13:24:50.521+0000] {processor.py:840} INFO - DAG(s) 'tutorial_taskflow_api' retrieved from /home/airflow/.local/lib/python3.8/site-packages/airflow/example_dags/tutorial_taskflow_api.py
[2024-09-08T13:24:50.551+0000] {logging_mixin.py:188} INFO - [2024-09-08T13:24:50.551+0000] {dag.py:3036} INFO - Sync 1 DAGs
[2024-09-08T13:24:50.575+0000] {logging_mixin.py:188} INFO - [2024-09-08T13:24:50.575+0000] {dag.py:3823} INFO - Setting next_dagrun for tutorial_taskflow_api to None, run_after=None
[2024-09-08T13:24:50.604+0000] {processor.py:183} INFO - Processing /home/airflow/.local/lib/python3.8/site-packages/airflow/example_dags/tutorial_taskflow_api.py took 0.101 seconds
[2024-09-08T13:25:21.118+0000] {processor.py:161} INFO - Started process (PID=348) to work on /home/airflow/.local/lib/python3.8/site-packages/airflow/example_dags/tutorial_taskflow_api.py
[2024-09-08T13:25:21.119+0000] {processor.py:830} INFO - Processing file /home/airflow/.local/lib/python3.8/site-packages/airflow/example_dags/tutorial_taskflow_api.py for tasks to queue
[2024-09-08T13:25:21.120+0000] {logging_mixin.py:188} INFO - [2024-09-08T13:25:21.119+0000] {dagbag.py:538} INFO - Filling up the DagBag from /home/airflow/.local/lib/python3.8/site-packages/airflow/example_dags/tutorial_taskflow_api.py
[2024-09-08T13:25:21.129+0000] {processor.py:840} INFO - DAG(s) 'tutorial_taskflow_api' retrieved from /home/airflow/.local/lib/python3.8/site-packages/airflow/example_dags/tutorial_taskflow_api.py
[2024-09-08T13:25:21.155+0000] {logging_mixin.py:188} INFO - [2024-09-08T13:25:21.155+0000] {dag.py:3036} INFO - Sync 1 DAGs
[2024-09-08T13:25:21.178+0000] {logging_mixin.py:188} INFO - [2024-09-08T13:25:21.178+0000] {dag.py:3823} INFO - Setting next_dagrun for tutorial_taskflow_api to None, run_after=None
[2024-09-08T13:25:21.207+0000] {processor.py:183} INFO - Processing /home/airflow/.local/lib/python3.8/site-packages/airflow/example_dags/tutorial_taskflow_api.py took 0.093 seconds
[2024-09-08T13:25:51.843+0000] {processor.py:161} INFO - Started process (PID=411) to work on /home/airflow/.local/lib/python3.8/site-packages/airflow/example_dags/tutorial_taskflow_api.py
[2024-09-08T13:25:51.844+0000] {processor.py:830} INFO - Processing file /home/airflow/.local/lib/python3.8/site-packages/airflow/example_dags/tutorial_taskflow_api.py for tasks to queue
[2024-09-08T13:25:51.846+0000] {logging_mixin.py:188} INFO - [2024-09-08T13:25:51.845+0000] {dagbag.py:538} INFO - Filling up the DagBag from /home/airflow/.local/lib/python3.8/site-packages/airflow/example_dags/tutorial_taskflow_api.py
[2024-09-08T13:25:51.861+0000] {processor.py:840} INFO - DAG(s) 'tutorial_taskflow_api' retrieved from /home/airflow/.local/lib/python3.8/site-packages/airflow/example_dags/tutorial_taskflow_api.py
[2024-09-08T13:25:51.897+0000] {logging_mixin.py:188} INFO - [2024-09-08T13:25:51.896+0000] {dag.py:3036} INFO - Sync 1 DAGs
[2024-09-08T13:25:51.922+0000] {logging_mixin.py:188} INFO - [2024-09-08T13:25:51.922+0000] {dag.py:3823} INFO - Setting next_dagrun for tutorial_taskflow_api to None, run_after=None
[2024-09-08T13:25:51.989+0000] {processor.py:183} INFO - Processing /home/airflow/.local/lib/python3.8/site-packages/airflow/example_dags/tutorial_taskflow_api.py took 0.151 seconds
[2024-09-08T13:26:22.489+0000] {processor.py:161} INFO - Started process (PID=468) to work on /home/airflow/.local/lib/python3.8/site-packages/airflow/example_dags/tutorial_taskflow_api.py
[2024-09-08T13:26:22.490+0000] {processor.py:830} INFO - Processing file /home/airflow/.local/lib/python3.8/site-packages/airflow/example_dags/tutorial_taskflow_api.py for tasks to queue
[2024-09-08T13:26:22.492+0000] {logging_mixin.py:188} INFO - [2024-09-08T13:26:22.491+0000] {dagbag.py:538} INFO - Filling up the DagBag from /home/airflow/.local/lib/python3.8/site-packages/airflow/example_dags/tutorial_taskflow_api.py
[2024-09-08T13:26:22.500+0000] {processor.py:840} INFO - DAG(s) 'tutorial_taskflow_api' retrieved from /home/airflow/.local/lib/python3.8/site-packages/airflow/example_dags/tutorial_taskflow_api.py
[2024-09-08T13:26:22.527+0000] {logging_mixin.py:188} INFO - [2024-09-08T13:26:22.526+0000] {dag.py:3036} INFO - Sync 1 DAGs
[2024-09-08T13:26:22.544+0000] {logging_mixin.py:188} INFO - [2024-09-08T13:26:22.543+0000] {dag.py:3823} INFO - Setting next_dagrun for tutorial_taskflow_api to None, run_after=None
[2024-09-08T13:26:22.573+0000] {processor.py:183} INFO - Processing /home/airflow/.local/lib/python3.8/site-packages/airflow/example_dags/tutorial_taskflow_api.py took 0.088 seconds
[2024-09-08T13:26:53.387+0000] {processor.py:161} INFO - Started process (PID=525) to work on /home/airflow/.local/lib/python3.8/site-packages/airflow/example_dags/tutorial_taskflow_api.py
[2024-09-08T13:26:53.390+0000] {processor.py:830} INFO - Processing file /home/airflow/.local/lib/python3.8/site-packages/airflow/example_dags/tutorial_taskflow_api.py for tasks to queue
[2024-09-08T13:26:53.394+0000] {logging_mixin.py:188} INFO - [2024-09-08T13:26:53.394+0000] {dagbag.py:538} INFO - Filling up the DagBag from /home/airflow/.local/lib/python3.8/site-packages/airflow/example_dags/tutorial_taskflow_api.py
[2024-09-08T13:26:53.409+0000] {processor.py:840} INFO - DAG(s) 'tutorial_taskflow_api' retrieved from /home/airflow/.local/lib/python3.8/site-packages/airflow/example_dags/tutorial_taskflow_api.py
[2024-09-08T13:26:53.447+0000] {logging_mixin.py:188} INFO - [2024-09-08T13:26:53.446+0000] {dag.py:3036} INFO - Sync 1 DAGs
[2024-09-08T13:26:53.487+0000] {logging_mixin.py:188} INFO - [2024-09-08T13:26:53.486+0000] {dag.py:3823} INFO - Setting next_dagrun for tutorial_taskflow_api to None, run_after=None
[2024-09-08T13:26:53.533+0000] {processor.py:183} INFO - Processing /home/airflow/.local/lib/python3.8/site-packages/airflow/example_dags/tutorial_taskflow_api.py took 0.152 seconds
[2024-09-08T13:27:24.180+0000] {processor.py:161} INFO - Started process (PID=582) to work on /home/airflow/.local/lib/python3.8/site-packages/airflow/example_dags/tutorial_taskflow_api.py
[2024-09-08T13:27:24.181+0000] {processor.py:830} INFO - Processing file /home/airflow/.local/lib/python3.8/site-packages/airflow/example_dags/tutorial_taskflow_api.py for tasks to queue
[2024-09-08T13:27:24.183+0000] {logging_mixin.py:188} INFO - [2024-09-08T13:27:24.183+0000] {dagbag.py:538} INFO - Filling up the DagBag from /home/airflow/.local/lib/python3.8/site-packages/airflow/example_dags/tutorial_taskflow_api.py
[2024-09-08T13:27:24.193+0000] {processor.py:840} INFO - DAG(s) 'tutorial_taskflow_api' retrieved from /home/airflow/.local/lib/python3.8/site-packages/airflow/example_dags/tutorial_taskflow_api.py
[2024-09-08T13:27:24.220+0000] {logging_mixin.py:188} INFO - [2024-09-08T13:27:24.219+0000] {dag.py:3036} INFO - Sync 1 DAGs
[2024-09-08T13:27:24.237+0000] {logging_mixin.py:188} INFO - [2024-09-08T13:27:24.237+0000] {dag.py:3823} INFO - Setting next_dagrun for tutorial_taskflow_api to None, run_after=None
[2024-09-08T13:27:24.265+0000] {processor.py:183} INFO - Processing /home/airflow/.local/lib/python3.8/site-packages/airflow/example_dags/tutorial_taskflow_api.py took 0.091 seconds
[2024-09-08T13:27:54.584+0000] {processor.py:161} INFO - Started process (PID=639) to work on /home/airflow/.local/lib/python3.8/site-packages/airflow/example_dags/tutorial_taskflow_api.py
[2024-09-08T13:27:54.585+0000] {processor.py:830} INFO - Processing file /home/airflow/.local/lib/python3.8/site-packages/airflow/example_dags/tutorial_taskflow_api.py for tasks to queue
[2024-09-08T13:27:54.586+0000] {logging_mixin.py:188} INFO - [2024-09-08T13:27:54.586+0000] {dagbag.py:538} INFO - Filling up the DagBag from /home/airflow/.local/lib/python3.8/site-packages/airflow/example_dags/tutorial_taskflow_api.py
[2024-09-08T13:27:54.595+0000] {processor.py:840} INFO - DAG(s) 'tutorial_taskflow_api' retrieved from /home/airflow/.local/lib/python3.8/site-packages/airflow/example_dags/tutorial_taskflow_api.py
[2024-09-08T13:27:54.620+0000] {logging_mixin.py:188} INFO - [2024-09-08T13:27:54.620+0000] {dag.py:3036} INFO - Sync 1 DAGs
[2024-09-08T13:27:54.639+0000] {logging_mixin.py:188} INFO - [2024-09-08T13:27:54.638+0000] {dag.py:3823} INFO - Setting next_dagrun for tutorial_taskflow_api to None, run_after=None
[2024-09-08T13:27:54.669+0000] {processor.py:183} INFO - Processing /home/airflow/.local/lib/python3.8/site-packages/airflow/example_dags/tutorial_taskflow_api.py took 0.090 seconds
[2024-09-08T13:28:25.235+0000] {processor.py:161} INFO - Started process (PID=696) to work on /home/airflow/.local/lib/python3.8/site-packages/airflow/example_dags/tutorial_taskflow_api.py
[2024-09-08T13:28:25.236+0000] {processor.py:830} INFO - Processing file /home/airflow/.local/lib/python3.8/site-packages/airflow/example_dags/tutorial_taskflow_api.py for tasks to queue
[2024-09-08T13:28:25.238+0000] {logging_mixin.py:188} INFO - [2024-09-08T13:28:25.237+0000] {dagbag.py:538} INFO - Filling up the DagBag from /home/airflow/.local/lib/python3.8/site-packages/airflow/example_dags/tutorial_taskflow_api.py
[2024-09-08T13:28:25.248+0000] {processor.py:840} INFO - DAG(s) 'tutorial_taskflow_api' retrieved from /home/airflow/.local/lib/python3.8/site-packages/airflow/example_dags/tutorial_taskflow_api.py
[2024-09-08T13:28:25.276+0000] {logging_mixin.py:188} INFO - [2024-09-08T13:28:25.275+0000] {dag.py:3036} INFO - Sync 1 DAGs
[2024-09-08T13:28:25.292+0000] {logging_mixin.py:188} INFO - [2024-09-08T13:28:25.292+0000] {dag.py:3823} INFO - Setting next_dagrun for tutorial_taskflow_api to None, run_after=None
[2024-09-08T13:28:25.317+0000] {processor.py:183} INFO - Processing /home/airflow/.local/lib/python3.8/site-packages/airflow/example_dags/tutorial_taskflow_api.py took 0.086 seconds
[2024-09-08T13:28:56.259+0000] {processor.py:161} INFO - Started process (PID=753) to work on /home/airflow/.local/lib/python3.8/site-packages/airflow/example_dags/tutorial_taskflow_api.py
[2024-09-08T13:28:56.260+0000] {processor.py:830} INFO - Processing file /home/airflow/.local/lib/python3.8/site-packages/airflow/example_dags/tutorial_taskflow_api.py for tasks to queue
[2024-09-08T13:28:56.261+0000] {logging_mixin.py:188} INFO - [2024-09-08T13:28:56.261+0000] {dagbag.py:538} INFO - Filling up the DagBag from /home/airflow/.local/lib/python3.8/site-packages/airflow/example_dags/tutorial_taskflow_api.py
[2024-09-08T13:28:56.280+0000] {processor.py:840} INFO - DAG(s) 'tutorial_taskflow_api' retrieved from /home/airflow/.local/lib/python3.8/site-packages/airflow/example_dags/tutorial_taskflow_api.py
[2024-09-08T13:28:56.324+0000] {logging_mixin.py:188} INFO - [2024-09-08T13:28:56.324+0000] {dag.py:3036} INFO - Sync 1 DAGs
[2024-09-08T13:28:56.361+0000] {logging_mixin.py:188} INFO - [2024-09-08T13:28:56.361+0000] {dag.py:3823} INFO - Setting next_dagrun for tutorial_taskflow_api to None, run_after=None
[2024-09-08T13:28:56.405+0000] {processor.py:183} INFO - Processing /home/airflow/.local/lib/python3.8/site-packages/airflow/example_dags/tutorial_taskflow_api.py took 0.154 seconds
[2024-09-08T13:29:26.666+0000] {processor.py:161} INFO - Started process (PID=810) to work on /home/airflow/.local/lib/python3.8/site-packages/airflow/example_dags/tutorial_taskflow_api.py
[2024-09-08T13:29:26.667+0000] {processor.py:830} INFO - Processing file /home/airflow/.local/lib/python3.8/site-packages/airflow/example_dags/tutorial_taskflow_api.py for tasks to queue
[2024-09-08T13:29:26.668+0000] {logging_mixin.py:188} INFO - [2024-09-08T13:29:26.668+0000] {dagbag.py:538} INFO - Filling up the DagBag from /home/airflow/.local/lib/python3.8/site-packages/airflow/example_dags/tutorial_taskflow_api.py
[2024-09-08T13:29:26.679+0000] {processor.py:840} INFO - DAG(s) 'tutorial_taskflow_api' retrieved from /home/airflow/.local/lib/python3.8/site-packages/airflow/example_dags/tutorial_taskflow_api.py
[2024-09-08T13:29:26.715+0000] {logging_mixin.py:188} INFO - [2024-09-08T13:29:26.714+0000] {dag.py:3036} INFO - Sync 1 DAGs
[2024-09-08T13:29:26.737+0000] {logging_mixin.py:188} INFO - [2024-09-08T13:29:26.736+0000] {dag.py:3823} INFO - Setting next_dagrun for tutorial_taskflow_api to None, run_after=None
[2024-09-08T13:29:26.770+0000] {processor.py:183} INFO - Processing /home/airflow/.local/lib/python3.8/site-packages/airflow/example_dags/tutorial_taskflow_api.py took 0.109 seconds
