[2024-09-08T13:22:52.004+0000] {processor.py:161} INFO - Started process (PID=81) to work on /home/airflow/.local/lib/python3.8/site-packages/airflow/example_dags/tutorial.py
[2024-09-08T13:22:52.010+0000] {processor.py:830} INFO - Processing file /home/airflow/.local/lib/python3.8/site-packages/airflow/example_dags/tutorial.py for tasks to queue
[2024-09-08T13:22:52.015+0000] {logging_mixin.py:188} INFO - [2024-09-08T13:22:52.013+0000] {dagbag.py:538} INFO - Filling up the DagBag from /home/airflow/.local/lib/python3.8/site-packages/airflow/example_dags/tutorial.py
[2024-09-08T13:22:52.092+0000] {processor.py:840} INFO - DAG(s) 'tutorial' retrieved from /home/airflow/.local/lib/python3.8/site-packages/airflow/example_dags/tutorial.py
[2024-09-08T13:22:52.138+0000] {logging_mixin.py:188} INFO - [2024-09-08T13:22:52.138+0000] {dag.py:3036} INFO - Sync 1 DAGs
[2024-09-08T13:22:52.216+0000] {logging_mixin.py:188} INFO - [2024-09-08T13:22:52.216+0000] {dag.py:3823} INFO - Setting next_dagrun for tutorial to 2024-09-07 00:00:00+00:00, run_after=2024-09-08 00:00:00+00:00
[2024-09-08T13:22:52.275+0000] {processor.py:183} INFO - Processing /home/airflow/.local/lib/python3.8/site-packages/airflow/example_dags/tutorial.py took 0.295 seconds
[2024-09-08T13:23:22.707+0000] {processor.py:161} INFO - Started process (PID=138) to work on /home/airflow/.local/lib/python3.8/site-packages/airflow/example_dags/tutorial.py
[2024-09-08T13:23:22.708+0000] {processor.py:830} INFO - Processing file /home/airflow/.local/lib/python3.8/site-packages/airflow/example_dags/tutorial.py for tasks to queue
[2024-09-08T13:23:22.710+0000] {logging_mixin.py:188} INFO - [2024-09-08T13:23:22.710+0000] {dagbag.py:538} INFO - Filling up the DagBag from /home/airflow/.local/lib/python3.8/site-packages/airflow/example_dags/tutorial.py
[2024-09-08T13:23:22.719+0000] {processor.py:840} INFO - DAG(s) 'tutorial' retrieved from /home/airflow/.local/lib/python3.8/site-packages/airflow/example_dags/tutorial.py
[2024-09-08T13:23:22.743+0000] {logging_mixin.py:188} INFO - [2024-09-08T13:23:22.743+0000] {dag.py:3036} INFO - Sync 1 DAGs
[2024-09-08T13:23:22.776+0000] {logging_mixin.py:188} INFO - [2024-09-08T13:23:22.775+0000] {dag.py:3823} INFO - Setting next_dagrun for tutorial to 2024-09-07 00:00:00+00:00, run_after=2024-09-08 00:00:00+00:00
[2024-09-08T13:23:22.804+0000] {processor.py:183} INFO - Processing /home/airflow/.local/lib/python3.8/site-packages/airflow/example_dags/tutorial.py took 0.102 seconds
[2024-09-08T13:23:53.004+0000] {processor.py:161} INFO - Started process (PID=195) to work on /home/airflow/.local/lib/python3.8/site-packages/airflow/example_dags/tutorial.py
[2024-09-08T13:23:53.005+0000] {processor.py:830} INFO - Processing file /home/airflow/.local/lib/python3.8/site-packages/airflow/example_dags/tutorial.py for tasks to queue
[2024-09-08T13:23:53.007+0000] {logging_mixin.py:188} INFO - [2024-09-08T13:23:53.006+0000] {dagbag.py:538} INFO - Filling up the DagBag from /home/airflow/.local/lib/python3.8/site-packages/airflow/example_dags/tutorial.py
[2024-09-08T13:23:53.020+0000] {processor.py:840} INFO - DAG(s) 'tutorial' retrieved from /home/airflow/.local/lib/python3.8/site-packages/airflow/example_dags/tutorial.py
[2024-09-08T13:23:53.059+0000] {logging_mixin.py:188} INFO - [2024-09-08T13:23:53.058+0000] {dag.py:3036} INFO - Sync 1 DAGs
[2024-09-08T13:23:53.101+0000] {logging_mixin.py:188} INFO - [2024-09-08T13:23:53.101+0000] {dag.py:3823} INFO - Setting next_dagrun for tutorial to 2024-09-07 00:00:00+00:00, run_after=2024-09-08 00:00:00+00:00
[2024-09-08T13:23:53.133+0000] {processor.py:183} INFO - Processing /home/airflow/.local/lib/python3.8/site-packages/airflow/example_dags/tutorial.py took 0.135 seconds
[2024-09-08T13:24:23.949+0000] {processor.py:161} INFO - Started process (PID=252) to work on /home/airflow/.local/lib/python3.8/site-packages/airflow/example_dags/tutorial.py
[2024-09-08T13:24:23.951+0000] {processor.py:830} INFO - Processing file /home/airflow/.local/lib/python3.8/site-packages/airflow/example_dags/tutorial.py for tasks to queue
[2024-09-08T13:24:23.954+0000] {logging_mixin.py:188} INFO - [2024-09-08T13:24:23.953+0000] {dagbag.py:538} INFO - Filling up the DagBag from /home/airflow/.local/lib/python3.8/site-packages/airflow/example_dags/tutorial.py
[2024-09-08T13:24:23.963+0000] {processor.py:840} INFO - DAG(s) 'tutorial' retrieved from /home/airflow/.local/lib/python3.8/site-packages/airflow/example_dags/tutorial.py
[2024-09-08T13:24:23.989+0000] {logging_mixin.py:188} INFO - [2024-09-08T13:24:23.989+0000] {dag.py:3036} INFO - Sync 1 DAGs
[2024-09-08T13:24:24.020+0000] {logging_mixin.py:188} INFO - [2024-09-08T13:24:24.020+0000] {dag.py:3823} INFO - Setting next_dagrun for tutorial to 2024-09-07 00:00:00+00:00, run_after=2024-09-08 00:00:00+00:00
[2024-09-08T13:24:24.045+0000] {processor.py:183} INFO - Processing /home/airflow/.local/lib/python3.8/site-packages/airflow/example_dags/tutorial.py took 0.100 seconds
[2024-09-08T13:24:54.531+0000] {processor.py:161} INFO - Started process (PID=309) to work on /home/airflow/.local/lib/python3.8/site-packages/airflow/example_dags/tutorial.py
[2024-09-08T13:24:54.532+0000] {processor.py:830} INFO - Processing file /home/airflow/.local/lib/python3.8/site-packages/airflow/example_dags/tutorial.py for tasks to queue
[2024-09-08T13:24:54.534+0000] {logging_mixin.py:188} INFO - [2024-09-08T13:24:54.533+0000] {dagbag.py:538} INFO - Filling up the DagBag from /home/airflow/.local/lib/python3.8/site-packages/airflow/example_dags/tutorial.py
[2024-09-08T13:24:54.541+0000] {processor.py:840} INFO - DAG(s) 'tutorial' retrieved from /home/airflow/.local/lib/python3.8/site-packages/airflow/example_dags/tutorial.py
[2024-09-08T13:24:54.569+0000] {logging_mixin.py:188} INFO - [2024-09-08T13:24:54.569+0000] {dag.py:3036} INFO - Sync 1 DAGs
[2024-09-08T13:24:54.598+0000] {logging_mixin.py:188} INFO - [2024-09-08T13:24:54.597+0000] {dag.py:3823} INFO - Setting next_dagrun for tutorial to 2024-09-07 00:00:00+00:00, run_after=2024-09-08 00:00:00+00:00
[2024-09-08T13:24:54.621+0000] {processor.py:183} INFO - Processing /home/airflow/.local/lib/python3.8/site-packages/airflow/example_dags/tutorial.py took 0.093 seconds
[2024-09-08T13:25:25.087+0000] {processor.py:161} INFO - Started process (PID=366) to work on /home/airflow/.local/lib/python3.8/site-packages/airflow/example_dags/tutorial.py
[2024-09-08T13:25:25.089+0000] {processor.py:830} INFO - Processing file /home/airflow/.local/lib/python3.8/site-packages/airflow/example_dags/tutorial.py for tasks to queue
[2024-09-08T13:25:25.090+0000] {logging_mixin.py:188} INFO - [2024-09-08T13:25:25.090+0000] {dagbag.py:538} INFO - Filling up the DagBag from /home/airflow/.local/lib/python3.8/site-packages/airflow/example_dags/tutorial.py
[2024-09-08T13:25:25.100+0000] {processor.py:840} INFO - DAG(s) 'tutorial' retrieved from /home/airflow/.local/lib/python3.8/site-packages/airflow/example_dags/tutorial.py
[2024-09-08T13:25:25.129+0000] {logging_mixin.py:188} INFO - [2024-09-08T13:25:25.128+0000] {dag.py:3036} INFO - Sync 1 DAGs
[2024-09-08T13:25:25.169+0000] {logging_mixin.py:188} INFO - [2024-09-08T13:25:25.168+0000] {dag.py:3823} INFO - Setting next_dagrun for tutorial to 2024-09-07 00:00:00+00:00, run_after=2024-09-08 00:00:00+00:00
[2024-09-08T13:25:25.202+0000] {processor.py:183} INFO - Processing /home/airflow/.local/lib/python3.8/site-packages/airflow/example_dags/tutorial.py took 0.120 seconds
[2024-09-08T13:25:55.518+0000] {processor.py:161} INFO - Started process (PID=423) to work on /home/airflow/.local/lib/python3.8/site-packages/airflow/example_dags/tutorial.py
[2024-09-08T13:25:55.519+0000] {processor.py:830} INFO - Processing file /home/airflow/.local/lib/python3.8/site-packages/airflow/example_dags/tutorial.py for tasks to queue
[2024-09-08T13:25:55.521+0000] {logging_mixin.py:188} INFO - [2024-09-08T13:25:55.520+0000] {dagbag.py:538} INFO - Filling up the DagBag from /home/airflow/.local/lib/python3.8/site-packages/airflow/example_dags/tutorial.py
[2024-09-08T13:25:55.530+0000] {processor.py:840} INFO - DAG(s) 'tutorial' retrieved from /home/airflow/.local/lib/python3.8/site-packages/airflow/example_dags/tutorial.py
[2024-09-08T13:25:55.557+0000] {logging_mixin.py:188} INFO - [2024-09-08T13:25:55.557+0000] {dag.py:3036} INFO - Sync 1 DAGs
[2024-09-08T13:25:55.593+0000] {logging_mixin.py:188} INFO - [2024-09-08T13:25:55.593+0000] {dag.py:3823} INFO - Setting next_dagrun for tutorial to 2024-09-07 00:00:00+00:00, run_after=2024-09-08 00:00:00+00:00
[2024-09-08T13:25:55.619+0000] {processor.py:183} INFO - Processing /home/airflow/.local/lib/python3.8/site-packages/airflow/example_dags/tutorial.py took 0.105 seconds
[2024-09-08T13:26:26.723+0000] {processor.py:161} INFO - Started process (PID=480) to work on /home/airflow/.local/lib/python3.8/site-packages/airflow/example_dags/tutorial.py
[2024-09-08T13:26:26.724+0000] {processor.py:830} INFO - Processing file /home/airflow/.local/lib/python3.8/site-packages/airflow/example_dags/tutorial.py for tasks to queue
[2024-09-08T13:26:26.726+0000] {logging_mixin.py:188} INFO - [2024-09-08T13:26:26.725+0000] {dagbag.py:538} INFO - Filling up the DagBag from /home/airflow/.local/lib/python3.8/site-packages/airflow/example_dags/tutorial.py
[2024-09-08T13:26:26.734+0000] {processor.py:840} INFO - DAG(s) 'tutorial' retrieved from /home/airflow/.local/lib/python3.8/site-packages/airflow/example_dags/tutorial.py
[2024-09-08T13:26:26.764+0000] {logging_mixin.py:188} INFO - [2024-09-08T13:26:26.764+0000] {dag.py:3036} INFO - Sync 1 DAGs
[2024-09-08T13:26:26.800+0000] {logging_mixin.py:188} INFO - [2024-09-08T13:26:26.798+0000] {dag.py:3823} INFO - Setting next_dagrun for tutorial to 2024-09-07 00:00:00+00:00, run_after=2024-09-08 00:00:00+00:00
[2024-09-08T13:26:26.829+0000] {processor.py:183} INFO - Processing /home/airflow/.local/lib/python3.8/site-packages/airflow/example_dags/tutorial.py took 0.109 seconds
[2024-09-08T13:26:57.639+0000] {processor.py:161} INFO - Started process (PID=537) to work on /home/airflow/.local/lib/python3.8/site-packages/airflow/example_dags/tutorial.py
[2024-09-08T13:26:57.640+0000] {processor.py:830} INFO - Processing file /home/airflow/.local/lib/python3.8/site-packages/airflow/example_dags/tutorial.py for tasks to queue
[2024-09-08T13:26:57.642+0000] {logging_mixin.py:188} INFO - [2024-09-08T13:26:57.641+0000] {dagbag.py:538} INFO - Filling up the DagBag from /home/airflow/.local/lib/python3.8/site-packages/airflow/example_dags/tutorial.py
[2024-09-08T13:26:57.652+0000] {processor.py:840} INFO - DAG(s) 'tutorial' retrieved from /home/airflow/.local/lib/python3.8/site-packages/airflow/example_dags/tutorial.py
[2024-09-08T13:26:57.681+0000] {logging_mixin.py:188} INFO - [2024-09-08T13:26:57.681+0000] {dag.py:3036} INFO - Sync 1 DAGs
[2024-09-08T13:26:57.709+0000] {logging_mixin.py:188} INFO - [2024-09-08T13:26:57.709+0000] {dag.py:3823} INFO - Setting next_dagrun for tutorial to 2024-09-07 00:00:00+00:00, run_after=2024-09-08 00:00:00+00:00
[2024-09-08T13:26:57.734+0000] {processor.py:183} INFO - Processing /home/airflow/.local/lib/python3.8/site-packages/airflow/example_dags/tutorial.py took 0.099 seconds
[2024-09-08T13:27:28.363+0000] {processor.py:161} INFO - Started process (PID=594) to work on /home/airflow/.local/lib/python3.8/site-packages/airflow/example_dags/tutorial.py
[2024-09-08T13:27:28.364+0000] {processor.py:830} INFO - Processing file /home/airflow/.local/lib/python3.8/site-packages/airflow/example_dags/tutorial.py for tasks to queue
[2024-09-08T13:27:28.367+0000] {logging_mixin.py:188} INFO - [2024-09-08T13:27:28.367+0000] {dagbag.py:538} INFO - Filling up the DagBag from /home/airflow/.local/lib/python3.8/site-packages/airflow/example_dags/tutorial.py
[2024-09-08T13:27:28.376+0000] {processor.py:840} INFO - DAG(s) 'tutorial' retrieved from /home/airflow/.local/lib/python3.8/site-packages/airflow/example_dags/tutorial.py
[2024-09-08T13:27:28.403+0000] {logging_mixin.py:188} INFO - [2024-09-08T13:27:28.402+0000] {dag.py:3036} INFO - Sync 1 DAGs
[2024-09-08T13:27:28.432+0000] {logging_mixin.py:188} INFO - [2024-09-08T13:27:28.431+0000] {dag.py:3823} INFO - Setting next_dagrun for tutorial to 2024-09-07 00:00:00+00:00, run_after=2024-09-08 00:00:00+00:00
[2024-09-08T13:27:28.463+0000] {processor.py:183} INFO - Processing /home/airflow/.local/lib/python3.8/site-packages/airflow/example_dags/tutorial.py took 0.104 seconds
[2024-09-08T13:27:58.749+0000] {processor.py:161} INFO - Started process (PID=651) to work on /home/airflow/.local/lib/python3.8/site-packages/airflow/example_dags/tutorial.py
[2024-09-08T13:27:58.751+0000] {processor.py:830} INFO - Processing file /home/airflow/.local/lib/python3.8/site-packages/airflow/example_dags/tutorial.py for tasks to queue
[2024-09-08T13:27:58.754+0000] {logging_mixin.py:188} INFO - [2024-09-08T13:27:58.754+0000] {dagbag.py:538} INFO - Filling up the DagBag from /home/airflow/.local/lib/python3.8/site-packages/airflow/example_dags/tutorial.py
[2024-09-08T13:27:58.768+0000] {processor.py:840} INFO - DAG(s) 'tutorial' retrieved from /home/airflow/.local/lib/python3.8/site-packages/airflow/example_dags/tutorial.py
[2024-09-08T13:27:58.797+0000] {logging_mixin.py:188} INFO - [2024-09-08T13:27:58.796+0000] {dag.py:3036} INFO - Sync 1 DAGs
[2024-09-08T13:27:58.832+0000] {logging_mixin.py:188} INFO - [2024-09-08T13:27:58.831+0000] {dag.py:3823} INFO - Setting next_dagrun for tutorial to 2024-09-07 00:00:00+00:00, run_after=2024-09-08 00:00:00+00:00
[2024-09-08T13:27:58.862+0000] {processor.py:183} INFO - Processing /home/airflow/.local/lib/python3.8/site-packages/airflow/example_dags/tutorial.py took 0.117 seconds
[2024-09-08T13:28:29.682+0000] {processor.py:161} INFO - Started process (PID=708) to work on /home/airflow/.local/lib/python3.8/site-packages/airflow/example_dags/tutorial.py
[2024-09-08T13:28:29.683+0000] {processor.py:830} INFO - Processing file /home/airflow/.local/lib/python3.8/site-packages/airflow/example_dags/tutorial.py for tasks to queue
[2024-09-08T13:28:29.684+0000] {logging_mixin.py:188} INFO - [2024-09-08T13:28:29.684+0000] {dagbag.py:538} INFO - Filling up the DagBag from /home/airflow/.local/lib/python3.8/site-packages/airflow/example_dags/tutorial.py
[2024-09-08T13:28:29.694+0000] {processor.py:840} INFO - DAG(s) 'tutorial' retrieved from /home/airflow/.local/lib/python3.8/site-packages/airflow/example_dags/tutorial.py
[2024-09-08T13:28:29.724+0000] {logging_mixin.py:188} INFO - [2024-09-08T13:28:29.723+0000] {dag.py:3036} INFO - Sync 1 DAGs
[2024-09-08T13:28:29.763+0000] {logging_mixin.py:188} INFO - [2024-09-08T13:28:29.763+0000] {dag.py:3823} INFO - Setting next_dagrun for tutorial to 2024-09-07 00:00:00+00:00, run_after=2024-09-08 00:00:00+00:00
[2024-09-08T13:28:29.800+0000] {processor.py:183} INFO - Processing /home/airflow/.local/lib/python3.8/site-packages/airflow/example_dags/tutorial.py took 0.123 seconds
[2024-09-08T13:29:00.884+0000] {processor.py:161} INFO - Started process (PID=765) to work on /home/airflow/.local/lib/python3.8/site-packages/airflow/example_dags/tutorial.py
[2024-09-08T13:29:00.885+0000] {processor.py:830} INFO - Processing file /home/airflow/.local/lib/python3.8/site-packages/airflow/example_dags/tutorial.py for tasks to queue
[2024-09-08T13:29:00.887+0000] {logging_mixin.py:188} INFO - [2024-09-08T13:29:00.886+0000] {dagbag.py:538} INFO - Filling up the DagBag from /home/airflow/.local/lib/python3.8/site-packages/airflow/example_dags/tutorial.py
[2024-09-08T13:29:00.898+0000] {processor.py:840} INFO - DAG(s) 'tutorial' retrieved from /home/airflow/.local/lib/python3.8/site-packages/airflow/example_dags/tutorial.py
[2024-09-08T13:29:00.928+0000] {logging_mixin.py:188} INFO - [2024-09-08T13:29:00.927+0000] {dag.py:3036} INFO - Sync 1 DAGs
[2024-09-08T13:29:00.958+0000] {logging_mixin.py:188} INFO - [2024-09-08T13:29:00.958+0000] {dag.py:3823} INFO - Setting next_dagrun for tutorial to 2024-09-07 00:00:00+00:00, run_after=2024-09-08 00:00:00+00:00
[2024-09-08T13:29:00.988+0000] {processor.py:183} INFO - Processing /home/airflow/.local/lib/python3.8/site-packages/airflow/example_dags/tutorial.py took 0.109 seconds
[2024-09-08T13:29:31.771+0000] {processor.py:161} INFO - Started process (PID=822) to work on /home/airflow/.local/lib/python3.8/site-packages/airflow/example_dags/tutorial.py
[2024-09-08T13:29:31.771+0000] {processor.py:830} INFO - Processing file /home/airflow/.local/lib/python3.8/site-packages/airflow/example_dags/tutorial.py for tasks to queue
[2024-09-08T13:29:31.773+0000] {logging_mixin.py:188} INFO - [2024-09-08T13:29:31.772+0000] {dagbag.py:538} INFO - Filling up the DagBag from /home/airflow/.local/lib/python3.8/site-packages/airflow/example_dags/tutorial.py
[2024-09-08T13:29:31.781+0000] {processor.py:840} INFO - DAG(s) 'tutorial' retrieved from /home/airflow/.local/lib/python3.8/site-packages/airflow/example_dags/tutorial.py
[2024-09-08T13:29:31.809+0000] {logging_mixin.py:188} INFO - [2024-09-08T13:29:31.808+0000] {dag.py:3036} INFO - Sync 1 DAGs
[2024-09-08T13:29:31.842+0000] {logging_mixin.py:188} INFO - [2024-09-08T13:29:31.842+0000] {dag.py:3823} INFO - Setting next_dagrun for tutorial to 2024-09-07 00:00:00+00:00, run_after=2024-09-08 00:00:00+00:00
[2024-09-08T13:29:31.869+0000] {processor.py:183} INFO - Processing /home/airflow/.local/lib/python3.8/site-packages/airflow/example_dags/tutorial.py took 0.103 seconds
