[2024-09-08T13:22:40.038+0000] {processor.py:161} INFO - Started process (PID=42) to work on /home/airflow/.local/lib/python3.8/site-packages/airflow/example_dags/tutorial_dag.py
[2024-09-08T13:22:40.040+0000] {processor.py:830} INFO - Processing file /home/airflow/.local/lib/python3.8/site-packages/airflow/example_dags/tutorial_dag.py for tasks to queue
[2024-09-08T13:22:40.043+0000] {logging_mixin.py:188} INFO - [2024-09-08T13:22:40.042+0000] {dagbag.py:538} INFO - Filling up the DagBag from /home/airflow/.local/lib/python3.8/site-packages/airflow/example_dags/tutorial_dag.py
[2024-09-08T13:22:40.069+0000] {processor.py:840} INFO - DAG(s) 'tutorial_dag' retrieved from /home/airflow/.local/lib/python3.8/site-packages/airflow/example_dags/tutorial_dag.py
[2024-09-08T13:22:40.136+0000] {logging_mixin.py:188} INFO - [2024-09-08T13:22:40.135+0000] {dag.py:3036} INFO - Sync 1 DAGs
[2024-09-08T13:22:40.188+0000] {logging_mixin.py:188} INFO - [2024-09-08T13:22:40.187+0000] {dag.py:3823} INFO - Setting next_dagrun for tutorial_dag to None, run_after=None
[2024-09-08T13:22:40.253+0000] {processor.py:183} INFO - Processing /home/airflow/.local/lib/python3.8/site-packages/airflow/example_dags/tutorial_dag.py took 0.242 seconds
[2024-09-08T13:23:10.929+0000] {processor.py:161} INFO - Started process (PID=99) to work on /home/airflow/.local/lib/python3.8/site-packages/airflow/example_dags/tutorial_dag.py
[2024-09-08T13:23:10.931+0000] {processor.py:830} INFO - Processing file /home/airflow/.local/lib/python3.8/site-packages/airflow/example_dags/tutorial_dag.py for tasks to queue
[2024-09-08T13:23:10.933+0000] {logging_mixin.py:188} INFO - [2024-09-08T13:23:10.933+0000] {dagbag.py:538} INFO - Filling up the DagBag from /home/airflow/.local/lib/python3.8/site-packages/airflow/example_dags/tutorial_dag.py
[2024-09-08T13:23:10.939+0000] {processor.py:840} INFO - DAG(s) 'tutorial_dag' retrieved from /home/airflow/.local/lib/python3.8/site-packages/airflow/example_dags/tutorial_dag.py
[2024-09-08T13:23:10.964+0000] {logging_mixin.py:188} INFO - [2024-09-08T13:23:10.963+0000] {dag.py:3036} INFO - Sync 1 DAGs
[2024-09-08T13:23:10.980+0000] {logging_mixin.py:188} INFO - [2024-09-08T13:23:10.979+0000] {dag.py:3823} INFO - Setting next_dagrun for tutorial_dag to None, run_after=None
[2024-09-08T13:23:11.001+0000] {processor.py:183} INFO - Processing /home/airflow/.local/lib/python3.8/site-packages/airflow/example_dags/tutorial_dag.py took 0.075 seconds
[2024-09-08T13:23:41.223+0000] {processor.py:161} INFO - Started process (PID=156) to work on /home/airflow/.local/lib/python3.8/site-packages/airflow/example_dags/tutorial_dag.py
[2024-09-08T13:23:41.224+0000] {processor.py:830} INFO - Processing file /home/airflow/.local/lib/python3.8/site-packages/airflow/example_dags/tutorial_dag.py for tasks to queue
[2024-09-08T13:23:41.225+0000] {logging_mixin.py:188} INFO - [2024-09-08T13:23:41.225+0000] {dagbag.py:538} INFO - Filling up the DagBag from /home/airflow/.local/lib/python3.8/site-packages/airflow/example_dags/tutorial_dag.py
[2024-09-08T13:23:41.232+0000] {processor.py:840} INFO - DAG(s) 'tutorial_dag' retrieved from /home/airflow/.local/lib/python3.8/site-packages/airflow/example_dags/tutorial_dag.py
[2024-09-08T13:23:41.261+0000] {logging_mixin.py:188} INFO - [2024-09-08T13:23:41.261+0000] {dag.py:3036} INFO - Sync 1 DAGs
[2024-09-08T13:23:41.278+0000] {logging_mixin.py:188} INFO - [2024-09-08T13:23:41.278+0000] {dag.py:3823} INFO - Setting next_dagrun for tutorial_dag to None, run_after=None
[2024-09-08T13:23:41.302+0000] {processor.py:183} INFO - Processing /home/airflow/.local/lib/python3.8/site-packages/airflow/example_dags/tutorial_dag.py took 0.082 seconds
[2024-09-08T13:24:11.554+0000] {processor.py:161} INFO - Started process (PID=213) to work on /home/airflow/.local/lib/python3.8/site-packages/airflow/example_dags/tutorial_dag.py
[2024-09-08T13:24:11.556+0000] {processor.py:830} INFO - Processing file /home/airflow/.local/lib/python3.8/site-packages/airflow/example_dags/tutorial_dag.py for tasks to queue
[2024-09-08T13:24:11.558+0000] {logging_mixin.py:188} INFO - [2024-09-08T13:24:11.557+0000] {dagbag.py:538} INFO - Filling up the DagBag from /home/airflow/.local/lib/python3.8/site-packages/airflow/example_dags/tutorial_dag.py
[2024-09-08T13:24:11.568+0000] {processor.py:840} INFO - DAG(s) 'tutorial_dag' retrieved from /home/airflow/.local/lib/python3.8/site-packages/airflow/example_dags/tutorial_dag.py
[2024-09-08T13:24:11.609+0000] {logging_mixin.py:188} INFO - [2024-09-08T13:24:11.609+0000] {dag.py:3036} INFO - Sync 1 DAGs
[2024-09-08T13:24:11.633+0000] {logging_mixin.py:188} INFO - [2024-09-08T13:24:11.633+0000] {dag.py:3823} INFO - Setting next_dagrun for tutorial_dag to None, run_after=None
[2024-09-08T13:24:11.680+0000] {processor.py:183} INFO - Processing /home/airflow/.local/lib/python3.8/site-packages/airflow/example_dags/tutorial_dag.py took 0.132 seconds
[2024-09-08T13:24:41.823+0000] {processor.py:161} INFO - Started process (PID=270) to work on /home/airflow/.local/lib/python3.8/site-packages/airflow/example_dags/tutorial_dag.py
[2024-09-08T13:24:41.824+0000] {processor.py:830} INFO - Processing file /home/airflow/.local/lib/python3.8/site-packages/airflow/example_dags/tutorial_dag.py for tasks to queue
[2024-09-08T13:24:41.825+0000] {logging_mixin.py:188} INFO - [2024-09-08T13:24:41.825+0000] {dagbag.py:538} INFO - Filling up the DagBag from /home/airflow/.local/lib/python3.8/site-packages/airflow/example_dags/tutorial_dag.py
[2024-09-08T13:24:41.832+0000] {processor.py:840} INFO - DAG(s) 'tutorial_dag' retrieved from /home/airflow/.local/lib/python3.8/site-packages/airflow/example_dags/tutorial_dag.py
[2024-09-08T13:24:41.860+0000] {logging_mixin.py:188} INFO - [2024-09-08T13:24:41.859+0000] {dag.py:3036} INFO - Sync 1 DAGs
[2024-09-08T13:24:41.878+0000] {logging_mixin.py:188} INFO - [2024-09-08T13:24:41.877+0000] {dag.py:3823} INFO - Setting next_dagrun for tutorial_dag to None, run_after=None
[2024-09-08T13:24:41.906+0000] {processor.py:183} INFO - Processing /home/airflow/.local/lib/python3.8/site-packages/airflow/example_dags/tutorial_dag.py took 0.087 seconds
[2024-09-08T13:25:12.660+0000] {processor.py:161} INFO - Started process (PID=327) to work on /home/airflow/.local/lib/python3.8/site-packages/airflow/example_dags/tutorial_dag.py
[2024-09-08T13:25:12.661+0000] {processor.py:830} INFO - Processing file /home/airflow/.local/lib/python3.8/site-packages/airflow/example_dags/tutorial_dag.py for tasks to queue
[2024-09-08T13:25:12.663+0000] {logging_mixin.py:188} INFO - [2024-09-08T13:25:12.663+0000] {dagbag.py:538} INFO - Filling up the DagBag from /home/airflow/.local/lib/python3.8/site-packages/airflow/example_dags/tutorial_dag.py
[2024-09-08T13:25:12.672+0000] {processor.py:840} INFO - DAG(s) 'tutorial_dag' retrieved from /home/airflow/.local/lib/python3.8/site-packages/airflow/example_dags/tutorial_dag.py
[2024-09-08T13:25:12.704+0000] {logging_mixin.py:188} INFO - [2024-09-08T13:25:12.704+0000] {dag.py:3036} INFO - Sync 1 DAGs
[2024-09-08T13:25:12.723+0000] {logging_mixin.py:188} INFO - [2024-09-08T13:25:12.722+0000] {dag.py:3823} INFO - Setting next_dagrun for tutorial_dag to None, run_after=None
[2024-09-08T13:25:12.753+0000] {processor.py:183} INFO - Processing /home/airflow/.local/lib/python3.8/site-packages/airflow/example_dags/tutorial_dag.py took 0.098 seconds
[2024-09-08T13:25:43.124+0000] {processor.py:161} INFO - Started process (PID=384) to work on /home/airflow/.local/lib/python3.8/site-packages/airflow/example_dags/tutorial_dag.py
[2024-09-08T13:25:43.126+0000] {processor.py:830} INFO - Processing file /home/airflow/.local/lib/python3.8/site-packages/airflow/example_dags/tutorial_dag.py for tasks to queue
[2024-09-08T13:25:43.128+0000] {logging_mixin.py:188} INFO - [2024-09-08T13:25:43.127+0000] {dagbag.py:538} INFO - Filling up the DagBag from /home/airflow/.local/lib/python3.8/site-packages/airflow/example_dags/tutorial_dag.py
[2024-09-08T13:25:43.142+0000] {processor.py:840} INFO - DAG(s) 'tutorial_dag' retrieved from /home/airflow/.local/lib/python3.8/site-packages/airflow/example_dags/tutorial_dag.py
[2024-09-08T13:25:43.189+0000] {logging_mixin.py:188} INFO - [2024-09-08T13:25:43.188+0000] {dag.py:3036} INFO - Sync 1 DAGs
[2024-09-08T13:25:43.213+0000] {logging_mixin.py:188} INFO - [2024-09-08T13:25:43.213+0000] {dag.py:3823} INFO - Setting next_dagrun for tutorial_dag to None, run_after=None
[2024-09-08T13:25:43.255+0000] {processor.py:183} INFO - Processing /home/airflow/.local/lib/python3.8/site-packages/airflow/example_dags/tutorial_dag.py took 0.137 seconds
[2024-09-08T13:26:13.448+0000] {processor.py:161} INFO - Started process (PID=441) to work on /home/airflow/.local/lib/python3.8/site-packages/airflow/example_dags/tutorial_dag.py
[2024-09-08T13:26:13.449+0000] {processor.py:830} INFO - Processing file /home/airflow/.local/lib/python3.8/site-packages/airflow/example_dags/tutorial_dag.py for tasks to queue
[2024-09-08T13:26:13.451+0000] {logging_mixin.py:188} INFO - [2024-09-08T13:26:13.450+0000] {dagbag.py:538} INFO - Filling up the DagBag from /home/airflow/.local/lib/python3.8/site-packages/airflow/example_dags/tutorial_dag.py
[2024-09-08T13:26:13.460+0000] {processor.py:840} INFO - DAG(s) 'tutorial_dag' retrieved from /home/airflow/.local/lib/python3.8/site-packages/airflow/example_dags/tutorial_dag.py
[2024-09-08T13:26:13.489+0000] {logging_mixin.py:188} INFO - [2024-09-08T13:26:13.488+0000] {dag.py:3036} INFO - Sync 1 DAGs
[2024-09-08T13:26:13.506+0000] {logging_mixin.py:188} INFO - [2024-09-08T13:26:13.505+0000] {dag.py:3823} INFO - Setting next_dagrun for tutorial_dag to None, run_after=None
[2024-09-08T13:26:13.532+0000] {processor.py:183} INFO - Processing /home/airflow/.local/lib/python3.8/site-packages/airflow/example_dags/tutorial_dag.py took 0.088 seconds
[2024-09-08T13:26:43.786+0000] {processor.py:161} INFO - Started process (PID=498) to work on /home/airflow/.local/lib/python3.8/site-packages/airflow/example_dags/tutorial_dag.py
[2024-09-08T13:26:43.787+0000] {processor.py:830} INFO - Processing file /home/airflow/.local/lib/python3.8/site-packages/airflow/example_dags/tutorial_dag.py for tasks to queue
[2024-09-08T13:26:43.789+0000] {logging_mixin.py:188} INFO - [2024-09-08T13:26:43.788+0000] {dagbag.py:538} INFO - Filling up the DagBag from /home/airflow/.local/lib/python3.8/site-packages/airflow/example_dags/tutorial_dag.py
[2024-09-08T13:26:43.797+0000] {processor.py:840} INFO - DAG(s) 'tutorial_dag' retrieved from /home/airflow/.local/lib/python3.8/site-packages/airflow/example_dags/tutorial_dag.py
[2024-09-08T13:26:43.824+0000] {logging_mixin.py:188} INFO - [2024-09-08T13:26:43.823+0000] {dag.py:3036} INFO - Sync 1 DAGs
[2024-09-08T13:26:43.846+0000] {logging_mixin.py:188} INFO - [2024-09-08T13:26:43.846+0000] {dag.py:3823} INFO - Setting next_dagrun for tutorial_dag to None, run_after=None
[2024-09-08T13:26:43.886+0000] {processor.py:183} INFO - Processing /home/airflow/.local/lib/python3.8/site-packages/airflow/example_dags/tutorial_dag.py took 0.105 seconds
[2024-09-08T13:27:14.528+0000] {processor.py:161} INFO - Started process (PID=555) to work on /home/airflow/.local/lib/python3.8/site-packages/airflow/example_dags/tutorial_dag.py
[2024-09-08T13:27:14.530+0000] {processor.py:830} INFO - Processing file /home/airflow/.local/lib/python3.8/site-packages/airflow/example_dags/tutorial_dag.py for tasks to queue
[2024-09-08T13:27:14.531+0000] {logging_mixin.py:188} INFO - [2024-09-08T13:27:14.531+0000] {dagbag.py:538} INFO - Filling up the DagBag from /home/airflow/.local/lib/python3.8/site-packages/airflow/example_dags/tutorial_dag.py
[2024-09-08T13:27:14.538+0000] {processor.py:840} INFO - DAG(s) 'tutorial_dag' retrieved from /home/airflow/.local/lib/python3.8/site-packages/airflow/example_dags/tutorial_dag.py
[2024-09-08T13:27:14.571+0000] {logging_mixin.py:188} INFO - [2024-09-08T13:27:14.570+0000] {dag.py:3036} INFO - Sync 1 DAGs
[2024-09-08T13:27:14.590+0000] {logging_mixin.py:188} INFO - [2024-09-08T13:27:14.589+0000] {dag.py:3823} INFO - Setting next_dagrun for tutorial_dag to None, run_after=None
[2024-09-08T13:27:14.615+0000] {processor.py:183} INFO - Processing /home/airflow/.local/lib/python3.8/site-packages/airflow/example_dags/tutorial_dag.py took 0.092 seconds
[2024-09-08T13:27:44.712+0000] {processor.py:161} INFO - Started process (PID=612) to work on /home/airflow/.local/lib/python3.8/site-packages/airflow/example_dags/tutorial_dag.py
[2024-09-08T13:27:44.713+0000] {processor.py:830} INFO - Processing file /home/airflow/.local/lib/python3.8/site-packages/airflow/example_dags/tutorial_dag.py for tasks to queue
[2024-09-08T13:27:44.716+0000] {logging_mixin.py:188} INFO - [2024-09-08T13:27:44.715+0000] {dagbag.py:538} INFO - Filling up the DagBag from /home/airflow/.local/lib/python3.8/site-packages/airflow/example_dags/tutorial_dag.py
[2024-09-08T13:27:44.722+0000] {processor.py:840} INFO - DAG(s) 'tutorial_dag' retrieved from /home/airflow/.local/lib/python3.8/site-packages/airflow/example_dags/tutorial_dag.py
[2024-09-08T13:27:44.751+0000] {logging_mixin.py:188} INFO - [2024-09-08T13:27:44.751+0000] {dag.py:3036} INFO - Sync 1 DAGs
[2024-09-08T13:27:44.777+0000] {logging_mixin.py:188} INFO - [2024-09-08T13:27:44.777+0000] {dag.py:3823} INFO - Setting next_dagrun for tutorial_dag to None, run_after=None
[2024-09-08T13:27:44.804+0000] {processor.py:183} INFO - Processing /home/airflow/.local/lib/python3.8/site-packages/airflow/example_dags/tutorial_dag.py took 0.096 seconds
[2024-09-08T13:28:15.162+0000] {processor.py:161} INFO - Started process (PID=669) to work on /home/airflow/.local/lib/python3.8/site-packages/airflow/example_dags/tutorial_dag.py
[2024-09-08T13:28:15.163+0000] {processor.py:830} INFO - Processing file /home/airflow/.local/lib/python3.8/site-packages/airflow/example_dags/tutorial_dag.py for tasks to queue
[2024-09-08T13:28:15.166+0000] {logging_mixin.py:188} INFO - [2024-09-08T13:28:15.165+0000] {dagbag.py:538} INFO - Filling up the DagBag from /home/airflow/.local/lib/python3.8/site-packages/airflow/example_dags/tutorial_dag.py
[2024-09-08T13:28:15.173+0000] {processor.py:840} INFO - DAG(s) 'tutorial_dag' retrieved from /home/airflow/.local/lib/python3.8/site-packages/airflow/example_dags/tutorial_dag.py
[2024-09-08T13:28:15.202+0000] {logging_mixin.py:188} INFO - [2024-09-08T13:28:15.201+0000] {dag.py:3036} INFO - Sync 1 DAGs
[2024-09-08T13:28:15.230+0000] {logging_mixin.py:188} INFO - [2024-09-08T13:28:15.230+0000] {dag.py:3823} INFO - Setting next_dagrun for tutorial_dag to None, run_after=None
[2024-09-08T13:28:15.259+0000] {processor.py:183} INFO - Processing /home/airflow/.local/lib/python3.8/site-packages/airflow/example_dags/tutorial_dag.py took 0.102 seconds
[2024-09-08T13:28:45.359+0000] {processor.py:161} INFO - Started process (PID=726) to work on /home/airflow/.local/lib/python3.8/site-packages/airflow/example_dags/tutorial_dag.py
[2024-09-08T13:28:45.361+0000] {processor.py:830} INFO - Processing file /home/airflow/.local/lib/python3.8/site-packages/airflow/example_dags/tutorial_dag.py for tasks to queue
[2024-09-08T13:28:45.363+0000] {logging_mixin.py:188} INFO - [2024-09-08T13:28:45.362+0000] {dagbag.py:538} INFO - Filling up the DagBag from /home/airflow/.local/lib/python3.8/site-packages/airflow/example_dags/tutorial_dag.py
[2024-09-08T13:28:45.411+0000] {processor.py:840} INFO - DAG(s) 'tutorial_dag' retrieved from /home/airflow/.local/lib/python3.8/site-packages/airflow/example_dags/tutorial_dag.py
[2024-09-08T13:28:45.457+0000] {logging_mixin.py:188} INFO - [2024-09-08T13:28:45.456+0000] {dag.py:3036} INFO - Sync 1 DAGs
[2024-09-08T13:28:45.497+0000] {logging_mixin.py:188} INFO - [2024-09-08T13:28:45.496+0000] {dag.py:3823} INFO - Setting next_dagrun for tutorial_dag to None, run_after=None
[2024-09-08T13:28:45.582+0000] {processor.py:183} INFO - Processing /home/airflow/.local/lib/python3.8/site-packages/airflow/example_dags/tutorial_dag.py took 0.232 seconds
[2024-09-08T13:29:15.873+0000] {processor.py:161} INFO - Started process (PID=783) to work on /home/airflow/.local/lib/python3.8/site-packages/airflow/example_dags/tutorial_dag.py
[2024-09-08T13:29:15.874+0000] {processor.py:830} INFO - Processing file /home/airflow/.local/lib/python3.8/site-packages/airflow/example_dags/tutorial_dag.py for tasks to queue
[2024-09-08T13:29:15.875+0000] {logging_mixin.py:188} INFO - [2024-09-08T13:29:15.875+0000] {dagbag.py:538} INFO - Filling up the DagBag from /home/airflow/.local/lib/python3.8/site-packages/airflow/example_dags/tutorial_dag.py
[2024-09-08T13:29:15.883+0000] {processor.py:840} INFO - DAG(s) 'tutorial_dag' retrieved from /home/airflow/.local/lib/python3.8/site-packages/airflow/example_dags/tutorial_dag.py
[2024-09-08T13:29:15.912+0000] {logging_mixin.py:188} INFO - [2024-09-08T13:29:15.912+0000] {dag.py:3036} INFO - Sync 1 DAGs
[2024-09-08T13:29:15.931+0000] {logging_mixin.py:188} INFO - [2024-09-08T13:29:15.930+0000] {dag.py:3823} INFO - Setting next_dagrun for tutorial_dag to None, run_after=None
[2024-09-08T13:29:16.041+0000] {processor.py:183} INFO - Processing /home/airflow/.local/lib/python3.8/site-packages/airflow/example_dags/tutorial_dag.py took 0.173 seconds
[2024-09-08T13:29:46.324+0000] {processor.py:161} INFO - Started process (PID=840) to work on /home/airflow/.local/lib/python3.8/site-packages/airflow/example_dags/tutorial_dag.py
[2024-09-08T13:29:46.325+0000] {processor.py:830} INFO - Processing file /home/airflow/.local/lib/python3.8/site-packages/airflow/example_dags/tutorial_dag.py for tasks to queue
[2024-09-08T13:29:46.328+0000] {logging_mixin.py:188} INFO - [2024-09-08T13:29:46.327+0000] {dagbag.py:538} INFO - Filling up the DagBag from /home/airflow/.local/lib/python3.8/site-packages/airflow/example_dags/tutorial_dag.py
[2024-09-08T13:29:46.337+0000] {processor.py:840} INFO - DAG(s) 'tutorial_dag' retrieved from /home/airflow/.local/lib/python3.8/site-packages/airflow/example_dags/tutorial_dag.py
[2024-09-08T13:29:46.399+0000] {logging_mixin.py:188} INFO - [2024-09-08T13:29:46.399+0000] {dag.py:3036} INFO - Sync 1 DAGs
[2024-09-08T13:29:46.434+0000] {logging_mixin.py:188} INFO - [2024-09-08T13:29:46.433+0000] {dag.py:3823} INFO - Setting next_dagrun for tutorial_dag to None, run_after=None
[2024-09-08T13:29:46.581+0000] {processor.py:183} INFO - Processing /home/airflow/.local/lib/python3.8/site-packages/airflow/example_dags/tutorial_dag.py took 0.264 seconds
