[2024-09-08T13:22:38.672+0000] {processor.py:161} INFO - Started process (PID=35) to work on /opt/airflow/dags/welcome_dag.py
[2024-09-08T13:22:38.674+0000] {processor.py:830} INFO - Processing file /opt/airflow/dags/welcome_dag.py for tasks to queue
[2024-09-08T13:22:38.677+0000] {logging_mixin.py:188} INFO - [2024-09-08T13:22:38.676+0000] {dagbag.py:538} INFO - Filling up the DagBag from /opt/airflow/dags/welcome_dag.py
[2024-09-08T13:22:38.735+0000] {processor.py:840} INFO - DAG(s) 'Hello_dag' retrieved from /opt/airflow/dags/welcome_dag.py
[2024-09-08T13:22:39.144+0000] {logging_mixin.py:188} INFO - [2024-09-08T13:22:39.144+0000] {dag.py:3036} INFO - Sync 1 DAGs
[2024-09-08T13:22:39.185+0000] {logging_mixin.py:188} INFO - [2024-09-08T13:22:39.185+0000] {dag.py:3823} INFO - Setting next_dagrun for Hello_dag to 2024-09-07 23:00:00+00:00, run_after=2024-09-08 23:00:00+00:00
[2024-09-08T13:22:39.226+0000] {processor.py:183} INFO - Processing /opt/airflow/dags/welcome_dag.py took 0.563 seconds
[2024-09-08T13:23:09.332+0000] {processor.py:161} INFO - Started process (PID=92) to work on /opt/airflow/dags/welcome_dag.py
[2024-09-08T13:23:09.334+0000] {processor.py:830} INFO - Processing file /opt/airflow/dags/welcome_dag.py for tasks to queue
[2024-09-08T13:23:09.335+0000] {logging_mixin.py:188} INFO - [2024-09-08T13:23:09.335+0000] {dagbag.py:538} INFO - Filling up the DagBag from /opt/airflow/dags/welcome_dag.py
[2024-09-08T13:23:09.378+0000] {processor.py:840} INFO - DAG(s) 'Hello_dag' retrieved from /opt/airflow/dags/welcome_dag.py
[2024-09-08T13:23:09.410+0000] {logging_mixin.py:188} INFO - [2024-09-08T13:23:09.410+0000] {dag.py:3036} INFO - Sync 1 DAGs
[2024-09-08T13:23:09.460+0000] {logging_mixin.py:188} INFO - [2024-09-08T13:23:09.459+0000] {dag.py:3823} INFO - Setting next_dagrun for Hello_dag to 2024-09-07 23:00:00+00:00, run_after=2024-09-08 23:00:00+00:00
[2024-09-08T13:23:09.495+0000] {processor.py:183} INFO - Processing /opt/airflow/dags/welcome_dag.py took 0.169 seconds
[2024-09-08T13:23:39.622+0000] {processor.py:161} INFO - Started process (PID=149) to work on /opt/airflow/dags/welcome_dag.py
[2024-09-08T13:23:39.623+0000] {processor.py:830} INFO - Processing file /opt/airflow/dags/welcome_dag.py for tasks to queue
[2024-09-08T13:23:39.625+0000] {logging_mixin.py:188} INFO - [2024-09-08T13:23:39.624+0000] {dagbag.py:538} INFO - Filling up the DagBag from /opt/airflow/dags/welcome_dag.py
[2024-09-08T13:23:39.650+0000] {processor.py:840} INFO - DAG(s) 'Hello_dag' retrieved from /opt/airflow/dags/welcome_dag.py
[2024-09-08T13:23:39.678+0000] {logging_mixin.py:188} INFO - [2024-09-08T13:23:39.677+0000] {dag.py:3036} INFO - Sync 1 DAGs
[2024-09-08T13:23:39.721+0000] {logging_mixin.py:188} INFO - [2024-09-08T13:23:39.720+0000] {dag.py:3823} INFO - Setting next_dagrun for Hello_dag to 2024-09-07 23:00:00+00:00, run_after=2024-09-08 23:00:00+00:00
[2024-09-08T13:23:39.752+0000] {processor.py:183} INFO - Processing /opt/airflow/dags/welcome_dag.py took 0.133 seconds
[2024-09-08T13:24:09.883+0000] {processor.py:161} INFO - Started process (PID=206) to work on /opt/airflow/dags/welcome_dag.py
[2024-09-08T13:24:09.885+0000] {processor.py:830} INFO - Processing file /opt/airflow/dags/welcome_dag.py for tasks to queue
[2024-09-08T13:24:09.886+0000] {logging_mixin.py:188} INFO - [2024-09-08T13:24:09.886+0000] {dagbag.py:538} INFO - Filling up the DagBag from /opt/airflow/dags/welcome_dag.py
[2024-09-08T13:24:09.913+0000] {processor.py:840} INFO - DAG(s) 'Hello_dag' retrieved from /opt/airflow/dags/welcome_dag.py
[2024-09-08T13:24:09.943+0000] {logging_mixin.py:188} INFO - [2024-09-08T13:24:09.942+0000] {dag.py:3036} INFO - Sync 1 DAGs
[2024-09-08T13:24:09.997+0000] {logging_mixin.py:188} INFO - [2024-09-08T13:24:09.997+0000] {dag.py:3823} INFO - Setting next_dagrun for Hello_dag to 2024-09-07 23:00:00+00:00, run_after=2024-09-08 23:00:00+00:00
[2024-09-08T13:24:10.031+0000] {processor.py:183} INFO - Processing /opt/airflow/dags/welcome_dag.py took 0.153 seconds
[2024-09-08T13:24:40.286+0000] {processor.py:161} INFO - Started process (PID=263) to work on /opt/airflow/dags/welcome_dag.py
[2024-09-08T13:24:40.288+0000] {processor.py:830} INFO - Processing file /opt/airflow/dags/welcome_dag.py for tasks to queue
[2024-09-08T13:24:40.289+0000] {logging_mixin.py:188} INFO - [2024-09-08T13:24:40.289+0000] {dagbag.py:538} INFO - Filling up the DagBag from /opt/airflow/dags/welcome_dag.py
[2024-09-08T13:24:40.311+0000] {processor.py:840} INFO - DAG(s) 'Hello_dag' retrieved from /opt/airflow/dags/welcome_dag.py
[2024-09-08T13:24:40.341+0000] {logging_mixin.py:188} INFO - [2024-09-08T13:24:40.341+0000] {dag.py:3036} INFO - Sync 1 DAGs
[2024-09-08T13:24:40.374+0000] {logging_mixin.py:188} INFO - [2024-09-08T13:24:40.374+0000] {dag.py:3823} INFO - Setting next_dagrun for Hello_dag to 2024-09-07 23:00:00+00:00, run_after=2024-09-08 23:00:00+00:00
[2024-09-08T13:24:40.402+0000] {processor.py:183} INFO - Processing /opt/airflow/dags/welcome_dag.py took 0.121 seconds
[2024-09-08T13:25:10.995+0000] {processor.py:161} INFO - Started process (PID=320) to work on /opt/airflow/dags/welcome_dag.py
[2024-09-08T13:25:10.997+0000] {processor.py:830} INFO - Processing file /opt/airflow/dags/welcome_dag.py for tasks to queue
[2024-09-08T13:25:11.000+0000] {logging_mixin.py:188} INFO - [2024-09-08T13:25:10.999+0000] {dagbag.py:538} INFO - Filling up the DagBag from /opt/airflow/dags/welcome_dag.py
[2024-09-08T13:25:11.045+0000] {processor.py:840} INFO - DAG(s) 'Hello_dag' retrieved from /opt/airflow/dags/welcome_dag.py
[2024-09-08T13:25:11.105+0000] {logging_mixin.py:188} INFO - [2024-09-08T13:25:11.105+0000] {dag.py:3036} INFO - Sync 1 DAGs
[2024-09-08T13:25:11.153+0000] {logging_mixin.py:188} INFO - [2024-09-08T13:25:11.153+0000] {dag.py:3823} INFO - Setting next_dagrun for Hello_dag to 2024-09-07 23:00:00+00:00, run_after=2024-09-08 23:00:00+00:00
[2024-09-08T13:25:11.195+0000] {processor.py:183} INFO - Processing /opt/airflow/dags/welcome_dag.py took 0.222 seconds
[2024-09-08T13:25:41.514+0000] {processor.py:161} INFO - Started process (PID=377) to work on /opt/airflow/dags/welcome_dag.py
[2024-09-08T13:25:41.515+0000] {processor.py:830} INFO - Processing file /opt/airflow/dags/welcome_dag.py for tasks to queue
[2024-09-08T13:25:41.517+0000] {logging_mixin.py:188} INFO - [2024-09-08T13:25:41.517+0000] {dagbag.py:538} INFO - Filling up the DagBag from /opt/airflow/dags/welcome_dag.py
[2024-09-08T13:25:41.545+0000] {processor.py:840} INFO - DAG(s) 'Hello_dag' retrieved from /opt/airflow/dags/welcome_dag.py
[2024-09-08T13:25:41.582+0000] {logging_mixin.py:188} INFO - [2024-09-08T13:25:41.582+0000] {dag.py:3036} INFO - Sync 1 DAGs
[2024-09-08T13:25:41.621+0000] {logging_mixin.py:188} INFO - [2024-09-08T13:25:41.621+0000] {dag.py:3823} INFO - Setting next_dagrun for Hello_dag to 2024-09-07 23:00:00+00:00, run_after=2024-09-08 23:00:00+00:00
[2024-09-08T13:25:41.648+0000] {processor.py:183} INFO - Processing /opt/airflow/dags/welcome_dag.py took 0.139 seconds
[2024-09-08T13:26:11.903+0000] {processor.py:161} INFO - Started process (PID=434) to work on /opt/airflow/dags/welcome_dag.py
[2024-09-08T13:26:11.904+0000] {processor.py:830} INFO - Processing file /opt/airflow/dags/welcome_dag.py for tasks to queue
[2024-09-08T13:26:11.906+0000] {logging_mixin.py:188} INFO - [2024-09-08T13:26:11.905+0000] {dagbag.py:538} INFO - Filling up the DagBag from /opt/airflow/dags/welcome_dag.py
[2024-09-08T13:26:11.933+0000] {processor.py:840} INFO - DAG(s) 'Hello_dag' retrieved from /opt/airflow/dags/welcome_dag.py
[2024-09-08T13:26:11.959+0000] {logging_mixin.py:188} INFO - [2024-09-08T13:26:11.959+0000] {dag.py:3036} INFO - Sync 1 DAGs
[2024-09-08T13:26:11.996+0000] {logging_mixin.py:188} INFO - [2024-09-08T13:26:11.996+0000] {dag.py:3823} INFO - Setting next_dagrun for Hello_dag to 2024-09-07 23:00:00+00:00, run_after=2024-09-08 23:00:00+00:00
[2024-09-08T13:26:12.022+0000] {processor.py:183} INFO - Processing /opt/airflow/dags/welcome_dag.py took 0.127 seconds
[2024-09-08T13:26:42.218+0000] {processor.py:161} INFO - Started process (PID=491) to work on /opt/airflow/dags/welcome_dag.py
[2024-09-08T13:26:42.219+0000] {processor.py:830} INFO - Processing file /opt/airflow/dags/welcome_dag.py for tasks to queue
[2024-09-08T13:26:42.221+0000] {logging_mixin.py:188} INFO - [2024-09-08T13:26:42.221+0000] {dagbag.py:538} INFO - Filling up the DagBag from /opt/airflow/dags/welcome_dag.py
[2024-09-08T13:26:42.248+0000] {processor.py:840} INFO - DAG(s) 'Hello_dag' retrieved from /opt/airflow/dags/welcome_dag.py
[2024-09-08T13:26:42.281+0000] {logging_mixin.py:188} INFO - [2024-09-08T13:26:42.280+0000] {dag.py:3036} INFO - Sync 1 DAGs
[2024-09-08T13:26:42.321+0000] {logging_mixin.py:188} INFO - [2024-09-08T13:26:42.320+0000] {dag.py:3823} INFO - Setting next_dagrun for Hello_dag to 2024-09-07 23:00:00+00:00, run_after=2024-09-08 23:00:00+00:00
[2024-09-08T13:26:42.347+0000] {processor.py:183} INFO - Processing /opt/airflow/dags/welcome_dag.py took 0.135 seconds
[2024-09-08T13:27:12.843+0000] {processor.py:161} INFO - Started process (PID=548) to work on /opt/airflow/dags/welcome_dag.py
[2024-09-08T13:27:12.844+0000] {processor.py:830} INFO - Processing file /opt/airflow/dags/welcome_dag.py for tasks to queue
[2024-09-08T13:27:12.845+0000] {logging_mixin.py:188} INFO - [2024-09-08T13:27:12.845+0000] {dagbag.py:538} INFO - Filling up the DagBag from /opt/airflow/dags/welcome_dag.py
[2024-09-08T13:27:12.876+0000] {processor.py:840} INFO - DAG(s) 'Hello_dag' retrieved from /opt/airflow/dags/welcome_dag.py
[2024-09-08T13:27:12.907+0000] {logging_mixin.py:188} INFO - [2024-09-08T13:27:12.907+0000] {dag.py:3036} INFO - Sync 1 DAGs
[2024-09-08T13:27:12.949+0000] {logging_mixin.py:188} INFO - [2024-09-08T13:27:12.948+0000] {dag.py:3823} INFO - Setting next_dagrun for Hello_dag to 2024-09-07 23:00:00+00:00, run_after=2024-09-08 23:00:00+00:00
[2024-09-08T13:27:12.990+0000] {processor.py:183} INFO - Processing /opt/airflow/dags/welcome_dag.py took 0.152 seconds
[2024-09-08T13:27:43.050+0000] {processor.py:161} INFO - Started process (PID=605) to work on /opt/airflow/dags/welcome_dag.py
[2024-09-08T13:27:43.051+0000] {processor.py:830} INFO - Processing file /opt/airflow/dags/welcome_dag.py for tasks to queue
[2024-09-08T13:27:43.053+0000] {logging_mixin.py:188} INFO - [2024-09-08T13:27:43.053+0000] {dagbag.py:538} INFO - Filling up the DagBag from /opt/airflow/dags/welcome_dag.py
[2024-09-08T13:27:43.093+0000] {processor.py:840} INFO - DAG(s) 'Hello_dag' retrieved from /opt/airflow/dags/welcome_dag.py
[2024-09-08T13:27:43.127+0000] {logging_mixin.py:188} INFO - [2024-09-08T13:27:43.126+0000] {dag.py:3036} INFO - Sync 1 DAGs
[2024-09-08T13:27:43.176+0000] {logging_mixin.py:188} INFO - [2024-09-08T13:27:43.175+0000] {dag.py:3823} INFO - Setting next_dagrun for Hello_dag to 2024-09-07 23:00:00+00:00, run_after=2024-09-08 23:00:00+00:00
[2024-09-08T13:27:43.213+0000] {processor.py:183} INFO - Processing /opt/airflow/dags/welcome_dag.py took 0.168 seconds
[2024-09-08T13:28:13.555+0000] {processor.py:161} INFO - Started process (PID=662) to work on /opt/airflow/dags/welcome_dag.py
[2024-09-08T13:28:13.557+0000] {processor.py:830} INFO - Processing file /opt/airflow/dags/welcome_dag.py for tasks to queue
[2024-09-08T13:28:13.558+0000] {logging_mixin.py:188} INFO - [2024-09-08T13:28:13.558+0000] {dagbag.py:538} INFO - Filling up the DagBag from /opt/airflow/dags/welcome_dag.py
[2024-09-08T13:28:13.589+0000] {processor.py:840} INFO - DAG(s) 'Hello_dag' retrieved from /opt/airflow/dags/welcome_dag.py
[2024-09-08T13:28:13.630+0000] {logging_mixin.py:188} INFO - [2024-09-08T13:28:13.630+0000] {dag.py:3036} INFO - Sync 1 DAGs
[2024-09-08T13:28:13.691+0000] {logging_mixin.py:188} INFO - [2024-09-08T13:28:13.691+0000] {dag.py:3823} INFO - Setting next_dagrun for Hello_dag to 2024-09-07 23:00:00+00:00, run_after=2024-09-08 23:00:00+00:00
[2024-09-08T13:28:13.722+0000] {processor.py:183} INFO - Processing /opt/airflow/dags/welcome_dag.py took 0.185 seconds
[2024-09-08T13:28:44.475+0000] {processor.py:161} INFO - Started process (PID=719) to work on /opt/airflow/dags/welcome_dag.py
[2024-09-08T13:28:44.476+0000] {processor.py:830} INFO - Processing file /opt/airflow/dags/welcome_dag.py for tasks to queue
[2024-09-08T13:28:44.478+0000] {logging_mixin.py:188} INFO - [2024-09-08T13:28:44.478+0000] {dagbag.py:538} INFO - Filling up the DagBag from /opt/airflow/dags/welcome_dag.py
[2024-09-08T13:28:44.540+0000] {processor.py:840} INFO - DAG(s) 'Hello_dag' retrieved from /opt/airflow/dags/welcome_dag.py
[2024-09-08T13:28:44.578+0000] {logging_mixin.py:188} INFO - [2024-09-08T13:28:44.578+0000] {dag.py:3036} INFO - Sync 1 DAGs
[2024-09-08T13:28:44.654+0000] {logging_mixin.py:188} INFO - [2024-09-08T13:28:44.653+0000] {dag.py:3823} INFO - Setting next_dagrun for Hello_dag to 2024-09-07 23:00:00+00:00, run_after=2024-09-08 23:00:00+00:00
[2024-09-08T13:28:44.697+0000] {processor.py:183} INFO - Processing /opt/airflow/dags/welcome_dag.py took 0.230 seconds
[2024-09-08T13:29:15.221+0000] {processor.py:161} INFO - Started process (PID=776) to work on /opt/airflow/dags/welcome_dag.py
[2024-09-08T13:29:15.222+0000] {processor.py:830} INFO - Processing file /opt/airflow/dags/welcome_dag.py for tasks to queue
[2024-09-08T13:29:15.224+0000] {logging_mixin.py:188} INFO - [2024-09-08T13:29:15.223+0000] {dagbag.py:538} INFO - Filling up the DagBag from /opt/airflow/dags/welcome_dag.py
[2024-09-08T13:29:15.261+0000] {processor.py:840} INFO - DAG(s) 'Hello_dag' retrieved from /opt/airflow/dags/welcome_dag.py
[2024-09-08T13:29:15.309+0000] {logging_mixin.py:188} INFO - [2024-09-08T13:29:15.308+0000] {dag.py:3036} INFO - Sync 1 DAGs
[2024-09-08T13:29:15.352+0000] {logging_mixin.py:188} INFO - [2024-09-08T13:29:15.352+0000] {dag.py:3823} INFO - Setting next_dagrun for Hello_dag to 2024-09-07 23:00:00+00:00, run_after=2024-09-08 23:00:00+00:00
[2024-09-08T13:29:15.389+0000] {processor.py:183} INFO - Processing /opt/airflow/dags/welcome_dag.py took 0.173 seconds
[2024-09-08T13:29:45.530+0000] {processor.py:161} INFO - Started process (PID=833) to work on /opt/airflow/dags/welcome_dag.py
[2024-09-08T13:29:45.532+0000] {processor.py:830} INFO - Processing file /opt/airflow/dags/welcome_dag.py for tasks to queue
[2024-09-08T13:29:45.534+0000] {logging_mixin.py:188} INFO - [2024-09-08T13:29:45.533+0000] {dagbag.py:538} INFO - Filling up the DagBag from /opt/airflow/dags/welcome_dag.py
[2024-09-08T13:29:45.571+0000] {processor.py:840} INFO - DAG(s) 'Hello_dag' retrieved from /opt/airflow/dags/welcome_dag.py
[2024-09-08T13:29:45.602+0000] {logging_mixin.py:188} INFO - [2024-09-08T13:29:45.602+0000] {dag.py:3036} INFO - Sync 1 DAGs
[2024-09-08T13:29:45.636+0000] {logging_mixin.py:188} INFO - [2024-09-08T13:29:45.636+0000] {dag.py:3823} INFO - Setting next_dagrun for Hello_dag to 2024-09-07 23:00:00+00:00, run_after=2024-09-08 23:00:00+00:00
[2024-09-08T13:29:45.669+0000] {processor.py:183} INFO - Processing /opt/airflow/dags/welcome_dag.py took 0.146 seconds
