[2024-09-04T20:11:49.591+0000] {processor.py:161} INFO - Started process (PID=75) to work on /home/airflow/.local/lib/python3.8/site-packages/airflow/example_dags/tutorial.py
[2024-09-04T20:11:49.593+0000] {processor.py:830} INFO - Processing file /home/airflow/.local/lib/python3.8/site-packages/airflow/example_dags/tutorial.py for tasks to queue
[2024-09-04T20:11:49.595+0000] {logging_mixin.py:188} INFO - [2024-09-04T20:11:49.595+0000] {dagbag.py:538} INFO - Filling up the DagBag from /home/airflow/.local/lib/python3.8/site-packages/airflow/example_dags/tutorial.py
[2024-09-04T20:11:49.603+0000] {processor.py:840} INFO - DAG(s) 'tutorial' retrieved from /home/airflow/.local/lib/python3.8/site-packages/airflow/example_dags/tutorial.py
[2024-09-04T20:11:49.641+0000] {logging_mixin.py:188} INFO - [2024-09-04T20:11:49.641+0000] {dag.py:3036} INFO - Sync 1 DAGs
[2024-09-04T20:11:49.681+0000] {logging_mixin.py:188} INFO - [2024-09-04T20:11:49.680+0000] {dag.py:3823} INFO - Setting next_dagrun for tutorial to 2024-09-03 00:00:00+00:00, run_after=2024-09-04 00:00:00+00:00
[2024-09-04T20:11:49.716+0000] {processor.py:183} INFO - Processing /home/airflow/.local/lib/python3.8/site-packages/airflow/example_dags/tutorial.py took 0.129 seconds
[2024-09-04T20:12:20.487+0000] {processor.py:161} INFO - Started process (PID=131) to work on /home/airflow/.local/lib/python3.8/site-packages/airflow/example_dags/tutorial.py
[2024-09-04T20:12:20.492+0000] {processor.py:830} INFO - Processing file /home/airflow/.local/lib/python3.8/site-packages/airflow/example_dags/tutorial.py for tasks to queue
[2024-09-04T20:12:20.496+0000] {logging_mixin.py:188} INFO - [2024-09-04T20:12:20.495+0000] {dagbag.py:538} INFO - Filling up the DagBag from /home/airflow/.local/lib/python3.8/site-packages/airflow/example_dags/tutorial.py
[2024-09-04T20:12:20.541+0000] {processor.py:840} INFO - DAG(s) 'tutorial' retrieved from /home/airflow/.local/lib/python3.8/site-packages/airflow/example_dags/tutorial.py
[2024-09-04T20:12:20.615+0000] {logging_mixin.py:188} INFO - [2024-09-04T20:12:20.614+0000] {dag.py:3036} INFO - Sync 1 DAGs
[2024-09-04T20:12:20.696+0000] {logging_mixin.py:188} INFO - [2024-09-04T20:12:20.696+0000] {dag.py:3823} INFO - Setting next_dagrun for tutorial to 2024-09-03 00:00:00+00:00, run_after=2024-09-04 00:00:00+00:00
[2024-09-04T20:12:20.759+0000] {processor.py:183} INFO - Processing /home/airflow/.local/lib/python3.8/site-packages/airflow/example_dags/tutorial.py took 0.280 seconds
[2024-09-04T20:46:36.287+0000] {processor.py:161} INFO - Started process (PID=80) to work on /home/airflow/.local/lib/python3.8/site-packages/airflow/example_dags/tutorial.py
[2024-09-04T20:46:36.290+0000] {processor.py:830} INFO - Processing file /home/airflow/.local/lib/python3.8/site-packages/airflow/example_dags/tutorial.py for tasks to queue
[2024-09-04T20:46:36.293+0000] {logging_mixin.py:188} INFO - [2024-09-04T20:46:36.292+0000] {dagbag.py:538} INFO - Filling up the DagBag from /home/airflow/.local/lib/python3.8/site-packages/airflow/example_dags/tutorial.py
[2024-09-04T20:46:36.303+0000] {processor.py:840} INFO - DAG(s) 'tutorial' retrieved from /home/airflow/.local/lib/python3.8/site-packages/airflow/example_dags/tutorial.py
[2024-09-04T20:46:36.635+0000] {logging_mixin.py:188} INFO - [2024-09-04T20:46:36.635+0000] {dag.py:3036} INFO - Sync 1 DAGs
[2024-09-04T20:46:36.694+0000] {logging_mixin.py:188} INFO - [2024-09-04T20:46:36.693+0000] {dag.py:3823} INFO - Setting next_dagrun for tutorial to 2024-09-03 00:00:00+00:00, run_after=2024-09-04 00:00:00+00:00
[2024-09-04T20:46:36.738+0000] {processor.py:183} INFO - Processing /home/airflow/.local/lib/python3.8/site-packages/airflow/example_dags/tutorial.py took 0.455 seconds
[2024-09-04T20:47:06.777+0000] {processor.py:161} INFO - Started process (PID=136) to work on /home/airflow/.local/lib/python3.8/site-packages/airflow/example_dags/tutorial.py
[2024-09-04T20:47:06.779+0000] {processor.py:830} INFO - Processing file /home/airflow/.local/lib/python3.8/site-packages/airflow/example_dags/tutorial.py for tasks to queue
[2024-09-04T20:47:06.782+0000] {logging_mixin.py:188} INFO - [2024-09-04T20:47:06.782+0000] {dagbag.py:538} INFO - Filling up the DagBag from /home/airflow/.local/lib/python3.8/site-packages/airflow/example_dags/tutorial.py
[2024-09-04T20:47:06.789+0000] {processor.py:840} INFO - DAG(s) 'tutorial' retrieved from /home/airflow/.local/lib/python3.8/site-packages/airflow/example_dags/tutorial.py
[2024-09-04T20:47:06.812+0000] {logging_mixin.py:188} INFO - [2024-09-04T20:47:06.812+0000] {dag.py:3036} INFO - Sync 1 DAGs
[2024-09-04T20:47:06.838+0000] {logging_mixin.py:188} INFO - [2024-09-04T20:47:06.838+0000] {dag.py:3823} INFO - Setting next_dagrun for tutorial to 2024-09-03 00:00:00+00:00, run_after=2024-09-04 00:00:00+00:00
[2024-09-04T20:47:06.868+0000] {processor.py:183} INFO - Processing /home/airflow/.local/lib/python3.8/site-packages/airflow/example_dags/tutorial.py took 0.094 seconds
[2024-09-04T20:47:36.981+0000] {processor.py:161} INFO - Started process (PID=192) to work on /home/airflow/.local/lib/python3.8/site-packages/airflow/example_dags/tutorial.py
[2024-09-04T20:47:36.982+0000] {processor.py:830} INFO - Processing file /home/airflow/.local/lib/python3.8/site-packages/airflow/example_dags/tutorial.py for tasks to queue
[2024-09-04T20:47:36.985+0000] {logging_mixin.py:188} INFO - [2024-09-04T20:47:36.984+0000] {dagbag.py:538} INFO - Filling up the DagBag from /home/airflow/.local/lib/python3.8/site-packages/airflow/example_dags/tutorial.py
[2024-09-04T20:47:36.993+0000] {processor.py:840} INFO - DAG(s) 'tutorial' retrieved from /home/airflow/.local/lib/python3.8/site-packages/airflow/example_dags/tutorial.py
[2024-09-04T20:47:37.017+0000] {logging_mixin.py:188} INFO - [2024-09-04T20:47:37.017+0000] {dag.py:3036} INFO - Sync 1 DAGs
[2024-09-04T20:47:37.040+0000] {logging_mixin.py:188} INFO - [2024-09-04T20:47:37.040+0000] {dag.py:3823} INFO - Setting next_dagrun for tutorial to 2024-09-03 00:00:00+00:00, run_after=2024-09-04 00:00:00+00:00
[2024-09-04T20:47:37.061+0000] {processor.py:183} INFO - Processing /home/airflow/.local/lib/python3.8/site-packages/airflow/example_dags/tutorial.py took 0.084 seconds
[2024-09-04T20:48:07.821+0000] {processor.py:161} INFO - Started process (PID=248) to work on /home/airflow/.local/lib/python3.8/site-packages/airflow/example_dags/tutorial.py
[2024-09-04T20:48:07.823+0000] {processor.py:830} INFO - Processing file /home/airflow/.local/lib/python3.8/site-packages/airflow/example_dags/tutorial.py for tasks to queue
[2024-09-04T20:48:07.827+0000] {logging_mixin.py:188} INFO - [2024-09-04T20:48:07.826+0000] {dagbag.py:538} INFO - Filling up the DagBag from /home/airflow/.local/lib/python3.8/site-packages/airflow/example_dags/tutorial.py
[2024-09-04T20:48:07.834+0000] {processor.py:840} INFO - DAG(s) 'tutorial' retrieved from /home/airflow/.local/lib/python3.8/site-packages/airflow/example_dags/tutorial.py
[2024-09-04T20:48:07.867+0000] {logging_mixin.py:188} INFO - [2024-09-04T20:48:07.867+0000] {dag.py:3036} INFO - Sync 1 DAGs
[2024-09-04T20:48:07.908+0000] {logging_mixin.py:188} INFO - [2024-09-04T20:48:07.907+0000] {dag.py:3823} INFO - Setting next_dagrun for tutorial to 2024-09-03 00:00:00+00:00, run_after=2024-09-04 00:00:00+00:00
[2024-09-04T20:48:07.948+0000] {processor.py:183} INFO - Processing /home/airflow/.local/lib/python3.8/site-packages/airflow/example_dags/tutorial.py took 0.131 seconds
[2024-09-04T20:48:38.187+0000] {processor.py:161} INFO - Started process (PID=304) to work on /home/airflow/.local/lib/python3.8/site-packages/airflow/example_dags/tutorial.py
[2024-09-04T20:48:38.189+0000] {processor.py:830} INFO - Processing file /home/airflow/.local/lib/python3.8/site-packages/airflow/example_dags/tutorial.py for tasks to queue
[2024-09-04T20:48:38.192+0000] {logging_mixin.py:188} INFO - [2024-09-04T20:48:38.191+0000] {dagbag.py:538} INFO - Filling up the DagBag from /home/airflow/.local/lib/python3.8/site-packages/airflow/example_dags/tutorial.py
[2024-09-04T20:48:38.199+0000] {processor.py:840} INFO - DAG(s) 'tutorial' retrieved from /home/airflow/.local/lib/python3.8/site-packages/airflow/example_dags/tutorial.py
[2024-09-04T20:48:38.225+0000] {logging_mixin.py:188} INFO - [2024-09-04T20:48:38.225+0000] {dag.py:3036} INFO - Sync 1 DAGs
[2024-09-04T20:48:38.253+0000] {logging_mixin.py:188} INFO - [2024-09-04T20:48:38.253+0000] {dag.py:3823} INFO - Setting next_dagrun for tutorial to 2024-09-03 00:00:00+00:00, run_after=2024-09-04 00:00:00+00:00
[2024-09-04T20:48:38.276+0000] {processor.py:183} INFO - Processing /home/airflow/.local/lib/python3.8/site-packages/airflow/example_dags/tutorial.py took 0.093 seconds
[2024-09-04T20:49:08.338+0000] {processor.py:161} INFO - Started process (PID=360) to work on /home/airflow/.local/lib/python3.8/site-packages/airflow/example_dags/tutorial.py
[2024-09-04T20:49:08.339+0000] {processor.py:830} INFO - Processing file /home/airflow/.local/lib/python3.8/site-packages/airflow/example_dags/tutorial.py for tasks to queue
[2024-09-04T20:49:08.342+0000] {logging_mixin.py:188} INFO - [2024-09-04T20:49:08.341+0000] {dagbag.py:538} INFO - Filling up the DagBag from /home/airflow/.local/lib/python3.8/site-packages/airflow/example_dags/tutorial.py
[2024-09-04T20:49:08.347+0000] {processor.py:840} INFO - DAG(s) 'tutorial' retrieved from /home/airflow/.local/lib/python3.8/site-packages/airflow/example_dags/tutorial.py
[2024-09-04T20:49:08.368+0000] {logging_mixin.py:188} INFO - [2024-09-04T20:49:08.368+0000] {dag.py:3036} INFO - Sync 1 DAGs
[2024-09-04T20:49:08.397+0000] {logging_mixin.py:188} INFO - [2024-09-04T20:49:08.397+0000] {dag.py:3823} INFO - Setting next_dagrun for tutorial to 2024-09-03 00:00:00+00:00, run_after=2024-09-04 00:00:00+00:00
[2024-09-04T20:49:08.422+0000] {processor.py:183} INFO - Processing /home/airflow/.local/lib/python3.8/site-packages/airflow/example_dags/tutorial.py took 0.088 seconds
[2024-09-04T20:49:39.031+0000] {processor.py:161} INFO - Started process (PID=416) to work on /home/airflow/.local/lib/python3.8/site-packages/airflow/example_dags/tutorial.py
[2024-09-04T20:49:39.033+0000] {processor.py:830} INFO - Processing file /home/airflow/.local/lib/python3.8/site-packages/airflow/example_dags/tutorial.py for tasks to queue
[2024-09-04T20:49:39.037+0000] {logging_mixin.py:188} INFO - [2024-09-04T20:49:39.036+0000] {dagbag.py:538} INFO - Filling up the DagBag from /home/airflow/.local/lib/python3.8/site-packages/airflow/example_dags/tutorial.py
[2024-09-04T20:49:39.047+0000] {processor.py:840} INFO - DAG(s) 'tutorial' retrieved from /home/airflow/.local/lib/python3.8/site-packages/airflow/example_dags/tutorial.py
[2024-09-04T20:49:39.080+0000] {logging_mixin.py:188} INFO - [2024-09-04T20:49:39.079+0000] {dag.py:3036} INFO - Sync 1 DAGs
[2024-09-04T20:49:39.121+0000] {logging_mixin.py:188} INFO - [2024-09-04T20:49:39.121+0000] {dag.py:3823} INFO - Setting next_dagrun for tutorial to 2024-09-03 00:00:00+00:00, run_after=2024-09-04 00:00:00+00:00
[2024-09-04T20:49:39.161+0000] {processor.py:183} INFO - Processing /home/airflow/.local/lib/python3.8/site-packages/airflow/example_dags/tutorial.py took 0.136 seconds
[2024-09-04T20:50:09.240+0000] {processor.py:161} INFO - Started process (PID=472) to work on /home/airflow/.local/lib/python3.8/site-packages/airflow/example_dags/tutorial.py
[2024-09-04T20:50:09.241+0000] {processor.py:830} INFO - Processing file /home/airflow/.local/lib/python3.8/site-packages/airflow/example_dags/tutorial.py for tasks to queue
[2024-09-04T20:50:09.244+0000] {logging_mixin.py:188} INFO - [2024-09-04T20:50:09.243+0000] {dagbag.py:538} INFO - Filling up the DagBag from /home/airflow/.local/lib/python3.8/site-packages/airflow/example_dags/tutorial.py
[2024-09-04T20:50:09.251+0000] {processor.py:840} INFO - DAG(s) 'tutorial' retrieved from /home/airflow/.local/lib/python3.8/site-packages/airflow/example_dags/tutorial.py
[2024-09-04T20:50:09.275+0000] {logging_mixin.py:188} INFO - [2024-09-04T20:50:09.275+0000] {dag.py:3036} INFO - Sync 1 DAGs
[2024-09-04T20:50:09.305+0000] {logging_mixin.py:188} INFO - [2024-09-04T20:50:09.305+0000] {dag.py:3823} INFO - Setting next_dagrun for tutorial to 2024-09-03 00:00:00+00:00, run_after=2024-09-04 00:00:00+00:00
[2024-09-04T20:50:09.325+0000] {processor.py:183} INFO - Processing /home/airflow/.local/lib/python3.8/site-packages/airflow/example_dags/tutorial.py took 0.089 seconds
[2024-09-04T20:50:39.614+0000] {processor.py:161} INFO - Started process (PID=529) to work on /home/airflow/.local/lib/python3.8/site-packages/airflow/example_dags/tutorial.py
[2024-09-04T20:50:39.616+0000] {processor.py:830} INFO - Processing file /home/airflow/.local/lib/python3.8/site-packages/airflow/example_dags/tutorial.py for tasks to queue
[2024-09-04T20:50:39.618+0000] {logging_mixin.py:188} INFO - [2024-09-04T20:50:39.618+0000] {dagbag.py:538} INFO - Filling up the DagBag from /home/airflow/.local/lib/python3.8/site-packages/airflow/example_dags/tutorial.py
[2024-09-04T20:50:39.625+0000] {processor.py:840} INFO - DAG(s) 'tutorial' retrieved from /home/airflow/.local/lib/python3.8/site-packages/airflow/example_dags/tutorial.py
[2024-09-04T20:50:39.649+0000] {logging_mixin.py:188} INFO - [2024-09-04T20:50:39.649+0000] {dag.py:3036} INFO - Sync 1 DAGs
[2024-09-04T20:50:39.679+0000] {logging_mixin.py:188} INFO - [2024-09-04T20:50:39.678+0000] {dag.py:3823} INFO - Setting next_dagrun for tutorial to 2024-09-03 00:00:00+00:00, run_after=2024-09-04 00:00:00+00:00
[2024-09-04T20:50:39.705+0000] {processor.py:183} INFO - Processing /home/airflow/.local/lib/python3.8/site-packages/airflow/example_dags/tutorial.py took 0.094 seconds
[2024-09-04T20:51:10.229+0000] {processor.py:161} INFO - Started process (PID=585) to work on /home/airflow/.local/lib/python3.8/site-packages/airflow/example_dags/tutorial.py
[2024-09-04T20:51:10.230+0000] {processor.py:830} INFO - Processing file /home/airflow/.local/lib/python3.8/site-packages/airflow/example_dags/tutorial.py for tasks to queue
[2024-09-04T20:51:10.233+0000] {logging_mixin.py:188} INFO - [2024-09-04T20:51:10.233+0000] {dagbag.py:538} INFO - Filling up the DagBag from /home/airflow/.local/lib/python3.8/site-packages/airflow/example_dags/tutorial.py
[2024-09-04T20:51:10.244+0000] {processor.py:840} INFO - DAG(s) 'tutorial' retrieved from /home/airflow/.local/lib/python3.8/site-packages/airflow/example_dags/tutorial.py
[2024-09-04T20:51:10.275+0000] {logging_mixin.py:188} INFO - [2024-09-04T20:51:10.274+0000] {dag.py:3036} INFO - Sync 1 DAGs
[2024-09-04T20:51:10.309+0000] {logging_mixin.py:188} INFO - [2024-09-04T20:51:10.309+0000] {dag.py:3823} INFO - Setting next_dagrun for tutorial to 2024-09-03 00:00:00+00:00, run_after=2024-09-04 00:00:00+00:00
[2024-09-04T20:51:10.348+0000] {processor.py:183} INFO - Processing /home/airflow/.local/lib/python3.8/site-packages/airflow/example_dags/tutorial.py took 0.123 seconds
[2024-09-04T20:51:40.976+0000] {processor.py:161} INFO - Started process (PID=641) to work on /home/airflow/.local/lib/python3.8/site-packages/airflow/example_dags/tutorial.py
[2024-09-04T20:51:40.977+0000] {processor.py:830} INFO - Processing file /home/airflow/.local/lib/python3.8/site-packages/airflow/example_dags/tutorial.py for tasks to queue
[2024-09-04T20:51:40.980+0000] {logging_mixin.py:188} INFO - [2024-09-04T20:51:40.979+0000] {dagbag.py:538} INFO - Filling up the DagBag from /home/airflow/.local/lib/python3.8/site-packages/airflow/example_dags/tutorial.py
[2024-09-04T20:51:40.986+0000] {processor.py:840} INFO - DAG(s) 'tutorial' retrieved from /home/airflow/.local/lib/python3.8/site-packages/airflow/example_dags/tutorial.py
[2024-09-04T20:51:41.009+0000] {logging_mixin.py:188} INFO - [2024-09-04T20:51:41.009+0000] {dag.py:3036} INFO - Sync 1 DAGs
[2024-09-04T20:51:41.038+0000] {logging_mixin.py:188} INFO - [2024-09-04T20:51:41.038+0000] {dag.py:3823} INFO - Setting next_dagrun for tutorial to 2024-09-03 00:00:00+00:00, run_after=2024-09-04 00:00:00+00:00
[2024-09-04T20:51:41.061+0000] {processor.py:183} INFO - Processing /home/airflow/.local/lib/python3.8/site-packages/airflow/example_dags/tutorial.py took 0.089 seconds
[2024-09-04T20:52:11.951+0000] {processor.py:161} INFO - Started process (PID=697) to work on /home/airflow/.local/lib/python3.8/site-packages/airflow/example_dags/tutorial.py
[2024-09-04T20:52:11.956+0000] {processor.py:830} INFO - Processing file /home/airflow/.local/lib/python3.8/site-packages/airflow/example_dags/tutorial.py for tasks to queue
[2024-09-04T20:52:11.959+0000] {logging_mixin.py:188} INFO - [2024-09-04T20:52:11.958+0000] {dagbag.py:538} INFO - Filling up the DagBag from /home/airflow/.local/lib/python3.8/site-packages/airflow/example_dags/tutorial.py
[2024-09-04T20:52:11.970+0000] {processor.py:840} INFO - DAG(s) 'tutorial' retrieved from /home/airflow/.local/lib/python3.8/site-packages/airflow/example_dags/tutorial.py
[2024-09-04T20:52:12.003+0000] {logging_mixin.py:188} INFO - [2024-09-04T20:52:12.002+0000] {dag.py:3036} INFO - Sync 1 DAGs
[2024-09-04T20:52:12.040+0000] {logging_mixin.py:188} INFO - [2024-09-04T20:52:12.040+0000] {dag.py:3823} INFO - Setting next_dagrun for tutorial to 2024-09-03 00:00:00+00:00, run_after=2024-09-04 00:00:00+00:00
[2024-09-04T20:52:12.073+0000] {processor.py:183} INFO - Processing /home/airflow/.local/lib/python3.8/site-packages/airflow/example_dags/tutorial.py took 0.128 seconds
[2024-09-04T20:52:42.335+0000] {processor.py:161} INFO - Started process (PID=754) to work on /home/airflow/.local/lib/python3.8/site-packages/airflow/example_dags/tutorial.py
[2024-09-04T20:52:42.336+0000] {processor.py:830} INFO - Processing file /home/airflow/.local/lib/python3.8/site-packages/airflow/example_dags/tutorial.py for tasks to queue
[2024-09-04T20:52:42.338+0000] {logging_mixin.py:188} INFO - [2024-09-04T20:52:42.338+0000] {dagbag.py:538} INFO - Filling up the DagBag from /home/airflow/.local/lib/python3.8/site-packages/airflow/example_dags/tutorial.py
[2024-09-04T20:52:42.344+0000] {processor.py:840} INFO - DAG(s) 'tutorial' retrieved from /home/airflow/.local/lib/python3.8/site-packages/airflow/example_dags/tutorial.py
[2024-09-04T20:52:42.368+0000] {logging_mixin.py:188} INFO - [2024-09-04T20:52:42.368+0000] {dag.py:3036} INFO - Sync 1 DAGs
[2024-09-04T20:52:42.395+0000] {logging_mixin.py:188} INFO - [2024-09-04T20:52:42.395+0000] {dag.py:3823} INFO - Setting next_dagrun for tutorial to 2024-09-03 00:00:00+00:00, run_after=2024-09-04 00:00:00+00:00
[2024-09-04T20:52:42.419+0000] {processor.py:183} INFO - Processing /home/airflow/.local/lib/python3.8/site-packages/airflow/example_dags/tutorial.py took 0.088 seconds
[2024-09-04T20:53:13.025+0000] {processor.py:161} INFO - Started process (PID=809) to work on /home/airflow/.local/lib/python3.8/site-packages/airflow/example_dags/tutorial.py
[2024-09-04T20:53:13.027+0000] {processor.py:830} INFO - Processing file /home/airflow/.local/lib/python3.8/site-packages/airflow/example_dags/tutorial.py for tasks to queue
[2024-09-04T20:53:13.030+0000] {logging_mixin.py:188} INFO - [2024-09-04T20:53:13.029+0000] {dagbag.py:538} INFO - Filling up the DagBag from /home/airflow/.local/lib/python3.8/site-packages/airflow/example_dags/tutorial.py
[2024-09-04T20:53:13.041+0000] {processor.py:840} INFO - DAG(s) 'tutorial' retrieved from /home/airflow/.local/lib/python3.8/site-packages/airflow/example_dags/tutorial.py
[2024-09-04T20:53:13.069+0000] {logging_mixin.py:188} INFO - [2024-09-04T20:53:13.069+0000] {dag.py:3036} INFO - Sync 1 DAGs
[2024-09-04T20:53:13.098+0000] {logging_mixin.py:188} INFO - [2024-09-04T20:53:13.098+0000] {dag.py:3823} INFO - Setting next_dagrun for tutorial to 2024-09-03 00:00:00+00:00, run_after=2024-09-04 00:00:00+00:00
[2024-09-04T20:53:13.128+0000] {processor.py:183} INFO - Processing /home/airflow/.local/lib/python3.8/site-packages/airflow/example_dags/tutorial.py took 0.111 seconds
[2024-09-04T20:53:43.954+0000] {processor.py:161} INFO - Started process (PID=865) to work on /home/airflow/.local/lib/python3.8/site-packages/airflow/example_dags/tutorial.py
[2024-09-04T20:53:43.956+0000] {processor.py:830} INFO - Processing file /home/airflow/.local/lib/python3.8/site-packages/airflow/example_dags/tutorial.py for tasks to queue
[2024-09-04T20:53:43.961+0000] {logging_mixin.py:188} INFO - [2024-09-04T20:53:43.960+0000] {dagbag.py:538} INFO - Filling up the DagBag from /home/airflow/.local/lib/python3.8/site-packages/airflow/example_dags/tutorial.py
[2024-09-04T20:53:43.973+0000] {processor.py:840} INFO - DAG(s) 'tutorial' retrieved from /home/airflow/.local/lib/python3.8/site-packages/airflow/example_dags/tutorial.py
[2024-09-04T20:53:44.003+0000] {logging_mixin.py:188} INFO - [2024-09-04T20:53:44.003+0000] {dag.py:3036} INFO - Sync 1 DAGs
[2024-09-04T20:53:44.031+0000] {logging_mixin.py:188} INFO - [2024-09-04T20:53:44.031+0000] {dag.py:3823} INFO - Setting next_dagrun for tutorial to 2024-09-03 00:00:00+00:00, run_after=2024-09-04 00:00:00+00:00
[2024-09-04T20:53:44.054+0000] {processor.py:183} INFO - Processing /home/airflow/.local/lib/python3.8/site-packages/airflow/example_dags/tutorial.py took 0.105 seconds
[2024-09-04T20:54:14.934+0000] {processor.py:161} INFO - Started process (PID=921) to work on /home/airflow/.local/lib/python3.8/site-packages/airflow/example_dags/tutorial.py
[2024-09-04T20:54:14.935+0000] {processor.py:830} INFO - Processing file /home/airflow/.local/lib/python3.8/site-packages/airflow/example_dags/tutorial.py for tasks to queue
[2024-09-04T20:54:14.937+0000] {logging_mixin.py:188} INFO - [2024-09-04T20:54:14.937+0000] {dagbag.py:538} INFO - Filling up the DagBag from /home/airflow/.local/lib/python3.8/site-packages/airflow/example_dags/tutorial.py
[2024-09-04T20:54:14.944+0000] {processor.py:840} INFO - DAG(s) 'tutorial' retrieved from /home/airflow/.local/lib/python3.8/site-packages/airflow/example_dags/tutorial.py
[2024-09-04T20:54:14.970+0000] {logging_mixin.py:188} INFO - [2024-09-04T20:54:14.970+0000] {dag.py:3036} INFO - Sync 1 DAGs
[2024-09-04T20:54:15.002+0000] {logging_mixin.py:188} INFO - [2024-09-04T20:54:15.002+0000] {dag.py:3823} INFO - Setting next_dagrun for tutorial to 2024-09-03 00:00:00+00:00, run_after=2024-09-04 00:00:00+00:00
[2024-09-04T20:54:15.026+0000] {processor.py:183} INFO - Processing /home/airflow/.local/lib/python3.8/site-packages/airflow/example_dags/tutorial.py took 0.098 seconds
[2024-09-04T20:54:45.895+0000] {processor.py:161} INFO - Started process (PID=977) to work on /home/airflow/.local/lib/python3.8/site-packages/airflow/example_dags/tutorial.py
[2024-09-04T20:54:45.896+0000] {processor.py:830} INFO - Processing file /home/airflow/.local/lib/python3.8/site-packages/airflow/example_dags/tutorial.py for tasks to queue
[2024-09-04T20:54:45.898+0000] {logging_mixin.py:188} INFO - [2024-09-04T20:54:45.898+0000] {dagbag.py:538} INFO - Filling up the DagBag from /home/airflow/.local/lib/python3.8/site-packages/airflow/example_dags/tutorial.py
[2024-09-04T20:54:45.904+0000] {processor.py:840} INFO - DAG(s) 'tutorial' retrieved from /home/airflow/.local/lib/python3.8/site-packages/airflow/example_dags/tutorial.py
[2024-09-04T20:54:45.927+0000] {logging_mixin.py:188} INFO - [2024-09-04T20:54:45.927+0000] {dag.py:3036} INFO - Sync 1 DAGs
[2024-09-04T20:54:45.957+0000] {logging_mixin.py:188} INFO - [2024-09-04T20:54:45.957+0000] {dag.py:3823} INFO - Setting next_dagrun for tutorial to 2024-09-03 00:00:00+00:00, run_after=2024-09-04 00:00:00+00:00
[2024-09-04T20:54:45.981+0000] {processor.py:183} INFO - Processing /home/airflow/.local/lib/python3.8/site-packages/airflow/example_dags/tutorial.py took 0.089 seconds
[2024-09-04T20:55:16.212+0000] {processor.py:161} INFO - Started process (PID=1033) to work on /home/airflow/.local/lib/python3.8/site-packages/airflow/example_dags/tutorial.py
[2024-09-04T20:55:16.214+0000] {processor.py:830} INFO - Processing file /home/airflow/.local/lib/python3.8/site-packages/airflow/example_dags/tutorial.py for tasks to queue
[2024-09-04T20:55:16.216+0000] {logging_mixin.py:188} INFO - [2024-09-04T20:55:16.215+0000] {dagbag.py:538} INFO - Filling up the DagBag from /home/airflow/.local/lib/python3.8/site-packages/airflow/example_dags/tutorial.py
[2024-09-04T20:55:16.223+0000] {processor.py:840} INFO - DAG(s) 'tutorial' retrieved from /home/airflow/.local/lib/python3.8/site-packages/airflow/example_dags/tutorial.py
[2024-09-04T20:55:16.246+0000] {logging_mixin.py:188} INFO - [2024-09-04T20:55:16.246+0000] {dag.py:3036} INFO - Sync 1 DAGs
[2024-09-04T20:55:16.269+0000] {logging_mixin.py:188} INFO - [2024-09-04T20:55:16.269+0000] {dag.py:3823} INFO - Setting next_dagrun for tutorial to 2024-09-03 00:00:00+00:00, run_after=2024-09-04 00:00:00+00:00
[2024-09-04T20:55:16.294+0000] {processor.py:183} INFO - Processing /home/airflow/.local/lib/python3.8/site-packages/airflow/example_dags/tutorial.py took 0.085 seconds
[2024-09-04T20:55:46.736+0000] {processor.py:161} INFO - Started process (PID=1089) to work on /home/airflow/.local/lib/python3.8/site-packages/airflow/example_dags/tutorial.py
[2024-09-04T20:55:46.740+0000] {processor.py:830} INFO - Processing file /home/airflow/.local/lib/python3.8/site-packages/airflow/example_dags/tutorial.py for tasks to queue
[2024-09-04T20:55:46.743+0000] {logging_mixin.py:188} INFO - [2024-09-04T20:55:46.742+0000] {dagbag.py:538} INFO - Filling up the DagBag from /home/airflow/.local/lib/python3.8/site-packages/airflow/example_dags/tutorial.py
[2024-09-04T20:55:46.749+0000] {processor.py:840} INFO - DAG(s) 'tutorial' retrieved from /home/airflow/.local/lib/python3.8/site-packages/airflow/example_dags/tutorial.py
[2024-09-04T20:55:46.774+0000] {logging_mixin.py:188} INFO - [2024-09-04T20:55:46.774+0000] {dag.py:3036} INFO - Sync 1 DAGs
[2024-09-04T20:55:46.798+0000] {logging_mixin.py:188} INFO - [2024-09-04T20:55:46.798+0000] {dag.py:3823} INFO - Setting next_dagrun for tutorial to 2024-09-03 00:00:00+00:00, run_after=2024-09-04 00:00:00+00:00
[2024-09-04T20:55:46.820+0000] {processor.py:183} INFO - Processing /home/airflow/.local/lib/python3.8/site-packages/airflow/example_dags/tutorial.py took 0.088 seconds
[2024-09-04T20:56:17.084+0000] {processor.py:161} INFO - Started process (PID=1145) to work on /home/airflow/.local/lib/python3.8/site-packages/airflow/example_dags/tutorial.py
[2024-09-04T20:56:17.085+0000] {processor.py:830} INFO - Processing file /home/airflow/.local/lib/python3.8/site-packages/airflow/example_dags/tutorial.py for tasks to queue
[2024-09-04T20:56:17.088+0000] {logging_mixin.py:188} INFO - [2024-09-04T20:56:17.087+0000] {dagbag.py:538} INFO - Filling up the DagBag from /home/airflow/.local/lib/python3.8/site-packages/airflow/example_dags/tutorial.py
[2024-09-04T20:56:17.093+0000] {processor.py:840} INFO - DAG(s) 'tutorial' retrieved from /home/airflow/.local/lib/python3.8/site-packages/airflow/example_dags/tutorial.py
[2024-09-04T20:56:17.116+0000] {logging_mixin.py:188} INFO - [2024-09-04T20:56:17.116+0000] {dag.py:3036} INFO - Sync 1 DAGs
[2024-09-04T20:56:17.139+0000] {logging_mixin.py:188} INFO - [2024-09-04T20:56:17.139+0000] {dag.py:3823} INFO - Setting next_dagrun for tutorial to 2024-09-03 00:00:00+00:00, run_after=2024-09-04 00:00:00+00:00
[2024-09-04T20:56:17.161+0000] {processor.py:183} INFO - Processing /home/airflow/.local/lib/python3.8/site-packages/airflow/example_dags/tutorial.py took 0.081 seconds
[2024-09-04T20:56:47.339+0000] {processor.py:161} INFO - Started process (PID=1201) to work on /home/airflow/.local/lib/python3.8/site-packages/airflow/example_dags/tutorial.py
[2024-09-04T20:56:47.340+0000] {processor.py:830} INFO - Processing file /home/airflow/.local/lib/python3.8/site-packages/airflow/example_dags/tutorial.py for tasks to queue
[2024-09-04T20:56:47.343+0000] {logging_mixin.py:188} INFO - [2024-09-04T20:56:47.342+0000] {dagbag.py:538} INFO - Filling up the DagBag from /home/airflow/.local/lib/python3.8/site-packages/airflow/example_dags/tutorial.py
[2024-09-04T20:56:47.349+0000] {processor.py:840} INFO - DAG(s) 'tutorial' retrieved from /home/airflow/.local/lib/python3.8/site-packages/airflow/example_dags/tutorial.py
[2024-09-04T20:56:47.376+0000] {logging_mixin.py:188} INFO - [2024-09-04T20:56:47.375+0000] {dag.py:3036} INFO - Sync 1 DAGs
[2024-09-04T20:56:47.407+0000] {logging_mixin.py:188} INFO - [2024-09-04T20:56:47.407+0000] {dag.py:3823} INFO - Setting next_dagrun for tutorial to 2024-09-03 00:00:00+00:00, run_after=2024-09-04 00:00:00+00:00
[2024-09-04T20:56:47.431+0000] {processor.py:183} INFO - Processing /home/airflow/.local/lib/python3.8/site-packages/airflow/example_dags/tutorial.py took 0.099 seconds
[2024-09-04T20:57:17.777+0000] {processor.py:161} INFO - Started process (PID=1257) to work on /home/airflow/.local/lib/python3.8/site-packages/airflow/example_dags/tutorial.py
[2024-09-04T20:57:17.778+0000] {processor.py:830} INFO - Processing file /home/airflow/.local/lib/python3.8/site-packages/airflow/example_dags/tutorial.py for tasks to queue
[2024-09-04T20:57:17.780+0000] {logging_mixin.py:188} INFO - [2024-09-04T20:57:17.780+0000] {dagbag.py:538} INFO - Filling up the DagBag from /home/airflow/.local/lib/python3.8/site-packages/airflow/example_dags/tutorial.py
[2024-09-04T20:57:17.788+0000] {processor.py:840} INFO - DAG(s) 'tutorial' retrieved from /home/airflow/.local/lib/python3.8/site-packages/airflow/example_dags/tutorial.py
[2024-09-04T20:57:17.813+0000] {logging_mixin.py:188} INFO - [2024-09-04T20:57:17.813+0000] {dag.py:3036} INFO - Sync 1 DAGs
[2024-09-04T20:57:17.840+0000] {logging_mixin.py:188} INFO - [2024-09-04T20:57:17.840+0000] {dag.py:3823} INFO - Setting next_dagrun for tutorial to 2024-09-03 00:00:00+00:00, run_after=2024-09-04 00:00:00+00:00
[2024-09-04T20:57:17.863+0000] {processor.py:183} INFO - Processing /home/airflow/.local/lib/python3.8/site-packages/airflow/example_dags/tutorial.py took 0.090 seconds
[2024-09-04T20:57:48.354+0000] {processor.py:161} INFO - Started process (PID=1313) to work on /home/airflow/.local/lib/python3.8/site-packages/airflow/example_dags/tutorial.py
[2024-09-04T20:57:48.356+0000] {processor.py:830} INFO - Processing file /home/airflow/.local/lib/python3.8/site-packages/airflow/example_dags/tutorial.py for tasks to queue
[2024-09-04T20:57:48.359+0000] {logging_mixin.py:188} INFO - [2024-09-04T20:57:48.358+0000] {dagbag.py:538} INFO - Filling up the DagBag from /home/airflow/.local/lib/python3.8/site-packages/airflow/example_dags/tutorial.py
[2024-09-04T20:57:48.369+0000] {processor.py:840} INFO - DAG(s) 'tutorial' retrieved from /home/airflow/.local/lib/python3.8/site-packages/airflow/example_dags/tutorial.py
[2024-09-04T20:57:48.396+0000] {logging_mixin.py:188} INFO - [2024-09-04T20:57:48.395+0000] {dag.py:3036} INFO - Sync 1 DAGs
[2024-09-04T20:57:48.428+0000] {logging_mixin.py:188} INFO - [2024-09-04T20:57:48.428+0000] {dag.py:3823} INFO - Setting next_dagrun for tutorial to 2024-09-03 00:00:00+00:00, run_after=2024-09-04 00:00:00+00:00
[2024-09-04T20:57:48.455+0000] {processor.py:183} INFO - Processing /home/airflow/.local/lib/python3.8/site-packages/airflow/example_dags/tutorial.py took 0.104 seconds
[2024-09-04T20:58:20.005+0000] {processor.py:161} INFO - Started process (PID=1370) to work on /home/airflow/.local/lib/python3.8/site-packages/airflow/example_dags/tutorial.py
[2024-09-04T20:58:20.026+0000] {processor.py:830} INFO - Processing file /home/airflow/.local/lib/python3.8/site-packages/airflow/example_dags/tutorial.py for tasks to queue
[2024-09-04T20:58:20.039+0000] {logging_mixin.py:188} INFO - [2024-09-04T20:58:20.039+0000] {dagbag.py:538} INFO - Filling up the DagBag from /home/airflow/.local/lib/python3.8/site-packages/airflow/example_dags/tutorial.py
[2024-09-04T20:58:20.062+0000] {processor.py:840} INFO - DAG(s) 'tutorial' retrieved from /home/airflow/.local/lib/python3.8/site-packages/airflow/example_dags/tutorial.py
[2024-09-04T20:58:20.144+0000] {logging_mixin.py:188} INFO - [2024-09-04T20:58:20.143+0000] {dag.py:3036} INFO - Sync 1 DAGs
[2024-09-04T20:58:20.212+0000] {logging_mixin.py:188} INFO - [2024-09-04T20:58:20.212+0000] {dag.py:3823} INFO - Setting next_dagrun for tutorial to 2024-09-03 00:00:00+00:00, run_after=2024-09-04 00:00:00+00:00
[2024-09-04T20:58:20.289+0000] {processor.py:183} INFO - Processing /home/airflow/.local/lib/python3.8/site-packages/airflow/example_dags/tutorial.py took 0.293 seconds
[2024-09-04T20:58:51.298+0000] {processor.py:161} INFO - Started process (PID=1426) to work on /home/airflow/.local/lib/python3.8/site-packages/airflow/example_dags/tutorial.py
[2024-09-04T20:58:51.300+0000] {processor.py:830} INFO - Processing file /home/airflow/.local/lib/python3.8/site-packages/airflow/example_dags/tutorial.py for tasks to queue
[2024-09-04T20:58:51.313+0000] {logging_mixin.py:188} INFO - [2024-09-04T20:58:51.313+0000] {dagbag.py:538} INFO - Filling up the DagBag from /home/airflow/.local/lib/python3.8/site-packages/airflow/example_dags/tutorial.py
[2024-09-04T20:58:51.334+0000] {processor.py:840} INFO - DAG(s) 'tutorial' retrieved from /home/airflow/.local/lib/python3.8/site-packages/airflow/example_dags/tutorial.py
[2024-09-04T20:58:51.410+0000] {logging_mixin.py:188} INFO - [2024-09-04T20:58:51.410+0000] {dag.py:3036} INFO - Sync 1 DAGs
[2024-09-04T20:58:51.499+0000] {logging_mixin.py:188} INFO - [2024-09-04T20:58:51.499+0000] {dag.py:3823} INFO - Setting next_dagrun for tutorial to 2024-09-03 00:00:00+00:00, run_after=2024-09-04 00:00:00+00:00
[2024-09-04T20:58:51.563+0000] {processor.py:183} INFO - Processing /home/airflow/.local/lib/python3.8/site-packages/airflow/example_dags/tutorial.py took 0.277 seconds
[2024-09-04T20:59:21.920+0000] {processor.py:161} INFO - Started process (PID=1482) to work on /home/airflow/.local/lib/python3.8/site-packages/airflow/example_dags/tutorial.py
[2024-09-04T20:59:21.921+0000] {processor.py:830} INFO - Processing file /home/airflow/.local/lib/python3.8/site-packages/airflow/example_dags/tutorial.py for tasks to queue
[2024-09-04T20:59:21.925+0000] {logging_mixin.py:188} INFO - [2024-09-04T20:59:21.925+0000] {dagbag.py:538} INFO - Filling up the DagBag from /home/airflow/.local/lib/python3.8/site-packages/airflow/example_dags/tutorial.py
[2024-09-04T20:59:21.933+0000] {processor.py:840} INFO - DAG(s) 'tutorial' retrieved from /home/airflow/.local/lib/python3.8/site-packages/airflow/example_dags/tutorial.py
[2024-09-04T20:59:21.968+0000] {logging_mixin.py:188} INFO - [2024-09-04T20:59:21.968+0000] {dag.py:3036} INFO - Sync 1 DAGs
[2024-09-04T20:59:21.999+0000] {logging_mixin.py:188} INFO - [2024-09-04T20:59:21.999+0000] {dag.py:3823} INFO - Setting next_dagrun for tutorial to 2024-09-03 00:00:00+00:00, run_after=2024-09-04 00:00:00+00:00
[2024-09-04T20:59:22.027+0000] {processor.py:183} INFO - Processing /home/airflow/.local/lib/python3.8/site-packages/airflow/example_dags/tutorial.py took 0.111 seconds
[2024-09-04T20:59:52.225+0000] {processor.py:161} INFO - Started process (PID=1538) to work on /home/airflow/.local/lib/python3.8/site-packages/airflow/example_dags/tutorial.py
[2024-09-04T20:59:52.226+0000] {processor.py:830} INFO - Processing file /home/airflow/.local/lib/python3.8/site-packages/airflow/example_dags/tutorial.py for tasks to queue
[2024-09-04T20:59:52.228+0000] {logging_mixin.py:188} INFO - [2024-09-04T20:59:52.228+0000] {dagbag.py:538} INFO - Filling up the DagBag from /home/airflow/.local/lib/python3.8/site-packages/airflow/example_dags/tutorial.py
[2024-09-04T20:59:52.236+0000] {processor.py:840} INFO - DAG(s) 'tutorial' retrieved from /home/airflow/.local/lib/python3.8/site-packages/airflow/example_dags/tutorial.py
[2024-09-04T20:59:52.260+0000] {logging_mixin.py:188} INFO - [2024-09-04T20:59:52.260+0000] {dag.py:3036} INFO - Sync 1 DAGs
[2024-09-04T20:59:52.290+0000] {logging_mixin.py:188} INFO - [2024-09-04T20:59:52.290+0000] {dag.py:3823} INFO - Setting next_dagrun for tutorial to 2024-09-03 00:00:00+00:00, run_after=2024-09-04 00:00:00+00:00
[2024-09-04T20:59:52.318+0000] {processor.py:183} INFO - Processing /home/airflow/.local/lib/python3.8/site-packages/airflow/example_dags/tutorial.py took 0.097 seconds
[2024-09-04T21:00:22.359+0000] {processor.py:161} INFO - Started process (PID=1594) to work on /home/airflow/.local/lib/python3.8/site-packages/airflow/example_dags/tutorial.py
[2024-09-04T21:00:22.360+0000] {processor.py:830} INFO - Processing file /home/airflow/.local/lib/python3.8/site-packages/airflow/example_dags/tutorial.py for tasks to queue
[2024-09-04T21:00:22.362+0000] {logging_mixin.py:188} INFO - [2024-09-04T21:00:22.362+0000] {dagbag.py:538} INFO - Filling up the DagBag from /home/airflow/.local/lib/python3.8/site-packages/airflow/example_dags/tutorial.py
[2024-09-04T21:00:22.370+0000] {processor.py:840} INFO - DAG(s) 'tutorial' retrieved from /home/airflow/.local/lib/python3.8/site-packages/airflow/example_dags/tutorial.py
[2024-09-04T21:00:22.392+0000] {logging_mixin.py:188} INFO - [2024-09-04T21:00:22.391+0000] {dag.py:3036} INFO - Sync 1 DAGs
[2024-09-04T21:00:22.422+0000] {logging_mixin.py:188} INFO - [2024-09-04T21:00:22.421+0000] {dag.py:3823} INFO - Setting next_dagrun for tutorial to 2024-09-03 00:00:00+00:00, run_after=2024-09-04 00:00:00+00:00
[2024-09-04T21:00:22.446+0000] {processor.py:183} INFO - Processing /home/airflow/.local/lib/python3.8/site-packages/airflow/example_dags/tutorial.py took 0.091 seconds
[2024-09-04T21:00:52.768+0000] {processor.py:161} INFO - Started process (PID=1650) to work on /home/airflow/.local/lib/python3.8/site-packages/airflow/example_dags/tutorial.py
[2024-09-04T21:00:52.769+0000] {processor.py:830} INFO - Processing file /home/airflow/.local/lib/python3.8/site-packages/airflow/example_dags/tutorial.py for tasks to queue
[2024-09-04T21:00:52.771+0000] {logging_mixin.py:188} INFO - [2024-09-04T21:00:52.771+0000] {dagbag.py:538} INFO - Filling up the DagBag from /home/airflow/.local/lib/python3.8/site-packages/airflow/example_dags/tutorial.py
[2024-09-04T21:00:52.777+0000] {processor.py:840} INFO - DAG(s) 'tutorial' retrieved from /home/airflow/.local/lib/python3.8/site-packages/airflow/example_dags/tutorial.py
[2024-09-04T21:00:52.798+0000] {logging_mixin.py:188} INFO - [2024-09-04T21:00:52.798+0000] {dag.py:3036} INFO - Sync 1 DAGs
[2024-09-04T21:00:52.822+0000] {logging_mixin.py:188} INFO - [2024-09-04T21:00:52.821+0000] {dag.py:3823} INFO - Setting next_dagrun for tutorial to 2024-09-03 00:00:00+00:00, run_after=2024-09-04 00:00:00+00:00
[2024-09-04T21:00:52.844+0000] {processor.py:183} INFO - Processing /home/airflow/.local/lib/python3.8/site-packages/airflow/example_dags/tutorial.py took 0.079 seconds
[2024-09-04T21:01:23.758+0000] {processor.py:161} INFO - Started process (PID=1706) to work on /home/airflow/.local/lib/python3.8/site-packages/airflow/example_dags/tutorial.py
[2024-09-04T21:01:23.762+0000] {processor.py:830} INFO - Processing file /home/airflow/.local/lib/python3.8/site-packages/airflow/example_dags/tutorial.py for tasks to queue
[2024-09-04T21:01:23.769+0000] {logging_mixin.py:188} INFO - [2024-09-04T21:01:23.768+0000] {dagbag.py:538} INFO - Filling up the DagBag from /home/airflow/.local/lib/python3.8/site-packages/airflow/example_dags/tutorial.py
[2024-09-04T21:01:23.782+0000] {processor.py:840} INFO - DAG(s) 'tutorial' retrieved from /home/airflow/.local/lib/python3.8/site-packages/airflow/example_dags/tutorial.py
[2024-09-04T21:01:23.816+0000] {logging_mixin.py:188} INFO - [2024-09-04T21:01:23.816+0000] {dag.py:3036} INFO - Sync 1 DAGs
[2024-09-04T21:01:23.870+0000] {logging_mixin.py:188} INFO - [2024-09-04T21:01:23.870+0000] {dag.py:3823} INFO - Setting next_dagrun for tutorial to 2024-09-03 00:00:00+00:00, run_after=2024-09-04 00:00:00+00:00
[2024-09-04T21:01:23.920+0000] {processor.py:183} INFO - Processing /home/airflow/.local/lib/python3.8/site-packages/airflow/example_dags/tutorial.py took 0.167 seconds
[2024-09-04T21:01:54.208+0000] {processor.py:161} INFO - Started process (PID=1761) to work on /home/airflow/.local/lib/python3.8/site-packages/airflow/example_dags/tutorial.py
[2024-09-04T21:01:54.210+0000] {processor.py:830} INFO - Processing file /home/airflow/.local/lib/python3.8/site-packages/airflow/example_dags/tutorial.py for tasks to queue
[2024-09-04T21:01:54.212+0000] {logging_mixin.py:188} INFO - [2024-09-04T21:01:54.212+0000] {dagbag.py:538} INFO - Filling up the DagBag from /home/airflow/.local/lib/python3.8/site-packages/airflow/example_dags/tutorial.py
[2024-09-04T21:01:54.227+0000] {processor.py:840} INFO - DAG(s) 'tutorial' retrieved from /home/airflow/.local/lib/python3.8/site-packages/airflow/example_dags/tutorial.py
[2024-09-04T21:01:54.274+0000] {logging_mixin.py:188} INFO - [2024-09-04T21:01:54.274+0000] {dag.py:3036} INFO - Sync 1 DAGs
[2024-09-04T21:01:54.323+0000] {logging_mixin.py:188} INFO - [2024-09-04T21:01:54.323+0000] {dag.py:3823} INFO - Setting next_dagrun for tutorial to 2024-09-03 00:00:00+00:00, run_after=2024-09-04 00:00:00+00:00
[2024-09-04T21:01:54.409+0000] {processor.py:183} INFO - Processing /home/airflow/.local/lib/python3.8/site-packages/airflow/example_dags/tutorial.py took 0.213 seconds
[2024-09-04T21:02:24.930+0000] {processor.py:161} INFO - Started process (PID=1816) to work on /home/airflow/.local/lib/python3.8/site-packages/airflow/example_dags/tutorial.py
[2024-09-04T21:02:24.931+0000] {processor.py:830} INFO - Processing file /home/airflow/.local/lib/python3.8/site-packages/airflow/example_dags/tutorial.py for tasks to queue
[2024-09-04T21:02:24.935+0000] {logging_mixin.py:188} INFO - [2024-09-04T21:02:24.934+0000] {dagbag.py:538} INFO - Filling up the DagBag from /home/airflow/.local/lib/python3.8/site-packages/airflow/example_dags/tutorial.py
[2024-09-04T21:02:24.950+0000] {processor.py:840} INFO - DAG(s) 'tutorial' retrieved from /home/airflow/.local/lib/python3.8/site-packages/airflow/example_dags/tutorial.py
[2024-09-04T21:02:24.998+0000] {logging_mixin.py:188} INFO - [2024-09-04T21:02:24.998+0000] {dag.py:3036} INFO - Sync 1 DAGs
[2024-09-04T21:02:25.050+0000] {logging_mixin.py:188} INFO - [2024-09-04T21:02:25.050+0000] {dag.py:3823} INFO - Setting next_dagrun for tutorial to 2024-09-03 00:00:00+00:00, run_after=2024-09-04 00:00:00+00:00
[2024-09-04T21:02:25.098+0000] {processor.py:183} INFO - Processing /home/airflow/.local/lib/python3.8/site-packages/airflow/example_dags/tutorial.py took 0.173 seconds
[2024-09-04T21:02:55.298+0000] {processor.py:161} INFO - Started process (PID=1872) to work on /home/airflow/.local/lib/python3.8/site-packages/airflow/example_dags/tutorial.py
[2024-09-04T21:02:55.300+0000] {processor.py:830} INFO - Processing file /home/airflow/.local/lib/python3.8/site-packages/airflow/example_dags/tutorial.py for tasks to queue
[2024-09-04T21:02:55.302+0000] {logging_mixin.py:188} INFO - [2024-09-04T21:02:55.302+0000] {dagbag.py:538} INFO - Filling up the DagBag from /home/airflow/.local/lib/python3.8/site-packages/airflow/example_dags/tutorial.py
[2024-09-04T21:02:55.313+0000] {processor.py:840} INFO - DAG(s) 'tutorial' retrieved from /home/airflow/.local/lib/python3.8/site-packages/airflow/example_dags/tutorial.py
[2024-09-04T21:02:55.339+0000] {logging_mixin.py:188} INFO - [2024-09-04T21:02:55.338+0000] {dag.py:3036} INFO - Sync 1 DAGs
[2024-09-04T21:02:55.375+0000] {logging_mixin.py:188} INFO - [2024-09-04T21:02:55.374+0000] {dag.py:3823} INFO - Setting next_dagrun for tutorial to 2024-09-03 00:00:00+00:00, run_after=2024-09-04 00:00:00+00:00
[2024-09-04T21:02:55.401+0000] {processor.py:183} INFO - Processing /home/airflow/.local/lib/python3.8/site-packages/airflow/example_dags/tutorial.py took 0.108 seconds
[2024-09-04T21:03:25.920+0000] {processor.py:161} INFO - Started process (PID=1928) to work on /home/airflow/.local/lib/python3.8/site-packages/airflow/example_dags/tutorial.py
[2024-09-04T21:03:25.921+0000] {processor.py:830} INFO - Processing file /home/airflow/.local/lib/python3.8/site-packages/airflow/example_dags/tutorial.py for tasks to queue
[2024-09-04T21:03:25.924+0000] {logging_mixin.py:188} INFO - [2024-09-04T21:03:25.923+0000] {dagbag.py:538} INFO - Filling up the DagBag from /home/airflow/.local/lib/python3.8/site-packages/airflow/example_dags/tutorial.py
[2024-09-04T21:03:25.931+0000] {processor.py:840} INFO - DAG(s) 'tutorial' retrieved from /home/airflow/.local/lib/python3.8/site-packages/airflow/example_dags/tutorial.py
[2024-09-04T21:03:25.956+0000] {logging_mixin.py:188} INFO - [2024-09-04T21:03:25.956+0000] {dag.py:3036} INFO - Sync 1 DAGs
[2024-09-04T21:03:25.984+0000] {logging_mixin.py:188} INFO - [2024-09-04T21:03:25.983+0000] {dag.py:3823} INFO - Setting next_dagrun for tutorial to 2024-09-03 00:00:00+00:00, run_after=2024-09-04 00:00:00+00:00
[2024-09-04T21:03:26.012+0000] {processor.py:183} INFO - Processing /home/airflow/.local/lib/python3.8/site-packages/airflow/example_dags/tutorial.py took 0.096 seconds
[2024-09-04T21:03:56.133+0000] {processor.py:161} INFO - Started process (PID=1984) to work on /home/airflow/.local/lib/python3.8/site-packages/airflow/example_dags/tutorial.py
[2024-09-04T21:03:56.135+0000] {processor.py:830} INFO - Processing file /home/airflow/.local/lib/python3.8/site-packages/airflow/example_dags/tutorial.py for tasks to queue
[2024-09-04T21:03:56.137+0000] {logging_mixin.py:188} INFO - [2024-09-04T21:03:56.136+0000] {dagbag.py:538} INFO - Filling up the DagBag from /home/airflow/.local/lib/python3.8/site-packages/airflow/example_dags/tutorial.py
[2024-09-04T21:03:56.142+0000] {processor.py:840} INFO - DAG(s) 'tutorial' retrieved from /home/airflow/.local/lib/python3.8/site-packages/airflow/example_dags/tutorial.py
[2024-09-04T21:03:56.167+0000] {logging_mixin.py:188} INFO - [2024-09-04T21:03:56.167+0000] {dag.py:3036} INFO - Sync 1 DAGs
[2024-09-04T21:03:56.192+0000] {logging_mixin.py:188} INFO - [2024-09-04T21:03:56.192+0000] {dag.py:3823} INFO - Setting next_dagrun for tutorial to 2024-09-03 00:00:00+00:00, run_after=2024-09-04 00:00:00+00:00
[2024-09-04T21:03:56.216+0000] {processor.py:183} INFO - Processing /home/airflow/.local/lib/python3.8/site-packages/airflow/example_dags/tutorial.py took 0.086 seconds
[2024-09-04T21:04:26.988+0000] {processor.py:161} INFO - Started process (PID=2040) to work on /home/airflow/.local/lib/python3.8/site-packages/airflow/example_dags/tutorial.py
[2024-09-04T21:04:26.990+0000] {processor.py:830} INFO - Processing file /home/airflow/.local/lib/python3.8/site-packages/airflow/example_dags/tutorial.py for tasks to queue
[2024-09-04T21:04:26.992+0000] {logging_mixin.py:188} INFO - [2024-09-04T21:04:26.992+0000] {dagbag.py:538} INFO - Filling up the DagBag from /home/airflow/.local/lib/python3.8/site-packages/airflow/example_dags/tutorial.py
[2024-09-04T21:04:26.998+0000] {processor.py:840} INFO - DAG(s) 'tutorial' retrieved from /home/airflow/.local/lib/python3.8/site-packages/airflow/example_dags/tutorial.py
[2024-09-04T21:04:27.019+0000] {logging_mixin.py:188} INFO - [2024-09-04T21:04:27.019+0000] {dag.py:3036} INFO - Sync 1 DAGs
[2024-09-04T21:04:27.042+0000] {logging_mixin.py:188} INFO - [2024-09-04T21:04:27.042+0000] {dag.py:3823} INFO - Setting next_dagrun for tutorial to 2024-09-03 00:00:00+00:00, run_after=2024-09-04 00:00:00+00:00
[2024-09-04T21:04:27.064+0000] {processor.py:183} INFO - Processing /home/airflow/.local/lib/python3.8/site-packages/airflow/example_dags/tutorial.py took 0.081 seconds
[2024-09-04T21:04:58.042+0000] {processor.py:161} INFO - Started process (PID=2096) to work on /home/airflow/.local/lib/python3.8/site-packages/airflow/example_dags/tutorial.py
[2024-09-04T21:04:58.043+0000] {processor.py:830} INFO - Processing file /home/airflow/.local/lib/python3.8/site-packages/airflow/example_dags/tutorial.py for tasks to queue
[2024-09-04T21:04:58.045+0000] {logging_mixin.py:188} INFO - [2024-09-04T21:04:58.045+0000] {dagbag.py:538} INFO - Filling up the DagBag from /home/airflow/.local/lib/python3.8/site-packages/airflow/example_dags/tutorial.py
[2024-09-04T21:04:58.051+0000] {processor.py:840} INFO - DAG(s) 'tutorial' retrieved from /home/airflow/.local/lib/python3.8/site-packages/airflow/example_dags/tutorial.py
[2024-09-04T21:04:58.071+0000] {logging_mixin.py:188} INFO - [2024-09-04T21:04:58.071+0000] {dag.py:3036} INFO - Sync 1 DAGs
[2024-09-04T21:04:58.094+0000] {logging_mixin.py:188} INFO - [2024-09-04T21:04:58.094+0000] {dag.py:3823} INFO - Setting next_dagrun for tutorial to 2024-09-03 00:00:00+00:00, run_after=2024-09-04 00:00:00+00:00
[2024-09-04T21:04:58.116+0000] {processor.py:183} INFO - Processing /home/airflow/.local/lib/python3.8/site-packages/airflow/example_dags/tutorial.py took 0.077 seconds
[2024-09-04T21:05:28.440+0000] {processor.py:161} INFO - Started process (PID=2152) to work on /home/airflow/.local/lib/python3.8/site-packages/airflow/example_dags/tutorial.py
[2024-09-04T21:05:28.441+0000] {processor.py:830} INFO - Processing file /home/airflow/.local/lib/python3.8/site-packages/airflow/example_dags/tutorial.py for tasks to queue
[2024-09-04T21:05:28.443+0000] {logging_mixin.py:188} INFO - [2024-09-04T21:05:28.443+0000] {dagbag.py:538} INFO - Filling up the DagBag from /home/airflow/.local/lib/python3.8/site-packages/airflow/example_dags/tutorial.py
[2024-09-04T21:05:28.449+0000] {processor.py:840} INFO - DAG(s) 'tutorial' retrieved from /home/airflow/.local/lib/python3.8/site-packages/airflow/example_dags/tutorial.py
[2024-09-04T21:05:28.471+0000] {logging_mixin.py:188} INFO - [2024-09-04T21:05:28.470+0000] {dag.py:3036} INFO - Sync 1 DAGs
[2024-09-04T21:05:28.495+0000] {logging_mixin.py:188} INFO - [2024-09-04T21:05:28.495+0000] {dag.py:3823} INFO - Setting next_dagrun for tutorial to 2024-09-03 00:00:00+00:00, run_after=2024-09-04 00:00:00+00:00
[2024-09-04T21:05:28.524+0000] {processor.py:183} INFO - Processing /home/airflow/.local/lib/python3.8/site-packages/airflow/example_dags/tutorial.py took 0.087 seconds
[2024-09-04T21:05:58.995+0000] {processor.py:161} INFO - Started process (PID=2208) to work on /home/airflow/.local/lib/python3.8/site-packages/airflow/example_dags/tutorial.py
[2024-09-04T21:05:58.996+0000] {processor.py:830} INFO - Processing file /home/airflow/.local/lib/python3.8/site-packages/airflow/example_dags/tutorial.py for tasks to queue
[2024-09-04T21:05:58.998+0000] {logging_mixin.py:188} INFO - [2024-09-04T21:05:58.997+0000] {dagbag.py:538} INFO - Filling up the DagBag from /home/airflow/.local/lib/python3.8/site-packages/airflow/example_dags/tutorial.py
[2024-09-04T21:05:59.005+0000] {processor.py:840} INFO - DAG(s) 'tutorial' retrieved from /home/airflow/.local/lib/python3.8/site-packages/airflow/example_dags/tutorial.py
[2024-09-04T21:05:59.025+0000] {logging_mixin.py:188} INFO - [2024-09-04T21:05:59.025+0000] {dag.py:3036} INFO - Sync 1 DAGs
[2024-09-04T21:05:59.046+0000] {logging_mixin.py:188} INFO - [2024-09-04T21:05:59.046+0000] {dag.py:3823} INFO - Setting next_dagrun for tutorial to 2024-09-03 00:00:00+00:00, run_after=2024-09-04 00:00:00+00:00
[2024-09-04T21:05:59.067+0000] {processor.py:183} INFO - Processing /home/airflow/.local/lib/python3.8/site-packages/airflow/example_dags/tutorial.py took 0.075 seconds
[2024-09-04T21:06:29.890+0000] {processor.py:161} INFO - Started process (PID=2264) to work on /home/airflow/.local/lib/python3.8/site-packages/airflow/example_dags/tutorial.py
[2024-09-04T21:06:29.892+0000] {processor.py:830} INFO - Processing file /home/airflow/.local/lib/python3.8/site-packages/airflow/example_dags/tutorial.py for tasks to queue
[2024-09-04T21:06:29.894+0000] {logging_mixin.py:188} INFO - [2024-09-04T21:06:29.893+0000] {dagbag.py:538} INFO - Filling up the DagBag from /home/airflow/.local/lib/python3.8/site-packages/airflow/example_dags/tutorial.py
[2024-09-04T21:06:29.899+0000] {processor.py:840} INFO - DAG(s) 'tutorial' retrieved from /home/airflow/.local/lib/python3.8/site-packages/airflow/example_dags/tutorial.py
[2024-09-04T21:06:29.921+0000] {logging_mixin.py:188} INFO - [2024-09-04T21:06:29.921+0000] {dag.py:3036} INFO - Sync 1 DAGs
[2024-09-04T21:06:29.945+0000] {logging_mixin.py:188} INFO - [2024-09-04T21:06:29.944+0000] {dag.py:3823} INFO - Setting next_dagrun for tutorial to 2024-09-03 00:00:00+00:00, run_after=2024-09-04 00:00:00+00:00
[2024-09-04T21:06:29.967+0000] {processor.py:183} INFO - Processing /home/airflow/.local/lib/python3.8/site-packages/airflow/example_dags/tutorial.py took 0.081 seconds
[2024-09-04T21:07:00.207+0000] {processor.py:161} INFO - Started process (PID=2320) to work on /home/airflow/.local/lib/python3.8/site-packages/airflow/example_dags/tutorial.py
[2024-09-04T21:07:00.208+0000] {processor.py:830} INFO - Processing file /home/airflow/.local/lib/python3.8/site-packages/airflow/example_dags/tutorial.py for tasks to queue
[2024-09-04T21:07:00.210+0000] {logging_mixin.py:188} INFO - [2024-09-04T21:07:00.209+0000] {dagbag.py:538} INFO - Filling up the DagBag from /home/airflow/.local/lib/python3.8/site-packages/airflow/example_dags/tutorial.py
[2024-09-04T21:07:00.216+0000] {processor.py:840} INFO - DAG(s) 'tutorial' retrieved from /home/airflow/.local/lib/python3.8/site-packages/airflow/example_dags/tutorial.py
[2024-09-04T21:07:00.238+0000] {logging_mixin.py:188} INFO - [2024-09-04T21:07:00.237+0000] {dag.py:3036} INFO - Sync 1 DAGs
[2024-09-04T21:07:00.259+0000] {logging_mixin.py:188} INFO - [2024-09-04T21:07:00.259+0000] {dag.py:3823} INFO - Setting next_dagrun for tutorial to 2024-09-03 00:00:00+00:00, run_after=2024-09-04 00:00:00+00:00
[2024-09-04T21:07:00.282+0000] {processor.py:183} INFO - Processing /home/airflow/.local/lib/python3.8/site-packages/airflow/example_dags/tutorial.py took 0.078 seconds
[2024-09-04T21:07:30.662+0000] {processor.py:161} INFO - Started process (PID=2376) to work on /home/airflow/.local/lib/python3.8/site-packages/airflow/example_dags/tutorial.py
[2024-09-04T21:07:30.664+0000] {processor.py:830} INFO - Processing file /home/airflow/.local/lib/python3.8/site-packages/airflow/example_dags/tutorial.py for tasks to queue
[2024-09-04T21:07:30.666+0000] {logging_mixin.py:188} INFO - [2024-09-04T21:07:30.666+0000] {dagbag.py:538} INFO - Filling up the DagBag from /home/airflow/.local/lib/python3.8/site-packages/airflow/example_dags/tutorial.py
[2024-09-04T21:07:30.673+0000] {processor.py:840} INFO - DAG(s) 'tutorial' retrieved from /home/airflow/.local/lib/python3.8/site-packages/airflow/example_dags/tutorial.py
[2024-09-04T21:07:30.702+0000] {logging_mixin.py:188} INFO - [2024-09-04T21:07:30.701+0000] {dag.py:3036} INFO - Sync 1 DAGs
[2024-09-04T21:07:30.730+0000] {logging_mixin.py:188} INFO - [2024-09-04T21:07:30.730+0000] {dag.py:3823} INFO - Setting next_dagrun for tutorial to 2024-09-03 00:00:00+00:00, run_after=2024-09-04 00:00:00+00:00
[2024-09-04T21:07:30.753+0000] {processor.py:183} INFO - Processing /home/airflow/.local/lib/python3.8/site-packages/airflow/example_dags/tutorial.py took 0.096 seconds
[2024-09-04T21:08:01.221+0000] {processor.py:161} INFO - Started process (PID=2432) to work on /home/airflow/.local/lib/python3.8/site-packages/airflow/example_dags/tutorial.py
[2024-09-04T21:08:01.222+0000] {processor.py:830} INFO - Processing file /home/airflow/.local/lib/python3.8/site-packages/airflow/example_dags/tutorial.py for tasks to queue
[2024-09-04T21:08:01.224+0000] {logging_mixin.py:188} INFO - [2024-09-04T21:08:01.224+0000] {dagbag.py:538} INFO - Filling up the DagBag from /home/airflow/.local/lib/python3.8/site-packages/airflow/example_dags/tutorial.py
[2024-09-04T21:08:01.230+0000] {processor.py:840} INFO - DAG(s) 'tutorial' retrieved from /home/airflow/.local/lib/python3.8/site-packages/airflow/example_dags/tutorial.py
[2024-09-04T21:08:01.253+0000] {logging_mixin.py:188} INFO - [2024-09-04T21:08:01.252+0000] {dag.py:3036} INFO - Sync 1 DAGs
[2024-09-04T21:08:01.277+0000] {logging_mixin.py:188} INFO - [2024-09-04T21:08:01.277+0000] {dag.py:3823} INFO - Setting next_dagrun for tutorial to 2024-09-03 00:00:00+00:00, run_after=2024-09-04 00:00:00+00:00
[2024-09-04T21:08:01.300+0000] {processor.py:183} INFO - Processing /home/airflow/.local/lib/python3.8/site-packages/airflow/example_dags/tutorial.py took 0.083 seconds
[2024-09-04T21:08:32.107+0000] {processor.py:161} INFO - Started process (PID=2488) to work on /home/airflow/.local/lib/python3.8/site-packages/airflow/example_dags/tutorial.py
[2024-09-04T21:08:32.109+0000] {processor.py:830} INFO - Processing file /home/airflow/.local/lib/python3.8/site-packages/airflow/example_dags/tutorial.py for tasks to queue
[2024-09-04T21:08:32.111+0000] {logging_mixin.py:188} INFO - [2024-09-04T21:08:32.110+0000] {dagbag.py:538} INFO - Filling up the DagBag from /home/airflow/.local/lib/python3.8/site-packages/airflow/example_dags/tutorial.py
[2024-09-04T21:08:32.119+0000] {processor.py:840} INFO - DAG(s) 'tutorial' retrieved from /home/airflow/.local/lib/python3.8/site-packages/airflow/example_dags/tutorial.py
[2024-09-04T21:08:32.141+0000] {logging_mixin.py:188} INFO - [2024-09-04T21:08:32.141+0000] {dag.py:3036} INFO - Sync 1 DAGs
[2024-09-04T21:08:32.292+0000] {logging_mixin.py:188} INFO - [2024-09-04T21:08:32.291+0000] {dag.py:3823} INFO - Setting next_dagrun for tutorial to 2024-09-03 00:00:00+00:00, run_after=2024-09-04 00:00:00+00:00
[2024-09-04T21:08:32.314+0000] {processor.py:183} INFO - Processing /home/airflow/.local/lib/python3.8/site-packages/airflow/example_dags/tutorial.py took 0.211 seconds
[2024-09-04T21:09:02.591+0000] {processor.py:161} INFO - Started process (PID=2544) to work on /home/airflow/.local/lib/python3.8/site-packages/airflow/example_dags/tutorial.py
[2024-09-04T21:09:02.592+0000] {processor.py:830} INFO - Processing file /home/airflow/.local/lib/python3.8/site-packages/airflow/example_dags/tutorial.py for tasks to queue
[2024-09-04T21:09:02.594+0000] {logging_mixin.py:188} INFO - [2024-09-04T21:09:02.594+0000] {dagbag.py:538} INFO - Filling up the DagBag from /home/airflow/.local/lib/python3.8/site-packages/airflow/example_dags/tutorial.py
[2024-09-04T21:09:02.601+0000] {processor.py:840} INFO - DAG(s) 'tutorial' retrieved from /home/airflow/.local/lib/python3.8/site-packages/airflow/example_dags/tutorial.py
[2024-09-04T21:09:02.625+0000] {logging_mixin.py:188} INFO - [2024-09-04T21:09:02.625+0000] {dag.py:3036} INFO - Sync 1 DAGs
[2024-09-04T21:09:02.782+0000] {logging_mixin.py:188} INFO - [2024-09-04T21:09:02.782+0000] {dag.py:3823} INFO - Setting next_dagrun for tutorial to 2024-09-03 00:00:00+00:00, run_after=2024-09-04 00:00:00+00:00
[2024-09-04T21:09:02.804+0000] {processor.py:183} INFO - Processing /home/airflow/.local/lib/python3.8/site-packages/airflow/example_dags/tutorial.py took 0.217 seconds
[2024-09-04T21:09:33.187+0000] {processor.py:161} INFO - Started process (PID=2600) to work on /home/airflow/.local/lib/python3.8/site-packages/airflow/example_dags/tutorial.py
[2024-09-04T21:09:33.189+0000] {processor.py:830} INFO - Processing file /home/airflow/.local/lib/python3.8/site-packages/airflow/example_dags/tutorial.py for tasks to queue
[2024-09-04T21:09:33.190+0000] {logging_mixin.py:188} INFO - [2024-09-04T21:09:33.190+0000] {dagbag.py:538} INFO - Filling up the DagBag from /home/airflow/.local/lib/python3.8/site-packages/airflow/example_dags/tutorial.py
[2024-09-04T21:09:33.196+0000] {processor.py:840} INFO - DAG(s) 'tutorial' retrieved from /home/airflow/.local/lib/python3.8/site-packages/airflow/example_dags/tutorial.py
[2024-09-04T21:09:33.216+0000] {logging_mixin.py:188} INFO - [2024-09-04T21:09:33.216+0000] {dag.py:3036} INFO - Sync 1 DAGs
[2024-09-04T21:09:33.239+0000] {logging_mixin.py:188} INFO - [2024-09-04T21:09:33.238+0000] {dag.py:3823} INFO - Setting next_dagrun for tutorial to 2024-09-03 00:00:00+00:00, run_after=2024-09-04 00:00:00+00:00
[2024-09-04T21:09:33.379+0000] {processor.py:183} INFO - Processing /home/airflow/.local/lib/python3.8/site-packages/airflow/example_dags/tutorial.py took 0.194 seconds
[2024-09-04T21:10:04.268+0000] {processor.py:161} INFO - Started process (PID=2656) to work on /home/airflow/.local/lib/python3.8/site-packages/airflow/example_dags/tutorial.py
[2024-09-04T21:10:04.270+0000] {processor.py:830} INFO - Processing file /home/airflow/.local/lib/python3.8/site-packages/airflow/example_dags/tutorial.py for tasks to queue
[2024-09-04T21:10:04.272+0000] {logging_mixin.py:188} INFO - [2024-09-04T21:10:04.271+0000] {dagbag.py:538} INFO - Filling up the DagBag from /home/airflow/.local/lib/python3.8/site-packages/airflow/example_dags/tutorial.py
[2024-09-04T21:10:04.278+0000] {processor.py:840} INFO - DAG(s) 'tutorial' retrieved from /home/airflow/.local/lib/python3.8/site-packages/airflow/example_dags/tutorial.py
[2024-09-04T21:10:04.301+0000] {logging_mixin.py:188} INFO - [2024-09-04T21:10:04.301+0000] {dag.py:3036} INFO - Sync 1 DAGs
[2024-09-04T21:10:04.325+0000] {logging_mixin.py:188} INFO - [2024-09-04T21:10:04.325+0000] {dag.py:3823} INFO - Setting next_dagrun for tutorial to 2024-09-03 00:00:00+00:00, run_after=2024-09-04 00:00:00+00:00
[2024-09-04T21:10:04.350+0000] {processor.py:183} INFO - Processing /home/airflow/.local/lib/python3.8/site-packages/airflow/example_dags/tutorial.py took 0.084 seconds
[2024-09-04T21:10:34.971+0000] {processor.py:161} INFO - Started process (PID=2712) to work on /home/airflow/.local/lib/python3.8/site-packages/airflow/example_dags/tutorial.py
[2024-09-04T21:10:34.973+0000] {processor.py:830} INFO - Processing file /home/airflow/.local/lib/python3.8/site-packages/airflow/example_dags/tutorial.py for tasks to queue
[2024-09-04T21:10:34.974+0000] {logging_mixin.py:188} INFO - [2024-09-04T21:10:34.974+0000] {dagbag.py:538} INFO - Filling up the DagBag from /home/airflow/.local/lib/python3.8/site-packages/airflow/example_dags/tutorial.py
[2024-09-04T21:10:34.980+0000] {processor.py:840} INFO - DAG(s) 'tutorial' retrieved from /home/airflow/.local/lib/python3.8/site-packages/airflow/example_dags/tutorial.py
[2024-09-04T21:10:35.004+0000] {logging_mixin.py:188} INFO - [2024-09-04T21:10:35.004+0000] {dag.py:3036} INFO - Sync 1 DAGs
[2024-09-04T21:10:35.027+0000] {logging_mixin.py:188} INFO - [2024-09-04T21:10:35.027+0000] {dag.py:3823} INFO - Setting next_dagrun for tutorial to 2024-09-03 00:00:00+00:00, run_after=2024-09-04 00:00:00+00:00
[2024-09-04T21:10:35.049+0000] {processor.py:183} INFO - Processing /home/airflow/.local/lib/python3.8/site-packages/airflow/example_dags/tutorial.py took 0.081 seconds
[2024-09-04T21:11:05.139+0000] {processor.py:161} INFO - Started process (PID=2768) to work on /home/airflow/.local/lib/python3.8/site-packages/airflow/example_dags/tutorial.py
[2024-09-04T21:11:05.140+0000] {processor.py:830} INFO - Processing file /home/airflow/.local/lib/python3.8/site-packages/airflow/example_dags/tutorial.py for tasks to queue
[2024-09-04T21:11:05.142+0000] {logging_mixin.py:188} INFO - [2024-09-04T21:11:05.142+0000] {dagbag.py:538} INFO - Filling up the DagBag from /home/airflow/.local/lib/python3.8/site-packages/airflow/example_dags/tutorial.py
[2024-09-04T21:11:05.148+0000] {processor.py:840} INFO - DAG(s) 'tutorial' retrieved from /home/airflow/.local/lib/python3.8/site-packages/airflow/example_dags/tutorial.py
[2024-09-04T21:11:05.170+0000] {logging_mixin.py:188} INFO - [2024-09-04T21:11:05.170+0000] {dag.py:3036} INFO - Sync 1 DAGs
[2024-09-04T21:11:05.194+0000] {logging_mixin.py:188} INFO - [2024-09-04T21:11:05.193+0000] {dag.py:3823} INFO - Setting next_dagrun for tutorial to 2024-09-03 00:00:00+00:00, run_after=2024-09-04 00:00:00+00:00
[2024-09-04T21:11:05.216+0000] {processor.py:183} INFO - Processing /home/airflow/.local/lib/python3.8/site-packages/airflow/example_dags/tutorial.py took 0.080 seconds
[2024-09-04T21:11:35.445+0000] {processor.py:161} INFO - Started process (PID=2830) to work on /home/airflow/.local/lib/python3.8/site-packages/airflow/example_dags/tutorial.py
[2024-09-04T21:11:35.446+0000] {processor.py:830} INFO - Processing file /home/airflow/.local/lib/python3.8/site-packages/airflow/example_dags/tutorial.py for tasks to queue
[2024-09-04T21:11:35.449+0000] {logging_mixin.py:188} INFO - [2024-09-04T21:11:35.448+0000] {dagbag.py:538} INFO - Filling up the DagBag from /home/airflow/.local/lib/python3.8/site-packages/airflow/example_dags/tutorial.py
[2024-09-04T21:11:35.454+0000] {processor.py:840} INFO - DAG(s) 'tutorial' retrieved from /home/airflow/.local/lib/python3.8/site-packages/airflow/example_dags/tutorial.py
[2024-09-04T21:11:35.475+0000] {logging_mixin.py:188} INFO - [2024-09-04T21:11:35.475+0000] {dag.py:3036} INFO - Sync 1 DAGs
[2024-09-04T21:11:35.499+0000] {logging_mixin.py:188} INFO - [2024-09-04T21:11:35.499+0000] {dag.py:3823} INFO - Setting next_dagrun for tutorial to 2024-09-03 00:00:00+00:00, run_after=2024-09-04 00:00:00+00:00
[2024-09-04T21:11:35.522+0000] {processor.py:183} INFO - Processing /home/airflow/.local/lib/python3.8/site-packages/airflow/example_dags/tutorial.py took 0.081 seconds
[2024-09-04T21:12:05.696+0000] {processor.py:161} INFO - Started process (PID=2886) to work on /home/airflow/.local/lib/python3.8/site-packages/airflow/example_dags/tutorial.py
[2024-09-04T21:12:05.697+0000] {processor.py:830} INFO - Processing file /home/airflow/.local/lib/python3.8/site-packages/airflow/example_dags/tutorial.py for tasks to queue
[2024-09-04T21:12:05.700+0000] {logging_mixin.py:188} INFO - [2024-09-04T21:12:05.700+0000] {dagbag.py:538} INFO - Filling up the DagBag from /home/airflow/.local/lib/python3.8/site-packages/airflow/example_dags/tutorial.py
[2024-09-04T21:12:05.706+0000] {processor.py:840} INFO - DAG(s) 'tutorial' retrieved from /home/airflow/.local/lib/python3.8/site-packages/airflow/example_dags/tutorial.py
[2024-09-04T21:12:05.733+0000] {logging_mixin.py:188} INFO - [2024-09-04T21:12:05.733+0000] {dag.py:3036} INFO - Sync 1 DAGs
[2024-09-04T21:12:05.761+0000] {logging_mixin.py:188} INFO - [2024-09-04T21:12:05.761+0000] {dag.py:3823} INFO - Setting next_dagrun for tutorial to 2024-09-03 00:00:00+00:00, run_after=2024-09-04 00:00:00+00:00
[2024-09-04T21:12:05.784+0000] {processor.py:183} INFO - Processing /home/airflow/.local/lib/python3.8/site-packages/airflow/example_dags/tutorial.py took 0.093 seconds
[2024-09-04T21:12:35.845+0000] {processor.py:161} INFO - Started process (PID=2943) to work on /home/airflow/.local/lib/python3.8/site-packages/airflow/example_dags/tutorial.py
[2024-09-04T21:12:35.846+0000] {processor.py:830} INFO - Processing file /home/airflow/.local/lib/python3.8/site-packages/airflow/example_dags/tutorial.py for tasks to queue
[2024-09-04T21:12:35.849+0000] {logging_mixin.py:188} INFO - [2024-09-04T21:12:35.849+0000] {dagbag.py:538} INFO - Filling up the DagBag from /home/airflow/.local/lib/python3.8/site-packages/airflow/example_dags/tutorial.py
[2024-09-04T21:12:35.854+0000] {processor.py:840} INFO - DAG(s) 'tutorial' retrieved from /home/airflow/.local/lib/python3.8/site-packages/airflow/example_dags/tutorial.py
[2024-09-04T21:12:35.874+0000] {logging_mixin.py:188} INFO - [2024-09-04T21:12:35.874+0000] {dag.py:3036} INFO - Sync 1 DAGs
[2024-09-04T21:12:35.895+0000] {logging_mixin.py:188} INFO - [2024-09-04T21:12:35.895+0000] {dag.py:3823} INFO - Setting next_dagrun for tutorial to 2024-09-03 00:00:00+00:00, run_after=2024-09-04 00:00:00+00:00
[2024-09-04T21:12:35.917+0000] {processor.py:183} INFO - Processing /home/airflow/.local/lib/python3.8/site-packages/airflow/example_dags/tutorial.py took 0.075 seconds
[2024-09-04T21:13:05.955+0000] {processor.py:161} INFO - Started process (PID=2999) to work on /home/airflow/.local/lib/python3.8/site-packages/airflow/example_dags/tutorial.py
[2024-09-04T21:13:05.956+0000] {processor.py:830} INFO - Processing file /home/airflow/.local/lib/python3.8/site-packages/airflow/example_dags/tutorial.py for tasks to queue
[2024-09-04T21:13:05.958+0000] {logging_mixin.py:188} INFO - [2024-09-04T21:13:05.958+0000] {dagbag.py:538} INFO - Filling up the DagBag from /home/airflow/.local/lib/python3.8/site-packages/airflow/example_dags/tutorial.py
[2024-09-04T21:13:05.968+0000] {processor.py:840} INFO - DAG(s) 'tutorial' retrieved from /home/airflow/.local/lib/python3.8/site-packages/airflow/example_dags/tutorial.py
[2024-09-04T21:13:05.991+0000] {logging_mixin.py:188} INFO - [2024-09-04T21:13:05.991+0000] {dag.py:3036} INFO - Sync 1 DAGs
[2024-09-04T21:13:06.015+0000] {logging_mixin.py:188} INFO - [2024-09-04T21:13:06.014+0000] {dag.py:3823} INFO - Setting next_dagrun for tutorial to 2024-09-03 00:00:00+00:00, run_after=2024-09-04 00:00:00+00:00
[2024-09-04T21:13:06.039+0000] {processor.py:183} INFO - Processing /home/airflow/.local/lib/python3.8/site-packages/airflow/example_dags/tutorial.py took 0.089 seconds
[2024-09-04T21:13:36.184+0000] {processor.py:161} INFO - Started process (PID=3054) to work on /home/airflow/.local/lib/python3.8/site-packages/airflow/example_dags/tutorial.py
[2024-09-04T21:13:36.185+0000] {processor.py:830} INFO - Processing file /home/airflow/.local/lib/python3.8/site-packages/airflow/example_dags/tutorial.py for tasks to queue
[2024-09-04T21:13:36.186+0000] {logging_mixin.py:188} INFO - [2024-09-04T21:13:36.186+0000] {dagbag.py:538} INFO - Filling up the DagBag from /home/airflow/.local/lib/python3.8/site-packages/airflow/example_dags/tutorial.py
[2024-09-04T21:13:36.192+0000] {processor.py:840} INFO - DAG(s) 'tutorial' retrieved from /home/airflow/.local/lib/python3.8/site-packages/airflow/example_dags/tutorial.py
[2024-09-04T21:13:36.216+0000] {logging_mixin.py:188} INFO - [2024-09-04T21:13:36.216+0000] {dag.py:3036} INFO - Sync 1 DAGs
[2024-09-04T21:13:36.240+0000] {logging_mixin.py:188} INFO - [2024-09-04T21:13:36.240+0000] {dag.py:3823} INFO - Setting next_dagrun for tutorial to 2024-09-03 00:00:00+00:00, run_after=2024-09-04 00:00:00+00:00
[2024-09-04T21:13:36.264+0000] {processor.py:183} INFO - Processing /home/airflow/.local/lib/python3.8/site-packages/airflow/example_dags/tutorial.py took 0.083 seconds
[2024-09-04T21:14:06.360+0000] {processor.py:161} INFO - Started process (PID=3110) to work on /home/airflow/.local/lib/python3.8/site-packages/airflow/example_dags/tutorial.py
[2024-09-04T21:14:06.361+0000] {processor.py:830} INFO - Processing file /home/airflow/.local/lib/python3.8/site-packages/airflow/example_dags/tutorial.py for tasks to queue
[2024-09-04T21:14:06.363+0000] {logging_mixin.py:188} INFO - [2024-09-04T21:14:06.363+0000] {dagbag.py:538} INFO - Filling up the DagBag from /home/airflow/.local/lib/python3.8/site-packages/airflow/example_dags/tutorial.py
[2024-09-04T21:14:06.369+0000] {processor.py:840} INFO - DAG(s) 'tutorial' retrieved from /home/airflow/.local/lib/python3.8/site-packages/airflow/example_dags/tutorial.py
[2024-09-04T21:14:06.391+0000] {logging_mixin.py:188} INFO - [2024-09-04T21:14:06.390+0000] {dag.py:3036} INFO - Sync 1 DAGs
[2024-09-04T21:14:06.413+0000] {logging_mixin.py:188} INFO - [2024-09-04T21:14:06.413+0000] {dag.py:3823} INFO - Setting next_dagrun for tutorial to 2024-09-03 00:00:00+00:00, run_after=2024-09-04 00:00:00+00:00
[2024-09-04T21:14:06.434+0000] {processor.py:183} INFO - Processing /home/airflow/.local/lib/python3.8/site-packages/airflow/example_dags/tutorial.py took 0.077 seconds
[2024-09-04T21:14:36.972+0000] {processor.py:161} INFO - Started process (PID=3166) to work on /home/airflow/.local/lib/python3.8/site-packages/airflow/example_dags/tutorial.py
[2024-09-04T21:14:36.973+0000] {processor.py:830} INFO - Processing file /home/airflow/.local/lib/python3.8/site-packages/airflow/example_dags/tutorial.py for tasks to queue
[2024-09-04T21:14:36.975+0000] {logging_mixin.py:188} INFO - [2024-09-04T21:14:36.974+0000] {dagbag.py:538} INFO - Filling up the DagBag from /home/airflow/.local/lib/python3.8/site-packages/airflow/example_dags/tutorial.py
[2024-09-04T21:14:36.980+0000] {processor.py:840} INFO - DAG(s) 'tutorial' retrieved from /home/airflow/.local/lib/python3.8/site-packages/airflow/example_dags/tutorial.py
[2024-09-04T21:14:37.001+0000] {logging_mixin.py:188} INFO - [2024-09-04T21:14:37.000+0000] {dag.py:3036} INFO - Sync 1 DAGs
[2024-09-04T21:14:37.022+0000] {logging_mixin.py:188} INFO - [2024-09-04T21:14:37.022+0000] {dag.py:3823} INFO - Setting next_dagrun for tutorial to 2024-09-03 00:00:00+00:00, run_after=2024-09-04 00:00:00+00:00
[2024-09-04T21:14:37.042+0000] {processor.py:183} INFO - Processing /home/airflow/.local/lib/python3.8/site-packages/airflow/example_dags/tutorial.py took 0.074 seconds
[2024-09-04T21:15:07.461+0000] {processor.py:161} INFO - Started process (PID=3222) to work on /home/airflow/.local/lib/python3.8/site-packages/airflow/example_dags/tutorial.py
[2024-09-04T21:15:07.462+0000] {processor.py:830} INFO - Processing file /home/airflow/.local/lib/python3.8/site-packages/airflow/example_dags/tutorial.py for tasks to queue
[2024-09-04T21:15:07.464+0000] {logging_mixin.py:188} INFO - [2024-09-04T21:15:07.464+0000] {dagbag.py:538} INFO - Filling up the DagBag from /home/airflow/.local/lib/python3.8/site-packages/airflow/example_dags/tutorial.py
[2024-09-04T21:15:07.470+0000] {processor.py:840} INFO - DAG(s) 'tutorial' retrieved from /home/airflow/.local/lib/python3.8/site-packages/airflow/example_dags/tutorial.py
[2024-09-04T21:15:07.492+0000] {logging_mixin.py:188} INFO - [2024-09-04T21:15:07.492+0000] {dag.py:3036} INFO - Sync 1 DAGs
[2024-09-04T21:15:07.514+0000] {logging_mixin.py:188} INFO - [2024-09-04T21:15:07.514+0000] {dag.py:3823} INFO - Setting next_dagrun for tutorial to 2024-09-03 00:00:00+00:00, run_after=2024-09-04 00:00:00+00:00
[2024-09-04T21:15:07.536+0000] {processor.py:183} INFO - Processing /home/airflow/.local/lib/python3.8/site-packages/airflow/example_dags/tutorial.py took 0.078 seconds
[2024-09-04T21:15:38.090+0000] {processor.py:161} INFO - Started process (PID=3278) to work on /home/airflow/.local/lib/python3.8/site-packages/airflow/example_dags/tutorial.py
[2024-09-04T21:15:38.090+0000] {processor.py:830} INFO - Processing file /home/airflow/.local/lib/python3.8/site-packages/airflow/example_dags/tutorial.py for tasks to queue
[2024-09-04T21:15:38.092+0000] {logging_mixin.py:188} INFO - [2024-09-04T21:15:38.092+0000] {dagbag.py:538} INFO - Filling up the DagBag from /home/airflow/.local/lib/python3.8/site-packages/airflow/example_dags/tutorial.py
[2024-09-04T21:15:38.098+0000] {processor.py:840} INFO - DAG(s) 'tutorial' retrieved from /home/airflow/.local/lib/python3.8/site-packages/airflow/example_dags/tutorial.py
[2024-09-04T21:15:38.120+0000] {logging_mixin.py:188} INFO - [2024-09-04T21:15:38.119+0000] {dag.py:3036} INFO - Sync 1 DAGs
[2024-09-04T21:15:38.141+0000] {logging_mixin.py:188} INFO - [2024-09-04T21:15:38.141+0000] {dag.py:3823} INFO - Setting next_dagrun for tutorial to 2024-09-03 00:00:00+00:00, run_after=2024-09-04 00:00:00+00:00
[2024-09-04T21:15:38.161+0000] {processor.py:183} INFO - Processing /home/airflow/.local/lib/python3.8/site-packages/airflow/example_dags/tutorial.py took 0.075 seconds
[2024-09-04T21:16:08.753+0000] {processor.py:161} INFO - Started process (PID=3334) to work on /home/airflow/.local/lib/python3.8/site-packages/airflow/example_dags/tutorial.py
[2024-09-04T21:16:08.754+0000] {processor.py:830} INFO - Processing file /home/airflow/.local/lib/python3.8/site-packages/airflow/example_dags/tutorial.py for tasks to queue
[2024-09-04T21:16:08.756+0000] {logging_mixin.py:188} INFO - [2024-09-04T21:16:08.756+0000] {dagbag.py:538} INFO - Filling up the DagBag from /home/airflow/.local/lib/python3.8/site-packages/airflow/example_dags/tutorial.py
[2024-09-04T21:16:08.761+0000] {processor.py:840} INFO - DAG(s) 'tutorial' retrieved from /home/airflow/.local/lib/python3.8/site-packages/airflow/example_dags/tutorial.py
[2024-09-04T21:16:08.782+0000] {logging_mixin.py:188} INFO - [2024-09-04T21:16:08.782+0000] {dag.py:3036} INFO - Sync 1 DAGs
[2024-09-04T21:16:08.803+0000] {logging_mixin.py:188} INFO - [2024-09-04T21:16:08.803+0000] {dag.py:3823} INFO - Setting next_dagrun for tutorial to 2024-09-03 00:00:00+00:00, run_after=2024-09-04 00:00:00+00:00
[2024-09-04T21:16:08.825+0000] {processor.py:183} INFO - Processing /home/airflow/.local/lib/python3.8/site-packages/airflow/example_dags/tutorial.py took 0.075 seconds
[2024-09-04T21:16:39.448+0000] {processor.py:161} INFO - Started process (PID=3390) to work on /home/airflow/.local/lib/python3.8/site-packages/airflow/example_dags/tutorial.py
[2024-09-04T21:16:39.449+0000] {processor.py:830} INFO - Processing file /home/airflow/.local/lib/python3.8/site-packages/airflow/example_dags/tutorial.py for tasks to queue
[2024-09-04T21:16:39.451+0000] {logging_mixin.py:188} INFO - [2024-09-04T21:16:39.451+0000] {dagbag.py:538} INFO - Filling up the DagBag from /home/airflow/.local/lib/python3.8/site-packages/airflow/example_dags/tutorial.py
[2024-09-04T21:16:39.456+0000] {processor.py:840} INFO - DAG(s) 'tutorial' retrieved from /home/airflow/.local/lib/python3.8/site-packages/airflow/example_dags/tutorial.py
[2024-09-04T21:16:39.477+0000] {logging_mixin.py:188} INFO - [2024-09-04T21:16:39.477+0000] {dag.py:3036} INFO - Sync 1 DAGs
[2024-09-04T21:16:39.497+0000] {logging_mixin.py:188} INFO - [2024-09-04T21:16:39.497+0000] {dag.py:3823} INFO - Setting next_dagrun for tutorial to 2024-09-03 00:00:00+00:00, run_after=2024-09-04 00:00:00+00:00
[2024-09-04T21:16:39.518+0000] {processor.py:183} INFO - Processing /home/airflow/.local/lib/python3.8/site-packages/airflow/example_dags/tutorial.py took 0.073 seconds
[2024-09-04T21:17:09.978+0000] {processor.py:161} INFO - Started process (PID=3446) to work on /home/airflow/.local/lib/python3.8/site-packages/airflow/example_dags/tutorial.py
[2024-09-04T21:17:09.979+0000] {processor.py:830} INFO - Processing file /home/airflow/.local/lib/python3.8/site-packages/airflow/example_dags/tutorial.py for tasks to queue
[2024-09-04T21:17:09.981+0000] {logging_mixin.py:188} INFO - [2024-09-04T21:17:09.980+0000] {dagbag.py:538} INFO - Filling up the DagBag from /home/airflow/.local/lib/python3.8/site-packages/airflow/example_dags/tutorial.py
[2024-09-04T21:17:09.986+0000] {processor.py:840} INFO - DAG(s) 'tutorial' retrieved from /home/airflow/.local/lib/python3.8/site-packages/airflow/example_dags/tutorial.py
[2024-09-04T21:17:10.006+0000] {logging_mixin.py:188} INFO - [2024-09-04T21:17:10.005+0000] {dag.py:3036} INFO - Sync 1 DAGs
[2024-09-04T21:17:10.028+0000] {logging_mixin.py:188} INFO - [2024-09-04T21:17:10.027+0000] {dag.py:3823} INFO - Setting next_dagrun for tutorial to 2024-09-03 00:00:00+00:00, run_after=2024-09-04 00:00:00+00:00
[2024-09-04T21:17:10.048+0000] {processor.py:183} INFO - Processing /home/airflow/.local/lib/python3.8/site-packages/airflow/example_dags/tutorial.py took 0.073 seconds
[2024-09-04T21:17:40.796+0000] {processor.py:161} INFO - Started process (PID=3502) to work on /home/airflow/.local/lib/python3.8/site-packages/airflow/example_dags/tutorial.py
[2024-09-04T21:17:40.797+0000] {processor.py:830} INFO - Processing file /home/airflow/.local/lib/python3.8/site-packages/airflow/example_dags/tutorial.py for tasks to queue
[2024-09-04T21:17:40.798+0000] {logging_mixin.py:188} INFO - [2024-09-04T21:17:40.798+0000] {dagbag.py:538} INFO - Filling up the DagBag from /home/airflow/.local/lib/python3.8/site-packages/airflow/example_dags/tutorial.py
[2024-09-04T21:17:40.805+0000] {processor.py:840} INFO - DAG(s) 'tutorial' retrieved from /home/airflow/.local/lib/python3.8/site-packages/airflow/example_dags/tutorial.py
[2024-09-04T21:17:40.826+0000] {logging_mixin.py:188} INFO - [2024-09-04T21:17:40.826+0000] {dag.py:3036} INFO - Sync 1 DAGs
[2024-09-04T21:17:40.848+0000] {logging_mixin.py:188} INFO - [2024-09-04T21:17:40.848+0000] {dag.py:3823} INFO - Setting next_dagrun for tutorial to 2024-09-03 00:00:00+00:00, run_after=2024-09-04 00:00:00+00:00
[2024-09-04T21:17:40.873+0000] {processor.py:183} INFO - Processing /home/airflow/.local/lib/python3.8/site-packages/airflow/example_dags/tutorial.py took 0.080 seconds
[2024-09-04T21:18:11.652+0000] {processor.py:161} INFO - Started process (PID=3558) to work on /home/airflow/.local/lib/python3.8/site-packages/airflow/example_dags/tutorial.py
[2024-09-04T21:18:11.653+0000] {processor.py:830} INFO - Processing file /home/airflow/.local/lib/python3.8/site-packages/airflow/example_dags/tutorial.py for tasks to queue
[2024-09-04T21:18:11.655+0000] {logging_mixin.py:188} INFO - [2024-09-04T21:18:11.654+0000] {dagbag.py:538} INFO - Filling up the DagBag from /home/airflow/.local/lib/python3.8/site-packages/airflow/example_dags/tutorial.py
[2024-09-04T21:18:11.660+0000] {processor.py:840} INFO - DAG(s) 'tutorial' retrieved from /home/airflow/.local/lib/python3.8/site-packages/airflow/example_dags/tutorial.py
[2024-09-04T21:18:11.682+0000] {logging_mixin.py:188} INFO - [2024-09-04T21:18:11.682+0000] {dag.py:3036} INFO - Sync 1 DAGs
[2024-09-04T21:18:11.704+0000] {logging_mixin.py:188} INFO - [2024-09-04T21:18:11.704+0000] {dag.py:3823} INFO - Setting next_dagrun for tutorial to 2024-09-03 00:00:00+00:00, run_after=2024-09-04 00:00:00+00:00
[2024-09-04T21:18:11.726+0000] {processor.py:183} INFO - Processing /home/airflow/.local/lib/python3.8/site-packages/airflow/example_dags/tutorial.py took 0.077 seconds
[2024-09-04T21:18:42.275+0000] {processor.py:161} INFO - Started process (PID=3614) to work on /home/airflow/.local/lib/python3.8/site-packages/airflow/example_dags/tutorial.py
[2024-09-04T21:18:42.276+0000] {processor.py:830} INFO - Processing file /home/airflow/.local/lib/python3.8/site-packages/airflow/example_dags/tutorial.py for tasks to queue
[2024-09-04T21:18:42.278+0000] {logging_mixin.py:188} INFO - [2024-09-04T21:18:42.278+0000] {dagbag.py:538} INFO - Filling up the DagBag from /home/airflow/.local/lib/python3.8/site-packages/airflow/example_dags/tutorial.py
[2024-09-04T21:18:42.284+0000] {processor.py:840} INFO - DAG(s) 'tutorial' retrieved from /home/airflow/.local/lib/python3.8/site-packages/airflow/example_dags/tutorial.py
[2024-09-04T21:18:42.304+0000] {logging_mixin.py:188} INFO - [2024-09-04T21:18:42.304+0000] {dag.py:3036} INFO - Sync 1 DAGs
[2024-09-04T21:18:42.326+0000] {logging_mixin.py:188} INFO - [2024-09-04T21:18:42.326+0000] {dag.py:3823} INFO - Setting next_dagrun for tutorial to 2024-09-03 00:00:00+00:00, run_after=2024-09-04 00:00:00+00:00
[2024-09-04T21:18:42.347+0000] {processor.py:183} INFO - Processing /home/airflow/.local/lib/python3.8/site-packages/airflow/example_dags/tutorial.py took 0.077 seconds
[2024-09-04T21:19:12.716+0000] {processor.py:161} INFO - Started process (PID=3670) to work on /home/airflow/.local/lib/python3.8/site-packages/airflow/example_dags/tutorial.py
[2024-09-04T21:19:12.717+0000] {processor.py:830} INFO - Processing file /home/airflow/.local/lib/python3.8/site-packages/airflow/example_dags/tutorial.py for tasks to queue
[2024-09-04T21:19:12.720+0000] {logging_mixin.py:188} INFO - [2024-09-04T21:19:12.720+0000] {dagbag.py:538} INFO - Filling up the DagBag from /home/airflow/.local/lib/python3.8/site-packages/airflow/example_dags/tutorial.py
[2024-09-04T21:19:12.726+0000] {processor.py:840} INFO - DAG(s) 'tutorial' retrieved from /home/airflow/.local/lib/python3.8/site-packages/airflow/example_dags/tutorial.py
[2024-09-04T21:19:12.751+0000] {logging_mixin.py:188} INFO - [2024-09-04T21:19:12.751+0000] {dag.py:3036} INFO - Sync 1 DAGs
[2024-09-04T21:19:12.775+0000] {logging_mixin.py:188} INFO - [2024-09-04T21:19:12.774+0000] {dag.py:3823} INFO - Setting next_dagrun for tutorial to 2024-09-03 00:00:00+00:00, run_after=2024-09-04 00:00:00+00:00
[2024-09-04T21:19:12.797+0000] {processor.py:183} INFO - Processing /home/airflow/.local/lib/python3.8/site-packages/airflow/example_dags/tutorial.py took 0.085 seconds
[2024-09-04T21:19:43.197+0000] {processor.py:161} INFO - Started process (PID=3726) to work on /home/airflow/.local/lib/python3.8/site-packages/airflow/example_dags/tutorial.py
[2024-09-04T21:19:43.198+0000] {processor.py:830} INFO - Processing file /home/airflow/.local/lib/python3.8/site-packages/airflow/example_dags/tutorial.py for tasks to queue
[2024-09-04T21:19:43.200+0000] {logging_mixin.py:188} INFO - [2024-09-04T21:19:43.200+0000] {dagbag.py:538} INFO - Filling up the DagBag from /home/airflow/.local/lib/python3.8/site-packages/airflow/example_dags/tutorial.py
[2024-09-04T21:19:43.207+0000] {processor.py:840} INFO - DAG(s) 'tutorial' retrieved from /home/airflow/.local/lib/python3.8/site-packages/airflow/example_dags/tutorial.py
[2024-09-04T21:19:43.230+0000] {logging_mixin.py:188} INFO - [2024-09-04T21:19:43.230+0000] {dag.py:3036} INFO - Sync 1 DAGs
[2024-09-04T21:19:43.257+0000] {logging_mixin.py:188} INFO - [2024-09-04T21:19:43.257+0000] {dag.py:3823} INFO - Setting next_dagrun for tutorial to 2024-09-03 00:00:00+00:00, run_after=2024-09-04 00:00:00+00:00
[2024-09-04T21:19:43.281+0000] {processor.py:183} INFO - Processing /home/airflow/.local/lib/python3.8/site-packages/airflow/example_dags/tutorial.py took 0.088 seconds
[2024-09-04T21:20:14.109+0000] {processor.py:161} INFO - Started process (PID=3782) to work on /home/airflow/.local/lib/python3.8/site-packages/airflow/example_dags/tutorial.py
[2024-09-04T21:20:14.110+0000] {processor.py:830} INFO - Processing file /home/airflow/.local/lib/python3.8/site-packages/airflow/example_dags/tutorial.py for tasks to queue
[2024-09-04T21:20:14.111+0000] {logging_mixin.py:188} INFO - [2024-09-04T21:20:14.111+0000] {dagbag.py:538} INFO - Filling up the DagBag from /home/airflow/.local/lib/python3.8/site-packages/airflow/example_dags/tutorial.py
[2024-09-04T21:20:14.117+0000] {processor.py:840} INFO - DAG(s) 'tutorial' retrieved from /home/airflow/.local/lib/python3.8/site-packages/airflow/example_dags/tutorial.py
[2024-09-04T21:20:14.138+0000] {logging_mixin.py:188} INFO - [2024-09-04T21:20:14.138+0000] {dag.py:3036} INFO - Sync 1 DAGs
[2024-09-04T21:20:14.160+0000] {logging_mixin.py:188} INFO - [2024-09-04T21:20:14.160+0000] {dag.py:3823} INFO - Setting next_dagrun for tutorial to 2024-09-03 00:00:00+00:00, run_after=2024-09-04 00:00:00+00:00
[2024-09-04T21:20:14.189+0000] {processor.py:183} INFO - Processing /home/airflow/.local/lib/python3.8/site-packages/airflow/example_dags/tutorial.py took 0.083 seconds
[2024-09-04T21:20:44.261+0000] {processor.py:161} INFO - Started process (PID=3838) to work on /home/airflow/.local/lib/python3.8/site-packages/airflow/example_dags/tutorial.py
[2024-09-04T21:20:44.262+0000] {processor.py:830} INFO - Processing file /home/airflow/.local/lib/python3.8/site-packages/airflow/example_dags/tutorial.py for tasks to queue
[2024-09-04T21:20:44.264+0000] {logging_mixin.py:188} INFO - [2024-09-04T21:20:44.264+0000] {dagbag.py:538} INFO - Filling up the DagBag from /home/airflow/.local/lib/python3.8/site-packages/airflow/example_dags/tutorial.py
[2024-09-04T21:20:44.270+0000] {processor.py:840} INFO - DAG(s) 'tutorial' retrieved from /home/airflow/.local/lib/python3.8/site-packages/airflow/example_dags/tutorial.py
[2024-09-04T21:20:44.293+0000] {logging_mixin.py:188} INFO - [2024-09-04T21:20:44.293+0000] {dag.py:3036} INFO - Sync 1 DAGs
[2024-09-04T21:20:44.314+0000] {logging_mixin.py:188} INFO - [2024-09-04T21:20:44.314+0000] {dag.py:3823} INFO - Setting next_dagrun for tutorial to 2024-09-03 00:00:00+00:00, run_after=2024-09-04 00:00:00+00:00
[2024-09-04T21:20:44.337+0000] {processor.py:183} INFO - Processing /home/airflow/.local/lib/python3.8/site-packages/airflow/example_dags/tutorial.py took 0.080 seconds
[2024-09-04T21:24:19.925+0000] {processor.py:161} INFO - Started process (PID=80) to work on /home/airflow/.local/lib/python3.8/site-packages/airflow/example_dags/tutorial.py
[2024-09-04T21:24:19.926+0000] {processor.py:830} INFO - Processing file /home/airflow/.local/lib/python3.8/site-packages/airflow/example_dags/tutorial.py for tasks to queue
[2024-09-04T21:24:19.927+0000] {logging_mixin.py:188} INFO - [2024-09-04T21:24:19.927+0000] {dagbag.py:538} INFO - Filling up the DagBag from /home/airflow/.local/lib/python3.8/site-packages/airflow/example_dags/tutorial.py
[2024-09-04T21:24:19.939+0000] {processor.py:840} INFO - DAG(s) 'tutorial' retrieved from /home/airflow/.local/lib/python3.8/site-packages/airflow/example_dags/tutorial.py
[2024-09-04T21:24:20.294+0000] {logging_mixin.py:188} INFO - [2024-09-04T21:24:20.294+0000] {dag.py:3036} INFO - Sync 1 DAGs
[2024-09-04T21:24:20.334+0000] {logging_mixin.py:188} INFO - [2024-09-04T21:24:20.334+0000] {dag.py:3823} INFO - Setting next_dagrun for tutorial to 2024-09-03 00:00:00+00:00, run_after=2024-09-04 00:00:00+00:00
[2024-09-04T21:24:20.372+0000] {processor.py:183} INFO - Processing /home/airflow/.local/lib/python3.8/site-packages/airflow/example_dags/tutorial.py took 0.452 seconds
[2024-09-04T21:24:50.662+0000] {processor.py:161} INFO - Started process (PID=136) to work on /home/airflow/.local/lib/python3.8/site-packages/airflow/example_dags/tutorial.py
[2024-09-04T21:24:50.663+0000] {processor.py:830} INFO - Processing file /home/airflow/.local/lib/python3.8/site-packages/airflow/example_dags/tutorial.py for tasks to queue
[2024-09-04T21:24:50.664+0000] {logging_mixin.py:188} INFO - [2024-09-04T21:24:50.664+0000] {dagbag.py:538} INFO - Filling up the DagBag from /home/airflow/.local/lib/python3.8/site-packages/airflow/example_dags/tutorial.py
[2024-09-04T21:24:50.673+0000] {processor.py:840} INFO - DAG(s) 'tutorial' retrieved from /home/airflow/.local/lib/python3.8/site-packages/airflow/example_dags/tutorial.py
[2024-09-04T21:24:50.696+0000] {logging_mixin.py:188} INFO - [2024-09-04T21:24:50.695+0000] {dag.py:3036} INFO - Sync 1 DAGs
[2024-09-04T21:24:50.723+0000] {logging_mixin.py:188} INFO - [2024-09-04T21:24:50.723+0000] {dag.py:3823} INFO - Setting next_dagrun for tutorial to 2024-09-03 00:00:00+00:00, run_after=2024-09-04 00:00:00+00:00
[2024-09-04T21:24:50.745+0000] {processor.py:183} INFO - Processing /home/airflow/.local/lib/python3.8/site-packages/airflow/example_dags/tutorial.py took 0.087 seconds
[2024-09-04T21:25:22.869+0000] {processor.py:161} INFO - Started process (PID=192) to work on /home/airflow/.local/lib/python3.8/site-packages/airflow/example_dags/tutorial.py
[2024-09-04T21:25:22.871+0000] {processor.py:830} INFO - Processing file /home/airflow/.local/lib/python3.8/site-packages/airflow/example_dags/tutorial.py for tasks to queue
[2024-09-04T21:25:22.872+0000] {logging_mixin.py:188} INFO - [2024-09-04T21:25:22.872+0000] {dagbag.py:538} INFO - Filling up the DagBag from /home/airflow/.local/lib/python3.8/site-packages/airflow/example_dags/tutorial.py
[2024-09-04T21:25:22.889+0000] {processor.py:840} INFO - DAG(s) 'tutorial' retrieved from /home/airflow/.local/lib/python3.8/site-packages/airflow/example_dags/tutorial.py
[2024-09-04T21:25:22.933+0000] {logging_mixin.py:188} INFO - [2024-09-04T21:25:22.932+0000] {dag.py:3036} INFO - Sync 1 DAGs
[2024-09-04T21:25:22.989+0000] {logging_mixin.py:188} INFO - [2024-09-04T21:25:22.988+0000] {dag.py:3823} INFO - Setting next_dagrun for tutorial to 2024-09-03 00:00:00+00:00, run_after=2024-09-04 00:00:00+00:00
[2024-09-04T21:25:23.061+0000] {processor.py:183} INFO - Processing /home/airflow/.local/lib/python3.8/site-packages/airflow/example_dags/tutorial.py took 0.198 seconds
[2024-09-04T21:27:21.242+0000] {processor.py:161} INFO - Started process (PID=79) to work on /home/airflow/.local/lib/python3.8/site-packages/airflow/example_dags/tutorial.py
[2024-09-04T21:27:21.243+0000] {processor.py:830} INFO - Processing file /home/airflow/.local/lib/python3.8/site-packages/airflow/example_dags/tutorial.py for tasks to queue
[2024-09-04T21:27:21.245+0000] {logging_mixin.py:188} INFO - [2024-09-04T21:27:21.244+0000] {dagbag.py:538} INFO - Filling up the DagBag from /home/airflow/.local/lib/python3.8/site-packages/airflow/example_dags/tutorial.py
[2024-09-04T21:27:21.255+0000] {processor.py:840} INFO - DAG(s) 'tutorial' retrieved from /home/airflow/.local/lib/python3.8/site-packages/airflow/example_dags/tutorial.py
[2024-09-04T21:27:21.481+0000] {logging_mixin.py:188} INFO - [2024-09-04T21:27:21.480+0000] {dag.py:3036} INFO - Sync 1 DAGs
[2024-09-04T21:27:21.521+0000] {logging_mixin.py:188} INFO - [2024-09-04T21:27:21.520+0000] {dag.py:3823} INFO - Setting next_dagrun for tutorial to 2024-09-03 00:00:00+00:00, run_after=2024-09-04 00:00:00+00:00
[2024-09-04T21:27:21.560+0000] {processor.py:183} INFO - Processing /home/airflow/.local/lib/python3.8/site-packages/airflow/example_dags/tutorial.py took 0.324 seconds
[2024-09-04T21:27:51.836+0000] {processor.py:161} INFO - Started process (PID=135) to work on /home/airflow/.local/lib/python3.8/site-packages/airflow/example_dags/tutorial.py
[2024-09-04T21:27:51.838+0000] {processor.py:830} INFO - Processing file /home/airflow/.local/lib/python3.8/site-packages/airflow/example_dags/tutorial.py for tasks to queue
[2024-09-04T21:27:51.843+0000] {logging_mixin.py:188} INFO - [2024-09-04T21:27:51.842+0000] {dagbag.py:538} INFO - Filling up the DagBag from /home/airflow/.local/lib/python3.8/site-packages/airflow/example_dags/tutorial.py
[2024-09-04T21:27:51.876+0000] {processor.py:840} INFO - DAG(s) 'tutorial' retrieved from /home/airflow/.local/lib/python3.8/site-packages/airflow/example_dags/tutorial.py
[2024-09-04T21:27:52.075+0000] {logging_mixin.py:188} INFO - [2024-09-04T21:27:52.075+0000] {dag.py:3036} INFO - Sync 1 DAGs
[2024-09-04T21:27:52.234+0000] {logging_mixin.py:188} INFO - [2024-09-04T21:27:52.234+0000] {dag.py:3823} INFO - Setting next_dagrun for tutorial to 2024-09-03 00:00:00+00:00, run_after=2024-09-04 00:00:00+00:00
[2024-09-04T21:27:52.343+0000] {processor.py:183} INFO - Processing /home/airflow/.local/lib/python3.8/site-packages/airflow/example_dags/tutorial.py took 0.525 seconds
[2024-09-04T21:28:22.696+0000] {processor.py:161} INFO - Started process (PID=191) to work on /home/airflow/.local/lib/python3.8/site-packages/airflow/example_dags/tutorial.py
[2024-09-04T21:28:22.697+0000] {processor.py:830} INFO - Processing file /home/airflow/.local/lib/python3.8/site-packages/airflow/example_dags/tutorial.py for tasks to queue
[2024-09-04T21:28:22.698+0000] {logging_mixin.py:188} INFO - [2024-09-04T21:28:22.698+0000] {dagbag.py:538} INFO - Filling up the DagBag from /home/airflow/.local/lib/python3.8/site-packages/airflow/example_dags/tutorial.py
[2024-09-04T21:28:22.705+0000] {processor.py:840} INFO - DAG(s) 'tutorial' retrieved from /home/airflow/.local/lib/python3.8/site-packages/airflow/example_dags/tutorial.py
[2024-09-04T21:28:22.729+0000] {logging_mixin.py:188} INFO - [2024-09-04T21:28:22.729+0000] {dag.py:3036} INFO - Sync 1 DAGs
[2024-09-04T21:28:22.759+0000] {logging_mixin.py:188} INFO - [2024-09-04T21:28:22.759+0000] {dag.py:3823} INFO - Setting next_dagrun for tutorial to 2024-09-03 00:00:00+00:00, run_after=2024-09-04 00:00:00+00:00
[2024-09-04T21:28:22.788+0000] {processor.py:183} INFO - Processing /home/airflow/.local/lib/python3.8/site-packages/airflow/example_dags/tutorial.py took 0.095 seconds
[2024-09-04T21:28:53.184+0000] {processor.py:161} INFO - Started process (PID=247) to work on /home/airflow/.local/lib/python3.8/site-packages/airflow/example_dags/tutorial.py
[2024-09-04T21:28:53.185+0000] {processor.py:830} INFO - Processing file /home/airflow/.local/lib/python3.8/site-packages/airflow/example_dags/tutorial.py for tasks to queue
[2024-09-04T21:28:53.186+0000] {logging_mixin.py:188} INFO - [2024-09-04T21:28:53.186+0000] {dagbag.py:538} INFO - Filling up the DagBag from /home/airflow/.local/lib/python3.8/site-packages/airflow/example_dags/tutorial.py
[2024-09-04T21:28:53.194+0000] {processor.py:840} INFO - DAG(s) 'tutorial' retrieved from /home/airflow/.local/lib/python3.8/site-packages/airflow/example_dags/tutorial.py
[2024-09-04T21:28:53.222+0000] {logging_mixin.py:188} INFO - [2024-09-04T21:28:53.222+0000] {dag.py:3036} INFO - Sync 1 DAGs
[2024-09-04T21:28:53.251+0000] {logging_mixin.py:188} INFO - [2024-09-04T21:28:53.251+0000] {dag.py:3823} INFO - Setting next_dagrun for tutorial to 2024-09-03 00:00:00+00:00, run_after=2024-09-04 00:00:00+00:00
[2024-09-04T21:28:53.279+0000] {processor.py:183} INFO - Processing /home/airflow/.local/lib/python3.8/site-packages/airflow/example_dags/tutorial.py took 0.099 seconds
